[2024-11-07T09:17:46.289+0000] {taskinstance.py:1159} INFO - Dependencies all met for dep_context=non-requeueable deps ti=<TaskInstance: my_dag.is_accurate scheduled__2024-11-06T00:00:00+00:00 [queued]>
[2024-11-07T09:17:46.309+0000] {taskinstance.py:1159} INFO - Dependencies all met for dep_context=requeueable deps ti=<TaskInstance: my_dag.is_accurate scheduled__2024-11-06T00:00:00+00:00 [queued]>
[2024-11-07T09:17:46.310+0000] {taskinstance.py:1361} INFO - Starting attempt 1 of 1
[2024-11-07T09:17:46.323+0000] {taskinstance.py:1382} INFO - Executing <Task(BashOperator): is_accurate> on 2024-11-06 00:00:00+00:00
[2024-11-07T09:17:46.390+0000] {standard_task_runner.py:57} INFO - Started process 103 to run task
[2024-11-07T09:17:46.390+0000] {standard_task_runner.py:84} INFO - Running: ['***', 'tasks', 'run', 'my_dag', 'is_accurate', 'scheduled__2024-11-06T00:00:00+00:00', '--job-id', '5', '--raw', '--subdir', 'DAGS_FOLDER/my_dag.py', '--cfg-path', '/tmp/tmpjit13umw']
[2024-11-07T09:17:46.396+0000] {standard_task_runner.py:85} INFO - Job 5: Subtask is_accurate
[2024-11-07T09:17:46.453+0000] {task_command.py:416} INFO - Running <TaskInstance: my_dag.is_accurate scheduled__2024-11-06T00:00:00+00:00 [running]> on host 4ab10cb9c868
[2024-11-07T09:17:46.540+0000] {taskinstance.py:1662} INFO - Exporting env vars: AIRFLOW_CTX_DAG_OWNER='***' AIRFLOW_CTX_DAG_ID='my_dag' AIRFLOW_CTX_TASK_ID='is_accurate' AIRFLOW_CTX_EXECUTION_DATE='2024-11-06T00:00:00+00:00' AIRFLOW_CTX_TRY_NUMBER='1' AIRFLOW_CTX_DAG_RUN_ID='scheduled__2024-11-06T00:00:00+00:00'
[2024-11-07T09:17:46.543+0000] {subprocess.py:63} INFO - Tmp dir root location: /tmp
[2024-11-07T09:17:46.544+0000] {subprocess.py:75} INFO - Running command: ['/bin/bash', '-c', "echo 'accurate'"]
[2024-11-07T09:17:46.557+0000] {subprocess.py:86} INFO - Output:
[2024-11-07T09:17:46.559+0000] {subprocess.py:93} INFO - accurate
[2024-11-07T09:17:46.560+0000] {subprocess.py:97} INFO - Command exited with return code 0
[2024-11-07T09:17:46.585+0000] {taskinstance.py:1400} INFO - Marking task as SUCCESS. dag_id=my_dag, task_id=is_accurate, execution_date=20241106T000000, start_date=20241107T091746, end_date=20241107T091746
[2024-11-07T09:17:46.620+0000] {local_task_job_runner.py:228} INFO - Task exited with return code 0
[2024-11-07T09:17:46.637+0000] {taskinstance.py:2778} INFO - 0 downstream tasks scheduled from follow-on schedule check
[2024-11-07T09:32:22.527+0000] {taskinstance.py:1159} INFO - Dependencies all met for dep_context=non-requeueable deps ti=<TaskInstance: my_dag.is_accurate scheduled__2024-11-06T00:00:00+00:00 [queued]>
[2024-11-07T09:32:22.533+0000] {taskinstance.py:1159} INFO - Dependencies all met for dep_context=requeueable deps ti=<TaskInstance: my_dag.is_accurate scheduled__2024-11-06T00:00:00+00:00 [queued]>
[2024-11-07T09:32:22.533+0000] {taskinstance.py:1361} INFO - Starting attempt 1 of 1
[2024-11-07T09:32:22.542+0000] {taskinstance.py:1382} INFO - Executing <Task(BashOperator): is_accurate> on 2024-11-06 00:00:00+00:00
[2024-11-07T09:32:22.547+0000] {standard_task_runner.py:57} INFO - Started process 85 to run task
[2024-11-07T09:32:22.553+0000] {standard_task_runner.py:84} INFO - Running: ['***', 'tasks', 'run', 'my_dag', 'is_accurate', 'scheduled__2024-11-06T00:00:00+00:00', '--job-id', '4', '--raw', '--subdir', 'DAGS_FOLDER/my_dag.py', '--cfg-path', '/tmp/tmp456bl81m']
[2024-11-07T09:32:22.559+0000] {standard_task_runner.py:85} INFO - Job 4: Subtask is_accurate
[2024-11-07T09:32:22.602+0000] {task_command.py:416} INFO - Running <TaskInstance: my_dag.is_accurate scheduled__2024-11-06T00:00:00+00:00 [running]> on host 4349ad77df92
[2024-11-07T09:32:22.654+0000] {taskinstance.py:1662} INFO - Exporting env vars: AIRFLOW_CTX_DAG_OWNER='***' AIRFLOW_CTX_DAG_ID='my_dag' AIRFLOW_CTX_TASK_ID='is_accurate' AIRFLOW_CTX_EXECUTION_DATE='2024-11-06T00:00:00+00:00' AIRFLOW_CTX_TRY_NUMBER='1' AIRFLOW_CTX_DAG_RUN_ID='scheduled__2024-11-06T00:00:00+00:00'
[2024-11-07T09:32:22.656+0000] {subprocess.py:63} INFO - Tmp dir root location: /tmp
[2024-11-07T09:32:22.657+0000] {subprocess.py:75} INFO - Running command: ['/bin/bash', '-c', "echo 'accurate'"]
[2024-11-07T09:32:22.665+0000] {subprocess.py:86} INFO - Output:
[2024-11-07T09:32:22.667+0000] {subprocess.py:93} INFO - accurate
[2024-11-07T09:32:22.668+0000] {subprocess.py:97} INFO - Command exited with return code 0
[2024-11-07T09:32:22.688+0000] {taskinstance.py:1400} INFO - Marking task as SUCCESS. dag_id=my_dag, task_id=is_accurate, execution_date=20241106T000000, start_date=20241107T093222, end_date=20241107T093222
[2024-11-07T09:32:22.738+0000] {local_task_job_runner.py:228} INFO - Task exited with return code 0
[2024-11-07T09:32:22.752+0000] {taskinstance.py:2778} INFO - 0 downstream tasks scheduled from follow-on schedule check
