[2024-11-07T09:17:46.301+0000] {taskinstance.py:1159} INFO - Dependencies all met for dep_context=non-requeueable deps ti=<TaskInstance: my_dag.training_model_C scheduled__2024-11-06T00:00:00+00:00 [queued]>
[2024-11-07T09:17:46.316+0000] {taskinstance.py:1159} INFO - Dependencies all met for dep_context=requeueable deps ti=<TaskInstance: my_dag.training_model_C scheduled__2024-11-06T00:00:00+00:00 [queued]>
[2024-11-07T09:17:46.316+0000] {taskinstance.py:1361} INFO - Starting attempt 1 of 1
[2024-11-07T09:17:46.336+0000] {taskinstance.py:1382} INFO - Executing <Task(PythonOperator): training_model_C> on 2024-11-06 00:00:00+00:00
[2024-11-07T09:17:46.343+0000] {standard_task_runner.py:57} INFO - Started process 102 to run task
[2024-11-07T09:17:46.369+0000] {standard_task_runner.py:84} INFO - Running: ['***', 'tasks', 'run', 'my_dag', 'training_model_C', 'scheduled__2024-11-06T00:00:00+00:00', '--job-id', '7', '--raw', '--subdir', 'DAGS_FOLDER/my_dag.py', '--cfg-path', '/tmp/tmp7xazcj4y']
[2024-11-07T09:17:46.374+0000] {standard_task_runner.py:85} INFO - Job 7: Subtask training_model_C
[2024-11-07T09:17:46.446+0000] {task_command.py:416} INFO - Running <TaskInstance: my_dag.training_model_C scheduled__2024-11-06T00:00:00+00:00 [running]> on host 4ab10cb9c868
[2024-11-07T09:17:46.535+0000] {taskinstance.py:1662} INFO - Exporting env vars: AIRFLOW_CTX_DAG_OWNER='***' AIRFLOW_CTX_DAG_ID='my_dag' AIRFLOW_CTX_TASK_ID='training_model_C' AIRFLOW_CTX_EXECUTION_DATE='2024-11-06T00:00:00+00:00' AIRFLOW_CTX_TRY_NUMBER='1' AIRFLOW_CTX_DAG_RUN_ID='scheduled__2024-11-06T00:00:00+00:00'
[2024-11-07T09:17:46.537+0000] {logging_mixin.py:154} INFO - C
[2024-11-07T09:17:46.537+0000] {python.py:194} INFO - Done. Returned value was: 5
[2024-11-07T09:17:46.565+0000] {taskinstance.py:1400} INFO - Marking task as SUCCESS. dag_id=my_dag, task_id=training_model_C, execution_date=20241106T000000, start_date=20241107T091746, end_date=20241107T091746
[2024-11-07T09:17:46.621+0000] {local_task_job_runner.py:228} INFO - Task exited with return code 0
[2024-11-07T09:17:46.632+0000] {taskinstance.py:2778} INFO - 0 downstream tasks scheduled from follow-on schedule check
[2024-11-07T09:32:22.525+0000] {taskinstance.py:1159} INFO - Dependencies all met for dep_context=non-requeueable deps ti=<TaskInstance: my_dag.training_model_C scheduled__2024-11-06T00:00:00+00:00 [queued]>
[2024-11-07T09:32:22.529+0000] {taskinstance.py:1159} INFO - Dependencies all met for dep_context=requeueable deps ti=<TaskInstance: my_dag.training_model_C scheduled__2024-11-06T00:00:00+00:00 [queued]>
[2024-11-07T09:32:22.529+0000] {taskinstance.py:1361} INFO - Starting attempt 1 of 1
[2024-11-07T09:32:22.538+0000] {taskinstance.py:1382} INFO - Executing <Task(PythonOperator): training_model_C> on 2024-11-06 00:00:00+00:00
[2024-11-07T09:32:22.542+0000] {standard_task_runner.py:57} INFO - Started process 83 to run task
[2024-11-07T09:32:22.546+0000] {standard_task_runner.py:84} INFO - Running: ['***', 'tasks', 'run', 'my_dag', 'training_model_C', 'scheduled__2024-11-06T00:00:00+00:00', '--job-id', '3', '--raw', '--subdir', 'DAGS_FOLDER/my_dag.py', '--cfg-path', '/tmp/tmp9lz9xd5u']
[2024-11-07T09:32:22.561+0000] {standard_task_runner.py:85} INFO - Job 3: Subtask training_model_C
[2024-11-07T09:32:22.606+0000] {task_command.py:416} INFO - Running <TaskInstance: my_dag.training_model_C scheduled__2024-11-06T00:00:00+00:00 [running]> on host 4349ad77df92
[2024-11-07T09:32:22.661+0000] {taskinstance.py:1662} INFO - Exporting env vars: AIRFLOW_CTX_DAG_OWNER='***' AIRFLOW_CTX_DAG_ID='my_dag' AIRFLOW_CTX_TASK_ID='training_model_C' AIRFLOW_CTX_EXECUTION_DATE='2024-11-06T00:00:00+00:00' AIRFLOW_CTX_TRY_NUMBER='1' AIRFLOW_CTX_DAG_RUN_ID='scheduled__2024-11-06T00:00:00+00:00'
[2024-11-07T09:32:22.663+0000] {logging_mixin.py:154} INFO - C
[2024-11-07T09:32:22.663+0000] {python.py:194} INFO - Done. Returned value was: 1
[2024-11-07T09:32:22.682+0000] {taskinstance.py:1400} INFO - Marking task as SUCCESS. dag_id=my_dag, task_id=training_model_C, execution_date=20241106T000000, start_date=20241107T093222, end_date=20241107T093222
[2024-11-07T09:32:22.726+0000] {local_task_job_runner.py:228} INFO - Task exited with return code 0
[2024-11-07T09:32:22.735+0000] {taskinstance.py:2778} INFO - 0 downstream tasks scheduled from follow-on schedule check
