[2024-11-07T09:17:46.289+0000] {taskinstance.py:1159} INFO - Dependencies all met for dep_context=non-requeueable deps ti=<TaskInstance: my_dag.training_model_A scheduled__2024-11-06T00:00:00+00:00 [queued]>
[2024-11-07T09:17:46.309+0000] {taskinstance.py:1159} INFO - Dependencies all met for dep_context=requeueable deps ti=<TaskInstance: my_dag.training_model_A scheduled__2024-11-06T00:00:00+00:00 [queued]>
[2024-11-07T09:17:46.309+0000] {taskinstance.py:1361} INFO - Starting attempt 1 of 1
[2024-11-07T09:17:46.320+0000] {taskinstance.py:1382} INFO - Executing <Task(PythonOperator): training_model_A> on 2024-11-06 00:00:00+00:00
[2024-11-07T09:17:46.328+0000] {standard_task_runner.py:57} INFO - Started process 101 to run task
[2024-11-07T09:17:46.332+0000] {standard_task_runner.py:84} INFO - Running: ['***', 'tasks', 'run', 'my_dag', 'training_model_A', 'scheduled__2024-11-06T00:00:00+00:00', '--job-id', '4', '--raw', '--subdir', 'DAGS_FOLDER/my_dag.py', '--cfg-path', '/tmp/tmpq_uf063s']
[2024-11-07T09:17:46.337+0000] {standard_task_runner.py:85} INFO - Job 4: Subtask training_model_A
[2024-11-07T09:17:46.417+0000] {task_command.py:416} INFO - Running <TaskInstance: my_dag.training_model_A scheduled__2024-11-06T00:00:00+00:00 [running]> on host 4ab10cb9c868
[2024-11-07T09:17:46.502+0000] {taskinstance.py:1662} INFO - Exporting env vars: AIRFLOW_CTX_DAG_OWNER='***' AIRFLOW_CTX_DAG_ID='my_dag' AIRFLOW_CTX_TASK_ID='training_model_A' AIRFLOW_CTX_EXECUTION_DATE='2024-11-06T00:00:00+00:00' AIRFLOW_CTX_TRY_NUMBER='1' AIRFLOW_CTX_DAG_RUN_ID='scheduled__2024-11-06T00:00:00+00:00'
[2024-11-07T09:17:46.508+0000] {logging_mixin.py:154} INFO - A
[2024-11-07T09:17:46.509+0000] {python.py:194} INFO - Done. Returned value was: 3
[2024-11-07T09:17:46.535+0000] {taskinstance.py:1400} INFO - Marking task as SUCCESS. dag_id=my_dag, task_id=training_model_A, execution_date=20241106T000000, start_date=20241107T091746, end_date=20241107T091746
[2024-11-07T09:17:46.561+0000] {local_task_job_runner.py:228} INFO - Task exited with return code 0
[2024-11-07T09:17:46.593+0000] {taskinstance.py:2778} INFO - 1 downstream tasks scheduled from follow-on schedule check
[2024-11-07T09:32:22.529+0000] {taskinstance.py:1159} INFO - Dependencies all met for dep_context=non-requeueable deps ti=<TaskInstance: my_dag.training_model_A scheduled__2024-11-06T00:00:00+00:00 [queued]>
[2024-11-07T09:32:22.535+0000] {taskinstance.py:1159} INFO - Dependencies all met for dep_context=requeueable deps ti=<TaskInstance: my_dag.training_model_A scheduled__2024-11-06T00:00:00+00:00 [queued]>
[2024-11-07T09:32:22.536+0000] {taskinstance.py:1361} INFO - Starting attempt 1 of 1
[2024-11-07T09:32:22.545+0000] {taskinstance.py:1382} INFO - Executing <Task(PythonOperator): training_model_A> on 2024-11-06 00:00:00+00:00
[2024-11-07T09:32:22.555+0000] {standard_task_runner.py:57} INFO - Started process 87 to run task
[2024-11-07T09:32:22.559+0000] {standard_task_runner.py:84} INFO - Running: ['***', 'tasks', 'run', 'my_dag', 'training_model_A', 'scheduled__2024-11-06T00:00:00+00:00', '--job-id', '6', '--raw', '--subdir', 'DAGS_FOLDER/my_dag.py', '--cfg-path', '/tmp/tmpnp7n63_e']
[2024-11-07T09:32:22.561+0000] {standard_task_runner.py:85} INFO - Job 6: Subtask training_model_A
[2024-11-07T09:32:22.611+0000] {task_command.py:416} INFO - Running <TaskInstance: my_dag.training_model_A scheduled__2024-11-06T00:00:00+00:00 [running]> on host 4349ad77df92
[2024-11-07T09:32:22.663+0000] {taskinstance.py:1662} INFO - Exporting env vars: AIRFLOW_CTX_DAG_OWNER='***' AIRFLOW_CTX_DAG_ID='my_dag' AIRFLOW_CTX_TASK_ID='training_model_A' AIRFLOW_CTX_EXECUTION_DATE='2024-11-06T00:00:00+00:00' AIRFLOW_CTX_TRY_NUMBER='1' AIRFLOW_CTX_DAG_RUN_ID='scheduled__2024-11-06T00:00:00+00:00'
[2024-11-07T09:32:22.665+0000] {logging_mixin.py:154} INFO - A
[2024-11-07T09:32:22.665+0000] {python.py:194} INFO - Done. Returned value was: 3
[2024-11-07T09:32:22.682+0000] {taskinstance.py:1400} INFO - Marking task as SUCCESS. dag_id=my_dag, task_id=training_model_A, execution_date=20241106T000000, start_date=20241107T093222, end_date=20241107T093222
[2024-11-07T09:32:22.695+0000] {local_task_job_runner.py:228} INFO - Task exited with return code 0
[2024-11-07T09:32:22.711+0000] {taskinstance.py:2778} INFO - 0 downstream tasks scheduled from follow-on schedule check
