[2024-11-07T09:17:47.752+0000] {taskinstance.py:1159} INFO - Dependencies all met for dep_context=non-requeueable deps ti=<TaskInstance: my_dag.choose_best_model scheduled__2024-11-06T00:00:00+00:00 [queued]>
[2024-11-07T09:17:47.755+0000] {taskinstance.py:1159} INFO - Dependencies all met for dep_context=requeueable deps ti=<TaskInstance: my_dag.choose_best_model scheduled__2024-11-06T00:00:00+00:00 [queued]>
[2024-11-07T09:17:47.755+0000] {taskinstance.py:1361} INFO - Starting attempt 1 of 1
[2024-11-07T09:17:47.759+0000] {taskinstance.py:1382} INFO - Executing <Task(BranchPythonOperator): choose_best_model> on 2024-11-06 00:00:00+00:00
[2024-11-07T09:17:47.761+0000] {standard_task_runner.py:57} INFO - Started process 108 to run task
[2024-11-07T09:17:47.763+0000] {standard_task_runner.py:84} INFO - Running: ['***', 'tasks', 'run', 'my_dag', 'choose_best_model', 'scheduled__2024-11-06T00:00:00+00:00', '--job-id', '8', '--raw', '--subdir', 'DAGS_FOLDER/my_dag.py', '--cfg-path', '/tmp/tmpzhqahvu2']
[2024-11-07T09:17:47.765+0000] {standard_task_runner.py:85} INFO - Job 8: Subtask choose_best_model
[2024-11-07T09:17:47.785+0000] {task_command.py:416} INFO - Running <TaskInstance: my_dag.choose_best_model scheduled__2024-11-06T00:00:00+00:00 [running]> on host 4ab10cb9c868
[2024-11-07T09:17:47.811+0000] {taskinstance.py:1662} INFO - Exporting env vars: AIRFLOW_CTX_DAG_OWNER='***' AIRFLOW_CTX_DAG_ID='my_dag' AIRFLOW_CTX_TASK_ID='choose_best_model' AIRFLOW_CTX_EXECUTION_DATE='2024-11-06T00:00:00+00:00' AIRFLOW_CTX_TRY_NUMBER='1' AIRFLOW_CTX_DAG_RUN_ID='scheduled__2024-11-06T00:00:00+00:00'
[2024-11-07T09:17:47.832+0000] {python.py:194} INFO - Done. Returned value was: is_inaccurate
[2024-11-07T09:17:47.832+0000] {python.py:227} INFO - Branch callable return is_inaccurate
[2024-11-07T09:17:47.833+0000] {skipmixin.py:173} INFO - Following branch is_inaccurate
[2024-11-07T09:17:47.856+0000] {taskinstance.py:1400} INFO - Marking task as SUCCESS. dag_id=my_dag, task_id=choose_best_model, execution_date=20241106T000000, start_date=20241107T091747, end_date=20241107T091747
[2024-11-07T09:17:47.864+0000] {local_task_job_runner.py:228} INFO - Task exited with return code 0
[2024-11-07T09:17:47.871+0000] {taskinstance.py:2778} INFO - 0 downstream tasks scheduled from follow-on schedule check
[2024-11-07T09:32:23.823+0000] {taskinstance.py:1159} INFO - Dependencies all met for dep_context=non-requeueable deps ti=<TaskInstance: my_dag.choose_best_model scheduled__2024-11-06T00:00:00+00:00 [queued]>
[2024-11-07T09:32:23.826+0000] {taskinstance.py:1159} INFO - Dependencies all met for dep_context=requeueable deps ti=<TaskInstance: my_dag.choose_best_model scheduled__2024-11-06T00:00:00+00:00 [queued]>
[2024-11-07T09:32:23.826+0000] {taskinstance.py:1361} INFO - Starting attempt 1 of 1
[2024-11-07T09:32:23.830+0000] {taskinstance.py:1382} INFO - Executing <Task(BranchPythonOperator): choose_best_model> on 2024-11-06 00:00:00+00:00
[2024-11-07T09:32:23.832+0000] {standard_task_runner.py:57} INFO - Started process 92 to run task
[2024-11-07T09:32:23.834+0000] {standard_task_runner.py:84} INFO - Running: ['***', 'tasks', 'run', 'my_dag', 'choose_best_model', 'scheduled__2024-11-06T00:00:00+00:00', '--job-id', '8', '--raw', '--subdir', 'DAGS_FOLDER/my_dag.py', '--cfg-path', '/tmp/tmpof26hi5_']
[2024-11-07T09:32:23.836+0000] {standard_task_runner.py:85} INFO - Job 8: Subtask choose_best_model
[2024-11-07T09:32:23.856+0000] {task_command.py:416} INFO - Running <TaskInstance: my_dag.choose_best_model scheduled__2024-11-06T00:00:00+00:00 [running]> on host 4349ad77df92
[2024-11-07T09:32:23.882+0000] {taskinstance.py:1662} INFO - Exporting env vars: AIRFLOW_CTX_DAG_OWNER='***' AIRFLOW_CTX_DAG_ID='my_dag' AIRFLOW_CTX_TASK_ID='choose_best_model' AIRFLOW_CTX_EXECUTION_DATE='2024-11-06T00:00:00+00:00' AIRFLOW_CTX_TRY_NUMBER='1' AIRFLOW_CTX_DAG_RUN_ID='scheduled__2024-11-06T00:00:00+00:00'
[2024-11-07T09:32:23.886+0000] {python.py:194} INFO - Done. Returned value was: is_inaccurate
[2024-11-07T09:32:23.886+0000] {python.py:227} INFO - Branch callable return is_inaccurate
[2024-11-07T09:32:23.886+0000] {skipmixin.py:173} INFO - Following branch is_inaccurate
[2024-11-07T09:32:23.893+0000] {taskinstance.py:1400} INFO - Marking task as SUCCESS. dag_id=my_dag, task_id=choose_best_model, execution_date=20241106T000000, start_date=20241107T093223, end_date=20241107T093223
[2024-11-07T09:32:23.931+0000] {local_task_job_runner.py:228} INFO - Task exited with return code 0
[2024-11-07T09:32:23.938+0000] {taskinstance.py:2778} INFO - 0 downstream tasks scheduled from follow-on schedule check
