[2024-11-07T09:17:46.292+0000] {taskinstance.py:1159} INFO - Dependencies all met for dep_context=non-requeueable deps ti=<TaskInstance: my_dag.training_model_B scheduled__2024-11-06T00:00:00+00:00 [queued]>
[2024-11-07T09:17:46.304+0000] {taskinstance.py:1159} INFO - Dependencies all met for dep_context=requeueable deps ti=<TaskInstance: my_dag.training_model_B scheduled__2024-11-06T00:00:00+00:00 [queued]>
[2024-11-07T09:17:46.305+0000] {taskinstance.py:1361} INFO - Starting attempt 1 of 1
[2024-11-07T09:17:46.317+0000] {taskinstance.py:1382} INFO - Executing <Task(PythonOperator): training_model_B> on 2024-11-06 00:00:00+00:00
[2024-11-07T09:17:46.321+0000] {standard_task_runner.py:57} INFO - Started process 99 to run task
[2024-11-07T09:17:46.324+0000] {standard_task_runner.py:84} INFO - Running: ['***', 'tasks', 'run', 'my_dag', 'training_model_B', 'scheduled__2024-11-06T00:00:00+00:00', '--job-id', '6', '--raw', '--subdir', 'DAGS_FOLDER/my_dag.py', '--cfg-path', '/tmp/tmpoox5vvc1']
[2024-11-07T09:17:46.328+0000] {standard_task_runner.py:85} INFO - Job 6: Subtask training_model_B
[2024-11-07T09:17:46.415+0000] {task_command.py:416} INFO - Running <TaskInstance: my_dag.training_model_B scheduled__2024-11-06T00:00:00+00:00 [running]> on host 4ab10cb9c868
[2024-11-07T09:17:46.492+0000] {taskinstance.py:1662} INFO - Exporting env vars: AIRFLOW_CTX_DAG_OWNER='***' AIRFLOW_CTX_DAG_ID='my_dag' AIRFLOW_CTX_TASK_ID='training_model_B' AIRFLOW_CTX_EXECUTION_DATE='2024-11-06T00:00:00+00:00' AIRFLOW_CTX_TRY_NUMBER='1' AIRFLOW_CTX_DAG_RUN_ID='scheduled__2024-11-06T00:00:00+00:00'
[2024-11-07T09:17:46.494+0000] {logging_mixin.py:154} INFO - B
[2024-11-07T09:17:46.495+0000] {python.py:194} INFO - Done. Returned value was: 5
[2024-11-07T09:17:46.524+0000] {taskinstance.py:1400} INFO - Marking task as SUCCESS. dag_id=my_dag, task_id=training_model_B, execution_date=20241106T000000, start_date=20241107T091746, end_date=20241107T091746
[2024-11-07T09:17:46.555+0000] {local_task_job_runner.py:228} INFO - Task exited with return code 0
[2024-11-07T09:17:46.581+0000] {taskinstance.py:2778} INFO - 0 downstream tasks scheduled from follow-on schedule check
[2024-11-07T09:32:22.527+0000] {taskinstance.py:1159} INFO - Dependencies all met for dep_context=non-requeueable deps ti=<TaskInstance: my_dag.training_model_B scheduled__2024-11-06T00:00:00+00:00 [queued]>
[2024-11-07T09:32:22.533+0000] {taskinstance.py:1159} INFO - Dependencies all met for dep_context=requeueable deps ti=<TaskInstance: my_dag.training_model_B scheduled__2024-11-06T00:00:00+00:00 [queued]>
[2024-11-07T09:32:22.533+0000] {taskinstance.py:1361} INFO - Starting attempt 1 of 1
[2024-11-07T09:32:22.543+0000] {taskinstance.py:1382} INFO - Executing <Task(PythonOperator): training_model_B> on 2024-11-06 00:00:00+00:00
[2024-11-07T09:32:22.546+0000] {standard_task_runner.py:57} INFO - Started process 84 to run task
[2024-11-07T09:32:22.557+0000] {standard_task_runner.py:84} INFO - Running: ['***', 'tasks', 'run', 'my_dag', 'training_model_B', 'scheduled__2024-11-06T00:00:00+00:00', '--job-id', '7', '--raw', '--subdir', 'DAGS_FOLDER/my_dag.py', '--cfg-path', '/tmp/tmpmxr9vq6m']
[2024-11-07T09:32:22.563+0000] {standard_task_runner.py:85} INFO - Job 7: Subtask training_model_B
[2024-11-07T09:32:22.612+0000] {task_command.py:416} INFO - Running <TaskInstance: my_dag.training_model_B scheduled__2024-11-06T00:00:00+00:00 [running]> on host 4349ad77df92
[2024-11-07T09:32:22.658+0000] {taskinstance.py:1662} INFO - Exporting env vars: AIRFLOW_CTX_DAG_OWNER='***' AIRFLOW_CTX_DAG_ID='my_dag' AIRFLOW_CTX_TASK_ID='training_model_B' AIRFLOW_CTX_EXECUTION_DATE='2024-11-06T00:00:00+00:00' AIRFLOW_CTX_TRY_NUMBER='1' AIRFLOW_CTX_DAG_RUN_ID='scheduled__2024-11-06T00:00:00+00:00'
[2024-11-07T09:32:22.661+0000] {logging_mixin.py:154} INFO - B
[2024-11-07T09:32:22.661+0000] {python.py:194} INFO - Done. Returned value was: 6
[2024-11-07T09:32:22.676+0000] {taskinstance.py:1400} INFO - Marking task as SUCCESS. dag_id=my_dag, task_id=training_model_B, execution_date=20241106T000000, start_date=20241107T093222, end_date=20241107T093222
[2024-11-07T09:32:22.696+0000] {local_task_job_runner.py:228} INFO - Task exited with return code 0
[2024-11-07T09:32:22.706+0000] {taskinstance.py:2778} INFO - 1 downstream tasks scheduled from follow-on schedule check
