[2024-11-06T08:43:19.495+0000] {processor.py:157} INFO - Started process (PID=64) to work on /home/airflow/.local/lib/python3.8/site-packages/airflow/example_dags/example_skip_dag.py
[2024-11-06T08:43:19.496+0000] {processor.py:829} INFO - Processing file /home/airflow/.local/lib/python3.8/site-packages/airflow/example_dags/example_skip_dag.py for tasks to queue
[2024-11-06T08:43:19.498+0000] {logging_mixin.py:154} INFO - [2024-11-06T08:43:19.497+0000] {dagbag.py:536} INFO - Filling up the DagBag from /home/airflow/.local/lib/python3.8/site-packages/airflow/example_dags/example_skip_dag.py
[2024-11-06T08:43:19.503+0000] {processor.py:839} INFO - DAG(s) dict_keys(['example_skip_dag']) retrieved from /home/airflow/.local/lib/python3.8/site-packages/airflow/example_dags/example_skip_dag.py
[2024-11-06T08:43:19.513+0000] {logging_mixin.py:154} INFO - [2024-11-06T08:43:19.513+0000] {dag.py:2941} INFO - Sync 1 DAGs
[2024-11-06T08:43:19.525+0000] {logging_mixin.py:154} INFO - [2024-11-06T08:43:19.525+0000] {dag.py:3722} INFO - Setting next_dagrun for example_skip_dag to 2024-11-05T08:43:19.525274+00:00, run_after=2024-11-06T08:43:19.525274+00:00
[2024-11-06T08:43:19.536+0000] {processor.py:179} INFO - Processing /home/airflow/.local/lib/python3.8/site-packages/airflow/example_dags/example_skip_dag.py took 0.043 seconds
[2024-11-06T08:43:49.810+0000] {processor.py:157} INFO - Started process (PID=118) to work on /home/airflow/.local/lib/python3.8/site-packages/airflow/example_dags/example_skip_dag.py
[2024-11-06T08:43:49.810+0000] {processor.py:829} INFO - Processing file /home/airflow/.local/lib/python3.8/site-packages/airflow/example_dags/example_skip_dag.py for tasks to queue
[2024-11-06T08:43:49.812+0000] {logging_mixin.py:154} INFO - [2024-11-06T08:43:49.812+0000] {dagbag.py:536} INFO - Filling up the DagBag from /home/airflow/.local/lib/python3.8/site-packages/airflow/example_dags/example_skip_dag.py
[2024-11-06T08:43:49.815+0000] {processor.py:839} INFO - DAG(s) dict_keys(['example_skip_dag']) retrieved from /home/airflow/.local/lib/python3.8/site-packages/airflow/example_dags/example_skip_dag.py
[2024-11-06T08:43:49.838+0000] {logging_mixin.py:154} INFO - [2024-11-06T08:43:49.838+0000] {dag.py:2941} INFO - Sync 1 DAGs
[2024-11-06T08:43:49.848+0000] {logging_mixin.py:154} INFO - [2024-11-06T08:43:49.848+0000] {dag.py:3722} INFO - Setting next_dagrun for example_skip_dag to 2024-11-05T08:43:49.848250+00:00, run_after=2024-11-06T08:43:49.848250+00:00
[2024-11-06T08:43:49.854+0000] {processor.py:179} INFO - Processing /home/airflow/.local/lib/python3.8/site-packages/airflow/example_dags/example_skip_dag.py took 0.046 seconds
[2024-11-06T08:44:20.211+0000] {processor.py:157} INFO - Started process (PID=172) to work on /home/airflow/.local/lib/python3.8/site-packages/airflow/example_dags/example_skip_dag.py
[2024-11-06T08:44:20.212+0000] {processor.py:829} INFO - Processing file /home/airflow/.local/lib/python3.8/site-packages/airflow/example_dags/example_skip_dag.py for tasks to queue
[2024-11-06T08:44:20.213+0000] {logging_mixin.py:154} INFO - [2024-11-06T08:44:20.213+0000] {dagbag.py:536} INFO - Filling up the DagBag from /home/airflow/.local/lib/python3.8/site-packages/airflow/example_dags/example_skip_dag.py
[2024-11-06T08:44:20.217+0000] {processor.py:839} INFO - DAG(s) dict_keys(['example_skip_dag']) retrieved from /home/airflow/.local/lib/python3.8/site-packages/airflow/example_dags/example_skip_dag.py
[2024-11-06T08:44:20.230+0000] {logging_mixin.py:154} INFO - [2024-11-06T08:44:20.230+0000] {dag.py:2941} INFO - Sync 1 DAGs
[2024-11-06T08:44:20.240+0000] {logging_mixin.py:154} INFO - [2024-11-06T08:44:20.240+0000] {dag.py:3722} INFO - Setting next_dagrun for example_skip_dag to 2024-11-05T08:44:20.240764+00:00, run_after=2024-11-06T08:44:20.240764+00:00
[2024-11-06T08:44:20.249+0000] {processor.py:179} INFO - Processing /home/airflow/.local/lib/python3.8/site-packages/airflow/example_dags/example_skip_dag.py took 0.040 seconds
[2024-11-06T08:44:50.598+0000] {processor.py:157} INFO - Started process (PID=226) to work on /home/airflow/.local/lib/python3.8/site-packages/airflow/example_dags/example_skip_dag.py
[2024-11-06T08:44:50.598+0000] {processor.py:829} INFO - Processing file /home/airflow/.local/lib/python3.8/site-packages/airflow/example_dags/example_skip_dag.py for tasks to queue
[2024-11-06T08:44:50.599+0000] {logging_mixin.py:154} INFO - [2024-11-06T08:44:50.599+0000] {dagbag.py:536} INFO - Filling up the DagBag from /home/airflow/.local/lib/python3.8/site-packages/airflow/example_dags/example_skip_dag.py
[2024-11-06T08:44:50.602+0000] {processor.py:839} INFO - DAG(s) dict_keys(['example_skip_dag']) retrieved from /home/airflow/.local/lib/python3.8/site-packages/airflow/example_dags/example_skip_dag.py
[2024-11-06T08:44:50.612+0000] {logging_mixin.py:154} INFO - [2024-11-06T08:44:50.611+0000] {dag.py:2941} INFO - Sync 1 DAGs
[2024-11-06T08:44:50.621+0000] {logging_mixin.py:154} INFO - [2024-11-06T08:44:50.621+0000] {dag.py:3722} INFO - Setting next_dagrun for example_skip_dag to 2024-11-05T08:44:50.621580+00:00, run_after=2024-11-06T08:44:50.621580+00:00
[2024-11-06T08:44:50.629+0000] {processor.py:179} INFO - Processing /home/airflow/.local/lib/python3.8/site-packages/airflow/example_dags/example_skip_dag.py took 0.033 seconds
[2024-11-06T08:45:20.944+0000] {processor.py:157} INFO - Started process (PID=280) to work on /home/airflow/.local/lib/python3.8/site-packages/airflow/example_dags/example_skip_dag.py
[2024-11-06T08:45:20.945+0000] {processor.py:829} INFO - Processing file /home/airflow/.local/lib/python3.8/site-packages/airflow/example_dags/example_skip_dag.py for tasks to queue
[2024-11-06T08:45:20.946+0000] {logging_mixin.py:154} INFO - [2024-11-06T08:45:20.946+0000] {dagbag.py:536} INFO - Filling up the DagBag from /home/airflow/.local/lib/python3.8/site-packages/airflow/example_dags/example_skip_dag.py
[2024-11-06T08:45:20.949+0000] {processor.py:839} INFO - DAG(s) dict_keys(['example_skip_dag']) retrieved from /home/airflow/.local/lib/python3.8/site-packages/airflow/example_dags/example_skip_dag.py
[2024-11-06T08:45:20.960+0000] {logging_mixin.py:154} INFO - [2024-11-06T08:45:20.959+0000] {dag.py:2941} INFO - Sync 1 DAGs
[2024-11-06T08:45:20.969+0000] {logging_mixin.py:154} INFO - [2024-11-06T08:45:20.969+0000] {dag.py:3722} INFO - Setting next_dagrun for example_skip_dag to 2024-11-05T08:45:20.969494+00:00, run_after=2024-11-06T08:45:20.969494+00:00
[2024-11-06T08:45:20.982+0000] {processor.py:179} INFO - Processing /home/airflow/.local/lib/python3.8/site-packages/airflow/example_dags/example_skip_dag.py took 0.040 seconds
[2024-11-06T08:45:51.362+0000] {processor.py:157} INFO - Started process (PID=334) to work on /home/airflow/.local/lib/python3.8/site-packages/airflow/example_dags/example_skip_dag.py
[2024-11-06T08:45:51.362+0000] {processor.py:829} INFO - Processing file /home/airflow/.local/lib/python3.8/site-packages/airflow/example_dags/example_skip_dag.py for tasks to queue
[2024-11-06T08:45:51.363+0000] {logging_mixin.py:154} INFO - [2024-11-06T08:45:51.363+0000] {dagbag.py:536} INFO - Filling up the DagBag from /home/airflow/.local/lib/python3.8/site-packages/airflow/example_dags/example_skip_dag.py
[2024-11-06T08:45:51.366+0000] {processor.py:839} INFO - DAG(s) dict_keys(['example_skip_dag']) retrieved from /home/airflow/.local/lib/python3.8/site-packages/airflow/example_dags/example_skip_dag.py
[2024-11-06T08:45:51.376+0000] {logging_mixin.py:154} INFO - [2024-11-06T08:45:51.376+0000] {dag.py:2941} INFO - Sync 1 DAGs
[2024-11-06T08:45:51.385+0000] {logging_mixin.py:154} INFO - [2024-11-06T08:45:51.385+0000] {dag.py:3722} INFO - Setting next_dagrun for example_skip_dag to 2024-11-05T08:45:51.385491+00:00, run_after=2024-11-06T08:45:51.385491+00:00
[2024-11-06T08:45:51.397+0000] {processor.py:179} INFO - Processing /home/airflow/.local/lib/python3.8/site-packages/airflow/example_dags/example_skip_dag.py took 0.037 seconds
[2024-11-06T08:46:21.746+0000] {processor.py:157} INFO - Started process (PID=388) to work on /home/airflow/.local/lib/python3.8/site-packages/airflow/example_dags/example_skip_dag.py
[2024-11-06T08:46:21.748+0000] {processor.py:829} INFO - Processing file /home/airflow/.local/lib/python3.8/site-packages/airflow/example_dags/example_skip_dag.py for tasks to queue
[2024-11-06T08:46:21.749+0000] {logging_mixin.py:154} INFO - [2024-11-06T08:46:21.749+0000] {dagbag.py:536} INFO - Filling up the DagBag from /home/airflow/.local/lib/python3.8/site-packages/airflow/example_dags/example_skip_dag.py
[2024-11-06T08:46:21.754+0000] {processor.py:839} INFO - DAG(s) dict_keys(['example_skip_dag']) retrieved from /home/airflow/.local/lib/python3.8/site-packages/airflow/example_dags/example_skip_dag.py
[2024-11-06T08:46:21.764+0000] {logging_mixin.py:154} INFO - [2024-11-06T08:46:21.764+0000] {dag.py:2941} INFO - Sync 1 DAGs
[2024-11-06T08:46:21.773+0000] {logging_mixin.py:154} INFO - [2024-11-06T08:46:21.773+0000] {dag.py:3722} INFO - Setting next_dagrun for example_skip_dag to 2024-11-05T08:46:21.773222+00:00, run_after=2024-11-06T08:46:21.773222+00:00
[2024-11-06T08:46:21.782+0000] {processor.py:179} INFO - Processing /home/airflow/.local/lib/python3.8/site-packages/airflow/example_dags/example_skip_dag.py took 0.037 seconds
[2024-11-06T08:46:52.572+0000] {processor.py:157} INFO - Started process (PID=442) to work on /home/airflow/.local/lib/python3.8/site-packages/airflow/example_dags/example_skip_dag.py
[2024-11-06T08:46:52.575+0000] {processor.py:829} INFO - Processing file /home/airflow/.local/lib/python3.8/site-packages/airflow/example_dags/example_skip_dag.py for tasks to queue
[2024-11-06T08:46:52.577+0000] {logging_mixin.py:154} INFO - [2024-11-06T08:46:52.577+0000] {dagbag.py:536} INFO - Filling up the DagBag from /home/airflow/.local/lib/python3.8/site-packages/airflow/example_dags/example_skip_dag.py
[2024-11-06T08:46:52.580+0000] {processor.py:839} INFO - DAG(s) dict_keys(['example_skip_dag']) retrieved from /home/airflow/.local/lib/python3.8/site-packages/airflow/example_dags/example_skip_dag.py
[2024-11-06T08:46:52.592+0000] {logging_mixin.py:154} INFO - [2024-11-06T08:46:52.592+0000] {dag.py:2941} INFO - Sync 1 DAGs
[2024-11-06T08:46:52.603+0000] {logging_mixin.py:154} INFO - [2024-11-06T08:46:52.603+0000] {dag.py:3722} INFO - Setting next_dagrun for example_skip_dag to 2024-11-05T08:46:52.603512+00:00, run_after=2024-11-06T08:46:52.603512+00:00
[2024-11-06T08:46:52.611+0000] {processor.py:179} INFO - Processing /home/airflow/.local/lib/python3.8/site-packages/airflow/example_dags/example_skip_dag.py took 0.040 seconds
[2024-11-06T08:47:22.985+0000] {processor.py:157} INFO - Started process (PID=503) to work on /home/airflow/.local/lib/python3.8/site-packages/airflow/example_dags/example_skip_dag.py
[2024-11-06T08:47:22.989+0000] {processor.py:829} INFO - Processing file /home/airflow/.local/lib/python3.8/site-packages/airflow/example_dags/example_skip_dag.py for tasks to queue
[2024-11-06T08:47:22.990+0000] {logging_mixin.py:154} INFO - [2024-11-06T08:47:22.990+0000] {dagbag.py:536} INFO - Filling up the DagBag from /home/airflow/.local/lib/python3.8/site-packages/airflow/example_dags/example_skip_dag.py
[2024-11-06T08:47:22.993+0000] {processor.py:839} INFO - DAG(s) dict_keys(['example_skip_dag']) retrieved from /home/airflow/.local/lib/python3.8/site-packages/airflow/example_dags/example_skip_dag.py
[2024-11-06T08:47:23.002+0000] {logging_mixin.py:154} INFO - [2024-11-06T08:47:23.002+0000] {dag.py:2941} INFO - Sync 1 DAGs
[2024-11-06T08:47:23.016+0000] {logging_mixin.py:154} INFO - [2024-11-06T08:47:23.016+0000] {dag.py:3722} INFO - Setting next_dagrun for example_skip_dag to 2024-11-05T08:47:23.016676+00:00, run_after=2024-11-06T08:47:23.016676+00:00
[2024-11-06T08:47:23.024+0000] {processor.py:179} INFO - Processing /home/airflow/.local/lib/python3.8/site-packages/airflow/example_dags/example_skip_dag.py took 0.040 seconds
[2024-11-06T08:47:53.352+0000] {processor.py:157} INFO - Started process (PID=558) to work on /home/airflow/.local/lib/python3.8/site-packages/airflow/example_dags/example_skip_dag.py
[2024-11-06T08:47:53.353+0000] {processor.py:829} INFO - Processing file /home/airflow/.local/lib/python3.8/site-packages/airflow/example_dags/example_skip_dag.py for tasks to queue
[2024-11-06T08:47:53.355+0000] {logging_mixin.py:154} INFO - [2024-11-06T08:47:53.355+0000] {dagbag.py:536} INFO - Filling up the DagBag from /home/airflow/.local/lib/python3.8/site-packages/airflow/example_dags/example_skip_dag.py
[2024-11-06T08:47:53.358+0000] {processor.py:839} INFO - DAG(s) dict_keys(['example_skip_dag']) retrieved from /home/airflow/.local/lib/python3.8/site-packages/airflow/example_dags/example_skip_dag.py
[2024-11-06T08:47:53.368+0000] {logging_mixin.py:154} INFO - [2024-11-06T08:47:53.368+0000] {dag.py:2941} INFO - Sync 1 DAGs
[2024-11-06T08:47:53.378+0000] {logging_mixin.py:154} INFO - [2024-11-06T08:47:53.378+0000] {dag.py:3722} INFO - Setting next_dagrun for example_skip_dag to 2024-11-05T08:47:53.378068+00:00, run_after=2024-11-06T08:47:53.378068+00:00
[2024-11-06T08:47:53.387+0000] {processor.py:179} INFO - Processing /home/airflow/.local/lib/python3.8/site-packages/airflow/example_dags/example_skip_dag.py took 0.037 seconds
[2024-11-06T08:48:23.632+0000] {processor.py:157} INFO - Started process (PID=612) to work on /home/airflow/.local/lib/python3.8/site-packages/airflow/example_dags/example_skip_dag.py
[2024-11-06T08:48:23.633+0000] {processor.py:829} INFO - Processing file /home/airflow/.local/lib/python3.8/site-packages/airflow/example_dags/example_skip_dag.py for tasks to queue
[2024-11-06T08:48:23.636+0000] {logging_mixin.py:154} INFO - [2024-11-06T08:48:23.636+0000] {dagbag.py:536} INFO - Filling up the DagBag from /home/airflow/.local/lib/python3.8/site-packages/airflow/example_dags/example_skip_dag.py
[2024-11-06T08:48:23.639+0000] {processor.py:839} INFO - DAG(s) dict_keys(['example_skip_dag']) retrieved from /home/airflow/.local/lib/python3.8/site-packages/airflow/example_dags/example_skip_dag.py
[2024-11-06T08:48:23.661+0000] {logging_mixin.py:154} INFO - [2024-11-06T08:48:23.661+0000] {dag.py:2941} INFO - Sync 1 DAGs
[2024-11-06T08:48:23.682+0000] {logging_mixin.py:154} INFO - [2024-11-06T08:48:23.682+0000] {dag.py:3722} INFO - Setting next_dagrun for example_skip_dag to 2024-11-05T08:48:23.681861+00:00, run_after=2024-11-06T08:48:23.681861+00:00
[2024-11-06T08:48:23.703+0000] {processor.py:179} INFO - Processing /home/airflow/.local/lib/python3.8/site-packages/airflow/example_dags/example_skip_dag.py took 0.072 seconds
[2024-11-06T08:48:54.015+0000] {processor.py:157} INFO - Started process (PID=666) to work on /home/airflow/.local/lib/python3.8/site-packages/airflow/example_dags/example_skip_dag.py
[2024-11-06T08:48:54.017+0000] {processor.py:829} INFO - Processing file /home/airflow/.local/lib/python3.8/site-packages/airflow/example_dags/example_skip_dag.py for tasks to queue
[2024-11-06T08:48:54.019+0000] {logging_mixin.py:154} INFO - [2024-11-06T08:48:54.019+0000] {dagbag.py:536} INFO - Filling up the DagBag from /home/airflow/.local/lib/python3.8/site-packages/airflow/example_dags/example_skip_dag.py
[2024-11-06T08:48:54.022+0000] {processor.py:839} INFO - DAG(s) dict_keys(['example_skip_dag']) retrieved from /home/airflow/.local/lib/python3.8/site-packages/airflow/example_dags/example_skip_dag.py
[2024-11-06T08:48:54.035+0000] {logging_mixin.py:154} INFO - [2024-11-06T08:48:54.035+0000] {dag.py:2941} INFO - Sync 1 DAGs
[2024-11-06T08:48:54.044+0000] {logging_mixin.py:154} INFO - [2024-11-06T08:48:54.044+0000] {dag.py:3722} INFO - Setting next_dagrun for example_skip_dag to 2024-11-05T08:48:54.044185+00:00, run_after=2024-11-06T08:48:54.044185+00:00
[2024-11-06T08:48:54.052+0000] {processor.py:179} INFO - Processing /home/airflow/.local/lib/python3.8/site-packages/airflow/example_dags/example_skip_dag.py took 0.039 seconds
[2024-11-06T08:49:24.236+0000] {processor.py:157} INFO - Started process (PID=720) to work on /home/airflow/.local/lib/python3.8/site-packages/airflow/example_dags/example_skip_dag.py
[2024-11-06T08:49:24.237+0000] {processor.py:829} INFO - Processing file /home/airflow/.local/lib/python3.8/site-packages/airflow/example_dags/example_skip_dag.py for tasks to queue
[2024-11-06T08:49:24.238+0000] {logging_mixin.py:154} INFO - [2024-11-06T08:49:24.238+0000] {dagbag.py:536} INFO - Filling up the DagBag from /home/airflow/.local/lib/python3.8/site-packages/airflow/example_dags/example_skip_dag.py
[2024-11-06T08:49:24.241+0000] {processor.py:839} INFO - DAG(s) dict_keys(['example_skip_dag']) retrieved from /home/airflow/.local/lib/python3.8/site-packages/airflow/example_dags/example_skip_dag.py
[2024-11-06T08:49:24.252+0000] {logging_mixin.py:154} INFO - [2024-11-06T08:49:24.252+0000] {dag.py:2941} INFO - Sync 1 DAGs
[2024-11-06T08:49:24.261+0000] {logging_mixin.py:154} INFO - [2024-11-06T08:49:24.261+0000] {dag.py:3722} INFO - Setting next_dagrun for example_skip_dag to 2024-11-05T08:49:24.261414+00:00, run_after=2024-11-06T08:49:24.261414+00:00
[2024-11-06T08:49:24.269+0000] {processor.py:179} INFO - Processing /home/airflow/.local/lib/python3.8/site-packages/airflow/example_dags/example_skip_dag.py took 0.034 seconds
[2024-11-06T08:49:54.478+0000] {processor.py:157} INFO - Started process (PID=773) to work on /home/airflow/.local/lib/python3.8/site-packages/airflow/example_dags/example_skip_dag.py
[2024-11-06T08:49:54.478+0000] {processor.py:829} INFO - Processing file /home/airflow/.local/lib/python3.8/site-packages/airflow/example_dags/example_skip_dag.py for tasks to queue
[2024-11-06T08:49:54.479+0000] {logging_mixin.py:154} INFO - [2024-11-06T08:49:54.479+0000] {dagbag.py:536} INFO - Filling up the DagBag from /home/airflow/.local/lib/python3.8/site-packages/airflow/example_dags/example_skip_dag.py
[2024-11-06T08:49:54.483+0000] {processor.py:839} INFO - DAG(s) dict_keys(['example_skip_dag']) retrieved from /home/airflow/.local/lib/python3.8/site-packages/airflow/example_dags/example_skip_dag.py
[2024-11-06T08:49:54.494+0000] {logging_mixin.py:154} INFO - [2024-11-06T08:49:54.494+0000] {dag.py:2941} INFO - Sync 1 DAGs
[2024-11-06T08:49:54.503+0000] {logging_mixin.py:154} INFO - [2024-11-06T08:49:54.503+0000] {dag.py:3722} INFO - Setting next_dagrun for example_skip_dag to 2024-11-05T08:49:54.503548+00:00, run_after=2024-11-06T08:49:54.503548+00:00
[2024-11-06T08:49:54.510+0000] {processor.py:179} INFO - Processing /home/airflow/.local/lib/python3.8/site-packages/airflow/example_dags/example_skip_dag.py took 0.033 seconds
[2024-11-06T08:50:24.712+0000] {processor.py:157} INFO - Started process (PID=827) to work on /home/airflow/.local/lib/python3.8/site-packages/airflow/example_dags/example_skip_dag.py
[2024-11-06T08:50:24.715+0000] {processor.py:829} INFO - Processing file /home/airflow/.local/lib/python3.8/site-packages/airflow/example_dags/example_skip_dag.py for tasks to queue
[2024-11-06T08:50:24.716+0000] {logging_mixin.py:154} INFO - [2024-11-06T08:50:24.716+0000] {dagbag.py:536} INFO - Filling up the DagBag from /home/airflow/.local/lib/python3.8/site-packages/airflow/example_dags/example_skip_dag.py
[2024-11-06T08:50:24.719+0000] {processor.py:839} INFO - DAG(s) dict_keys(['example_skip_dag']) retrieved from /home/airflow/.local/lib/python3.8/site-packages/airflow/example_dags/example_skip_dag.py
[2024-11-06T08:50:24.729+0000] {logging_mixin.py:154} INFO - [2024-11-06T08:50:24.729+0000] {dag.py:2941} INFO - Sync 1 DAGs
[2024-11-06T08:50:24.738+0000] {logging_mixin.py:154} INFO - [2024-11-06T08:50:24.738+0000] {dag.py:3722} INFO - Setting next_dagrun for example_skip_dag to 2024-11-05T08:50:24.738203+00:00, run_after=2024-11-06T08:50:24.738203+00:00
[2024-11-06T08:50:24.746+0000] {processor.py:179} INFO - Processing /home/airflow/.local/lib/python3.8/site-packages/airflow/example_dags/example_skip_dag.py took 0.036 seconds
[2024-11-06T08:50:54.958+0000] {processor.py:157} INFO - Started process (PID=881) to work on /home/airflow/.local/lib/python3.8/site-packages/airflow/example_dags/example_skip_dag.py
[2024-11-06T08:50:54.959+0000] {processor.py:829} INFO - Processing file /home/airflow/.local/lib/python3.8/site-packages/airflow/example_dags/example_skip_dag.py for tasks to queue
[2024-11-06T08:50:54.960+0000] {logging_mixin.py:154} INFO - [2024-11-06T08:50:54.960+0000] {dagbag.py:536} INFO - Filling up the DagBag from /home/airflow/.local/lib/python3.8/site-packages/airflow/example_dags/example_skip_dag.py
[2024-11-06T08:50:54.963+0000] {processor.py:839} INFO - DAG(s) dict_keys(['example_skip_dag']) retrieved from /home/airflow/.local/lib/python3.8/site-packages/airflow/example_dags/example_skip_dag.py
[2024-11-06T08:50:54.972+0000] {logging_mixin.py:154} INFO - [2024-11-06T08:50:54.972+0000] {dag.py:2941} INFO - Sync 1 DAGs
[2024-11-06T08:50:54.983+0000] {logging_mixin.py:154} INFO - [2024-11-06T08:50:54.983+0000] {dag.py:3722} INFO - Setting next_dagrun for example_skip_dag to 2024-11-05T08:50:54.983038+00:00, run_after=2024-11-06T08:50:54.983038+00:00
[2024-11-06T08:50:54.991+0000] {processor.py:179} INFO - Processing /home/airflow/.local/lib/python3.8/site-packages/airflow/example_dags/example_skip_dag.py took 0.034 seconds
[2024-11-06T08:51:25.324+0000] {processor.py:157} INFO - Started process (PID=935) to work on /home/airflow/.local/lib/python3.8/site-packages/airflow/example_dags/example_skip_dag.py
[2024-11-06T08:51:25.325+0000] {processor.py:829} INFO - Processing file /home/airflow/.local/lib/python3.8/site-packages/airflow/example_dags/example_skip_dag.py for tasks to queue
[2024-11-06T08:51:25.326+0000] {logging_mixin.py:154} INFO - [2024-11-06T08:51:25.326+0000] {dagbag.py:536} INFO - Filling up the DagBag from /home/airflow/.local/lib/python3.8/site-packages/airflow/example_dags/example_skip_dag.py
[2024-11-06T08:51:25.330+0000] {processor.py:839} INFO - DAG(s) dict_keys(['example_skip_dag']) retrieved from /home/airflow/.local/lib/python3.8/site-packages/airflow/example_dags/example_skip_dag.py
[2024-11-06T08:51:25.341+0000] {logging_mixin.py:154} INFO - [2024-11-06T08:51:25.340+0000] {dag.py:2941} INFO - Sync 1 DAGs
[2024-11-06T08:51:25.351+0000] {logging_mixin.py:154} INFO - [2024-11-06T08:51:25.351+0000] {dag.py:3722} INFO - Setting next_dagrun for example_skip_dag to 2024-11-05T08:51:25.350985+00:00, run_after=2024-11-06T08:51:25.350985+00:00
[2024-11-06T08:51:25.359+0000] {processor.py:179} INFO - Processing /home/airflow/.local/lib/python3.8/site-packages/airflow/example_dags/example_skip_dag.py took 0.037 seconds
[2024-11-06T08:51:55.624+0000] {processor.py:157} INFO - Started process (PID=989) to work on /home/airflow/.local/lib/python3.8/site-packages/airflow/example_dags/example_skip_dag.py
[2024-11-06T08:51:55.625+0000] {processor.py:829} INFO - Processing file /home/airflow/.local/lib/python3.8/site-packages/airflow/example_dags/example_skip_dag.py for tasks to queue
[2024-11-06T08:51:55.629+0000] {logging_mixin.py:154} INFO - [2024-11-06T08:51:55.629+0000] {dagbag.py:536} INFO - Filling up the DagBag from /home/airflow/.local/lib/python3.8/site-packages/airflow/example_dags/example_skip_dag.py
[2024-11-06T08:51:55.632+0000] {processor.py:839} INFO - DAG(s) dict_keys(['example_skip_dag']) retrieved from /home/airflow/.local/lib/python3.8/site-packages/airflow/example_dags/example_skip_dag.py
[2024-11-06T08:51:55.643+0000] {logging_mixin.py:154} INFO - [2024-11-06T08:51:55.643+0000] {dag.py:2941} INFO - Sync 1 DAGs
[2024-11-06T08:51:55.654+0000] {logging_mixin.py:154} INFO - [2024-11-06T08:51:55.654+0000] {dag.py:3722} INFO - Setting next_dagrun for example_skip_dag to 2024-11-05T08:51:55.654434+00:00, run_after=2024-11-06T08:51:55.654434+00:00
[2024-11-06T08:51:55.664+0000] {processor.py:179} INFO - Processing /home/airflow/.local/lib/python3.8/site-packages/airflow/example_dags/example_skip_dag.py took 0.041 seconds
[2024-11-06T08:52:26.011+0000] {processor.py:157} INFO - Started process (PID=1043) to work on /home/airflow/.local/lib/python3.8/site-packages/airflow/example_dags/example_skip_dag.py
[2024-11-06T08:52:26.011+0000] {processor.py:829} INFO - Processing file /home/airflow/.local/lib/python3.8/site-packages/airflow/example_dags/example_skip_dag.py for tasks to queue
[2024-11-06T08:52:26.012+0000] {logging_mixin.py:154} INFO - [2024-11-06T08:52:26.012+0000] {dagbag.py:536} INFO - Filling up the DagBag from /home/airflow/.local/lib/python3.8/site-packages/airflow/example_dags/example_skip_dag.py
[2024-11-06T08:52:26.015+0000] {processor.py:839} INFO - DAG(s) dict_keys(['example_skip_dag']) retrieved from /home/airflow/.local/lib/python3.8/site-packages/airflow/example_dags/example_skip_dag.py
[2024-11-06T08:52:26.025+0000] {logging_mixin.py:154} INFO - [2024-11-06T08:52:26.025+0000] {dag.py:2941} INFO - Sync 1 DAGs
[2024-11-06T08:52:26.035+0000] {logging_mixin.py:154} INFO - [2024-11-06T08:52:26.035+0000] {dag.py:3722} INFO - Setting next_dagrun for example_skip_dag to 2024-11-05T08:52:26.035204+00:00, run_after=2024-11-06T08:52:26.035204+00:00
[2024-11-06T08:52:26.043+0000] {processor.py:179} INFO - Processing /home/airflow/.local/lib/python3.8/site-packages/airflow/example_dags/example_skip_dag.py took 0.034 seconds
[2024-11-06T08:52:56.589+0000] {processor.py:157} INFO - Started process (PID=1097) to work on /home/airflow/.local/lib/python3.8/site-packages/airflow/example_dags/example_skip_dag.py
[2024-11-06T08:52:56.590+0000] {processor.py:829} INFO - Processing file /home/airflow/.local/lib/python3.8/site-packages/airflow/example_dags/example_skip_dag.py for tasks to queue
[2024-11-06T08:52:56.591+0000] {logging_mixin.py:154} INFO - [2024-11-06T08:52:56.591+0000] {dagbag.py:536} INFO - Filling up the DagBag from /home/airflow/.local/lib/python3.8/site-packages/airflow/example_dags/example_skip_dag.py
[2024-11-06T08:52:56.594+0000] {processor.py:839} INFO - DAG(s) dict_keys(['example_skip_dag']) retrieved from /home/airflow/.local/lib/python3.8/site-packages/airflow/example_dags/example_skip_dag.py
[2024-11-06T08:52:56.604+0000] {logging_mixin.py:154} INFO - [2024-11-06T08:52:56.604+0000] {dag.py:2941} INFO - Sync 1 DAGs
[2024-11-06T08:52:56.615+0000] {logging_mixin.py:154} INFO - [2024-11-06T08:52:56.614+0000] {dag.py:3722} INFO - Setting next_dagrun for example_skip_dag to 2024-11-05T08:52:56.614850+00:00, run_after=2024-11-06T08:52:56.614850+00:00
[2024-11-06T08:52:56.698+0000] {processor.py:179} INFO - Processing /home/airflow/.local/lib/python3.8/site-packages/airflow/example_dags/example_skip_dag.py took 0.110 seconds
[2024-11-06T08:53:26.921+0000] {processor.py:157} INFO - Started process (PID=1151) to work on /home/airflow/.local/lib/python3.8/site-packages/airflow/example_dags/example_skip_dag.py
[2024-11-06T08:53:26.924+0000] {processor.py:829} INFO - Processing file /home/airflow/.local/lib/python3.8/site-packages/airflow/example_dags/example_skip_dag.py for tasks to queue
[2024-11-06T08:53:26.926+0000] {logging_mixin.py:154} INFO - [2024-11-06T08:53:26.926+0000] {dagbag.py:536} INFO - Filling up the DagBag from /home/airflow/.local/lib/python3.8/site-packages/airflow/example_dags/example_skip_dag.py
[2024-11-06T08:53:26.929+0000] {processor.py:839} INFO - DAG(s) dict_keys(['example_skip_dag']) retrieved from /home/airflow/.local/lib/python3.8/site-packages/airflow/example_dags/example_skip_dag.py
[2024-11-06T08:53:26.940+0000] {logging_mixin.py:154} INFO - [2024-11-06T08:53:26.940+0000] {dag.py:2941} INFO - Sync 1 DAGs
[2024-11-06T08:53:26.949+0000] {logging_mixin.py:154} INFO - [2024-11-06T08:53:26.949+0000] {dag.py:3722} INFO - Setting next_dagrun for example_skip_dag to 2024-11-05T08:53:26.949023+00:00, run_after=2024-11-06T08:53:26.949023+00:00
[2024-11-06T08:53:26.955+0000] {processor.py:179} INFO - Processing /home/airflow/.local/lib/python3.8/site-packages/airflow/example_dags/example_skip_dag.py took 0.035 seconds
[2024-11-06T08:53:57.650+0000] {processor.py:157} INFO - Started process (PID=1205) to work on /home/airflow/.local/lib/python3.8/site-packages/airflow/example_dags/example_skip_dag.py
[2024-11-06T08:53:57.654+0000] {processor.py:829} INFO - Processing file /home/airflow/.local/lib/python3.8/site-packages/airflow/example_dags/example_skip_dag.py for tasks to queue
[2024-11-06T08:53:57.655+0000] {logging_mixin.py:154} INFO - [2024-11-06T08:53:57.654+0000] {dagbag.py:536} INFO - Filling up the DagBag from /home/airflow/.local/lib/python3.8/site-packages/airflow/example_dags/example_skip_dag.py
[2024-11-06T08:53:57.657+0000] {processor.py:839} INFO - DAG(s) dict_keys(['example_skip_dag']) retrieved from /home/airflow/.local/lib/python3.8/site-packages/airflow/example_dags/example_skip_dag.py
[2024-11-06T08:53:57.667+0000] {logging_mixin.py:154} INFO - [2024-11-06T08:53:57.666+0000] {dag.py:2941} INFO - Sync 1 DAGs
[2024-11-06T08:53:57.676+0000] {logging_mixin.py:154} INFO - [2024-11-06T08:53:57.676+0000] {dag.py:3722} INFO - Setting next_dagrun for example_skip_dag to 2024-11-05T08:53:57.676539+00:00, run_after=2024-11-06T08:53:57.676539+00:00
[2024-11-06T08:53:57.683+0000] {processor.py:179} INFO - Processing /home/airflow/.local/lib/python3.8/site-packages/airflow/example_dags/example_skip_dag.py took 0.034 seconds
[2024-11-06T08:54:28.378+0000] {processor.py:157} INFO - Started process (PID=1259) to work on /home/airflow/.local/lib/python3.8/site-packages/airflow/example_dags/example_skip_dag.py
[2024-11-06T08:54:28.378+0000] {processor.py:829} INFO - Processing file /home/airflow/.local/lib/python3.8/site-packages/airflow/example_dags/example_skip_dag.py for tasks to queue
[2024-11-06T08:54:28.379+0000] {logging_mixin.py:154} INFO - [2024-11-06T08:54:28.379+0000] {dagbag.py:536} INFO - Filling up the DagBag from /home/airflow/.local/lib/python3.8/site-packages/airflow/example_dags/example_skip_dag.py
[2024-11-06T08:54:28.382+0000] {processor.py:839} INFO - DAG(s) dict_keys(['example_skip_dag']) retrieved from /home/airflow/.local/lib/python3.8/site-packages/airflow/example_dags/example_skip_dag.py
[2024-11-06T08:54:28.392+0000] {logging_mixin.py:154} INFO - [2024-11-06T08:54:28.392+0000] {dag.py:2941} INFO - Sync 1 DAGs
[2024-11-06T08:54:28.480+0000] {logging_mixin.py:154} INFO - [2024-11-06T08:54:28.480+0000] {dag.py:3722} INFO - Setting next_dagrun for example_skip_dag to 2024-11-05T08:54:28.480534+00:00, run_after=2024-11-06T08:54:28.480534+00:00
[2024-11-06T08:54:28.487+0000] {processor.py:179} INFO - Processing /home/airflow/.local/lib/python3.8/site-packages/airflow/example_dags/example_skip_dag.py took 0.111 seconds
[2024-11-06T08:54:58.921+0000] {processor.py:157} INFO - Started process (PID=1313) to work on /home/airflow/.local/lib/python3.8/site-packages/airflow/example_dags/example_skip_dag.py
[2024-11-06T08:54:58.921+0000] {processor.py:829} INFO - Processing file /home/airflow/.local/lib/python3.8/site-packages/airflow/example_dags/example_skip_dag.py for tasks to queue
[2024-11-06T08:54:58.922+0000] {logging_mixin.py:154} INFO - [2024-11-06T08:54:58.922+0000] {dagbag.py:536} INFO - Filling up the DagBag from /home/airflow/.local/lib/python3.8/site-packages/airflow/example_dags/example_skip_dag.py
[2024-11-06T08:54:58.929+0000] {processor.py:839} INFO - DAG(s) dict_keys(['example_skip_dag']) retrieved from /home/airflow/.local/lib/python3.8/site-packages/airflow/example_dags/example_skip_dag.py
[2024-11-06T08:54:58.941+0000] {logging_mixin.py:154} INFO - [2024-11-06T08:54:58.941+0000] {dag.py:2941} INFO - Sync 1 DAGs
[2024-11-06T08:54:58.950+0000] {logging_mixin.py:154} INFO - [2024-11-06T08:54:58.950+0000] {dag.py:3722} INFO - Setting next_dagrun for example_skip_dag to 2024-11-05T08:54:58.950473+00:00, run_after=2024-11-06T08:54:58.950473+00:00
[2024-11-06T08:54:58.960+0000] {processor.py:179} INFO - Processing /home/airflow/.local/lib/python3.8/site-packages/airflow/example_dags/example_skip_dag.py took 0.040 seconds
[2024-11-06T08:55:29.780+0000] {processor.py:157} INFO - Started process (PID=1367) to work on /home/airflow/.local/lib/python3.8/site-packages/airflow/example_dags/example_skip_dag.py
[2024-11-06T08:55:29.781+0000] {processor.py:829} INFO - Processing file /home/airflow/.local/lib/python3.8/site-packages/airflow/example_dags/example_skip_dag.py for tasks to queue
[2024-11-06T08:55:29.783+0000] {logging_mixin.py:154} INFO - [2024-11-06T08:55:29.783+0000] {dagbag.py:536} INFO - Filling up the DagBag from /home/airflow/.local/lib/python3.8/site-packages/airflow/example_dags/example_skip_dag.py
[2024-11-06T08:55:29.786+0000] {processor.py:839} INFO - DAG(s) dict_keys(['example_skip_dag']) retrieved from /home/airflow/.local/lib/python3.8/site-packages/airflow/example_dags/example_skip_dag.py
[2024-11-06T08:55:29.797+0000] {logging_mixin.py:154} INFO - [2024-11-06T08:55:29.797+0000] {dag.py:2941} INFO - Sync 1 DAGs
[2024-11-06T08:55:29.807+0000] {logging_mixin.py:154} INFO - [2024-11-06T08:55:29.807+0000] {dag.py:3722} INFO - Setting next_dagrun for example_skip_dag to 2024-11-05T08:55:29.807425+00:00, run_after=2024-11-06T08:55:29.807425+00:00
[2024-11-06T08:55:29.817+0000] {processor.py:179} INFO - Processing /home/airflow/.local/lib/python3.8/site-packages/airflow/example_dags/example_skip_dag.py took 0.038 seconds
[2024-11-06T08:56:00.600+0000] {processor.py:157} INFO - Started process (PID=1421) to work on /home/airflow/.local/lib/python3.8/site-packages/airflow/example_dags/example_skip_dag.py
[2024-11-06T08:56:00.600+0000] {processor.py:829} INFO - Processing file /home/airflow/.local/lib/python3.8/site-packages/airflow/example_dags/example_skip_dag.py for tasks to queue
[2024-11-06T08:56:00.601+0000] {logging_mixin.py:154} INFO - [2024-11-06T08:56:00.601+0000] {dagbag.py:536} INFO - Filling up the DagBag from /home/airflow/.local/lib/python3.8/site-packages/airflow/example_dags/example_skip_dag.py
[2024-11-06T08:56:00.604+0000] {processor.py:839} INFO - DAG(s) dict_keys(['example_skip_dag']) retrieved from /home/airflow/.local/lib/python3.8/site-packages/airflow/example_dags/example_skip_dag.py
[2024-11-06T08:56:00.614+0000] {logging_mixin.py:154} INFO - [2024-11-06T08:56:00.614+0000] {dag.py:2941} INFO - Sync 1 DAGs
[2024-11-06T08:56:00.698+0000] {logging_mixin.py:154} INFO - [2024-11-06T08:56:00.698+0000] {dag.py:3722} INFO - Setting next_dagrun for example_skip_dag to 2024-11-05T08:56:00.697957+00:00, run_after=2024-11-06T08:56:00.697957+00:00
[2024-11-06T08:56:00.704+0000] {processor.py:179} INFO - Processing /home/airflow/.local/lib/python3.8/site-packages/airflow/example_dags/example_skip_dag.py took 0.106 seconds
[2024-11-06T08:56:31.639+0000] {processor.py:157} INFO - Started process (PID=1475) to work on /home/airflow/.local/lib/python3.8/site-packages/airflow/example_dags/example_skip_dag.py
[2024-11-06T08:56:31.640+0000] {processor.py:829} INFO - Processing file /home/airflow/.local/lib/python3.8/site-packages/airflow/example_dags/example_skip_dag.py for tasks to queue
[2024-11-06T08:56:31.641+0000] {logging_mixin.py:154} INFO - [2024-11-06T08:56:31.641+0000] {dagbag.py:536} INFO - Filling up the DagBag from /home/airflow/.local/lib/python3.8/site-packages/airflow/example_dags/example_skip_dag.py
[2024-11-06T08:56:31.644+0000] {processor.py:839} INFO - DAG(s) dict_keys(['example_skip_dag']) retrieved from /home/airflow/.local/lib/python3.8/site-packages/airflow/example_dags/example_skip_dag.py
[2024-11-06T08:56:31.653+0000] {logging_mixin.py:154} INFO - [2024-11-06T08:56:31.653+0000] {dag.py:2941} INFO - Sync 1 DAGs
[2024-11-06T08:56:31.663+0000] {logging_mixin.py:154} INFO - [2024-11-06T08:56:31.663+0000] {dag.py:3722} INFO - Setting next_dagrun for example_skip_dag to 2024-11-05T08:56:31.663462+00:00, run_after=2024-11-06T08:56:31.663462+00:00
[2024-11-06T08:56:31.671+0000] {processor.py:179} INFO - Processing /home/airflow/.local/lib/python3.8/site-packages/airflow/example_dags/example_skip_dag.py took 0.033 seconds
[2024-11-06T08:57:01.999+0000] {processor.py:157} INFO - Started process (PID=1529) to work on /home/airflow/.local/lib/python3.8/site-packages/airflow/example_dags/example_skip_dag.py
[2024-11-06T08:57:02.000+0000] {processor.py:829} INFO - Processing file /home/airflow/.local/lib/python3.8/site-packages/airflow/example_dags/example_skip_dag.py for tasks to queue
[2024-11-06T08:57:02.001+0000] {logging_mixin.py:154} INFO - [2024-11-06T08:57:02.001+0000] {dagbag.py:536} INFO - Filling up the DagBag from /home/airflow/.local/lib/python3.8/site-packages/airflow/example_dags/example_skip_dag.py
[2024-11-06T08:57:02.004+0000] {processor.py:839} INFO - DAG(s) dict_keys(['example_skip_dag']) retrieved from /home/airflow/.local/lib/python3.8/site-packages/airflow/example_dags/example_skip_dag.py
[2024-11-06T08:57:02.014+0000] {logging_mixin.py:154} INFO - [2024-11-06T08:57:02.014+0000] {dag.py:2941} INFO - Sync 1 DAGs
[2024-11-06T08:57:02.025+0000] {logging_mixin.py:154} INFO - [2024-11-06T08:57:02.025+0000] {dag.py:3722} INFO - Setting next_dagrun for example_skip_dag to 2024-11-05T08:57:02.025256+00:00, run_after=2024-11-06T08:57:02.025256+00:00
[2024-11-06T08:57:02.035+0000] {processor.py:179} INFO - Processing /home/airflow/.local/lib/python3.8/site-packages/airflow/example_dags/example_skip_dag.py took 0.038 seconds
[2024-11-06T08:57:32.165+0000] {processor.py:157} INFO - Started process (PID=1583) to work on /home/airflow/.local/lib/python3.8/site-packages/airflow/example_dags/example_skip_dag.py
[2024-11-06T08:57:32.167+0000] {processor.py:829} INFO - Processing file /home/airflow/.local/lib/python3.8/site-packages/airflow/example_dags/example_skip_dag.py for tasks to queue
[2024-11-06T08:57:32.169+0000] {logging_mixin.py:154} INFO - [2024-11-06T08:57:32.168+0000] {dagbag.py:536} INFO - Filling up the DagBag from /home/airflow/.local/lib/python3.8/site-packages/airflow/example_dags/example_skip_dag.py
[2024-11-06T08:57:32.171+0000] {processor.py:839} INFO - DAG(s) dict_keys(['example_skip_dag']) retrieved from /home/airflow/.local/lib/python3.8/site-packages/airflow/example_dags/example_skip_dag.py
[2024-11-06T08:57:32.182+0000] {logging_mixin.py:154} INFO - [2024-11-06T08:57:32.182+0000] {dag.py:2941} INFO - Sync 1 DAGs
[2024-11-06T08:57:32.266+0000] {logging_mixin.py:154} INFO - [2024-11-06T08:57:32.266+0000] {dag.py:3722} INFO - Setting next_dagrun for example_skip_dag to 2024-11-05T08:57:32.266572+00:00, run_after=2024-11-06T08:57:32.266572+00:00
[2024-11-06T08:57:32.272+0000] {processor.py:179} INFO - Processing /home/airflow/.local/lib/python3.8/site-packages/airflow/example_dags/example_skip_dag.py took 0.109 seconds
[2024-11-06T08:58:02.393+0000] {processor.py:157} INFO - Started process (PID=1636) to work on /home/airflow/.local/lib/python3.8/site-packages/airflow/example_dags/example_skip_dag.py
[2024-11-06T08:58:02.393+0000] {processor.py:829} INFO - Processing file /home/airflow/.local/lib/python3.8/site-packages/airflow/example_dags/example_skip_dag.py for tasks to queue
[2024-11-06T08:58:02.395+0000] {logging_mixin.py:154} INFO - [2024-11-06T08:58:02.395+0000] {dagbag.py:536} INFO - Filling up the DagBag from /home/airflow/.local/lib/python3.8/site-packages/airflow/example_dags/example_skip_dag.py
[2024-11-06T08:58:02.399+0000] {processor.py:839} INFO - DAG(s) dict_keys(['example_skip_dag']) retrieved from /home/airflow/.local/lib/python3.8/site-packages/airflow/example_dags/example_skip_dag.py
[2024-11-06T08:58:02.440+0000] {logging_mixin.py:154} INFO - [2024-11-06T08:58:02.439+0000] {dag.py:2941} INFO - Sync 1 DAGs
[2024-11-06T08:58:02.455+0000] {logging_mixin.py:154} INFO - [2024-11-06T08:58:02.454+0000] {dag.py:3722} INFO - Setting next_dagrun for example_skip_dag to 2024-11-05T08:58:02.454790+00:00, run_after=2024-11-06T08:58:02.454790+00:00
[2024-11-06T08:58:02.463+0000] {processor.py:179} INFO - Processing /home/airflow/.local/lib/python3.8/site-packages/airflow/example_dags/example_skip_dag.py took 0.072 seconds
[2024-11-06T08:58:33.608+0000] {processor.py:157} INFO - Started process (PID=1690) to work on /home/airflow/.local/lib/python3.8/site-packages/airflow/example_dags/example_skip_dag.py
[2024-11-06T08:58:33.609+0000] {processor.py:829} INFO - Processing file /home/airflow/.local/lib/python3.8/site-packages/airflow/example_dags/example_skip_dag.py for tasks to queue
[2024-11-06T08:58:33.610+0000] {logging_mixin.py:154} INFO - [2024-11-06T08:58:33.610+0000] {dagbag.py:536} INFO - Filling up the DagBag from /home/airflow/.local/lib/python3.8/site-packages/airflow/example_dags/example_skip_dag.py
[2024-11-06T08:58:33.613+0000] {processor.py:839} INFO - DAG(s) dict_keys(['example_skip_dag']) retrieved from /home/airflow/.local/lib/python3.8/site-packages/airflow/example_dags/example_skip_dag.py
[2024-11-06T08:58:33.698+0000] {logging_mixin.py:154} INFO - [2024-11-06T08:58:33.698+0000] {dag.py:2941} INFO - Sync 1 DAGs
[2024-11-06T08:58:33.706+0000] {logging_mixin.py:154} INFO - [2024-11-06T08:58:33.706+0000] {dag.py:3722} INFO - Setting next_dagrun for example_skip_dag to 2024-11-05T08:58:33.706225+00:00, run_after=2024-11-06T08:58:33.706225+00:00
[2024-11-06T08:58:33.712+0000] {processor.py:179} INFO - Processing /home/airflow/.local/lib/python3.8/site-packages/airflow/example_dags/example_skip_dag.py took 0.106 seconds
[2024-11-06T09:17:56.910+0000] {processor.py:157} INFO - Started process (PID=1735) to work on /home/airflow/.local/lib/python3.8/site-packages/airflow/example_dags/example_skip_dag.py
[2024-11-06T09:17:56.912+0000] {processor.py:829} INFO - Processing file /home/airflow/.local/lib/python3.8/site-packages/airflow/example_dags/example_skip_dag.py for tasks to queue
[2024-11-06T09:17:56.916+0000] {logging_mixin.py:154} INFO - [2024-11-06T09:17:56.915+0000] {dagbag.py:536} INFO - Filling up the DagBag from /home/airflow/.local/lib/python3.8/site-packages/airflow/example_dags/example_skip_dag.py
[2024-11-06T09:17:56.924+0000] {processor.py:839} INFO - DAG(s) dict_keys(['example_skip_dag']) retrieved from /home/airflow/.local/lib/python3.8/site-packages/airflow/example_dags/example_skip_dag.py
[2024-11-06T09:17:56.956+0000] {logging_mixin.py:154} INFO - [2024-11-06T09:17:56.956+0000] {dag.py:2941} INFO - Sync 1 DAGs
[2024-11-06T09:17:56.981+0000] {logging_mixin.py:154} INFO - [2024-11-06T09:17:56.981+0000] {dag.py:3722} INFO - Setting next_dagrun for example_skip_dag to 2024-11-05T09:17:56.981348+00:00, run_after=2024-11-06T09:17:56.981348+00:00
[2024-11-06T09:17:57.006+0000] {processor.py:179} INFO - Processing /home/airflow/.local/lib/python3.8/site-packages/airflow/example_dags/example_skip_dag.py took 0.100 seconds
[2024-11-06T09:29:43.620+0000] {processor.py:157} INFO - Started process (PID=1789) to work on /home/airflow/.local/lib/python3.8/site-packages/airflow/example_dags/example_skip_dag.py
[2024-11-06T09:29:43.624+0000] {processor.py:829} INFO - Processing file /home/airflow/.local/lib/python3.8/site-packages/airflow/example_dags/example_skip_dag.py for tasks to queue
[2024-11-06T09:29:43.626+0000] {logging_mixin.py:154} INFO - [2024-11-06T09:29:43.625+0000] {dagbag.py:536} INFO - Filling up the DagBag from /home/airflow/.local/lib/python3.8/site-packages/airflow/example_dags/example_skip_dag.py
[2024-11-06T09:29:43.629+0000] {processor.py:839} INFO - DAG(s) dict_keys(['example_skip_dag']) retrieved from /home/airflow/.local/lib/python3.8/site-packages/airflow/example_dags/example_skip_dag.py
[2024-11-06T09:29:43.642+0000] {logging_mixin.py:154} INFO - [2024-11-06T09:29:43.642+0000] {dag.py:2941} INFO - Sync 1 DAGs
[2024-11-06T09:29:43.651+0000] {logging_mixin.py:154} INFO - [2024-11-06T09:29:43.651+0000] {dag.py:3722} INFO - Setting next_dagrun for example_skip_dag to 2024-11-05T09:29:43.651178+00:00, run_after=2024-11-06T09:29:43.651178+00:00
[2024-11-06T09:29:43.661+0000] {processor.py:179} INFO - Processing /home/airflow/.local/lib/python3.8/site-packages/airflow/example_dags/example_skip_dag.py took 0.042 seconds
[2024-11-06T10:28:13.273+0000] {processor.py:157} INFO - Started process (PID=1843) to work on /home/airflow/.local/lib/python3.8/site-packages/airflow/example_dags/example_skip_dag.py
[2024-11-06T10:28:13.279+0000] {processor.py:829} INFO - Processing file /home/airflow/.local/lib/python3.8/site-packages/airflow/example_dags/example_skip_dag.py for tasks to queue
[2024-11-06T10:28:13.281+0000] {logging_mixin.py:154} INFO - [2024-11-06T10:28:13.281+0000] {dagbag.py:536} INFO - Filling up the DagBag from /home/airflow/.local/lib/python3.8/site-packages/airflow/example_dags/example_skip_dag.py
[2024-11-06T10:28:13.285+0000] {processor.py:839} INFO - DAG(s) dict_keys(['example_skip_dag']) retrieved from /home/airflow/.local/lib/python3.8/site-packages/airflow/example_dags/example_skip_dag.py
[2024-11-06T10:28:13.305+0000] {logging_mixin.py:154} INFO - [2024-11-06T10:28:13.305+0000] {dag.py:2941} INFO - Sync 1 DAGs
[2024-11-06T10:28:13.325+0000] {logging_mixin.py:154} INFO - [2024-11-06T10:28:13.325+0000] {dag.py:3722} INFO - Setting next_dagrun for example_skip_dag to 2024-11-05T10:28:13.324961+00:00, run_after=2024-11-06T10:28:13.324961+00:00
[2024-11-06T10:28:13.344+0000] {processor.py:179} INFO - Processing /home/airflow/.local/lib/python3.8/site-packages/airflow/example_dags/example_skip_dag.py took 0.074 seconds
[2024-11-06T11:31:03.403+0000] {processor.py:157} INFO - Started process (PID=1897) to work on /home/airflow/.local/lib/python3.8/site-packages/airflow/example_dags/example_skip_dag.py
[2024-11-06T11:31:03.403+0000] {processor.py:829} INFO - Processing file /home/airflow/.local/lib/python3.8/site-packages/airflow/example_dags/example_skip_dag.py for tasks to queue
[2024-11-06T11:31:03.404+0000] {logging_mixin.py:154} INFO - [2024-11-06T11:31:03.404+0000] {dagbag.py:536} INFO - Filling up the DagBag from /home/airflow/.local/lib/python3.8/site-packages/airflow/example_dags/example_skip_dag.py
[2024-11-06T11:31:03.407+0000] {processor.py:839} INFO - DAG(s) dict_keys(['example_skip_dag']) retrieved from /home/airflow/.local/lib/python3.8/site-packages/airflow/example_dags/example_skip_dag.py
[2024-11-06T11:31:03.418+0000] {logging_mixin.py:154} INFO - [2024-11-06T11:31:03.418+0000] {dag.py:2941} INFO - Sync 1 DAGs
[2024-11-06T11:31:03.427+0000] {logging_mixin.py:154} INFO - [2024-11-06T11:31:03.427+0000] {dag.py:3722} INFO - Setting next_dagrun for example_skip_dag to 2024-11-05T11:31:03.426930+00:00, run_after=2024-11-06T11:31:03.426930+00:00
[2024-11-06T11:31:03.434+0000] {processor.py:179} INFO - Processing /home/airflow/.local/lib/python3.8/site-packages/airflow/example_dags/example_skip_dag.py took 0.032 seconds
[2024-11-06T11:59:50.196+0000] {processor.py:157} INFO - Started process (PID=1951) to work on /home/airflow/.local/lib/python3.8/site-packages/airflow/example_dags/example_skip_dag.py
[2024-11-06T11:59:50.197+0000] {processor.py:829} INFO - Processing file /home/airflow/.local/lib/python3.8/site-packages/airflow/example_dags/example_skip_dag.py for tasks to queue
[2024-11-06T11:59:50.198+0000] {logging_mixin.py:154} INFO - [2024-11-06T11:59:50.198+0000] {dagbag.py:536} INFO - Filling up the DagBag from /home/airflow/.local/lib/python3.8/site-packages/airflow/example_dags/example_skip_dag.py
[2024-11-06T11:59:50.201+0000] {processor.py:839} INFO - DAG(s) dict_keys(['example_skip_dag']) retrieved from /home/airflow/.local/lib/python3.8/site-packages/airflow/example_dags/example_skip_dag.py
[2024-11-06T11:59:50.214+0000] {logging_mixin.py:154} INFO - [2024-11-06T11:59:50.214+0000] {dag.py:2941} INFO - Sync 1 DAGs
[2024-11-06T11:59:50.224+0000] {logging_mixin.py:154} INFO - [2024-11-06T11:59:50.224+0000] {dag.py:3722} INFO - Setting next_dagrun for example_skip_dag to 2024-11-05T11:59:50.224417+00:00, run_after=2024-11-06T11:59:50.224417+00:00
[2024-11-06T11:59:50.234+0000] {processor.py:179} INFO - Processing /home/airflow/.local/lib/python3.8/site-packages/airflow/example_dags/example_skip_dag.py took 0.040 seconds
[2024-11-06T12:50:47.332+0000] {processor.py:157} INFO - Started process (PID=2005) to work on /home/airflow/.local/lib/python3.8/site-packages/airflow/example_dags/example_skip_dag.py
[2024-11-06T12:50:47.333+0000] {processor.py:829} INFO - Processing file /home/airflow/.local/lib/python3.8/site-packages/airflow/example_dags/example_skip_dag.py for tasks to queue
[2024-11-06T12:50:47.337+0000] {logging_mixin.py:154} INFO - [2024-11-06T12:50:47.336+0000] {dagbag.py:536} INFO - Filling up the DagBag from /home/airflow/.local/lib/python3.8/site-packages/airflow/example_dags/example_skip_dag.py
[2024-11-06T12:50:47.342+0000] {processor.py:839} INFO - DAG(s) dict_keys(['example_skip_dag']) retrieved from /home/airflow/.local/lib/python3.8/site-packages/airflow/example_dags/example_skip_dag.py
[2024-11-06T12:50:47.359+0000] {logging_mixin.py:154} INFO - [2024-11-06T12:50:47.359+0000] {dag.py:2941} INFO - Sync 1 DAGs
[2024-11-06T12:50:47.376+0000] {logging_mixin.py:154} INFO - [2024-11-06T12:50:47.376+0000] {dag.py:3722} INFO - Setting next_dagrun for example_skip_dag to 2024-11-05T12:50:47.375987+00:00, run_after=2024-11-06T12:50:47.375987+00:00
[2024-11-06T12:50:47.400+0000] {processor.py:179} INFO - Processing /home/airflow/.local/lib/python3.8/site-packages/airflow/example_dags/example_skip_dag.py took 0.069 seconds
[2024-11-06T12:52:35.383+0000] {processor.py:157} INFO - Started process (PID=2059) to work on /home/airflow/.local/lib/python3.8/site-packages/airflow/example_dags/example_skip_dag.py
[2024-11-06T12:52:35.384+0000] {processor.py:829} INFO - Processing file /home/airflow/.local/lib/python3.8/site-packages/airflow/example_dags/example_skip_dag.py for tasks to queue
[2024-11-06T12:52:35.385+0000] {logging_mixin.py:154} INFO - [2024-11-06T12:52:35.385+0000] {dagbag.py:536} INFO - Filling up the DagBag from /home/airflow/.local/lib/python3.8/site-packages/airflow/example_dags/example_skip_dag.py
[2024-11-06T12:52:35.388+0000] {processor.py:839} INFO - DAG(s) dict_keys(['example_skip_dag']) retrieved from /home/airflow/.local/lib/python3.8/site-packages/airflow/example_dags/example_skip_dag.py
[2024-11-06T12:52:35.398+0000] {logging_mixin.py:154} INFO - [2024-11-06T12:52:35.397+0000] {dag.py:2941} INFO - Sync 1 DAGs
[2024-11-06T12:52:35.408+0000] {logging_mixin.py:154} INFO - [2024-11-06T12:52:35.408+0000] {dag.py:3722} INFO - Setting next_dagrun for example_skip_dag to 2024-11-05T12:52:35.408219+00:00, run_after=2024-11-06T12:52:35.408219+00:00
[2024-11-06T12:52:35.418+0000] {processor.py:179} INFO - Processing /home/airflow/.local/lib/python3.8/site-packages/airflow/example_dags/example_skip_dag.py took 0.037 seconds
[2024-11-06T13:07:16.777+0000] {processor.py:157} INFO - Started process (PID=2113) to work on /home/airflow/.local/lib/python3.8/site-packages/airflow/example_dags/example_skip_dag.py
[2024-11-06T13:07:16.778+0000] {processor.py:829} INFO - Processing file /home/airflow/.local/lib/python3.8/site-packages/airflow/example_dags/example_skip_dag.py for tasks to queue
[2024-11-06T13:07:16.779+0000] {logging_mixin.py:154} INFO - [2024-11-06T13:07:16.779+0000] {dagbag.py:536} INFO - Filling up the DagBag from /home/airflow/.local/lib/python3.8/site-packages/airflow/example_dags/example_skip_dag.py
[2024-11-06T13:07:16.782+0000] {processor.py:839} INFO - DAG(s) dict_keys(['example_skip_dag']) retrieved from /home/airflow/.local/lib/python3.8/site-packages/airflow/example_dags/example_skip_dag.py
[2024-11-06T13:07:16.793+0000] {logging_mixin.py:154} INFO - [2024-11-06T13:07:16.793+0000] {dag.py:2941} INFO - Sync 1 DAGs
[2024-11-06T13:07:16.803+0000] {logging_mixin.py:154} INFO - [2024-11-06T13:07:16.803+0000] {dag.py:3722} INFO - Setting next_dagrun for example_skip_dag to 2024-11-05T13:07:16.803179+00:00, run_after=2024-11-06T13:07:16.803179+00:00
[2024-11-06T13:07:16.813+0000] {processor.py:179} INFO - Processing /home/airflow/.local/lib/python3.8/site-packages/airflow/example_dags/example_skip_dag.py took 0.038 seconds
[2024-11-06T13:47:31.542+0000] {processor.py:157} INFO - Started process (PID=2167) to work on /home/airflow/.local/lib/python3.8/site-packages/airflow/example_dags/example_skip_dag.py
[2024-11-06T13:47:31.544+0000] {processor.py:829} INFO - Processing file /home/airflow/.local/lib/python3.8/site-packages/airflow/example_dags/example_skip_dag.py for tasks to queue
[2024-11-06T13:47:31.546+0000] {logging_mixin.py:154} INFO - [2024-11-06T13:47:31.546+0000] {dagbag.py:536} INFO - Filling up the DagBag from /home/airflow/.local/lib/python3.8/site-packages/airflow/example_dags/example_skip_dag.py
[2024-11-06T13:47:31.552+0000] {processor.py:839} INFO - DAG(s) dict_keys(['example_skip_dag']) retrieved from /home/airflow/.local/lib/python3.8/site-packages/airflow/example_dags/example_skip_dag.py
[2024-11-06T13:47:31.570+0000] {logging_mixin.py:154} INFO - [2024-11-06T13:47:31.570+0000] {dag.py:2941} INFO - Sync 1 DAGs
[2024-11-06T13:47:31.595+0000] {logging_mixin.py:154} INFO - [2024-11-06T13:47:31.595+0000] {dag.py:3722} INFO - Setting next_dagrun for example_skip_dag to 2024-11-05T13:47:31.595620+00:00, run_after=2024-11-06T13:47:31.595620+00:00
[2024-11-06T13:47:31.621+0000] {processor.py:179} INFO - Processing /home/airflow/.local/lib/python3.8/site-packages/airflow/example_dags/example_skip_dag.py took 0.083 seconds
[2024-11-06T13:55:17.340+0000] {processor.py:157} INFO - Started process (PID=2221) to work on /home/airflow/.local/lib/python3.8/site-packages/airflow/example_dags/example_skip_dag.py
[2024-11-06T13:55:17.341+0000] {processor.py:829} INFO - Processing file /home/airflow/.local/lib/python3.8/site-packages/airflow/example_dags/example_skip_dag.py for tasks to queue
[2024-11-06T13:55:17.342+0000] {logging_mixin.py:154} INFO - [2024-11-06T13:55:17.342+0000] {dagbag.py:536} INFO - Filling up the DagBag from /home/airflow/.local/lib/python3.8/site-packages/airflow/example_dags/example_skip_dag.py
[2024-11-06T13:55:17.345+0000] {processor.py:839} INFO - DAG(s) dict_keys(['example_skip_dag']) retrieved from /home/airflow/.local/lib/python3.8/site-packages/airflow/example_dags/example_skip_dag.py
[2024-11-06T13:55:17.354+0000] {logging_mixin.py:154} INFO - [2024-11-06T13:55:17.354+0000] {dag.py:2941} INFO - Sync 1 DAGs
[2024-11-06T13:55:17.364+0000] {logging_mixin.py:154} INFO - [2024-11-06T13:55:17.364+0000] {dag.py:3722} INFO - Setting next_dagrun for example_skip_dag to 2024-11-05T13:55:17.364099+00:00, run_after=2024-11-06T13:55:17.364099+00:00
[2024-11-06T13:55:17.378+0000] {processor.py:179} INFO - Processing /home/airflow/.local/lib/python3.8/site-packages/airflow/example_dags/example_skip_dag.py took 0.039 seconds
[2024-11-06T14:00:21.759+0000] {processor.py:157} INFO - Started process (PID=2275) to work on /home/airflow/.local/lib/python3.8/site-packages/airflow/example_dags/example_skip_dag.py
[2024-11-06T14:00:21.761+0000] {processor.py:829} INFO - Processing file /home/airflow/.local/lib/python3.8/site-packages/airflow/example_dags/example_skip_dag.py for tasks to queue
[2024-11-06T14:00:21.763+0000] {logging_mixin.py:154} INFO - [2024-11-06T14:00:21.763+0000] {dagbag.py:536} INFO - Filling up the DagBag from /home/airflow/.local/lib/python3.8/site-packages/airflow/example_dags/example_skip_dag.py
[2024-11-06T14:00:21.777+0000] {processor.py:839} INFO - DAG(s) dict_keys(['example_skip_dag']) retrieved from /home/airflow/.local/lib/python3.8/site-packages/airflow/example_dags/example_skip_dag.py
[2024-11-06T14:00:21.802+0000] {logging_mixin.py:154} INFO - [2024-11-06T14:00:21.802+0000] {dag.py:2941} INFO - Sync 1 DAGs
[2024-11-06T14:00:21.820+0000] {logging_mixin.py:154} INFO - [2024-11-06T14:00:21.820+0000] {dag.py:3722} INFO - Setting next_dagrun for example_skip_dag to 2024-11-05T14:00:21.819819+00:00, run_after=2024-11-06T14:00:21.819819+00:00
[2024-11-06T14:00:21.839+0000] {processor.py:179} INFO - Processing /home/airflow/.local/lib/python3.8/site-packages/airflow/example_dags/example_skip_dag.py took 0.082 seconds
[2024-11-06T14:05:42.026+0000] {processor.py:157} INFO - Started process (PID=2329) to work on /home/airflow/.local/lib/python3.8/site-packages/airflow/example_dags/example_skip_dag.py
[2024-11-06T14:05:42.026+0000] {processor.py:829} INFO - Processing file /home/airflow/.local/lib/python3.8/site-packages/airflow/example_dags/example_skip_dag.py for tasks to queue
[2024-11-06T14:05:42.028+0000] {logging_mixin.py:154} INFO - [2024-11-06T14:05:42.028+0000] {dagbag.py:536} INFO - Filling up the DagBag from /home/airflow/.local/lib/python3.8/site-packages/airflow/example_dags/example_skip_dag.py
[2024-11-06T14:05:42.035+0000] {processor.py:839} INFO - DAG(s) dict_keys(['example_skip_dag']) retrieved from /home/airflow/.local/lib/python3.8/site-packages/airflow/example_dags/example_skip_dag.py
[2024-11-06T14:05:42.048+0000] {logging_mixin.py:154} INFO - [2024-11-06T14:05:42.047+0000] {dag.py:2941} INFO - Sync 1 DAGs
[2024-11-06T14:05:42.061+0000] {logging_mixin.py:154} INFO - [2024-11-06T14:05:42.060+0000] {dag.py:3722} INFO - Setting next_dagrun for example_skip_dag to 2024-11-05T14:05:42.060854+00:00, run_after=2024-11-06T14:05:42.060854+00:00
[2024-11-06T14:05:42.068+0000] {processor.py:179} INFO - Processing /home/airflow/.local/lib/python3.8/site-packages/airflow/example_dags/example_skip_dag.py took 0.044 seconds
[2024-11-06T14:09:56.391+0000] {processor.py:157} INFO - Started process (PID=2383) to work on /home/airflow/.local/lib/python3.8/site-packages/airflow/example_dags/example_skip_dag.py
[2024-11-06T14:09:56.392+0000] {processor.py:829} INFO - Processing file /home/airflow/.local/lib/python3.8/site-packages/airflow/example_dags/example_skip_dag.py for tasks to queue
[2024-11-06T14:09:56.395+0000] {logging_mixin.py:154} INFO - [2024-11-06T14:09:56.395+0000] {dagbag.py:536} INFO - Filling up the DagBag from /home/airflow/.local/lib/python3.8/site-packages/airflow/example_dags/example_skip_dag.py
[2024-11-06T14:09:56.402+0000] {processor.py:839} INFO - DAG(s) dict_keys(['example_skip_dag']) retrieved from /home/airflow/.local/lib/python3.8/site-packages/airflow/example_dags/example_skip_dag.py
[2024-11-06T14:09:56.427+0000] {logging_mixin.py:154} INFO - [2024-11-06T14:09:56.427+0000] {dag.py:2941} INFO - Sync 1 DAGs
[2024-11-06T14:09:56.448+0000] {logging_mixin.py:154} INFO - [2024-11-06T14:09:56.447+0000] {dag.py:3722} INFO - Setting next_dagrun for example_skip_dag to 2024-11-05T14:09:56.447558+00:00, run_after=2024-11-06T14:09:56.447558+00:00
[2024-11-06T14:09:56.475+0000] {processor.py:179} INFO - Processing /home/airflow/.local/lib/python3.8/site-packages/airflow/example_dags/example_skip_dag.py took 0.089 seconds
[2024-11-06T14:16:57.473+0000] {processor.py:157} INFO - Started process (PID=2437) to work on /home/airflow/.local/lib/python3.8/site-packages/airflow/example_dags/example_skip_dag.py
[2024-11-06T14:16:57.476+0000] {processor.py:829} INFO - Processing file /home/airflow/.local/lib/python3.8/site-packages/airflow/example_dags/example_skip_dag.py for tasks to queue
[2024-11-06T14:16:57.479+0000] {logging_mixin.py:154} INFO - [2024-11-06T14:16:57.479+0000] {dagbag.py:536} INFO - Filling up the DagBag from /home/airflow/.local/lib/python3.8/site-packages/airflow/example_dags/example_skip_dag.py
[2024-11-06T14:16:57.482+0000] {processor.py:839} INFO - DAG(s) dict_keys(['example_skip_dag']) retrieved from /home/airflow/.local/lib/python3.8/site-packages/airflow/example_dags/example_skip_dag.py
[2024-11-06T14:16:57.493+0000] {logging_mixin.py:154} INFO - [2024-11-06T14:16:57.493+0000] {dag.py:2941} INFO - Sync 1 DAGs
[2024-11-06T14:16:57.502+0000] {logging_mixin.py:154} INFO - [2024-11-06T14:16:57.502+0000] {dag.py:3722} INFO - Setting next_dagrun for example_skip_dag to 2024-11-05T14:16:57.502549+00:00, run_after=2024-11-06T14:16:57.502549+00:00
[2024-11-06T14:16:57.513+0000] {processor.py:179} INFO - Processing /home/airflow/.local/lib/python3.8/site-packages/airflow/example_dags/example_skip_dag.py took 0.042 seconds
[2024-11-06T14:23:15.176+0000] {processor.py:157} INFO - Started process (PID=2491) to work on /home/airflow/.local/lib/python3.8/site-packages/airflow/example_dags/example_skip_dag.py
[2024-11-06T14:23:15.177+0000] {processor.py:829} INFO - Processing file /home/airflow/.local/lib/python3.8/site-packages/airflow/example_dags/example_skip_dag.py for tasks to queue
[2024-11-06T14:23:15.178+0000] {logging_mixin.py:154} INFO - [2024-11-06T14:23:15.178+0000] {dagbag.py:536} INFO - Filling up the DagBag from /home/airflow/.local/lib/python3.8/site-packages/airflow/example_dags/example_skip_dag.py
[2024-11-06T14:23:15.181+0000] {processor.py:839} INFO - DAG(s) dict_keys(['example_skip_dag']) retrieved from /home/airflow/.local/lib/python3.8/site-packages/airflow/example_dags/example_skip_dag.py
[2024-11-06T14:23:15.195+0000] {logging_mixin.py:154} INFO - [2024-11-06T14:23:15.195+0000] {dag.py:2941} INFO - Sync 1 DAGs
[2024-11-06T14:23:15.204+0000] {logging_mixin.py:154} INFO - [2024-11-06T14:23:15.204+0000] {dag.py:3722} INFO - Setting next_dagrun for example_skip_dag to 2024-11-05T14:23:15.204533+00:00, run_after=2024-11-06T14:23:15.204533+00:00
[2024-11-06T14:23:15.216+0000] {processor.py:179} INFO - Processing /home/airflow/.local/lib/python3.8/site-packages/airflow/example_dags/example_skip_dag.py took 0.041 seconds
[2024-11-06T14:31:01.733+0000] {processor.py:157} INFO - Started process (PID=2544) to work on /home/airflow/.local/lib/python3.8/site-packages/airflow/example_dags/example_skip_dag.py
[2024-11-06T14:31:01.738+0000] {processor.py:829} INFO - Processing file /home/airflow/.local/lib/python3.8/site-packages/airflow/example_dags/example_skip_dag.py for tasks to queue
[2024-11-06T14:31:01.740+0000] {logging_mixin.py:154} INFO - [2024-11-06T14:31:01.740+0000] {dagbag.py:536} INFO - Filling up the DagBag from /home/airflow/.local/lib/python3.8/site-packages/airflow/example_dags/example_skip_dag.py
[2024-11-06T14:31:01.747+0000] {processor.py:839} INFO - DAG(s) dict_keys(['example_skip_dag']) retrieved from /home/airflow/.local/lib/python3.8/site-packages/airflow/example_dags/example_skip_dag.py
[2024-11-06T14:31:01.766+0000] {logging_mixin.py:154} INFO - [2024-11-06T14:31:01.765+0000] {dag.py:2941} INFO - Sync 1 DAGs
[2024-11-06T14:31:01.786+0000] {logging_mixin.py:154} INFO - [2024-11-06T14:31:01.786+0000] {dag.py:3722} INFO - Setting next_dagrun for example_skip_dag to 2024-11-05T14:31:01.786079+00:00, run_after=2024-11-06T14:31:01.786079+00:00
[2024-11-06T14:31:01.815+0000] {processor.py:179} INFO - Processing /home/airflow/.local/lib/python3.8/site-packages/airflow/example_dags/example_skip_dag.py took 0.086 seconds
[2024-11-06T14:36:36.447+0000] {processor.py:157} INFO - Started process (PID=2597) to work on /home/airflow/.local/lib/python3.8/site-packages/airflow/example_dags/example_skip_dag.py
[2024-11-06T14:36:36.448+0000] {processor.py:829} INFO - Processing file /home/airflow/.local/lib/python3.8/site-packages/airflow/example_dags/example_skip_dag.py for tasks to queue
[2024-11-06T14:36:36.449+0000] {logging_mixin.py:154} INFO - [2024-11-06T14:36:36.448+0000] {dagbag.py:536} INFO - Filling up the DagBag from /home/airflow/.local/lib/python3.8/site-packages/airflow/example_dags/example_skip_dag.py
[2024-11-06T14:36:36.452+0000] {processor.py:839} INFO - DAG(s) dict_keys(['example_skip_dag']) retrieved from /home/airflow/.local/lib/python3.8/site-packages/airflow/example_dags/example_skip_dag.py
[2024-11-06T14:36:36.465+0000] {logging_mixin.py:154} INFO - [2024-11-06T14:36:36.465+0000] {dag.py:2941} INFO - Sync 1 DAGs
[2024-11-06T14:36:36.479+0000] {logging_mixin.py:154} INFO - [2024-11-06T14:36:36.479+0000] {dag.py:3722} INFO - Setting next_dagrun for example_skip_dag to 2024-11-05T14:36:36.479015+00:00, run_after=2024-11-06T14:36:36.479015+00:00
[2024-11-06T14:36:36.491+0000] {processor.py:179} INFO - Processing /home/airflow/.local/lib/python3.8/site-packages/airflow/example_dags/example_skip_dag.py took 0.045 seconds
[2024-11-06T15:02:52.614+0000] {processor.py:157} INFO - Started process (PID=2651) to work on /home/airflow/.local/lib/python3.8/site-packages/airflow/example_dags/example_skip_dag.py
[2024-11-06T15:02:52.615+0000] {processor.py:829} INFO - Processing file /home/airflow/.local/lib/python3.8/site-packages/airflow/example_dags/example_skip_dag.py for tasks to queue
[2024-11-06T15:02:52.617+0000] {logging_mixin.py:154} INFO - [2024-11-06T15:02:52.617+0000] {dagbag.py:536} INFO - Filling up the DagBag from /home/airflow/.local/lib/python3.8/site-packages/airflow/example_dags/example_skip_dag.py
[2024-11-06T15:02:52.625+0000] {processor.py:839} INFO - DAG(s) dict_keys(['example_skip_dag']) retrieved from /home/airflow/.local/lib/python3.8/site-packages/airflow/example_dags/example_skip_dag.py
[2024-11-06T15:02:52.653+0000] {logging_mixin.py:154} INFO - [2024-11-06T15:02:52.653+0000] {dag.py:2941} INFO - Sync 1 DAGs
[2024-11-06T15:02:52.670+0000] {logging_mixin.py:154} INFO - [2024-11-06T15:02:52.670+0000] {dag.py:3722} INFO - Setting next_dagrun for example_skip_dag to 2024-11-05T15:02:52.670175+00:00, run_after=2024-11-06T15:02:52.670175+00:00
[2024-11-06T15:02:52.696+0000] {processor.py:179} INFO - Processing /home/airflow/.local/lib/python3.8/site-packages/airflow/example_dags/example_skip_dag.py took 0.088 seconds
[2024-11-06T15:37:16.885+0000] {processor.py:157} INFO - Started process (PID=2705) to work on /home/airflow/.local/lib/python3.8/site-packages/airflow/example_dags/example_skip_dag.py
[2024-11-06T15:37:16.886+0000] {processor.py:829} INFO - Processing file /home/airflow/.local/lib/python3.8/site-packages/airflow/example_dags/example_skip_dag.py for tasks to queue
[2024-11-06T15:37:16.887+0000] {logging_mixin.py:154} INFO - [2024-11-06T15:37:16.887+0000] {dagbag.py:536} INFO - Filling up the DagBag from /home/airflow/.local/lib/python3.8/site-packages/airflow/example_dags/example_skip_dag.py
[2024-11-06T15:37:16.891+0000] {processor.py:839} INFO - DAG(s) dict_keys(['example_skip_dag']) retrieved from /home/airflow/.local/lib/python3.8/site-packages/airflow/example_dags/example_skip_dag.py
[2024-11-06T15:37:16.900+0000] {logging_mixin.py:154} INFO - [2024-11-06T15:37:16.900+0000] {dag.py:2941} INFO - Sync 1 DAGs
[2024-11-06T15:37:16.909+0000] {logging_mixin.py:154} INFO - [2024-11-06T15:37:16.909+0000] {dag.py:3722} INFO - Setting next_dagrun for example_skip_dag to 2024-11-05T15:37:16.909056+00:00, run_after=2024-11-06T15:37:16.909056+00:00
[2024-11-06T15:37:16.917+0000] {processor.py:179} INFO - Processing /home/airflow/.local/lib/python3.8/site-packages/airflow/example_dags/example_skip_dag.py took 0.033 seconds
[2024-11-06T15:48:09.248+0000] {processor.py:157} INFO - Started process (PID=2759) to work on /home/airflow/.local/lib/python3.8/site-packages/airflow/example_dags/example_skip_dag.py
[2024-11-06T15:48:09.249+0000] {processor.py:829} INFO - Processing file /home/airflow/.local/lib/python3.8/site-packages/airflow/example_dags/example_skip_dag.py for tasks to queue
[2024-11-06T15:48:09.250+0000] {logging_mixin.py:154} INFO - [2024-11-06T15:48:09.249+0000] {dagbag.py:536} INFO - Filling up the DagBag from /home/airflow/.local/lib/python3.8/site-packages/airflow/example_dags/example_skip_dag.py
[2024-11-06T15:48:09.253+0000] {processor.py:839} INFO - DAG(s) dict_keys(['example_skip_dag']) retrieved from /home/airflow/.local/lib/python3.8/site-packages/airflow/example_dags/example_skip_dag.py
[2024-11-06T15:48:09.262+0000] {logging_mixin.py:154} INFO - [2024-11-06T15:48:09.262+0000] {dag.py:2941} INFO - Sync 1 DAGs
[2024-11-06T15:48:09.271+0000] {logging_mixin.py:154} INFO - [2024-11-06T15:48:09.271+0000] {dag.py:3722} INFO - Setting next_dagrun for example_skip_dag to 2024-11-05T15:48:09.271443+00:00, run_after=2024-11-06T15:48:09.271443+00:00
[2024-11-06T15:48:09.282+0000] {processor.py:179} INFO - Processing /home/airflow/.local/lib/python3.8/site-packages/airflow/example_dags/example_skip_dag.py took 0.036 seconds
[2024-11-06T16:49:03.689+0000] {processor.py:157} INFO - Started process (PID=2813) to work on /home/airflow/.local/lib/python3.8/site-packages/airflow/example_dags/example_skip_dag.py
[2024-11-06T16:49:03.691+0000] {processor.py:829} INFO - Processing file /home/airflow/.local/lib/python3.8/site-packages/airflow/example_dags/example_skip_dag.py for tasks to queue
[2024-11-06T16:49:03.693+0000] {logging_mixin.py:154} INFO - [2024-11-06T16:49:03.693+0000] {dagbag.py:536} INFO - Filling up the DagBag from /home/airflow/.local/lib/python3.8/site-packages/airflow/example_dags/example_skip_dag.py
[2024-11-06T16:49:03.696+0000] {processor.py:839} INFO - DAG(s) dict_keys(['example_skip_dag']) retrieved from /home/airflow/.local/lib/python3.8/site-packages/airflow/example_dags/example_skip_dag.py
[2024-11-06T16:49:03.707+0000] {logging_mixin.py:154} INFO - [2024-11-06T16:49:03.707+0000] {dag.py:2941} INFO - Sync 1 DAGs
[2024-11-06T16:49:03.716+0000] {logging_mixin.py:154} INFO - [2024-11-06T16:49:03.716+0000] {dag.py:3722} INFO - Setting next_dagrun for example_skip_dag to 2024-11-05T16:49:03.716712+00:00, run_after=2024-11-06T16:49:03.716712+00:00
[2024-11-06T16:49:03.729+0000] {processor.py:179} INFO - Processing /home/airflow/.local/lib/python3.8/site-packages/airflow/example_dags/example_skip_dag.py took 0.042 seconds
[2024-11-06T16:49:56.449+0000] {processor.py:157} INFO - Started process (PID=2867) to work on /home/airflow/.local/lib/python3.8/site-packages/airflow/example_dags/example_skip_dag.py
[2024-11-06T16:49:56.451+0000] {processor.py:829} INFO - Processing file /home/airflow/.local/lib/python3.8/site-packages/airflow/example_dags/example_skip_dag.py for tasks to queue
[2024-11-06T16:49:56.453+0000] {logging_mixin.py:154} INFO - [2024-11-06T16:49:56.453+0000] {dagbag.py:536} INFO - Filling up the DagBag from /home/airflow/.local/lib/python3.8/site-packages/airflow/example_dags/example_skip_dag.py
[2024-11-06T16:49:56.457+0000] {processor.py:839} INFO - DAG(s) dict_keys(['example_skip_dag']) retrieved from /home/airflow/.local/lib/python3.8/site-packages/airflow/example_dags/example_skip_dag.py
[2024-11-06T16:49:56.467+0000] {logging_mixin.py:154} INFO - [2024-11-06T16:49:56.467+0000] {dag.py:2941} INFO - Sync 1 DAGs
[2024-11-06T16:49:56.477+0000] {logging_mixin.py:154} INFO - [2024-11-06T16:49:56.477+0000] {dag.py:3722} INFO - Setting next_dagrun for example_skip_dag to 2024-11-05T16:49:56.477711+00:00, run_after=2024-11-06T16:49:56.477711+00:00
[2024-11-06T16:49:56.487+0000] {processor.py:179} INFO - Processing /home/airflow/.local/lib/python3.8/site-packages/airflow/example_dags/example_skip_dag.py took 0.039 seconds
[2024-11-06T17:40:08.438+0000] {processor.py:157} INFO - Started process (PID=2921) to work on /home/airflow/.local/lib/python3.8/site-packages/airflow/example_dags/example_skip_dag.py
[2024-11-06T17:40:08.439+0000] {processor.py:829} INFO - Processing file /home/airflow/.local/lib/python3.8/site-packages/airflow/example_dags/example_skip_dag.py for tasks to queue
[2024-11-06T17:40:08.440+0000] {logging_mixin.py:154} INFO - [2024-11-06T17:40:08.440+0000] {dagbag.py:536} INFO - Filling up the DagBag from /home/airflow/.local/lib/python3.8/site-packages/airflow/example_dags/example_skip_dag.py
[2024-11-06T17:40:08.443+0000] {processor.py:839} INFO - DAG(s) dict_keys(['example_skip_dag']) retrieved from /home/airflow/.local/lib/python3.8/site-packages/airflow/example_dags/example_skip_dag.py
[2024-11-06T17:40:08.455+0000] {logging_mixin.py:154} INFO - [2024-11-06T17:40:08.455+0000] {dag.py:2941} INFO - Sync 1 DAGs
[2024-11-06T17:40:08.471+0000] {logging_mixin.py:154} INFO - [2024-11-06T17:40:08.471+0000] {dag.py:3722} INFO - Setting next_dagrun for example_skip_dag to 2024-11-05T17:40:08.471403+00:00, run_after=2024-11-06T17:40:08.471403+00:00
[2024-11-06T17:40:08.482+0000] {processor.py:179} INFO - Processing /home/airflow/.local/lib/python3.8/site-packages/airflow/example_dags/example_skip_dag.py took 0.046 seconds
[2024-11-06T18:40:20.675+0000] {processor.py:157} INFO - Started process (PID=2975) to work on /home/airflow/.local/lib/python3.8/site-packages/airflow/example_dags/example_skip_dag.py
[2024-11-06T18:40:20.676+0000] {processor.py:829} INFO - Processing file /home/airflow/.local/lib/python3.8/site-packages/airflow/example_dags/example_skip_dag.py for tasks to queue
[2024-11-06T18:40:20.678+0000] {logging_mixin.py:154} INFO - [2024-11-06T18:40:20.678+0000] {dagbag.py:536} INFO - Filling up the DagBag from /home/airflow/.local/lib/python3.8/site-packages/airflow/example_dags/example_skip_dag.py
[2024-11-06T18:40:20.682+0000] {processor.py:839} INFO - DAG(s) dict_keys(['example_skip_dag']) retrieved from /home/airflow/.local/lib/python3.8/site-packages/airflow/example_dags/example_skip_dag.py
[2024-11-06T18:40:20.700+0000] {logging_mixin.py:154} INFO - [2024-11-06T18:40:20.700+0000] {dag.py:2941} INFO - Sync 1 DAGs
[2024-11-06T18:40:20.711+0000] {logging_mixin.py:154} INFO - [2024-11-06T18:40:20.711+0000] {dag.py:3722} INFO - Setting next_dagrun for example_skip_dag to 2024-11-05T18:40:20.711752+00:00, run_after=2024-11-06T18:40:20.711752+00:00
[2024-11-06T18:40:20.725+0000] {processor.py:179} INFO - Processing /home/airflow/.local/lib/python3.8/site-packages/airflow/example_dags/example_skip_dag.py took 0.052 seconds
[2024-11-06T19:56:54.598+0000] {processor.py:157} INFO - Started process (PID=3029) to work on /home/airflow/.local/lib/python3.8/site-packages/airflow/example_dags/example_skip_dag.py
[2024-11-06T19:56:54.599+0000] {processor.py:829} INFO - Processing file /home/airflow/.local/lib/python3.8/site-packages/airflow/example_dags/example_skip_dag.py for tasks to queue
[2024-11-06T19:56:54.600+0000] {logging_mixin.py:154} INFO - [2024-11-06T19:56:54.600+0000] {dagbag.py:536} INFO - Filling up the DagBag from /home/airflow/.local/lib/python3.8/site-packages/airflow/example_dags/example_skip_dag.py
[2024-11-06T19:56:54.603+0000] {processor.py:839} INFO - DAG(s) dict_keys(['example_skip_dag']) retrieved from /home/airflow/.local/lib/python3.8/site-packages/airflow/example_dags/example_skip_dag.py
[2024-11-06T19:56:54.612+0000] {logging_mixin.py:154} INFO - [2024-11-06T19:56:54.612+0000] {dag.py:2941} INFO - Sync 1 DAGs
[2024-11-06T19:56:54.621+0000] {logging_mixin.py:154} INFO - [2024-11-06T19:56:54.621+0000] {dag.py:3722} INFO - Setting next_dagrun for example_skip_dag to 2024-11-05T19:56:54.621433+00:00, run_after=2024-11-06T19:56:54.621433+00:00
[2024-11-06T19:56:54.630+0000] {processor.py:179} INFO - Processing /home/airflow/.local/lib/python3.8/site-packages/airflow/example_dags/example_skip_dag.py took 0.033 seconds
[2024-11-06T20:41:41.174+0000] {processor.py:157} INFO - Started process (PID=3083) to work on /home/airflow/.local/lib/python3.8/site-packages/airflow/example_dags/example_skip_dag.py
[2024-11-06T20:41:41.175+0000] {processor.py:829} INFO - Processing file /home/airflow/.local/lib/python3.8/site-packages/airflow/example_dags/example_skip_dag.py for tasks to queue
[2024-11-06T20:41:41.177+0000] {logging_mixin.py:154} INFO - [2024-11-06T20:41:41.176+0000] {dagbag.py:536} INFO - Filling up the DagBag from /home/airflow/.local/lib/python3.8/site-packages/airflow/example_dags/example_skip_dag.py
[2024-11-06T20:41:41.181+0000] {processor.py:839} INFO - DAG(s) dict_keys(['example_skip_dag']) retrieved from /home/airflow/.local/lib/python3.8/site-packages/airflow/example_dags/example_skip_dag.py
[2024-11-06T20:41:41.190+0000] {logging_mixin.py:154} INFO - [2024-11-06T20:41:41.190+0000] {dag.py:2941} INFO - Sync 1 DAGs
[2024-11-06T20:41:41.200+0000] {logging_mixin.py:154} INFO - [2024-11-06T20:41:41.200+0000] {dag.py:3722} INFO - Setting next_dagrun for example_skip_dag to 2024-11-05T20:41:41.200514+00:00, run_after=2024-11-06T20:41:41.200514+00:00
[2024-11-06T20:41:41.211+0000] {processor.py:179} INFO - Processing /home/airflow/.local/lib/python3.8/site-packages/airflow/example_dags/example_skip_dag.py took 0.038 seconds
[2024-11-06T22:09:50.387+0000] {processor.py:157} INFO - Started process (PID=3137) to work on /home/airflow/.local/lib/python3.8/site-packages/airflow/example_dags/example_skip_dag.py
[2024-11-06T22:09:50.388+0000] {processor.py:829} INFO - Processing file /home/airflow/.local/lib/python3.8/site-packages/airflow/example_dags/example_skip_dag.py for tasks to queue
[2024-11-06T22:09:50.391+0000] {logging_mixin.py:154} INFO - [2024-11-06T22:09:50.390+0000] {dagbag.py:536} INFO - Filling up the DagBag from /home/airflow/.local/lib/python3.8/site-packages/airflow/example_dags/example_skip_dag.py
[2024-11-06T22:09:50.398+0000] {processor.py:839} INFO - DAG(s) dict_keys(['example_skip_dag']) retrieved from /home/airflow/.local/lib/python3.8/site-packages/airflow/example_dags/example_skip_dag.py
[2024-11-06T22:09:50.421+0000] {logging_mixin.py:154} INFO - [2024-11-06T22:09:50.421+0000] {dag.py:2941} INFO - Sync 1 DAGs
[2024-11-06T22:09:50.445+0000] {logging_mixin.py:154} INFO - [2024-11-06T22:09:50.445+0000] {dag.py:3722} INFO - Setting next_dagrun for example_skip_dag to 2024-11-05T22:09:50.445255+00:00, run_after=2024-11-06T22:09:50.445255+00:00
[2024-11-06T22:09:50.474+0000] {processor.py:179} INFO - Processing /home/airflow/.local/lib/python3.8/site-packages/airflow/example_dags/example_skip_dag.py took 0.090 seconds
[2024-11-06T23:10:56.431+0000] {processor.py:157} INFO - Started process (PID=3191) to work on /home/airflow/.local/lib/python3.8/site-packages/airflow/example_dags/example_skip_dag.py
[2024-11-06T23:10:56.431+0000] {processor.py:829} INFO - Processing file /home/airflow/.local/lib/python3.8/site-packages/airflow/example_dags/example_skip_dag.py for tasks to queue
[2024-11-06T23:10:56.432+0000] {logging_mixin.py:154} INFO - [2024-11-06T23:10:56.432+0000] {dagbag.py:536} INFO - Filling up the DagBag from /home/airflow/.local/lib/python3.8/site-packages/airflow/example_dags/example_skip_dag.py
[2024-11-06T23:10:56.435+0000] {processor.py:839} INFO - DAG(s) dict_keys(['example_skip_dag']) retrieved from /home/airflow/.local/lib/python3.8/site-packages/airflow/example_dags/example_skip_dag.py
[2024-11-06T23:10:56.444+0000] {logging_mixin.py:154} INFO - [2024-11-06T23:10:56.444+0000] {dag.py:2941} INFO - Sync 1 DAGs
[2024-11-06T23:10:56.453+0000] {logging_mixin.py:154} INFO - [2024-11-06T23:10:56.453+0000] {dag.py:3722} INFO - Setting next_dagrun for example_skip_dag to 2024-11-05T23:10:56.453612+00:00, run_after=2024-11-06T23:10:56.453612+00:00
[2024-11-06T23:10:56.462+0000] {processor.py:179} INFO - Processing /home/airflow/.local/lib/python3.8/site-packages/airflow/example_dags/example_skip_dag.py took 0.033 seconds
[2024-11-06T23:49:21.116+0000] {processor.py:157} INFO - Started process (PID=3245) to work on /home/airflow/.local/lib/python3.8/site-packages/airflow/example_dags/example_skip_dag.py
[2024-11-06T23:49:21.116+0000] {processor.py:829} INFO - Processing file /home/airflow/.local/lib/python3.8/site-packages/airflow/example_dags/example_skip_dag.py for tasks to queue
[2024-11-06T23:49:21.117+0000] {logging_mixin.py:154} INFO - [2024-11-06T23:49:21.117+0000] {dagbag.py:536} INFO - Filling up the DagBag from /home/airflow/.local/lib/python3.8/site-packages/airflow/example_dags/example_skip_dag.py
[2024-11-06T23:49:21.121+0000] {processor.py:839} INFO - DAG(s) dict_keys(['example_skip_dag']) retrieved from /home/airflow/.local/lib/python3.8/site-packages/airflow/example_dags/example_skip_dag.py
[2024-11-06T23:49:21.135+0000] {logging_mixin.py:154} INFO - [2024-11-06T23:49:21.135+0000] {dag.py:2941} INFO - Sync 1 DAGs
[2024-11-06T23:49:21.150+0000] {logging_mixin.py:154} INFO - [2024-11-06T23:49:21.149+0000] {dag.py:3722} INFO - Setting next_dagrun for example_skip_dag to 2024-11-05T23:49:21.149848+00:00, run_after=2024-11-06T23:49:21.149848+00:00
[2024-11-06T23:49:21.161+0000] {processor.py:179} INFO - Processing /home/airflow/.local/lib/python3.8/site-packages/airflow/example_dags/example_skip_dag.py took 0.046 seconds
