[2024-11-06T08:43:18.683+0000] {processor.py:157} INFO - Started process (PID=46) to work on /home/airflow/.local/lib/python3.8/site-packages/airflow/example_dags/example_time_delta_sensor_async.py
[2024-11-06T08:43:18.685+0000] {processor.py:829} INFO - Processing file /home/airflow/.local/lib/python3.8/site-packages/airflow/example_dags/example_time_delta_sensor_async.py for tasks to queue
[2024-11-06T08:43:18.687+0000] {logging_mixin.py:154} INFO - [2024-11-06T08:43:18.687+0000] {dagbag.py:536} INFO - Filling up the DagBag from /home/airflow/.local/lib/python3.8/site-packages/airflow/example_dags/example_time_delta_sensor_async.py
[2024-11-06T08:43:18.699+0000] {processor.py:839} INFO - DAG(s) dict_keys(['example_time_delta_sensor_async']) retrieved from /home/airflow/.local/lib/python3.8/site-packages/airflow/example_dags/example_time_delta_sensor_async.py
[2024-11-06T08:43:18.745+0000] {logging_mixin.py:154} INFO - [2024-11-06T08:43:18.744+0000] {dag.py:2941} INFO - Sync 1 DAGs
[2024-11-06T08:43:18.776+0000] {logging_mixin.py:154} INFO - [2024-11-06T08:43:18.776+0000] {dag.py:3722} INFO - Setting next_dagrun for example_time_delta_sensor_async to None, run_after=None
[2024-11-06T08:43:18.789+0000] {processor.py:179} INFO - Processing /home/airflow/.local/lib/python3.8/site-packages/airflow/example_dags/example_time_delta_sensor_async.py took 0.107 seconds
[2024-11-06T08:43:49.307+0000] {processor.py:157} INFO - Started process (PID=100) to work on /home/airflow/.local/lib/python3.8/site-packages/airflow/example_dags/example_time_delta_sensor_async.py
[2024-11-06T08:43:49.307+0000] {processor.py:829} INFO - Processing file /home/airflow/.local/lib/python3.8/site-packages/airflow/example_dags/example_time_delta_sensor_async.py for tasks to queue
[2024-11-06T08:43:49.312+0000] {logging_mixin.py:154} INFO - [2024-11-06T08:43:49.312+0000] {dagbag.py:536} INFO - Filling up the DagBag from /home/airflow/.local/lib/python3.8/site-packages/airflow/example_dags/example_time_delta_sensor_async.py
[2024-11-06T08:43:49.314+0000] {processor.py:839} INFO - DAG(s) dict_keys(['example_time_delta_sensor_async']) retrieved from /home/airflow/.local/lib/python3.8/site-packages/airflow/example_dags/example_time_delta_sensor_async.py
[2024-11-06T08:43:49.330+0000] {logging_mixin.py:154} INFO - [2024-11-06T08:43:49.330+0000] {dag.py:2941} INFO - Sync 1 DAGs
[2024-11-06T08:43:49.339+0000] {logging_mixin.py:154} INFO - [2024-11-06T08:43:49.339+0000] {dag.py:3722} INFO - Setting next_dagrun for example_time_delta_sensor_async to None, run_after=None
[2024-11-06T08:43:49.351+0000] {processor.py:179} INFO - Processing /home/airflow/.local/lib/python3.8/site-packages/airflow/example_dags/example_time_delta_sensor_async.py took 0.046 seconds
[2024-11-06T08:44:19.734+0000] {processor.py:157} INFO - Started process (PID=154) to work on /home/airflow/.local/lib/python3.8/site-packages/airflow/example_dags/example_time_delta_sensor_async.py
[2024-11-06T08:44:19.735+0000] {processor.py:829} INFO - Processing file /home/airflow/.local/lib/python3.8/site-packages/airflow/example_dags/example_time_delta_sensor_async.py for tasks to queue
[2024-11-06T08:44:19.736+0000] {logging_mixin.py:154} INFO - [2024-11-06T08:44:19.736+0000] {dagbag.py:536} INFO - Filling up the DagBag from /home/airflow/.local/lib/python3.8/site-packages/airflow/example_dags/example_time_delta_sensor_async.py
[2024-11-06T08:44:19.740+0000] {processor.py:839} INFO - DAG(s) dict_keys(['example_time_delta_sensor_async']) retrieved from /home/airflow/.local/lib/python3.8/site-packages/airflow/example_dags/example_time_delta_sensor_async.py
[2024-11-06T08:44:19.751+0000] {logging_mixin.py:154} INFO - [2024-11-06T08:44:19.751+0000] {dag.py:2941} INFO - Sync 1 DAGs
[2024-11-06T08:44:19.757+0000] {logging_mixin.py:154} INFO - [2024-11-06T08:44:19.757+0000] {dag.py:3722} INFO - Setting next_dagrun for example_time_delta_sensor_async to None, run_after=None
[2024-11-06T08:44:19.766+0000] {processor.py:179} INFO - Processing /home/airflow/.local/lib/python3.8/site-packages/airflow/example_dags/example_time_delta_sensor_async.py took 0.033 seconds
[2024-11-06T08:44:50.114+0000] {processor.py:157} INFO - Started process (PID=208) to work on /home/airflow/.local/lib/python3.8/site-packages/airflow/example_dags/example_time_delta_sensor_async.py
[2024-11-06T08:44:50.115+0000] {processor.py:829} INFO - Processing file /home/airflow/.local/lib/python3.8/site-packages/airflow/example_dags/example_time_delta_sensor_async.py for tasks to queue
[2024-11-06T08:44:50.116+0000] {logging_mixin.py:154} INFO - [2024-11-06T08:44:50.116+0000] {dagbag.py:536} INFO - Filling up the DagBag from /home/airflow/.local/lib/python3.8/site-packages/airflow/example_dags/example_time_delta_sensor_async.py
[2024-11-06T08:44:50.122+0000] {processor.py:839} INFO - DAG(s) dict_keys(['example_time_delta_sensor_async']) retrieved from /home/airflow/.local/lib/python3.8/site-packages/airflow/example_dags/example_time_delta_sensor_async.py
[2024-11-06T08:44:50.135+0000] {logging_mixin.py:154} INFO - [2024-11-06T08:44:50.135+0000] {dag.py:2941} INFO - Sync 1 DAGs
[2024-11-06T08:44:50.141+0000] {logging_mixin.py:154} INFO - [2024-11-06T08:44:50.141+0000] {dag.py:3722} INFO - Setting next_dagrun for example_time_delta_sensor_async to None, run_after=None
[2024-11-06T08:44:50.155+0000] {processor.py:179} INFO - Processing /home/airflow/.local/lib/python3.8/site-packages/airflow/example_dags/example_time_delta_sensor_async.py took 0.042 seconds
[2024-11-06T08:45:20.473+0000] {processor.py:157} INFO - Started process (PID=262) to work on /home/airflow/.local/lib/python3.8/site-packages/airflow/example_dags/example_time_delta_sensor_async.py
[2024-11-06T08:45:20.474+0000] {processor.py:829} INFO - Processing file /home/airflow/.local/lib/python3.8/site-packages/airflow/example_dags/example_time_delta_sensor_async.py for tasks to queue
[2024-11-06T08:45:20.475+0000] {logging_mixin.py:154} INFO - [2024-11-06T08:45:20.475+0000] {dagbag.py:536} INFO - Filling up the DagBag from /home/airflow/.local/lib/python3.8/site-packages/airflow/example_dags/example_time_delta_sensor_async.py
[2024-11-06T08:45:20.479+0000] {processor.py:839} INFO - DAG(s) dict_keys(['example_time_delta_sensor_async']) retrieved from /home/airflow/.local/lib/python3.8/site-packages/airflow/example_dags/example_time_delta_sensor_async.py
[2024-11-06T08:45:20.494+0000] {logging_mixin.py:154} INFO - [2024-11-06T08:45:20.494+0000] {dag.py:2941} INFO - Sync 1 DAGs
[2024-11-06T08:45:20.502+0000] {logging_mixin.py:154} INFO - [2024-11-06T08:45:20.502+0000] {dag.py:3722} INFO - Setting next_dagrun for example_time_delta_sensor_async to None, run_after=None
[2024-11-06T08:45:20.513+0000] {processor.py:179} INFO - Processing /home/airflow/.local/lib/python3.8/site-packages/airflow/example_dags/example_time_delta_sensor_async.py took 0.041 seconds
[2024-11-06T08:45:50.854+0000] {processor.py:157} INFO - Started process (PID=316) to work on /home/airflow/.local/lib/python3.8/site-packages/airflow/example_dags/example_time_delta_sensor_async.py
[2024-11-06T08:45:50.854+0000] {processor.py:829} INFO - Processing file /home/airflow/.local/lib/python3.8/site-packages/airflow/example_dags/example_time_delta_sensor_async.py for tasks to queue
[2024-11-06T08:45:50.856+0000] {logging_mixin.py:154} INFO - [2024-11-06T08:45:50.856+0000] {dagbag.py:536} INFO - Filling up the DagBag from /home/airflow/.local/lib/python3.8/site-packages/airflow/example_dags/example_time_delta_sensor_async.py
[2024-11-06T08:45:50.859+0000] {processor.py:839} INFO - DAG(s) dict_keys(['example_time_delta_sensor_async']) retrieved from /home/airflow/.local/lib/python3.8/site-packages/airflow/example_dags/example_time_delta_sensor_async.py
[2024-11-06T08:45:50.870+0000] {logging_mixin.py:154} INFO - [2024-11-06T08:45:50.870+0000] {dag.py:2941} INFO - Sync 1 DAGs
[2024-11-06T08:45:50.875+0000] {logging_mixin.py:154} INFO - [2024-11-06T08:45:50.875+0000] {dag.py:3722} INFO - Setting next_dagrun for example_time_delta_sensor_async to None, run_after=None
[2024-11-06T08:45:50.889+0000] {processor.py:179} INFO - Processing /home/airflow/.local/lib/python3.8/site-packages/airflow/example_dags/example_time_delta_sensor_async.py took 0.037 seconds
[2024-11-06T08:46:21.234+0000] {processor.py:157} INFO - Started process (PID=370) to work on /home/airflow/.local/lib/python3.8/site-packages/airflow/example_dags/example_time_delta_sensor_async.py
[2024-11-06T08:46:21.235+0000] {processor.py:829} INFO - Processing file /home/airflow/.local/lib/python3.8/site-packages/airflow/example_dags/example_time_delta_sensor_async.py for tasks to queue
[2024-11-06T08:46:21.236+0000] {logging_mixin.py:154} INFO - [2024-11-06T08:46:21.236+0000] {dagbag.py:536} INFO - Filling up the DagBag from /home/airflow/.local/lib/python3.8/site-packages/airflow/example_dags/example_time_delta_sensor_async.py
[2024-11-06T08:46:21.238+0000] {processor.py:839} INFO - DAG(s) dict_keys(['example_time_delta_sensor_async']) retrieved from /home/airflow/.local/lib/python3.8/site-packages/airflow/example_dags/example_time_delta_sensor_async.py
[2024-11-06T08:46:21.252+0000] {logging_mixin.py:154} INFO - [2024-11-06T08:46:21.252+0000] {dag.py:2941} INFO - Sync 1 DAGs
[2024-11-06T08:46:21.257+0000] {logging_mixin.py:154} INFO - [2024-11-06T08:46:21.257+0000] {dag.py:3722} INFO - Setting next_dagrun for example_time_delta_sensor_async to None, run_after=None
[2024-11-06T08:46:21.265+0000] {processor.py:179} INFO - Processing /home/airflow/.local/lib/python3.8/site-packages/airflow/example_dags/example_time_delta_sensor_async.py took 0.032 seconds
[2024-11-06T08:46:51.961+0000] {processor.py:157} INFO - Started process (PID=424) to work on /home/airflow/.local/lib/python3.8/site-packages/airflow/example_dags/example_time_delta_sensor_async.py
[2024-11-06T08:46:51.962+0000] {processor.py:829} INFO - Processing file /home/airflow/.local/lib/python3.8/site-packages/airflow/example_dags/example_time_delta_sensor_async.py for tasks to queue
[2024-11-06T08:46:51.963+0000] {logging_mixin.py:154} INFO - [2024-11-06T08:46:51.962+0000] {dagbag.py:536} INFO - Filling up the DagBag from /home/airflow/.local/lib/python3.8/site-packages/airflow/example_dags/example_time_delta_sensor_async.py
[2024-11-06T08:46:51.968+0000] {processor.py:839} INFO - DAG(s) dict_keys(['example_time_delta_sensor_async']) retrieved from /home/airflow/.local/lib/python3.8/site-packages/airflow/example_dags/example_time_delta_sensor_async.py
[2024-11-06T08:46:51.978+0000] {logging_mixin.py:154} INFO - [2024-11-06T08:46:51.978+0000] {dag.py:2941} INFO - Sync 1 DAGs
[2024-11-06T08:46:51.987+0000] {logging_mixin.py:154} INFO - [2024-11-06T08:46:51.987+0000] {dag.py:3722} INFO - Setting next_dagrun for example_time_delta_sensor_async to None, run_after=None
[2024-11-06T08:46:51.993+0000] {processor.py:179} INFO - Processing /home/airflow/.local/lib/python3.8/site-packages/airflow/example_dags/example_time_delta_sensor_async.py took 0.034 seconds
[2024-11-06T08:47:22.502+0000] {processor.py:157} INFO - Started process (PID=478) to work on /home/airflow/.local/lib/python3.8/site-packages/airflow/example_dags/example_time_delta_sensor_async.py
[2024-11-06T08:47:22.503+0000] {processor.py:829} INFO - Processing file /home/airflow/.local/lib/python3.8/site-packages/airflow/example_dags/example_time_delta_sensor_async.py for tasks to queue
[2024-11-06T08:47:22.504+0000] {logging_mixin.py:154} INFO - [2024-11-06T08:47:22.504+0000] {dagbag.py:536} INFO - Filling up the DagBag from /home/airflow/.local/lib/python3.8/site-packages/airflow/example_dags/example_time_delta_sensor_async.py
[2024-11-06T08:47:22.506+0000] {processor.py:839} INFO - DAG(s) dict_keys(['example_time_delta_sensor_async']) retrieved from /home/airflow/.local/lib/python3.8/site-packages/airflow/example_dags/example_time_delta_sensor_async.py
[2024-11-06T08:47:22.520+0000] {logging_mixin.py:154} INFO - [2024-11-06T08:47:22.520+0000] {dag.py:2941} INFO - Sync 1 DAGs
[2024-11-06T08:47:22.527+0000] {logging_mixin.py:154} INFO - [2024-11-06T08:47:22.527+0000] {dag.py:3722} INFO - Setting next_dagrun for example_time_delta_sensor_async to None, run_after=None
[2024-11-06T08:47:22.536+0000] {processor.py:179} INFO - Processing /home/airflow/.local/lib/python3.8/site-packages/airflow/example_dags/example_time_delta_sensor_async.py took 0.035 seconds
[2024-11-06T08:47:52.844+0000] {processor.py:157} INFO - Started process (PID=540) to work on /home/airflow/.local/lib/python3.8/site-packages/airflow/example_dags/example_time_delta_sensor_async.py
[2024-11-06T08:47:52.845+0000] {processor.py:829} INFO - Processing file /home/airflow/.local/lib/python3.8/site-packages/airflow/example_dags/example_time_delta_sensor_async.py for tasks to queue
[2024-11-06T08:47:52.849+0000] {logging_mixin.py:154} INFO - [2024-11-06T08:47:52.849+0000] {dagbag.py:536} INFO - Filling up the DagBag from /home/airflow/.local/lib/python3.8/site-packages/airflow/example_dags/example_time_delta_sensor_async.py
[2024-11-06T08:47:52.851+0000] {processor.py:839} INFO - DAG(s) dict_keys(['example_time_delta_sensor_async']) retrieved from /home/airflow/.local/lib/python3.8/site-packages/airflow/example_dags/example_time_delta_sensor_async.py
[2024-11-06T08:47:52.861+0000] {logging_mixin.py:154} INFO - [2024-11-06T08:47:52.861+0000] {dag.py:2941} INFO - Sync 1 DAGs
[2024-11-06T08:47:52.868+0000] {logging_mixin.py:154} INFO - [2024-11-06T08:47:52.868+0000] {dag.py:3722} INFO - Setting next_dagrun for example_time_delta_sensor_async to None, run_after=None
[2024-11-06T08:47:52.877+0000] {processor.py:179} INFO - Processing /home/airflow/.local/lib/python3.8/site-packages/airflow/example_dags/example_time_delta_sensor_async.py took 0.034 seconds
[2024-11-06T08:48:23.226+0000] {processor.py:157} INFO - Started process (PID=594) to work on /home/airflow/.local/lib/python3.8/site-packages/airflow/example_dags/example_time_delta_sensor_async.py
[2024-11-06T08:48:23.226+0000] {processor.py:829} INFO - Processing file /home/airflow/.local/lib/python3.8/site-packages/airflow/example_dags/example_time_delta_sensor_async.py for tasks to queue
[2024-11-06T08:48:23.228+0000] {logging_mixin.py:154} INFO - [2024-11-06T08:48:23.227+0000] {dagbag.py:536} INFO - Filling up the DagBag from /home/airflow/.local/lib/python3.8/site-packages/airflow/example_dags/example_time_delta_sensor_async.py
[2024-11-06T08:48:23.230+0000] {processor.py:839} INFO - DAG(s) dict_keys(['example_time_delta_sensor_async']) retrieved from /home/airflow/.local/lib/python3.8/site-packages/airflow/example_dags/example_time_delta_sensor_async.py
[2024-11-06T08:48:23.240+0000] {logging_mixin.py:154} INFO - [2024-11-06T08:48:23.240+0000] {dag.py:2941} INFO - Sync 1 DAGs
[2024-11-06T08:48:23.245+0000] {logging_mixin.py:154} INFO - [2024-11-06T08:48:23.245+0000] {dag.py:3722} INFO - Setting next_dagrun for example_time_delta_sensor_async to None, run_after=None
[2024-11-06T08:48:23.254+0000] {processor.py:179} INFO - Processing /home/airflow/.local/lib/python3.8/site-packages/airflow/example_dags/example_time_delta_sensor_async.py took 0.030 seconds
[2024-11-06T08:48:53.552+0000] {processor.py:157} INFO - Started process (PID=648) to work on /home/airflow/.local/lib/python3.8/site-packages/airflow/example_dags/example_time_delta_sensor_async.py
[2024-11-06T08:48:53.552+0000] {processor.py:829} INFO - Processing file /home/airflow/.local/lib/python3.8/site-packages/airflow/example_dags/example_time_delta_sensor_async.py for tasks to queue
[2024-11-06T08:48:53.555+0000] {logging_mixin.py:154} INFO - [2024-11-06T08:48:53.555+0000] {dagbag.py:536} INFO - Filling up the DagBag from /home/airflow/.local/lib/python3.8/site-packages/airflow/example_dags/example_time_delta_sensor_async.py
[2024-11-06T08:48:53.557+0000] {processor.py:839} INFO - DAG(s) dict_keys(['example_time_delta_sensor_async']) retrieved from /home/airflow/.local/lib/python3.8/site-packages/airflow/example_dags/example_time_delta_sensor_async.py
[2024-11-06T08:48:53.565+0000] {logging_mixin.py:154} INFO - [2024-11-06T08:48:53.565+0000] {dag.py:2941} INFO - Sync 1 DAGs
[2024-11-06T08:48:53.573+0000] {logging_mixin.py:154} INFO - [2024-11-06T08:48:53.573+0000] {dag.py:3722} INFO - Setting next_dagrun for example_time_delta_sensor_async to None, run_after=None
[2024-11-06T08:48:53.585+0000] {processor.py:179} INFO - Processing /home/airflow/.local/lib/python3.8/site-packages/airflow/example_dags/example_time_delta_sensor_async.py took 0.035 seconds
[2024-11-06T08:49:23.816+0000] {processor.py:157} INFO - Started process (PID=702) to work on /home/airflow/.local/lib/python3.8/site-packages/airflow/example_dags/example_time_delta_sensor_async.py
[2024-11-06T08:49:23.817+0000] {processor.py:829} INFO - Processing file /home/airflow/.local/lib/python3.8/site-packages/airflow/example_dags/example_time_delta_sensor_async.py for tasks to queue
[2024-11-06T08:49:23.817+0000] {logging_mixin.py:154} INFO - [2024-11-06T08:49:23.817+0000] {dagbag.py:536} INFO - Filling up the DagBag from /home/airflow/.local/lib/python3.8/site-packages/airflow/example_dags/example_time_delta_sensor_async.py
[2024-11-06T08:49:23.819+0000] {processor.py:839} INFO - DAG(s) dict_keys(['example_time_delta_sensor_async']) retrieved from /home/airflow/.local/lib/python3.8/site-packages/airflow/example_dags/example_time_delta_sensor_async.py
[2024-11-06T08:49:23.829+0000] {logging_mixin.py:154} INFO - [2024-11-06T08:49:23.829+0000] {dag.py:2941} INFO - Sync 1 DAGs
[2024-11-06T08:49:23.835+0000] {logging_mixin.py:154} INFO - [2024-11-06T08:49:23.835+0000] {dag.py:3722} INFO - Setting next_dagrun for example_time_delta_sensor_async to None, run_after=None
[2024-11-06T08:49:23.844+0000] {processor.py:179} INFO - Processing /home/airflow/.local/lib/python3.8/site-packages/airflow/example_dags/example_time_delta_sensor_async.py took 0.029 seconds
[2024-11-06T08:49:54.041+0000] {processor.py:157} INFO - Started process (PID=755) to work on /home/airflow/.local/lib/python3.8/site-packages/airflow/example_dags/example_time_delta_sensor_async.py
[2024-11-06T08:49:54.041+0000] {processor.py:829} INFO - Processing file /home/airflow/.local/lib/python3.8/site-packages/airflow/example_dags/example_time_delta_sensor_async.py for tasks to queue
[2024-11-06T08:49:54.042+0000] {logging_mixin.py:154} INFO - [2024-11-06T08:49:54.042+0000] {dagbag.py:536} INFO - Filling up the DagBag from /home/airflow/.local/lib/python3.8/site-packages/airflow/example_dags/example_time_delta_sensor_async.py
[2024-11-06T08:49:54.045+0000] {processor.py:839} INFO - DAG(s) dict_keys(['example_time_delta_sensor_async']) retrieved from /home/airflow/.local/lib/python3.8/site-packages/airflow/example_dags/example_time_delta_sensor_async.py
[2024-11-06T08:49:54.054+0000] {logging_mixin.py:154} INFO - [2024-11-06T08:49:54.054+0000] {dag.py:2941} INFO - Sync 1 DAGs
[2024-11-06T08:49:54.059+0000] {logging_mixin.py:154} INFO - [2024-11-06T08:49:54.059+0000] {dag.py:3722} INFO - Setting next_dagrun for example_time_delta_sensor_async to None, run_after=None
[2024-11-06T08:49:54.066+0000] {processor.py:179} INFO - Processing /home/airflow/.local/lib/python3.8/site-packages/airflow/example_dags/example_time_delta_sensor_async.py took 0.026 seconds
[2024-11-06T08:50:24.267+0000] {processor.py:157} INFO - Started process (PID=809) to work on /home/airflow/.local/lib/python3.8/site-packages/airflow/example_dags/example_time_delta_sensor_async.py
[2024-11-06T08:50:24.268+0000] {processor.py:829} INFO - Processing file /home/airflow/.local/lib/python3.8/site-packages/airflow/example_dags/example_time_delta_sensor_async.py for tasks to queue
[2024-11-06T08:50:24.273+0000] {logging_mixin.py:154} INFO - [2024-11-06T08:50:24.273+0000] {dagbag.py:536} INFO - Filling up the DagBag from /home/airflow/.local/lib/python3.8/site-packages/airflow/example_dags/example_time_delta_sensor_async.py
[2024-11-06T08:50:24.276+0000] {processor.py:839} INFO - DAG(s) dict_keys(['example_time_delta_sensor_async']) retrieved from /home/airflow/.local/lib/python3.8/site-packages/airflow/example_dags/example_time_delta_sensor_async.py
[2024-11-06T08:50:24.284+0000] {logging_mixin.py:154} INFO - [2024-11-06T08:50:24.284+0000] {dag.py:2941} INFO - Sync 1 DAGs
[2024-11-06T08:50:24.290+0000] {logging_mixin.py:154} INFO - [2024-11-06T08:50:24.290+0000] {dag.py:3722} INFO - Setting next_dagrun for example_time_delta_sensor_async to None, run_after=None
[2024-11-06T08:50:24.299+0000] {processor.py:179} INFO - Processing /home/airflow/.local/lib/python3.8/site-packages/airflow/example_dags/example_time_delta_sensor_async.py took 0.033 seconds
[2024-11-06T08:50:54.533+0000] {processor.py:157} INFO - Started process (PID=863) to work on /home/airflow/.local/lib/python3.8/site-packages/airflow/example_dags/example_time_delta_sensor_async.py
[2024-11-06T08:50:54.536+0000] {processor.py:829} INFO - Processing file /home/airflow/.local/lib/python3.8/site-packages/airflow/example_dags/example_time_delta_sensor_async.py for tasks to queue
[2024-11-06T08:50:54.539+0000] {logging_mixin.py:154} INFO - [2024-11-06T08:50:54.538+0000] {dagbag.py:536} INFO - Filling up the DagBag from /home/airflow/.local/lib/python3.8/site-packages/airflow/example_dags/example_time_delta_sensor_async.py
[2024-11-06T08:50:54.541+0000] {processor.py:839} INFO - DAG(s) dict_keys(['example_time_delta_sensor_async']) retrieved from /home/airflow/.local/lib/python3.8/site-packages/airflow/example_dags/example_time_delta_sensor_async.py
[2024-11-06T08:50:54.552+0000] {logging_mixin.py:154} INFO - [2024-11-06T08:50:54.551+0000] {dag.py:2941} INFO - Sync 1 DAGs
[2024-11-06T08:50:54.560+0000] {logging_mixin.py:154} INFO - [2024-11-06T08:50:54.560+0000] {dag.py:3722} INFO - Setting next_dagrun for example_time_delta_sensor_async to None, run_after=None
[2024-11-06T08:50:54.567+0000] {processor.py:179} INFO - Processing /home/airflow/.local/lib/python3.8/site-packages/airflow/example_dags/example_time_delta_sensor_async.py took 0.035 seconds
[2024-11-06T08:51:24.761+0000] {processor.py:157} INFO - Started process (PID=917) to work on /home/airflow/.local/lib/python3.8/site-packages/airflow/example_dags/example_time_delta_sensor_async.py
[2024-11-06T08:51:24.762+0000] {processor.py:829} INFO - Processing file /home/airflow/.local/lib/python3.8/site-packages/airflow/example_dags/example_time_delta_sensor_async.py for tasks to queue
[2024-11-06T08:51:24.763+0000] {logging_mixin.py:154} INFO - [2024-11-06T08:51:24.763+0000] {dagbag.py:536} INFO - Filling up the DagBag from /home/airflow/.local/lib/python3.8/site-packages/airflow/example_dags/example_time_delta_sensor_async.py
[2024-11-06T08:51:24.765+0000] {processor.py:839} INFO - DAG(s) dict_keys(['example_time_delta_sensor_async']) retrieved from /home/airflow/.local/lib/python3.8/site-packages/airflow/example_dags/example_time_delta_sensor_async.py
[2024-11-06T08:51:24.775+0000] {logging_mixin.py:154} INFO - [2024-11-06T08:51:24.775+0000] {dag.py:2941} INFO - Sync 1 DAGs
[2024-11-06T08:51:24.780+0000] {logging_mixin.py:154} INFO - [2024-11-06T08:51:24.780+0000] {dag.py:3722} INFO - Setting next_dagrun for example_time_delta_sensor_async to None, run_after=None
[2024-11-06T08:51:24.788+0000] {processor.py:179} INFO - Processing /home/airflow/.local/lib/python3.8/site-packages/airflow/example_dags/example_time_delta_sensor_async.py took 0.028 seconds
[2024-11-06T08:51:55.207+0000] {processor.py:157} INFO - Started process (PID=971) to work on /home/airflow/.local/lib/python3.8/site-packages/airflow/example_dags/example_time_delta_sensor_async.py
[2024-11-06T08:51:55.207+0000] {processor.py:829} INFO - Processing file /home/airflow/.local/lib/python3.8/site-packages/airflow/example_dags/example_time_delta_sensor_async.py for tasks to queue
[2024-11-06T08:51:55.208+0000] {logging_mixin.py:154} INFO - [2024-11-06T08:51:55.208+0000] {dagbag.py:536} INFO - Filling up the DagBag from /home/airflow/.local/lib/python3.8/site-packages/airflow/example_dags/example_time_delta_sensor_async.py
[2024-11-06T08:51:55.210+0000] {processor.py:839} INFO - DAG(s) dict_keys(['example_time_delta_sensor_async']) retrieved from /home/airflow/.local/lib/python3.8/site-packages/airflow/example_dags/example_time_delta_sensor_async.py
[2024-11-06T08:51:55.219+0000] {logging_mixin.py:154} INFO - [2024-11-06T08:51:55.219+0000] {dag.py:2941} INFO - Sync 1 DAGs
[2024-11-06T08:51:55.224+0000] {logging_mixin.py:154} INFO - [2024-11-06T08:51:55.224+0000] {dag.py:3722} INFO - Setting next_dagrun for example_time_delta_sensor_async to None, run_after=None
[2024-11-06T08:51:55.233+0000] {processor.py:179} INFO - Processing /home/airflow/.local/lib/python3.8/site-packages/airflow/example_dags/example_time_delta_sensor_async.py took 0.027 seconds
[2024-11-06T08:52:25.590+0000] {processor.py:157} INFO - Started process (PID=1025) to work on /home/airflow/.local/lib/python3.8/site-packages/airflow/example_dags/example_time_delta_sensor_async.py
[2024-11-06T08:52:25.590+0000] {processor.py:829} INFO - Processing file /home/airflow/.local/lib/python3.8/site-packages/airflow/example_dags/example_time_delta_sensor_async.py for tasks to queue
[2024-11-06T08:52:25.591+0000] {logging_mixin.py:154} INFO - [2024-11-06T08:52:25.591+0000] {dagbag.py:536} INFO - Filling up the DagBag from /home/airflow/.local/lib/python3.8/site-packages/airflow/example_dags/example_time_delta_sensor_async.py
[2024-11-06T08:52:25.593+0000] {processor.py:839} INFO - DAG(s) dict_keys(['example_time_delta_sensor_async']) retrieved from /home/airflow/.local/lib/python3.8/site-packages/airflow/example_dags/example_time_delta_sensor_async.py
[2024-11-06T08:52:25.603+0000] {logging_mixin.py:154} INFO - [2024-11-06T08:52:25.602+0000] {dag.py:2941} INFO - Sync 1 DAGs
[2024-11-06T08:52:25.609+0000] {logging_mixin.py:154} INFO - [2024-11-06T08:52:25.609+0000] {dag.py:3722} INFO - Setting next_dagrun for example_time_delta_sensor_async to None, run_after=None
[2024-11-06T08:52:25.619+0000] {processor.py:179} INFO - Processing /home/airflow/.local/lib/python3.8/site-packages/airflow/example_dags/example_time_delta_sensor_async.py took 0.030 seconds
[2024-11-06T08:52:55.786+0000] {processor.py:157} INFO - Started process (PID=1079) to work on /home/airflow/.local/lib/python3.8/site-packages/airflow/example_dags/example_time_delta_sensor_async.py
[2024-11-06T08:52:55.789+0000] {processor.py:829} INFO - Processing file /home/airflow/.local/lib/python3.8/site-packages/airflow/example_dags/example_time_delta_sensor_async.py for tasks to queue
[2024-11-06T08:52:55.790+0000] {logging_mixin.py:154} INFO - [2024-11-06T08:52:55.790+0000] {dagbag.py:536} INFO - Filling up the DagBag from /home/airflow/.local/lib/python3.8/site-packages/airflow/example_dags/example_time_delta_sensor_async.py
[2024-11-06T08:52:55.792+0000] {processor.py:839} INFO - DAG(s) dict_keys(['example_time_delta_sensor_async']) retrieved from /home/airflow/.local/lib/python3.8/site-packages/airflow/example_dags/example_time_delta_sensor_async.py
[2024-11-06T08:52:55.801+0000] {logging_mixin.py:154} INFO - [2024-11-06T08:52:55.801+0000] {dag.py:2941} INFO - Sync 1 DAGs
[2024-11-06T08:52:55.806+0000] {logging_mixin.py:154} INFO - [2024-11-06T08:52:55.806+0000] {dag.py:3722} INFO - Setting next_dagrun for example_time_delta_sensor_async to None, run_after=None
[2024-11-06T08:52:55.815+0000] {processor.py:179} INFO - Processing /home/airflow/.local/lib/python3.8/site-packages/airflow/example_dags/example_time_delta_sensor_async.py took 0.030 seconds
[2024-11-06T08:53:26.480+0000] {processor.py:157} INFO - Started process (PID=1133) to work on /home/airflow/.local/lib/python3.8/site-packages/airflow/example_dags/example_time_delta_sensor_async.py
[2024-11-06T08:53:26.482+0000] {processor.py:829} INFO - Processing file /home/airflow/.local/lib/python3.8/site-packages/airflow/example_dags/example_time_delta_sensor_async.py for tasks to queue
[2024-11-06T08:53:26.484+0000] {logging_mixin.py:154} INFO - [2024-11-06T08:53:26.484+0000] {dagbag.py:536} INFO - Filling up the DagBag from /home/airflow/.local/lib/python3.8/site-packages/airflow/example_dags/example_time_delta_sensor_async.py
[2024-11-06T08:53:26.486+0000] {processor.py:839} INFO - DAG(s) dict_keys(['example_time_delta_sensor_async']) retrieved from /home/airflow/.local/lib/python3.8/site-packages/airflow/example_dags/example_time_delta_sensor_async.py
[2024-11-06T08:53:26.495+0000] {logging_mixin.py:154} INFO - [2024-11-06T08:53:26.495+0000] {dag.py:2941} INFO - Sync 1 DAGs
[2024-11-06T08:53:26.500+0000] {logging_mixin.py:154} INFO - [2024-11-06T08:53:26.500+0000] {dag.py:3722} INFO - Setting next_dagrun for example_time_delta_sensor_async to None, run_after=None
[2024-11-06T08:53:26.509+0000] {processor.py:179} INFO - Processing /home/airflow/.local/lib/python3.8/site-packages/airflow/example_dags/example_time_delta_sensor_async.py took 0.031 seconds
[2024-11-06T08:53:57.201+0000] {processor.py:157} INFO - Started process (PID=1187) to work on /home/airflow/.local/lib/python3.8/site-packages/airflow/example_dags/example_time_delta_sensor_async.py
[2024-11-06T08:53:57.202+0000] {processor.py:829} INFO - Processing file /home/airflow/.local/lib/python3.8/site-packages/airflow/example_dags/example_time_delta_sensor_async.py for tasks to queue
[2024-11-06T08:53:57.206+0000] {logging_mixin.py:154} INFO - [2024-11-06T08:53:57.206+0000] {dagbag.py:536} INFO - Filling up the DagBag from /home/airflow/.local/lib/python3.8/site-packages/airflow/example_dags/example_time_delta_sensor_async.py
[2024-11-06T08:53:57.208+0000] {processor.py:839} INFO - DAG(s) dict_keys(['example_time_delta_sensor_async']) retrieved from /home/airflow/.local/lib/python3.8/site-packages/airflow/example_dags/example_time_delta_sensor_async.py
[2024-11-06T08:53:57.218+0000] {logging_mixin.py:154} INFO - [2024-11-06T08:53:57.218+0000] {dag.py:2941} INFO - Sync 1 DAGs
[2024-11-06T08:53:57.227+0000] {logging_mixin.py:154} INFO - [2024-11-06T08:53:57.227+0000] {dag.py:3722} INFO - Setting next_dagrun for example_time_delta_sensor_async to None, run_after=None
[2024-11-06T08:53:57.234+0000] {processor.py:179} INFO - Processing /home/airflow/.local/lib/python3.8/site-packages/airflow/example_dags/example_time_delta_sensor_async.py took 0.035 seconds
[2024-11-06T08:54:27.380+0000] {processor.py:157} INFO - Started process (PID=1241) to work on /home/airflow/.local/lib/python3.8/site-packages/airflow/example_dags/example_time_delta_sensor_async.py
[2024-11-06T08:54:27.381+0000] {processor.py:829} INFO - Processing file /home/airflow/.local/lib/python3.8/site-packages/airflow/example_dags/example_time_delta_sensor_async.py for tasks to queue
[2024-11-06T08:54:27.382+0000] {logging_mixin.py:154} INFO - [2024-11-06T08:54:27.382+0000] {dagbag.py:536} INFO - Filling up the DagBag from /home/airflow/.local/lib/python3.8/site-packages/airflow/example_dags/example_time_delta_sensor_async.py
[2024-11-06T08:54:27.384+0000] {processor.py:839} INFO - DAG(s) dict_keys(['example_time_delta_sensor_async']) retrieved from /home/airflow/.local/lib/python3.8/site-packages/airflow/example_dags/example_time_delta_sensor_async.py
[2024-11-06T08:54:27.395+0000] {logging_mixin.py:154} INFO - [2024-11-06T08:54:27.395+0000] {dag.py:2941} INFO - Sync 1 DAGs
[2024-11-06T08:54:27.401+0000] {logging_mixin.py:154} INFO - [2024-11-06T08:54:27.401+0000] {dag.py:3722} INFO - Setting next_dagrun for example_time_delta_sensor_async to None, run_after=None
[2024-11-06T08:54:27.410+0000] {processor.py:179} INFO - Processing /home/airflow/.local/lib/python3.8/site-packages/airflow/example_dags/example_time_delta_sensor_async.py took 0.031 seconds
[2024-11-06T08:54:57.537+0000] {processor.py:157} INFO - Started process (PID=1295) to work on /home/airflow/.local/lib/python3.8/site-packages/airflow/example_dags/example_time_delta_sensor_async.py
[2024-11-06T08:54:57.537+0000] {processor.py:829} INFO - Processing file /home/airflow/.local/lib/python3.8/site-packages/airflow/example_dags/example_time_delta_sensor_async.py for tasks to queue
[2024-11-06T08:54:57.541+0000] {logging_mixin.py:154} INFO - [2024-11-06T08:54:57.541+0000] {dagbag.py:536} INFO - Filling up the DagBag from /home/airflow/.local/lib/python3.8/site-packages/airflow/example_dags/example_time_delta_sensor_async.py
[2024-11-06T08:54:57.543+0000] {processor.py:839} INFO - DAG(s) dict_keys(['example_time_delta_sensor_async']) retrieved from /home/airflow/.local/lib/python3.8/site-packages/airflow/example_dags/example_time_delta_sensor_async.py
[2024-11-06T08:54:57.554+0000] {logging_mixin.py:154} INFO - [2024-11-06T08:54:57.554+0000] {dag.py:2941} INFO - Sync 1 DAGs
[2024-11-06T08:54:57.560+0000] {logging_mixin.py:154} INFO - [2024-11-06T08:54:57.560+0000] {dag.py:3722} INFO - Setting next_dagrun for example_time_delta_sensor_async to None, run_after=None
[2024-11-06T08:54:57.568+0000] {processor.py:179} INFO - Processing /home/airflow/.local/lib/python3.8/site-packages/airflow/example_dags/example_time_delta_sensor_async.py took 0.033 seconds
[2024-11-06T08:55:28.270+0000] {processor.py:157} INFO - Started process (PID=1349) to work on /home/airflow/.local/lib/python3.8/site-packages/airflow/example_dags/example_time_delta_sensor_async.py
[2024-11-06T08:55:28.271+0000] {processor.py:829} INFO - Processing file /home/airflow/.local/lib/python3.8/site-packages/airflow/example_dags/example_time_delta_sensor_async.py for tasks to queue
[2024-11-06T08:55:28.275+0000] {logging_mixin.py:154} INFO - [2024-11-06T08:55:28.275+0000] {dagbag.py:536} INFO - Filling up the DagBag from /home/airflow/.local/lib/python3.8/site-packages/airflow/example_dags/example_time_delta_sensor_async.py
[2024-11-06T08:55:28.277+0000] {processor.py:839} INFO - DAG(s) dict_keys(['example_time_delta_sensor_async']) retrieved from /home/airflow/.local/lib/python3.8/site-packages/airflow/example_dags/example_time_delta_sensor_async.py
[2024-11-06T08:55:28.285+0000] {logging_mixin.py:154} INFO - [2024-11-06T08:55:28.285+0000] {dag.py:2941} INFO - Sync 1 DAGs
[2024-11-06T08:55:28.365+0000] {logging_mixin.py:154} INFO - [2024-11-06T08:55:28.365+0000] {dag.py:3722} INFO - Setting next_dagrun for example_time_delta_sensor_async to None, run_after=None
[2024-11-06T08:55:28.372+0000] {processor.py:179} INFO - Processing /home/airflow/.local/lib/python3.8/site-packages/airflow/example_dags/example_time_delta_sensor_async.py took 0.103 seconds
[2024-11-06T08:55:58.616+0000] {processor.py:157} INFO - Started process (PID=1403) to work on /home/airflow/.local/lib/python3.8/site-packages/airflow/example_dags/example_time_delta_sensor_async.py
[2024-11-06T08:55:58.616+0000] {processor.py:829} INFO - Processing file /home/airflow/.local/lib/python3.8/site-packages/airflow/example_dags/example_time_delta_sensor_async.py for tasks to queue
[2024-11-06T08:55:58.620+0000] {logging_mixin.py:154} INFO - [2024-11-06T08:55:58.620+0000] {dagbag.py:536} INFO - Filling up the DagBag from /home/airflow/.local/lib/python3.8/site-packages/airflow/example_dags/example_time_delta_sensor_async.py
[2024-11-06T08:55:58.622+0000] {processor.py:839} INFO - DAG(s) dict_keys(['example_time_delta_sensor_async']) retrieved from /home/airflow/.local/lib/python3.8/site-packages/airflow/example_dags/example_time_delta_sensor_async.py
[2024-11-06T08:55:58.632+0000] {logging_mixin.py:154} INFO - [2024-11-06T08:55:58.632+0000] {dag.py:2941} INFO - Sync 1 DAGs
[2024-11-06T08:55:58.639+0000] {logging_mixin.py:154} INFO - [2024-11-06T08:55:58.639+0000] {dag.py:3722} INFO - Setting next_dagrun for example_time_delta_sensor_async to None, run_after=None
[2024-11-06T08:55:58.647+0000] {processor.py:179} INFO - Processing /home/airflow/.local/lib/python3.8/site-packages/airflow/example_dags/example_time_delta_sensor_async.py took 0.033 seconds
[2024-11-06T08:56:29.244+0000] {processor.py:157} INFO - Started process (PID=1457) to work on /home/airflow/.local/lib/python3.8/site-packages/airflow/example_dags/example_time_delta_sensor_async.py
[2024-11-06T08:56:29.245+0000] {processor.py:829} INFO - Processing file /home/airflow/.local/lib/python3.8/site-packages/airflow/example_dags/example_time_delta_sensor_async.py for tasks to queue
[2024-11-06T08:56:29.246+0000] {logging_mixin.py:154} INFO - [2024-11-06T08:56:29.246+0000] {dagbag.py:536} INFO - Filling up the DagBag from /home/airflow/.local/lib/python3.8/site-packages/airflow/example_dags/example_time_delta_sensor_async.py
[2024-11-06T08:56:29.248+0000] {processor.py:839} INFO - DAG(s) dict_keys(['example_time_delta_sensor_async']) retrieved from /home/airflow/.local/lib/python3.8/site-packages/airflow/example_dags/example_time_delta_sensor_async.py
[2024-11-06T08:56:29.258+0000] {logging_mixin.py:154} INFO - [2024-11-06T08:56:29.258+0000] {dag.py:2941} INFO - Sync 1 DAGs
[2024-11-06T08:56:29.265+0000] {logging_mixin.py:154} INFO - [2024-11-06T08:56:29.264+0000] {dag.py:3722} INFO - Setting next_dagrun for example_time_delta_sensor_async to None, run_after=None
[2024-11-06T08:56:29.274+0000] {processor.py:179} INFO - Processing /home/airflow/.local/lib/python3.8/site-packages/airflow/example_dags/example_time_delta_sensor_async.py took 0.031 seconds
[2024-11-06T08:56:59.918+0000] {processor.py:157} INFO - Started process (PID=1511) to work on /home/airflow/.local/lib/python3.8/site-packages/airflow/example_dags/example_time_delta_sensor_async.py
[2024-11-06T08:56:59.918+0000] {processor.py:829} INFO - Processing file /home/airflow/.local/lib/python3.8/site-packages/airflow/example_dags/example_time_delta_sensor_async.py for tasks to queue
[2024-11-06T08:56:59.919+0000] {logging_mixin.py:154} INFO - [2024-11-06T08:56:59.919+0000] {dagbag.py:536} INFO - Filling up the DagBag from /home/airflow/.local/lib/python3.8/site-packages/airflow/example_dags/example_time_delta_sensor_async.py
[2024-11-06T08:56:59.922+0000] {processor.py:839} INFO - DAG(s) dict_keys(['example_time_delta_sensor_async']) retrieved from /home/airflow/.local/lib/python3.8/site-packages/airflow/example_dags/example_time_delta_sensor_async.py
[2024-11-06T08:56:59.932+0000] {logging_mixin.py:154} INFO - [2024-11-06T08:56:59.931+0000] {dag.py:2941} INFO - Sync 1 DAGs
[2024-11-06T08:57:00.015+0000] {logging_mixin.py:154} INFO - [2024-11-06T08:57:00.015+0000] {dag.py:3722} INFO - Setting next_dagrun for example_time_delta_sensor_async to None, run_after=None
[2024-11-06T08:57:00.022+0000] {processor.py:179} INFO - Processing /home/airflow/.local/lib/python3.8/site-packages/airflow/example_dags/example_time_delta_sensor_async.py took 0.106 seconds
[2024-11-06T08:57:30.059+0000] {processor.py:157} INFO - Started process (PID=1565) to work on /home/airflow/.local/lib/python3.8/site-packages/airflow/example_dags/example_time_delta_sensor_async.py
[2024-11-06T08:57:30.060+0000] {processor.py:829} INFO - Processing file /home/airflow/.local/lib/python3.8/site-packages/airflow/example_dags/example_time_delta_sensor_async.py for tasks to queue
[2024-11-06T08:57:30.061+0000] {logging_mixin.py:154} INFO - [2024-11-06T08:57:30.061+0000] {dagbag.py:536} INFO - Filling up the DagBag from /home/airflow/.local/lib/python3.8/site-packages/airflow/example_dags/example_time_delta_sensor_async.py
[2024-11-06T08:57:30.063+0000] {processor.py:839} INFO - DAG(s) dict_keys(['example_time_delta_sensor_async']) retrieved from /home/airflow/.local/lib/python3.8/site-packages/airflow/example_dags/example_time_delta_sensor_async.py
[2024-11-06T08:57:30.073+0000] {logging_mixin.py:154} INFO - [2024-11-06T08:57:30.073+0000] {dag.py:2941} INFO - Sync 1 DAGs
[2024-11-06T08:57:30.078+0000] {logging_mixin.py:154} INFO - [2024-11-06T08:57:30.078+0000] {dag.py:3722} INFO - Setting next_dagrun for example_time_delta_sensor_async to None, run_after=None
[2024-11-06T08:57:30.087+0000] {processor.py:179} INFO - Processing /home/airflow/.local/lib/python3.8/site-packages/airflow/example_dags/example_time_delta_sensor_async.py took 0.029 seconds
[2024-11-06T08:58:00.873+0000] {processor.py:157} INFO - Started process (PID=1618) to work on /home/airflow/.local/lib/python3.8/site-packages/airflow/example_dags/example_time_delta_sensor_async.py
[2024-11-06T08:58:00.874+0000] {processor.py:829} INFO - Processing file /home/airflow/.local/lib/python3.8/site-packages/airflow/example_dags/example_time_delta_sensor_async.py for tasks to queue
[2024-11-06T08:58:00.877+0000] {logging_mixin.py:154} INFO - [2024-11-06T08:58:00.877+0000] {dagbag.py:536} INFO - Filling up the DagBag from /home/airflow/.local/lib/python3.8/site-packages/airflow/example_dags/example_time_delta_sensor_async.py
[2024-11-06T08:58:00.889+0000] {processor.py:839} INFO - DAG(s) dict_keys(['example_time_delta_sensor_async']) retrieved from /home/airflow/.local/lib/python3.8/site-packages/airflow/example_dags/example_time_delta_sensor_async.py
[2024-11-06T08:58:00.917+0000] {logging_mixin.py:154} INFO - [2024-11-06T08:58:00.917+0000] {dag.py:2941} INFO - Sync 1 DAGs
[2024-11-06T08:58:00.929+0000] {logging_mixin.py:154} INFO - [2024-11-06T08:58:00.929+0000] {dag.py:3722} INFO - Setting next_dagrun for example_time_delta_sensor_async to None, run_after=None
[2024-11-06T08:58:00.958+0000] {processor.py:179} INFO - Processing /home/airflow/.local/lib/python3.8/site-packages/airflow/example_dags/example_time_delta_sensor_async.py took 0.090 seconds
[2024-11-06T08:58:31.533+0000] {processor.py:157} INFO - Started process (PID=1672) to work on /home/airflow/.local/lib/python3.8/site-packages/airflow/example_dags/example_time_delta_sensor_async.py
[2024-11-06T08:58:31.534+0000] {processor.py:829} INFO - Processing file /home/airflow/.local/lib/python3.8/site-packages/airflow/example_dags/example_time_delta_sensor_async.py for tasks to queue
[2024-11-06T08:58:31.535+0000] {logging_mixin.py:154} INFO - [2024-11-06T08:58:31.535+0000] {dagbag.py:536} INFO - Filling up the DagBag from /home/airflow/.local/lib/python3.8/site-packages/airflow/example_dags/example_time_delta_sensor_async.py
[2024-11-06T08:58:31.537+0000] {processor.py:839} INFO - DAG(s) dict_keys(['example_time_delta_sensor_async']) retrieved from /home/airflow/.local/lib/python3.8/site-packages/airflow/example_dags/example_time_delta_sensor_async.py
[2024-11-06T08:58:31.547+0000] {logging_mixin.py:154} INFO - [2024-11-06T08:58:31.547+0000] {dag.py:2941} INFO - Sync 1 DAGs
[2024-11-06T08:58:31.624+0000] {logging_mixin.py:154} INFO - [2024-11-06T08:58:31.624+0000] {dag.py:3722} INFO - Setting next_dagrun for example_time_delta_sensor_async to None, run_after=None
[2024-11-06T08:58:31.634+0000] {processor.py:179} INFO - Processing /home/airflow/.local/lib/python3.8/site-packages/airflow/example_dags/example_time_delta_sensor_async.py took 0.102 seconds
[2024-11-06T09:17:56.188+0000] {processor.py:157} INFO - Started process (PID=1717) to work on /home/airflow/.local/lib/python3.8/site-packages/airflow/example_dags/example_time_delta_sensor_async.py
[2024-11-06T09:17:56.190+0000] {processor.py:829} INFO - Processing file /home/airflow/.local/lib/python3.8/site-packages/airflow/example_dags/example_time_delta_sensor_async.py for tasks to queue
[2024-11-06T09:17:56.191+0000] {logging_mixin.py:154} INFO - [2024-11-06T09:17:56.191+0000] {dagbag.py:536} INFO - Filling up the DagBag from /home/airflow/.local/lib/python3.8/site-packages/airflow/example_dags/example_time_delta_sensor_async.py
[2024-11-06T09:17:56.195+0000] {processor.py:839} INFO - DAG(s) dict_keys(['example_time_delta_sensor_async']) retrieved from /home/airflow/.local/lib/python3.8/site-packages/airflow/example_dags/example_time_delta_sensor_async.py
[2024-11-06T09:17:56.207+0000] {logging_mixin.py:154} INFO - [2024-11-06T09:17:56.207+0000] {dag.py:2941} INFO - Sync 1 DAGs
[2024-11-06T09:17:56.211+0000] {logging_mixin.py:154} INFO - [2024-11-06T09:17:56.211+0000] {dag.py:3722} INFO - Setting next_dagrun for example_time_delta_sensor_async to None, run_after=None
[2024-11-06T09:17:56.223+0000] {processor.py:179} INFO - Processing /home/airflow/.local/lib/python3.8/site-packages/airflow/example_dags/example_time_delta_sensor_async.py took 0.037 seconds
[2024-11-06T09:29:43.160+0000] {processor.py:157} INFO - Started process (PID=1771) to work on /home/airflow/.local/lib/python3.8/site-packages/airflow/example_dags/example_time_delta_sensor_async.py
[2024-11-06T09:29:43.161+0000] {processor.py:829} INFO - Processing file /home/airflow/.local/lib/python3.8/site-packages/airflow/example_dags/example_time_delta_sensor_async.py for tasks to queue
[2024-11-06T09:29:43.163+0000] {logging_mixin.py:154} INFO - [2024-11-06T09:29:43.163+0000] {dagbag.py:536} INFO - Filling up the DagBag from /home/airflow/.local/lib/python3.8/site-packages/airflow/example_dags/example_time_delta_sensor_async.py
[2024-11-06T09:29:43.166+0000] {processor.py:839} INFO - DAG(s) dict_keys(['example_time_delta_sensor_async']) retrieved from /home/airflow/.local/lib/python3.8/site-packages/airflow/example_dags/example_time_delta_sensor_async.py
[2024-11-06T09:29:43.177+0000] {logging_mixin.py:154} INFO - [2024-11-06T09:29:43.177+0000] {dag.py:2941} INFO - Sync 1 DAGs
[2024-11-06T09:29:43.182+0000] {logging_mixin.py:154} INFO - [2024-11-06T09:29:43.182+0000] {dag.py:3722} INFO - Setting next_dagrun for example_time_delta_sensor_async to None, run_after=None
[2024-11-06T09:29:43.193+0000] {processor.py:179} INFO - Processing /home/airflow/.local/lib/python3.8/site-packages/airflow/example_dags/example_time_delta_sensor_async.py took 0.035 seconds
[2024-11-06T10:28:12.611+0000] {processor.py:157} INFO - Started process (PID=1825) to work on /home/airflow/.local/lib/python3.8/site-packages/airflow/example_dags/example_time_delta_sensor_async.py
[2024-11-06T10:28:12.612+0000] {processor.py:829} INFO - Processing file /home/airflow/.local/lib/python3.8/site-packages/airflow/example_dags/example_time_delta_sensor_async.py for tasks to queue
[2024-11-06T10:28:12.615+0000] {logging_mixin.py:154} INFO - [2024-11-06T10:28:12.615+0000] {dagbag.py:536} INFO - Filling up the DagBag from /home/airflow/.local/lib/python3.8/site-packages/airflow/example_dags/example_time_delta_sensor_async.py
[2024-11-06T10:28:12.620+0000] {processor.py:839} INFO - DAG(s) dict_keys(['example_time_delta_sensor_async']) retrieved from /home/airflow/.local/lib/python3.8/site-packages/airflow/example_dags/example_time_delta_sensor_async.py
[2024-11-06T10:28:12.630+0000] {logging_mixin.py:154} INFO - [2024-11-06T10:28:12.630+0000] {dag.py:2941} INFO - Sync 1 DAGs
[2024-11-06T10:28:12.636+0000] {logging_mixin.py:154} INFO - [2024-11-06T10:28:12.636+0000] {dag.py:3722} INFO - Setting next_dagrun for example_time_delta_sensor_async to None, run_after=None
[2024-11-06T10:28:12.647+0000] {processor.py:179} INFO - Processing /home/airflow/.local/lib/python3.8/site-packages/airflow/example_dags/example_time_delta_sensor_async.py took 0.038 seconds
[2024-11-06T11:31:02.534+0000] {processor.py:157} INFO - Started process (PID=1879) to work on /home/airflow/.local/lib/python3.8/site-packages/airflow/example_dags/example_time_delta_sensor_async.py
[2024-11-06T11:31:02.535+0000] {processor.py:829} INFO - Processing file /home/airflow/.local/lib/python3.8/site-packages/airflow/example_dags/example_time_delta_sensor_async.py for tasks to queue
[2024-11-06T11:31:02.538+0000] {logging_mixin.py:154} INFO - [2024-11-06T11:31:02.537+0000] {dagbag.py:536} INFO - Filling up the DagBag from /home/airflow/.local/lib/python3.8/site-packages/airflow/example_dags/example_time_delta_sensor_async.py
[2024-11-06T11:31:02.544+0000] {processor.py:839} INFO - DAG(s) dict_keys(['example_time_delta_sensor_async']) retrieved from /home/airflow/.local/lib/python3.8/site-packages/airflow/example_dags/example_time_delta_sensor_async.py
[2024-11-06T11:31:02.564+0000] {logging_mixin.py:154} INFO - [2024-11-06T11:31:02.563+0000] {dag.py:2941} INFO - Sync 1 DAGs
[2024-11-06T11:31:02.573+0000] {logging_mixin.py:154} INFO - [2024-11-06T11:31:02.573+0000] {dag.py:3722} INFO - Setting next_dagrun for example_time_delta_sensor_async to None, run_after=None
[2024-11-06T11:31:02.595+0000] {processor.py:179} INFO - Processing /home/airflow/.local/lib/python3.8/site-packages/airflow/example_dags/example_time_delta_sensor_async.py took 0.066 seconds
[2024-11-06T11:59:49.215+0000] {processor.py:157} INFO - Started process (PID=1933) to work on /home/airflow/.local/lib/python3.8/site-packages/airflow/example_dags/example_time_delta_sensor_async.py
[2024-11-06T11:59:49.221+0000] {processor.py:829} INFO - Processing file /home/airflow/.local/lib/python3.8/site-packages/airflow/example_dags/example_time_delta_sensor_async.py for tasks to queue
[2024-11-06T11:59:49.224+0000] {logging_mixin.py:154} INFO - [2024-11-06T11:59:49.224+0000] {dagbag.py:536} INFO - Filling up the DagBag from /home/airflow/.local/lib/python3.8/site-packages/airflow/example_dags/example_time_delta_sensor_async.py
[2024-11-06T11:59:49.229+0000] {processor.py:839} INFO - DAG(s) dict_keys(['example_time_delta_sensor_async']) retrieved from /home/airflow/.local/lib/python3.8/site-packages/airflow/example_dags/example_time_delta_sensor_async.py
[2024-11-06T11:59:49.251+0000] {logging_mixin.py:154} INFO - [2024-11-06T11:59:49.250+0000] {dag.py:2941} INFO - Sync 1 DAGs
[2024-11-06T11:59:49.265+0000] {logging_mixin.py:154} INFO - [2024-11-06T11:59:49.265+0000] {dag.py:3722} INFO - Setting next_dagrun for example_time_delta_sensor_async to None, run_after=None
[2024-11-06T11:59:49.289+0000] {processor.py:179} INFO - Processing /home/airflow/.local/lib/python3.8/site-packages/airflow/example_dags/example_time_delta_sensor_async.py took 0.076 seconds
[2024-11-06T12:50:46.672+0000] {processor.py:157} INFO - Started process (PID=1987) to work on /home/airflow/.local/lib/python3.8/site-packages/airflow/example_dags/example_time_delta_sensor_async.py
[2024-11-06T12:50:46.673+0000] {processor.py:829} INFO - Processing file /home/airflow/.local/lib/python3.8/site-packages/airflow/example_dags/example_time_delta_sensor_async.py for tasks to queue
[2024-11-06T12:50:46.674+0000] {logging_mixin.py:154} INFO - [2024-11-06T12:50:46.674+0000] {dagbag.py:536} INFO - Filling up the DagBag from /home/airflow/.local/lib/python3.8/site-packages/airflow/example_dags/example_time_delta_sensor_async.py
[2024-11-06T12:50:46.680+0000] {processor.py:839} INFO - DAG(s) dict_keys(['example_time_delta_sensor_async']) retrieved from /home/airflow/.local/lib/python3.8/site-packages/airflow/example_dags/example_time_delta_sensor_async.py
[2024-11-06T12:50:46.690+0000] {logging_mixin.py:154} INFO - [2024-11-06T12:50:46.689+0000] {dag.py:2941} INFO - Sync 1 DAGs
[2024-11-06T12:50:46.695+0000] {logging_mixin.py:154} INFO - [2024-11-06T12:50:46.695+0000] {dag.py:3722} INFO - Setting next_dagrun for example_time_delta_sensor_async to None, run_after=None
[2024-11-06T12:50:46.703+0000] {processor.py:179} INFO - Processing /home/airflow/.local/lib/python3.8/site-packages/airflow/example_dags/example_time_delta_sensor_async.py took 0.033 seconds
[2024-11-06T12:52:34.765+0000] {processor.py:157} INFO - Started process (PID=2041) to work on /home/airflow/.local/lib/python3.8/site-packages/airflow/example_dags/example_time_delta_sensor_async.py
[2024-11-06T12:52:34.767+0000] {processor.py:829} INFO - Processing file /home/airflow/.local/lib/python3.8/site-packages/airflow/example_dags/example_time_delta_sensor_async.py for tasks to queue
[2024-11-06T12:52:34.770+0000] {logging_mixin.py:154} INFO - [2024-11-06T12:52:34.770+0000] {dagbag.py:536} INFO - Filling up the DagBag from /home/airflow/.local/lib/python3.8/site-packages/airflow/example_dags/example_time_delta_sensor_async.py
[2024-11-06T12:52:34.784+0000] {processor.py:839} INFO - DAG(s) dict_keys(['example_time_delta_sensor_async']) retrieved from /home/airflow/.local/lib/python3.8/site-packages/airflow/example_dags/example_time_delta_sensor_async.py
[2024-11-06T12:52:34.817+0000] {logging_mixin.py:154} INFO - [2024-11-06T12:52:34.816+0000] {dag.py:2941} INFO - Sync 1 DAGs
[2024-11-06T12:52:34.841+0000] {logging_mixin.py:154} INFO - [2024-11-06T12:52:34.841+0000] {dag.py:3722} INFO - Setting next_dagrun for example_time_delta_sensor_async to None, run_after=None
[2024-11-06T12:52:34.856+0000] {processor.py:179} INFO - Processing /home/airflow/.local/lib/python3.8/site-packages/airflow/example_dags/example_time_delta_sensor_async.py took 0.098 seconds
[2024-11-06T13:07:15.955+0000] {processor.py:157} INFO - Started process (PID=2095) to work on /home/airflow/.local/lib/python3.8/site-packages/airflow/example_dags/example_time_delta_sensor_async.py
[2024-11-06T13:07:15.957+0000] {processor.py:829} INFO - Processing file /home/airflow/.local/lib/python3.8/site-packages/airflow/example_dags/example_time_delta_sensor_async.py for tasks to queue
[2024-11-06T13:07:15.960+0000] {logging_mixin.py:154} INFO - [2024-11-06T13:07:15.960+0000] {dagbag.py:536} INFO - Filling up the DagBag from /home/airflow/.local/lib/python3.8/site-packages/airflow/example_dags/example_time_delta_sensor_async.py
[2024-11-06T13:07:15.966+0000] {processor.py:839} INFO - DAG(s) dict_keys(['example_time_delta_sensor_async']) retrieved from /home/airflow/.local/lib/python3.8/site-packages/airflow/example_dags/example_time_delta_sensor_async.py
[2024-11-06T13:07:15.992+0000] {logging_mixin.py:154} INFO - [2024-11-06T13:07:15.992+0000] {dag.py:2941} INFO - Sync 1 DAGs
[2024-11-06T13:07:16.004+0000] {logging_mixin.py:154} INFO - [2024-11-06T13:07:16.004+0000] {dag.py:3722} INFO - Setting next_dagrun for example_time_delta_sensor_async to None, run_after=None
[2024-11-06T13:07:16.023+0000] {processor.py:179} INFO - Processing /home/airflow/.local/lib/python3.8/site-packages/airflow/example_dags/example_time_delta_sensor_async.py took 0.071 seconds
[2024-11-06T13:47:30.788+0000] {processor.py:157} INFO - Started process (PID=2149) to work on /home/airflow/.local/lib/python3.8/site-packages/airflow/example_dags/example_time_delta_sensor_async.py
[2024-11-06T13:47:30.789+0000] {processor.py:829} INFO - Processing file /home/airflow/.local/lib/python3.8/site-packages/airflow/example_dags/example_time_delta_sensor_async.py for tasks to queue
[2024-11-06T13:47:30.793+0000] {logging_mixin.py:154} INFO - [2024-11-06T13:47:30.792+0000] {dagbag.py:536} INFO - Filling up the DagBag from /home/airflow/.local/lib/python3.8/site-packages/airflow/example_dags/example_time_delta_sensor_async.py
[2024-11-06T13:47:30.796+0000] {processor.py:839} INFO - DAG(s) dict_keys(['example_time_delta_sensor_async']) retrieved from /home/airflow/.local/lib/python3.8/site-packages/airflow/example_dags/example_time_delta_sensor_async.py
[2024-11-06T13:47:30.807+0000] {logging_mixin.py:154} INFO - [2024-11-06T13:47:30.807+0000] {dag.py:2941} INFO - Sync 1 DAGs
[2024-11-06T13:47:30.813+0000] {logging_mixin.py:154} INFO - [2024-11-06T13:47:30.813+0000] {dag.py:3722} INFO - Setting next_dagrun for example_time_delta_sensor_async to None, run_after=None
[2024-11-06T13:47:30.823+0000] {processor.py:179} INFO - Processing /home/airflow/.local/lib/python3.8/site-packages/airflow/example_dags/example_time_delta_sensor_async.py took 0.036 seconds
[2024-11-06T13:55:16.369+0000] {processor.py:157} INFO - Started process (PID=2203) to work on /home/airflow/.local/lib/python3.8/site-packages/airflow/example_dags/example_time_delta_sensor_async.py
[2024-11-06T13:55:16.370+0000] {processor.py:829} INFO - Processing file /home/airflow/.local/lib/python3.8/site-packages/airflow/example_dags/example_time_delta_sensor_async.py for tasks to queue
[2024-11-06T13:55:16.375+0000] {logging_mixin.py:154} INFO - [2024-11-06T13:55:16.374+0000] {dagbag.py:536} INFO - Filling up the DagBag from /home/airflow/.local/lib/python3.8/site-packages/airflow/example_dags/example_time_delta_sensor_async.py
[2024-11-06T13:55:16.381+0000] {processor.py:839} INFO - DAG(s) dict_keys(['example_time_delta_sensor_async']) retrieved from /home/airflow/.local/lib/python3.8/site-packages/airflow/example_dags/example_time_delta_sensor_async.py
[2024-11-06T13:55:16.405+0000] {logging_mixin.py:154} INFO - [2024-11-06T13:55:16.405+0000] {dag.py:2941} INFO - Sync 1 DAGs
[2024-11-06T13:55:16.420+0000] {logging_mixin.py:154} INFO - [2024-11-06T13:55:16.420+0000] {dag.py:3722} INFO - Setting next_dagrun for example_time_delta_sensor_async to None, run_after=None
[2024-11-06T13:55:16.442+0000] {processor.py:179} INFO - Processing /home/airflow/.local/lib/python3.8/site-packages/airflow/example_dags/example_time_delta_sensor_async.py took 0.076 seconds
[2024-11-06T14:00:20.993+0000] {processor.py:157} INFO - Started process (PID=2257) to work on /home/airflow/.local/lib/python3.8/site-packages/airflow/example_dags/example_time_delta_sensor_async.py
[2024-11-06T14:00:20.994+0000] {processor.py:829} INFO - Processing file /home/airflow/.local/lib/python3.8/site-packages/airflow/example_dags/example_time_delta_sensor_async.py for tasks to queue
[2024-11-06T14:00:20.996+0000] {logging_mixin.py:154} INFO - [2024-11-06T14:00:20.996+0000] {dagbag.py:536} INFO - Filling up the DagBag from /home/airflow/.local/lib/python3.8/site-packages/airflow/example_dags/example_time_delta_sensor_async.py
[2024-11-06T14:00:20.999+0000] {processor.py:839} INFO - DAG(s) dict_keys(['example_time_delta_sensor_async']) retrieved from /home/airflow/.local/lib/python3.8/site-packages/airflow/example_dags/example_time_delta_sensor_async.py
[2024-11-06T14:00:21.010+0000] {logging_mixin.py:154} INFO - [2024-11-06T14:00:21.010+0000] {dag.py:2941} INFO - Sync 1 DAGs
[2024-11-06T14:00:21.016+0000] {logging_mixin.py:154} INFO - [2024-11-06T14:00:21.016+0000] {dag.py:3722} INFO - Setting next_dagrun for example_time_delta_sensor_async to None, run_after=None
[2024-11-06T14:00:21.024+0000] {processor.py:179} INFO - Processing /home/airflow/.local/lib/python3.8/site-packages/airflow/example_dags/example_time_delta_sensor_async.py took 0.033 seconds
[2024-11-06T14:05:41.102+0000] {processor.py:157} INFO - Started process (PID=2311) to work on /home/airflow/.local/lib/python3.8/site-packages/airflow/example_dags/example_time_delta_sensor_async.py
[2024-11-06T14:05:41.103+0000] {processor.py:829} INFO - Processing file /home/airflow/.local/lib/python3.8/site-packages/airflow/example_dags/example_time_delta_sensor_async.py for tasks to queue
[2024-11-06T14:05:41.106+0000] {logging_mixin.py:154} INFO - [2024-11-06T14:05:41.105+0000] {dagbag.py:536} INFO - Filling up the DagBag from /home/airflow/.local/lib/python3.8/site-packages/airflow/example_dags/example_time_delta_sensor_async.py
[2024-11-06T14:05:41.110+0000] {processor.py:839} INFO - DAG(s) dict_keys(['example_time_delta_sensor_async']) retrieved from /home/airflow/.local/lib/python3.8/site-packages/airflow/example_dags/example_time_delta_sensor_async.py
[2024-11-06T14:05:41.141+0000] {logging_mixin.py:154} INFO - [2024-11-06T14:05:41.141+0000] {dag.py:2941} INFO - Sync 1 DAGs
[2024-11-06T14:05:41.155+0000] {logging_mixin.py:154} INFO - [2024-11-06T14:05:41.155+0000] {dag.py:3722} INFO - Setting next_dagrun for example_time_delta_sensor_async to None, run_after=None
[2024-11-06T14:05:41.178+0000] {processor.py:179} INFO - Processing /home/airflow/.local/lib/python3.8/site-packages/airflow/example_dags/example_time_delta_sensor_async.py took 0.079 seconds
[2024-11-06T14:09:55.279+0000] {processor.py:157} INFO - Started process (PID=2365) to work on /home/airflow/.local/lib/python3.8/site-packages/airflow/example_dags/example_time_delta_sensor_async.py
[2024-11-06T14:09:55.286+0000] {processor.py:829} INFO - Processing file /home/airflow/.local/lib/python3.8/site-packages/airflow/example_dags/example_time_delta_sensor_async.py for tasks to queue
[2024-11-06T14:09:55.289+0000] {logging_mixin.py:154} INFO - [2024-11-06T14:09:55.288+0000] {dagbag.py:536} INFO - Filling up the DagBag from /home/airflow/.local/lib/python3.8/site-packages/airflow/example_dags/example_time_delta_sensor_async.py
[2024-11-06T14:09:55.292+0000] {processor.py:839} INFO - DAG(s) dict_keys(['example_time_delta_sensor_async']) retrieved from /home/airflow/.local/lib/python3.8/site-packages/airflow/example_dags/example_time_delta_sensor_async.py
[2024-11-06T14:09:55.311+0000] {logging_mixin.py:154} INFO - [2024-11-06T14:09:55.311+0000] {dag.py:2941} INFO - Sync 1 DAGs
[2024-11-06T14:09:55.316+0000] {logging_mixin.py:154} INFO - [2024-11-06T14:09:55.316+0000] {dag.py:3722} INFO - Setting next_dagrun for example_time_delta_sensor_async to None, run_after=None
[2024-11-06T14:09:55.330+0000] {processor.py:179} INFO - Processing /home/airflow/.local/lib/python3.8/site-packages/airflow/example_dags/example_time_delta_sensor_async.py took 0.053 seconds
[2024-11-06T14:16:56.661+0000] {processor.py:157} INFO - Started process (PID=2419) to work on /home/airflow/.local/lib/python3.8/site-packages/airflow/example_dags/example_time_delta_sensor_async.py
[2024-11-06T14:16:56.662+0000] {processor.py:829} INFO - Processing file /home/airflow/.local/lib/python3.8/site-packages/airflow/example_dags/example_time_delta_sensor_async.py for tasks to queue
[2024-11-06T14:16:56.665+0000] {logging_mixin.py:154} INFO - [2024-11-06T14:16:56.665+0000] {dagbag.py:536} INFO - Filling up the DagBag from /home/airflow/.local/lib/python3.8/site-packages/airflow/example_dags/example_time_delta_sensor_async.py
[2024-11-06T14:16:56.677+0000] {processor.py:839} INFO - DAG(s) dict_keys(['example_time_delta_sensor_async']) retrieved from /home/airflow/.local/lib/python3.8/site-packages/airflow/example_dags/example_time_delta_sensor_async.py
[2024-11-06T14:16:56.700+0000] {logging_mixin.py:154} INFO - [2024-11-06T14:16:56.700+0000] {dag.py:2941} INFO - Sync 1 DAGs
[2024-11-06T14:16:56.716+0000] {logging_mixin.py:154} INFO - [2024-11-06T14:16:56.715+0000] {dag.py:3722} INFO - Setting next_dagrun for example_time_delta_sensor_async to None, run_after=None
[2024-11-06T14:16:56.736+0000] {processor.py:179} INFO - Processing /home/airflow/.local/lib/python3.8/site-packages/airflow/example_dags/example_time_delta_sensor_async.py took 0.080 seconds
[2024-11-06T14:23:14.199+0000] {processor.py:157} INFO - Started process (PID=2473) to work on /home/airflow/.local/lib/python3.8/site-packages/airflow/example_dags/example_time_delta_sensor_async.py
[2024-11-06T14:23:14.201+0000] {processor.py:829} INFO - Processing file /home/airflow/.local/lib/python3.8/site-packages/airflow/example_dags/example_time_delta_sensor_async.py for tasks to queue
[2024-11-06T14:23:14.203+0000] {logging_mixin.py:154} INFO - [2024-11-06T14:23:14.203+0000] {dagbag.py:536} INFO - Filling up the DagBag from /home/airflow/.local/lib/python3.8/site-packages/airflow/example_dags/example_time_delta_sensor_async.py
[2024-11-06T14:23:14.207+0000] {processor.py:839} INFO - DAG(s) dict_keys(['example_time_delta_sensor_async']) retrieved from /home/airflow/.local/lib/python3.8/site-packages/airflow/example_dags/example_time_delta_sensor_async.py
[2024-11-06T14:23:14.232+0000] {logging_mixin.py:154} INFO - [2024-11-06T14:23:14.232+0000] {dag.py:2941} INFO - Sync 1 DAGs
[2024-11-06T14:23:14.245+0000] {logging_mixin.py:154} INFO - [2024-11-06T14:23:14.245+0000] {dag.py:3722} INFO - Setting next_dagrun for example_time_delta_sensor_async to None, run_after=None
[2024-11-06T14:23:14.271+0000] {processor.py:179} INFO - Processing /home/airflow/.local/lib/python3.8/site-packages/airflow/example_dags/example_time_delta_sensor_async.py took 0.075 seconds
[2024-11-06T14:31:00.913+0000] {processor.py:157} INFO - Started process (PID=2526) to work on /home/airflow/.local/lib/python3.8/site-packages/airflow/example_dags/example_time_delta_sensor_async.py
[2024-11-06T14:31:00.914+0000] {processor.py:829} INFO - Processing file /home/airflow/.local/lib/python3.8/site-packages/airflow/example_dags/example_time_delta_sensor_async.py for tasks to queue
[2024-11-06T14:31:00.919+0000] {logging_mixin.py:154} INFO - [2024-11-06T14:31:00.919+0000] {dagbag.py:536} INFO - Filling up the DagBag from /home/airflow/.local/lib/python3.8/site-packages/airflow/example_dags/example_time_delta_sensor_async.py
[2024-11-06T14:31:00.923+0000] {processor.py:839} INFO - DAG(s) dict_keys(['example_time_delta_sensor_async']) retrieved from /home/airflow/.local/lib/python3.8/site-packages/airflow/example_dags/example_time_delta_sensor_async.py
[2024-11-06T14:31:00.936+0000] {logging_mixin.py:154} INFO - [2024-11-06T14:31:00.936+0000] {dag.py:2941} INFO - Sync 1 DAGs
[2024-11-06T14:31:00.946+0000] {logging_mixin.py:154} INFO - [2024-11-06T14:31:00.946+0000] {dag.py:3722} INFO - Setting next_dagrun for example_time_delta_sensor_async to None, run_after=None
[2024-11-06T14:31:00.958+0000] {processor.py:179} INFO - Processing /home/airflow/.local/lib/python3.8/site-packages/airflow/example_dags/example_time_delta_sensor_async.py took 0.048 seconds
[2024-11-06T14:36:35.554+0000] {processor.py:157} INFO - Started process (PID=2579) to work on /home/airflow/.local/lib/python3.8/site-packages/airflow/example_dags/example_time_delta_sensor_async.py
[2024-11-06T14:36:35.555+0000] {processor.py:829} INFO - Processing file /home/airflow/.local/lib/python3.8/site-packages/airflow/example_dags/example_time_delta_sensor_async.py for tasks to queue
[2024-11-06T14:36:35.561+0000] {logging_mixin.py:154} INFO - [2024-11-06T14:36:35.561+0000] {dagbag.py:536} INFO - Filling up the DagBag from /home/airflow/.local/lib/python3.8/site-packages/airflow/example_dags/example_time_delta_sensor_async.py
[2024-11-06T14:36:35.570+0000] {processor.py:839} INFO - DAG(s) dict_keys(['example_time_delta_sensor_async']) retrieved from /home/airflow/.local/lib/python3.8/site-packages/airflow/example_dags/example_time_delta_sensor_async.py
[2024-11-06T14:36:35.591+0000] {logging_mixin.py:154} INFO - [2024-11-06T14:36:35.591+0000] {dag.py:2941} INFO - Sync 1 DAGs
[2024-11-06T14:36:35.601+0000] {logging_mixin.py:154} INFO - [2024-11-06T14:36:35.600+0000] {dag.py:3722} INFO - Setting next_dagrun for example_time_delta_sensor_async to None, run_after=None
[2024-11-06T14:36:35.627+0000] {processor.py:179} INFO - Processing /home/airflow/.local/lib/python3.8/site-packages/airflow/example_dags/example_time_delta_sensor_async.py took 0.076 seconds
[2024-11-06T15:02:51.829+0000] {processor.py:157} INFO - Started process (PID=2633) to work on /home/airflow/.local/lib/python3.8/site-packages/airflow/example_dags/example_time_delta_sensor_async.py
[2024-11-06T15:02:51.831+0000] {processor.py:829} INFO - Processing file /home/airflow/.local/lib/python3.8/site-packages/airflow/example_dags/example_time_delta_sensor_async.py for tasks to queue
[2024-11-06T15:02:51.834+0000] {logging_mixin.py:154} INFO - [2024-11-06T15:02:51.834+0000] {dagbag.py:536} INFO - Filling up the DagBag from /home/airflow/.local/lib/python3.8/site-packages/airflow/example_dags/example_time_delta_sensor_async.py
[2024-11-06T15:02:51.837+0000] {processor.py:839} INFO - DAG(s) dict_keys(['example_time_delta_sensor_async']) retrieved from /home/airflow/.local/lib/python3.8/site-packages/airflow/example_dags/example_time_delta_sensor_async.py
[2024-11-06T15:02:51.849+0000] {logging_mixin.py:154} INFO - [2024-11-06T15:02:51.849+0000] {dag.py:2941} INFO - Sync 1 DAGs
[2024-11-06T15:02:51.856+0000] {logging_mixin.py:154} INFO - [2024-11-06T15:02:51.856+0000] {dag.py:3722} INFO - Setting next_dagrun for example_time_delta_sensor_async to None, run_after=None
[2024-11-06T15:02:51.871+0000] {processor.py:179} INFO - Processing /home/airflow/.local/lib/python3.8/site-packages/airflow/example_dags/example_time_delta_sensor_async.py took 0.044 seconds
[2024-11-06T15:37:16.102+0000] {processor.py:157} INFO - Started process (PID=2687) to work on /home/airflow/.local/lib/python3.8/site-packages/airflow/example_dags/example_time_delta_sensor_async.py
[2024-11-06T15:37:16.103+0000] {processor.py:829} INFO - Processing file /home/airflow/.local/lib/python3.8/site-packages/airflow/example_dags/example_time_delta_sensor_async.py for tasks to queue
[2024-11-06T15:37:16.105+0000] {logging_mixin.py:154} INFO - [2024-11-06T15:37:16.105+0000] {dagbag.py:536} INFO - Filling up the DagBag from /home/airflow/.local/lib/python3.8/site-packages/airflow/example_dags/example_time_delta_sensor_async.py
[2024-11-06T15:37:16.112+0000] {processor.py:839} INFO - DAG(s) dict_keys(['example_time_delta_sensor_async']) retrieved from /home/airflow/.local/lib/python3.8/site-packages/airflow/example_dags/example_time_delta_sensor_async.py
[2024-11-06T15:37:16.134+0000] {logging_mixin.py:154} INFO - [2024-11-06T15:37:16.133+0000] {dag.py:2941} INFO - Sync 1 DAGs
[2024-11-06T15:37:16.142+0000] {logging_mixin.py:154} INFO - [2024-11-06T15:37:16.142+0000] {dag.py:3722} INFO - Setting next_dagrun for example_time_delta_sensor_async to None, run_after=None
[2024-11-06T15:37:16.165+0000] {processor.py:179} INFO - Processing /home/airflow/.local/lib/python3.8/site-packages/airflow/example_dags/example_time_delta_sensor_async.py took 0.066 seconds
[2024-11-06T15:48:08.795+0000] {processor.py:157} INFO - Started process (PID=2741) to work on /home/airflow/.local/lib/python3.8/site-packages/airflow/example_dags/example_time_delta_sensor_async.py
[2024-11-06T15:48:08.795+0000] {processor.py:829} INFO - Processing file /home/airflow/.local/lib/python3.8/site-packages/airflow/example_dags/example_time_delta_sensor_async.py for tasks to queue
[2024-11-06T15:48:08.800+0000] {logging_mixin.py:154} INFO - [2024-11-06T15:48:08.800+0000] {dagbag.py:536} INFO - Filling up the DagBag from /home/airflow/.local/lib/python3.8/site-packages/airflow/example_dags/example_time_delta_sensor_async.py
[2024-11-06T15:48:08.802+0000] {processor.py:839} INFO - DAG(s) dict_keys(['example_time_delta_sensor_async']) retrieved from /home/airflow/.local/lib/python3.8/site-packages/airflow/example_dags/example_time_delta_sensor_async.py
[2024-11-06T15:48:08.813+0000] {logging_mixin.py:154} INFO - [2024-11-06T15:48:08.813+0000] {dag.py:2941} INFO - Sync 1 DAGs
[2024-11-06T15:48:08.821+0000] {logging_mixin.py:154} INFO - [2024-11-06T15:48:08.820+0000] {dag.py:3722} INFO - Setting next_dagrun for example_time_delta_sensor_async to None, run_after=None
[2024-11-06T15:48:08.830+0000] {processor.py:179} INFO - Processing /home/airflow/.local/lib/python3.8/site-packages/airflow/example_dags/example_time_delta_sensor_async.py took 0.037 seconds
[2024-11-06T16:49:02.425+0000] {processor.py:157} INFO - Started process (PID=2795) to work on /home/airflow/.local/lib/python3.8/site-packages/airflow/example_dags/example_time_delta_sensor_async.py
[2024-11-06T16:49:02.426+0000] {processor.py:829} INFO - Processing file /home/airflow/.local/lib/python3.8/site-packages/airflow/example_dags/example_time_delta_sensor_async.py for tasks to queue
[2024-11-06T16:49:02.431+0000] {logging_mixin.py:154} INFO - [2024-11-06T16:49:02.431+0000] {dagbag.py:536} INFO - Filling up the DagBag from /home/airflow/.local/lib/python3.8/site-packages/airflow/example_dags/example_time_delta_sensor_async.py
[2024-11-06T16:49:02.434+0000] {processor.py:839} INFO - DAG(s) dict_keys(['example_time_delta_sensor_async']) retrieved from /home/airflow/.local/lib/python3.8/site-packages/airflow/example_dags/example_time_delta_sensor_async.py
[2024-11-06T16:49:02.451+0000] {logging_mixin.py:154} INFO - [2024-11-06T16:49:02.451+0000] {dag.py:2941} INFO - Sync 1 DAGs
[2024-11-06T16:49:02.458+0000] {logging_mixin.py:154} INFO - [2024-11-06T16:49:02.458+0000] {dag.py:3722} INFO - Setting next_dagrun for example_time_delta_sensor_async to None, run_after=None
[2024-11-06T16:49:02.471+0000] {processor.py:179} INFO - Processing /home/airflow/.local/lib/python3.8/site-packages/airflow/example_dags/example_time_delta_sensor_async.py took 0.049 seconds
[2024-11-06T16:49:55.992+0000] {processor.py:157} INFO - Started process (PID=2849) to work on /home/airflow/.local/lib/python3.8/site-packages/airflow/example_dags/example_time_delta_sensor_async.py
[2024-11-06T16:49:55.992+0000] {processor.py:829} INFO - Processing file /home/airflow/.local/lib/python3.8/site-packages/airflow/example_dags/example_time_delta_sensor_async.py for tasks to queue
[2024-11-06T16:49:55.996+0000] {logging_mixin.py:154} INFO - [2024-11-06T16:49:55.996+0000] {dagbag.py:536} INFO - Filling up the DagBag from /home/airflow/.local/lib/python3.8/site-packages/airflow/example_dags/example_time_delta_sensor_async.py
[2024-11-06T16:49:55.998+0000] {processor.py:839} INFO - DAG(s) dict_keys(['example_time_delta_sensor_async']) retrieved from /home/airflow/.local/lib/python3.8/site-packages/airflow/example_dags/example_time_delta_sensor_async.py
[2024-11-06T16:49:56.008+0000] {logging_mixin.py:154} INFO - [2024-11-06T16:49:56.008+0000] {dag.py:2941} INFO - Sync 1 DAGs
[2024-11-06T16:49:56.013+0000] {logging_mixin.py:154} INFO - [2024-11-06T16:49:56.013+0000] {dag.py:3722} INFO - Setting next_dagrun for example_time_delta_sensor_async to None, run_after=None
[2024-11-06T16:49:56.023+0000] {processor.py:179} INFO - Processing /home/airflow/.local/lib/python3.8/site-packages/airflow/example_dags/example_time_delta_sensor_async.py took 0.032 seconds
[2024-11-06T17:40:07.042+0000] {processor.py:157} INFO - Started process (PID=2903) to work on /home/airflow/.local/lib/python3.8/site-packages/airflow/example_dags/example_time_delta_sensor_async.py
[2024-11-06T17:40:07.042+0000] {processor.py:829} INFO - Processing file /home/airflow/.local/lib/python3.8/site-packages/airflow/example_dags/example_time_delta_sensor_async.py for tasks to queue
[2024-11-06T17:40:07.045+0000] {logging_mixin.py:154} INFO - [2024-11-06T17:40:07.045+0000] {dagbag.py:536} INFO - Filling up the DagBag from /home/airflow/.local/lib/python3.8/site-packages/airflow/example_dags/example_time_delta_sensor_async.py
[2024-11-06T17:40:07.049+0000] {processor.py:839} INFO - DAG(s) dict_keys(['example_time_delta_sensor_async']) retrieved from /home/airflow/.local/lib/python3.8/site-packages/airflow/example_dags/example_time_delta_sensor_async.py
[2024-11-06T17:40:07.067+0000] {logging_mixin.py:154} INFO - [2024-11-06T17:40:07.067+0000] {dag.py:2941} INFO - Sync 1 DAGs
[2024-11-06T17:40:07.073+0000] {logging_mixin.py:154} INFO - [2024-11-06T17:40:07.073+0000] {dag.py:3722} INFO - Setting next_dagrun for example_time_delta_sensor_async to None, run_after=None
[2024-11-06T17:40:07.082+0000] {processor.py:179} INFO - Processing /home/airflow/.local/lib/python3.8/site-packages/airflow/example_dags/example_time_delta_sensor_async.py took 0.043 seconds
[2024-11-06T18:40:19.747+0000] {processor.py:157} INFO - Started process (PID=2957) to work on /home/airflow/.local/lib/python3.8/site-packages/airflow/example_dags/example_time_delta_sensor_async.py
[2024-11-06T18:40:19.747+0000] {processor.py:829} INFO - Processing file /home/airflow/.local/lib/python3.8/site-packages/airflow/example_dags/example_time_delta_sensor_async.py for tasks to queue
[2024-11-06T18:40:19.748+0000] {logging_mixin.py:154} INFO - [2024-11-06T18:40:19.748+0000] {dagbag.py:536} INFO - Filling up the DagBag from /home/airflow/.local/lib/python3.8/site-packages/airflow/example_dags/example_time_delta_sensor_async.py
[2024-11-06T18:40:19.752+0000] {processor.py:839} INFO - DAG(s) dict_keys(['example_time_delta_sensor_async']) retrieved from /home/airflow/.local/lib/python3.8/site-packages/airflow/example_dags/example_time_delta_sensor_async.py
[2024-11-06T18:40:19.764+0000] {logging_mixin.py:154} INFO - [2024-11-06T18:40:19.764+0000] {dag.py:2941} INFO - Sync 1 DAGs
[2024-11-06T18:40:19.770+0000] {logging_mixin.py:154} INFO - [2024-11-06T18:40:19.770+0000] {dag.py:3722} INFO - Setting next_dagrun for example_time_delta_sensor_async to None, run_after=None
[2024-11-06T18:40:19.781+0000] {processor.py:179} INFO - Processing /home/airflow/.local/lib/python3.8/site-packages/airflow/example_dags/example_time_delta_sensor_async.py took 0.036 seconds
[2024-11-06T19:56:53.899+0000] {processor.py:157} INFO - Started process (PID=3011) to work on /home/airflow/.local/lib/python3.8/site-packages/airflow/example_dags/example_time_delta_sensor_async.py
[2024-11-06T19:56:53.901+0000] {processor.py:829} INFO - Processing file /home/airflow/.local/lib/python3.8/site-packages/airflow/example_dags/example_time_delta_sensor_async.py for tasks to queue
[2024-11-06T19:56:53.905+0000] {logging_mixin.py:154} INFO - [2024-11-06T19:56:53.904+0000] {dagbag.py:536} INFO - Filling up the DagBag from /home/airflow/.local/lib/python3.8/site-packages/airflow/example_dags/example_time_delta_sensor_async.py
[2024-11-06T19:56:53.912+0000] {processor.py:839} INFO - DAG(s) dict_keys(['example_time_delta_sensor_async']) retrieved from /home/airflow/.local/lib/python3.8/site-packages/airflow/example_dags/example_time_delta_sensor_async.py
[2024-11-06T19:56:53.931+0000] {logging_mixin.py:154} INFO - [2024-11-06T19:56:53.931+0000] {dag.py:2941} INFO - Sync 1 DAGs
[2024-11-06T19:56:53.944+0000] {logging_mixin.py:154} INFO - [2024-11-06T19:56:53.944+0000] {dag.py:3722} INFO - Setting next_dagrun for example_time_delta_sensor_async to None, run_after=None
[2024-11-06T19:56:53.970+0000] {processor.py:179} INFO - Processing /home/airflow/.local/lib/python3.8/site-packages/airflow/example_dags/example_time_delta_sensor_async.py took 0.073 seconds
[2024-11-06T20:41:40.097+0000] {processor.py:157} INFO - Started process (PID=3065) to work on /home/airflow/.local/lib/python3.8/site-packages/airflow/example_dags/example_time_delta_sensor_async.py
[2024-11-06T20:41:40.098+0000] {processor.py:829} INFO - Processing file /home/airflow/.local/lib/python3.8/site-packages/airflow/example_dags/example_time_delta_sensor_async.py for tasks to queue
[2024-11-06T20:41:40.100+0000] {logging_mixin.py:154} INFO - [2024-11-06T20:41:40.100+0000] {dagbag.py:536} INFO - Filling up the DagBag from /home/airflow/.local/lib/python3.8/site-packages/airflow/example_dags/example_time_delta_sensor_async.py
[2024-11-06T20:41:40.109+0000] {processor.py:839} INFO - DAG(s) dict_keys(['example_time_delta_sensor_async']) retrieved from /home/airflow/.local/lib/python3.8/site-packages/airflow/example_dags/example_time_delta_sensor_async.py
[2024-11-06T20:41:40.146+0000] {logging_mixin.py:154} INFO - [2024-11-06T20:41:40.146+0000] {dag.py:2941} INFO - Sync 1 DAGs
[2024-11-06T20:41:40.169+0000] {logging_mixin.py:154} INFO - [2024-11-06T20:41:40.169+0000] {dag.py:3722} INFO - Setting next_dagrun for example_time_delta_sensor_async to None, run_after=None
[2024-11-06T20:41:40.212+0000] {processor.py:179} INFO - Processing /home/airflow/.local/lib/python3.8/site-packages/airflow/example_dags/example_time_delta_sensor_async.py took 0.118 seconds
[2024-11-06T22:09:49.527+0000] {processor.py:157} INFO - Started process (PID=3119) to work on /home/airflow/.local/lib/python3.8/site-packages/airflow/example_dags/example_time_delta_sensor_async.py
[2024-11-06T22:09:49.527+0000] {processor.py:829} INFO - Processing file /home/airflow/.local/lib/python3.8/site-packages/airflow/example_dags/example_time_delta_sensor_async.py for tasks to queue
[2024-11-06T22:09:49.529+0000] {logging_mixin.py:154} INFO - [2024-11-06T22:09:49.529+0000] {dagbag.py:536} INFO - Filling up the DagBag from /home/airflow/.local/lib/python3.8/site-packages/airflow/example_dags/example_time_delta_sensor_async.py
[2024-11-06T22:09:49.533+0000] {processor.py:839} INFO - DAG(s) dict_keys(['example_time_delta_sensor_async']) retrieved from /home/airflow/.local/lib/python3.8/site-packages/airflow/example_dags/example_time_delta_sensor_async.py
[2024-11-06T22:09:49.545+0000] {logging_mixin.py:154} INFO - [2024-11-06T22:09:49.544+0000] {dag.py:2941} INFO - Sync 1 DAGs
[2024-11-06T22:09:49.551+0000] {logging_mixin.py:154} INFO - [2024-11-06T22:09:49.551+0000] {dag.py:3722} INFO - Setting next_dagrun for example_time_delta_sensor_async to None, run_after=None
[2024-11-06T22:09:49.563+0000] {processor.py:179} INFO - Processing /home/airflow/.local/lib/python3.8/site-packages/airflow/example_dags/example_time_delta_sensor_async.py took 0.038 seconds
[2024-11-06T23:10:55.589+0000] {processor.py:157} INFO - Started process (PID=3173) to work on /home/airflow/.local/lib/python3.8/site-packages/airflow/example_dags/example_time_delta_sensor_async.py
[2024-11-06T23:10:55.590+0000] {processor.py:829} INFO - Processing file /home/airflow/.local/lib/python3.8/site-packages/airflow/example_dags/example_time_delta_sensor_async.py for tasks to queue
[2024-11-06T23:10:55.593+0000] {logging_mixin.py:154} INFO - [2024-11-06T23:10:55.593+0000] {dagbag.py:536} INFO - Filling up the DagBag from /home/airflow/.local/lib/python3.8/site-packages/airflow/example_dags/example_time_delta_sensor_async.py
[2024-11-06T23:10:55.600+0000] {processor.py:839} INFO - DAG(s) dict_keys(['example_time_delta_sensor_async']) retrieved from /home/airflow/.local/lib/python3.8/site-packages/airflow/example_dags/example_time_delta_sensor_async.py
[2024-11-06T23:10:55.622+0000] {logging_mixin.py:154} INFO - [2024-11-06T23:10:55.622+0000] {dag.py:2941} INFO - Sync 1 DAGs
[2024-11-06T23:10:55.633+0000] {logging_mixin.py:154} INFO - [2024-11-06T23:10:55.633+0000] {dag.py:3722} INFO - Setting next_dagrun for example_time_delta_sensor_async to None, run_after=None
[2024-11-06T23:10:55.656+0000] {processor.py:179} INFO - Processing /home/airflow/.local/lib/python3.8/site-packages/airflow/example_dags/example_time_delta_sensor_async.py took 0.070 seconds
[2024-11-06T23:49:20.044+0000] {processor.py:157} INFO - Started process (PID=3227) to work on /home/airflow/.local/lib/python3.8/site-packages/airflow/example_dags/example_time_delta_sensor_async.py
[2024-11-06T23:49:20.046+0000] {processor.py:829} INFO - Processing file /home/airflow/.local/lib/python3.8/site-packages/airflow/example_dags/example_time_delta_sensor_async.py for tasks to queue
[2024-11-06T23:49:20.049+0000] {logging_mixin.py:154} INFO - [2024-11-06T23:49:20.049+0000] {dagbag.py:536} INFO - Filling up the DagBag from /home/airflow/.local/lib/python3.8/site-packages/airflow/example_dags/example_time_delta_sensor_async.py
[2024-11-06T23:49:20.059+0000] {processor.py:839} INFO - DAG(s) dict_keys(['example_time_delta_sensor_async']) retrieved from /home/airflow/.local/lib/python3.8/site-packages/airflow/example_dags/example_time_delta_sensor_async.py
[2024-11-06T23:49:20.091+0000] {logging_mixin.py:154} INFO - [2024-11-06T23:49:20.091+0000] {dag.py:2941} INFO - Sync 1 DAGs
[2024-11-06T23:49:20.108+0000] {logging_mixin.py:154} INFO - [2024-11-06T23:49:20.107+0000] {dag.py:3722} INFO - Setting next_dagrun for example_time_delta_sensor_async to None, run_after=None
[2024-11-06T23:49:20.139+0000] {processor.py:179} INFO - Processing /home/airflow/.local/lib/python3.8/site-packages/airflow/example_dags/example_time_delta_sensor_async.py took 0.098 seconds
