[2024-11-06T08:43:19.459+0000] {processor.py:157} INFO - Started process (PID=63) to work on /home/airflow/.local/lib/python3.8/site-packages/airflow/example_dags/example_sensors.py
[2024-11-06T08:43:19.461+0000] {processor.py:829} INFO - Processing file /home/airflow/.local/lib/python3.8/site-packages/airflow/example_dags/example_sensors.py for tasks to queue
[2024-11-06T08:43:19.463+0000] {logging_mixin.py:154} INFO - [2024-11-06T08:43:19.463+0000] {dagbag.py:536} INFO - Filling up the DagBag from /home/airflow/.local/lib/python3.8/site-packages/airflow/example_dags/example_sensors.py
[2024-11-06T08:43:19.472+0000] {processor.py:839} INFO - DAG(s) dict_keys(['example_sensors']) retrieved from /home/airflow/.local/lib/python3.8/site-packages/airflow/example_dags/example_sensors.py
[2024-11-06T08:43:19.488+0000] {logging_mixin.py:154} INFO - [2024-11-06T08:43:19.488+0000] {dag.py:2941} INFO - Sync 1 DAGs
[2024-11-06T08:43:19.500+0000] {logging_mixin.py:154} INFO - [2024-11-06T08:43:19.500+0000] {dag.py:3722} INFO - Setting next_dagrun for example_sensors to None, run_after=None
[2024-11-06T08:43:19.519+0000] {processor.py:179} INFO - Processing /home/airflow/.local/lib/python3.8/site-packages/airflow/example_dags/example_sensors.py took 0.063 seconds
[2024-11-06T08:43:49.801+0000] {processor.py:157} INFO - Started process (PID=117) to work on /home/airflow/.local/lib/python3.8/site-packages/airflow/example_dags/example_sensors.py
[2024-11-06T08:43:49.801+0000] {processor.py:829} INFO - Processing file /home/airflow/.local/lib/python3.8/site-packages/airflow/example_dags/example_sensors.py for tasks to queue
[2024-11-06T08:43:49.803+0000] {logging_mixin.py:154} INFO - [2024-11-06T08:43:49.803+0000] {dagbag.py:536} INFO - Filling up the DagBag from /home/airflow/.local/lib/python3.8/site-packages/airflow/example_dags/example_sensors.py
[2024-11-06T08:43:49.807+0000] {processor.py:839} INFO - DAG(s) dict_keys(['example_sensors']) retrieved from /home/airflow/.local/lib/python3.8/site-packages/airflow/example_dags/example_sensors.py
[2024-11-06T08:43:49.821+0000] {logging_mixin.py:154} INFO - [2024-11-06T08:43:49.821+0000] {dag.py:2941} INFO - Sync 1 DAGs
[2024-11-06T08:43:49.828+0000] {logging_mixin.py:154} INFO - [2024-11-06T08:43:49.828+0000] {dag.py:3722} INFO - Setting next_dagrun for example_sensors to None, run_after=None
[2024-11-06T08:43:49.840+0000] {processor.py:179} INFO - Processing /home/airflow/.local/lib/python3.8/site-packages/airflow/example_dags/example_sensors.py took 0.041 seconds
[2024-11-06T08:44:20.204+0000] {processor.py:157} INFO - Started process (PID=171) to work on /home/airflow/.local/lib/python3.8/site-packages/airflow/example_dags/example_sensors.py
[2024-11-06T08:44:20.204+0000] {processor.py:829} INFO - Processing file /home/airflow/.local/lib/python3.8/site-packages/airflow/example_dags/example_sensors.py for tasks to queue
[2024-11-06T08:44:20.206+0000] {logging_mixin.py:154} INFO - [2024-11-06T08:44:20.205+0000] {dagbag.py:536} INFO - Filling up the DagBag from /home/airflow/.local/lib/python3.8/site-packages/airflow/example_dags/example_sensors.py
[2024-11-06T08:44:20.210+0000] {processor.py:839} INFO - DAG(s) dict_keys(['example_sensors']) retrieved from /home/airflow/.local/lib/python3.8/site-packages/airflow/example_dags/example_sensors.py
[2024-11-06T08:44:20.222+0000] {logging_mixin.py:154} INFO - [2024-11-06T08:44:20.222+0000] {dag.py:2941} INFO - Sync 1 DAGs
[2024-11-06T08:44:20.228+0000] {logging_mixin.py:154} INFO - [2024-11-06T08:44:20.228+0000] {dag.py:3722} INFO - Setting next_dagrun for example_sensors to None, run_after=None
[2024-11-06T08:44:20.241+0000] {processor.py:179} INFO - Processing /home/airflow/.local/lib/python3.8/site-packages/airflow/example_dags/example_sensors.py took 0.038 seconds
[2024-11-06T08:44:50.564+0000] {processor.py:157} INFO - Started process (PID=225) to work on /home/airflow/.local/lib/python3.8/site-packages/airflow/example_dags/example_sensors.py
[2024-11-06T08:44:50.564+0000] {processor.py:829} INFO - Processing file /home/airflow/.local/lib/python3.8/site-packages/airflow/example_dags/example_sensors.py for tasks to queue
[2024-11-06T08:44:50.565+0000] {logging_mixin.py:154} INFO - [2024-11-06T08:44:50.565+0000] {dagbag.py:536} INFO - Filling up the DagBag from /home/airflow/.local/lib/python3.8/site-packages/airflow/example_dags/example_sensors.py
[2024-11-06T08:44:50.568+0000] {processor.py:839} INFO - DAG(s) dict_keys(['example_sensors']) retrieved from /home/airflow/.local/lib/python3.8/site-packages/airflow/example_dags/example_sensors.py
[2024-11-06T08:44:50.578+0000] {logging_mixin.py:154} INFO - [2024-11-06T08:44:50.578+0000] {dag.py:2941} INFO - Sync 1 DAGs
[2024-11-06T08:44:50.583+0000] {logging_mixin.py:154} INFO - [2024-11-06T08:44:50.583+0000] {dag.py:3722} INFO - Setting next_dagrun for example_sensors to None, run_after=None
[2024-11-06T08:44:50.590+0000] {processor.py:179} INFO - Processing /home/airflow/.local/lib/python3.8/site-packages/airflow/example_dags/example_sensors.py took 0.028 seconds
[2024-11-06T08:45:20.928+0000] {processor.py:157} INFO - Started process (PID=279) to work on /home/airflow/.local/lib/python3.8/site-packages/airflow/example_dags/example_sensors.py
[2024-11-06T08:45:20.928+0000] {processor.py:829} INFO - Processing file /home/airflow/.local/lib/python3.8/site-packages/airflow/example_dags/example_sensors.py for tasks to queue
[2024-11-06T08:45:20.929+0000] {logging_mixin.py:154} INFO - [2024-11-06T08:45:20.929+0000] {dagbag.py:536} INFO - Filling up the DagBag from /home/airflow/.local/lib/python3.8/site-packages/airflow/example_dags/example_sensors.py
[2024-11-06T08:45:20.933+0000] {processor.py:839} INFO - DAG(s) dict_keys(['example_sensors']) retrieved from /home/airflow/.local/lib/python3.8/site-packages/airflow/example_dags/example_sensors.py
[2024-11-06T08:45:20.945+0000] {logging_mixin.py:154} INFO - [2024-11-06T08:45:20.945+0000] {dag.py:2941} INFO - Sync 1 DAGs
[2024-11-06T08:45:20.951+0000] {logging_mixin.py:154} INFO - [2024-11-06T08:45:20.951+0000] {dag.py:3722} INFO - Setting next_dagrun for example_sensors to None, run_after=None
[2024-11-06T08:45:20.958+0000] {processor.py:179} INFO - Processing /home/airflow/.local/lib/python3.8/site-packages/airflow/example_dags/example_sensors.py took 0.032 seconds
[2024-11-06T08:45:51.333+0000] {processor.py:157} INFO - Started process (PID=333) to work on /home/airflow/.local/lib/python3.8/site-packages/airflow/example_dags/example_sensors.py
[2024-11-06T08:45:51.334+0000] {processor.py:829} INFO - Processing file /home/airflow/.local/lib/python3.8/site-packages/airflow/example_dags/example_sensors.py for tasks to queue
[2024-11-06T08:45:51.336+0000] {logging_mixin.py:154} INFO - [2024-11-06T08:45:51.335+0000] {dagbag.py:536} INFO - Filling up the DagBag from /home/airflow/.local/lib/python3.8/site-packages/airflow/example_dags/example_sensors.py
[2024-11-06T08:45:51.340+0000] {processor.py:839} INFO - DAG(s) dict_keys(['example_sensors']) retrieved from /home/airflow/.local/lib/python3.8/site-packages/airflow/example_dags/example_sensors.py
[2024-11-06T08:45:51.352+0000] {logging_mixin.py:154} INFO - [2024-11-06T08:45:51.352+0000] {dag.py:2941} INFO - Sync 1 DAGs
[2024-11-06T08:45:51.357+0000] {logging_mixin.py:154} INFO - [2024-11-06T08:45:51.357+0000] {dag.py:3722} INFO - Setting next_dagrun for example_sensors to None, run_after=None
[2024-11-06T08:45:51.364+0000] {processor.py:179} INFO - Processing /home/airflow/.local/lib/python3.8/site-packages/airflow/example_dags/example_sensors.py took 0.032 seconds
[2024-11-06T08:46:21.712+0000] {processor.py:157} INFO - Started process (PID=387) to work on /home/airflow/.local/lib/python3.8/site-packages/airflow/example_dags/example_sensors.py
[2024-11-06T08:46:21.712+0000] {processor.py:829} INFO - Processing file /home/airflow/.local/lib/python3.8/site-packages/airflow/example_dags/example_sensors.py for tasks to queue
[2024-11-06T08:46:21.713+0000] {logging_mixin.py:154} INFO - [2024-11-06T08:46:21.713+0000] {dagbag.py:536} INFO - Filling up the DagBag from /home/airflow/.local/lib/python3.8/site-packages/airflow/example_dags/example_sensors.py
[2024-11-06T08:46:21.717+0000] {processor.py:839} INFO - DAG(s) dict_keys(['example_sensors']) retrieved from /home/airflow/.local/lib/python3.8/site-packages/airflow/example_dags/example_sensors.py
[2024-11-06T08:46:21.727+0000] {logging_mixin.py:154} INFO - [2024-11-06T08:46:21.727+0000] {dag.py:2941} INFO - Sync 1 DAGs
[2024-11-06T08:46:21.732+0000] {logging_mixin.py:154} INFO - [2024-11-06T08:46:21.732+0000] {dag.py:3722} INFO - Setting next_dagrun for example_sensors to None, run_after=None
[2024-11-06T08:46:21.738+0000] {processor.py:179} INFO - Processing /home/airflow/.local/lib/python3.8/site-packages/airflow/example_dags/example_sensors.py took 0.027 seconds
[2024-11-06T08:46:52.570+0000] {processor.py:157} INFO - Started process (PID=441) to work on /home/airflow/.local/lib/python3.8/site-packages/airflow/example_dags/example_sensors.py
[2024-11-06T08:46:52.570+0000] {processor.py:829} INFO - Processing file /home/airflow/.local/lib/python3.8/site-packages/airflow/example_dags/example_sensors.py for tasks to queue
[2024-11-06T08:46:52.571+0000] {logging_mixin.py:154} INFO - [2024-11-06T08:46:52.571+0000] {dagbag.py:536} INFO - Filling up the DagBag from /home/airflow/.local/lib/python3.8/site-packages/airflow/example_dags/example_sensors.py
[2024-11-06T08:46:52.575+0000] {processor.py:839} INFO - DAG(s) dict_keys(['example_sensors']) retrieved from /home/airflow/.local/lib/python3.8/site-packages/airflow/example_dags/example_sensors.py
[2024-11-06T08:46:52.587+0000] {logging_mixin.py:154} INFO - [2024-11-06T08:46:52.587+0000] {dag.py:2941} INFO - Sync 1 DAGs
[2024-11-06T08:46:52.595+0000] {logging_mixin.py:154} INFO - [2024-11-06T08:46:52.595+0000] {dag.py:3722} INFO - Setting next_dagrun for example_sensors to None, run_after=None
[2024-11-06T08:46:52.604+0000] {processor.py:179} INFO - Processing /home/airflow/.local/lib/python3.8/site-packages/airflow/example_dags/example_sensors.py took 0.036 seconds
[2024-11-06T08:47:22.984+0000] {processor.py:157} INFO - Started process (PID=502) to work on /home/airflow/.local/lib/python3.8/site-packages/airflow/example_dags/example_sensors.py
[2024-11-06T08:47:22.984+0000] {processor.py:829} INFO - Processing file /home/airflow/.local/lib/python3.8/site-packages/airflow/example_dags/example_sensors.py for tasks to queue
[2024-11-06T08:47:22.985+0000] {logging_mixin.py:154} INFO - [2024-11-06T08:47:22.985+0000] {dagbag.py:536} INFO - Filling up the DagBag from /home/airflow/.local/lib/python3.8/site-packages/airflow/example_dags/example_sensors.py
[2024-11-06T08:47:22.989+0000] {processor.py:839} INFO - DAG(s) dict_keys(['example_sensors']) retrieved from /home/airflow/.local/lib/python3.8/site-packages/airflow/example_dags/example_sensors.py
[2024-11-06T08:47:23.000+0000] {logging_mixin.py:154} INFO - [2024-11-06T08:47:23.000+0000] {dag.py:2941} INFO - Sync 1 DAGs
[2024-11-06T08:47:23.005+0000] {logging_mixin.py:154} INFO - [2024-11-06T08:47:23.005+0000] {dag.py:3722} INFO - Setting next_dagrun for example_sensors to None, run_after=None
[2024-11-06T08:47:23.015+0000] {processor.py:179} INFO - Processing /home/airflow/.local/lib/python3.8/site-packages/airflow/example_dags/example_sensors.py took 0.033 seconds
[2024-11-06T08:47:53.317+0000] {processor.py:157} INFO - Started process (PID=557) to work on /home/airflow/.local/lib/python3.8/site-packages/airflow/example_dags/example_sensors.py
[2024-11-06T08:47:53.318+0000] {processor.py:829} INFO - Processing file /home/airflow/.local/lib/python3.8/site-packages/airflow/example_dags/example_sensors.py for tasks to queue
[2024-11-06T08:47:53.318+0000] {logging_mixin.py:154} INFO - [2024-11-06T08:47:53.318+0000] {dagbag.py:536} INFO - Filling up the DagBag from /home/airflow/.local/lib/python3.8/site-packages/airflow/example_dags/example_sensors.py
[2024-11-06T08:47:53.322+0000] {processor.py:839} INFO - DAG(s) dict_keys(['example_sensors']) retrieved from /home/airflow/.local/lib/python3.8/site-packages/airflow/example_dags/example_sensors.py
[2024-11-06T08:47:53.332+0000] {logging_mixin.py:154} INFO - [2024-11-06T08:47:53.332+0000] {dag.py:2941} INFO - Sync 1 DAGs
[2024-11-06T08:47:53.337+0000] {logging_mixin.py:154} INFO - [2024-11-06T08:47:53.337+0000] {dag.py:3722} INFO - Setting next_dagrun for example_sensors to None, run_after=None
[2024-11-06T08:47:53.344+0000] {processor.py:179} INFO - Processing /home/airflow/.local/lib/python3.8/site-packages/airflow/example_dags/example_sensors.py took 0.028 seconds
[2024-11-06T08:48:23.625+0000] {processor.py:157} INFO - Started process (PID=611) to work on /home/airflow/.local/lib/python3.8/site-packages/airflow/example_dags/example_sensors.py
[2024-11-06T08:48:23.626+0000] {processor.py:829} INFO - Processing file /home/airflow/.local/lib/python3.8/site-packages/airflow/example_dags/example_sensors.py for tasks to queue
[2024-11-06T08:48:23.628+0000] {logging_mixin.py:154} INFO - [2024-11-06T08:48:23.628+0000] {dagbag.py:536} INFO - Filling up the DagBag from /home/airflow/.local/lib/python3.8/site-packages/airflow/example_dags/example_sensors.py
[2024-11-06T08:48:23.633+0000] {processor.py:839} INFO - DAG(s) dict_keys(['example_sensors']) retrieved from /home/airflow/.local/lib/python3.8/site-packages/airflow/example_dags/example_sensors.py
[2024-11-06T08:48:23.645+0000] {logging_mixin.py:154} INFO - [2024-11-06T08:48:23.645+0000] {dag.py:2941} INFO - Sync 1 DAGs
[2024-11-06T08:48:23.658+0000] {logging_mixin.py:154} INFO - [2024-11-06T08:48:23.658+0000] {dag.py:3722} INFO - Setting next_dagrun for example_sensors to None, run_after=None
[2024-11-06T08:48:23.675+0000] {processor.py:179} INFO - Processing /home/airflow/.local/lib/python3.8/site-packages/airflow/example_dags/example_sensors.py took 0.051 seconds
[2024-11-06T08:48:54.010+0000] {processor.py:157} INFO - Started process (PID=665) to work on /home/airflow/.local/lib/python3.8/site-packages/airflow/example_dags/example_sensors.py
[2024-11-06T08:48:54.012+0000] {processor.py:829} INFO - Processing file /home/airflow/.local/lib/python3.8/site-packages/airflow/example_dags/example_sensors.py for tasks to queue
[2024-11-06T08:48:54.013+0000] {logging_mixin.py:154} INFO - [2024-11-06T08:48:54.013+0000] {dagbag.py:536} INFO - Filling up the DagBag from /home/airflow/.local/lib/python3.8/site-packages/airflow/example_dags/example_sensors.py
[2024-11-06T08:48:54.017+0000] {processor.py:839} INFO - DAG(s) dict_keys(['example_sensors']) retrieved from /home/airflow/.local/lib/python3.8/site-packages/airflow/example_dags/example_sensors.py
[2024-11-06T08:48:54.027+0000] {logging_mixin.py:154} INFO - [2024-11-06T08:48:54.027+0000] {dag.py:2941} INFO - Sync 1 DAGs
[2024-11-06T08:48:54.033+0000] {logging_mixin.py:154} INFO - [2024-11-06T08:48:54.033+0000] {dag.py:3722} INFO - Setting next_dagrun for example_sensors to None, run_after=None
[2024-11-06T08:48:54.039+0000] {processor.py:179} INFO - Processing /home/airflow/.local/lib/python3.8/site-packages/airflow/example_dags/example_sensors.py took 0.031 seconds
[2024-11-06T08:49:24.206+0000] {processor.py:157} INFO - Started process (PID=719) to work on /home/airflow/.local/lib/python3.8/site-packages/airflow/example_dags/example_sensors.py
[2024-11-06T08:49:24.206+0000] {processor.py:829} INFO - Processing file /home/airflow/.local/lib/python3.8/site-packages/airflow/example_dags/example_sensors.py for tasks to queue
[2024-11-06T08:49:24.208+0000] {logging_mixin.py:154} INFO - [2024-11-06T08:49:24.208+0000] {dagbag.py:536} INFO - Filling up the DagBag from /home/airflow/.local/lib/python3.8/site-packages/airflow/example_dags/example_sensors.py
[2024-11-06T08:49:24.215+0000] {processor.py:839} INFO - DAG(s) dict_keys(['example_sensors']) retrieved from /home/airflow/.local/lib/python3.8/site-packages/airflow/example_dags/example_sensors.py
[2024-11-06T08:49:24.226+0000] {logging_mixin.py:154} INFO - [2024-11-06T08:49:24.226+0000] {dag.py:2941} INFO - Sync 1 DAGs
[2024-11-06T08:49:24.232+0000] {logging_mixin.py:154} INFO - [2024-11-06T08:49:24.231+0000] {dag.py:3722} INFO - Setting next_dagrun for example_sensors to None, run_after=None
[2024-11-06T08:49:24.240+0000] {processor.py:179} INFO - Processing /home/airflow/.local/lib/python3.8/site-packages/airflow/example_dags/example_sensors.py took 0.035 seconds
[2024-11-06T08:49:54.449+0000] {processor.py:157} INFO - Started process (PID=772) to work on /home/airflow/.local/lib/python3.8/site-packages/airflow/example_dags/example_sensors.py
[2024-11-06T08:49:54.450+0000] {processor.py:829} INFO - Processing file /home/airflow/.local/lib/python3.8/site-packages/airflow/example_dags/example_sensors.py for tasks to queue
[2024-11-06T08:49:54.451+0000] {logging_mixin.py:154} INFO - [2024-11-06T08:49:54.451+0000] {dagbag.py:536} INFO - Filling up the DagBag from /home/airflow/.local/lib/python3.8/site-packages/airflow/example_dags/example_sensors.py
[2024-11-06T08:49:54.454+0000] {processor.py:839} INFO - DAG(s) dict_keys(['example_sensors']) retrieved from /home/airflow/.local/lib/python3.8/site-packages/airflow/example_dags/example_sensors.py
[2024-11-06T08:49:54.465+0000] {logging_mixin.py:154} INFO - [2024-11-06T08:49:54.465+0000] {dag.py:2941} INFO - Sync 1 DAGs
[2024-11-06T08:49:54.471+0000] {logging_mixin.py:154} INFO - [2024-11-06T08:49:54.471+0000] {dag.py:3722} INFO - Setting next_dagrun for example_sensors to None, run_after=None
[2024-11-06T08:49:54.479+0000] {processor.py:179} INFO - Processing /home/airflow/.local/lib/python3.8/site-packages/airflow/example_dags/example_sensors.py took 0.031 seconds
[2024-11-06T08:50:24.710+0000] {processor.py:157} INFO - Started process (PID=826) to work on /home/airflow/.local/lib/python3.8/site-packages/airflow/example_dags/example_sensors.py
[2024-11-06T08:50:24.711+0000] {processor.py:829} INFO - Processing file /home/airflow/.local/lib/python3.8/site-packages/airflow/example_dags/example_sensors.py for tasks to queue
[2024-11-06T08:50:24.712+0000] {logging_mixin.py:154} INFO - [2024-11-06T08:50:24.711+0000] {dagbag.py:536} INFO - Filling up the DagBag from /home/airflow/.local/lib/python3.8/site-packages/airflow/example_dags/example_sensors.py
[2024-11-06T08:50:24.715+0000] {processor.py:839} INFO - DAG(s) dict_keys(['example_sensors']) retrieved from /home/airflow/.local/lib/python3.8/site-packages/airflow/example_dags/example_sensors.py
[2024-11-06T08:50:24.726+0000] {logging_mixin.py:154} INFO - [2024-11-06T08:50:24.726+0000] {dag.py:2941} INFO - Sync 1 DAGs
[2024-11-06T08:50:24.731+0000] {logging_mixin.py:154} INFO - [2024-11-06T08:50:24.731+0000] {dag.py:3722} INFO - Setting next_dagrun for example_sensors to None, run_after=None
[2024-11-06T08:50:24.738+0000] {processor.py:179} INFO - Processing /home/airflow/.local/lib/python3.8/site-packages/airflow/example_dags/example_sensors.py took 0.029 seconds
[2024-11-06T08:50:54.943+0000] {processor.py:157} INFO - Started process (PID=880) to work on /home/airflow/.local/lib/python3.8/site-packages/airflow/example_dags/example_sensors.py
[2024-11-06T08:50:54.944+0000] {processor.py:829} INFO - Processing file /home/airflow/.local/lib/python3.8/site-packages/airflow/example_dags/example_sensors.py for tasks to queue
[2024-11-06T08:50:54.946+0000] {logging_mixin.py:154} INFO - [2024-11-06T08:50:54.945+0000] {dagbag.py:536} INFO - Filling up the DagBag from /home/airflow/.local/lib/python3.8/site-packages/airflow/example_dags/example_sensors.py
[2024-11-06T08:50:54.951+0000] {processor.py:839} INFO - DAG(s) dict_keys(['example_sensors']) retrieved from /home/airflow/.local/lib/python3.8/site-packages/airflow/example_dags/example_sensors.py
[2024-11-06T08:50:54.964+0000] {logging_mixin.py:154} INFO - [2024-11-06T08:50:54.963+0000] {dag.py:2941} INFO - Sync 1 DAGs
[2024-11-06T08:50:54.969+0000] {logging_mixin.py:154} INFO - [2024-11-06T08:50:54.969+0000] {dag.py:3722} INFO - Setting next_dagrun for example_sensors to None, run_after=None
[2024-11-06T08:50:54.977+0000] {processor.py:179} INFO - Processing /home/airflow/.local/lib/python3.8/site-packages/airflow/example_dags/example_sensors.py took 0.035 seconds
[2024-11-06T08:51:25.313+0000] {processor.py:157} INFO - Started process (PID=934) to work on /home/airflow/.local/lib/python3.8/site-packages/airflow/example_dags/example_sensors.py
[2024-11-06T08:51:25.315+0000] {processor.py:829} INFO - Processing file /home/airflow/.local/lib/python3.8/site-packages/airflow/example_dags/example_sensors.py for tasks to queue
[2024-11-06T08:51:25.317+0000] {logging_mixin.py:154} INFO - [2024-11-06T08:51:25.317+0000] {dagbag.py:536} INFO - Filling up the DagBag from /home/airflow/.local/lib/python3.8/site-packages/airflow/example_dags/example_sensors.py
[2024-11-06T08:51:25.323+0000] {processor.py:839} INFO - DAG(s) dict_keys(['example_sensors']) retrieved from /home/airflow/.local/lib/python3.8/site-packages/airflow/example_dags/example_sensors.py
[2024-11-06T08:51:25.334+0000] {logging_mixin.py:154} INFO - [2024-11-06T08:51:25.334+0000] {dag.py:2941} INFO - Sync 1 DAGs
[2024-11-06T08:51:25.339+0000] {logging_mixin.py:154} INFO - [2024-11-06T08:51:25.339+0000] {dag.py:3722} INFO - Setting next_dagrun for example_sensors to None, run_after=None
[2024-11-06T08:51:25.349+0000] {processor.py:179} INFO - Processing /home/airflow/.local/lib/python3.8/site-packages/airflow/example_dags/example_sensors.py took 0.037 seconds
[2024-11-06T08:51:55.612+0000] {processor.py:157} INFO - Started process (PID=988) to work on /home/airflow/.local/lib/python3.8/site-packages/airflow/example_dags/example_sensors.py
[2024-11-06T08:51:55.614+0000] {processor.py:829} INFO - Processing file /home/airflow/.local/lib/python3.8/site-packages/airflow/example_dags/example_sensors.py for tasks to queue
[2024-11-06T08:51:55.614+0000] {logging_mixin.py:154} INFO - [2024-11-06T08:51:55.614+0000] {dagbag.py:536} INFO - Filling up the DagBag from /home/airflow/.local/lib/python3.8/site-packages/airflow/example_dags/example_sensors.py
[2024-11-06T08:51:55.618+0000] {processor.py:839} INFO - DAG(s) dict_keys(['example_sensors']) retrieved from /home/airflow/.local/lib/python3.8/site-packages/airflow/example_dags/example_sensors.py
[2024-11-06T08:51:55.630+0000] {logging_mixin.py:154} INFO - [2024-11-06T08:51:55.630+0000] {dag.py:2941} INFO - Sync 1 DAGs
[2024-11-06T08:51:55.635+0000] {logging_mixin.py:154} INFO - [2024-11-06T08:51:55.635+0000] {dag.py:3722} INFO - Setting next_dagrun for example_sensors to None, run_after=None
[2024-11-06T08:51:55.642+0000] {processor.py:179} INFO - Processing /home/airflow/.local/lib/python3.8/site-packages/airflow/example_dags/example_sensors.py took 0.032 seconds
[2024-11-06T08:52:25.989+0000] {processor.py:157} INFO - Started process (PID=1042) to work on /home/airflow/.local/lib/python3.8/site-packages/airflow/example_dags/example_sensors.py
[2024-11-06T08:52:25.989+0000] {processor.py:829} INFO - Processing file /home/airflow/.local/lib/python3.8/site-packages/airflow/example_dags/example_sensors.py for tasks to queue
[2024-11-06T08:52:25.990+0000] {logging_mixin.py:154} INFO - [2024-11-06T08:52:25.990+0000] {dagbag.py:536} INFO - Filling up the DagBag from /home/airflow/.local/lib/python3.8/site-packages/airflow/example_dags/example_sensors.py
[2024-11-06T08:52:25.994+0000] {processor.py:839} INFO - DAG(s) dict_keys(['example_sensors']) retrieved from /home/airflow/.local/lib/python3.8/site-packages/airflow/example_dags/example_sensors.py
[2024-11-06T08:52:26.005+0000] {logging_mixin.py:154} INFO - [2024-11-06T08:52:26.005+0000] {dag.py:2941} INFO - Sync 1 DAGs
[2024-11-06T08:52:26.012+0000] {logging_mixin.py:154} INFO - [2024-11-06T08:52:26.012+0000] {dag.py:3722} INFO - Setting next_dagrun for example_sensors to None, run_after=None
[2024-11-06T08:52:26.022+0000] {processor.py:179} INFO - Processing /home/airflow/.local/lib/python3.8/site-packages/airflow/example_dags/example_sensors.py took 0.035 seconds
[2024-11-06T08:52:56.501+0000] {processor.py:157} INFO - Started process (PID=1096) to work on /home/airflow/.local/lib/python3.8/site-packages/airflow/example_dags/example_sensors.py
[2024-11-06T08:52:56.501+0000] {processor.py:829} INFO - Processing file /home/airflow/.local/lib/python3.8/site-packages/airflow/example_dags/example_sensors.py for tasks to queue
[2024-11-06T08:52:56.502+0000] {logging_mixin.py:154} INFO - [2024-11-06T08:52:56.502+0000] {dagbag.py:536} INFO - Filling up the DagBag from /home/airflow/.local/lib/python3.8/site-packages/airflow/example_dags/example_sensors.py
[2024-11-06T08:52:56.506+0000] {processor.py:839} INFO - DAG(s) dict_keys(['example_sensors']) retrieved from /home/airflow/.local/lib/python3.8/site-packages/airflow/example_dags/example_sensors.py
[2024-11-06T08:52:56.517+0000] {logging_mixin.py:154} INFO - [2024-11-06T08:52:56.516+0000] {dag.py:2941} INFO - Sync 1 DAGs
[2024-11-06T08:52:56.522+0000] {logging_mixin.py:154} INFO - [2024-11-06T08:52:56.522+0000] {dag.py:3722} INFO - Setting next_dagrun for example_sensors to None, run_after=None
[2024-11-06T08:52:56.604+0000] {processor.py:179} INFO - Processing /home/airflow/.local/lib/python3.8/site-packages/airflow/example_dags/example_sensors.py took 0.105 seconds
[2024-11-06T08:53:26.920+0000] {processor.py:157} INFO - Started process (PID=1150) to work on /home/airflow/.local/lib/python3.8/site-packages/airflow/example_dags/example_sensors.py
[2024-11-06T08:53:26.920+0000] {processor.py:829} INFO - Processing file /home/airflow/.local/lib/python3.8/site-packages/airflow/example_dags/example_sensors.py for tasks to queue
[2024-11-06T08:53:26.921+0000] {logging_mixin.py:154} INFO - [2024-11-06T08:53:26.921+0000] {dagbag.py:536} INFO - Filling up the DagBag from /home/airflow/.local/lib/python3.8/site-packages/airflow/example_dags/example_sensors.py
[2024-11-06T08:53:26.924+0000] {processor.py:839} INFO - DAG(s) dict_keys(['example_sensors']) retrieved from /home/airflow/.local/lib/python3.8/site-packages/airflow/example_dags/example_sensors.py
[2024-11-06T08:53:26.935+0000] {logging_mixin.py:154} INFO - [2024-11-06T08:53:26.935+0000] {dag.py:2941} INFO - Sync 1 DAGs
[2024-11-06T08:53:26.940+0000] {logging_mixin.py:154} INFO - [2024-11-06T08:53:26.940+0000] {dag.py:3722} INFO - Setting next_dagrun for example_sensors to None, run_after=None
[2024-11-06T08:53:26.947+0000] {processor.py:179} INFO - Processing /home/airflow/.local/lib/python3.8/site-packages/airflow/example_dags/example_sensors.py took 0.029 seconds
[2024-11-06T08:53:57.648+0000] {processor.py:157} INFO - Started process (PID=1204) to work on /home/airflow/.local/lib/python3.8/site-packages/airflow/example_dags/example_sensors.py
[2024-11-06T08:53:57.649+0000] {processor.py:829} INFO - Processing file /home/airflow/.local/lib/python3.8/site-packages/airflow/example_dags/example_sensors.py for tasks to queue
[2024-11-06T08:53:57.650+0000] {logging_mixin.py:154} INFO - [2024-11-06T08:53:57.650+0000] {dagbag.py:536} INFO - Filling up the DagBag from /home/airflow/.local/lib/python3.8/site-packages/airflow/example_dags/example_sensors.py
[2024-11-06T08:53:57.653+0000] {processor.py:839} INFO - DAG(s) dict_keys(['example_sensors']) retrieved from /home/airflow/.local/lib/python3.8/site-packages/airflow/example_dags/example_sensors.py
[2024-11-06T08:53:57.664+0000] {logging_mixin.py:154} INFO - [2024-11-06T08:53:57.664+0000] {dag.py:2941} INFO - Sync 1 DAGs
[2024-11-06T08:53:57.669+0000] {logging_mixin.py:154} INFO - [2024-11-06T08:53:57.669+0000] {dag.py:3722} INFO - Setting next_dagrun for example_sensors to None, run_after=None
[2024-11-06T08:53:57.676+0000] {processor.py:179} INFO - Processing /home/airflow/.local/lib/python3.8/site-packages/airflow/example_dags/example_sensors.py took 0.029 seconds
[2024-11-06T08:54:28.288+0000] {processor.py:157} INFO - Started process (PID=1258) to work on /home/airflow/.local/lib/python3.8/site-packages/airflow/example_dags/example_sensors.py
[2024-11-06T08:54:28.288+0000] {processor.py:829} INFO - Processing file /home/airflow/.local/lib/python3.8/site-packages/airflow/example_dags/example_sensors.py for tasks to queue
[2024-11-06T08:54:28.289+0000] {logging_mixin.py:154} INFO - [2024-11-06T08:54:28.289+0000] {dagbag.py:536} INFO - Filling up the DagBag from /home/airflow/.local/lib/python3.8/site-packages/airflow/example_dags/example_sensors.py
[2024-11-06T08:54:28.293+0000] {processor.py:839} INFO - DAG(s) dict_keys(['example_sensors']) retrieved from /home/airflow/.local/lib/python3.8/site-packages/airflow/example_dags/example_sensors.py
[2024-11-06T08:54:28.306+0000] {logging_mixin.py:154} INFO - [2024-11-06T08:54:28.305+0000] {dag.py:2941} INFO - Sync 1 DAGs
[2024-11-06T08:54:28.386+0000] {logging_mixin.py:154} INFO - [2024-11-06T08:54:28.386+0000] {dag.py:3722} INFO - Setting next_dagrun for example_sensors to None, run_after=None
[2024-11-06T08:54:28.393+0000] {processor.py:179} INFO - Processing /home/airflow/.local/lib/python3.8/site-packages/airflow/example_dags/example_sensors.py took 0.106 seconds
[2024-11-06T08:54:58.911+0000] {processor.py:157} INFO - Started process (PID=1312) to work on /home/airflow/.local/lib/python3.8/site-packages/airflow/example_dags/example_sensors.py
[2024-11-06T08:54:58.913+0000] {processor.py:829} INFO - Processing file /home/airflow/.local/lib/python3.8/site-packages/airflow/example_dags/example_sensors.py for tasks to queue
[2024-11-06T08:54:58.914+0000] {logging_mixin.py:154} INFO - [2024-11-06T08:54:58.914+0000] {dagbag.py:536} INFO - Filling up the DagBag from /home/airflow/.local/lib/python3.8/site-packages/airflow/example_dags/example_sensors.py
[2024-11-06T08:54:58.918+0000] {processor.py:839} INFO - DAG(s) dict_keys(['example_sensors']) retrieved from /home/airflow/.local/lib/python3.8/site-packages/airflow/example_dags/example_sensors.py
[2024-11-06T08:54:58.928+0000] {logging_mixin.py:154} INFO - [2024-11-06T08:54:58.928+0000] {dag.py:2941} INFO - Sync 1 DAGs
[2024-11-06T08:54:58.933+0000] {logging_mixin.py:154} INFO - [2024-11-06T08:54:58.932+0000] {dag.py:3722} INFO - Setting next_dagrun for example_sensors to None, run_after=None
[2024-11-06T08:54:58.940+0000] {processor.py:179} INFO - Processing /home/airflow/.local/lib/python3.8/site-packages/airflow/example_dags/example_sensors.py took 0.031 seconds
[2024-11-06T08:55:29.765+0000] {processor.py:157} INFO - Started process (PID=1366) to work on /home/airflow/.local/lib/python3.8/site-packages/airflow/example_dags/example_sensors.py
[2024-11-06T08:55:29.765+0000] {processor.py:829} INFO - Processing file /home/airflow/.local/lib/python3.8/site-packages/airflow/example_dags/example_sensors.py for tasks to queue
[2024-11-06T08:55:29.766+0000] {logging_mixin.py:154} INFO - [2024-11-06T08:55:29.766+0000] {dagbag.py:536} INFO - Filling up the DagBag from /home/airflow/.local/lib/python3.8/site-packages/airflow/example_dags/example_sensors.py
[2024-11-06T08:55:29.770+0000] {processor.py:839} INFO - DAG(s) dict_keys(['example_sensors']) retrieved from /home/airflow/.local/lib/python3.8/site-packages/airflow/example_dags/example_sensors.py
[2024-11-06T08:55:29.784+0000] {logging_mixin.py:154} INFO - [2024-11-06T08:55:29.784+0000] {dag.py:2941} INFO - Sync 1 DAGs
[2024-11-06T08:55:29.789+0000] {logging_mixin.py:154} INFO - [2024-11-06T08:55:29.789+0000] {dag.py:3722} INFO - Setting next_dagrun for example_sensors to None, run_after=None
[2024-11-06T08:55:29.796+0000] {processor.py:179} INFO - Processing /home/airflow/.local/lib/python3.8/site-packages/airflow/example_dags/example_sensors.py took 0.033 seconds
[2024-11-06T08:56:00.568+0000] {processor.py:157} INFO - Started process (PID=1420) to work on /home/airflow/.local/lib/python3.8/site-packages/airflow/example_dags/example_sensors.py
[2024-11-06T08:56:00.569+0000] {processor.py:829} INFO - Processing file /home/airflow/.local/lib/python3.8/site-packages/airflow/example_dags/example_sensors.py for tasks to queue
[2024-11-06T08:56:00.570+0000] {logging_mixin.py:154} INFO - [2024-11-06T08:56:00.570+0000] {dagbag.py:536} INFO - Filling up the DagBag from /home/airflow/.local/lib/python3.8/site-packages/airflow/example_dags/example_sensors.py
[2024-11-06T08:56:00.574+0000] {processor.py:839} INFO - DAG(s) dict_keys(['example_sensors']) retrieved from /home/airflow/.local/lib/python3.8/site-packages/airflow/example_dags/example_sensors.py
[2024-11-06T08:56:00.585+0000] {logging_mixin.py:154} INFO - [2024-11-06T08:56:00.584+0000] {dag.py:2941} INFO - Sync 1 DAGs
[2024-11-06T08:56:00.666+0000] {logging_mixin.py:154} INFO - [2024-11-06T08:56:00.666+0000] {dag.py:3722} INFO - Setting next_dagrun for example_sensors to None, run_after=None
[2024-11-06T08:56:00.674+0000] {processor.py:179} INFO - Processing /home/airflow/.local/lib/python3.8/site-packages/airflow/example_dags/example_sensors.py took 0.107 seconds
[2024-11-06T08:56:31.639+0000] {processor.py:157} INFO - Started process (PID=1474) to work on /home/airflow/.local/lib/python3.8/site-packages/airflow/example_dags/example_sensors.py
[2024-11-06T08:56:31.639+0000] {processor.py:829} INFO - Processing file /home/airflow/.local/lib/python3.8/site-packages/airflow/example_dags/example_sensors.py for tasks to queue
[2024-11-06T08:56:31.640+0000] {logging_mixin.py:154} INFO - [2024-11-06T08:56:31.640+0000] {dagbag.py:536} INFO - Filling up the DagBag from /home/airflow/.local/lib/python3.8/site-packages/airflow/example_dags/example_sensors.py
[2024-11-06T08:56:31.644+0000] {processor.py:839} INFO - DAG(s) dict_keys(['example_sensors']) retrieved from /home/airflow/.local/lib/python3.8/site-packages/airflow/example_dags/example_sensors.py
[2024-11-06T08:56:31.655+0000] {logging_mixin.py:154} INFO - [2024-11-06T08:56:31.655+0000] {dag.py:2941} INFO - Sync 1 DAGs
[2024-11-06T08:56:31.659+0000] {logging_mixin.py:154} INFO - [2024-11-06T08:56:31.659+0000] {dag.py:3722} INFO - Setting next_dagrun for example_sensors to None, run_after=None
[2024-11-06T08:56:31.669+0000] {processor.py:179} INFO - Processing /home/airflow/.local/lib/python3.8/site-packages/airflow/example_dags/example_sensors.py took 0.031 seconds
[2024-11-06T08:57:01.954+0000] {processor.py:157} INFO - Started process (PID=1528) to work on /home/airflow/.local/lib/python3.8/site-packages/airflow/example_dags/example_sensors.py
[2024-11-06T08:57:01.954+0000] {processor.py:829} INFO - Processing file /home/airflow/.local/lib/python3.8/site-packages/airflow/example_dags/example_sensors.py for tasks to queue
[2024-11-06T08:57:01.955+0000] {logging_mixin.py:154} INFO - [2024-11-06T08:57:01.955+0000] {dagbag.py:536} INFO - Filling up the DagBag from /home/airflow/.local/lib/python3.8/site-packages/airflow/example_dags/example_sensors.py
[2024-11-06T08:57:01.960+0000] {processor.py:839} INFO - DAG(s) dict_keys(['example_sensors']) retrieved from /home/airflow/.local/lib/python3.8/site-packages/airflow/example_dags/example_sensors.py
[2024-11-06T08:57:01.974+0000] {logging_mixin.py:154} INFO - [2024-11-06T08:57:01.974+0000] {dag.py:2941} INFO - Sync 1 DAGs
[2024-11-06T08:57:01.980+0000] {logging_mixin.py:154} INFO - [2024-11-06T08:57:01.980+0000] {dag.py:3722} INFO - Setting next_dagrun for example_sensors to None, run_after=None
[2024-11-06T08:57:01.989+0000] {processor.py:179} INFO - Processing /home/airflow/.local/lib/python3.8/site-packages/airflow/example_dags/example_sensors.py took 0.037 seconds
[2024-11-06T08:57:32.152+0000] {processor.py:157} INFO - Started process (PID=1582) to work on /home/airflow/.local/lib/python3.8/site-packages/airflow/example_dags/example_sensors.py
[2024-11-06T08:57:32.152+0000] {processor.py:829} INFO - Processing file /home/airflow/.local/lib/python3.8/site-packages/airflow/example_dags/example_sensors.py for tasks to queue
[2024-11-06T08:57:32.153+0000] {logging_mixin.py:154} INFO - [2024-11-06T08:57:32.153+0000] {dagbag.py:536} INFO - Filling up the DagBag from /home/airflow/.local/lib/python3.8/site-packages/airflow/example_dags/example_sensors.py
[2024-11-06T08:57:32.157+0000] {processor.py:839} INFO - DAG(s) dict_keys(['example_sensors']) retrieved from /home/airflow/.local/lib/python3.8/site-packages/airflow/example_dags/example_sensors.py
[2024-11-06T08:57:32.170+0000] {logging_mixin.py:154} INFO - [2024-11-06T08:57:32.169+0000] {dag.py:2941} INFO - Sync 1 DAGs
[2024-11-06T08:57:32.250+0000] {logging_mixin.py:154} INFO - [2024-11-06T08:57:32.250+0000] {dag.py:3722} INFO - Setting next_dagrun for example_sensors to None, run_after=None
[2024-11-06T08:57:32.259+0000] {processor.py:179} INFO - Processing /home/airflow/.local/lib/python3.8/site-packages/airflow/example_dags/example_sensors.py took 0.109 seconds
[2024-11-06T08:58:02.377+0000] {processor.py:157} INFO - Started process (PID=1635) to work on /home/airflow/.local/lib/python3.8/site-packages/airflow/example_dags/example_sensors.py
[2024-11-06T08:58:02.377+0000] {processor.py:829} INFO - Processing file /home/airflow/.local/lib/python3.8/site-packages/airflow/example_dags/example_sensors.py for tasks to queue
[2024-11-06T08:58:02.378+0000] {logging_mixin.py:154} INFO - [2024-11-06T08:58:02.378+0000] {dagbag.py:536} INFO - Filling up the DagBag from /home/airflow/.local/lib/python3.8/site-packages/airflow/example_dags/example_sensors.py
[2024-11-06T08:58:02.382+0000] {processor.py:839} INFO - DAG(s) dict_keys(['example_sensors']) retrieved from /home/airflow/.local/lib/python3.8/site-packages/airflow/example_dags/example_sensors.py
[2024-11-06T08:58:02.397+0000] {logging_mixin.py:154} INFO - [2024-11-06T08:58:02.397+0000] {dag.py:2941} INFO - Sync 1 DAGs
[2024-11-06T08:58:02.430+0000] {logging_mixin.py:154} INFO - [2024-11-06T08:58:02.430+0000] {dag.py:3722} INFO - Setting next_dagrun for example_sensors to None, run_after=None
[2024-11-06T08:58:02.443+0000] {processor.py:179} INFO - Processing /home/airflow/.local/lib/python3.8/site-packages/airflow/example_dags/example_sensors.py took 0.068 seconds
[2024-11-06T08:58:33.502+0000] {processor.py:157} INFO - Started process (PID=1689) to work on /home/airflow/.local/lib/python3.8/site-packages/airflow/example_dags/example_sensors.py
[2024-11-06T08:58:33.506+0000] {processor.py:829} INFO - Processing file /home/airflow/.local/lib/python3.8/site-packages/airflow/example_dags/example_sensors.py for tasks to queue
[2024-11-06T08:58:33.511+0000] {logging_mixin.py:154} INFO - [2024-11-06T08:58:33.511+0000] {dagbag.py:536} INFO - Filling up the DagBag from /home/airflow/.local/lib/python3.8/site-packages/airflow/example_dags/example_sensors.py
[2024-11-06T08:58:33.515+0000] {processor.py:839} INFO - DAG(s) dict_keys(['example_sensors']) retrieved from /home/airflow/.local/lib/python3.8/site-packages/airflow/example_dags/example_sensors.py
[2024-11-06T08:58:33.598+0000] {logging_mixin.py:154} INFO - [2024-11-06T08:58:33.598+0000] {dag.py:2941} INFO - Sync 1 DAGs
[2024-11-06T08:58:33.603+0000] {logging_mixin.py:154} INFO - [2024-11-06T08:58:33.603+0000] {dag.py:3722} INFO - Setting next_dagrun for example_sensors to None, run_after=None
[2024-11-06T08:58:33.610+0000] {processor.py:179} INFO - Processing /home/airflow/.local/lib/python3.8/site-packages/airflow/example_dags/example_sensors.py took 0.109 seconds
[2024-11-06T09:17:56.875+0000] {processor.py:157} INFO - Started process (PID=1734) to work on /home/airflow/.local/lib/python3.8/site-packages/airflow/example_dags/example_sensors.py
[2024-11-06T09:17:56.876+0000] {processor.py:829} INFO - Processing file /home/airflow/.local/lib/python3.8/site-packages/airflow/example_dags/example_sensors.py for tasks to queue
[2024-11-06T09:17:56.879+0000] {logging_mixin.py:154} INFO - [2024-11-06T09:17:56.879+0000] {dagbag.py:536} INFO - Filling up the DagBag from /home/airflow/.local/lib/python3.8/site-packages/airflow/example_dags/example_sensors.py
[2024-11-06T09:17:56.888+0000] {processor.py:839} INFO - DAG(s) dict_keys(['example_sensors']) retrieved from /home/airflow/.local/lib/python3.8/site-packages/airflow/example_dags/example_sensors.py
[2024-11-06T09:17:56.920+0000] {logging_mixin.py:154} INFO - [2024-11-06T09:17:56.920+0000] {dag.py:2941} INFO - Sync 1 DAGs
[2024-11-06T09:17:56.933+0000] {logging_mixin.py:154} INFO - [2024-11-06T09:17:56.932+0000] {dag.py:3722} INFO - Setting next_dagrun for example_sensors to None, run_after=None
[2024-11-06T09:17:56.960+0000] {processor.py:179} INFO - Processing /home/airflow/.local/lib/python3.8/site-packages/airflow/example_dags/example_sensors.py took 0.089 seconds
[2024-11-06T09:29:43.619+0000] {processor.py:157} INFO - Started process (PID=1788) to work on /home/airflow/.local/lib/python3.8/site-packages/airflow/example_dags/example_sensors.py
[2024-11-06T09:29:43.619+0000] {processor.py:829} INFO - Processing file /home/airflow/.local/lib/python3.8/site-packages/airflow/example_dags/example_sensors.py for tasks to queue
[2024-11-06T09:29:43.620+0000] {logging_mixin.py:154} INFO - [2024-11-06T09:29:43.620+0000] {dagbag.py:536} INFO - Filling up the DagBag from /home/airflow/.local/lib/python3.8/site-packages/airflow/example_dags/example_sensors.py
[2024-11-06T09:29:43.624+0000] {processor.py:839} INFO - DAG(s) dict_keys(['example_sensors']) retrieved from /home/airflow/.local/lib/python3.8/site-packages/airflow/example_dags/example_sensors.py
[2024-11-06T09:29:43.639+0000] {logging_mixin.py:154} INFO - [2024-11-06T09:29:43.639+0000] {dag.py:2941} INFO - Sync 1 DAGs
[2024-11-06T09:29:43.644+0000] {logging_mixin.py:154} INFO - [2024-11-06T09:29:43.644+0000] {dag.py:3722} INFO - Setting next_dagrun for example_sensors to None, run_after=None
[2024-11-06T09:29:43.654+0000] {processor.py:179} INFO - Processing /home/airflow/.local/lib/python3.8/site-packages/airflow/example_dags/example_sensors.py took 0.037 seconds
[2024-11-06T10:28:13.261+0000] {processor.py:157} INFO - Started process (PID=1842) to work on /home/airflow/.local/lib/python3.8/site-packages/airflow/example_dags/example_sensors.py
[2024-11-06T10:28:13.262+0000] {processor.py:829} INFO - Processing file /home/airflow/.local/lib/python3.8/site-packages/airflow/example_dags/example_sensors.py for tasks to queue
[2024-11-06T10:28:13.264+0000] {logging_mixin.py:154} INFO - [2024-11-06T10:28:13.264+0000] {dagbag.py:536} INFO - Filling up the DagBag from /home/airflow/.local/lib/python3.8/site-packages/airflow/example_dags/example_sensors.py
[2024-11-06T10:28:13.276+0000] {processor.py:839} INFO - DAG(s) dict_keys(['example_sensors']) retrieved from /home/airflow/.local/lib/python3.8/site-packages/airflow/example_dags/example_sensors.py
[2024-11-06T10:28:13.302+0000] {logging_mixin.py:154} INFO - [2024-11-06T10:28:13.301+0000] {dag.py:2941} INFO - Sync 1 DAGs
[2024-11-06T10:28:13.315+0000] {logging_mixin.py:154} INFO - [2024-11-06T10:28:13.315+0000] {dag.py:3722} INFO - Setting next_dagrun for example_sensors to None, run_after=None
[2024-11-06T10:28:13.335+0000] {processor.py:179} INFO - Processing /home/airflow/.local/lib/python3.8/site-packages/airflow/example_dags/example_sensors.py took 0.077 seconds
[2024-11-06T11:31:03.395+0000] {processor.py:157} INFO - Started process (PID=1896) to work on /home/airflow/.local/lib/python3.8/site-packages/airflow/example_dags/example_sensors.py
[2024-11-06T11:31:03.396+0000] {processor.py:829} INFO - Processing file /home/airflow/.local/lib/python3.8/site-packages/airflow/example_dags/example_sensors.py for tasks to queue
[2024-11-06T11:31:03.397+0000] {logging_mixin.py:154} INFO - [2024-11-06T11:31:03.397+0000] {dagbag.py:536} INFO - Filling up the DagBag from /home/airflow/.local/lib/python3.8/site-packages/airflow/example_dags/example_sensors.py
[2024-11-06T11:31:03.401+0000] {processor.py:839} INFO - DAG(s) dict_keys(['example_sensors']) retrieved from /home/airflow/.local/lib/python3.8/site-packages/airflow/example_dags/example_sensors.py
[2024-11-06T11:31:03.412+0000] {logging_mixin.py:154} INFO - [2024-11-06T11:31:03.412+0000] {dag.py:2941} INFO - Sync 1 DAGs
[2024-11-06T11:31:03.418+0000] {logging_mixin.py:154} INFO - [2024-11-06T11:31:03.418+0000] {dag.py:3722} INFO - Setting next_dagrun for example_sensors to None, run_after=None
[2024-11-06T11:31:03.425+0000] {processor.py:179} INFO - Processing /home/airflow/.local/lib/python3.8/site-packages/airflow/example_dags/example_sensors.py took 0.031 seconds
[2024-11-06T11:59:50.166+0000] {processor.py:157} INFO - Started process (PID=1950) to work on /home/airflow/.local/lib/python3.8/site-packages/airflow/example_dags/example_sensors.py
[2024-11-06T11:59:50.167+0000] {processor.py:829} INFO - Processing file /home/airflow/.local/lib/python3.8/site-packages/airflow/example_dags/example_sensors.py for tasks to queue
[2024-11-06T11:59:50.169+0000] {logging_mixin.py:154} INFO - [2024-11-06T11:59:50.169+0000] {dagbag.py:536} INFO - Filling up the DagBag from /home/airflow/.local/lib/python3.8/site-packages/airflow/example_dags/example_sensors.py
[2024-11-06T11:59:50.174+0000] {processor.py:839} INFO - DAG(s) dict_keys(['example_sensors']) retrieved from /home/airflow/.local/lib/python3.8/site-packages/airflow/example_dags/example_sensors.py
[2024-11-06T11:59:50.188+0000] {logging_mixin.py:154} INFO - [2024-11-06T11:59:50.188+0000] {dag.py:2941} INFO - Sync 1 DAGs
[2024-11-06T11:59:50.194+0000] {logging_mixin.py:154} INFO - [2024-11-06T11:59:50.194+0000] {dag.py:3722} INFO - Setting next_dagrun for example_sensors to None, run_after=None
[2024-11-06T11:59:50.201+0000] {processor.py:179} INFO - Processing /home/airflow/.local/lib/python3.8/site-packages/airflow/example_dags/example_sensors.py took 0.036 seconds
[2024-11-06T12:50:47.253+0000] {processor.py:157} INFO - Started process (PID=2004) to work on /home/airflow/.local/lib/python3.8/site-packages/airflow/example_dags/example_sensors.py
[2024-11-06T12:50:47.254+0000] {processor.py:829} INFO - Processing file /home/airflow/.local/lib/python3.8/site-packages/airflow/example_dags/example_sensors.py for tasks to queue
[2024-11-06T12:50:47.256+0000] {logging_mixin.py:154} INFO - [2024-11-06T12:50:47.256+0000] {dagbag.py:536} INFO - Filling up the DagBag from /home/airflow/.local/lib/python3.8/site-packages/airflow/example_dags/example_sensors.py
[2024-11-06T12:50:47.262+0000] {processor.py:839} INFO - DAG(s) dict_keys(['example_sensors']) retrieved from /home/airflow/.local/lib/python3.8/site-packages/airflow/example_dags/example_sensors.py
[2024-11-06T12:50:47.284+0000] {logging_mixin.py:154} INFO - [2024-11-06T12:50:47.284+0000] {dag.py:2941} INFO - Sync 1 DAGs
[2024-11-06T12:50:47.296+0000] {logging_mixin.py:154} INFO - [2024-11-06T12:50:47.296+0000] {dag.py:3722} INFO - Setting next_dagrun for example_sensors to None, run_after=None
[2024-11-06T12:50:47.315+0000] {processor.py:179} INFO - Processing /home/airflow/.local/lib/python3.8/site-packages/airflow/example_dags/example_sensors.py took 0.065 seconds
[2024-11-06T12:52:35.344+0000] {processor.py:157} INFO - Started process (PID=2058) to work on /home/airflow/.local/lib/python3.8/site-packages/airflow/example_dags/example_sensors.py
[2024-11-06T12:52:35.345+0000] {processor.py:829} INFO - Processing file /home/airflow/.local/lib/python3.8/site-packages/airflow/example_dags/example_sensors.py for tasks to queue
[2024-11-06T12:52:35.346+0000] {logging_mixin.py:154} INFO - [2024-11-06T12:52:35.346+0000] {dagbag.py:536} INFO - Filling up the DagBag from /home/airflow/.local/lib/python3.8/site-packages/airflow/example_dags/example_sensors.py
[2024-11-06T12:52:35.350+0000] {processor.py:839} INFO - DAG(s) dict_keys(['example_sensors']) retrieved from /home/airflow/.local/lib/python3.8/site-packages/airflow/example_dags/example_sensors.py
[2024-11-06T12:52:35.367+0000] {logging_mixin.py:154} INFO - [2024-11-06T12:52:35.367+0000] {dag.py:2941} INFO - Sync 1 DAGs
[2024-11-06T12:52:35.373+0000] {logging_mixin.py:154} INFO - [2024-11-06T12:52:35.373+0000] {dag.py:3722} INFO - Setting next_dagrun for example_sensors to None, run_after=None
[2024-11-06T12:52:35.381+0000] {processor.py:179} INFO - Processing /home/airflow/.local/lib/python3.8/site-packages/airflow/example_dags/example_sensors.py took 0.038 seconds
[2024-11-06T13:07:16.735+0000] {processor.py:157} INFO - Started process (PID=2112) to work on /home/airflow/.local/lib/python3.8/site-packages/airflow/example_dags/example_sensors.py
[2024-11-06T13:07:16.736+0000] {processor.py:829} INFO - Processing file /home/airflow/.local/lib/python3.8/site-packages/airflow/example_dags/example_sensors.py for tasks to queue
[2024-11-06T13:07:16.737+0000] {logging_mixin.py:154} INFO - [2024-11-06T13:07:16.736+0000] {dagbag.py:536} INFO - Filling up the DagBag from /home/airflow/.local/lib/python3.8/site-packages/airflow/example_dags/example_sensors.py
[2024-11-06T13:07:16.740+0000] {processor.py:839} INFO - DAG(s) dict_keys(['example_sensors']) retrieved from /home/airflow/.local/lib/python3.8/site-packages/airflow/example_dags/example_sensors.py
[2024-11-06T13:07:16.755+0000] {logging_mixin.py:154} INFO - [2024-11-06T13:07:16.754+0000] {dag.py:2941} INFO - Sync 1 DAGs
[2024-11-06T13:07:16.761+0000] {logging_mixin.py:154} INFO - [2024-11-06T13:07:16.761+0000] {dag.py:3722} INFO - Setting next_dagrun for example_sensors to None, run_after=None
[2024-11-06T13:07:16.768+0000] {processor.py:179} INFO - Processing /home/airflow/.local/lib/python3.8/site-packages/airflow/example_dags/example_sensors.py took 0.035 seconds
[2024-11-06T13:47:31.493+0000] {processor.py:157} INFO - Started process (PID=2166) to work on /home/airflow/.local/lib/python3.8/site-packages/airflow/example_dags/example_sensors.py
[2024-11-06T13:47:31.494+0000] {processor.py:829} INFO - Processing file /home/airflow/.local/lib/python3.8/site-packages/airflow/example_dags/example_sensors.py for tasks to queue
[2024-11-06T13:47:31.496+0000] {logging_mixin.py:154} INFO - [2024-11-06T13:47:31.496+0000] {dagbag.py:536} INFO - Filling up the DagBag from /home/airflow/.local/lib/python3.8/site-packages/airflow/example_dags/example_sensors.py
[2024-11-06T13:47:31.506+0000] {processor.py:839} INFO - DAG(s) dict_keys(['example_sensors']) retrieved from /home/airflow/.local/lib/python3.8/site-packages/airflow/example_dags/example_sensors.py
[2024-11-06T13:47:31.534+0000] {logging_mixin.py:154} INFO - [2024-11-06T13:47:31.534+0000] {dag.py:2941} INFO - Sync 1 DAGs
[2024-11-06T13:47:31.543+0000] {logging_mixin.py:154} INFO - [2024-11-06T13:47:31.543+0000] {dag.py:3722} INFO - Setting next_dagrun for example_sensors to None, run_after=None
[2024-11-06T13:47:31.567+0000] {processor.py:179} INFO - Processing /home/airflow/.local/lib/python3.8/site-packages/airflow/example_dags/example_sensors.py took 0.077 seconds
[2024-11-06T13:55:17.300+0000] {processor.py:157} INFO - Started process (PID=2220) to work on /home/airflow/.local/lib/python3.8/site-packages/airflow/example_dags/example_sensors.py
[2024-11-06T13:55:17.301+0000] {processor.py:829} INFO - Processing file /home/airflow/.local/lib/python3.8/site-packages/airflow/example_dags/example_sensors.py for tasks to queue
[2024-11-06T13:55:17.304+0000] {logging_mixin.py:154} INFO - [2024-11-06T13:55:17.304+0000] {dagbag.py:536} INFO - Filling up the DagBag from /home/airflow/.local/lib/python3.8/site-packages/airflow/example_dags/example_sensors.py
[2024-11-06T13:55:17.309+0000] {processor.py:839} INFO - DAG(s) dict_keys(['example_sensors']) retrieved from /home/airflow/.local/lib/python3.8/site-packages/airflow/example_dags/example_sensors.py
[2024-11-06T13:55:17.324+0000] {logging_mixin.py:154} INFO - [2024-11-06T13:55:17.324+0000] {dag.py:2941} INFO - Sync 1 DAGs
[2024-11-06T13:55:17.329+0000] {logging_mixin.py:154} INFO - [2024-11-06T13:55:17.329+0000] {dag.py:3722} INFO - Setting next_dagrun for example_sensors to None, run_after=None
[2024-11-06T13:55:17.338+0000] {processor.py:179} INFO - Processing /home/airflow/.local/lib/python3.8/site-packages/airflow/example_dags/example_sensors.py took 0.040 seconds
[2024-11-06T14:00:21.652+0000] {processor.py:157} INFO - Started process (PID=2274) to work on /home/airflow/.local/lib/python3.8/site-packages/airflow/example_dags/example_sensors.py
[2024-11-06T14:00:21.653+0000] {processor.py:829} INFO - Processing file /home/airflow/.local/lib/python3.8/site-packages/airflow/example_dags/example_sensors.py for tasks to queue
[2024-11-06T14:00:21.657+0000] {logging_mixin.py:154} INFO - [2024-11-06T14:00:21.657+0000] {dagbag.py:536} INFO - Filling up the DagBag from /home/airflow/.local/lib/python3.8/site-packages/airflow/example_dags/example_sensors.py
[2024-11-06T14:00:21.667+0000] {processor.py:839} INFO - DAG(s) dict_keys(['example_sensors']) retrieved from /home/airflow/.local/lib/python3.8/site-packages/airflow/example_dags/example_sensors.py
[2024-11-06T14:00:21.707+0000] {logging_mixin.py:154} INFO - [2024-11-06T14:00:21.707+0000] {dag.py:2941} INFO - Sync 1 DAGs
[2024-11-06T14:00:21.725+0000] {logging_mixin.py:154} INFO - [2024-11-06T14:00:21.725+0000] {dag.py:3722} INFO - Setting next_dagrun for example_sensors to None, run_after=None
[2024-11-06T14:00:21.751+0000] {processor.py:179} INFO - Processing /home/airflow/.local/lib/python3.8/site-packages/airflow/example_dags/example_sensors.py took 0.101 seconds
[2024-11-06T14:05:42.016+0000] {processor.py:157} INFO - Started process (PID=2328) to work on /home/airflow/.local/lib/python3.8/site-packages/airflow/example_dags/example_sensors.py
[2024-11-06T14:05:42.016+0000] {processor.py:829} INFO - Processing file /home/airflow/.local/lib/python3.8/site-packages/airflow/example_dags/example_sensors.py for tasks to queue
[2024-11-06T14:05:42.017+0000] {logging_mixin.py:154} INFO - [2024-11-06T14:05:42.017+0000] {dagbag.py:536} INFO - Filling up the DagBag from /home/airflow/.local/lib/python3.8/site-packages/airflow/example_dags/example_sensors.py
[2024-11-06T14:05:42.021+0000] {processor.py:839} INFO - DAG(s) dict_keys(['example_sensors']) retrieved from /home/airflow/.local/lib/python3.8/site-packages/airflow/example_dags/example_sensors.py
[2024-11-06T14:05:42.035+0000] {logging_mixin.py:154} INFO - [2024-11-06T14:05:42.035+0000] {dag.py:2941} INFO - Sync 1 DAGs
[2024-11-06T14:05:42.040+0000] {logging_mixin.py:154} INFO - [2024-11-06T14:05:42.040+0000] {dag.py:3722} INFO - Setting next_dagrun for example_sensors to None, run_after=None
[2024-11-06T14:05:42.051+0000] {processor.py:179} INFO - Processing /home/airflow/.local/lib/python3.8/site-packages/airflow/example_dags/example_sensors.py took 0.036 seconds
[2024-11-06T14:09:56.305+0000] {processor.py:157} INFO - Started process (PID=2382) to work on /home/airflow/.local/lib/python3.8/site-packages/airflow/example_dags/example_sensors.py
[2024-11-06T14:09:56.306+0000] {processor.py:829} INFO - Processing file /home/airflow/.local/lib/python3.8/site-packages/airflow/example_dags/example_sensors.py for tasks to queue
[2024-11-06T14:09:56.308+0000] {logging_mixin.py:154} INFO - [2024-11-06T14:09:56.308+0000] {dagbag.py:536} INFO - Filling up the DagBag from /home/airflow/.local/lib/python3.8/site-packages/airflow/example_dags/example_sensors.py
[2024-11-06T14:09:56.314+0000] {processor.py:839} INFO - DAG(s) dict_keys(['example_sensors']) retrieved from /home/airflow/.local/lib/python3.8/site-packages/airflow/example_dags/example_sensors.py
[2024-11-06T14:09:56.340+0000] {logging_mixin.py:154} INFO - [2024-11-06T14:09:56.339+0000] {dag.py:2941} INFO - Sync 1 DAGs
[2024-11-06T14:09:56.349+0000] {logging_mixin.py:154} INFO - [2024-11-06T14:09:56.348+0000] {dag.py:3722} INFO - Setting next_dagrun for example_sensors to None, run_after=None
[2024-11-06T14:09:56.367+0000] {processor.py:179} INFO - Processing /home/airflow/.local/lib/python3.8/site-packages/airflow/example_dags/example_sensors.py took 0.067 seconds
[2024-11-06T14:16:57.470+0000] {processor.py:157} INFO - Started process (PID=2436) to work on /home/airflow/.local/lib/python3.8/site-packages/airflow/example_dags/example_sensors.py
[2024-11-06T14:16:57.471+0000] {processor.py:829} INFO - Processing file /home/airflow/.local/lib/python3.8/site-packages/airflow/example_dags/example_sensors.py for tasks to queue
[2024-11-06T14:16:57.472+0000] {logging_mixin.py:154} INFO - [2024-11-06T14:16:57.472+0000] {dagbag.py:536} INFO - Filling up the DagBag from /home/airflow/.local/lib/python3.8/site-packages/airflow/example_dags/example_sensors.py
[2024-11-06T14:16:57.477+0000] {processor.py:839} INFO - DAG(s) dict_keys(['example_sensors']) retrieved from /home/airflow/.local/lib/python3.8/site-packages/airflow/example_dags/example_sensors.py
[2024-11-06T14:16:57.490+0000] {logging_mixin.py:154} INFO - [2024-11-06T14:16:57.490+0000] {dag.py:2941} INFO - Sync 1 DAGs
[2024-11-06T14:16:57.498+0000] {logging_mixin.py:154} INFO - [2024-11-06T14:16:57.498+0000] {dag.py:3722} INFO - Setting next_dagrun for example_sensors to None, run_after=None
[2024-11-06T14:16:57.511+0000] {processor.py:179} INFO - Processing /home/airflow/.local/lib/python3.8/site-packages/airflow/example_dags/example_sensors.py took 0.042 seconds
[2024-11-06T14:23:15.161+0000] {processor.py:157} INFO - Started process (PID=2490) to work on /home/airflow/.local/lib/python3.8/site-packages/airflow/example_dags/example_sensors.py
[2024-11-06T14:23:15.161+0000] {processor.py:829} INFO - Processing file /home/airflow/.local/lib/python3.8/site-packages/airflow/example_dags/example_sensors.py for tasks to queue
[2024-11-06T14:23:15.162+0000] {logging_mixin.py:154} INFO - [2024-11-06T14:23:15.162+0000] {dagbag.py:536} INFO - Filling up the DagBag from /home/airflow/.local/lib/python3.8/site-packages/airflow/example_dags/example_sensors.py
[2024-11-06T14:23:15.166+0000] {processor.py:839} INFO - DAG(s) dict_keys(['example_sensors']) retrieved from /home/airflow/.local/lib/python3.8/site-packages/airflow/example_dags/example_sensors.py
[2024-11-06T14:23:15.178+0000] {logging_mixin.py:154} INFO - [2024-11-06T14:23:15.178+0000] {dag.py:2941} INFO - Sync 1 DAGs
[2024-11-06T14:23:15.187+0000] {logging_mixin.py:154} INFO - [2024-11-06T14:23:15.186+0000] {dag.py:3722} INFO - Setting next_dagrun for example_sensors to None, run_after=None
[2024-11-06T14:23:15.199+0000] {processor.py:179} INFO - Processing /home/airflow/.local/lib/python3.8/site-packages/airflow/example_dags/example_sensors.py took 0.040 seconds
[2024-11-06T14:31:01.700+0000] {processor.py:157} INFO - Started process (PID=2543) to work on /home/airflow/.local/lib/python3.8/site-packages/airflow/example_dags/example_sensors.py
[2024-11-06T14:31:01.701+0000] {processor.py:829} INFO - Processing file /home/airflow/.local/lib/python3.8/site-packages/airflow/example_dags/example_sensors.py for tasks to queue
[2024-11-06T14:31:01.703+0000] {logging_mixin.py:154} INFO - [2024-11-06T14:31:01.703+0000] {dagbag.py:536} INFO - Filling up the DagBag from /home/airflow/.local/lib/python3.8/site-packages/airflow/example_dags/example_sensors.py
[2024-11-06T14:31:01.714+0000] {processor.py:839} INFO - DAG(s) dict_keys(['example_sensors']) retrieved from /home/airflow/.local/lib/python3.8/site-packages/airflow/example_dags/example_sensors.py
[2024-11-06T14:31:01.732+0000] {logging_mixin.py:154} INFO - [2024-11-06T14:31:01.732+0000] {dag.py:2941} INFO - Sync 1 DAGs
[2024-11-06T14:31:01.740+0000] {logging_mixin.py:154} INFO - [2024-11-06T14:31:01.740+0000] {dag.py:3722} INFO - Setting next_dagrun for example_sensors to None, run_after=None
[2024-11-06T14:31:01.761+0000] {processor.py:179} INFO - Processing /home/airflow/.local/lib/python3.8/site-packages/airflow/example_dags/example_sensors.py took 0.064 seconds
[2024-11-06T14:36:36.408+0000] {processor.py:157} INFO - Started process (PID=2596) to work on /home/airflow/.local/lib/python3.8/site-packages/airflow/example_dags/example_sensors.py
[2024-11-06T14:36:36.408+0000] {processor.py:829} INFO - Processing file /home/airflow/.local/lib/python3.8/site-packages/airflow/example_dags/example_sensors.py for tasks to queue
[2024-11-06T14:36:36.410+0000] {logging_mixin.py:154} INFO - [2024-11-06T14:36:36.410+0000] {dagbag.py:536} INFO - Filling up the DagBag from /home/airflow/.local/lib/python3.8/site-packages/airflow/example_dags/example_sensors.py
[2024-11-06T14:36:36.414+0000] {processor.py:839} INFO - DAG(s) dict_keys(['example_sensors']) retrieved from /home/airflow/.local/lib/python3.8/site-packages/airflow/example_dags/example_sensors.py
[2024-11-06T14:36:36.427+0000] {logging_mixin.py:154} INFO - [2024-11-06T14:36:36.427+0000] {dag.py:2941} INFO - Sync 1 DAGs
[2024-11-06T14:36:36.432+0000] {logging_mixin.py:154} INFO - [2024-11-06T14:36:36.432+0000] {dag.py:3722} INFO - Setting next_dagrun for example_sensors to None, run_after=None
[2024-11-06T14:36:36.442+0000] {processor.py:179} INFO - Processing /home/airflow/.local/lib/python3.8/site-packages/airflow/example_dags/example_sensors.py took 0.036 seconds
[2024-11-06T15:02:52.505+0000] {processor.py:157} INFO - Started process (PID=2650) to work on /home/airflow/.local/lib/python3.8/site-packages/airflow/example_dags/example_sensors.py
[2024-11-06T15:02:52.506+0000] {processor.py:829} INFO - Processing file /home/airflow/.local/lib/python3.8/site-packages/airflow/example_dags/example_sensors.py for tasks to queue
[2024-11-06T15:02:52.509+0000] {logging_mixin.py:154} INFO - [2024-11-06T15:02:52.509+0000] {dagbag.py:536} INFO - Filling up the DagBag from /home/airflow/.local/lib/python3.8/site-packages/airflow/example_dags/example_sensors.py
[2024-11-06T15:02:52.519+0000] {processor.py:839} INFO - DAG(s) dict_keys(['example_sensors']) retrieved from /home/airflow/.local/lib/python3.8/site-packages/airflow/example_dags/example_sensors.py
[2024-11-06T15:02:52.548+0000] {logging_mixin.py:154} INFO - [2024-11-06T15:02:52.548+0000] {dag.py:2941} INFO - Sync 1 DAGs
[2024-11-06T15:02:52.566+0000] {logging_mixin.py:154} INFO - [2024-11-06T15:02:52.566+0000] {dag.py:3722} INFO - Setting next_dagrun for example_sensors to None, run_after=None
[2024-11-06T15:02:52.591+0000] {processor.py:179} INFO - Processing /home/airflow/.local/lib/python3.8/site-packages/airflow/example_dags/example_sensors.py took 0.090 seconds
[2024-11-06T15:37:16.877+0000] {processor.py:157} INFO - Started process (PID=2704) to work on /home/airflow/.local/lib/python3.8/site-packages/airflow/example_dags/example_sensors.py
[2024-11-06T15:37:16.878+0000] {processor.py:829} INFO - Processing file /home/airflow/.local/lib/python3.8/site-packages/airflow/example_dags/example_sensors.py for tasks to queue
[2024-11-06T15:37:16.879+0000] {logging_mixin.py:154} INFO - [2024-11-06T15:37:16.879+0000] {dagbag.py:536} INFO - Filling up the DagBag from /home/airflow/.local/lib/python3.8/site-packages/airflow/example_dags/example_sensors.py
[2024-11-06T15:37:16.883+0000] {processor.py:839} INFO - DAG(s) dict_keys(['example_sensors']) retrieved from /home/airflow/.local/lib/python3.8/site-packages/airflow/example_dags/example_sensors.py
[2024-11-06T15:37:16.896+0000] {logging_mixin.py:154} INFO - [2024-11-06T15:37:16.896+0000] {dag.py:2941} INFO - Sync 1 DAGs
[2024-11-06T15:37:16.905+0000] {logging_mixin.py:154} INFO - [2024-11-06T15:37:16.905+0000] {dag.py:3722} INFO - Setting next_dagrun for example_sensors to None, run_after=None
[2024-11-06T15:37:16.914+0000] {processor.py:179} INFO - Processing /home/airflow/.local/lib/python3.8/site-packages/airflow/example_dags/example_sensors.py took 0.038 seconds
[2024-11-06T15:48:09.215+0000] {processor.py:157} INFO - Started process (PID=2758) to work on /home/airflow/.local/lib/python3.8/site-packages/airflow/example_dags/example_sensors.py
[2024-11-06T15:48:09.216+0000] {processor.py:829} INFO - Processing file /home/airflow/.local/lib/python3.8/site-packages/airflow/example_dags/example_sensors.py for tasks to queue
[2024-11-06T15:48:09.218+0000] {logging_mixin.py:154} INFO - [2024-11-06T15:48:09.218+0000] {dagbag.py:536} INFO - Filling up the DagBag from /home/airflow/.local/lib/python3.8/site-packages/airflow/example_dags/example_sensors.py
[2024-11-06T15:48:09.222+0000] {processor.py:839} INFO - DAG(s) dict_keys(['example_sensors']) retrieved from /home/airflow/.local/lib/python3.8/site-packages/airflow/example_dags/example_sensors.py
[2024-11-06T15:48:09.234+0000] {logging_mixin.py:154} INFO - [2024-11-06T15:48:09.233+0000] {dag.py:2941} INFO - Sync 1 DAGs
[2024-11-06T15:48:09.238+0000] {logging_mixin.py:154} INFO - [2024-11-06T15:48:09.238+0000] {dag.py:3722} INFO - Setting next_dagrun for example_sensors to None, run_after=None
[2024-11-06T15:48:09.246+0000] {processor.py:179} INFO - Processing /home/airflow/.local/lib/python3.8/site-packages/airflow/example_dags/example_sensors.py took 0.033 seconds
[2024-11-06T16:49:03.645+0000] {processor.py:157} INFO - Started process (PID=2812) to work on /home/airflow/.local/lib/python3.8/site-packages/airflow/example_dags/example_sensors.py
[2024-11-06T16:49:03.646+0000] {processor.py:829} INFO - Processing file /home/airflow/.local/lib/python3.8/site-packages/airflow/example_dags/example_sensors.py for tasks to queue
[2024-11-06T16:49:03.649+0000] {logging_mixin.py:154} INFO - [2024-11-06T16:49:03.648+0000] {dagbag.py:536} INFO - Filling up the DagBag from /home/airflow/.local/lib/python3.8/site-packages/airflow/example_dags/example_sensors.py
[2024-11-06T16:49:03.655+0000] {processor.py:839} INFO - DAG(s) dict_keys(['example_sensors']) retrieved from /home/airflow/.local/lib/python3.8/site-packages/airflow/example_dags/example_sensors.py
[2024-11-06T16:49:03.670+0000] {logging_mixin.py:154} INFO - [2024-11-06T16:49:03.670+0000] {dag.py:2941} INFO - Sync 1 DAGs
[2024-11-06T16:49:03.675+0000] {logging_mixin.py:154} INFO - [2024-11-06T16:49:03.675+0000] {dag.py:3722} INFO - Setting next_dagrun for example_sensors to None, run_after=None
[2024-11-06T16:49:03.681+0000] {processor.py:179} INFO - Processing /home/airflow/.local/lib/python3.8/site-packages/airflow/example_dags/example_sensors.py took 0.038 seconds
[2024-11-06T16:49:56.448+0000] {processor.py:157} INFO - Started process (PID=2866) to work on /home/airflow/.local/lib/python3.8/site-packages/airflow/example_dags/example_sensors.py
[2024-11-06T16:49:56.450+0000] {processor.py:829} INFO - Processing file /home/airflow/.local/lib/python3.8/site-packages/airflow/example_dags/example_sensors.py for tasks to queue
[2024-11-06T16:49:56.451+0000] {logging_mixin.py:154} INFO - [2024-11-06T16:49:56.450+0000] {dagbag.py:536} INFO - Filling up the DagBag from /home/airflow/.local/lib/python3.8/site-packages/airflow/example_dags/example_sensors.py
[2024-11-06T16:49:56.456+0000] {processor.py:839} INFO - DAG(s) dict_keys(['example_sensors']) retrieved from /home/airflow/.local/lib/python3.8/site-packages/airflow/example_dags/example_sensors.py
[2024-11-06T16:49:56.469+0000] {logging_mixin.py:154} INFO - [2024-11-06T16:49:56.469+0000] {dag.py:2941} INFO - Sync 1 DAGs
[2024-11-06T16:49:56.476+0000] {logging_mixin.py:154} INFO - [2024-11-06T16:49:56.476+0000] {dag.py:3722} INFO - Setting next_dagrun for example_sensors to None, run_after=None
[2024-11-06T16:49:56.487+0000] {processor.py:179} INFO - Processing /home/airflow/.local/lib/python3.8/site-packages/airflow/example_dags/example_sensors.py took 0.041 seconds
[2024-11-06T17:40:08.162+0000] {processor.py:157} INFO - Started process (PID=2920) to work on /home/airflow/.local/lib/python3.8/site-packages/airflow/example_dags/example_sensors.py
[2024-11-06T17:40:08.162+0000] {processor.py:829} INFO - Processing file /home/airflow/.local/lib/python3.8/site-packages/airflow/example_dags/example_sensors.py for tasks to queue
[2024-11-06T17:40:08.163+0000] {logging_mixin.py:154} INFO - [2024-11-06T17:40:08.163+0000] {dagbag.py:536} INFO - Filling up the DagBag from /home/airflow/.local/lib/python3.8/site-packages/airflow/example_dags/example_sensors.py
[2024-11-06T17:40:08.167+0000] {processor.py:839} INFO - DAG(s) dict_keys(['example_sensors']) retrieved from /home/airflow/.local/lib/python3.8/site-packages/airflow/example_dags/example_sensors.py
[2024-11-06T17:40:08.323+0000] {logging_mixin.py:154} INFO - [2024-11-06T17:40:08.323+0000] {dag.py:2941} INFO - Sync 1 DAGs
[2024-11-06T17:40:08.420+0000] {logging_mixin.py:154} INFO - [2024-11-06T17:40:08.420+0000] {dag.py:3722} INFO - Setting next_dagrun for example_sensors to None, run_after=None
[2024-11-06T17:40:08.427+0000] {processor.py:179} INFO - Processing /home/airflow/.local/lib/python3.8/site-packages/airflow/example_dags/example_sensors.py took 0.267 seconds
[2024-11-06T18:40:20.664+0000] {processor.py:157} INFO - Started process (PID=2974) to work on /home/airflow/.local/lib/python3.8/site-packages/airflow/example_dags/example_sensors.py
[2024-11-06T18:40:20.665+0000] {processor.py:829} INFO - Processing file /home/airflow/.local/lib/python3.8/site-packages/airflow/example_dags/example_sensors.py for tasks to queue
[2024-11-06T18:40:20.666+0000] {logging_mixin.py:154} INFO - [2024-11-06T18:40:20.666+0000] {dagbag.py:536} INFO - Filling up the DagBag from /home/airflow/.local/lib/python3.8/site-packages/airflow/example_dags/example_sensors.py
[2024-11-06T18:40:20.671+0000] {processor.py:839} INFO - DAG(s) dict_keys(['example_sensors']) retrieved from /home/airflow/.local/lib/python3.8/site-packages/airflow/example_dags/example_sensors.py
[2024-11-06T18:40:20.695+0000] {logging_mixin.py:154} INFO - [2024-11-06T18:40:20.695+0000] {dag.py:2941} INFO - Sync 1 DAGs
[2024-11-06T18:40:20.701+0000] {logging_mixin.py:154} INFO - [2024-11-06T18:40:20.701+0000] {dag.py:3722} INFO - Setting next_dagrun for example_sensors to None, run_after=None
[2024-11-06T18:40:20.718+0000] {processor.py:179} INFO - Processing /home/airflow/.local/lib/python3.8/site-packages/airflow/example_dags/example_sensors.py took 0.056 seconds
[2024-11-06T19:56:54.569+0000] {processor.py:157} INFO - Started process (PID=3028) to work on /home/airflow/.local/lib/python3.8/site-packages/airflow/example_dags/example_sensors.py
[2024-11-06T19:56:54.570+0000] {processor.py:829} INFO - Processing file /home/airflow/.local/lib/python3.8/site-packages/airflow/example_dags/example_sensors.py for tasks to queue
[2024-11-06T19:56:54.571+0000] {logging_mixin.py:154} INFO - [2024-11-06T19:56:54.571+0000] {dagbag.py:536} INFO - Filling up the DagBag from /home/airflow/.local/lib/python3.8/site-packages/airflow/example_dags/example_sensors.py
[2024-11-06T19:56:54.575+0000] {processor.py:839} INFO - DAG(s) dict_keys(['example_sensors']) retrieved from /home/airflow/.local/lib/python3.8/site-packages/airflow/example_dags/example_sensors.py
[2024-11-06T19:56:54.587+0000] {logging_mixin.py:154} INFO - [2024-11-06T19:56:54.587+0000] {dag.py:2941} INFO - Sync 1 DAGs
[2024-11-06T19:56:54.592+0000] {logging_mixin.py:154} INFO - [2024-11-06T19:56:54.592+0000] {dag.py:3722} INFO - Setting next_dagrun for example_sensors to None, run_after=None
[2024-11-06T19:56:54.599+0000] {processor.py:179} INFO - Processing /home/airflow/.local/lib/python3.8/site-packages/airflow/example_dags/example_sensors.py took 0.031 seconds
[2024-11-06T20:41:41.147+0000] {processor.py:157} INFO - Started process (PID=3082) to work on /home/airflow/.local/lib/python3.8/site-packages/airflow/example_dags/example_sensors.py
[2024-11-06T20:41:41.149+0000] {processor.py:829} INFO - Processing file /home/airflow/.local/lib/python3.8/site-packages/airflow/example_dags/example_sensors.py for tasks to queue
[2024-11-06T20:41:41.150+0000] {logging_mixin.py:154} INFO - [2024-11-06T20:41:41.150+0000] {dagbag.py:536} INFO - Filling up the DagBag from /home/airflow/.local/lib/python3.8/site-packages/airflow/example_dags/example_sensors.py
[2024-11-06T20:41:41.154+0000] {processor.py:839} INFO - DAG(s) dict_keys(['example_sensors']) retrieved from /home/airflow/.local/lib/python3.8/site-packages/airflow/example_dags/example_sensors.py
[2024-11-06T20:41:41.165+0000] {logging_mixin.py:154} INFO - [2024-11-06T20:41:41.165+0000] {dag.py:2941} INFO - Sync 1 DAGs
[2024-11-06T20:41:41.171+0000] {logging_mixin.py:154} INFO - [2024-11-06T20:41:41.171+0000] {dag.py:3722} INFO - Setting next_dagrun for example_sensors to None, run_after=None
[2024-11-06T20:41:41.181+0000] {processor.py:179} INFO - Processing /home/airflow/.local/lib/python3.8/site-packages/airflow/example_dags/example_sensors.py took 0.036 seconds
[2024-11-06T22:09:50.309+0000] {processor.py:157} INFO - Started process (PID=3136) to work on /home/airflow/.local/lib/python3.8/site-packages/airflow/example_dags/example_sensors.py
[2024-11-06T22:09:50.310+0000] {processor.py:829} INFO - Processing file /home/airflow/.local/lib/python3.8/site-packages/airflow/example_dags/example_sensors.py for tasks to queue
[2024-11-06T22:09:50.312+0000] {logging_mixin.py:154} INFO - [2024-11-06T22:09:50.311+0000] {dagbag.py:536} INFO - Filling up the DagBag from /home/airflow/.local/lib/python3.8/site-packages/airflow/example_dags/example_sensors.py
[2024-11-06T22:09:50.319+0000] {processor.py:839} INFO - DAG(s) dict_keys(['example_sensors']) retrieved from /home/airflow/.local/lib/python3.8/site-packages/airflow/example_dags/example_sensors.py
[2024-11-06T22:09:50.337+0000] {logging_mixin.py:154} INFO - [2024-11-06T22:09:50.337+0000] {dag.py:2941} INFO - Sync 1 DAGs
[2024-11-06T22:09:50.347+0000] {logging_mixin.py:154} INFO - [2024-11-06T22:09:50.347+0000] {dag.py:3722} INFO - Setting next_dagrun for example_sensors to None, run_after=None
[2024-11-06T22:09:50.368+0000] {processor.py:179} INFO - Processing /home/airflow/.local/lib/python3.8/site-packages/airflow/example_dags/example_sensors.py took 0.061 seconds
[2024-11-06T23:10:56.423+0000] {processor.py:157} INFO - Started process (PID=3190) to work on /home/airflow/.local/lib/python3.8/site-packages/airflow/example_dags/example_sensors.py
[2024-11-06T23:10:56.423+0000] {processor.py:829} INFO - Processing file /home/airflow/.local/lib/python3.8/site-packages/airflow/example_dags/example_sensors.py for tasks to queue
[2024-11-06T23:10:56.424+0000] {logging_mixin.py:154} INFO - [2024-11-06T23:10:56.424+0000] {dagbag.py:536} INFO - Filling up the DagBag from /home/airflow/.local/lib/python3.8/site-packages/airflow/example_dags/example_sensors.py
[2024-11-06T23:10:56.428+0000] {processor.py:839} INFO - DAG(s) dict_keys(['example_sensors']) retrieved from /home/airflow/.local/lib/python3.8/site-packages/airflow/example_dags/example_sensors.py
[2024-11-06T23:10:56.441+0000] {logging_mixin.py:154} INFO - [2024-11-06T23:10:56.441+0000] {dag.py:2941} INFO - Sync 1 DAGs
[2024-11-06T23:10:56.449+0000] {logging_mixin.py:154} INFO - [2024-11-06T23:10:56.449+0000] {dag.py:3722} INFO - Setting next_dagrun for example_sensors to None, run_after=None
[2024-11-06T23:10:56.458+0000] {processor.py:179} INFO - Processing /home/airflow/.local/lib/python3.8/site-packages/airflow/example_dags/example_sensors.py took 0.037 seconds
[2024-11-06T23:49:21.078+0000] {processor.py:157} INFO - Started process (PID=3244) to work on /home/airflow/.local/lib/python3.8/site-packages/airflow/example_dags/example_sensors.py
[2024-11-06T23:49:21.079+0000] {processor.py:829} INFO - Processing file /home/airflow/.local/lib/python3.8/site-packages/airflow/example_dags/example_sensors.py for tasks to queue
[2024-11-06T23:49:21.080+0000] {logging_mixin.py:154} INFO - [2024-11-06T23:49:21.080+0000] {dagbag.py:536} INFO - Filling up the DagBag from /home/airflow/.local/lib/python3.8/site-packages/airflow/example_dags/example_sensors.py
[2024-11-06T23:49:21.084+0000] {processor.py:839} INFO - DAG(s) dict_keys(['example_sensors']) retrieved from /home/airflow/.local/lib/python3.8/site-packages/airflow/example_dags/example_sensors.py
[2024-11-06T23:49:21.095+0000] {logging_mixin.py:154} INFO - [2024-11-06T23:49:21.095+0000] {dag.py:2941} INFO - Sync 1 DAGs
[2024-11-06T23:49:21.100+0000] {logging_mixin.py:154} INFO - [2024-11-06T23:49:21.100+0000] {dag.py:3722} INFO - Setting next_dagrun for example_sensors to None, run_after=None
[2024-11-06T23:49:21.106+0000] {processor.py:179} INFO - Processing /home/airflow/.local/lib/python3.8/site-packages/airflow/example_dags/example_sensors.py took 0.029 seconds
