[2024-11-06T08:43:19.805+0000] {processor.py:157} INFO - Started process (PID=72) to work on /home/airflow/.local/lib/python3.8/site-packages/airflow/example_dags/example_task_group_decorator.py
[2024-11-06T08:43:19.808+0000] {processor.py:829} INFO - Processing file /home/airflow/.local/lib/python3.8/site-packages/airflow/example_dags/example_task_group_decorator.py for tasks to queue
[2024-11-06T08:43:19.809+0000] {logging_mixin.py:154} INFO - [2024-11-06T08:43:19.809+0000] {dagbag.py:536} INFO - Filling up the DagBag from /home/airflow/.local/lib/python3.8/site-packages/airflow/example_dags/example_task_group_decorator.py
[2024-11-06T08:43:19.820+0000] {processor.py:839} INFO - DAG(s) dict_keys(['example_task_group_decorator']) retrieved from /home/airflow/.local/lib/python3.8/site-packages/airflow/example_dags/example_task_group_decorator.py
[2024-11-06T08:43:19.836+0000] {logging_mixin.py:154} INFO - [2024-11-06T08:43:19.836+0000] {dag.py:2941} INFO - Sync 1 DAGs
[2024-11-06T08:43:19.859+0000] {logging_mixin.py:154} INFO - [2024-11-06T08:43:19.859+0000] {dag.py:3722} INFO - Setting next_dagrun for example_task_group_decorator to 2024-11-05T08:43:19.858977+00:00, run_after=2024-11-06T08:43:19.858977+00:00
[2024-11-06T08:43:19.882+0000] {processor.py:179} INFO - Processing /home/airflow/.local/lib/python3.8/site-packages/airflow/example_dags/example_task_group_decorator.py took 0.079 seconds
[2024-11-06T08:43:50.041+0000] {processor.py:157} INFO - Started process (PID=125) to work on /home/airflow/.local/lib/python3.8/site-packages/airflow/example_dags/example_task_group_decorator.py
[2024-11-06T08:43:50.041+0000] {processor.py:829} INFO - Processing file /home/airflow/.local/lib/python3.8/site-packages/airflow/example_dags/example_task_group_decorator.py for tasks to queue
[2024-11-06T08:43:50.042+0000] {logging_mixin.py:154} INFO - [2024-11-06T08:43:50.042+0000] {dagbag.py:536} INFO - Filling up the DagBag from /home/airflow/.local/lib/python3.8/site-packages/airflow/example_dags/example_task_group_decorator.py
[2024-11-06T08:43:50.048+0000] {processor.py:839} INFO - DAG(s) dict_keys(['example_task_group_decorator']) retrieved from /home/airflow/.local/lib/python3.8/site-packages/airflow/example_dags/example_task_group_decorator.py
[2024-11-06T08:43:50.058+0000] {logging_mixin.py:154} INFO - [2024-11-06T08:43:50.058+0000] {dag.py:2941} INFO - Sync 1 DAGs
[2024-11-06T08:43:50.071+0000] {logging_mixin.py:154} INFO - [2024-11-06T08:43:50.070+0000] {dag.py:3722} INFO - Setting next_dagrun for example_task_group_decorator to 2024-11-05T08:43:50.070810+00:00, run_after=2024-11-06T08:43:50.070810+00:00
[2024-11-06T08:43:50.077+0000] {processor.py:179} INFO - Processing /home/airflow/.local/lib/python3.8/site-packages/airflow/example_dags/example_task_group_decorator.py took 0.038 seconds
[2024-11-06T08:44:20.421+0000] {processor.py:157} INFO - Started process (PID=179) to work on /home/airflow/.local/lib/python3.8/site-packages/airflow/example_dags/example_task_group_decorator.py
[2024-11-06T08:44:20.421+0000] {processor.py:829} INFO - Processing file /home/airflow/.local/lib/python3.8/site-packages/airflow/example_dags/example_task_group_decorator.py for tasks to queue
[2024-11-06T08:44:20.423+0000] {logging_mixin.py:154} INFO - [2024-11-06T08:44:20.423+0000] {dagbag.py:536} INFO - Filling up the DagBag from /home/airflow/.local/lib/python3.8/site-packages/airflow/example_dags/example_task_group_decorator.py
[2024-11-06T08:44:20.429+0000] {processor.py:839} INFO - DAG(s) dict_keys(['example_task_group_decorator']) retrieved from /home/airflow/.local/lib/python3.8/site-packages/airflow/example_dags/example_task_group_decorator.py
[2024-11-06T08:44:20.443+0000] {logging_mixin.py:154} INFO - [2024-11-06T08:44:20.443+0000] {dag.py:2941} INFO - Sync 1 DAGs
[2024-11-06T08:44:20.457+0000] {logging_mixin.py:154} INFO - [2024-11-06T08:44:20.457+0000] {dag.py:3722} INFO - Setting next_dagrun for example_task_group_decorator to 2024-11-05T08:44:20.457082+00:00, run_after=2024-11-06T08:44:20.457082+00:00
[2024-11-06T08:44:20.467+0000] {processor.py:179} INFO - Processing /home/airflow/.local/lib/python3.8/site-packages/airflow/example_dags/example_task_group_decorator.py took 0.048 seconds
[2024-11-06T08:44:50.760+0000] {processor.py:157} INFO - Started process (PID=233) to work on /home/airflow/.local/lib/python3.8/site-packages/airflow/example_dags/example_task_group_decorator.py
[2024-11-06T08:44:50.761+0000] {processor.py:829} INFO - Processing file /home/airflow/.local/lib/python3.8/site-packages/airflow/example_dags/example_task_group_decorator.py for tasks to queue
[2024-11-06T08:44:50.762+0000] {logging_mixin.py:154} INFO - [2024-11-06T08:44:50.762+0000] {dagbag.py:536} INFO - Filling up the DagBag from /home/airflow/.local/lib/python3.8/site-packages/airflow/example_dags/example_task_group_decorator.py
[2024-11-06T08:44:50.768+0000] {processor.py:839} INFO - DAG(s) dict_keys(['example_task_group_decorator']) retrieved from /home/airflow/.local/lib/python3.8/site-packages/airflow/example_dags/example_task_group_decorator.py
[2024-11-06T08:44:50.781+0000] {logging_mixin.py:154} INFO - [2024-11-06T08:44:50.781+0000] {dag.py:2941} INFO - Sync 1 DAGs
[2024-11-06T08:44:50.792+0000] {logging_mixin.py:154} INFO - [2024-11-06T08:44:50.792+0000] {dag.py:3722} INFO - Setting next_dagrun for example_task_group_decorator to 2024-11-05T08:44:50.792490+00:00, run_after=2024-11-06T08:44:50.792490+00:00
[2024-11-06T08:44:50.802+0000] {processor.py:179} INFO - Processing /home/airflow/.local/lib/python3.8/site-packages/airflow/example_dags/example_task_group_decorator.py took 0.044 seconds
[2024-11-06T08:45:21.145+0000] {processor.py:157} INFO - Started process (PID=288) to work on /home/airflow/.local/lib/python3.8/site-packages/airflow/example_dags/example_task_group_decorator.py
[2024-11-06T08:45:21.146+0000] {processor.py:829} INFO - Processing file /home/airflow/.local/lib/python3.8/site-packages/airflow/example_dags/example_task_group_decorator.py for tasks to queue
[2024-11-06T08:45:21.147+0000] {logging_mixin.py:154} INFO - [2024-11-06T08:45:21.147+0000] {dagbag.py:536} INFO - Filling up the DagBag from /home/airflow/.local/lib/python3.8/site-packages/airflow/example_dags/example_task_group_decorator.py
[2024-11-06T08:45:21.154+0000] {processor.py:839} INFO - DAG(s) dict_keys(['example_task_group_decorator']) retrieved from /home/airflow/.local/lib/python3.8/site-packages/airflow/example_dags/example_task_group_decorator.py
[2024-11-06T08:45:21.169+0000] {logging_mixin.py:154} INFO - [2024-11-06T08:45:21.168+0000] {dag.py:2941} INFO - Sync 1 DAGs
[2024-11-06T08:45:21.181+0000] {logging_mixin.py:154} INFO - [2024-11-06T08:45:21.181+0000] {dag.py:3722} INFO - Setting next_dagrun for example_task_group_decorator to 2024-11-05T08:45:21.180908+00:00, run_after=2024-11-06T08:45:21.180908+00:00
[2024-11-06T08:45:21.187+0000] {processor.py:179} INFO - Processing /home/airflow/.local/lib/python3.8/site-packages/airflow/example_dags/example_task_group_decorator.py took 0.044 seconds
[2024-11-06T08:45:51.552+0000] {processor.py:157} INFO - Started process (PID=341) to work on /home/airflow/.local/lib/python3.8/site-packages/airflow/example_dags/example_task_group_decorator.py
[2024-11-06T08:45:51.552+0000] {processor.py:829} INFO - Processing file /home/airflow/.local/lib/python3.8/site-packages/airflow/example_dags/example_task_group_decorator.py for tasks to queue
[2024-11-06T08:45:51.553+0000] {logging_mixin.py:154} INFO - [2024-11-06T08:45:51.553+0000] {dagbag.py:536} INFO - Filling up the DagBag from /home/airflow/.local/lib/python3.8/site-packages/airflow/example_dags/example_task_group_decorator.py
[2024-11-06T08:45:51.559+0000] {processor.py:839} INFO - DAG(s) dict_keys(['example_task_group_decorator']) retrieved from /home/airflow/.local/lib/python3.8/site-packages/airflow/example_dags/example_task_group_decorator.py
[2024-11-06T08:45:51.569+0000] {logging_mixin.py:154} INFO - [2024-11-06T08:45:51.569+0000] {dag.py:2941} INFO - Sync 1 DAGs
[2024-11-06T08:45:51.577+0000] {logging_mixin.py:154} INFO - [2024-11-06T08:45:51.577+0000] {dag.py:3722} INFO - Setting next_dagrun for example_task_group_decorator to 2024-11-05T08:45:51.577417+00:00, run_after=2024-11-06T08:45:51.577417+00:00
[2024-11-06T08:45:51.585+0000] {processor.py:179} INFO - Processing /home/airflow/.local/lib/python3.8/site-packages/airflow/example_dags/example_task_group_decorator.py took 0.034 seconds
[2024-11-06T08:46:22.187+0000] {processor.py:157} INFO - Started process (PID=396) to work on /home/airflow/.local/lib/python3.8/site-packages/airflow/example_dags/example_task_group_decorator.py
[2024-11-06T08:46:22.187+0000] {processor.py:829} INFO - Processing file /home/airflow/.local/lib/python3.8/site-packages/airflow/example_dags/example_task_group_decorator.py for tasks to queue
[2024-11-06T08:46:22.189+0000] {logging_mixin.py:154} INFO - [2024-11-06T08:46:22.189+0000] {dagbag.py:536} INFO - Filling up the DagBag from /home/airflow/.local/lib/python3.8/site-packages/airflow/example_dags/example_task_group_decorator.py
[2024-11-06T08:46:22.197+0000] {processor.py:839} INFO - DAG(s) dict_keys(['example_task_group_decorator']) retrieved from /home/airflow/.local/lib/python3.8/site-packages/airflow/example_dags/example_task_group_decorator.py
[2024-11-06T08:46:22.213+0000] {logging_mixin.py:154} INFO - [2024-11-06T08:46:22.213+0000] {dag.py:2941} INFO - Sync 1 DAGs
[2024-11-06T08:46:22.223+0000] {logging_mixin.py:154} INFO - [2024-11-06T08:46:22.223+0000] {dag.py:3722} INFO - Setting next_dagrun for example_task_group_decorator to 2024-11-05T08:46:22.223450+00:00, run_after=2024-11-06T08:46:22.223450+00:00
[2024-11-06T08:46:22.243+0000] {processor.py:179} INFO - Processing /home/airflow/.local/lib/python3.8/site-packages/airflow/example_dags/example_task_group_decorator.py took 0.058 seconds
[2024-11-06T08:46:52.807+0000] {processor.py:157} INFO - Started process (PID=457) to work on /home/airflow/.local/lib/python3.8/site-packages/airflow/example_dags/example_task_group_decorator.py
[2024-11-06T08:46:52.810+0000] {processor.py:829} INFO - Processing file /home/airflow/.local/lib/python3.8/site-packages/airflow/example_dags/example_task_group_decorator.py for tasks to queue
[2024-11-06T08:46:52.811+0000] {logging_mixin.py:154} INFO - [2024-11-06T08:46:52.811+0000] {dagbag.py:536} INFO - Filling up the DagBag from /home/airflow/.local/lib/python3.8/site-packages/airflow/example_dags/example_task_group_decorator.py
[2024-11-06T08:46:52.816+0000] {processor.py:839} INFO - DAG(s) dict_keys(['example_task_group_decorator']) retrieved from /home/airflow/.local/lib/python3.8/site-packages/airflow/example_dags/example_task_group_decorator.py
[2024-11-06T08:46:52.827+0000] {logging_mixin.py:154} INFO - [2024-11-06T08:46:52.827+0000] {dag.py:2941} INFO - Sync 1 DAGs
[2024-11-06T08:46:52.837+0000] {logging_mixin.py:154} INFO - [2024-11-06T08:46:52.837+0000] {dag.py:3722} INFO - Setting next_dagrun for example_task_group_decorator to 2024-11-05T08:46:52.837237+00:00, run_after=2024-11-06T08:46:52.837237+00:00
[2024-11-06T08:46:52.847+0000] {processor.py:179} INFO - Processing /home/airflow/.local/lib/python3.8/site-packages/airflow/example_dags/example_task_group_decorator.py took 0.041 seconds
[2024-11-06T08:47:23.179+0000] {processor.py:157} INFO - Started process (PID=510) to work on /home/airflow/.local/lib/python3.8/site-packages/airflow/example_dags/example_task_group_decorator.py
[2024-11-06T08:47:23.182+0000] {processor.py:829} INFO - Processing file /home/airflow/.local/lib/python3.8/site-packages/airflow/example_dags/example_task_group_decorator.py for tasks to queue
[2024-11-06T08:47:23.182+0000] {logging_mixin.py:154} INFO - [2024-11-06T08:47:23.182+0000] {dagbag.py:536} INFO - Filling up the DagBag from /home/airflow/.local/lib/python3.8/site-packages/airflow/example_dags/example_task_group_decorator.py
[2024-11-06T08:47:23.188+0000] {processor.py:839} INFO - DAG(s) dict_keys(['example_task_group_decorator']) retrieved from /home/airflow/.local/lib/python3.8/site-packages/airflow/example_dags/example_task_group_decorator.py
[2024-11-06T08:47:23.202+0000] {logging_mixin.py:154} INFO - [2024-11-06T08:47:23.202+0000] {dag.py:2941} INFO - Sync 1 DAGs
[2024-11-06T08:47:23.210+0000] {logging_mixin.py:154} INFO - [2024-11-06T08:47:23.210+0000] {dag.py:3722} INFO - Setting next_dagrun for example_task_group_decorator to 2024-11-05T08:47:23.210565+00:00, run_after=2024-11-06T08:47:23.210565+00:00
[2024-11-06T08:47:23.217+0000] {processor.py:179} INFO - Processing /home/airflow/.local/lib/python3.8/site-packages/airflow/example_dags/example_task_group_decorator.py took 0.039 seconds
[2024-11-06T08:47:53.575+0000] {processor.py:157} INFO - Started process (PID=566) to work on /home/airflow/.local/lib/python3.8/site-packages/airflow/example_dags/example_task_group_decorator.py
[2024-11-06T08:47:53.576+0000] {processor.py:829} INFO - Processing file /home/airflow/.local/lib/python3.8/site-packages/airflow/example_dags/example_task_group_decorator.py for tasks to queue
[2024-11-06T08:47:53.578+0000] {logging_mixin.py:154} INFO - [2024-11-06T08:47:53.578+0000] {dagbag.py:536} INFO - Filling up the DagBag from /home/airflow/.local/lib/python3.8/site-packages/airflow/example_dags/example_task_group_decorator.py
[2024-11-06T08:47:53.584+0000] {processor.py:839} INFO - DAG(s) dict_keys(['example_task_group_decorator']) retrieved from /home/airflow/.local/lib/python3.8/site-packages/airflow/example_dags/example_task_group_decorator.py
[2024-11-06T08:47:53.594+0000] {logging_mixin.py:154} INFO - [2024-11-06T08:47:53.594+0000] {dag.py:2941} INFO - Sync 1 DAGs
[2024-11-06T08:47:53.603+0000] {logging_mixin.py:154} INFO - [2024-11-06T08:47:53.603+0000] {dag.py:3722} INFO - Setting next_dagrun for example_task_group_decorator to 2024-11-05T08:47:53.602913+00:00, run_after=2024-11-06T08:47:53.602913+00:00
[2024-11-06T08:47:53.611+0000] {processor.py:179} INFO - Processing /home/airflow/.local/lib/python3.8/site-packages/airflow/example_dags/example_task_group_decorator.py took 0.037 seconds
[2024-11-06T08:48:23.915+0000] {processor.py:157} INFO - Started process (PID=620) to work on /home/airflow/.local/lib/python3.8/site-packages/airflow/example_dags/example_task_group_decorator.py
[2024-11-06T08:48:23.916+0000] {processor.py:829} INFO - Processing file /home/airflow/.local/lib/python3.8/site-packages/airflow/example_dags/example_task_group_decorator.py for tasks to queue
[2024-11-06T08:48:23.917+0000] {logging_mixin.py:154} INFO - [2024-11-06T08:48:23.916+0000] {dagbag.py:536} INFO - Filling up the DagBag from /home/airflow/.local/lib/python3.8/site-packages/airflow/example_dags/example_task_group_decorator.py
[2024-11-06T08:48:23.923+0000] {processor.py:839} INFO - DAG(s) dict_keys(['example_task_group_decorator']) retrieved from /home/airflow/.local/lib/python3.8/site-packages/airflow/example_dags/example_task_group_decorator.py
[2024-11-06T08:48:23.935+0000] {logging_mixin.py:154} INFO - [2024-11-06T08:48:23.935+0000] {dag.py:2941} INFO - Sync 1 DAGs
[2024-11-06T08:48:23.946+0000] {logging_mixin.py:154} INFO - [2024-11-06T08:48:23.946+0000] {dag.py:3722} INFO - Setting next_dagrun for example_task_group_decorator to 2024-11-05T08:48:23.946208+00:00, run_after=2024-11-06T08:48:23.946208+00:00
[2024-11-06T08:48:23.955+0000] {processor.py:179} INFO - Processing /home/airflow/.local/lib/python3.8/site-packages/airflow/example_dags/example_task_group_decorator.py took 0.041 seconds
[2024-11-06T08:48:54.199+0000] {processor.py:157} INFO - Started process (PID=674) to work on /home/airflow/.local/lib/python3.8/site-packages/airflow/example_dags/example_task_group_decorator.py
[2024-11-06T08:48:54.200+0000] {processor.py:829} INFO - Processing file /home/airflow/.local/lib/python3.8/site-packages/airflow/example_dags/example_task_group_decorator.py for tasks to queue
[2024-11-06T08:48:54.203+0000] {logging_mixin.py:154} INFO - [2024-11-06T08:48:54.203+0000] {dagbag.py:536} INFO - Filling up the DagBag from /home/airflow/.local/lib/python3.8/site-packages/airflow/example_dags/example_task_group_decorator.py
[2024-11-06T08:48:54.209+0000] {processor.py:839} INFO - DAG(s) dict_keys(['example_task_group_decorator']) retrieved from /home/airflow/.local/lib/python3.8/site-packages/airflow/example_dags/example_task_group_decorator.py
[2024-11-06T08:48:54.220+0000] {logging_mixin.py:154} INFO - [2024-11-06T08:48:54.220+0000] {dag.py:2941} INFO - Sync 1 DAGs
[2024-11-06T08:48:54.228+0000] {logging_mixin.py:154} INFO - [2024-11-06T08:48:54.228+0000] {dag.py:3722} INFO - Setting next_dagrun for example_task_group_decorator to 2024-11-05T08:48:54.228602+00:00, run_after=2024-11-06T08:48:54.228602+00:00
[2024-11-06T08:48:54.237+0000] {processor.py:179} INFO - Processing /home/airflow/.local/lib/python3.8/site-packages/airflow/example_dags/example_task_group_decorator.py took 0.039 seconds
[2024-11-06T08:49:24.417+0000] {processor.py:157} INFO - Started process (PID=728) to work on /home/airflow/.local/lib/python3.8/site-packages/airflow/example_dags/example_task_group_decorator.py
[2024-11-06T08:49:24.418+0000] {processor.py:829} INFO - Processing file /home/airflow/.local/lib/python3.8/site-packages/airflow/example_dags/example_task_group_decorator.py for tasks to queue
[2024-11-06T08:49:24.418+0000] {logging_mixin.py:154} INFO - [2024-11-06T08:49:24.418+0000] {dagbag.py:536} INFO - Filling up the DagBag from /home/airflow/.local/lib/python3.8/site-packages/airflow/example_dags/example_task_group_decorator.py
[2024-11-06T08:49:24.424+0000] {processor.py:839} INFO - DAG(s) dict_keys(['example_task_group_decorator']) retrieved from /home/airflow/.local/lib/python3.8/site-packages/airflow/example_dags/example_task_group_decorator.py
[2024-11-06T08:49:24.435+0000] {logging_mixin.py:154} INFO - [2024-11-06T08:49:24.434+0000] {dag.py:2941} INFO - Sync 1 DAGs
[2024-11-06T08:49:24.443+0000] {logging_mixin.py:154} INFO - [2024-11-06T08:49:24.443+0000] {dag.py:3722} INFO - Setting next_dagrun for example_task_group_decorator to 2024-11-05T08:49:24.443426+00:00, run_after=2024-11-06T08:49:24.443426+00:00
[2024-11-06T08:49:24.451+0000] {processor.py:179} INFO - Processing /home/airflow/.local/lib/python3.8/site-packages/airflow/example_dags/example_task_group_decorator.py took 0.036 seconds
[2024-11-06T08:49:54.645+0000] {processor.py:157} INFO - Started process (PID=780) to work on /home/airflow/.local/lib/python3.8/site-packages/airflow/example_dags/example_task_group_decorator.py
[2024-11-06T08:49:54.645+0000] {processor.py:829} INFO - Processing file /home/airflow/.local/lib/python3.8/site-packages/airflow/example_dags/example_task_group_decorator.py for tasks to queue
[2024-11-06T08:49:54.647+0000] {logging_mixin.py:154} INFO - [2024-11-06T08:49:54.647+0000] {dagbag.py:536} INFO - Filling up the DagBag from /home/airflow/.local/lib/python3.8/site-packages/airflow/example_dags/example_task_group_decorator.py
[2024-11-06T08:49:54.653+0000] {processor.py:839} INFO - DAG(s) dict_keys(['example_task_group_decorator']) retrieved from /home/airflow/.local/lib/python3.8/site-packages/airflow/example_dags/example_task_group_decorator.py
[2024-11-06T08:49:54.662+0000] {logging_mixin.py:154} INFO - [2024-11-06T08:49:54.662+0000] {dag.py:2941} INFO - Sync 1 DAGs
[2024-11-06T08:49:54.670+0000] {logging_mixin.py:154} INFO - [2024-11-06T08:49:54.670+0000] {dag.py:3722} INFO - Setting next_dagrun for example_task_group_decorator to 2024-11-05T08:49:54.670762+00:00, run_after=2024-11-06T08:49:54.670762+00:00
[2024-11-06T08:49:54.678+0000] {processor.py:179} INFO - Processing /home/airflow/.local/lib/python3.8/site-packages/airflow/example_dags/example_task_group_decorator.py took 0.035 seconds
[2024-11-06T08:50:24.898+0000] {processor.py:157} INFO - Started process (PID=834) to work on /home/airflow/.local/lib/python3.8/site-packages/airflow/example_dags/example_task_group_decorator.py
[2024-11-06T08:50:24.900+0000] {processor.py:829} INFO - Processing file /home/airflow/.local/lib/python3.8/site-packages/airflow/example_dags/example_task_group_decorator.py for tasks to queue
[2024-11-06T08:50:24.901+0000] {logging_mixin.py:154} INFO - [2024-11-06T08:50:24.901+0000] {dagbag.py:536} INFO - Filling up the DagBag from /home/airflow/.local/lib/python3.8/site-packages/airflow/example_dags/example_task_group_decorator.py
[2024-11-06T08:50:24.907+0000] {processor.py:839} INFO - DAG(s) dict_keys(['example_task_group_decorator']) retrieved from /home/airflow/.local/lib/python3.8/site-packages/airflow/example_dags/example_task_group_decorator.py
[2024-11-06T08:50:24.916+0000] {logging_mixin.py:154} INFO - [2024-11-06T08:50:24.916+0000] {dag.py:2941} INFO - Sync 1 DAGs
[2024-11-06T08:50:24.924+0000] {logging_mixin.py:154} INFO - [2024-11-06T08:50:24.924+0000] {dag.py:3722} INFO - Setting next_dagrun for example_task_group_decorator to 2024-11-05T08:50:24.924394+00:00, run_after=2024-11-06T08:50:24.924394+00:00
[2024-11-06T08:50:24.931+0000] {processor.py:179} INFO - Processing /home/airflow/.local/lib/python3.8/site-packages/airflow/example_dags/example_task_group_decorator.py took 0.035 seconds
[2024-11-06T08:50:55.136+0000] {processor.py:157} INFO - Started process (PID=888) to work on /home/airflow/.local/lib/python3.8/site-packages/airflow/example_dags/example_task_group_decorator.py
[2024-11-06T08:50:55.136+0000] {processor.py:829} INFO - Processing file /home/airflow/.local/lib/python3.8/site-packages/airflow/example_dags/example_task_group_decorator.py for tasks to queue
[2024-11-06T08:50:55.137+0000] {logging_mixin.py:154} INFO - [2024-11-06T08:50:55.137+0000] {dagbag.py:536} INFO - Filling up the DagBag from /home/airflow/.local/lib/python3.8/site-packages/airflow/example_dags/example_task_group_decorator.py
[2024-11-06T08:50:55.142+0000] {processor.py:839} INFO - DAG(s) dict_keys(['example_task_group_decorator']) retrieved from /home/airflow/.local/lib/python3.8/site-packages/airflow/example_dags/example_task_group_decorator.py
[2024-11-06T08:50:55.152+0000] {logging_mixin.py:154} INFO - [2024-11-06T08:50:55.152+0000] {dag.py:2941} INFO - Sync 1 DAGs
[2024-11-06T08:50:55.160+0000] {logging_mixin.py:154} INFO - [2024-11-06T08:50:55.160+0000] {dag.py:3722} INFO - Setting next_dagrun for example_task_group_decorator to 2024-11-05T08:50:55.160540+00:00, run_after=2024-11-06T08:50:55.160540+00:00
[2024-11-06T08:50:55.168+0000] {processor.py:179} INFO - Processing /home/airflow/.local/lib/python3.8/site-packages/airflow/example_dags/example_task_group_decorator.py took 0.034 seconds
[2024-11-06T08:51:25.665+0000] {processor.py:157} INFO - Started process (PID=943) to work on /home/airflow/.local/lib/python3.8/site-packages/airflow/example_dags/example_task_group_decorator.py
[2024-11-06T08:51:25.666+0000] {processor.py:829} INFO - Processing file /home/airflow/.local/lib/python3.8/site-packages/airflow/example_dags/example_task_group_decorator.py for tasks to queue
[2024-11-06T08:51:25.666+0000] {logging_mixin.py:154} INFO - [2024-11-06T08:51:25.666+0000] {dagbag.py:536} INFO - Filling up the DagBag from /home/airflow/.local/lib/python3.8/site-packages/airflow/example_dags/example_task_group_decorator.py
[2024-11-06T08:51:25.672+0000] {processor.py:839} INFO - DAG(s) dict_keys(['example_task_group_decorator']) retrieved from /home/airflow/.local/lib/python3.8/site-packages/airflow/example_dags/example_task_group_decorator.py
[2024-11-06T08:51:25.683+0000] {logging_mixin.py:154} INFO - [2024-11-06T08:51:25.683+0000] {dag.py:2941} INFO - Sync 1 DAGs
[2024-11-06T08:51:25.691+0000] {logging_mixin.py:154} INFO - [2024-11-06T08:51:25.691+0000] {dag.py:3722} INFO - Setting next_dagrun for example_task_group_decorator to 2024-11-05T08:51:25.691534+00:00, run_after=2024-11-06T08:51:25.691534+00:00
[2024-11-06T08:51:25.699+0000] {processor.py:179} INFO - Processing /home/airflow/.local/lib/python3.8/site-packages/airflow/example_dags/example_task_group_decorator.py took 0.036 seconds
[2024-11-06T08:51:55.821+0000] {processor.py:157} INFO - Started process (PID=997) to work on /home/airflow/.local/lib/python3.8/site-packages/airflow/example_dags/example_task_group_decorator.py
[2024-11-06T08:51:55.822+0000] {processor.py:829} INFO - Processing file /home/airflow/.local/lib/python3.8/site-packages/airflow/example_dags/example_task_group_decorator.py for tasks to queue
[2024-11-06T08:51:55.823+0000] {logging_mixin.py:154} INFO - [2024-11-06T08:51:55.823+0000] {dagbag.py:536} INFO - Filling up the DagBag from /home/airflow/.local/lib/python3.8/site-packages/airflow/example_dags/example_task_group_decorator.py
[2024-11-06T08:51:55.829+0000] {processor.py:839} INFO - DAG(s) dict_keys(['example_task_group_decorator']) retrieved from /home/airflow/.local/lib/python3.8/site-packages/airflow/example_dags/example_task_group_decorator.py
[2024-11-06T08:51:55.840+0000] {logging_mixin.py:154} INFO - [2024-11-06T08:51:55.840+0000] {dag.py:2941} INFO - Sync 1 DAGs
[2024-11-06T08:51:55.849+0000] {logging_mixin.py:154} INFO - [2024-11-06T08:51:55.849+0000] {dag.py:3722} INFO - Setting next_dagrun for example_task_group_decorator to 2024-11-05T08:51:55.849498+00:00, run_after=2024-11-06T08:51:55.849498+00:00
[2024-11-06T08:51:55.856+0000] {processor.py:179} INFO - Processing /home/airflow/.local/lib/python3.8/site-packages/airflow/example_dags/example_task_group_decorator.py took 0.037 seconds
[2024-11-06T08:52:26.187+0000] {processor.py:157} INFO - Started process (PID=1050) to work on /home/airflow/.local/lib/python3.8/site-packages/airflow/example_dags/example_task_group_decorator.py
[2024-11-06T08:52:26.188+0000] {processor.py:829} INFO - Processing file /home/airflow/.local/lib/python3.8/site-packages/airflow/example_dags/example_task_group_decorator.py for tasks to queue
[2024-11-06T08:52:26.189+0000] {logging_mixin.py:154} INFO - [2024-11-06T08:52:26.189+0000] {dagbag.py:536} INFO - Filling up the DagBag from /home/airflow/.local/lib/python3.8/site-packages/airflow/example_dags/example_task_group_decorator.py
[2024-11-06T08:52:26.194+0000] {processor.py:839} INFO - DAG(s) dict_keys(['example_task_group_decorator']) retrieved from /home/airflow/.local/lib/python3.8/site-packages/airflow/example_dags/example_task_group_decorator.py
[2024-11-06T08:52:26.206+0000] {logging_mixin.py:154} INFO - [2024-11-06T08:52:26.206+0000] {dag.py:2941} INFO - Sync 1 DAGs
[2024-11-06T08:52:26.214+0000] {logging_mixin.py:154} INFO - [2024-11-06T08:52:26.214+0000] {dag.py:3722} INFO - Setting next_dagrun for example_task_group_decorator to 2024-11-05T08:52:26.214244+00:00, run_after=2024-11-06T08:52:26.214244+00:00
[2024-11-06T08:52:26.220+0000] {processor.py:179} INFO - Processing /home/airflow/.local/lib/python3.8/site-packages/airflow/example_dags/example_task_group_decorator.py took 0.034 seconds
[2024-11-06T08:52:56.891+0000] {processor.py:157} INFO - Started process (PID=1105) to work on /home/airflow/.local/lib/python3.8/site-packages/airflow/example_dags/example_task_group_decorator.py
[2024-11-06T08:52:56.891+0000] {processor.py:829} INFO - Processing file /home/airflow/.local/lib/python3.8/site-packages/airflow/example_dags/example_task_group_decorator.py for tasks to queue
[2024-11-06T08:52:56.892+0000] {logging_mixin.py:154} INFO - [2024-11-06T08:52:56.892+0000] {dagbag.py:536} INFO - Filling up the DagBag from /home/airflow/.local/lib/python3.8/site-packages/airflow/example_dags/example_task_group_decorator.py
[2024-11-06T08:52:56.898+0000] {processor.py:839} INFO - DAG(s) dict_keys(['example_task_group_decorator']) retrieved from /home/airflow/.local/lib/python3.8/site-packages/airflow/example_dags/example_task_group_decorator.py
[2024-11-06T08:52:56.908+0000] {logging_mixin.py:154} INFO - [2024-11-06T08:52:56.908+0000] {dag.py:2941} INFO - Sync 1 DAGs
[2024-11-06T08:52:56.918+0000] {logging_mixin.py:154} INFO - [2024-11-06T08:52:56.918+0000] {dag.py:3722} INFO - Setting next_dagrun for example_task_group_decorator to 2024-11-05T08:52:56.917980+00:00, run_after=2024-11-06T08:52:56.917980+00:00
[2024-11-06T08:52:56.924+0000] {processor.py:179} INFO - Processing /home/airflow/.local/lib/python3.8/site-packages/airflow/example_dags/example_task_group_decorator.py took 0.034 seconds
[2024-11-06T08:53:27.179+0000] {processor.py:157} INFO - Started process (PID=1159) to work on /home/airflow/.local/lib/python3.8/site-packages/airflow/example_dags/example_task_group_decorator.py
[2024-11-06T08:53:27.180+0000] {processor.py:829} INFO - Processing file /home/airflow/.local/lib/python3.8/site-packages/airflow/example_dags/example_task_group_decorator.py for tasks to queue
[2024-11-06T08:53:27.181+0000] {logging_mixin.py:154} INFO - [2024-11-06T08:53:27.180+0000] {dagbag.py:536} INFO - Filling up the DagBag from /home/airflow/.local/lib/python3.8/site-packages/airflow/example_dags/example_task_group_decorator.py
[2024-11-06T08:53:27.187+0000] {processor.py:839} INFO - DAG(s) dict_keys(['example_task_group_decorator']) retrieved from /home/airflow/.local/lib/python3.8/site-packages/airflow/example_dags/example_task_group_decorator.py
[2024-11-06T08:53:27.198+0000] {logging_mixin.py:154} INFO - [2024-11-06T08:53:27.198+0000] {dag.py:2941} INFO - Sync 1 DAGs
[2024-11-06T08:53:27.207+0000] {logging_mixin.py:154} INFO - [2024-11-06T08:53:27.207+0000] {dag.py:3722} INFO - Setting next_dagrun for example_task_group_decorator to 2024-11-05T08:53:27.207495+00:00, run_after=2024-11-06T08:53:27.207495+00:00
[2024-11-06T08:53:27.289+0000] {processor.py:179} INFO - Processing /home/airflow/.local/lib/python3.8/site-packages/airflow/example_dags/example_task_group_decorator.py took 0.111 seconds
[2024-11-06T08:53:57.835+0000] {processor.py:157} INFO - Started process (PID=1213) to work on /home/airflow/.local/lib/python3.8/site-packages/airflow/example_dags/example_task_group_decorator.py
[2024-11-06T08:53:57.835+0000] {processor.py:829} INFO - Processing file /home/airflow/.local/lib/python3.8/site-packages/airflow/example_dags/example_task_group_decorator.py for tasks to queue
[2024-11-06T08:53:57.836+0000] {logging_mixin.py:154} INFO - [2024-11-06T08:53:57.836+0000] {dagbag.py:536} INFO - Filling up the DagBag from /home/airflow/.local/lib/python3.8/site-packages/airflow/example_dags/example_task_group_decorator.py
[2024-11-06T08:53:57.842+0000] {processor.py:839} INFO - DAG(s) dict_keys(['example_task_group_decorator']) retrieved from /home/airflow/.local/lib/python3.8/site-packages/airflow/example_dags/example_task_group_decorator.py
[2024-11-06T08:53:57.853+0000] {logging_mixin.py:154} INFO - [2024-11-06T08:53:57.853+0000] {dag.py:2941} INFO - Sync 1 DAGs
[2024-11-06T08:53:57.861+0000] {logging_mixin.py:154} INFO - [2024-11-06T08:53:57.861+0000] {dag.py:3722} INFO - Setting next_dagrun for example_task_group_decorator to 2024-11-05T08:53:57.861702+00:00, run_after=2024-11-06T08:53:57.861702+00:00
[2024-11-06T08:53:57.871+0000] {processor.py:179} INFO - Processing /home/airflow/.local/lib/python3.8/site-packages/airflow/example_dags/example_task_group_decorator.py took 0.038 seconds
[2024-11-06T08:54:28.869+0000] {processor.py:157} INFO - Started process (PID=1267) to work on /home/airflow/.local/lib/python3.8/site-packages/airflow/example_dags/example_task_group_decorator.py
[2024-11-06T08:54:28.869+0000] {processor.py:829} INFO - Processing file /home/airflow/.local/lib/python3.8/site-packages/airflow/example_dags/example_task_group_decorator.py for tasks to queue
[2024-11-06T08:54:28.870+0000] {logging_mixin.py:154} INFO - [2024-11-06T08:54:28.870+0000] {dagbag.py:536} INFO - Filling up the DagBag from /home/airflow/.local/lib/python3.8/site-packages/airflow/example_dags/example_task_group_decorator.py
[2024-11-06T08:54:28.876+0000] {processor.py:839} INFO - DAG(s) dict_keys(['example_task_group_decorator']) retrieved from /home/airflow/.local/lib/python3.8/site-packages/airflow/example_dags/example_task_group_decorator.py
[2024-11-06T08:54:28.887+0000] {logging_mixin.py:154} INFO - [2024-11-06T08:54:28.887+0000] {dag.py:2941} INFO - Sync 1 DAGs
[2024-11-06T08:54:28.895+0000] {logging_mixin.py:154} INFO - [2024-11-06T08:54:28.895+0000] {dag.py:3722} INFO - Setting next_dagrun for example_task_group_decorator to 2024-11-05T08:54:28.894936+00:00, run_after=2024-11-06T08:54:28.894936+00:00
[2024-11-06T08:54:28.902+0000] {processor.py:179} INFO - Processing /home/airflow/.local/lib/python3.8/site-packages/airflow/example_dags/example_task_group_decorator.py took 0.035 seconds
[2024-11-06T08:54:59.170+0000] {processor.py:157} INFO - Started process (PID=1321) to work on /home/airflow/.local/lib/python3.8/site-packages/airflow/example_dags/example_task_group_decorator.py
[2024-11-06T08:54:59.170+0000] {processor.py:829} INFO - Processing file /home/airflow/.local/lib/python3.8/site-packages/airflow/example_dags/example_task_group_decorator.py for tasks to queue
[2024-11-06T08:54:59.171+0000] {logging_mixin.py:154} INFO - [2024-11-06T08:54:59.171+0000] {dagbag.py:536} INFO - Filling up the DagBag from /home/airflow/.local/lib/python3.8/site-packages/airflow/example_dags/example_task_group_decorator.py
[2024-11-06T08:54:59.177+0000] {processor.py:839} INFO - DAG(s) dict_keys(['example_task_group_decorator']) retrieved from /home/airflow/.local/lib/python3.8/site-packages/airflow/example_dags/example_task_group_decorator.py
[2024-11-06T08:54:59.189+0000] {logging_mixin.py:154} INFO - [2024-11-06T08:54:59.189+0000] {dag.py:2941} INFO - Sync 1 DAGs
[2024-11-06T08:54:59.198+0000] {logging_mixin.py:154} INFO - [2024-11-06T08:54:59.198+0000] {dag.py:3722} INFO - Setting next_dagrun for example_task_group_decorator to 2024-11-05T08:54:59.198344+00:00, run_after=2024-11-06T08:54:59.198344+00:00
[2024-11-06T08:54:59.276+0000] {processor.py:179} INFO - Processing /home/airflow/.local/lib/python3.8/site-packages/airflow/example_dags/example_task_group_decorator.py took 0.108 seconds
[2024-11-06T08:55:29.970+0000] {processor.py:157} INFO - Started process (PID=1375) to work on /home/airflow/.local/lib/python3.8/site-packages/airflow/example_dags/example_task_group_decorator.py
[2024-11-06T08:55:29.970+0000] {processor.py:829} INFO - Processing file /home/airflow/.local/lib/python3.8/site-packages/airflow/example_dags/example_task_group_decorator.py for tasks to queue
[2024-11-06T08:55:29.971+0000] {logging_mixin.py:154} INFO - [2024-11-06T08:55:29.971+0000] {dagbag.py:536} INFO - Filling up the DagBag from /home/airflow/.local/lib/python3.8/site-packages/airflow/example_dags/example_task_group_decorator.py
[2024-11-06T08:55:29.977+0000] {processor.py:839} INFO - DAG(s) dict_keys(['example_task_group_decorator']) retrieved from /home/airflow/.local/lib/python3.8/site-packages/airflow/example_dags/example_task_group_decorator.py
[2024-11-06T08:55:29.988+0000] {logging_mixin.py:154} INFO - [2024-11-06T08:55:29.988+0000] {dag.py:2941} INFO - Sync 1 DAGs
[2024-11-06T08:55:30.000+0000] {logging_mixin.py:154} INFO - [2024-11-06T08:55:30.000+0000] {dag.py:3722} INFO - Setting next_dagrun for example_task_group_decorator to 2024-11-05T08:55:30.000624+00:00, run_after=2024-11-06T08:55:30.000624+00:00
[2024-11-06T08:55:30.007+0000] {processor.py:179} INFO - Processing /home/airflow/.local/lib/python3.8/site-packages/airflow/example_dags/example_task_group_decorator.py took 0.039 seconds
[2024-11-06T08:56:01.078+0000] {processor.py:157} INFO - Started process (PID=1429) to work on /home/airflow/.local/lib/python3.8/site-packages/airflow/example_dags/example_task_group_decorator.py
[2024-11-06T08:56:01.078+0000] {processor.py:829} INFO - Processing file /home/airflow/.local/lib/python3.8/site-packages/airflow/example_dags/example_task_group_decorator.py for tasks to queue
[2024-11-06T08:56:01.079+0000] {logging_mixin.py:154} INFO - [2024-11-06T08:56:01.079+0000] {dagbag.py:536} INFO - Filling up the DagBag from /home/airflow/.local/lib/python3.8/site-packages/airflow/example_dags/example_task_group_decorator.py
[2024-11-06T08:56:01.085+0000] {processor.py:839} INFO - DAG(s) dict_keys(['example_task_group_decorator']) retrieved from /home/airflow/.local/lib/python3.8/site-packages/airflow/example_dags/example_task_group_decorator.py
[2024-11-06T08:56:01.096+0000] {logging_mixin.py:154} INFO - [2024-11-06T08:56:01.096+0000] {dag.py:2941} INFO - Sync 1 DAGs
[2024-11-06T08:56:01.178+0000] {logging_mixin.py:154} INFO - [2024-11-06T08:56:01.178+0000] {dag.py:3722} INFO - Setting next_dagrun for example_task_group_decorator to 2024-11-05T08:56:01.178063+00:00, run_after=2024-11-06T08:56:01.178063+00:00
[2024-11-06T08:56:01.185+0000] {processor.py:179} INFO - Processing /home/airflow/.local/lib/python3.8/site-packages/airflow/example_dags/example_task_group_decorator.py took 0.108 seconds
[2024-11-06T08:56:31.913+0000] {processor.py:157} INFO - Started process (PID=1483) to work on /home/airflow/.local/lib/python3.8/site-packages/airflow/example_dags/example_task_group_decorator.py
[2024-11-06T08:56:31.914+0000] {processor.py:829} INFO - Processing file /home/airflow/.local/lib/python3.8/site-packages/airflow/example_dags/example_task_group_decorator.py for tasks to queue
[2024-11-06T08:56:31.915+0000] {logging_mixin.py:154} INFO - [2024-11-06T08:56:31.915+0000] {dagbag.py:536} INFO - Filling up the DagBag from /home/airflow/.local/lib/python3.8/site-packages/airflow/example_dags/example_task_group_decorator.py
[2024-11-06T08:56:31.922+0000] {processor.py:839} INFO - DAG(s) dict_keys(['example_task_group_decorator']) retrieved from /home/airflow/.local/lib/python3.8/site-packages/airflow/example_dags/example_task_group_decorator.py
[2024-11-06T08:56:31.932+0000] {logging_mixin.py:154} INFO - [2024-11-06T08:56:31.932+0000] {dag.py:2941} INFO - Sync 1 DAGs
[2024-11-06T08:56:31.942+0000] {logging_mixin.py:154} INFO - [2024-11-06T08:56:31.942+0000] {dag.py:3722} INFO - Setting next_dagrun for example_task_group_decorator to 2024-11-05T08:56:31.942032+00:00, run_after=2024-11-06T08:56:31.942032+00:00
[2024-11-06T08:56:32.022+0000] {processor.py:179} INFO - Processing /home/airflow/.local/lib/python3.8/site-packages/airflow/example_dags/example_task_group_decorator.py took 0.110 seconds
[2024-11-06T08:57:02.355+0000] {processor.py:157} INFO - Started process (PID=1537) to work on /home/airflow/.local/lib/python3.8/site-packages/airflow/example_dags/example_task_group_decorator.py
[2024-11-06T08:57:02.356+0000] {processor.py:829} INFO - Processing file /home/airflow/.local/lib/python3.8/site-packages/airflow/example_dags/example_task_group_decorator.py for tasks to queue
[2024-11-06T08:57:02.357+0000] {logging_mixin.py:154} INFO - [2024-11-06T08:57:02.357+0000] {dagbag.py:536} INFO - Filling up the DagBag from /home/airflow/.local/lib/python3.8/site-packages/airflow/example_dags/example_task_group_decorator.py
[2024-11-06T08:57:02.362+0000] {processor.py:839} INFO - DAG(s) dict_keys(['example_task_group_decorator']) retrieved from /home/airflow/.local/lib/python3.8/site-packages/airflow/example_dags/example_task_group_decorator.py
[2024-11-06T08:57:02.373+0000] {logging_mixin.py:154} INFO - [2024-11-06T08:57:02.373+0000] {dag.py:2941} INFO - Sync 1 DAGs
[2024-11-06T08:57:02.383+0000] {logging_mixin.py:154} INFO - [2024-11-06T08:57:02.382+0000] {dag.py:3722} INFO - Setting next_dagrun for example_task_group_decorator to 2024-11-05T08:57:02.382822+00:00, run_after=2024-11-06T08:57:02.382822+00:00
[2024-11-06T08:57:02.390+0000] {processor.py:179} INFO - Processing /home/airflow/.local/lib/python3.8/site-packages/airflow/example_dags/example_task_group_decorator.py took 0.036 seconds
[2024-11-06T08:57:32.672+0000] {processor.py:157} INFO - Started process (PID=1591) to work on /home/airflow/.local/lib/python3.8/site-packages/airflow/example_dags/example_task_group_decorator.py
[2024-11-06T08:57:32.673+0000] {processor.py:829} INFO - Processing file /home/airflow/.local/lib/python3.8/site-packages/airflow/example_dags/example_task_group_decorator.py for tasks to queue
[2024-11-06T08:57:32.674+0000] {logging_mixin.py:154} INFO - [2024-11-06T08:57:32.674+0000] {dagbag.py:536} INFO - Filling up the DagBag from /home/airflow/.local/lib/python3.8/site-packages/airflow/example_dags/example_task_group_decorator.py
[2024-11-06T08:57:32.684+0000] {processor.py:839} INFO - DAG(s) dict_keys(['example_task_group_decorator']) retrieved from /home/airflow/.local/lib/python3.8/site-packages/airflow/example_dags/example_task_group_decorator.py
[2024-11-06T08:57:32.695+0000] {logging_mixin.py:154} INFO - [2024-11-06T08:57:32.695+0000] {dag.py:2941} INFO - Sync 1 DAGs
[2024-11-06T08:57:32.783+0000] {logging_mixin.py:154} INFO - [2024-11-06T08:57:32.783+0000] {dag.py:3722} INFO - Setting next_dagrun for example_task_group_decorator to 2024-11-05T08:57:32.783520+00:00, run_after=2024-11-06T08:57:32.783520+00:00
[2024-11-06T08:57:32.791+0000] {processor.py:179} INFO - Processing /home/airflow/.local/lib/python3.8/site-packages/airflow/example_dags/example_task_group_decorator.py took 0.120 seconds
[2024-11-06T08:58:03.660+0000] {processor.py:157} INFO - Started process (PID=1644) to work on /home/airflow/.local/lib/python3.8/site-packages/airflow/example_dags/example_task_group_decorator.py
[2024-11-06T08:58:03.661+0000] {processor.py:829} INFO - Processing file /home/airflow/.local/lib/python3.8/site-packages/airflow/example_dags/example_task_group_decorator.py for tasks to queue
[2024-11-06T08:58:03.662+0000] {logging_mixin.py:154} INFO - [2024-11-06T08:58:03.662+0000] {dagbag.py:536} INFO - Filling up the DagBag from /home/airflow/.local/lib/python3.8/site-packages/airflow/example_dags/example_task_group_decorator.py
[2024-11-06T08:58:03.668+0000] {processor.py:839} INFO - DAG(s) dict_keys(['example_task_group_decorator']) retrieved from /home/airflow/.local/lib/python3.8/site-packages/airflow/example_dags/example_task_group_decorator.py
[2024-11-06T08:58:03.681+0000] {logging_mixin.py:154} INFO - [2024-11-06T08:58:03.681+0000] {dag.py:2941} INFO - Sync 1 DAGs
[2024-11-06T08:58:03.692+0000] {logging_mixin.py:154} INFO - [2024-11-06T08:58:03.691+0000] {dag.py:3722} INFO - Setting next_dagrun for example_task_group_decorator to 2024-11-05T08:58:03.691767+00:00, run_after=2024-11-06T08:58:03.691767+00:00
[2024-11-06T08:58:03.700+0000] {processor.py:179} INFO - Processing /home/airflow/.local/lib/python3.8/site-packages/airflow/example_dags/example_task_group_decorator.py took 0.042 seconds
[2024-11-06T08:58:33.998+0000] {processor.py:157} INFO - Started process (PID=1697) to work on /home/airflow/.local/lib/python3.8/site-packages/airflow/example_dags/example_task_group_decorator.py
[2024-11-06T08:58:33.999+0000] {processor.py:829} INFO - Processing file /home/airflow/.local/lib/python3.8/site-packages/airflow/example_dags/example_task_group_decorator.py for tasks to queue
[2024-11-06T08:58:34.000+0000] {logging_mixin.py:154} INFO - [2024-11-06T08:58:34.000+0000] {dagbag.py:536} INFO - Filling up the DagBag from /home/airflow/.local/lib/python3.8/site-packages/airflow/example_dags/example_task_group_decorator.py
[2024-11-06T08:58:34.081+0000] {processor.py:839} INFO - DAG(s) dict_keys(['example_task_group_decorator']) retrieved from /home/airflow/.local/lib/python3.8/site-packages/airflow/example_dags/example_task_group_decorator.py
[2024-11-06T08:58:34.092+0000] {logging_mixin.py:154} INFO - [2024-11-06T08:58:34.091+0000] {dag.py:2941} INFO - Sync 1 DAGs
[2024-11-06T08:58:34.099+0000] {logging_mixin.py:154} INFO - [2024-11-06T08:58:34.099+0000] {dag.py:3722} INFO - Setting next_dagrun for example_task_group_decorator to 2024-11-05T08:58:34.099478+00:00, run_after=2024-11-06T08:58:34.099478+00:00
[2024-11-06T08:58:34.105+0000] {processor.py:179} INFO - Processing /home/airflow/.local/lib/python3.8/site-packages/airflow/example_dags/example_task_group_decorator.py took 0.109 seconds
[2024-11-06T09:17:57.399+0000] {processor.py:157} INFO - Started process (PID=1743) to work on /home/airflow/.local/lib/python3.8/site-packages/airflow/example_dags/example_task_group_decorator.py
[2024-11-06T09:17:57.400+0000] {processor.py:829} INFO - Processing file /home/airflow/.local/lib/python3.8/site-packages/airflow/example_dags/example_task_group_decorator.py for tasks to queue
[2024-11-06T09:17:57.404+0000] {logging_mixin.py:154} INFO - [2024-11-06T09:17:57.404+0000] {dagbag.py:536} INFO - Filling up the DagBag from /home/airflow/.local/lib/python3.8/site-packages/airflow/example_dags/example_task_group_decorator.py
[2024-11-06T09:17:57.421+0000] {processor.py:839} INFO - DAG(s) dict_keys(['example_task_group_decorator']) retrieved from /home/airflow/.local/lib/python3.8/site-packages/airflow/example_dags/example_task_group_decorator.py
[2024-11-06T09:17:57.450+0000] {logging_mixin.py:154} INFO - [2024-11-06T09:17:57.450+0000] {dag.py:2941} INFO - Sync 1 DAGs
[2024-11-06T09:17:57.471+0000] {logging_mixin.py:154} INFO - [2024-11-06T09:17:57.471+0000] {dag.py:3722} INFO - Setting next_dagrun for example_task_group_decorator to 2024-11-05T09:17:57.471181+00:00, run_after=2024-11-06T09:17:57.471181+00:00
[2024-11-06T09:17:57.496+0000] {processor.py:179} INFO - Processing /home/airflow/.local/lib/python3.8/site-packages/airflow/example_dags/example_task_group_decorator.py took 0.102 seconds
[2024-11-06T09:29:43.840+0000] {processor.py:157} INFO - Started process (PID=1797) to work on /home/airflow/.local/lib/python3.8/site-packages/airflow/example_dags/example_task_group_decorator.py
[2024-11-06T09:29:43.840+0000] {processor.py:829} INFO - Processing file /home/airflow/.local/lib/python3.8/site-packages/airflow/example_dags/example_task_group_decorator.py for tasks to queue
[2024-11-06T09:29:43.842+0000] {logging_mixin.py:154} INFO - [2024-11-06T09:29:43.842+0000] {dagbag.py:536} INFO - Filling up the DagBag from /home/airflow/.local/lib/python3.8/site-packages/airflow/example_dags/example_task_group_decorator.py
[2024-11-06T09:29:43.848+0000] {processor.py:839} INFO - DAG(s) dict_keys(['example_task_group_decorator']) retrieved from /home/airflow/.local/lib/python3.8/site-packages/airflow/example_dags/example_task_group_decorator.py
[2024-11-06T09:29:43.867+0000] {logging_mixin.py:154} INFO - [2024-11-06T09:29:43.867+0000] {dag.py:2941} INFO - Sync 1 DAGs
[2024-11-06T09:29:43.887+0000] {logging_mixin.py:154} INFO - [2024-11-06T09:29:43.886+0000] {dag.py:3722} INFO - Setting next_dagrun for example_task_group_decorator to 2024-11-05T09:29:43.886779+00:00, run_after=2024-11-06T09:29:43.886779+00:00
[2024-11-06T09:29:43.907+0000] {processor.py:179} INFO - Processing /home/airflow/.local/lib/python3.8/site-packages/airflow/example_dags/example_task_group_decorator.py took 0.069 seconds
[2024-11-06T10:28:13.748+0000] {processor.py:157} INFO - Started process (PID=1851) to work on /home/airflow/.local/lib/python3.8/site-packages/airflow/example_dags/example_task_group_decorator.py
[2024-11-06T10:28:13.749+0000] {processor.py:829} INFO - Processing file /home/airflow/.local/lib/python3.8/site-packages/airflow/example_dags/example_task_group_decorator.py for tasks to queue
[2024-11-06T10:28:13.752+0000] {logging_mixin.py:154} INFO - [2024-11-06T10:28:13.752+0000] {dagbag.py:536} INFO - Filling up the DagBag from /home/airflow/.local/lib/python3.8/site-packages/airflow/example_dags/example_task_group_decorator.py
[2024-11-06T10:28:13.764+0000] {processor.py:839} INFO - DAG(s) dict_keys(['example_task_group_decorator']) retrieved from /home/airflow/.local/lib/python3.8/site-packages/airflow/example_dags/example_task_group_decorator.py
[2024-11-06T10:28:13.787+0000] {logging_mixin.py:154} INFO - [2024-11-06T10:28:13.787+0000] {dag.py:2941} INFO - Sync 1 DAGs
[2024-11-06T10:28:13.806+0000] {logging_mixin.py:154} INFO - [2024-11-06T10:28:13.806+0000] {dag.py:3722} INFO - Setting next_dagrun for example_task_group_decorator to 2024-11-05T10:28:13.806330+00:00, run_after=2024-11-06T10:28:13.806330+00:00
[2024-11-06T10:28:13.836+0000] {processor.py:179} INFO - Processing /home/airflow/.local/lib/python3.8/site-packages/airflow/example_dags/example_task_group_decorator.py took 0.091 seconds
[2024-11-06T11:31:03.857+0000] {processor.py:157} INFO - Started process (PID=1905) to work on /home/airflow/.local/lib/python3.8/site-packages/airflow/example_dags/example_task_group_decorator.py
[2024-11-06T11:31:03.857+0000] {processor.py:829} INFO - Processing file /home/airflow/.local/lib/python3.8/site-packages/airflow/example_dags/example_task_group_decorator.py for tasks to queue
[2024-11-06T11:31:03.858+0000] {logging_mixin.py:154} INFO - [2024-11-06T11:31:03.858+0000] {dagbag.py:536} INFO - Filling up the DagBag from /home/airflow/.local/lib/python3.8/site-packages/airflow/example_dags/example_task_group_decorator.py
[2024-11-06T11:31:03.865+0000] {processor.py:839} INFO - DAG(s) dict_keys(['example_task_group_decorator']) retrieved from /home/airflow/.local/lib/python3.8/site-packages/airflow/example_dags/example_task_group_decorator.py
[2024-11-06T11:31:03.878+0000] {logging_mixin.py:154} INFO - [2024-11-06T11:31:03.878+0000] {dag.py:2941} INFO - Sync 1 DAGs
[2024-11-06T11:31:03.891+0000] {logging_mixin.py:154} INFO - [2024-11-06T11:31:03.891+0000] {dag.py:3722} INFO - Setting next_dagrun for example_task_group_decorator to 2024-11-05T11:31:03.891672+00:00, run_after=2024-11-06T11:31:03.891672+00:00
[2024-11-06T11:31:03.902+0000] {processor.py:179} INFO - Processing /home/airflow/.local/lib/python3.8/site-packages/airflow/example_dags/example_task_group_decorator.py took 0.047 seconds
[2024-11-06T11:59:50.400+0000] {processor.py:157} INFO - Started process (PID=1959) to work on /home/airflow/.local/lib/python3.8/site-packages/airflow/example_dags/example_task_group_decorator.py
[2024-11-06T11:59:50.402+0000] {processor.py:829} INFO - Processing file /home/airflow/.local/lib/python3.8/site-packages/airflow/example_dags/example_task_group_decorator.py for tasks to queue
[2024-11-06T11:59:50.404+0000] {logging_mixin.py:154} INFO - [2024-11-06T11:59:50.404+0000] {dagbag.py:536} INFO - Filling up the DagBag from /home/airflow/.local/lib/python3.8/site-packages/airflow/example_dags/example_task_group_decorator.py
[2024-11-06T11:59:50.410+0000] {processor.py:839} INFO - DAG(s) dict_keys(['example_task_group_decorator']) retrieved from /home/airflow/.local/lib/python3.8/site-packages/airflow/example_dags/example_task_group_decorator.py
[2024-11-06T11:59:50.423+0000] {logging_mixin.py:154} INFO - [2024-11-06T11:59:50.423+0000] {dag.py:2941} INFO - Sync 1 DAGs
[2024-11-06T11:59:50.432+0000] {logging_mixin.py:154} INFO - [2024-11-06T11:59:50.432+0000] {dag.py:3722} INFO - Setting next_dagrun for example_task_group_decorator to 2024-11-05T11:59:50.431910+00:00, run_after=2024-11-06T11:59:50.431910+00:00
[2024-11-06T11:59:50.438+0000] {processor.py:179} INFO - Processing /home/airflow/.local/lib/python3.8/site-packages/airflow/example_dags/example_task_group_decorator.py took 0.039 seconds
[2024-11-06T12:50:47.715+0000] {processor.py:157} INFO - Started process (PID=2013) to work on /home/airflow/.local/lib/python3.8/site-packages/airflow/example_dags/example_task_group_decorator.py
[2024-11-06T12:50:47.716+0000] {processor.py:829} INFO - Processing file /home/airflow/.local/lib/python3.8/site-packages/airflow/example_dags/example_task_group_decorator.py for tasks to queue
[2024-11-06T12:50:47.720+0000] {logging_mixin.py:154} INFO - [2024-11-06T12:50:47.719+0000] {dagbag.py:536} INFO - Filling up the DagBag from /home/airflow/.local/lib/python3.8/site-packages/airflow/example_dags/example_task_group_decorator.py
[2024-11-06T12:50:47.732+0000] {processor.py:839} INFO - DAG(s) dict_keys(['example_task_group_decorator']) retrieved from /home/airflow/.local/lib/python3.8/site-packages/airflow/example_dags/example_task_group_decorator.py
[2024-11-06T12:50:47.758+0000] {logging_mixin.py:154} INFO - [2024-11-06T12:50:47.758+0000] {dag.py:2941} INFO - Sync 1 DAGs
[2024-11-06T12:50:47.778+0000] {logging_mixin.py:154} INFO - [2024-11-06T12:50:47.778+0000] {dag.py:3722} INFO - Setting next_dagrun for example_task_group_decorator to 2024-11-05T12:50:47.778177+00:00, run_after=2024-11-06T12:50:47.778177+00:00
[2024-11-06T12:50:47.802+0000] {processor.py:179} INFO - Processing /home/airflow/.local/lib/python3.8/site-packages/airflow/example_dags/example_task_group_decorator.py took 0.090 seconds
[2024-11-06T12:52:35.578+0000] {processor.py:157} INFO - Started process (PID=2067) to work on /home/airflow/.local/lib/python3.8/site-packages/airflow/example_dags/example_task_group_decorator.py
[2024-11-06T12:52:35.579+0000] {processor.py:829} INFO - Processing file /home/airflow/.local/lib/python3.8/site-packages/airflow/example_dags/example_task_group_decorator.py for tasks to queue
[2024-11-06T12:52:35.583+0000] {logging_mixin.py:154} INFO - [2024-11-06T12:52:35.583+0000] {dagbag.py:536} INFO - Filling up the DagBag from /home/airflow/.local/lib/python3.8/site-packages/airflow/example_dags/example_task_group_decorator.py
[2024-11-06T12:52:35.589+0000] {processor.py:839} INFO - DAG(s) dict_keys(['example_task_group_decorator']) retrieved from /home/airflow/.local/lib/python3.8/site-packages/airflow/example_dags/example_task_group_decorator.py
[2024-11-06T12:52:35.605+0000] {logging_mixin.py:154} INFO - [2024-11-06T12:52:35.605+0000] {dag.py:2941} INFO - Sync 1 DAGs
[2024-11-06T12:52:35.615+0000] {logging_mixin.py:154} INFO - [2024-11-06T12:52:35.615+0000] {dag.py:3722} INFO - Setting next_dagrun for example_task_group_decorator to 2024-11-05T12:52:35.615407+00:00, run_after=2024-11-06T12:52:35.615407+00:00
[2024-11-06T12:52:35.624+0000] {processor.py:179} INFO - Processing /home/airflow/.local/lib/python3.8/site-packages/airflow/example_dags/example_task_group_decorator.py took 0.048 seconds
[2024-11-06T13:07:17.061+0000] {processor.py:157} INFO - Started process (PID=2121) to work on /home/airflow/.local/lib/python3.8/site-packages/airflow/example_dags/example_task_group_decorator.py
[2024-11-06T13:07:17.062+0000] {processor.py:829} INFO - Processing file /home/airflow/.local/lib/python3.8/site-packages/airflow/example_dags/example_task_group_decorator.py for tasks to queue
[2024-11-06T13:07:17.063+0000] {logging_mixin.py:154} INFO - [2024-11-06T13:07:17.063+0000] {dagbag.py:536} INFO - Filling up the DagBag from /home/airflow/.local/lib/python3.8/site-packages/airflow/example_dags/example_task_group_decorator.py
[2024-11-06T13:07:17.071+0000] {processor.py:839} INFO - DAG(s) dict_keys(['example_task_group_decorator']) retrieved from /home/airflow/.local/lib/python3.8/site-packages/airflow/example_dags/example_task_group_decorator.py
[2024-11-06T13:07:17.082+0000] {logging_mixin.py:154} INFO - [2024-11-06T13:07:17.081+0000] {dag.py:2941} INFO - Sync 1 DAGs
[2024-11-06T13:07:17.092+0000] {logging_mixin.py:154} INFO - [2024-11-06T13:07:17.092+0000] {dag.py:3722} INFO - Setting next_dagrun for example_task_group_decorator to 2024-11-05T13:07:17.092777+00:00, run_after=2024-11-06T13:07:17.092777+00:00
[2024-11-06T13:07:17.103+0000] {processor.py:179} INFO - Processing /home/airflow/.local/lib/python3.8/site-packages/airflow/example_dags/example_task_group_decorator.py took 0.044 seconds
[2024-11-06T13:47:31.977+0000] {processor.py:157} INFO - Started process (PID=2175) to work on /home/airflow/.local/lib/python3.8/site-packages/airflow/example_dags/example_task_group_decorator.py
[2024-11-06T13:47:31.978+0000] {processor.py:829} INFO - Processing file /home/airflow/.local/lib/python3.8/site-packages/airflow/example_dags/example_task_group_decorator.py for tasks to queue
[2024-11-06T13:47:31.981+0000] {logging_mixin.py:154} INFO - [2024-11-06T13:47:31.980+0000] {dagbag.py:536} INFO - Filling up the DagBag from /home/airflow/.local/lib/python3.8/site-packages/airflow/example_dags/example_task_group_decorator.py
[2024-11-06T13:47:31.990+0000] {processor.py:839} INFO - DAG(s) dict_keys(['example_task_group_decorator']) retrieved from /home/airflow/.local/lib/python3.8/site-packages/airflow/example_dags/example_task_group_decorator.py
[2024-11-06T13:47:32.010+0000] {logging_mixin.py:154} INFO - [2024-11-06T13:47:32.010+0000] {dag.py:2941} INFO - Sync 1 DAGs
[2024-11-06T13:47:32.019+0000] {logging_mixin.py:154} INFO - [2024-11-06T13:47:32.019+0000] {dag.py:3722} INFO - Setting next_dagrun for example_task_group_decorator to 2024-11-05T13:47:32.019072+00:00, run_after=2024-11-06T13:47:32.019072+00:00
[2024-11-06T13:47:32.025+0000] {processor.py:179} INFO - Processing /home/airflow/.local/lib/python3.8/site-packages/airflow/example_dags/example_task_group_decorator.py took 0.054 seconds
[2024-11-06T13:55:17.529+0000] {processor.py:157} INFO - Started process (PID=2229) to work on /home/airflow/.local/lib/python3.8/site-packages/airflow/example_dags/example_task_group_decorator.py
[2024-11-06T13:55:17.530+0000] {processor.py:829} INFO - Processing file /home/airflow/.local/lib/python3.8/site-packages/airflow/example_dags/example_task_group_decorator.py for tasks to queue
[2024-11-06T13:55:17.531+0000] {logging_mixin.py:154} INFO - [2024-11-06T13:55:17.531+0000] {dagbag.py:536} INFO - Filling up the DagBag from /home/airflow/.local/lib/python3.8/site-packages/airflow/example_dags/example_task_group_decorator.py
[2024-11-06T13:55:17.541+0000] {processor.py:839} INFO - DAG(s) dict_keys(['example_task_group_decorator']) retrieved from /home/airflow/.local/lib/python3.8/site-packages/airflow/example_dags/example_task_group_decorator.py
[2024-11-06T13:55:17.559+0000] {logging_mixin.py:154} INFO - [2024-11-06T13:55:17.559+0000] {dag.py:2941} INFO - Sync 1 DAGs
[2024-11-06T13:55:17.573+0000] {logging_mixin.py:154} INFO - [2024-11-06T13:55:17.573+0000] {dag.py:3722} INFO - Setting next_dagrun for example_task_group_decorator to 2024-11-05T13:55:17.573109+00:00, run_after=2024-11-06T13:55:17.573109+00:00
[2024-11-06T13:55:17.581+0000] {processor.py:179} INFO - Processing /home/airflow/.local/lib/python3.8/site-packages/airflow/example_dags/example_task_group_decorator.py took 0.054 seconds
[2024-11-06T14:00:22.348+0000] {processor.py:157} INFO - Started process (PID=2283) to work on /home/airflow/.local/lib/python3.8/site-packages/airflow/example_dags/example_task_group_decorator.py
[2024-11-06T14:00:22.349+0000] {processor.py:829} INFO - Processing file /home/airflow/.local/lib/python3.8/site-packages/airflow/example_dags/example_task_group_decorator.py for tasks to queue
[2024-11-06T14:00:22.350+0000] {logging_mixin.py:154} INFO - [2024-11-06T14:00:22.349+0000] {dagbag.py:536} INFO - Filling up the DagBag from /home/airflow/.local/lib/python3.8/site-packages/airflow/example_dags/example_task_group_decorator.py
[2024-11-06T14:00:22.356+0000] {processor.py:839} INFO - DAG(s) dict_keys(['example_task_group_decorator']) retrieved from /home/airflow/.local/lib/python3.8/site-packages/airflow/example_dags/example_task_group_decorator.py
[2024-11-06T14:00:22.373+0000] {logging_mixin.py:154} INFO - [2024-11-06T14:00:22.373+0000] {dag.py:2941} INFO - Sync 1 DAGs
[2024-11-06T14:00:22.383+0000] {logging_mixin.py:154} INFO - [2024-11-06T14:00:22.383+0000] {dag.py:3722} INFO - Setting next_dagrun for example_task_group_decorator to 2024-11-05T14:00:22.383413+00:00, run_after=2024-11-06T14:00:22.383413+00:00
[2024-11-06T14:00:22.396+0000] {processor.py:179} INFO - Processing /home/airflow/.local/lib/python3.8/site-packages/airflow/example_dags/example_task_group_decorator.py took 0.050 seconds
[2024-11-06T14:05:42.326+0000] {processor.py:157} INFO - Started process (PID=2337) to work on /home/airflow/.local/lib/python3.8/site-packages/airflow/example_dags/example_task_group_decorator.py
[2024-11-06T14:05:42.326+0000] {processor.py:829} INFO - Processing file /home/airflow/.local/lib/python3.8/site-packages/airflow/example_dags/example_task_group_decorator.py for tasks to queue
[2024-11-06T14:05:42.327+0000] {logging_mixin.py:154} INFO - [2024-11-06T14:05:42.327+0000] {dagbag.py:536} INFO - Filling up the DagBag from /home/airflow/.local/lib/python3.8/site-packages/airflow/example_dags/example_task_group_decorator.py
[2024-11-06T14:05:42.333+0000] {processor.py:839} INFO - DAG(s) dict_keys(['example_task_group_decorator']) retrieved from /home/airflow/.local/lib/python3.8/site-packages/airflow/example_dags/example_task_group_decorator.py
[2024-11-06T14:05:42.347+0000] {logging_mixin.py:154} INFO - [2024-11-06T14:05:42.347+0000] {dag.py:2941} INFO - Sync 1 DAGs
[2024-11-06T14:05:42.356+0000] {logging_mixin.py:154} INFO - [2024-11-06T14:05:42.356+0000] {dag.py:3722} INFO - Setting next_dagrun for example_task_group_decorator to 2024-11-05T14:05:42.356480+00:00, run_after=2024-11-06T14:05:42.356480+00:00
[2024-11-06T14:05:42.365+0000] {processor.py:179} INFO - Processing /home/airflow/.local/lib/python3.8/site-packages/airflow/example_dags/example_task_group_decorator.py took 0.041 seconds
[2024-11-06T14:09:56.731+0000] {processor.py:157} INFO - Started process (PID=2391) to work on /home/airflow/.local/lib/python3.8/site-packages/airflow/example_dags/example_task_group_decorator.py
[2024-11-06T14:09:56.734+0000] {processor.py:829} INFO - Processing file /home/airflow/.local/lib/python3.8/site-packages/airflow/example_dags/example_task_group_decorator.py for tasks to queue
[2024-11-06T14:09:56.735+0000] {logging_mixin.py:154} INFO - [2024-11-06T14:09:56.735+0000] {dagbag.py:536} INFO - Filling up the DagBag from /home/airflow/.local/lib/python3.8/site-packages/airflow/example_dags/example_task_group_decorator.py
[2024-11-06T14:09:56.742+0000] {processor.py:839} INFO - DAG(s) dict_keys(['example_task_group_decorator']) retrieved from /home/airflow/.local/lib/python3.8/site-packages/airflow/example_dags/example_task_group_decorator.py
[2024-11-06T14:09:56.755+0000] {logging_mixin.py:154} INFO - [2024-11-06T14:09:56.755+0000] {dag.py:2941} INFO - Sync 1 DAGs
[2024-11-06T14:09:56.765+0000] {logging_mixin.py:154} INFO - [2024-11-06T14:09:56.765+0000] {dag.py:3722} INFO - Setting next_dagrun for example_task_group_decorator to 2024-11-05T14:09:56.765608+00:00, run_after=2024-11-06T14:09:56.765608+00:00
[2024-11-06T14:09:56.777+0000] {processor.py:179} INFO - Processing /home/airflow/.local/lib/python3.8/site-packages/airflow/example_dags/example_task_group_decorator.py took 0.048 seconds
[2024-11-06T14:16:57.751+0000] {processor.py:157} INFO - Started process (PID=2445) to work on /home/airflow/.local/lib/python3.8/site-packages/airflow/example_dags/example_task_group_decorator.py
[2024-11-06T14:16:57.752+0000] {processor.py:829} INFO - Processing file /home/airflow/.local/lib/python3.8/site-packages/airflow/example_dags/example_task_group_decorator.py for tasks to queue
[2024-11-06T14:16:57.753+0000] {logging_mixin.py:154} INFO - [2024-11-06T14:16:57.753+0000] {dagbag.py:536} INFO - Filling up the DagBag from /home/airflow/.local/lib/python3.8/site-packages/airflow/example_dags/example_task_group_decorator.py
[2024-11-06T14:16:57.761+0000] {processor.py:839} INFO - DAG(s) dict_keys(['example_task_group_decorator']) retrieved from /home/airflow/.local/lib/python3.8/site-packages/airflow/example_dags/example_task_group_decorator.py
[2024-11-06T14:16:57.777+0000] {logging_mixin.py:154} INFO - [2024-11-06T14:16:57.777+0000] {dag.py:2941} INFO - Sync 1 DAGs
[2024-11-06T14:16:57.788+0000] {logging_mixin.py:154} INFO - [2024-11-06T14:16:57.788+0000] {dag.py:3722} INFO - Setting next_dagrun for example_task_group_decorator to 2024-11-05T14:16:57.788776+00:00, run_after=2024-11-06T14:16:57.788776+00:00
[2024-11-06T14:16:57.798+0000] {processor.py:179} INFO - Processing /home/airflow/.local/lib/python3.8/site-packages/airflow/example_dags/example_task_group_decorator.py took 0.049 seconds
[2024-11-06T14:23:15.423+0000] {processor.py:157} INFO - Started process (PID=2499) to work on /home/airflow/.local/lib/python3.8/site-packages/airflow/example_dags/example_task_group_decorator.py
[2024-11-06T14:23:15.423+0000] {processor.py:829} INFO - Processing file /home/airflow/.local/lib/python3.8/site-packages/airflow/example_dags/example_task_group_decorator.py for tasks to queue
[2024-11-06T14:23:15.424+0000] {logging_mixin.py:154} INFO - [2024-11-06T14:23:15.424+0000] {dagbag.py:536} INFO - Filling up the DagBag from /home/airflow/.local/lib/python3.8/site-packages/airflow/example_dags/example_task_group_decorator.py
[2024-11-06T14:23:15.431+0000] {processor.py:839} INFO - DAG(s) dict_keys(['example_task_group_decorator']) retrieved from /home/airflow/.local/lib/python3.8/site-packages/airflow/example_dags/example_task_group_decorator.py
[2024-11-06T14:23:15.443+0000] {logging_mixin.py:154} INFO - [2024-11-06T14:23:15.443+0000] {dag.py:2941} INFO - Sync 1 DAGs
[2024-11-06T14:23:15.452+0000] {logging_mixin.py:154} INFO - [2024-11-06T14:23:15.452+0000] {dag.py:3722} INFO - Setting next_dagrun for example_task_group_decorator to 2024-11-05T14:23:15.452134+00:00, run_after=2024-11-06T14:23:15.452134+00:00
[2024-11-06T14:23:15.461+0000] {processor.py:179} INFO - Processing /home/airflow/.local/lib/python3.8/site-packages/airflow/example_dags/example_task_group_decorator.py took 0.040 seconds
[2024-11-06T14:31:02.173+0000] {processor.py:157} INFO - Started process (PID=2552) to work on /home/airflow/.local/lib/python3.8/site-packages/airflow/example_dags/example_task_group_decorator.py
[2024-11-06T14:31:02.173+0000] {processor.py:829} INFO - Processing file /home/airflow/.local/lib/python3.8/site-packages/airflow/example_dags/example_task_group_decorator.py for tasks to queue
[2024-11-06T14:31:02.176+0000] {logging_mixin.py:154} INFO - [2024-11-06T14:31:02.176+0000] {dagbag.py:536} INFO - Filling up the DagBag from /home/airflow/.local/lib/python3.8/site-packages/airflow/example_dags/example_task_group_decorator.py
[2024-11-06T14:31:02.186+0000] {processor.py:839} INFO - DAG(s) dict_keys(['example_task_group_decorator']) retrieved from /home/airflow/.local/lib/python3.8/site-packages/airflow/example_dags/example_task_group_decorator.py
[2024-11-06T14:31:02.214+0000] {logging_mixin.py:154} INFO - [2024-11-06T14:31:02.214+0000] {dag.py:2941} INFO - Sync 1 DAGs
[2024-11-06T14:31:02.241+0000] {logging_mixin.py:154} INFO - [2024-11-06T14:31:02.241+0000] {dag.py:3722} INFO - Setting next_dagrun for example_task_group_decorator to 2024-11-05T14:31:02.240924+00:00, run_after=2024-11-06T14:31:02.240924+00:00
[2024-11-06T14:31:02.263+0000] {processor.py:179} INFO - Processing /home/airflow/.local/lib/python3.8/site-packages/airflow/example_dags/example_task_group_decorator.py took 0.094 seconds
[2024-11-06T14:36:36.662+0000] {processor.py:157} INFO - Started process (PID=2605) to work on /home/airflow/.local/lib/python3.8/site-packages/airflow/example_dags/example_task_group_decorator.py
[2024-11-06T14:36:36.664+0000] {processor.py:829} INFO - Processing file /home/airflow/.local/lib/python3.8/site-packages/airflow/example_dags/example_task_group_decorator.py for tasks to queue
[2024-11-06T14:36:36.665+0000] {logging_mixin.py:154} INFO - [2024-11-06T14:36:36.665+0000] {dagbag.py:536} INFO - Filling up the DagBag from /home/airflow/.local/lib/python3.8/site-packages/airflow/example_dags/example_task_group_decorator.py
[2024-11-06T14:36:36.674+0000] {processor.py:839} INFO - DAG(s) dict_keys(['example_task_group_decorator']) retrieved from /home/airflow/.local/lib/python3.8/site-packages/airflow/example_dags/example_task_group_decorator.py
[2024-11-06T14:36:36.690+0000] {logging_mixin.py:154} INFO - [2024-11-06T14:36:36.690+0000] {dag.py:2941} INFO - Sync 1 DAGs
[2024-11-06T14:36:36.701+0000] {logging_mixin.py:154} INFO - [2024-11-06T14:36:36.701+0000] {dag.py:3722} INFO - Setting next_dagrun for example_task_group_decorator to 2024-11-05T14:36:36.701216+00:00, run_after=2024-11-06T14:36:36.701216+00:00
[2024-11-06T14:36:36.713+0000] {processor.py:179} INFO - Processing /home/airflow/.local/lib/python3.8/site-packages/airflow/example_dags/example_task_group_decorator.py took 0.052 seconds
[2024-11-06T15:02:53.092+0000] {processor.py:157} INFO - Started process (PID=2659) to work on /home/airflow/.local/lib/python3.8/site-packages/airflow/example_dags/example_task_group_decorator.py
[2024-11-06T15:02:53.098+0000] {processor.py:829} INFO - Processing file /home/airflow/.local/lib/python3.8/site-packages/airflow/example_dags/example_task_group_decorator.py for tasks to queue
[2024-11-06T15:02:53.103+0000] {logging_mixin.py:154} INFO - [2024-11-06T15:02:53.102+0000] {dagbag.py:536} INFO - Filling up the DagBag from /home/airflow/.local/lib/python3.8/site-packages/airflow/example_dags/example_task_group_decorator.py
[2024-11-06T15:02:53.121+0000] {processor.py:839} INFO - DAG(s) dict_keys(['example_task_group_decorator']) retrieved from /home/airflow/.local/lib/python3.8/site-packages/airflow/example_dags/example_task_group_decorator.py
[2024-11-06T15:02:53.143+0000] {logging_mixin.py:154} INFO - [2024-11-06T15:02:53.143+0000] {dag.py:2941} INFO - Sync 1 DAGs
[2024-11-06T15:02:53.162+0000] {logging_mixin.py:154} INFO - [2024-11-06T15:02:53.162+0000] {dag.py:3722} INFO - Setting next_dagrun for example_task_group_decorator to 2024-11-05T15:02:53.162332+00:00, run_after=2024-11-06T15:02:53.162332+00:00
[2024-11-06T15:02:53.178+0000] {processor.py:179} INFO - Processing /home/airflow/.local/lib/python3.8/site-packages/airflow/example_dags/example_task_group_decorator.py took 0.091 seconds
[2024-11-06T15:37:17.108+0000] {processor.py:157} INFO - Started process (PID=2713) to work on /home/airflow/.local/lib/python3.8/site-packages/airflow/example_dags/example_task_group_decorator.py
[2024-11-06T15:37:17.109+0000] {processor.py:829} INFO - Processing file /home/airflow/.local/lib/python3.8/site-packages/airflow/example_dags/example_task_group_decorator.py for tasks to queue
[2024-11-06T15:37:17.111+0000] {logging_mixin.py:154} INFO - [2024-11-06T15:37:17.111+0000] {dagbag.py:536} INFO - Filling up the DagBag from /home/airflow/.local/lib/python3.8/site-packages/airflow/example_dags/example_task_group_decorator.py
[2024-11-06T15:37:17.118+0000] {processor.py:839} INFO - DAG(s) dict_keys(['example_task_group_decorator']) retrieved from /home/airflow/.local/lib/python3.8/site-packages/airflow/example_dags/example_task_group_decorator.py
[2024-11-06T15:37:17.130+0000] {logging_mixin.py:154} INFO - [2024-11-06T15:37:17.130+0000] {dag.py:2941} INFO - Sync 1 DAGs
[2024-11-06T15:37:17.142+0000] {logging_mixin.py:154} INFO - [2024-11-06T15:37:17.142+0000] {dag.py:3722} INFO - Setting next_dagrun for example_task_group_decorator to 2024-11-05T15:37:17.142078+00:00, run_after=2024-11-06T15:37:17.142078+00:00
[2024-11-06T15:37:17.148+0000] {processor.py:179} INFO - Processing /home/airflow/.local/lib/python3.8/site-packages/airflow/example_dags/example_task_group_decorator.py took 0.042 seconds
[2024-11-06T15:48:09.466+0000] {processor.py:157} INFO - Started process (PID=2767) to work on /home/airflow/.local/lib/python3.8/site-packages/airflow/example_dags/example_task_group_decorator.py
[2024-11-06T15:48:09.468+0000] {processor.py:829} INFO - Processing file /home/airflow/.local/lib/python3.8/site-packages/airflow/example_dags/example_task_group_decorator.py for tasks to queue
[2024-11-06T15:48:09.472+0000] {logging_mixin.py:154} INFO - [2024-11-06T15:48:09.472+0000] {dagbag.py:536} INFO - Filling up the DagBag from /home/airflow/.local/lib/python3.8/site-packages/airflow/example_dags/example_task_group_decorator.py
[2024-11-06T15:48:09.485+0000] {processor.py:839} INFO - DAG(s) dict_keys(['example_task_group_decorator']) retrieved from /home/airflow/.local/lib/python3.8/site-packages/airflow/example_dags/example_task_group_decorator.py
[2024-11-06T15:48:09.514+0000] {logging_mixin.py:154} INFO - [2024-11-06T15:48:09.514+0000] {dag.py:2941} INFO - Sync 1 DAGs
[2024-11-06T15:48:09.536+0000] {logging_mixin.py:154} INFO - [2024-11-06T15:48:09.535+0000] {dag.py:3722} INFO - Setting next_dagrun for example_task_group_decorator to 2024-11-05T15:48:09.535740+00:00, run_after=2024-11-06T15:48:09.535740+00:00
[2024-11-06T15:48:09.555+0000] {processor.py:179} INFO - Processing /home/airflow/.local/lib/python3.8/site-packages/airflow/example_dags/example_task_group_decorator.py took 0.091 seconds
[2024-11-06T16:49:03.898+0000] {processor.py:157} INFO - Started process (PID=2821) to work on /home/airflow/.local/lib/python3.8/site-packages/airflow/example_dags/example_task_group_decorator.py
[2024-11-06T16:49:03.899+0000] {processor.py:829} INFO - Processing file /home/airflow/.local/lib/python3.8/site-packages/airflow/example_dags/example_task_group_decorator.py for tasks to queue
[2024-11-06T16:49:03.902+0000] {logging_mixin.py:154} INFO - [2024-11-06T16:49:03.902+0000] {dagbag.py:536} INFO - Filling up the DagBag from /home/airflow/.local/lib/python3.8/site-packages/airflow/example_dags/example_task_group_decorator.py
[2024-11-06T16:49:03.909+0000] {processor.py:839} INFO - DAG(s) dict_keys(['example_task_group_decorator']) retrieved from /home/airflow/.local/lib/python3.8/site-packages/airflow/example_dags/example_task_group_decorator.py
[2024-11-06T16:49:03.921+0000] {logging_mixin.py:154} INFO - [2024-11-06T16:49:03.921+0000] {dag.py:2941} INFO - Sync 1 DAGs
[2024-11-06T16:49:03.930+0000] {logging_mixin.py:154} INFO - [2024-11-06T16:49:03.930+0000] {dag.py:3722} INFO - Setting next_dagrun for example_task_group_decorator to 2024-11-05T16:49:03.929977+00:00, run_after=2024-11-06T16:49:03.929977+00:00
[2024-11-06T16:49:03.939+0000] {processor.py:179} INFO - Processing /home/airflow/.local/lib/python3.8/site-packages/airflow/example_dags/example_task_group_decorator.py took 0.043 seconds
[2024-11-06T16:49:56.685+0000] {processor.py:157} INFO - Started process (PID=2875) to work on /home/airflow/.local/lib/python3.8/site-packages/airflow/example_dags/example_task_group_decorator.py
[2024-11-06T16:49:56.685+0000] {processor.py:829} INFO - Processing file /home/airflow/.local/lib/python3.8/site-packages/airflow/example_dags/example_task_group_decorator.py for tasks to queue
[2024-11-06T16:49:56.686+0000] {logging_mixin.py:154} INFO - [2024-11-06T16:49:56.686+0000] {dagbag.py:536} INFO - Filling up the DagBag from /home/airflow/.local/lib/python3.8/site-packages/airflow/example_dags/example_task_group_decorator.py
[2024-11-06T16:49:56.692+0000] {processor.py:839} INFO - DAG(s) dict_keys(['example_task_group_decorator']) retrieved from /home/airflow/.local/lib/python3.8/site-packages/airflow/example_dags/example_task_group_decorator.py
[2024-11-06T16:49:56.703+0000] {logging_mixin.py:154} INFO - [2024-11-06T16:49:56.703+0000] {dag.py:2941} INFO - Sync 1 DAGs
[2024-11-06T16:49:56.713+0000] {logging_mixin.py:154} INFO - [2024-11-06T16:49:56.713+0000] {dag.py:3722} INFO - Setting next_dagrun for example_task_group_decorator to 2024-11-05T16:49:56.713621+00:00, run_after=2024-11-06T16:49:56.713621+00:00
[2024-11-06T16:49:56.723+0000] {processor.py:179} INFO - Processing /home/airflow/.local/lib/python3.8/site-packages/airflow/example_dags/example_task_group_decorator.py took 0.040 seconds
[2024-11-06T17:40:08.688+0000] {processor.py:157} INFO - Started process (PID=2929) to work on /home/airflow/.local/lib/python3.8/site-packages/airflow/example_dags/example_task_group_decorator.py
[2024-11-06T17:40:08.689+0000] {processor.py:829} INFO - Processing file /home/airflow/.local/lib/python3.8/site-packages/airflow/example_dags/example_task_group_decorator.py for tasks to queue
[2024-11-06T17:40:08.690+0000] {logging_mixin.py:154} INFO - [2024-11-06T17:40:08.690+0000] {dagbag.py:536} INFO - Filling up the DagBag from /home/airflow/.local/lib/python3.8/site-packages/airflow/example_dags/example_task_group_decorator.py
[2024-11-06T17:40:08.696+0000] {processor.py:839} INFO - DAG(s) dict_keys(['example_task_group_decorator']) retrieved from /home/airflow/.local/lib/python3.8/site-packages/airflow/example_dags/example_task_group_decorator.py
[2024-11-06T17:40:08.707+0000] {logging_mixin.py:154} INFO - [2024-11-06T17:40:08.707+0000] {dag.py:2941} INFO - Sync 1 DAGs
[2024-11-06T17:40:08.718+0000] {logging_mixin.py:154} INFO - [2024-11-06T17:40:08.718+0000] {dag.py:3722} INFO - Setting next_dagrun for example_task_group_decorator to 2024-11-05T17:40:08.717969+00:00, run_after=2024-11-06T17:40:08.717969+00:00
[2024-11-06T17:40:08.729+0000] {processor.py:179} INFO - Processing /home/airflow/.local/lib/python3.8/site-packages/airflow/example_dags/example_task_group_decorator.py took 0.042 seconds
[2024-11-06T18:40:21.020+0000] {processor.py:157} INFO - Started process (PID=2983) to work on /home/airflow/.local/lib/python3.8/site-packages/airflow/example_dags/example_task_group_decorator.py
[2024-11-06T18:40:21.020+0000] {processor.py:829} INFO - Processing file /home/airflow/.local/lib/python3.8/site-packages/airflow/example_dags/example_task_group_decorator.py for tasks to queue
[2024-11-06T18:40:21.021+0000] {logging_mixin.py:154} INFO - [2024-11-06T18:40:21.021+0000] {dagbag.py:536} INFO - Filling up the DagBag from /home/airflow/.local/lib/python3.8/site-packages/airflow/example_dags/example_task_group_decorator.py
[2024-11-06T18:40:21.028+0000] {processor.py:839} INFO - DAG(s) dict_keys(['example_task_group_decorator']) retrieved from /home/airflow/.local/lib/python3.8/site-packages/airflow/example_dags/example_task_group_decorator.py
[2024-11-06T18:40:21.039+0000] {logging_mixin.py:154} INFO - [2024-11-06T18:40:21.038+0000] {dag.py:2941} INFO - Sync 1 DAGs
[2024-11-06T18:40:21.047+0000] {logging_mixin.py:154} INFO - [2024-11-06T18:40:21.047+0000] {dag.py:3722} INFO - Setting next_dagrun for example_task_group_decorator to 2024-11-05T18:40:21.047570+00:00, run_after=2024-11-06T18:40:21.047570+00:00
[2024-11-06T18:40:21.055+0000] {processor.py:179} INFO - Processing /home/airflow/.local/lib/python3.8/site-packages/airflow/example_dags/example_task_group_decorator.py took 0.037 seconds
[2024-11-06T19:56:54.789+0000] {processor.py:157} INFO - Started process (PID=3037) to work on /home/airflow/.local/lib/python3.8/site-packages/airflow/example_dags/example_task_group_decorator.py
[2024-11-06T19:56:54.790+0000] {processor.py:829} INFO - Processing file /home/airflow/.local/lib/python3.8/site-packages/airflow/example_dags/example_task_group_decorator.py for tasks to queue
[2024-11-06T19:56:54.792+0000] {logging_mixin.py:154} INFO - [2024-11-06T19:56:54.792+0000] {dagbag.py:536} INFO - Filling up the DagBag from /home/airflow/.local/lib/python3.8/site-packages/airflow/example_dags/example_task_group_decorator.py
[2024-11-06T19:56:54.798+0000] {processor.py:839} INFO - DAG(s) dict_keys(['example_task_group_decorator']) retrieved from /home/airflow/.local/lib/python3.8/site-packages/airflow/example_dags/example_task_group_decorator.py
[2024-11-06T19:56:54.809+0000] {logging_mixin.py:154} INFO - [2024-11-06T19:56:54.809+0000] {dag.py:2941} INFO - Sync 1 DAGs
[2024-11-06T19:56:54.818+0000] {logging_mixin.py:154} INFO - [2024-11-06T19:56:54.818+0000] {dag.py:3722} INFO - Setting next_dagrun for example_task_group_decorator to 2024-11-05T19:56:54.818729+00:00, run_after=2024-11-06T19:56:54.818729+00:00
[2024-11-06T19:56:54.829+0000] {processor.py:179} INFO - Processing /home/airflow/.local/lib/python3.8/site-packages/airflow/example_dags/example_task_group_decorator.py took 0.041 seconds
[2024-11-06T20:41:41.457+0000] {processor.py:157} INFO - Started process (PID=3091) to work on /home/airflow/.local/lib/python3.8/site-packages/airflow/example_dags/example_task_group_decorator.py
[2024-11-06T20:41:41.457+0000] {processor.py:829} INFO - Processing file /home/airflow/.local/lib/python3.8/site-packages/airflow/example_dags/example_task_group_decorator.py for tasks to queue
[2024-11-06T20:41:41.458+0000] {logging_mixin.py:154} INFO - [2024-11-06T20:41:41.458+0000] {dagbag.py:536} INFO - Filling up the DagBag from /home/airflow/.local/lib/python3.8/site-packages/airflow/example_dags/example_task_group_decorator.py
[2024-11-06T20:41:41.464+0000] {processor.py:839} INFO - DAG(s) dict_keys(['example_task_group_decorator']) retrieved from /home/airflow/.local/lib/python3.8/site-packages/airflow/example_dags/example_task_group_decorator.py
[2024-11-06T20:41:41.479+0000] {logging_mixin.py:154} INFO - [2024-11-06T20:41:41.478+0000] {dag.py:2941} INFO - Sync 1 DAGs
[2024-11-06T20:41:41.487+0000] {logging_mixin.py:154} INFO - [2024-11-06T20:41:41.487+0000] {dag.py:3722} INFO - Setting next_dagrun for example_task_group_decorator to 2024-11-05T20:41:41.487589+00:00, run_after=2024-11-06T20:41:41.487589+00:00
[2024-11-06T20:41:41.500+0000] {processor.py:179} INFO - Processing /home/airflow/.local/lib/python3.8/site-packages/airflow/example_dags/example_task_group_decorator.py took 0.045 seconds
[2024-11-06T22:09:50.932+0000] {processor.py:157} INFO - Started process (PID=3145) to work on /home/airflow/.local/lib/python3.8/site-packages/airflow/example_dags/example_task_group_decorator.py
[2024-11-06T22:09:50.932+0000] {processor.py:829} INFO - Processing file /home/airflow/.local/lib/python3.8/site-packages/airflow/example_dags/example_task_group_decorator.py for tasks to queue
[2024-11-06T22:09:50.933+0000] {logging_mixin.py:154} INFO - [2024-11-06T22:09:50.933+0000] {dagbag.py:536} INFO - Filling up the DagBag from /home/airflow/.local/lib/python3.8/site-packages/airflow/example_dags/example_task_group_decorator.py
[2024-11-06T22:09:50.939+0000] {processor.py:839} INFO - DAG(s) dict_keys(['example_task_group_decorator']) retrieved from /home/airflow/.local/lib/python3.8/site-packages/airflow/example_dags/example_task_group_decorator.py
[2024-11-06T22:09:50.954+0000] {logging_mixin.py:154} INFO - [2024-11-06T22:09:50.954+0000] {dag.py:2941} INFO - Sync 1 DAGs
[2024-11-06T22:09:50.965+0000] {logging_mixin.py:154} INFO - [2024-11-06T22:09:50.965+0000] {dag.py:3722} INFO - Setting next_dagrun for example_task_group_decorator to 2024-11-05T22:09:50.965408+00:00, run_after=2024-11-06T22:09:50.965408+00:00
[2024-11-06T22:09:50.974+0000] {processor.py:179} INFO - Processing /home/airflow/.local/lib/python3.8/site-packages/airflow/example_dags/example_task_group_decorator.py took 0.044 seconds
[2024-11-06T23:10:56.633+0000] {processor.py:157} INFO - Started process (PID=3199) to work on /home/airflow/.local/lib/python3.8/site-packages/airflow/example_dags/example_task_group_decorator.py
[2024-11-06T23:10:56.633+0000] {processor.py:829} INFO - Processing file /home/airflow/.local/lib/python3.8/site-packages/airflow/example_dags/example_task_group_decorator.py for tasks to queue
[2024-11-06T23:10:56.635+0000] {logging_mixin.py:154} INFO - [2024-11-06T23:10:56.635+0000] {dagbag.py:536} INFO - Filling up the DagBag from /home/airflow/.local/lib/python3.8/site-packages/airflow/example_dags/example_task_group_decorator.py
[2024-11-06T23:10:56.641+0000] {processor.py:839} INFO - DAG(s) dict_keys(['example_task_group_decorator']) retrieved from /home/airflow/.local/lib/python3.8/site-packages/airflow/example_dags/example_task_group_decorator.py
[2024-11-06T23:10:56.654+0000] {logging_mixin.py:154} INFO - [2024-11-06T23:10:56.654+0000] {dag.py:2941} INFO - Sync 1 DAGs
[2024-11-06T23:10:56.664+0000] {logging_mixin.py:154} INFO - [2024-11-06T23:10:56.664+0000] {dag.py:3722} INFO - Setting next_dagrun for example_task_group_decorator to 2024-11-05T23:10:56.664422+00:00, run_after=2024-11-06T23:10:56.664422+00:00
[2024-11-06T23:10:56.677+0000] {processor.py:179} INFO - Processing /home/airflow/.local/lib/python3.8/site-packages/airflow/example_dags/example_task_group_decorator.py took 0.046 seconds
[2024-11-06T23:49:21.378+0000] {processor.py:157} INFO - Started process (PID=3253) to work on /home/airflow/.local/lib/python3.8/site-packages/airflow/example_dags/example_task_group_decorator.py
[2024-11-06T23:49:21.379+0000] {processor.py:829} INFO - Processing file /home/airflow/.local/lib/python3.8/site-packages/airflow/example_dags/example_task_group_decorator.py for tasks to queue
[2024-11-06T23:49:21.380+0000] {logging_mixin.py:154} INFO - [2024-11-06T23:49:21.380+0000] {dagbag.py:536} INFO - Filling up the DagBag from /home/airflow/.local/lib/python3.8/site-packages/airflow/example_dags/example_task_group_decorator.py
[2024-11-06T23:49:21.387+0000] {processor.py:839} INFO - DAG(s) dict_keys(['example_task_group_decorator']) retrieved from /home/airflow/.local/lib/python3.8/site-packages/airflow/example_dags/example_task_group_decorator.py
[2024-11-06T23:49:21.398+0000] {logging_mixin.py:154} INFO - [2024-11-06T23:49:21.398+0000] {dag.py:2941} INFO - Sync 1 DAGs
[2024-11-06T23:49:21.407+0000] {logging_mixin.py:154} INFO - [2024-11-06T23:49:21.407+0000] {dag.py:3722} INFO - Setting next_dagrun for example_task_group_decorator to 2024-11-05T23:49:21.407174+00:00, run_after=2024-11-06T23:49:21.407174+00:00
[2024-11-06T23:49:21.414+0000] {processor.py:179} INFO - Processing /home/airflow/.local/lib/python3.8/site-packages/airflow/example_dags/example_task_group_decorator.py took 0.037 seconds
