[2024-11-06T08:43:19.014+0000] {processor.py:157} INFO - Started process (PID=51) to work on /home/airflow/.local/lib/python3.8/site-packages/airflow/example_dags/example_complex.py
[2024-11-06T08:43:19.017+0000] {processor.py:829} INFO - Processing file /home/airflow/.local/lib/python3.8/site-packages/airflow/example_dags/example_complex.py for tasks to queue
[2024-11-06T08:43:19.018+0000] {logging_mixin.py:154} INFO - [2024-11-06T08:43:19.018+0000] {dagbag.py:536} INFO - Filling up the DagBag from /home/airflow/.local/lib/python3.8/site-packages/airflow/example_dags/example_complex.py
[2024-11-06T08:43:19.034+0000] {processor.py:839} INFO - DAG(s) dict_keys(['example_complex']) retrieved from /home/airflow/.local/lib/python3.8/site-packages/airflow/example_dags/example_complex.py
[2024-11-06T08:43:19.051+0000] {logging_mixin.py:154} INFO - [2024-11-06T08:43:19.051+0000] {dag.py:2941} INFO - Sync 1 DAGs
[2024-11-06T08:43:19.059+0000] {logging_mixin.py:154} INFO - [2024-11-06T08:43:19.059+0000] {dag.py:3722} INFO - Setting next_dagrun for example_complex to None, run_after=None
[2024-11-06T08:43:19.078+0000] {processor.py:179} INFO - Processing /home/airflow/.local/lib/python3.8/site-packages/airflow/example_dags/example_complex.py took 0.067 seconds
[2024-11-06T08:43:49.486+0000] {processor.py:157} INFO - Started process (PID=105) to work on /home/airflow/.local/lib/python3.8/site-packages/airflow/example_dags/example_complex.py
[2024-11-06T08:43:49.487+0000] {processor.py:829} INFO - Processing file /home/airflow/.local/lib/python3.8/site-packages/airflow/example_dags/example_complex.py for tasks to queue
[2024-11-06T08:43:49.488+0000] {logging_mixin.py:154} INFO - [2024-11-06T08:43:49.488+0000] {dagbag.py:536} INFO - Filling up the DagBag from /home/airflow/.local/lib/python3.8/site-packages/airflow/example_dags/example_complex.py
[2024-11-06T08:43:49.493+0000] {processor.py:839} INFO - DAG(s) dict_keys(['example_complex']) retrieved from /home/airflow/.local/lib/python3.8/site-packages/airflow/example_dags/example_complex.py
[2024-11-06T08:43:49.507+0000] {logging_mixin.py:154} INFO - [2024-11-06T08:43:49.506+0000] {dag.py:2941} INFO - Sync 1 DAGs
[2024-11-06T08:43:49.512+0000] {logging_mixin.py:154} INFO - [2024-11-06T08:43:49.512+0000] {dag.py:3722} INFO - Setting next_dagrun for example_complex to None, run_after=None
[2024-11-06T08:43:49.524+0000] {processor.py:179} INFO - Processing /home/airflow/.local/lib/python3.8/site-packages/airflow/example_dags/example_complex.py took 0.041 seconds
[2024-11-06T08:44:19.891+0000] {processor.py:157} INFO - Started process (PID=159) to work on /home/airflow/.local/lib/python3.8/site-packages/airflow/example_dags/example_complex.py
[2024-11-06T08:44:19.892+0000] {processor.py:829} INFO - Processing file /home/airflow/.local/lib/python3.8/site-packages/airflow/example_dags/example_complex.py for tasks to queue
[2024-11-06T08:44:19.893+0000] {logging_mixin.py:154} INFO - [2024-11-06T08:44:19.893+0000] {dagbag.py:536} INFO - Filling up the DagBag from /home/airflow/.local/lib/python3.8/site-packages/airflow/example_dags/example_complex.py
[2024-11-06T08:44:19.898+0000] {processor.py:839} INFO - DAG(s) dict_keys(['example_complex']) retrieved from /home/airflow/.local/lib/python3.8/site-packages/airflow/example_dags/example_complex.py
[2024-11-06T08:44:19.912+0000] {logging_mixin.py:154} INFO - [2024-11-06T08:44:19.912+0000] {dag.py:2941} INFO - Sync 1 DAGs
[2024-11-06T08:44:19.921+0000] {logging_mixin.py:154} INFO - [2024-11-06T08:44:19.921+0000] {dag.py:3722} INFO - Setting next_dagrun for example_complex to None, run_after=None
[2024-11-06T08:44:19.931+0000] {processor.py:179} INFO - Processing /home/airflow/.local/lib/python3.8/site-packages/airflow/example_dags/example_complex.py took 0.042 seconds
[2024-11-06T08:44:50.268+0000] {processor.py:157} INFO - Started process (PID=213) to work on /home/airflow/.local/lib/python3.8/site-packages/airflow/example_dags/example_complex.py
[2024-11-06T08:44:50.269+0000] {processor.py:829} INFO - Processing file /home/airflow/.local/lib/python3.8/site-packages/airflow/example_dags/example_complex.py for tasks to queue
[2024-11-06T08:44:50.270+0000] {logging_mixin.py:154} INFO - [2024-11-06T08:44:50.269+0000] {dagbag.py:536} INFO - Filling up the DagBag from /home/airflow/.local/lib/python3.8/site-packages/airflow/example_dags/example_complex.py
[2024-11-06T08:44:50.274+0000] {processor.py:839} INFO - DAG(s) dict_keys(['example_complex']) retrieved from /home/airflow/.local/lib/python3.8/site-packages/airflow/example_dags/example_complex.py
[2024-11-06T08:44:50.289+0000] {logging_mixin.py:154} INFO - [2024-11-06T08:44:50.289+0000] {dag.py:2941} INFO - Sync 1 DAGs
[2024-11-06T08:44:50.296+0000] {logging_mixin.py:154} INFO - [2024-11-06T08:44:50.296+0000] {dag.py:3722} INFO - Setting next_dagrun for example_complex to None, run_after=None
[2024-11-06T08:44:50.308+0000] {processor.py:179} INFO - Processing /home/airflow/.local/lib/python3.8/site-packages/airflow/example_dags/example_complex.py took 0.042 seconds
[2024-11-06T08:45:20.637+0000] {processor.py:157} INFO - Started process (PID=267) to work on /home/airflow/.local/lib/python3.8/site-packages/airflow/example_dags/example_complex.py
[2024-11-06T08:45:20.638+0000] {processor.py:829} INFO - Processing file /home/airflow/.local/lib/python3.8/site-packages/airflow/example_dags/example_complex.py for tasks to queue
[2024-11-06T08:45:20.639+0000] {logging_mixin.py:154} INFO - [2024-11-06T08:45:20.639+0000] {dagbag.py:536} INFO - Filling up the DagBag from /home/airflow/.local/lib/python3.8/site-packages/airflow/example_dags/example_complex.py
[2024-11-06T08:45:20.644+0000] {processor.py:839} INFO - DAG(s) dict_keys(['example_complex']) retrieved from /home/airflow/.local/lib/python3.8/site-packages/airflow/example_dags/example_complex.py
[2024-11-06T08:45:20.656+0000] {logging_mixin.py:154} INFO - [2024-11-06T08:45:20.656+0000] {dag.py:2941} INFO - Sync 1 DAGs
[2024-11-06T08:45:20.661+0000] {logging_mixin.py:154} INFO - [2024-11-06T08:45:20.661+0000] {dag.py:3722} INFO - Setting next_dagrun for example_complex to None, run_after=None
[2024-11-06T08:45:20.669+0000] {processor.py:179} INFO - Processing /home/airflow/.local/lib/python3.8/site-packages/airflow/example_dags/example_complex.py took 0.033 seconds
[2024-11-06T08:45:51.052+0000] {processor.py:157} INFO - Started process (PID=321) to work on /home/airflow/.local/lib/python3.8/site-packages/airflow/example_dags/example_complex.py
[2024-11-06T08:45:51.053+0000] {processor.py:829} INFO - Processing file /home/airflow/.local/lib/python3.8/site-packages/airflow/example_dags/example_complex.py for tasks to queue
[2024-11-06T08:45:51.054+0000] {logging_mixin.py:154} INFO - [2024-11-06T08:45:51.053+0000] {dagbag.py:536} INFO - Filling up the DagBag from /home/airflow/.local/lib/python3.8/site-packages/airflow/example_dags/example_complex.py
[2024-11-06T08:45:51.059+0000] {processor.py:839} INFO - DAG(s) dict_keys(['example_complex']) retrieved from /home/airflow/.local/lib/python3.8/site-packages/airflow/example_dags/example_complex.py
[2024-11-06T08:45:51.072+0000] {logging_mixin.py:154} INFO - [2024-11-06T08:45:51.072+0000] {dag.py:2941} INFO - Sync 1 DAGs
[2024-11-06T08:45:51.077+0000] {logging_mixin.py:154} INFO - [2024-11-06T08:45:51.077+0000] {dag.py:3722} INFO - Setting next_dagrun for example_complex to None, run_after=None
[2024-11-06T08:45:51.084+0000] {processor.py:179} INFO - Processing /home/airflow/.local/lib/python3.8/site-packages/airflow/example_dags/example_complex.py took 0.034 seconds
[2024-11-06T08:46:21.380+0000] {processor.py:157} INFO - Started process (PID=375) to work on /home/airflow/.local/lib/python3.8/site-packages/airflow/example_dags/example_complex.py
[2024-11-06T08:46:21.380+0000] {processor.py:829} INFO - Processing file /home/airflow/.local/lib/python3.8/site-packages/airflow/example_dags/example_complex.py for tasks to queue
[2024-11-06T08:46:21.381+0000] {logging_mixin.py:154} INFO - [2024-11-06T08:46:21.381+0000] {dagbag.py:536} INFO - Filling up the DagBag from /home/airflow/.local/lib/python3.8/site-packages/airflow/example_dags/example_complex.py
[2024-11-06T08:46:21.385+0000] {processor.py:839} INFO - DAG(s) dict_keys(['example_complex']) retrieved from /home/airflow/.local/lib/python3.8/site-packages/airflow/example_dags/example_complex.py
[2024-11-06T08:46:21.398+0000] {logging_mixin.py:154} INFO - [2024-11-06T08:46:21.397+0000] {dag.py:2941} INFO - Sync 1 DAGs
[2024-11-06T08:46:21.402+0000] {logging_mixin.py:154} INFO - [2024-11-06T08:46:21.402+0000] {dag.py:3722} INFO - Setting next_dagrun for example_complex to None, run_after=None
[2024-11-06T08:46:21.409+0000] {processor.py:179} INFO - Processing /home/airflow/.local/lib/python3.8/site-packages/airflow/example_dags/example_complex.py took 0.031 seconds
[2024-11-06T08:46:52.110+0000] {processor.py:157} INFO - Started process (PID=429) to work on /home/airflow/.local/lib/python3.8/site-packages/airflow/example_dags/example_complex.py
[2024-11-06T08:46:52.110+0000] {processor.py:829} INFO - Processing file /home/airflow/.local/lib/python3.8/site-packages/airflow/example_dags/example_complex.py for tasks to queue
[2024-11-06T08:46:52.111+0000] {logging_mixin.py:154} INFO - [2024-11-06T08:46:52.111+0000] {dagbag.py:536} INFO - Filling up the DagBag from /home/airflow/.local/lib/python3.8/site-packages/airflow/example_dags/example_complex.py
[2024-11-06T08:46:52.119+0000] {processor.py:839} INFO - DAG(s) dict_keys(['example_complex']) retrieved from /home/airflow/.local/lib/python3.8/site-packages/airflow/example_dags/example_complex.py
[2024-11-06T08:46:52.139+0000] {logging_mixin.py:154} INFO - [2024-11-06T08:46:52.139+0000] {dag.py:2941} INFO - Sync 1 DAGs
[2024-11-06T08:46:52.145+0000] {logging_mixin.py:154} INFO - [2024-11-06T08:46:52.145+0000] {dag.py:3722} INFO - Setting next_dagrun for example_complex to None, run_after=None
[2024-11-06T08:46:52.163+0000] {processor.py:179} INFO - Processing /home/airflow/.local/lib/python3.8/site-packages/airflow/example_dags/example_complex.py took 0.055 seconds
[2024-11-06T08:47:22.649+0000] {processor.py:157} INFO - Started process (PID=483) to work on /home/airflow/.local/lib/python3.8/site-packages/airflow/example_dags/example_complex.py
[2024-11-06T08:47:22.650+0000] {processor.py:829} INFO - Processing file /home/airflow/.local/lib/python3.8/site-packages/airflow/example_dags/example_complex.py for tasks to queue
[2024-11-06T08:47:22.650+0000] {logging_mixin.py:154} INFO - [2024-11-06T08:47:22.650+0000] {dagbag.py:536} INFO - Filling up the DagBag from /home/airflow/.local/lib/python3.8/site-packages/airflow/example_dags/example_complex.py
[2024-11-06T08:47:22.655+0000] {processor.py:839} INFO - DAG(s) dict_keys(['example_complex']) retrieved from /home/airflow/.local/lib/python3.8/site-packages/airflow/example_dags/example_complex.py
[2024-11-06T08:47:22.667+0000] {logging_mixin.py:154} INFO - [2024-11-06T08:47:22.667+0000] {dag.py:2941} INFO - Sync 1 DAGs
[2024-11-06T08:47:22.672+0000] {logging_mixin.py:154} INFO - [2024-11-06T08:47:22.671+0000] {dag.py:3722} INFO - Setting next_dagrun for example_complex to None, run_after=None
[2024-11-06T08:47:22.679+0000] {processor.py:179} INFO - Processing /home/airflow/.local/lib/python3.8/site-packages/airflow/example_dags/example_complex.py took 0.031 seconds
[2024-11-06T08:47:52.985+0000] {processor.py:157} INFO - Started process (PID=545) to work on /home/airflow/.local/lib/python3.8/site-packages/airflow/example_dags/example_complex.py
[2024-11-06T08:47:52.985+0000] {processor.py:829} INFO - Processing file /home/airflow/.local/lib/python3.8/site-packages/airflow/example_dags/example_complex.py for tasks to queue
[2024-11-06T08:47:52.986+0000] {logging_mixin.py:154} INFO - [2024-11-06T08:47:52.986+0000] {dagbag.py:536} INFO - Filling up the DagBag from /home/airflow/.local/lib/python3.8/site-packages/airflow/example_dags/example_complex.py
[2024-11-06T08:47:52.991+0000] {processor.py:839} INFO - DAG(s) dict_keys(['example_complex']) retrieved from /home/airflow/.local/lib/python3.8/site-packages/airflow/example_dags/example_complex.py
[2024-11-06T08:47:53.003+0000] {logging_mixin.py:154} INFO - [2024-11-06T08:47:53.003+0000] {dag.py:2941} INFO - Sync 1 DAGs
[2024-11-06T08:47:53.009+0000] {logging_mixin.py:154} INFO - [2024-11-06T08:47:53.009+0000] {dag.py:3722} INFO - Setting next_dagrun for example_complex to None, run_after=None
[2024-11-06T08:47:53.016+0000] {processor.py:179} INFO - Processing /home/airflow/.local/lib/python3.8/site-packages/airflow/example_dags/example_complex.py took 0.033 seconds
[2024-11-06T08:48:23.360+0000] {processor.py:157} INFO - Started process (PID=599) to work on /home/airflow/.local/lib/python3.8/site-packages/airflow/example_dags/example_complex.py
[2024-11-06T08:48:23.360+0000] {processor.py:829} INFO - Processing file /home/airflow/.local/lib/python3.8/site-packages/airflow/example_dags/example_complex.py for tasks to queue
[2024-11-06T08:48:23.361+0000] {logging_mixin.py:154} INFO - [2024-11-06T08:48:23.361+0000] {dagbag.py:536} INFO - Filling up the DagBag from /home/airflow/.local/lib/python3.8/site-packages/airflow/example_dags/example_complex.py
[2024-11-06T08:48:23.366+0000] {processor.py:839} INFO - DAG(s) dict_keys(['example_complex']) retrieved from /home/airflow/.local/lib/python3.8/site-packages/airflow/example_dags/example_complex.py
[2024-11-06T08:48:23.379+0000] {logging_mixin.py:154} INFO - [2024-11-06T08:48:23.378+0000] {dag.py:2941} INFO - Sync 1 DAGs
[2024-11-06T08:48:23.383+0000] {logging_mixin.py:154} INFO - [2024-11-06T08:48:23.383+0000] {dag.py:3722} INFO - Setting next_dagrun for example_complex to None, run_after=None
[2024-11-06T08:48:23.392+0000] {processor.py:179} INFO - Processing /home/airflow/.local/lib/python3.8/site-packages/airflow/example_dags/example_complex.py took 0.034 seconds
[2024-11-06T08:48:53.689+0000] {processor.py:157} INFO - Started process (PID=653) to work on /home/airflow/.local/lib/python3.8/site-packages/airflow/example_dags/example_complex.py
[2024-11-06T08:48:53.691+0000] {processor.py:829} INFO - Processing file /home/airflow/.local/lib/python3.8/site-packages/airflow/example_dags/example_complex.py for tasks to queue
[2024-11-06T08:48:53.692+0000] {logging_mixin.py:154} INFO - [2024-11-06T08:48:53.692+0000] {dagbag.py:536} INFO - Filling up the DagBag from /home/airflow/.local/lib/python3.8/site-packages/airflow/example_dags/example_complex.py
[2024-11-06T08:48:53.697+0000] {processor.py:839} INFO - DAG(s) dict_keys(['example_complex']) retrieved from /home/airflow/.local/lib/python3.8/site-packages/airflow/example_dags/example_complex.py
[2024-11-06T08:48:53.710+0000] {logging_mixin.py:154} INFO - [2024-11-06T08:48:53.709+0000] {dag.py:2941} INFO - Sync 1 DAGs
[2024-11-06T08:48:53.714+0000] {logging_mixin.py:154} INFO - [2024-11-06T08:48:53.714+0000] {dag.py:3722} INFO - Setting next_dagrun for example_complex to None, run_after=None
[2024-11-06T08:48:53.724+0000] {processor.py:179} INFO - Processing /home/airflow/.local/lib/python3.8/site-packages/airflow/example_dags/example_complex.py took 0.037 seconds
[2024-11-06T08:49:23.949+0000] {processor.py:157} INFO - Started process (PID=707) to work on /home/airflow/.local/lib/python3.8/site-packages/airflow/example_dags/example_complex.py
[2024-11-06T08:49:23.950+0000] {processor.py:829} INFO - Processing file /home/airflow/.local/lib/python3.8/site-packages/airflow/example_dags/example_complex.py for tasks to queue
[2024-11-06T08:49:23.951+0000] {logging_mixin.py:154} INFO - [2024-11-06T08:49:23.950+0000] {dagbag.py:536} INFO - Filling up the DagBag from /home/airflow/.local/lib/python3.8/site-packages/airflow/example_dags/example_complex.py
[2024-11-06T08:49:23.956+0000] {processor.py:839} INFO - DAG(s) dict_keys(['example_complex']) retrieved from /home/airflow/.local/lib/python3.8/site-packages/airflow/example_dags/example_complex.py
[2024-11-06T08:49:23.969+0000] {logging_mixin.py:154} INFO - [2024-11-06T08:49:23.969+0000] {dag.py:2941} INFO - Sync 1 DAGs
[2024-11-06T08:49:23.974+0000] {logging_mixin.py:154} INFO - [2024-11-06T08:49:23.974+0000] {dag.py:3722} INFO - Setting next_dagrun for example_complex to None, run_after=None
[2024-11-06T08:49:23.981+0000] {processor.py:179} INFO - Processing /home/airflow/.local/lib/python3.8/site-packages/airflow/example_dags/example_complex.py took 0.033 seconds
[2024-11-06T08:49:54.176+0000] {processor.py:157} INFO - Started process (PID=760) to work on /home/airflow/.local/lib/python3.8/site-packages/airflow/example_dags/example_complex.py
[2024-11-06T08:49:54.177+0000] {processor.py:829} INFO - Processing file /home/airflow/.local/lib/python3.8/site-packages/airflow/example_dags/example_complex.py for tasks to queue
[2024-11-06T08:49:54.178+0000] {logging_mixin.py:154} INFO - [2024-11-06T08:49:54.177+0000] {dagbag.py:536} INFO - Filling up the DagBag from /home/airflow/.local/lib/python3.8/site-packages/airflow/example_dags/example_complex.py
[2024-11-06T08:49:54.182+0000] {processor.py:839} INFO - DAG(s) dict_keys(['example_complex']) retrieved from /home/airflow/.local/lib/python3.8/site-packages/airflow/example_dags/example_complex.py
[2024-11-06T08:49:54.195+0000] {logging_mixin.py:154} INFO - [2024-11-06T08:49:54.194+0000] {dag.py:2941} INFO - Sync 1 DAGs
[2024-11-06T08:49:54.199+0000] {logging_mixin.py:154} INFO - [2024-11-06T08:49:54.199+0000] {dag.py:3722} INFO - Setting next_dagrun for example_complex to None, run_after=None
[2024-11-06T08:49:54.206+0000] {processor.py:179} INFO - Processing /home/airflow/.local/lib/python3.8/site-packages/airflow/example_dags/example_complex.py took 0.031 seconds
[2024-11-06T08:50:24.402+0000] {processor.py:157} INFO - Started process (PID=814) to work on /home/airflow/.local/lib/python3.8/site-packages/airflow/example_dags/example_complex.py
[2024-11-06T08:50:24.402+0000] {processor.py:829} INFO - Processing file /home/airflow/.local/lib/python3.8/site-packages/airflow/example_dags/example_complex.py for tasks to queue
[2024-11-06T08:50:24.403+0000] {logging_mixin.py:154} INFO - [2024-11-06T08:50:24.403+0000] {dagbag.py:536} INFO - Filling up the DagBag from /home/airflow/.local/lib/python3.8/site-packages/airflow/example_dags/example_complex.py
[2024-11-06T08:50:24.407+0000] {processor.py:839} INFO - DAG(s) dict_keys(['example_complex']) retrieved from /home/airflow/.local/lib/python3.8/site-packages/airflow/example_dags/example_complex.py
[2024-11-06T08:50:24.420+0000] {logging_mixin.py:154} INFO - [2024-11-06T08:50:24.420+0000] {dag.py:2941} INFO - Sync 1 DAGs
[2024-11-06T08:50:24.425+0000] {logging_mixin.py:154} INFO - [2024-11-06T08:50:24.425+0000] {dag.py:3722} INFO - Setting next_dagrun for example_complex to None, run_after=None
[2024-11-06T08:50:24.432+0000] {processor.py:179} INFO - Processing /home/airflow/.local/lib/python3.8/site-packages/airflow/example_dags/example_complex.py took 0.032 seconds
[2024-11-06T08:50:54.668+0000] {processor.py:157} INFO - Started process (PID=868) to work on /home/airflow/.local/lib/python3.8/site-packages/airflow/example_dags/example_complex.py
[2024-11-06T08:50:54.672+0000] {processor.py:829} INFO - Processing file /home/airflow/.local/lib/python3.8/site-packages/airflow/example_dags/example_complex.py for tasks to queue
[2024-11-06T08:50:54.675+0000] {logging_mixin.py:154} INFO - [2024-11-06T08:50:54.674+0000] {dagbag.py:536} INFO - Filling up the DagBag from /home/airflow/.local/lib/python3.8/site-packages/airflow/example_dags/example_complex.py
[2024-11-06T08:50:54.680+0000] {processor.py:839} INFO - DAG(s) dict_keys(['example_complex']) retrieved from /home/airflow/.local/lib/python3.8/site-packages/airflow/example_dags/example_complex.py
[2024-11-06T08:50:54.694+0000] {logging_mixin.py:154} INFO - [2024-11-06T08:50:54.693+0000] {dag.py:2941} INFO - Sync 1 DAGs
[2024-11-06T08:50:54.700+0000] {logging_mixin.py:154} INFO - [2024-11-06T08:50:54.699+0000] {dag.py:3722} INFO - Setting next_dagrun for example_complex to None, run_after=None
[2024-11-06T08:50:54.708+0000] {processor.py:179} INFO - Processing /home/airflow/.local/lib/python3.8/site-packages/airflow/example_dags/example_complex.py took 0.041 seconds
[2024-11-06T08:51:24.978+0000] {processor.py:157} INFO - Started process (PID=922) to work on /home/airflow/.local/lib/python3.8/site-packages/airflow/example_dags/example_complex.py
[2024-11-06T08:51:24.978+0000] {processor.py:829} INFO - Processing file /home/airflow/.local/lib/python3.8/site-packages/airflow/example_dags/example_complex.py for tasks to queue
[2024-11-06T08:51:24.979+0000] {logging_mixin.py:154} INFO - [2024-11-06T08:51:24.979+0000] {dagbag.py:536} INFO - Filling up the DagBag from /home/airflow/.local/lib/python3.8/site-packages/airflow/example_dags/example_complex.py
[2024-11-06T08:51:24.983+0000] {processor.py:839} INFO - DAG(s) dict_keys(['example_complex']) retrieved from /home/airflow/.local/lib/python3.8/site-packages/airflow/example_dags/example_complex.py
[2024-11-06T08:51:24.996+0000] {logging_mixin.py:154} INFO - [2024-11-06T08:51:24.996+0000] {dag.py:2941} INFO - Sync 1 DAGs
[2024-11-06T08:51:25.001+0000] {logging_mixin.py:154} INFO - [2024-11-06T08:51:25.001+0000] {dag.py:3722} INFO - Setting next_dagrun for example_complex to None, run_after=None
[2024-11-06T08:51:25.007+0000] {processor.py:179} INFO - Processing /home/airflow/.local/lib/python3.8/site-packages/airflow/example_dags/example_complex.py took 0.031 seconds
[2024-11-06T08:51:55.338+0000] {processor.py:157} INFO - Started process (PID=976) to work on /home/airflow/.local/lib/python3.8/site-packages/airflow/example_dags/example_complex.py
[2024-11-06T08:51:55.340+0000] {processor.py:829} INFO - Processing file /home/airflow/.local/lib/python3.8/site-packages/airflow/example_dags/example_complex.py for tasks to queue
[2024-11-06T08:51:55.341+0000] {logging_mixin.py:154} INFO - [2024-11-06T08:51:55.341+0000] {dagbag.py:536} INFO - Filling up the DagBag from /home/airflow/.local/lib/python3.8/site-packages/airflow/example_dags/example_complex.py
[2024-11-06T08:51:55.348+0000] {processor.py:839} INFO - DAG(s) dict_keys(['example_complex']) retrieved from /home/airflow/.local/lib/python3.8/site-packages/airflow/example_dags/example_complex.py
[2024-11-06T08:51:55.361+0000] {logging_mixin.py:154} INFO - [2024-11-06T08:51:55.360+0000] {dag.py:2941} INFO - Sync 1 DAGs
[2024-11-06T08:51:55.366+0000] {logging_mixin.py:154} INFO - [2024-11-06T08:51:55.366+0000] {dag.py:3722} INFO - Setting next_dagrun for example_complex to None, run_after=None
[2024-11-06T08:51:55.374+0000] {processor.py:179} INFO - Processing /home/airflow/.local/lib/python3.8/site-packages/airflow/example_dags/example_complex.py took 0.038 seconds
[2024-11-06T08:52:25.726+0000] {processor.py:157} INFO - Started process (PID=1030) to work on /home/airflow/.local/lib/python3.8/site-packages/airflow/example_dags/example_complex.py
[2024-11-06T08:52:25.726+0000] {processor.py:829} INFO - Processing file /home/airflow/.local/lib/python3.8/site-packages/airflow/example_dags/example_complex.py for tasks to queue
[2024-11-06T08:52:25.728+0000] {logging_mixin.py:154} INFO - [2024-11-06T08:52:25.728+0000] {dagbag.py:536} INFO - Filling up the DagBag from /home/airflow/.local/lib/python3.8/site-packages/airflow/example_dags/example_complex.py
[2024-11-06T08:52:25.732+0000] {processor.py:839} INFO - DAG(s) dict_keys(['example_complex']) retrieved from /home/airflow/.local/lib/python3.8/site-packages/airflow/example_dags/example_complex.py
[2024-11-06T08:52:25.745+0000] {logging_mixin.py:154} INFO - [2024-11-06T08:52:25.745+0000] {dag.py:2941} INFO - Sync 1 DAGs
[2024-11-06T08:52:25.749+0000] {logging_mixin.py:154} INFO - [2024-11-06T08:52:25.749+0000] {dag.py:3722} INFO - Setting next_dagrun for example_complex to None, run_after=None
[2024-11-06T08:52:25.756+0000] {processor.py:179} INFO - Processing /home/airflow/.local/lib/python3.8/site-packages/airflow/example_dags/example_complex.py took 0.031 seconds
[2024-11-06T08:52:55.949+0000] {processor.py:157} INFO - Started process (PID=1084) to work on /home/airflow/.local/lib/python3.8/site-packages/airflow/example_dags/example_complex.py
[2024-11-06T08:52:55.949+0000] {processor.py:829} INFO - Processing file /home/airflow/.local/lib/python3.8/site-packages/airflow/example_dags/example_complex.py for tasks to queue
[2024-11-06T08:52:55.950+0000] {logging_mixin.py:154} INFO - [2024-11-06T08:52:55.950+0000] {dagbag.py:536} INFO - Filling up the DagBag from /home/airflow/.local/lib/python3.8/site-packages/airflow/example_dags/example_complex.py
[2024-11-06T08:52:55.955+0000] {processor.py:839} INFO - DAG(s) dict_keys(['example_complex']) retrieved from /home/airflow/.local/lib/python3.8/site-packages/airflow/example_dags/example_complex.py
[2024-11-06T08:52:55.969+0000] {logging_mixin.py:154} INFO - [2024-11-06T08:52:55.969+0000] {dag.py:2941} INFO - Sync 1 DAGs
[2024-11-06T08:52:55.974+0000] {logging_mixin.py:154} INFO - [2024-11-06T08:52:55.974+0000] {dag.py:3722} INFO - Setting next_dagrun for example_complex to None, run_after=None
[2024-11-06T08:52:55.982+0000] {processor.py:179} INFO - Processing /home/airflow/.local/lib/python3.8/site-packages/airflow/example_dags/example_complex.py took 0.034 seconds
[2024-11-06T08:53:26.610+0000] {processor.py:157} INFO - Started process (PID=1138) to work on /home/airflow/.local/lib/python3.8/site-packages/airflow/example_dags/example_complex.py
[2024-11-06T08:53:26.612+0000] {processor.py:829} INFO - Processing file /home/airflow/.local/lib/python3.8/site-packages/airflow/example_dags/example_complex.py for tasks to queue
[2024-11-06T08:53:26.613+0000] {logging_mixin.py:154} INFO - [2024-11-06T08:53:26.613+0000] {dagbag.py:536} INFO - Filling up the DagBag from /home/airflow/.local/lib/python3.8/site-packages/airflow/example_dags/example_complex.py
[2024-11-06T08:53:26.618+0000] {processor.py:839} INFO - DAG(s) dict_keys(['example_complex']) retrieved from /home/airflow/.local/lib/python3.8/site-packages/airflow/example_dags/example_complex.py
[2024-11-06T08:53:26.632+0000] {logging_mixin.py:154} INFO - [2024-11-06T08:53:26.632+0000] {dag.py:2941} INFO - Sync 1 DAGs
[2024-11-06T08:53:26.637+0000] {logging_mixin.py:154} INFO - [2024-11-06T08:53:26.637+0000] {dag.py:3722} INFO - Setting next_dagrun for example_complex to None, run_after=None
[2024-11-06T08:53:26.644+0000] {processor.py:179} INFO - Processing /home/airflow/.local/lib/python3.8/site-packages/airflow/example_dags/example_complex.py took 0.035 seconds
[2024-11-06T08:53:57.341+0000] {processor.py:157} INFO - Started process (PID=1192) to work on /home/airflow/.local/lib/python3.8/site-packages/airflow/example_dags/example_complex.py
[2024-11-06T08:53:57.341+0000] {processor.py:829} INFO - Processing file /home/airflow/.local/lib/python3.8/site-packages/airflow/example_dags/example_complex.py for tasks to queue
[2024-11-06T08:53:57.342+0000] {logging_mixin.py:154} INFO - [2024-11-06T08:53:57.342+0000] {dagbag.py:536} INFO - Filling up the DagBag from /home/airflow/.local/lib/python3.8/site-packages/airflow/example_dags/example_complex.py
[2024-11-06T08:53:57.347+0000] {processor.py:839} INFO - DAG(s) dict_keys(['example_complex']) retrieved from /home/airflow/.local/lib/python3.8/site-packages/airflow/example_dags/example_complex.py
[2024-11-06T08:53:57.361+0000] {logging_mixin.py:154} INFO - [2024-11-06T08:53:57.361+0000] {dag.py:2941} INFO - Sync 1 DAGs
[2024-11-06T08:53:57.366+0000] {logging_mixin.py:154} INFO - [2024-11-06T08:53:57.366+0000] {dag.py:3722} INFO - Setting next_dagrun for example_complex to None, run_after=None
[2024-11-06T08:53:57.372+0000] {processor.py:179} INFO - Processing /home/airflow/.local/lib/python3.8/site-packages/airflow/example_dags/example_complex.py took 0.033 seconds
[2024-11-06T08:54:27.684+0000] {processor.py:157} INFO - Started process (PID=1246) to work on /home/airflow/.local/lib/python3.8/site-packages/airflow/example_dags/example_complex.py
[2024-11-06T08:54:27.685+0000] {processor.py:829} INFO - Processing file /home/airflow/.local/lib/python3.8/site-packages/airflow/example_dags/example_complex.py for tasks to queue
[2024-11-06T08:54:27.686+0000] {logging_mixin.py:154} INFO - [2024-11-06T08:54:27.686+0000] {dagbag.py:536} INFO - Filling up the DagBag from /home/airflow/.local/lib/python3.8/site-packages/airflow/example_dags/example_complex.py
[2024-11-06T08:54:27.690+0000] {processor.py:839} INFO - DAG(s) dict_keys(['example_complex']) retrieved from /home/airflow/.local/lib/python3.8/site-packages/airflow/example_dags/example_complex.py
[2024-11-06T08:54:27.704+0000] {logging_mixin.py:154} INFO - [2024-11-06T08:54:27.704+0000] {dag.py:2941} INFO - Sync 1 DAGs
[2024-11-06T08:54:27.710+0000] {logging_mixin.py:154} INFO - [2024-11-06T08:54:27.710+0000] {dag.py:3722} INFO - Setting next_dagrun for example_complex to None, run_after=None
[2024-11-06T08:54:27.792+0000] {processor.py:179} INFO - Processing /home/airflow/.local/lib/python3.8/site-packages/airflow/example_dags/example_complex.py took 0.109 seconds
[2024-11-06T08:54:58.645+0000] {processor.py:157} INFO - Started process (PID=1300) to work on /home/airflow/.local/lib/python3.8/site-packages/airflow/example_dags/example_complex.py
[2024-11-06T08:54:58.645+0000] {processor.py:829} INFO - Processing file /home/airflow/.local/lib/python3.8/site-packages/airflow/example_dags/example_complex.py for tasks to queue
[2024-11-06T08:54:58.649+0000] {logging_mixin.py:154} INFO - [2024-11-06T08:54:58.649+0000] {dagbag.py:536} INFO - Filling up the DagBag from /home/airflow/.local/lib/python3.8/site-packages/airflow/example_dags/example_complex.py
[2024-11-06T08:54:58.654+0000] {processor.py:839} INFO - DAG(s) dict_keys(['example_complex']) retrieved from /home/airflow/.local/lib/python3.8/site-packages/airflow/example_dags/example_complex.py
[2024-11-06T08:54:58.667+0000] {logging_mixin.py:154} INFO - [2024-11-06T08:54:58.667+0000] {dag.py:2941} INFO - Sync 1 DAGs
[2024-11-06T08:54:58.673+0000] {logging_mixin.py:154} INFO - [2024-11-06T08:54:58.673+0000] {dag.py:3722} INFO - Setting next_dagrun for example_complex to None, run_after=None
[2024-11-06T08:54:58.683+0000] {processor.py:179} INFO - Processing /home/airflow/.local/lib/python3.8/site-packages/airflow/example_dags/example_complex.py took 0.039 seconds
[2024-11-06T08:55:29.462+0000] {processor.py:157} INFO - Started process (PID=1354) to work on /home/airflow/.local/lib/python3.8/site-packages/airflow/example_dags/example_complex.py
[2024-11-06T08:55:29.463+0000] {processor.py:829} INFO - Processing file /home/airflow/.local/lib/python3.8/site-packages/airflow/example_dags/example_complex.py for tasks to queue
[2024-11-06T08:55:29.464+0000] {logging_mixin.py:154} INFO - [2024-11-06T08:55:29.464+0000] {dagbag.py:536} INFO - Filling up the DagBag from /home/airflow/.local/lib/python3.8/site-packages/airflow/example_dags/example_complex.py
[2024-11-06T08:55:29.469+0000] {processor.py:839} INFO - DAG(s) dict_keys(['example_complex']) retrieved from /home/airflow/.local/lib/python3.8/site-packages/airflow/example_dags/example_complex.py
[2024-11-06T08:55:29.482+0000] {logging_mixin.py:154} INFO - [2024-11-06T08:55:29.482+0000] {dag.py:2941} INFO - Sync 1 DAGs
[2024-11-06T08:55:29.488+0000] {logging_mixin.py:154} INFO - [2024-11-06T08:55:29.488+0000] {dag.py:3722} INFO - Setting next_dagrun for example_complex to None, run_after=None
[2024-11-06T08:55:29.497+0000] {processor.py:179} INFO - Processing /home/airflow/.local/lib/python3.8/site-packages/airflow/example_dags/example_complex.py took 0.036 seconds
[2024-11-06T08:55:59.889+0000] {processor.py:157} INFO - Started process (PID=1408) to work on /home/airflow/.local/lib/python3.8/site-packages/airflow/example_dags/example_complex.py
[2024-11-06T08:55:59.890+0000] {processor.py:829} INFO - Processing file /home/airflow/.local/lib/python3.8/site-packages/airflow/example_dags/example_complex.py for tasks to queue
[2024-11-06T08:55:59.891+0000] {logging_mixin.py:154} INFO - [2024-11-06T08:55:59.890+0000] {dagbag.py:536} INFO - Filling up the DagBag from /home/airflow/.local/lib/python3.8/site-packages/airflow/example_dags/example_complex.py
[2024-11-06T08:55:59.895+0000] {processor.py:839} INFO - DAG(s) dict_keys(['example_complex']) retrieved from /home/airflow/.local/lib/python3.8/site-packages/airflow/example_dags/example_complex.py
[2024-11-06T08:55:59.909+0000] {logging_mixin.py:154} INFO - [2024-11-06T08:55:59.909+0000] {dag.py:2941} INFO - Sync 1 DAGs
[2024-11-06T08:55:59.914+0000] {logging_mixin.py:154} INFO - [2024-11-06T08:55:59.914+0000] {dag.py:3722} INFO - Setting next_dagrun for example_complex to None, run_after=None
[2024-11-06T08:55:59.998+0000] {processor.py:179} INFO - Processing /home/airflow/.local/lib/python3.8/site-packages/airflow/example_dags/example_complex.py took 0.111 seconds
[2024-11-06T08:56:30.363+0000] {processor.py:157} INFO - Started process (PID=1462) to work on /home/airflow/.local/lib/python3.8/site-packages/airflow/example_dags/example_complex.py
[2024-11-06T08:56:30.363+0000] {processor.py:829} INFO - Processing file /home/airflow/.local/lib/python3.8/site-packages/airflow/example_dags/example_complex.py for tasks to queue
[2024-11-06T08:56:30.367+0000] {logging_mixin.py:154} INFO - [2024-11-06T08:56:30.367+0000] {dagbag.py:536} INFO - Filling up the DagBag from /home/airflow/.local/lib/python3.8/site-packages/airflow/example_dags/example_complex.py
[2024-11-06T08:56:30.372+0000] {processor.py:839} INFO - DAG(s) dict_keys(['example_complex']) retrieved from /home/airflow/.local/lib/python3.8/site-packages/airflow/example_dags/example_complex.py
[2024-11-06T08:56:30.388+0000] {logging_mixin.py:154} INFO - [2024-11-06T08:56:30.387+0000] {dag.py:2941} INFO - Sync 1 DAGs
[2024-11-06T08:56:30.393+0000] {logging_mixin.py:154} INFO - [2024-11-06T08:56:30.393+0000] {dag.py:3722} INFO - Setting next_dagrun for example_complex to None, run_after=None
[2024-11-06T08:56:30.400+0000] {processor.py:179} INFO - Processing /home/airflow/.local/lib/python3.8/site-packages/airflow/example_dags/example_complex.py took 0.039 seconds
[2024-11-06T08:57:01.179+0000] {processor.py:157} INFO - Started process (PID=1516) to work on /home/airflow/.local/lib/python3.8/site-packages/airflow/example_dags/example_complex.py
[2024-11-06T08:57:01.179+0000] {processor.py:829} INFO - Processing file /home/airflow/.local/lib/python3.8/site-packages/airflow/example_dags/example_complex.py for tasks to queue
[2024-11-06T08:57:01.180+0000] {logging_mixin.py:154} INFO - [2024-11-06T08:57:01.180+0000] {dagbag.py:536} INFO - Filling up the DagBag from /home/airflow/.local/lib/python3.8/site-packages/airflow/example_dags/example_complex.py
[2024-11-06T08:57:01.185+0000] {processor.py:839} INFO - DAG(s) dict_keys(['example_complex']) retrieved from /home/airflow/.local/lib/python3.8/site-packages/airflow/example_dags/example_complex.py
[2024-11-06T08:57:01.273+0000] {logging_mixin.py:154} INFO - [2024-11-06T08:57:01.273+0000] {dag.py:2941} INFO - Sync 1 DAGs
[2024-11-06T08:57:01.278+0000] {logging_mixin.py:154} INFO - [2024-11-06T08:57:01.278+0000] {dag.py:3722} INFO - Setting next_dagrun for example_complex to None, run_after=None
[2024-11-06T08:57:01.284+0000] {processor.py:179} INFO - Processing /home/airflow/.local/lib/python3.8/site-packages/airflow/example_dags/example_complex.py took 0.107 seconds
[2024-11-06T08:57:31.324+0000] {processor.py:157} INFO - Started process (PID=1570) to work on /home/airflow/.local/lib/python3.8/site-packages/airflow/example_dags/example_complex.py
[2024-11-06T08:57:31.328+0000] {processor.py:829} INFO - Processing file /home/airflow/.local/lib/python3.8/site-packages/airflow/example_dags/example_complex.py for tasks to queue
[2024-11-06T08:57:31.329+0000] {logging_mixin.py:154} INFO - [2024-11-06T08:57:31.329+0000] {dagbag.py:536} INFO - Filling up the DagBag from /home/airflow/.local/lib/python3.8/site-packages/airflow/example_dags/example_complex.py
[2024-11-06T08:57:31.334+0000] {processor.py:839} INFO - DAG(s) dict_keys(['example_complex']) retrieved from /home/airflow/.local/lib/python3.8/site-packages/airflow/example_dags/example_complex.py
[2024-11-06T08:57:31.347+0000] {logging_mixin.py:154} INFO - [2024-11-06T08:57:31.347+0000] {dag.py:2941} INFO - Sync 1 DAGs
[2024-11-06T08:57:31.352+0000] {logging_mixin.py:154} INFO - [2024-11-06T08:57:31.352+0000] {dag.py:3722} INFO - Setting next_dagrun for example_complex to None, run_after=None
[2024-11-06T08:57:31.437+0000] {processor.py:179} INFO - Processing /home/airflow/.local/lib/python3.8/site-packages/airflow/example_dags/example_complex.py took 0.115 seconds
[2024-11-06T08:58:02.084+0000] {processor.py:157} INFO - Started process (PID=1623) to work on /home/airflow/.local/lib/python3.8/site-packages/airflow/example_dags/example_complex.py
[2024-11-06T08:58:02.084+0000] {processor.py:829} INFO - Processing file /home/airflow/.local/lib/python3.8/site-packages/airflow/example_dags/example_complex.py for tasks to queue
[2024-11-06T08:58:02.085+0000] {logging_mixin.py:154} INFO - [2024-11-06T08:58:02.085+0000] {dagbag.py:536} INFO - Filling up the DagBag from /home/airflow/.local/lib/python3.8/site-packages/airflow/example_dags/example_complex.py
[2024-11-06T08:58:02.090+0000] {processor.py:839} INFO - DAG(s) dict_keys(['example_complex']) retrieved from /home/airflow/.local/lib/python3.8/site-packages/airflow/example_dags/example_complex.py
[2024-11-06T08:58:02.102+0000] {logging_mixin.py:154} INFO - [2024-11-06T08:58:02.102+0000] {dag.py:2941} INFO - Sync 1 DAGs
[2024-11-06T08:58:02.107+0000] {logging_mixin.py:154} INFO - [2024-11-06T08:58:02.107+0000] {dag.py:3722} INFO - Setting next_dagrun for example_complex to None, run_after=None
[2024-11-06T08:58:02.117+0000] {processor.py:179} INFO - Processing /home/airflow/.local/lib/python3.8/site-packages/airflow/example_dags/example_complex.py took 0.035 seconds
[2024-11-06T08:58:32.797+0000] {processor.py:157} INFO - Started process (PID=1677) to work on /home/airflow/.local/lib/python3.8/site-packages/airflow/example_dags/example_complex.py
[2024-11-06T08:58:32.797+0000] {processor.py:829} INFO - Processing file /home/airflow/.local/lib/python3.8/site-packages/airflow/example_dags/example_complex.py for tasks to queue
[2024-11-06T08:58:32.798+0000] {logging_mixin.py:154} INFO - [2024-11-06T08:58:32.798+0000] {dagbag.py:536} INFO - Filling up the DagBag from /home/airflow/.local/lib/python3.8/site-packages/airflow/example_dags/example_complex.py
[2024-11-06T08:58:32.803+0000] {processor.py:839} INFO - DAG(s) dict_keys(['example_complex']) retrieved from /home/airflow/.local/lib/python3.8/site-packages/airflow/example_dags/example_complex.py
[2024-11-06T08:58:32.889+0000] {logging_mixin.py:154} INFO - [2024-11-06T08:58:32.889+0000] {dag.py:2941} INFO - Sync 1 DAGs
[2024-11-06T08:58:32.893+0000] {logging_mixin.py:154} INFO - [2024-11-06T08:58:32.893+0000] {dag.py:3722} INFO - Setting next_dagrun for example_complex to None, run_after=None
[2024-11-06T08:58:32.900+0000] {processor.py:179} INFO - Processing /home/airflow/.local/lib/python3.8/site-packages/airflow/example_dags/example_complex.py took 0.104 seconds
[2024-11-06T09:17:56.344+0000] {processor.py:157} INFO - Started process (PID=1722) to work on /home/airflow/.local/lib/python3.8/site-packages/airflow/example_dags/example_complex.py
[2024-11-06T09:17:56.345+0000] {processor.py:829} INFO - Processing file /home/airflow/.local/lib/python3.8/site-packages/airflow/example_dags/example_complex.py for tasks to queue
[2024-11-06T09:17:56.348+0000] {logging_mixin.py:154} INFO - [2024-11-06T09:17:56.348+0000] {dagbag.py:536} INFO - Filling up the DagBag from /home/airflow/.local/lib/python3.8/site-packages/airflow/example_dags/example_complex.py
[2024-11-06T09:17:56.354+0000] {processor.py:839} INFO - DAG(s) dict_keys(['example_complex']) retrieved from /home/airflow/.local/lib/python3.8/site-packages/airflow/example_dags/example_complex.py
[2024-11-06T09:17:56.370+0000] {logging_mixin.py:154} INFO - [2024-11-06T09:17:56.370+0000] {dag.py:2941} INFO - Sync 1 DAGs
[2024-11-06T09:17:56.380+0000] {logging_mixin.py:154} INFO - [2024-11-06T09:17:56.380+0000] {dag.py:3722} INFO - Setting next_dagrun for example_complex to None, run_after=None
[2024-11-06T09:17:56.393+0000] {processor.py:179} INFO - Processing /home/airflow/.local/lib/python3.8/site-packages/airflow/example_dags/example_complex.py took 0.050 seconds
[2024-11-06T09:29:43.311+0000] {processor.py:157} INFO - Started process (PID=1776) to work on /home/airflow/.local/lib/python3.8/site-packages/airflow/example_dags/example_complex.py
[2024-11-06T09:29:43.311+0000] {processor.py:829} INFO - Processing file /home/airflow/.local/lib/python3.8/site-packages/airflow/example_dags/example_complex.py for tasks to queue
[2024-11-06T09:29:43.314+0000] {logging_mixin.py:154} INFO - [2024-11-06T09:29:43.313+0000] {dagbag.py:536} INFO - Filling up the DagBag from /home/airflow/.local/lib/python3.8/site-packages/airflow/example_dags/example_complex.py
[2024-11-06T09:29:43.319+0000] {processor.py:839} INFO - DAG(s) dict_keys(['example_complex']) retrieved from /home/airflow/.local/lib/python3.8/site-packages/airflow/example_dags/example_complex.py
[2024-11-06T09:29:43.336+0000] {logging_mixin.py:154} INFO - [2024-11-06T09:29:43.336+0000] {dag.py:2941} INFO - Sync 1 DAGs
[2024-11-06T09:29:43.341+0000] {logging_mixin.py:154} INFO - [2024-11-06T09:29:43.341+0000] {dag.py:3722} INFO - Setting next_dagrun for example_complex to None, run_after=None
[2024-11-06T09:29:43.350+0000] {processor.py:179} INFO - Processing /home/airflow/.local/lib/python3.8/site-packages/airflow/example_dags/example_complex.py took 0.041 seconds
[2024-11-06T10:28:12.759+0000] {processor.py:157} INFO - Started process (PID=1830) to work on /home/airflow/.local/lib/python3.8/site-packages/airflow/example_dags/example_complex.py
[2024-11-06T10:28:12.759+0000] {processor.py:829} INFO - Processing file /home/airflow/.local/lib/python3.8/site-packages/airflow/example_dags/example_complex.py for tasks to queue
[2024-11-06T10:28:12.760+0000] {logging_mixin.py:154} INFO - [2024-11-06T10:28:12.760+0000] {dagbag.py:536} INFO - Filling up the DagBag from /home/airflow/.local/lib/python3.8/site-packages/airflow/example_dags/example_complex.py
[2024-11-06T10:28:12.766+0000] {processor.py:839} INFO - DAG(s) dict_keys(['example_complex']) retrieved from /home/airflow/.local/lib/python3.8/site-packages/airflow/example_dags/example_complex.py
[2024-11-06T10:28:12.780+0000] {logging_mixin.py:154} INFO - [2024-11-06T10:28:12.780+0000] {dag.py:2941} INFO - Sync 1 DAGs
[2024-11-06T10:28:12.785+0000] {logging_mixin.py:154} INFO - [2024-11-06T10:28:12.785+0000] {dag.py:3722} INFO - Setting next_dagrun for example_complex to None, run_after=None
[2024-11-06T10:28:12.794+0000] {processor.py:179} INFO - Processing /home/airflow/.local/lib/python3.8/site-packages/airflow/example_dags/example_complex.py took 0.036 seconds
[2024-11-06T11:31:02.852+0000] {processor.py:157} INFO - Started process (PID=1884) to work on /home/airflow/.local/lib/python3.8/site-packages/airflow/example_dags/example_complex.py
[2024-11-06T11:31:02.853+0000] {processor.py:829} INFO - Processing file /home/airflow/.local/lib/python3.8/site-packages/airflow/example_dags/example_complex.py for tasks to queue
[2024-11-06T11:31:02.855+0000] {logging_mixin.py:154} INFO - [2024-11-06T11:31:02.855+0000] {dagbag.py:536} INFO - Filling up the DagBag from /home/airflow/.local/lib/python3.8/site-packages/airflow/example_dags/example_complex.py
[2024-11-06T11:31:02.865+0000] {processor.py:839} INFO - DAG(s) dict_keys(['example_complex']) retrieved from /home/airflow/.local/lib/python3.8/site-packages/airflow/example_dags/example_complex.py
[2024-11-06T11:31:02.887+0000] {logging_mixin.py:154} INFO - [2024-11-06T11:31:02.887+0000] {dag.py:2941} INFO - Sync 1 DAGs
[2024-11-06T11:31:02.896+0000] {logging_mixin.py:154} INFO - [2024-11-06T11:31:02.896+0000] {dag.py:3722} INFO - Setting next_dagrun for example_complex to None, run_after=None
[2024-11-06T11:31:02.922+0000] {processor.py:179} INFO - Processing /home/airflow/.local/lib/python3.8/site-packages/airflow/example_dags/example_complex.py took 0.073 seconds
[2024-11-06T11:59:49.552+0000] {processor.py:157} INFO - Started process (PID=1938) to work on /home/airflow/.local/lib/python3.8/site-packages/airflow/example_dags/example_complex.py
[2024-11-06T11:59:49.553+0000] {processor.py:829} INFO - Processing file /home/airflow/.local/lib/python3.8/site-packages/airflow/example_dags/example_complex.py for tasks to queue
[2024-11-06T11:59:49.556+0000] {logging_mixin.py:154} INFO - [2024-11-06T11:59:49.556+0000] {dagbag.py:536} INFO - Filling up the DagBag from /home/airflow/.local/lib/python3.8/site-packages/airflow/example_dags/example_complex.py
[2024-11-06T11:59:49.563+0000] {processor.py:839} INFO - DAG(s) dict_keys(['example_complex']) retrieved from /home/airflow/.local/lib/python3.8/site-packages/airflow/example_dags/example_complex.py
[2024-11-06T11:59:49.593+0000] {logging_mixin.py:154} INFO - [2024-11-06T11:59:49.593+0000] {dag.py:2941} INFO - Sync 1 DAGs
[2024-11-06T11:59:49.605+0000] {logging_mixin.py:154} INFO - [2024-11-06T11:59:49.605+0000] {dag.py:3722} INFO - Setting next_dagrun for example_complex to None, run_after=None
[2024-11-06T11:59:49.625+0000] {processor.py:179} INFO - Processing /home/airflow/.local/lib/python3.8/site-packages/airflow/example_dags/example_complex.py took 0.077 seconds
[2024-11-06T12:50:46.829+0000] {processor.py:157} INFO - Started process (PID=1992) to work on /home/airflow/.local/lib/python3.8/site-packages/airflow/example_dags/example_complex.py
[2024-11-06T12:50:46.830+0000] {processor.py:829} INFO - Processing file /home/airflow/.local/lib/python3.8/site-packages/airflow/example_dags/example_complex.py for tasks to queue
[2024-11-06T12:50:46.831+0000] {logging_mixin.py:154} INFO - [2024-11-06T12:50:46.831+0000] {dagbag.py:536} INFO - Filling up the DagBag from /home/airflow/.local/lib/python3.8/site-packages/airflow/example_dags/example_complex.py
[2024-11-06T12:50:46.835+0000] {processor.py:839} INFO - DAG(s) dict_keys(['example_complex']) retrieved from /home/airflow/.local/lib/python3.8/site-packages/airflow/example_dags/example_complex.py
[2024-11-06T12:50:46.850+0000] {logging_mixin.py:154} INFO - [2024-11-06T12:50:46.849+0000] {dag.py:2941} INFO - Sync 1 DAGs
[2024-11-06T12:50:46.855+0000] {logging_mixin.py:154} INFO - [2024-11-06T12:50:46.855+0000] {dag.py:3722} INFO - Setting next_dagrun for example_complex to None, run_after=None
[2024-11-06T12:50:46.863+0000] {processor.py:179} INFO - Processing /home/airflow/.local/lib/python3.8/site-packages/airflow/example_dags/example_complex.py took 0.035 seconds
[2024-11-06T12:52:35.015+0000] {processor.py:157} INFO - Started process (PID=2046) to work on /home/airflow/.local/lib/python3.8/site-packages/airflow/example_dags/example_complex.py
[2024-11-06T12:52:35.016+0000] {processor.py:829} INFO - Processing file /home/airflow/.local/lib/python3.8/site-packages/airflow/example_dags/example_complex.py for tasks to queue
[2024-11-06T12:52:35.017+0000] {logging_mixin.py:154} INFO - [2024-11-06T12:52:35.017+0000] {dagbag.py:536} INFO - Filling up the DagBag from /home/airflow/.local/lib/python3.8/site-packages/airflow/example_dags/example_complex.py
[2024-11-06T12:52:35.022+0000] {processor.py:839} INFO - DAG(s) dict_keys(['example_complex']) retrieved from /home/airflow/.local/lib/python3.8/site-packages/airflow/example_dags/example_complex.py
[2024-11-06T12:52:35.035+0000] {logging_mixin.py:154} INFO - [2024-11-06T12:52:35.034+0000] {dag.py:2941} INFO - Sync 1 DAGs
[2024-11-06T12:52:35.039+0000] {logging_mixin.py:154} INFO - [2024-11-06T12:52:35.039+0000] {dag.py:3722} INFO - Setting next_dagrun for example_complex to None, run_after=None
[2024-11-06T12:52:35.046+0000] {processor.py:179} INFO - Processing /home/airflow/.local/lib/python3.8/site-packages/airflow/example_dags/example_complex.py took 0.032 seconds
[2024-11-06T13:07:16.316+0000] {processor.py:157} INFO - Started process (PID=2100) to work on /home/airflow/.local/lib/python3.8/site-packages/airflow/example_dags/example_complex.py
[2024-11-06T13:07:16.318+0000] {processor.py:829} INFO - Processing file /home/airflow/.local/lib/python3.8/site-packages/airflow/example_dags/example_complex.py for tasks to queue
[2024-11-06T13:07:16.322+0000] {logging_mixin.py:154} INFO - [2024-11-06T13:07:16.322+0000] {dagbag.py:536} INFO - Filling up the DagBag from /home/airflow/.local/lib/python3.8/site-packages/airflow/example_dags/example_complex.py
[2024-11-06T13:07:16.330+0000] {processor.py:839} INFO - DAG(s) dict_keys(['example_complex']) retrieved from /home/airflow/.local/lib/python3.8/site-packages/airflow/example_dags/example_complex.py
[2024-11-06T13:07:16.363+0000] {logging_mixin.py:154} INFO - [2024-11-06T13:07:16.363+0000] {dag.py:2941} INFO - Sync 1 DAGs
[2024-11-06T13:07:16.378+0000] {logging_mixin.py:154} INFO - [2024-11-06T13:07:16.377+0000] {dag.py:3722} INFO - Setting next_dagrun for example_complex to None, run_after=None
[2024-11-06T13:07:16.402+0000] {processor.py:179} INFO - Processing /home/airflow/.local/lib/python3.8/site-packages/airflow/example_dags/example_complex.py took 0.089 seconds
[2024-11-06T13:47:30.935+0000] {processor.py:157} INFO - Started process (PID=2154) to work on /home/airflow/.local/lib/python3.8/site-packages/airflow/example_dags/example_complex.py
[2024-11-06T13:47:30.936+0000] {processor.py:829} INFO - Processing file /home/airflow/.local/lib/python3.8/site-packages/airflow/example_dags/example_complex.py for tasks to queue
[2024-11-06T13:47:30.937+0000] {logging_mixin.py:154} INFO - [2024-11-06T13:47:30.937+0000] {dagbag.py:536} INFO - Filling up the DagBag from /home/airflow/.local/lib/python3.8/site-packages/airflow/example_dags/example_complex.py
[2024-11-06T13:47:30.944+0000] {processor.py:839} INFO - DAG(s) dict_keys(['example_complex']) retrieved from /home/airflow/.local/lib/python3.8/site-packages/airflow/example_dags/example_complex.py
[2024-11-06T13:47:30.956+0000] {logging_mixin.py:154} INFO - [2024-11-06T13:47:30.956+0000] {dag.py:2941} INFO - Sync 1 DAGs
[2024-11-06T13:47:30.961+0000] {logging_mixin.py:154} INFO - [2024-11-06T13:47:30.961+0000] {dag.py:3722} INFO - Setting next_dagrun for example_complex to None, run_after=None
[2024-11-06T13:47:30.973+0000] {processor.py:179} INFO - Processing /home/airflow/.local/lib/python3.8/site-packages/airflow/example_dags/example_complex.py took 0.039 seconds
[2024-11-06T13:55:16.713+0000] {processor.py:157} INFO - Started process (PID=2208) to work on /home/airflow/.local/lib/python3.8/site-packages/airflow/example_dags/example_complex.py
[2024-11-06T13:55:16.714+0000] {processor.py:829} INFO - Processing file /home/airflow/.local/lib/python3.8/site-packages/airflow/example_dags/example_complex.py for tasks to queue
[2024-11-06T13:55:16.718+0000] {logging_mixin.py:154} INFO - [2024-11-06T13:55:16.717+0000] {dagbag.py:536} INFO - Filling up the DagBag from /home/airflow/.local/lib/python3.8/site-packages/airflow/example_dags/example_complex.py
[2024-11-06T13:55:16.732+0000] {processor.py:839} INFO - DAG(s) dict_keys(['example_complex']) retrieved from /home/airflow/.local/lib/python3.8/site-packages/airflow/example_dags/example_complex.py
[2024-11-06T13:55:16.759+0000] {logging_mixin.py:154} INFO - [2024-11-06T13:55:16.759+0000] {dag.py:2941} INFO - Sync 1 DAGs
[2024-11-06T13:55:16.769+0000] {logging_mixin.py:154} INFO - [2024-11-06T13:55:16.769+0000] {dag.py:3722} INFO - Setting next_dagrun for example_complex to None, run_after=None
[2024-11-06T13:55:16.794+0000] {processor.py:179} INFO - Processing /home/airflow/.local/lib/python3.8/site-packages/airflow/example_dags/example_complex.py took 0.085 seconds
[2024-11-06T14:00:21.134+0000] {processor.py:157} INFO - Started process (PID=2262) to work on /home/airflow/.local/lib/python3.8/site-packages/airflow/example_dags/example_complex.py
[2024-11-06T14:00:21.136+0000] {processor.py:829} INFO - Processing file /home/airflow/.local/lib/python3.8/site-packages/airflow/example_dags/example_complex.py for tasks to queue
[2024-11-06T14:00:21.137+0000] {logging_mixin.py:154} INFO - [2024-11-06T14:00:21.137+0000] {dagbag.py:536} INFO - Filling up the DagBag from /home/airflow/.local/lib/python3.8/site-packages/airflow/example_dags/example_complex.py
[2024-11-06T14:00:21.142+0000] {processor.py:839} INFO - DAG(s) dict_keys(['example_complex']) retrieved from /home/airflow/.local/lib/python3.8/site-packages/airflow/example_dags/example_complex.py
[2024-11-06T14:00:21.160+0000] {logging_mixin.py:154} INFO - [2024-11-06T14:00:21.160+0000] {dag.py:2941} INFO - Sync 1 DAGs
[2024-11-06T14:00:21.165+0000] {logging_mixin.py:154} INFO - [2024-11-06T14:00:21.165+0000] {dag.py:3722} INFO - Setting next_dagrun for example_complex to None, run_after=None
[2024-11-06T14:00:21.173+0000] {processor.py:179} INFO - Processing /home/airflow/.local/lib/python3.8/site-packages/airflow/example_dags/example_complex.py took 0.041 seconds
[2024-11-06T14:05:41.449+0000] {processor.py:157} INFO - Started process (PID=2316) to work on /home/airflow/.local/lib/python3.8/site-packages/airflow/example_dags/example_complex.py
[2024-11-06T14:05:41.450+0000] {processor.py:829} INFO - Processing file /home/airflow/.local/lib/python3.8/site-packages/airflow/example_dags/example_complex.py for tasks to queue
[2024-11-06T14:05:41.452+0000] {logging_mixin.py:154} INFO - [2024-11-06T14:05:41.452+0000] {dagbag.py:536} INFO - Filling up the DagBag from /home/airflow/.local/lib/python3.8/site-packages/airflow/example_dags/example_complex.py
[2024-11-06T14:05:41.460+0000] {processor.py:839} INFO - DAG(s) dict_keys(['example_complex']) retrieved from /home/airflow/.local/lib/python3.8/site-packages/airflow/example_dags/example_complex.py
[2024-11-06T14:05:41.496+0000] {logging_mixin.py:154} INFO - [2024-11-06T14:05:41.495+0000] {dag.py:2941} INFO - Sync 1 DAGs
[2024-11-06T14:05:41.510+0000] {logging_mixin.py:154} INFO - [2024-11-06T14:05:41.510+0000] {dag.py:3722} INFO - Setting next_dagrun for example_complex to None, run_after=None
[2024-11-06T14:05:41.543+0000] {processor.py:179} INFO - Processing /home/airflow/.local/lib/python3.8/site-packages/airflow/example_dags/example_complex.py took 0.097 seconds
[2024-11-06T14:09:55.463+0000] {processor.py:157} INFO - Started process (PID=2370) to work on /home/airflow/.local/lib/python3.8/site-packages/airflow/example_dags/example_complex.py
[2024-11-06T14:09:55.463+0000] {processor.py:829} INFO - Processing file /home/airflow/.local/lib/python3.8/site-packages/airflow/example_dags/example_complex.py for tasks to queue
[2024-11-06T14:09:55.464+0000] {logging_mixin.py:154} INFO - [2024-11-06T14:09:55.464+0000] {dagbag.py:536} INFO - Filling up the DagBag from /home/airflow/.local/lib/python3.8/site-packages/airflow/example_dags/example_complex.py
[2024-11-06T14:09:55.469+0000] {processor.py:839} INFO - DAG(s) dict_keys(['example_complex']) retrieved from /home/airflow/.local/lib/python3.8/site-packages/airflow/example_dags/example_complex.py
[2024-11-06T14:09:55.481+0000] {logging_mixin.py:154} INFO - [2024-11-06T14:09:55.481+0000] {dag.py:2941} INFO - Sync 1 DAGs
[2024-11-06T14:09:55.485+0000] {logging_mixin.py:154} INFO - [2024-11-06T14:09:55.485+0000] {dag.py:3722} INFO - Setting next_dagrun for example_complex to None, run_after=None
[2024-11-06T14:09:55.503+0000] {processor.py:179} INFO - Processing /home/airflow/.local/lib/python3.8/site-packages/airflow/example_dags/example_complex.py took 0.042 seconds
[2024-11-06T14:16:57.070+0000] {processor.py:157} INFO - Started process (PID=2424) to work on /home/airflow/.local/lib/python3.8/site-packages/airflow/example_dags/example_complex.py
[2024-11-06T14:16:57.072+0000] {processor.py:829} INFO - Processing file /home/airflow/.local/lib/python3.8/site-packages/airflow/example_dags/example_complex.py for tasks to queue
[2024-11-06T14:16:57.076+0000] {logging_mixin.py:154} INFO - [2024-11-06T14:16:57.075+0000] {dagbag.py:536} INFO - Filling up the DagBag from /home/airflow/.local/lib/python3.8/site-packages/airflow/example_dags/example_complex.py
[2024-11-06T14:16:57.088+0000] {processor.py:839} INFO - DAG(s) dict_keys(['example_complex']) retrieved from /home/airflow/.local/lib/python3.8/site-packages/airflow/example_dags/example_complex.py
[2024-11-06T14:16:57.118+0000] {logging_mixin.py:154} INFO - [2024-11-06T14:16:57.118+0000] {dag.py:2941} INFO - Sync 1 DAGs
[2024-11-06T14:16:57.129+0000] {logging_mixin.py:154} INFO - [2024-11-06T14:16:57.129+0000] {dag.py:3722} INFO - Setting next_dagrun for example_complex to None, run_after=None
[2024-11-06T14:16:57.147+0000] {processor.py:179} INFO - Processing /home/airflow/.local/lib/python3.8/site-packages/airflow/example_dags/example_complex.py took 0.081 seconds
[2024-11-06T14:23:14.539+0000] {processor.py:157} INFO - Started process (PID=2478) to work on /home/airflow/.local/lib/python3.8/site-packages/airflow/example_dags/example_complex.py
[2024-11-06T14:23:14.540+0000] {processor.py:829} INFO - Processing file /home/airflow/.local/lib/python3.8/site-packages/airflow/example_dags/example_complex.py for tasks to queue
[2024-11-06T14:23:14.545+0000] {logging_mixin.py:154} INFO - [2024-11-06T14:23:14.544+0000] {dagbag.py:536} INFO - Filling up the DagBag from /home/airflow/.local/lib/python3.8/site-packages/airflow/example_dags/example_complex.py
[2024-11-06T14:23:14.553+0000] {processor.py:839} INFO - DAG(s) dict_keys(['example_complex']) retrieved from /home/airflow/.local/lib/python3.8/site-packages/airflow/example_dags/example_complex.py
[2024-11-06T14:23:14.577+0000] {logging_mixin.py:154} INFO - [2024-11-06T14:23:14.576+0000] {dag.py:2941} INFO - Sync 1 DAGs
[2024-11-06T14:23:14.595+0000] {logging_mixin.py:154} INFO - [2024-11-06T14:23:14.595+0000] {dag.py:3722} INFO - Setting next_dagrun for example_complex to None, run_after=None
[2024-11-06T14:23:14.615+0000] {processor.py:179} INFO - Processing /home/airflow/.local/lib/python3.8/site-packages/airflow/example_dags/example_complex.py took 0.079 seconds
[2024-11-06T14:31:01.103+0000] {processor.py:157} INFO - Started process (PID=2531) to work on /home/airflow/.local/lib/python3.8/site-packages/airflow/example_dags/example_complex.py
[2024-11-06T14:31:01.104+0000] {processor.py:829} INFO - Processing file /home/airflow/.local/lib/python3.8/site-packages/airflow/example_dags/example_complex.py for tasks to queue
[2024-11-06T14:31:01.105+0000] {logging_mixin.py:154} INFO - [2024-11-06T14:31:01.105+0000] {dagbag.py:536} INFO - Filling up the DagBag from /home/airflow/.local/lib/python3.8/site-packages/airflow/example_dags/example_complex.py
[2024-11-06T14:31:01.111+0000] {processor.py:839} INFO - DAG(s) dict_keys(['example_complex']) retrieved from /home/airflow/.local/lib/python3.8/site-packages/airflow/example_dags/example_complex.py
[2024-11-06T14:31:01.133+0000] {logging_mixin.py:154} INFO - [2024-11-06T14:31:01.133+0000] {dag.py:2941} INFO - Sync 1 DAGs
[2024-11-06T14:31:01.140+0000] {logging_mixin.py:154} INFO - [2024-11-06T14:31:01.139+0000] {dag.py:3722} INFO - Setting next_dagrun for example_complex to None, run_after=None
[2024-11-06T14:31:01.156+0000] {processor.py:179} INFO - Processing /home/airflow/.local/lib/python3.8/site-packages/airflow/example_dags/example_complex.py took 0.056 seconds
[2024-11-06T14:36:35.868+0000] {processor.py:157} INFO - Started process (PID=2584) to work on /home/airflow/.local/lib/python3.8/site-packages/airflow/example_dags/example_complex.py
[2024-11-06T14:36:35.869+0000] {processor.py:829} INFO - Processing file /home/airflow/.local/lib/python3.8/site-packages/airflow/example_dags/example_complex.py for tasks to queue
[2024-11-06T14:36:35.871+0000] {logging_mixin.py:154} INFO - [2024-11-06T14:36:35.871+0000] {dagbag.py:536} INFO - Filling up the DagBag from /home/airflow/.local/lib/python3.8/site-packages/airflow/example_dags/example_complex.py
[2024-11-06T14:36:35.882+0000] {processor.py:839} INFO - DAG(s) dict_keys(['example_complex']) retrieved from /home/airflow/.local/lib/python3.8/site-packages/airflow/example_dags/example_complex.py
[2024-11-06T14:36:35.911+0000] {logging_mixin.py:154} INFO - [2024-11-06T14:36:35.911+0000] {dag.py:2941} INFO - Sync 1 DAGs
[2024-11-06T14:36:35.922+0000] {logging_mixin.py:154} INFO - [2024-11-06T14:36:35.922+0000] {dag.py:3722} INFO - Setting next_dagrun for example_complex to None, run_after=None
[2024-11-06T14:36:35.944+0000] {processor.py:179} INFO - Processing /home/airflow/.local/lib/python3.8/site-packages/airflow/example_dags/example_complex.py took 0.080 seconds
[2024-11-06T15:02:51.987+0000] {processor.py:157} INFO - Started process (PID=2638) to work on /home/airflow/.local/lib/python3.8/site-packages/airflow/example_dags/example_complex.py
[2024-11-06T15:02:51.988+0000] {processor.py:829} INFO - Processing file /home/airflow/.local/lib/python3.8/site-packages/airflow/example_dags/example_complex.py for tasks to queue
[2024-11-06T15:02:51.990+0000] {logging_mixin.py:154} INFO - [2024-11-06T15:02:51.990+0000] {dagbag.py:536} INFO - Filling up the DagBag from /home/airflow/.local/lib/python3.8/site-packages/airflow/example_dags/example_complex.py
[2024-11-06T15:02:51.998+0000] {processor.py:839} INFO - DAG(s) dict_keys(['example_complex']) retrieved from /home/airflow/.local/lib/python3.8/site-packages/airflow/example_dags/example_complex.py
[2024-11-06T15:02:52.012+0000] {logging_mixin.py:154} INFO - [2024-11-06T15:02:52.012+0000] {dag.py:2941} INFO - Sync 1 DAGs
[2024-11-06T15:02:52.017+0000] {logging_mixin.py:154} INFO - [2024-11-06T15:02:52.017+0000] {dag.py:3722} INFO - Setting next_dagrun for example_complex to None, run_after=None
[2024-11-06T15:02:52.026+0000] {processor.py:179} INFO - Processing /home/airflow/.local/lib/python3.8/site-packages/airflow/example_dags/example_complex.py took 0.041 seconds
[2024-11-06T15:37:16.414+0000] {processor.py:157} INFO - Started process (PID=2692) to work on /home/airflow/.local/lib/python3.8/site-packages/airflow/example_dags/example_complex.py
[2024-11-06T15:37:16.415+0000] {processor.py:829} INFO - Processing file /home/airflow/.local/lib/python3.8/site-packages/airflow/example_dags/example_complex.py for tasks to queue
[2024-11-06T15:37:16.417+0000] {logging_mixin.py:154} INFO - [2024-11-06T15:37:16.417+0000] {dagbag.py:536} INFO - Filling up the DagBag from /home/airflow/.local/lib/python3.8/site-packages/airflow/example_dags/example_complex.py
[2024-11-06T15:37:16.425+0000] {processor.py:839} INFO - DAG(s) dict_keys(['example_complex']) retrieved from /home/airflow/.local/lib/python3.8/site-packages/airflow/example_dags/example_complex.py
[2024-11-06T15:37:16.451+0000] {logging_mixin.py:154} INFO - [2024-11-06T15:37:16.451+0000] {dag.py:2941} INFO - Sync 1 DAGs
[2024-11-06T15:37:16.464+0000] {logging_mixin.py:154} INFO - [2024-11-06T15:37:16.464+0000] {dag.py:3722} INFO - Setting next_dagrun for example_complex to None, run_after=None
[2024-11-06T15:37:16.484+0000] {processor.py:179} INFO - Processing /home/airflow/.local/lib/python3.8/site-packages/airflow/example_dags/example_complex.py took 0.073 seconds
[2024-11-06T15:48:08.940+0000] {processor.py:157} INFO - Started process (PID=2746) to work on /home/airflow/.local/lib/python3.8/site-packages/airflow/example_dags/example_complex.py
[2024-11-06T15:48:08.940+0000] {processor.py:829} INFO - Processing file /home/airflow/.local/lib/python3.8/site-packages/airflow/example_dags/example_complex.py for tasks to queue
[2024-11-06T15:48:08.941+0000] {logging_mixin.py:154} INFO - [2024-11-06T15:48:08.941+0000] {dagbag.py:536} INFO - Filling up the DagBag from /home/airflow/.local/lib/python3.8/site-packages/airflow/example_dags/example_complex.py
[2024-11-06T15:48:08.946+0000] {processor.py:839} INFO - DAG(s) dict_keys(['example_complex']) retrieved from /home/airflow/.local/lib/python3.8/site-packages/airflow/example_dags/example_complex.py
[2024-11-06T15:48:08.960+0000] {logging_mixin.py:154} INFO - [2024-11-06T15:48:08.959+0000] {dag.py:2941} INFO - Sync 1 DAGs
[2024-11-06T15:48:08.967+0000] {logging_mixin.py:154} INFO - [2024-11-06T15:48:08.967+0000] {dag.py:3722} INFO - Setting next_dagrun for example_complex to None, run_after=None
[2024-11-06T15:48:08.977+0000] {processor.py:179} INFO - Processing /home/airflow/.local/lib/python3.8/site-packages/airflow/example_dags/example_complex.py took 0.038 seconds
[2024-11-06T16:49:02.608+0000] {processor.py:157} INFO - Started process (PID=2800) to work on /home/airflow/.local/lib/python3.8/site-packages/airflow/example_dags/example_complex.py
[2024-11-06T16:49:02.608+0000] {processor.py:829} INFO - Processing file /home/airflow/.local/lib/python3.8/site-packages/airflow/example_dags/example_complex.py for tasks to queue
[2024-11-06T16:49:02.609+0000] {logging_mixin.py:154} INFO - [2024-11-06T16:49:02.609+0000] {dagbag.py:536} INFO - Filling up the DagBag from /home/airflow/.local/lib/python3.8/site-packages/airflow/example_dags/example_complex.py
[2024-11-06T16:49:02.614+0000] {processor.py:839} INFO - DAG(s) dict_keys(['example_complex']) retrieved from /home/airflow/.local/lib/python3.8/site-packages/airflow/example_dags/example_complex.py
[2024-11-06T16:49:02.628+0000] {logging_mixin.py:154} INFO - [2024-11-06T16:49:02.628+0000] {dag.py:2941} INFO - Sync 1 DAGs
[2024-11-06T16:49:02.633+0000] {logging_mixin.py:154} INFO - [2024-11-06T16:49:02.633+0000] {dag.py:3722} INFO - Setting next_dagrun for example_complex to None, run_after=None
[2024-11-06T16:49:02.640+0000] {processor.py:179} INFO - Processing /home/airflow/.local/lib/python3.8/site-packages/airflow/example_dags/example_complex.py took 0.034 seconds
[2024-11-06T16:49:56.132+0000] {processor.py:157} INFO - Started process (PID=2854) to work on /home/airflow/.local/lib/python3.8/site-packages/airflow/example_dags/example_complex.py
[2024-11-06T16:49:56.133+0000] {processor.py:829} INFO - Processing file /home/airflow/.local/lib/python3.8/site-packages/airflow/example_dags/example_complex.py for tasks to queue
[2024-11-06T16:49:56.134+0000] {logging_mixin.py:154} INFO - [2024-11-06T16:49:56.134+0000] {dagbag.py:536} INFO - Filling up the DagBag from /home/airflow/.local/lib/python3.8/site-packages/airflow/example_dags/example_complex.py
[2024-11-06T16:49:56.139+0000] {processor.py:839} INFO - DAG(s) dict_keys(['example_complex']) retrieved from /home/airflow/.local/lib/python3.8/site-packages/airflow/example_dags/example_complex.py
[2024-11-06T16:49:56.153+0000] {logging_mixin.py:154} INFO - [2024-11-06T16:49:56.153+0000] {dag.py:2941} INFO - Sync 1 DAGs
[2024-11-06T16:49:56.158+0000] {logging_mixin.py:154} INFO - [2024-11-06T16:49:56.158+0000] {dag.py:3722} INFO - Setting next_dagrun for example_complex to None, run_after=None
[2024-11-06T16:49:56.164+0000] {processor.py:179} INFO - Processing /home/airflow/.local/lib/python3.8/site-packages/airflow/example_dags/example_complex.py took 0.034 seconds
[2024-11-06T17:40:07.312+0000] {processor.py:157} INFO - Started process (PID=2908) to work on /home/airflow/.local/lib/python3.8/site-packages/airflow/example_dags/example_complex.py
[2024-11-06T17:40:07.313+0000] {processor.py:829} INFO - Processing file /home/airflow/.local/lib/python3.8/site-packages/airflow/example_dags/example_complex.py for tasks to queue
[2024-11-06T17:40:07.315+0000] {logging_mixin.py:154} INFO - [2024-11-06T17:40:07.315+0000] {dagbag.py:536} INFO - Filling up the DagBag from /home/airflow/.local/lib/python3.8/site-packages/airflow/example_dags/example_complex.py
[2024-11-06T17:40:07.326+0000] {processor.py:839} INFO - DAG(s) dict_keys(['example_complex']) retrieved from /home/airflow/.local/lib/python3.8/site-packages/airflow/example_dags/example_complex.py
[2024-11-06T17:40:07.352+0000] {logging_mixin.py:154} INFO - [2024-11-06T17:40:07.352+0000] {dag.py:2941} INFO - Sync 1 DAGs
[2024-11-06T17:40:07.365+0000] {logging_mixin.py:154} INFO - [2024-11-06T17:40:07.364+0000] {dag.py:3722} INFO - Setting next_dagrun for example_complex to None, run_after=None
[2024-11-06T17:40:07.391+0000] {processor.py:179} INFO - Processing /home/airflow/.local/lib/python3.8/site-packages/airflow/example_dags/example_complex.py took 0.082 seconds
[2024-11-06T18:40:19.961+0000] {processor.py:157} INFO - Started process (PID=2962) to work on /home/airflow/.local/lib/python3.8/site-packages/airflow/example_dags/example_complex.py
[2024-11-06T18:40:19.964+0000] {processor.py:829} INFO - Processing file /home/airflow/.local/lib/python3.8/site-packages/airflow/example_dags/example_complex.py for tasks to queue
[2024-11-06T18:40:19.966+0000] {logging_mixin.py:154} INFO - [2024-11-06T18:40:19.966+0000] {dagbag.py:536} INFO - Filling up the DagBag from /home/airflow/.local/lib/python3.8/site-packages/airflow/example_dags/example_complex.py
[2024-11-06T18:40:19.972+0000] {processor.py:839} INFO - DAG(s) dict_keys(['example_complex']) retrieved from /home/airflow/.local/lib/python3.8/site-packages/airflow/example_dags/example_complex.py
[2024-11-06T18:40:20.002+0000] {logging_mixin.py:154} INFO - [2024-11-06T18:40:20.002+0000] {dag.py:2941} INFO - Sync 1 DAGs
[2024-11-06T18:40:20.018+0000] {logging_mixin.py:154} INFO - [2024-11-06T18:40:20.017+0000] {dag.py:3722} INFO - Setting next_dagrun for example_complex to None, run_after=None
[2024-11-06T18:40:20.044+0000] {processor.py:179} INFO - Processing /home/airflow/.local/lib/python3.8/site-packages/airflow/example_dags/example_complex.py took 0.085 seconds
[2024-11-06T19:56:54.227+0000] {processor.py:157} INFO - Started process (PID=3016) to work on /home/airflow/.local/lib/python3.8/site-packages/airflow/example_dags/example_complex.py
[2024-11-06T19:56:54.228+0000] {processor.py:829} INFO - Processing file /home/airflow/.local/lib/python3.8/site-packages/airflow/example_dags/example_complex.py for tasks to queue
[2024-11-06T19:56:54.231+0000] {logging_mixin.py:154} INFO - [2024-11-06T19:56:54.230+0000] {dagbag.py:536} INFO - Filling up the DagBag from /home/airflow/.local/lib/python3.8/site-packages/airflow/example_dags/example_complex.py
[2024-11-06T19:56:54.238+0000] {processor.py:839} INFO - DAG(s) dict_keys(['example_complex']) retrieved from /home/airflow/.local/lib/python3.8/site-packages/airflow/example_dags/example_complex.py
[2024-11-06T19:56:54.272+0000] {logging_mixin.py:154} INFO - [2024-11-06T19:56:54.272+0000] {dag.py:2941} INFO - Sync 1 DAGs
[2024-11-06T19:56:54.292+0000] {logging_mixin.py:154} INFO - [2024-11-06T19:56:54.292+0000] {dag.py:3722} INFO - Setting next_dagrun for example_complex to None, run_after=None
[2024-11-06T19:56:54.312+0000] {processor.py:179} INFO - Processing /home/airflow/.local/lib/python3.8/site-packages/airflow/example_dags/example_complex.py took 0.089 seconds
[2024-11-06T20:41:40.490+0000] {processor.py:157} INFO - Started process (PID=3070) to work on /home/airflow/.local/lib/python3.8/site-packages/airflow/example_dags/example_complex.py
[2024-11-06T20:41:40.490+0000] {processor.py:829} INFO - Processing file /home/airflow/.local/lib/python3.8/site-packages/airflow/example_dags/example_complex.py for tasks to queue
[2024-11-06T20:41:40.494+0000] {logging_mixin.py:154} INFO - [2024-11-06T20:41:40.494+0000] {dagbag.py:536} INFO - Filling up the DagBag from /home/airflow/.local/lib/python3.8/site-packages/airflow/example_dags/example_complex.py
[2024-11-06T20:41:40.505+0000] {processor.py:839} INFO - DAG(s) dict_keys(['example_complex']) retrieved from /home/airflow/.local/lib/python3.8/site-packages/airflow/example_dags/example_complex.py
[2024-11-06T20:41:40.538+0000] {logging_mixin.py:154} INFO - [2024-11-06T20:41:40.538+0000] {dag.py:2941} INFO - Sync 1 DAGs
[2024-11-06T20:41:40.550+0000] {logging_mixin.py:154} INFO - [2024-11-06T20:41:40.549+0000] {dag.py:3722} INFO - Setting next_dagrun for example_complex to None, run_after=None
[2024-11-06T20:41:40.577+0000] {processor.py:179} INFO - Processing /home/airflow/.local/lib/python3.8/site-packages/airflow/example_dags/example_complex.py took 0.090 seconds
[2024-11-06T22:09:49.683+0000] {processor.py:157} INFO - Started process (PID=3124) to work on /home/airflow/.local/lib/python3.8/site-packages/airflow/example_dags/example_complex.py
[2024-11-06T22:09:49.684+0000] {processor.py:829} INFO - Processing file /home/airflow/.local/lib/python3.8/site-packages/airflow/example_dags/example_complex.py for tasks to queue
[2024-11-06T22:09:49.685+0000] {logging_mixin.py:154} INFO - [2024-11-06T22:09:49.685+0000] {dagbag.py:536} INFO - Filling up the DagBag from /home/airflow/.local/lib/python3.8/site-packages/airflow/example_dags/example_complex.py
[2024-11-06T22:09:49.689+0000] {processor.py:839} INFO - DAG(s) dict_keys(['example_complex']) retrieved from /home/airflow/.local/lib/python3.8/site-packages/airflow/example_dags/example_complex.py
[2024-11-06T22:09:49.701+0000] {logging_mixin.py:154} INFO - [2024-11-06T22:09:49.701+0000] {dag.py:2941} INFO - Sync 1 DAGs
[2024-11-06T22:09:49.706+0000] {logging_mixin.py:154} INFO - [2024-11-06T22:09:49.706+0000] {dag.py:3722} INFO - Setting next_dagrun for example_complex to None, run_after=None
[2024-11-06T22:09:49.712+0000] {processor.py:179} INFO - Processing /home/airflow/.local/lib/python3.8/site-packages/airflow/example_dags/example_complex.py took 0.030 seconds
[2024-11-06T23:10:55.990+0000] {processor.py:157} INFO - Started process (PID=3178) to work on /home/airflow/.local/lib/python3.8/site-packages/airflow/example_dags/example_complex.py
[2024-11-06T23:10:55.991+0000] {processor.py:829} INFO - Processing file /home/airflow/.local/lib/python3.8/site-packages/airflow/example_dags/example_complex.py for tasks to queue
[2024-11-06T23:10:55.993+0000] {logging_mixin.py:154} INFO - [2024-11-06T23:10:55.993+0000] {dagbag.py:536} INFO - Filling up the DagBag from /home/airflow/.local/lib/python3.8/site-packages/airflow/example_dags/example_complex.py
[2024-11-06T23:10:56.004+0000] {processor.py:839} INFO - DAG(s) dict_keys(['example_complex']) retrieved from /home/airflow/.local/lib/python3.8/site-packages/airflow/example_dags/example_complex.py
[2024-11-06T23:10:56.037+0000] {logging_mixin.py:154} INFO - [2024-11-06T23:10:56.037+0000] {dag.py:2941} INFO - Sync 1 DAGs
[2024-11-06T23:10:56.049+0000] {logging_mixin.py:154} INFO - [2024-11-06T23:10:56.049+0000] {dag.py:3722} INFO - Setting next_dagrun for example_complex to None, run_after=None
[2024-11-06T23:10:56.069+0000] {processor.py:179} INFO - Processing /home/airflow/.local/lib/python3.8/site-packages/airflow/example_dags/example_complex.py took 0.082 seconds
[2024-11-06T23:49:20.444+0000] {processor.py:157} INFO - Started process (PID=3232) to work on /home/airflow/.local/lib/python3.8/site-packages/airflow/example_dags/example_complex.py
[2024-11-06T23:49:20.444+0000] {processor.py:829} INFO - Processing file /home/airflow/.local/lib/python3.8/site-packages/airflow/example_dags/example_complex.py for tasks to queue
[2024-11-06T23:49:20.447+0000] {logging_mixin.py:154} INFO - [2024-11-06T23:49:20.447+0000] {dagbag.py:536} INFO - Filling up the DagBag from /home/airflow/.local/lib/python3.8/site-packages/airflow/example_dags/example_complex.py
[2024-11-06T23:49:20.458+0000] {processor.py:839} INFO - DAG(s) dict_keys(['example_complex']) retrieved from /home/airflow/.local/lib/python3.8/site-packages/airflow/example_dags/example_complex.py
[2024-11-06T23:49:20.486+0000] {logging_mixin.py:154} INFO - [2024-11-06T23:49:20.486+0000] {dag.py:2941} INFO - Sync 1 DAGs
[2024-11-06T23:49:20.502+0000] {logging_mixin.py:154} INFO - [2024-11-06T23:49:20.501+0000] {dag.py:3722} INFO - Setting next_dagrun for example_complex to None, run_after=None
[2024-11-06T23:49:20.528+0000] {processor.py:179} INFO - Processing /home/airflow/.local/lib/python3.8/site-packages/airflow/example_dags/example_complex.py took 0.087 seconds
