[2024-11-06T08:43:20.291+0000] {processor.py:157} INFO - Started process (PID=82) to work on /home/airflow/.local/lib/python3.8/site-packages/airflow/example_dags/example_nested_branch_dag.py
[2024-11-06T08:43:20.292+0000] {processor.py:829} INFO - Processing file /home/airflow/.local/lib/python3.8/site-packages/airflow/example_dags/example_nested_branch_dag.py for tasks to queue
[2024-11-06T08:43:20.294+0000] {logging_mixin.py:154} INFO - [2024-11-06T08:43:20.293+0000] {dagbag.py:536} INFO - Filling up the DagBag from /home/airflow/.local/lib/python3.8/site-packages/airflow/example_dags/example_nested_branch_dag.py
[2024-11-06T08:43:20.303+0000] {processor.py:839} INFO - DAG(s) dict_keys(['example_nested_branch_dag']) retrieved from /home/airflow/.local/lib/python3.8/site-packages/airflow/example_dags/example_nested_branch_dag.py
[2024-11-06T08:43:20.315+0000] {logging_mixin.py:154} INFO - [2024-11-06T08:43:20.315+0000] {dag.py:2941} INFO - Sync 1 DAGs
[2024-11-06T08:43:20.334+0000] {logging_mixin.py:154} INFO - [2024-11-06T08:43:20.334+0000] {dag.py:3722} INFO - Setting next_dagrun for example_nested_branch_dag to 2024-11-05T00:00:00+00:00, run_after=2024-11-06T00:00:00+00:00
[2024-11-06T08:43:20.366+0000] {processor.py:179} INFO - Processing /home/airflow/.local/lib/python3.8/site-packages/airflow/example_dags/example_nested_branch_dag.py took 0.077 seconds
[2024-11-06T08:43:50.390+0000] {processor.py:157} INFO - Started process (PID=136) to work on /home/airflow/.local/lib/python3.8/site-packages/airflow/example_dags/example_nested_branch_dag.py
[2024-11-06T08:43:50.391+0000] {processor.py:829} INFO - Processing file /home/airflow/.local/lib/python3.8/site-packages/airflow/example_dags/example_nested_branch_dag.py for tasks to queue
[2024-11-06T08:43:50.392+0000] {logging_mixin.py:154} INFO - [2024-11-06T08:43:50.392+0000] {dagbag.py:536} INFO - Filling up the DagBag from /home/airflow/.local/lib/python3.8/site-packages/airflow/example_dags/example_nested_branch_dag.py
[2024-11-06T08:43:50.396+0000] {processor.py:839} INFO - DAG(s) dict_keys(['example_nested_branch_dag']) retrieved from /home/airflow/.local/lib/python3.8/site-packages/airflow/example_dags/example_nested_branch_dag.py
[2024-11-06T08:43:50.405+0000] {logging_mixin.py:154} INFO - [2024-11-06T08:43:50.405+0000] {dag.py:2941} INFO - Sync 1 DAGs
[2024-11-06T08:43:50.415+0000] {logging_mixin.py:154} INFO - [2024-11-06T08:43:50.415+0000] {dag.py:3722} INFO - Setting next_dagrun for example_nested_branch_dag to 2024-11-05T00:00:00+00:00, run_after=2024-11-06T00:00:00+00:00
[2024-11-06T08:43:50.421+0000] {processor.py:179} INFO - Processing /home/airflow/.local/lib/python3.8/site-packages/airflow/example_dags/example_nested_branch_dag.py took 0.032 seconds
[2024-11-06T08:44:20.769+0000] {processor.py:157} INFO - Started process (PID=190) to work on /home/airflow/.local/lib/python3.8/site-packages/airflow/example_dags/example_nested_branch_dag.py
[2024-11-06T08:44:20.770+0000] {processor.py:829} INFO - Processing file /home/airflow/.local/lib/python3.8/site-packages/airflow/example_dags/example_nested_branch_dag.py for tasks to queue
[2024-11-06T08:44:20.771+0000] {logging_mixin.py:154} INFO - [2024-11-06T08:44:20.771+0000] {dagbag.py:536} INFO - Filling up the DagBag from /home/airflow/.local/lib/python3.8/site-packages/airflow/example_dags/example_nested_branch_dag.py
[2024-11-06T08:44:20.777+0000] {processor.py:839} INFO - DAG(s) dict_keys(['example_nested_branch_dag']) retrieved from /home/airflow/.local/lib/python3.8/site-packages/airflow/example_dags/example_nested_branch_dag.py
[2024-11-06T08:44:20.789+0000] {logging_mixin.py:154} INFO - [2024-11-06T08:44:20.789+0000] {dag.py:2941} INFO - Sync 1 DAGs
[2024-11-06T08:44:20.798+0000] {logging_mixin.py:154} INFO - [2024-11-06T08:44:20.798+0000] {dag.py:3722} INFO - Setting next_dagrun for example_nested_branch_dag to 2024-11-05T00:00:00+00:00, run_after=2024-11-06T00:00:00+00:00
[2024-11-06T08:44:20.804+0000] {processor.py:179} INFO - Processing /home/airflow/.local/lib/python3.8/site-packages/airflow/example_dags/example_nested_branch_dag.py took 0.037 seconds
[2024-11-06T08:44:51.102+0000] {processor.py:157} INFO - Started process (PID=244) to work on /home/airflow/.local/lib/python3.8/site-packages/airflow/example_dags/example_nested_branch_dag.py
[2024-11-06T08:44:51.102+0000] {processor.py:829} INFO - Processing file /home/airflow/.local/lib/python3.8/site-packages/airflow/example_dags/example_nested_branch_dag.py for tasks to queue
[2024-11-06T08:44:51.103+0000] {logging_mixin.py:154} INFO - [2024-11-06T08:44:51.103+0000] {dagbag.py:536} INFO - Filling up the DagBag from /home/airflow/.local/lib/python3.8/site-packages/airflow/example_dags/example_nested_branch_dag.py
[2024-11-06T08:44:51.108+0000] {processor.py:839} INFO - DAG(s) dict_keys(['example_nested_branch_dag']) retrieved from /home/airflow/.local/lib/python3.8/site-packages/airflow/example_dags/example_nested_branch_dag.py
[2024-11-06T08:44:51.120+0000] {logging_mixin.py:154} INFO - [2024-11-06T08:44:51.120+0000] {dag.py:2941} INFO - Sync 1 DAGs
[2024-11-06T08:44:51.130+0000] {logging_mixin.py:154} INFO - [2024-11-06T08:44:51.130+0000] {dag.py:3722} INFO - Setting next_dagrun for example_nested_branch_dag to 2024-11-05T00:00:00+00:00, run_after=2024-11-06T00:00:00+00:00
[2024-11-06T08:44:51.137+0000] {processor.py:179} INFO - Processing /home/airflow/.local/lib/python3.8/site-packages/airflow/example_dags/example_nested_branch_dag.py took 0.037 seconds
[2024-11-06T08:45:21.452+0000] {processor.py:157} INFO - Started process (PID=298) to work on /home/airflow/.local/lib/python3.8/site-packages/airflow/example_dags/example_nested_branch_dag.py
[2024-11-06T08:45:21.453+0000] {processor.py:829} INFO - Processing file /home/airflow/.local/lib/python3.8/site-packages/airflow/example_dags/example_nested_branch_dag.py for tasks to queue
[2024-11-06T08:45:21.454+0000] {logging_mixin.py:154} INFO - [2024-11-06T08:45:21.454+0000] {dagbag.py:536} INFO - Filling up the DagBag from /home/airflow/.local/lib/python3.8/site-packages/airflow/example_dags/example_nested_branch_dag.py
[2024-11-06T08:45:21.459+0000] {processor.py:839} INFO - DAG(s) dict_keys(['example_nested_branch_dag']) retrieved from /home/airflow/.local/lib/python3.8/site-packages/airflow/example_dags/example_nested_branch_dag.py
[2024-11-06T08:45:21.468+0000] {logging_mixin.py:154} INFO - [2024-11-06T08:45:21.468+0000] {dag.py:2941} INFO - Sync 1 DAGs
[2024-11-06T08:45:21.478+0000] {logging_mixin.py:154} INFO - [2024-11-06T08:45:21.478+0000] {dag.py:3722} INFO - Setting next_dagrun for example_nested_branch_dag to 2024-11-05T00:00:00+00:00, run_after=2024-11-06T00:00:00+00:00
[2024-11-06T08:45:21.484+0000] {processor.py:179} INFO - Processing /home/airflow/.local/lib/python3.8/site-packages/airflow/example_dags/example_nested_branch_dag.py took 0.034 seconds
[2024-11-06T08:45:51.855+0000] {processor.py:157} INFO - Started process (PID=352) to work on /home/airflow/.local/lib/python3.8/site-packages/airflow/example_dags/example_nested_branch_dag.py
[2024-11-06T08:45:51.856+0000] {processor.py:829} INFO - Processing file /home/airflow/.local/lib/python3.8/site-packages/airflow/example_dags/example_nested_branch_dag.py for tasks to queue
[2024-11-06T08:45:51.856+0000] {logging_mixin.py:154} INFO - [2024-11-06T08:45:51.856+0000] {dagbag.py:536} INFO - Filling up the DagBag from /home/airflow/.local/lib/python3.8/site-packages/airflow/example_dags/example_nested_branch_dag.py
[2024-11-06T08:45:51.861+0000] {processor.py:839} INFO - DAG(s) dict_keys(['example_nested_branch_dag']) retrieved from /home/airflow/.local/lib/python3.8/site-packages/airflow/example_dags/example_nested_branch_dag.py
[2024-11-06T08:45:51.870+0000] {logging_mixin.py:154} INFO - [2024-11-06T08:45:51.870+0000] {dag.py:2941} INFO - Sync 1 DAGs
[2024-11-06T08:45:51.880+0000] {logging_mixin.py:154} INFO - [2024-11-06T08:45:51.879+0000] {dag.py:3722} INFO - Setting next_dagrun for example_nested_branch_dag to 2024-11-05T00:00:00+00:00, run_after=2024-11-06T00:00:00+00:00
[2024-11-06T08:45:51.887+0000] {processor.py:179} INFO - Processing /home/airflow/.local/lib/python3.8/site-packages/airflow/example_dags/example_nested_branch_dag.py took 0.033 seconds
[2024-11-06T08:46:22.559+0000] {processor.py:157} INFO - Started process (PID=406) to work on /home/airflow/.local/lib/python3.8/site-packages/airflow/example_dags/example_nested_branch_dag.py
[2024-11-06T08:46:22.560+0000] {processor.py:829} INFO - Processing file /home/airflow/.local/lib/python3.8/site-packages/airflow/example_dags/example_nested_branch_dag.py for tasks to queue
[2024-11-06T08:46:22.561+0000] {logging_mixin.py:154} INFO - [2024-11-06T08:46:22.561+0000] {dagbag.py:536} INFO - Filling up the DagBag from /home/airflow/.local/lib/python3.8/site-packages/airflow/example_dags/example_nested_branch_dag.py
[2024-11-06T08:46:22.566+0000] {processor.py:839} INFO - DAG(s) dict_keys(['example_nested_branch_dag']) retrieved from /home/airflow/.local/lib/python3.8/site-packages/airflow/example_dags/example_nested_branch_dag.py
[2024-11-06T08:46:22.579+0000] {logging_mixin.py:154} INFO - [2024-11-06T08:46:22.579+0000] {dag.py:2941} INFO - Sync 1 DAGs
[2024-11-06T08:46:22.591+0000] {logging_mixin.py:154} INFO - [2024-11-06T08:46:22.591+0000] {dag.py:3722} INFO - Setting next_dagrun for example_nested_branch_dag to 2024-11-05T00:00:00+00:00, run_after=2024-11-06T00:00:00+00:00
[2024-11-06T08:46:22.601+0000] {processor.py:179} INFO - Processing /home/airflow/.local/lib/python3.8/site-packages/airflow/example_dags/example_nested_branch_dag.py took 0.045 seconds
[2024-11-06T08:46:53.107+0000] {processor.py:157} INFO - Started process (PID=467) to work on /home/airflow/.local/lib/python3.8/site-packages/airflow/example_dags/example_nested_branch_dag.py
[2024-11-06T08:46:53.108+0000] {processor.py:829} INFO - Processing file /home/airflow/.local/lib/python3.8/site-packages/airflow/example_dags/example_nested_branch_dag.py for tasks to queue
[2024-11-06T08:46:53.109+0000] {logging_mixin.py:154} INFO - [2024-11-06T08:46:53.109+0000] {dagbag.py:536} INFO - Filling up the DagBag from /home/airflow/.local/lib/python3.8/site-packages/airflow/example_dags/example_nested_branch_dag.py
[2024-11-06T08:46:53.113+0000] {processor.py:839} INFO - DAG(s) dict_keys(['example_nested_branch_dag']) retrieved from /home/airflow/.local/lib/python3.8/site-packages/airflow/example_dags/example_nested_branch_dag.py
[2024-11-06T08:46:53.123+0000] {logging_mixin.py:154} INFO - [2024-11-06T08:46:53.123+0000] {dag.py:2941} INFO - Sync 1 DAGs
[2024-11-06T08:46:53.132+0000] {logging_mixin.py:154} INFO - [2024-11-06T08:46:53.132+0000] {dag.py:3722} INFO - Setting next_dagrun for example_nested_branch_dag to 2024-11-05T00:00:00+00:00, run_after=2024-11-06T00:00:00+00:00
[2024-11-06T08:46:53.142+0000] {processor.py:179} INFO - Processing /home/airflow/.local/lib/python3.8/site-packages/airflow/example_dags/example_nested_branch_dag.py took 0.036 seconds
[2024-11-06T08:47:23.478+0000] {processor.py:157} INFO - Started process (PID=521) to work on /home/airflow/.local/lib/python3.8/site-packages/airflow/example_dags/example_nested_branch_dag.py
[2024-11-06T08:47:23.479+0000] {processor.py:829} INFO - Processing file /home/airflow/.local/lib/python3.8/site-packages/airflow/example_dags/example_nested_branch_dag.py for tasks to queue
[2024-11-06T08:47:23.479+0000] {logging_mixin.py:154} INFO - [2024-11-06T08:47:23.479+0000] {dagbag.py:536} INFO - Filling up the DagBag from /home/airflow/.local/lib/python3.8/site-packages/airflow/example_dags/example_nested_branch_dag.py
[2024-11-06T08:47:23.484+0000] {processor.py:839} INFO - DAG(s) dict_keys(['example_nested_branch_dag']) retrieved from /home/airflow/.local/lib/python3.8/site-packages/airflow/example_dags/example_nested_branch_dag.py
[2024-11-06T08:47:23.493+0000] {logging_mixin.py:154} INFO - [2024-11-06T08:47:23.493+0000] {dag.py:2941} INFO - Sync 1 DAGs
[2024-11-06T08:47:23.504+0000] {logging_mixin.py:154} INFO - [2024-11-06T08:47:23.504+0000] {dag.py:3722} INFO - Setting next_dagrun for example_nested_branch_dag to 2024-11-05T00:00:00+00:00, run_after=2024-11-06T00:00:00+00:00
[2024-11-06T08:47:23.511+0000] {processor.py:179} INFO - Processing /home/airflow/.local/lib/python3.8/site-packages/airflow/example_dags/example_nested_branch_dag.py took 0.034 seconds
[2024-11-06T08:47:53.871+0000] {processor.py:157} INFO - Started process (PID=576) to work on /home/airflow/.local/lib/python3.8/site-packages/airflow/example_dags/example_nested_branch_dag.py
[2024-11-06T08:47:53.872+0000] {processor.py:829} INFO - Processing file /home/airflow/.local/lib/python3.8/site-packages/airflow/example_dags/example_nested_branch_dag.py for tasks to queue
[2024-11-06T08:47:53.873+0000] {logging_mixin.py:154} INFO - [2024-11-06T08:47:53.873+0000] {dagbag.py:536} INFO - Filling up the DagBag from /home/airflow/.local/lib/python3.8/site-packages/airflow/example_dags/example_nested_branch_dag.py
[2024-11-06T08:47:53.878+0000] {processor.py:839} INFO - DAG(s) dict_keys(['example_nested_branch_dag']) retrieved from /home/airflow/.local/lib/python3.8/site-packages/airflow/example_dags/example_nested_branch_dag.py
[2024-11-06T08:47:53.889+0000] {logging_mixin.py:154} INFO - [2024-11-06T08:47:53.888+0000] {dag.py:2941} INFO - Sync 1 DAGs
[2024-11-06T08:47:53.898+0000] {logging_mixin.py:154} INFO - [2024-11-06T08:47:53.898+0000] {dag.py:3722} INFO - Setting next_dagrun for example_nested_branch_dag to 2024-11-05T00:00:00+00:00, run_after=2024-11-06T00:00:00+00:00
[2024-11-06T08:47:53.907+0000] {processor.py:179} INFO - Processing /home/airflow/.local/lib/python3.8/site-packages/airflow/example_dags/example_nested_branch_dag.py took 0.037 seconds
[2024-11-06T08:48:24.211+0000] {processor.py:157} INFO - Started process (PID=630) to work on /home/airflow/.local/lib/python3.8/site-packages/airflow/example_dags/example_nested_branch_dag.py
[2024-11-06T08:48:24.211+0000] {processor.py:829} INFO - Processing file /home/airflow/.local/lib/python3.8/site-packages/airflow/example_dags/example_nested_branch_dag.py for tasks to queue
[2024-11-06T08:48:24.212+0000] {logging_mixin.py:154} INFO - [2024-11-06T08:48:24.212+0000] {dagbag.py:536} INFO - Filling up the DagBag from /home/airflow/.local/lib/python3.8/site-packages/airflow/example_dags/example_nested_branch_dag.py
[2024-11-06T08:48:24.216+0000] {processor.py:839} INFO - DAG(s) dict_keys(['example_nested_branch_dag']) retrieved from /home/airflow/.local/lib/python3.8/site-packages/airflow/example_dags/example_nested_branch_dag.py
[2024-11-06T08:48:24.226+0000] {logging_mixin.py:154} INFO - [2024-11-06T08:48:24.226+0000] {dag.py:2941} INFO - Sync 1 DAGs
[2024-11-06T08:48:24.237+0000] {logging_mixin.py:154} INFO - [2024-11-06T08:48:24.236+0000] {dag.py:3722} INFO - Setting next_dagrun for example_nested_branch_dag to 2024-11-05T00:00:00+00:00, run_after=2024-11-06T00:00:00+00:00
[2024-11-06T08:48:24.242+0000] {processor.py:179} INFO - Processing /home/airflow/.local/lib/python3.8/site-packages/airflow/example_dags/example_nested_branch_dag.py took 0.033 seconds
[2024-11-06T08:48:54.486+0000] {processor.py:157} INFO - Started process (PID=684) to work on /home/airflow/.local/lib/python3.8/site-packages/airflow/example_dags/example_nested_branch_dag.py
[2024-11-06T08:48:54.486+0000] {processor.py:829} INFO - Processing file /home/airflow/.local/lib/python3.8/site-packages/airflow/example_dags/example_nested_branch_dag.py for tasks to queue
[2024-11-06T08:48:54.487+0000] {logging_mixin.py:154} INFO - [2024-11-06T08:48:54.487+0000] {dagbag.py:536} INFO - Filling up the DagBag from /home/airflow/.local/lib/python3.8/site-packages/airflow/example_dags/example_nested_branch_dag.py
[2024-11-06T08:48:54.494+0000] {processor.py:839} INFO - DAG(s) dict_keys(['example_nested_branch_dag']) retrieved from /home/airflow/.local/lib/python3.8/site-packages/airflow/example_dags/example_nested_branch_dag.py
[2024-11-06T08:48:54.504+0000] {logging_mixin.py:154} INFO - [2024-11-06T08:48:54.504+0000] {dag.py:2941} INFO - Sync 1 DAGs
[2024-11-06T08:48:54.513+0000] {logging_mixin.py:154} INFO - [2024-11-06T08:48:54.513+0000] {dag.py:3722} INFO - Setting next_dagrun for example_nested_branch_dag to 2024-11-05T00:00:00+00:00, run_after=2024-11-06T00:00:00+00:00
[2024-11-06T08:48:54.520+0000] {processor.py:179} INFO - Processing /home/airflow/.local/lib/python3.8/site-packages/airflow/example_dags/example_nested_branch_dag.py took 0.036 seconds
[2024-11-06T08:49:24.739+0000] {processor.py:157} INFO - Started process (PID=738) to work on /home/airflow/.local/lib/python3.8/site-packages/airflow/example_dags/example_nested_branch_dag.py
[2024-11-06T08:49:24.739+0000] {processor.py:829} INFO - Processing file /home/airflow/.local/lib/python3.8/site-packages/airflow/example_dags/example_nested_branch_dag.py for tasks to queue
[2024-11-06T08:49:24.740+0000] {logging_mixin.py:154} INFO - [2024-11-06T08:49:24.740+0000] {dagbag.py:536} INFO - Filling up the DagBag from /home/airflow/.local/lib/python3.8/site-packages/airflow/example_dags/example_nested_branch_dag.py
[2024-11-06T08:49:24.744+0000] {processor.py:839} INFO - DAG(s) dict_keys(['example_nested_branch_dag']) retrieved from /home/airflow/.local/lib/python3.8/site-packages/airflow/example_dags/example_nested_branch_dag.py
[2024-11-06T08:49:24.755+0000] {logging_mixin.py:154} INFO - [2024-11-06T08:49:24.755+0000] {dag.py:2941} INFO - Sync 1 DAGs
[2024-11-06T08:49:24.765+0000] {logging_mixin.py:154} INFO - [2024-11-06T08:49:24.765+0000] {dag.py:3722} INFO - Setting next_dagrun for example_nested_branch_dag to 2024-11-05T00:00:00+00:00, run_after=2024-11-06T00:00:00+00:00
[2024-11-06T08:49:24.772+0000] {processor.py:179} INFO - Processing /home/airflow/.local/lib/python3.8/site-packages/airflow/example_dags/example_nested_branch_dag.py took 0.034 seconds
[2024-11-06T08:49:54.975+0000] {processor.py:157} INFO - Started process (PID=791) to work on /home/airflow/.local/lib/python3.8/site-packages/airflow/example_dags/example_nested_branch_dag.py
[2024-11-06T08:49:54.978+0000] {processor.py:829} INFO - Processing file /home/airflow/.local/lib/python3.8/site-packages/airflow/example_dags/example_nested_branch_dag.py for tasks to queue
[2024-11-06T08:49:54.982+0000] {logging_mixin.py:154} INFO - [2024-11-06T08:49:54.982+0000] {dagbag.py:536} INFO - Filling up the DagBag from /home/airflow/.local/lib/python3.8/site-packages/airflow/example_dags/example_nested_branch_dag.py
[2024-11-06T08:49:54.986+0000] {processor.py:839} INFO - DAG(s) dict_keys(['example_nested_branch_dag']) retrieved from /home/airflow/.local/lib/python3.8/site-packages/airflow/example_dags/example_nested_branch_dag.py
[2024-11-06T08:49:54.996+0000] {logging_mixin.py:154} INFO - [2024-11-06T08:49:54.996+0000] {dag.py:2941} INFO - Sync 1 DAGs
[2024-11-06T08:49:55.007+0000] {logging_mixin.py:154} INFO - [2024-11-06T08:49:55.007+0000] {dag.py:3722} INFO - Setting next_dagrun for example_nested_branch_dag to 2024-11-05T00:00:00+00:00, run_after=2024-11-06T00:00:00+00:00
[2024-11-06T08:49:55.016+0000] {processor.py:179} INFO - Processing /home/airflow/.local/lib/python3.8/site-packages/airflow/example_dags/example_nested_branch_dag.py took 0.042 seconds
[2024-11-06T08:50:25.204+0000] {processor.py:157} INFO - Started process (PID=845) to work on /home/airflow/.local/lib/python3.8/site-packages/airflow/example_dags/example_nested_branch_dag.py
[2024-11-06T08:50:25.205+0000] {processor.py:829} INFO - Processing file /home/airflow/.local/lib/python3.8/site-packages/airflow/example_dags/example_nested_branch_dag.py for tasks to queue
[2024-11-06T08:50:25.205+0000] {logging_mixin.py:154} INFO - [2024-11-06T08:50:25.205+0000] {dagbag.py:536} INFO - Filling up the DagBag from /home/airflow/.local/lib/python3.8/site-packages/airflow/example_dags/example_nested_branch_dag.py
[2024-11-06T08:50:25.210+0000] {processor.py:839} INFO - DAG(s) dict_keys(['example_nested_branch_dag']) retrieved from /home/airflow/.local/lib/python3.8/site-packages/airflow/example_dags/example_nested_branch_dag.py
[2024-11-06T08:50:25.219+0000] {logging_mixin.py:154} INFO - [2024-11-06T08:50:25.219+0000] {dag.py:2941} INFO - Sync 1 DAGs
[2024-11-06T08:50:25.228+0000] {logging_mixin.py:154} INFO - [2024-11-06T08:50:25.228+0000] {dag.py:3722} INFO - Setting next_dagrun for example_nested_branch_dag to 2024-11-05T00:00:00+00:00, run_after=2024-11-06T00:00:00+00:00
[2024-11-06T08:50:25.237+0000] {processor.py:179} INFO - Processing /home/airflow/.local/lib/python3.8/site-packages/airflow/example_dags/example_nested_branch_dag.py took 0.034 seconds
[2024-11-06T08:50:55.462+0000] {processor.py:157} INFO - Started process (PID=899) to work on /home/airflow/.local/lib/python3.8/site-packages/airflow/example_dags/example_nested_branch_dag.py
[2024-11-06T08:50:55.464+0000] {processor.py:829} INFO - Processing file /home/airflow/.local/lib/python3.8/site-packages/airflow/example_dags/example_nested_branch_dag.py for tasks to queue
[2024-11-06T08:50:55.465+0000] {logging_mixin.py:154} INFO - [2024-11-06T08:50:55.465+0000] {dagbag.py:536} INFO - Filling up the DagBag from /home/airflow/.local/lib/python3.8/site-packages/airflow/example_dags/example_nested_branch_dag.py
[2024-11-06T08:50:55.469+0000] {processor.py:839} INFO - DAG(s) dict_keys(['example_nested_branch_dag']) retrieved from /home/airflow/.local/lib/python3.8/site-packages/airflow/example_dags/example_nested_branch_dag.py
[2024-11-06T08:50:55.480+0000] {logging_mixin.py:154} INFO - [2024-11-06T08:50:55.480+0000] {dag.py:2941} INFO - Sync 1 DAGs
[2024-11-06T08:50:55.490+0000] {logging_mixin.py:154} INFO - [2024-11-06T08:50:55.490+0000] {dag.py:3722} INFO - Setting next_dagrun for example_nested_branch_dag to 2024-11-05T00:00:00+00:00, run_after=2024-11-06T00:00:00+00:00
[2024-11-06T08:50:55.496+0000] {processor.py:179} INFO - Processing /home/airflow/.local/lib/python3.8/site-packages/airflow/example_dags/example_nested_branch_dag.py took 0.035 seconds
[2024-11-06T08:51:25.877+0000] {processor.py:157} INFO - Started process (PID=953) to work on /home/airflow/.local/lib/python3.8/site-packages/airflow/example_dags/example_nested_branch_dag.py
[2024-11-06T08:51:25.877+0000] {processor.py:829} INFO - Processing file /home/airflow/.local/lib/python3.8/site-packages/airflow/example_dags/example_nested_branch_dag.py for tasks to queue
[2024-11-06T08:51:25.878+0000] {logging_mixin.py:154} INFO - [2024-11-06T08:51:25.878+0000] {dagbag.py:536} INFO - Filling up the DagBag from /home/airflow/.local/lib/python3.8/site-packages/airflow/example_dags/example_nested_branch_dag.py
[2024-11-06T08:51:25.886+0000] {processor.py:839} INFO - DAG(s) dict_keys(['example_nested_branch_dag']) retrieved from /home/airflow/.local/lib/python3.8/site-packages/airflow/example_dags/example_nested_branch_dag.py
[2024-11-06T08:51:25.897+0000] {logging_mixin.py:154} INFO - [2024-11-06T08:51:25.897+0000] {dag.py:2941} INFO - Sync 1 DAGs
[2024-11-06T08:51:25.907+0000] {logging_mixin.py:154} INFO - [2024-11-06T08:51:25.907+0000] {dag.py:3722} INFO - Setting next_dagrun for example_nested_branch_dag to 2024-11-05T00:00:00+00:00, run_after=2024-11-06T00:00:00+00:00
[2024-11-06T08:51:25.913+0000] {processor.py:179} INFO - Processing /home/airflow/.local/lib/python3.8/site-packages/airflow/example_dags/example_nested_branch_dag.py took 0.038 seconds
[2024-11-06T08:51:56.176+0000] {processor.py:157} INFO - Started process (PID=1007) to work on /home/airflow/.local/lib/python3.8/site-packages/airflow/example_dags/example_nested_branch_dag.py
[2024-11-06T08:51:56.177+0000] {processor.py:829} INFO - Processing file /home/airflow/.local/lib/python3.8/site-packages/airflow/example_dags/example_nested_branch_dag.py for tasks to queue
[2024-11-06T08:51:56.178+0000] {logging_mixin.py:154} INFO - [2024-11-06T08:51:56.178+0000] {dagbag.py:536} INFO - Filling up the DagBag from /home/airflow/.local/lib/python3.8/site-packages/airflow/example_dags/example_nested_branch_dag.py
[2024-11-06T08:51:56.182+0000] {processor.py:839} INFO - DAG(s) dict_keys(['example_nested_branch_dag']) retrieved from /home/airflow/.local/lib/python3.8/site-packages/airflow/example_dags/example_nested_branch_dag.py
[2024-11-06T08:51:56.194+0000] {logging_mixin.py:154} INFO - [2024-11-06T08:51:56.194+0000] {dag.py:2941} INFO - Sync 1 DAGs
[2024-11-06T08:51:56.204+0000] {logging_mixin.py:154} INFO - [2024-11-06T08:51:56.204+0000] {dag.py:3722} INFO - Setting next_dagrun for example_nested_branch_dag to 2024-11-05T00:00:00+00:00, run_after=2024-11-06T00:00:00+00:00
[2024-11-06T08:51:56.280+0000] {processor.py:179} INFO - Processing /home/airflow/.local/lib/python3.8/site-packages/airflow/example_dags/example_nested_branch_dag.py took 0.105 seconds
[2024-11-06T08:52:26.513+0000] {processor.py:157} INFO - Started process (PID=1061) to work on /home/airflow/.local/lib/python3.8/site-packages/airflow/example_dags/example_nested_branch_dag.py
[2024-11-06T08:52:26.514+0000] {processor.py:829} INFO - Processing file /home/airflow/.local/lib/python3.8/site-packages/airflow/example_dags/example_nested_branch_dag.py for tasks to queue
[2024-11-06T08:52:26.515+0000] {logging_mixin.py:154} INFO - [2024-11-06T08:52:26.515+0000] {dagbag.py:536} INFO - Filling up the DagBag from /home/airflow/.local/lib/python3.8/site-packages/airflow/example_dags/example_nested_branch_dag.py
[2024-11-06T08:52:26.520+0000] {processor.py:839} INFO - DAG(s) dict_keys(['example_nested_branch_dag']) retrieved from /home/airflow/.local/lib/python3.8/site-packages/airflow/example_dags/example_nested_branch_dag.py
[2024-11-06T08:52:26.529+0000] {logging_mixin.py:154} INFO - [2024-11-06T08:52:26.529+0000] {dag.py:2941} INFO - Sync 1 DAGs
[2024-11-06T08:52:26.539+0000] {logging_mixin.py:154} INFO - [2024-11-06T08:52:26.538+0000] {dag.py:3722} INFO - Setting next_dagrun for example_nested_branch_dag to 2024-11-05T00:00:00+00:00, run_after=2024-11-06T00:00:00+00:00
[2024-11-06T08:52:26.546+0000] {processor.py:179} INFO - Processing /home/airflow/.local/lib/python3.8/site-packages/airflow/example_dags/example_nested_branch_dag.py took 0.035 seconds
[2024-11-06T08:52:57.177+0000] {processor.py:157} INFO - Started process (PID=1115) to work on /home/airflow/.local/lib/python3.8/site-packages/airflow/example_dags/example_nested_branch_dag.py
[2024-11-06T08:52:57.179+0000] {processor.py:829} INFO - Processing file /home/airflow/.local/lib/python3.8/site-packages/airflow/example_dags/example_nested_branch_dag.py for tasks to queue
[2024-11-06T08:52:57.180+0000] {logging_mixin.py:154} INFO - [2024-11-06T08:52:57.180+0000] {dagbag.py:536} INFO - Filling up the DagBag from /home/airflow/.local/lib/python3.8/site-packages/airflow/example_dags/example_nested_branch_dag.py
[2024-11-06T08:52:57.185+0000] {processor.py:839} INFO - DAG(s) dict_keys(['example_nested_branch_dag']) retrieved from /home/airflow/.local/lib/python3.8/site-packages/airflow/example_dags/example_nested_branch_dag.py
[2024-11-06T08:52:57.194+0000] {logging_mixin.py:154} INFO - [2024-11-06T08:52:57.194+0000] {dag.py:2941} INFO - Sync 1 DAGs
[2024-11-06T08:52:57.203+0000] {logging_mixin.py:154} INFO - [2024-11-06T08:52:57.203+0000] {dag.py:3722} INFO - Setting next_dagrun for example_nested_branch_dag to 2024-11-05T00:00:00+00:00, run_after=2024-11-06T00:00:00+00:00
[2024-11-06T08:52:57.210+0000] {processor.py:179} INFO - Processing /home/airflow/.local/lib/python3.8/site-packages/airflow/example_dags/example_nested_branch_dag.py took 0.035 seconds
[2024-11-06T08:53:27.780+0000] {processor.py:157} INFO - Started process (PID=1169) to work on /home/airflow/.local/lib/python3.8/site-packages/airflow/example_dags/example_nested_branch_dag.py
[2024-11-06T08:53:27.780+0000] {processor.py:829} INFO - Processing file /home/airflow/.local/lib/python3.8/site-packages/airflow/example_dags/example_nested_branch_dag.py for tasks to queue
[2024-11-06T08:53:27.781+0000] {logging_mixin.py:154} INFO - [2024-11-06T08:53:27.781+0000] {dagbag.py:536} INFO - Filling up the DagBag from /home/airflow/.local/lib/python3.8/site-packages/airflow/example_dags/example_nested_branch_dag.py
[2024-11-06T08:53:27.786+0000] {processor.py:839} INFO - DAG(s) dict_keys(['example_nested_branch_dag']) retrieved from /home/airflow/.local/lib/python3.8/site-packages/airflow/example_dags/example_nested_branch_dag.py
[2024-11-06T08:53:27.796+0000] {logging_mixin.py:154} INFO - [2024-11-06T08:53:27.796+0000] {dag.py:2941} INFO - Sync 1 DAGs
[2024-11-06T08:53:27.806+0000] {logging_mixin.py:154} INFO - [2024-11-06T08:53:27.806+0000] {dag.py:3722} INFO - Setting next_dagrun for example_nested_branch_dag to 2024-11-05T00:00:00+00:00, run_after=2024-11-06T00:00:00+00:00
[2024-11-06T08:53:27.879+0000] {processor.py:179} INFO - Processing /home/airflow/.local/lib/python3.8/site-packages/airflow/example_dags/example_nested_branch_dag.py took 0.101 seconds
[2024-11-06T08:53:58.115+0000] {processor.py:157} INFO - Started process (PID=1223) to work on /home/airflow/.local/lib/python3.8/site-packages/airflow/example_dags/example_nested_branch_dag.py
[2024-11-06T08:53:58.116+0000] {processor.py:829} INFO - Processing file /home/airflow/.local/lib/python3.8/site-packages/airflow/example_dags/example_nested_branch_dag.py for tasks to queue
[2024-11-06T08:53:58.117+0000] {logging_mixin.py:154} INFO - [2024-11-06T08:53:58.117+0000] {dagbag.py:536} INFO - Filling up the DagBag from /home/airflow/.local/lib/python3.8/site-packages/airflow/example_dags/example_nested_branch_dag.py
[2024-11-06T08:53:58.121+0000] {processor.py:839} INFO - DAG(s) dict_keys(['example_nested_branch_dag']) retrieved from /home/airflow/.local/lib/python3.8/site-packages/airflow/example_dags/example_nested_branch_dag.py
[2024-11-06T08:53:58.131+0000] {logging_mixin.py:154} INFO - [2024-11-06T08:53:58.131+0000] {dag.py:2941} INFO - Sync 1 DAGs
[2024-11-06T08:53:58.140+0000] {logging_mixin.py:154} INFO - [2024-11-06T08:53:58.140+0000] {dag.py:3722} INFO - Setting next_dagrun for example_nested_branch_dag to 2024-11-05T00:00:00+00:00, run_after=2024-11-06T00:00:00+00:00
[2024-11-06T08:53:58.146+0000] {processor.py:179} INFO - Processing /home/airflow/.local/lib/python3.8/site-packages/airflow/example_dags/example_nested_branch_dag.py took 0.032 seconds
[2024-11-06T08:54:29.105+0000] {processor.py:157} INFO - Started process (PID=1277) to work on /home/airflow/.local/lib/python3.8/site-packages/airflow/example_dags/example_nested_branch_dag.py
[2024-11-06T08:54:29.105+0000] {processor.py:829} INFO - Processing file /home/airflow/.local/lib/python3.8/site-packages/airflow/example_dags/example_nested_branch_dag.py for tasks to queue
[2024-11-06T08:54:29.106+0000] {logging_mixin.py:154} INFO - [2024-11-06T08:54:29.106+0000] {dagbag.py:536} INFO - Filling up the DagBag from /home/airflow/.local/lib/python3.8/site-packages/airflow/example_dags/example_nested_branch_dag.py
[2024-11-06T08:54:29.110+0000] {processor.py:839} INFO - DAG(s) dict_keys(['example_nested_branch_dag']) retrieved from /home/airflow/.local/lib/python3.8/site-packages/airflow/example_dags/example_nested_branch_dag.py
[2024-11-06T08:54:29.119+0000] {logging_mixin.py:154} INFO - [2024-11-06T08:54:29.119+0000] {dag.py:2941} INFO - Sync 1 DAGs
[2024-11-06T08:54:29.128+0000] {logging_mixin.py:154} INFO - [2024-11-06T08:54:29.128+0000] {dag.py:3722} INFO - Setting next_dagrun for example_nested_branch_dag to 2024-11-05T00:00:00+00:00, run_after=2024-11-06T00:00:00+00:00
[2024-11-06T08:54:29.134+0000] {processor.py:179} INFO - Processing /home/airflow/.local/lib/python3.8/site-packages/airflow/example_dags/example_nested_branch_dag.py took 0.031 seconds
[2024-11-06T08:54:59.854+0000] {processor.py:157} INFO - Started process (PID=1331) to work on /home/airflow/.local/lib/python3.8/site-packages/airflow/example_dags/example_nested_branch_dag.py
[2024-11-06T08:54:59.854+0000] {processor.py:829} INFO - Processing file /home/airflow/.local/lib/python3.8/site-packages/airflow/example_dags/example_nested_branch_dag.py for tasks to queue
[2024-11-06T08:54:59.855+0000] {logging_mixin.py:154} INFO - [2024-11-06T08:54:59.855+0000] {dagbag.py:536} INFO - Filling up the DagBag from /home/airflow/.local/lib/python3.8/site-packages/airflow/example_dags/example_nested_branch_dag.py
[2024-11-06T08:54:59.860+0000] {processor.py:839} INFO - DAG(s) dict_keys(['example_nested_branch_dag']) retrieved from /home/airflow/.local/lib/python3.8/site-packages/airflow/example_dags/example_nested_branch_dag.py
[2024-11-06T08:54:59.870+0000] {logging_mixin.py:154} INFO - [2024-11-06T08:54:59.870+0000] {dag.py:2941} INFO - Sync 1 DAGs
[2024-11-06T08:54:59.879+0000] {logging_mixin.py:154} INFO - [2024-11-06T08:54:59.879+0000] {dag.py:3722} INFO - Setting next_dagrun for example_nested_branch_dag to 2024-11-05T00:00:00+00:00, run_after=2024-11-06T00:00:00+00:00
[2024-11-06T08:54:59.955+0000] {processor.py:179} INFO - Processing /home/airflow/.local/lib/python3.8/site-packages/airflow/example_dags/example_nested_branch_dag.py took 0.103 seconds
[2024-11-06T08:55:30.239+0000] {processor.py:157} INFO - Started process (PID=1385) to work on /home/airflow/.local/lib/python3.8/site-packages/airflow/example_dags/example_nested_branch_dag.py
[2024-11-06T08:55:30.239+0000] {processor.py:829} INFO - Processing file /home/airflow/.local/lib/python3.8/site-packages/airflow/example_dags/example_nested_branch_dag.py for tasks to queue
[2024-11-06T08:55:30.240+0000] {logging_mixin.py:154} INFO - [2024-11-06T08:55:30.240+0000] {dagbag.py:536} INFO - Filling up the DagBag from /home/airflow/.local/lib/python3.8/site-packages/airflow/example_dags/example_nested_branch_dag.py
[2024-11-06T08:55:30.244+0000] {processor.py:839} INFO - DAG(s) dict_keys(['example_nested_branch_dag']) retrieved from /home/airflow/.local/lib/python3.8/site-packages/airflow/example_dags/example_nested_branch_dag.py
[2024-11-06T08:55:30.255+0000] {logging_mixin.py:154} INFO - [2024-11-06T08:55:30.255+0000] {dag.py:2941} INFO - Sync 1 DAGs
[2024-11-06T08:55:30.264+0000] {logging_mixin.py:154} INFO - [2024-11-06T08:55:30.264+0000] {dag.py:3722} INFO - Setting next_dagrun for example_nested_branch_dag to 2024-11-05T00:00:00+00:00, run_after=2024-11-06T00:00:00+00:00
[2024-11-06T08:55:30.270+0000] {processor.py:179} INFO - Processing /home/airflow/.local/lib/python3.8/site-packages/airflow/example_dags/example_nested_branch_dag.py took 0.033 seconds
[2024-11-06T08:56:01.706+0000] {processor.py:157} INFO - Started process (PID=1439) to work on /home/airflow/.local/lib/python3.8/site-packages/airflow/example_dags/example_nested_branch_dag.py
[2024-11-06T08:56:01.707+0000] {processor.py:829} INFO - Processing file /home/airflow/.local/lib/python3.8/site-packages/airflow/example_dags/example_nested_branch_dag.py for tasks to queue
[2024-11-06T08:56:01.708+0000] {logging_mixin.py:154} INFO - [2024-11-06T08:56:01.707+0000] {dagbag.py:536} INFO - Filling up the DagBag from /home/airflow/.local/lib/python3.8/site-packages/airflow/example_dags/example_nested_branch_dag.py
[2024-11-06T08:56:01.715+0000] {processor.py:839} INFO - DAG(s) dict_keys(['example_nested_branch_dag']) retrieved from /home/airflow/.local/lib/python3.8/site-packages/airflow/example_dags/example_nested_branch_dag.py
[2024-11-06T08:56:01.725+0000] {logging_mixin.py:154} INFO - [2024-11-06T08:56:01.725+0000] {dag.py:2941} INFO - Sync 1 DAGs
[2024-11-06T08:56:01.807+0000] {logging_mixin.py:154} INFO - [2024-11-06T08:56:01.807+0000] {dag.py:3722} INFO - Setting next_dagrun for example_nested_branch_dag to 2024-11-05T00:00:00+00:00, run_after=2024-11-06T00:00:00+00:00
[2024-11-06T08:56:01.815+0000] {processor.py:179} INFO - Processing /home/airflow/.local/lib/python3.8/site-packages/airflow/example_dags/example_nested_branch_dag.py took 0.111 seconds
[2024-11-06T08:56:32.485+0000] {processor.py:157} INFO - Started process (PID=1493) to work on /home/airflow/.local/lib/python3.8/site-packages/airflow/example_dags/example_nested_branch_dag.py
[2024-11-06T08:56:32.485+0000] {processor.py:829} INFO - Processing file /home/airflow/.local/lib/python3.8/site-packages/airflow/example_dags/example_nested_branch_dag.py for tasks to queue
[2024-11-06T08:56:32.486+0000] {logging_mixin.py:154} INFO - [2024-11-06T08:56:32.486+0000] {dagbag.py:536} INFO - Filling up the DagBag from /home/airflow/.local/lib/python3.8/site-packages/airflow/example_dags/example_nested_branch_dag.py
[2024-11-06T08:56:32.490+0000] {processor.py:839} INFO - DAG(s) dict_keys(['example_nested_branch_dag']) retrieved from /home/airflow/.local/lib/python3.8/site-packages/airflow/example_dags/example_nested_branch_dag.py
[2024-11-06T08:56:32.501+0000] {logging_mixin.py:154} INFO - [2024-11-06T08:56:32.501+0000] {dag.py:2941} INFO - Sync 1 DAGs
[2024-11-06T08:56:32.511+0000] {logging_mixin.py:154} INFO - [2024-11-06T08:56:32.511+0000] {dag.py:3722} INFO - Setting next_dagrun for example_nested_branch_dag to 2024-11-05T00:00:00+00:00, run_after=2024-11-06T00:00:00+00:00
[2024-11-06T08:56:32.593+0000] {processor.py:179} INFO - Processing /home/airflow/.local/lib/python3.8/site-packages/airflow/example_dags/example_nested_branch_dag.py took 0.110 seconds
[2024-11-06T08:57:02.614+0000] {processor.py:157} INFO - Started process (PID=1547) to work on /home/airflow/.local/lib/python3.8/site-packages/airflow/example_dags/example_nested_branch_dag.py
[2024-11-06T08:57:02.615+0000] {processor.py:829} INFO - Processing file /home/airflow/.local/lib/python3.8/site-packages/airflow/example_dags/example_nested_branch_dag.py for tasks to queue
[2024-11-06T08:57:02.616+0000] {logging_mixin.py:154} INFO - [2024-11-06T08:57:02.616+0000] {dagbag.py:536} INFO - Filling up the DagBag from /home/airflow/.local/lib/python3.8/site-packages/airflow/example_dags/example_nested_branch_dag.py
[2024-11-06T08:57:02.621+0000] {processor.py:839} INFO - DAG(s) dict_keys(['example_nested_branch_dag']) retrieved from /home/airflow/.local/lib/python3.8/site-packages/airflow/example_dags/example_nested_branch_dag.py
[2024-11-06T08:57:02.630+0000] {logging_mixin.py:154} INFO - [2024-11-06T08:57:02.630+0000] {dag.py:2941} INFO - Sync 1 DAGs
[2024-11-06T08:57:02.641+0000] {logging_mixin.py:154} INFO - [2024-11-06T08:57:02.640+0000] {dag.py:3722} INFO - Setting next_dagrun for example_nested_branch_dag to 2024-11-05T00:00:00+00:00, run_after=2024-11-06T00:00:00+00:00
[2024-11-06T08:57:02.647+0000] {processor.py:179} INFO - Processing /home/airflow/.local/lib/python3.8/site-packages/airflow/example_dags/example_nested_branch_dag.py took 0.035 seconds
[2024-11-06T08:57:33.327+0000] {processor.py:157} INFO - Started process (PID=1601) to work on /home/airflow/.local/lib/python3.8/site-packages/airflow/example_dags/example_nested_branch_dag.py
[2024-11-06T08:57:33.328+0000] {processor.py:829} INFO - Processing file /home/airflow/.local/lib/python3.8/site-packages/airflow/example_dags/example_nested_branch_dag.py for tasks to queue
[2024-11-06T08:57:33.329+0000] {logging_mixin.py:154} INFO - [2024-11-06T08:57:33.329+0000] {dagbag.py:536} INFO - Filling up the DagBag from /home/airflow/.local/lib/python3.8/site-packages/airflow/example_dags/example_nested_branch_dag.py
[2024-11-06T08:57:33.334+0000] {processor.py:839} INFO - DAG(s) dict_keys(['example_nested_branch_dag']) retrieved from /home/airflow/.local/lib/python3.8/site-packages/airflow/example_dags/example_nested_branch_dag.py
[2024-11-06T08:57:33.344+0000] {logging_mixin.py:154} INFO - [2024-11-06T08:57:33.344+0000] {dag.py:2941} INFO - Sync 1 DAGs
[2024-11-06T08:57:33.429+0000] {logging_mixin.py:154} INFO - [2024-11-06T08:57:33.428+0000] {dag.py:3722} INFO - Setting next_dagrun for example_nested_branch_dag to 2024-11-05T00:00:00+00:00, run_after=2024-11-06T00:00:00+00:00
[2024-11-06T08:57:33.435+0000] {processor.py:179} INFO - Processing /home/airflow/.local/lib/python3.8/site-packages/airflow/example_dags/example_nested_branch_dag.py took 0.109 seconds
[2024-11-06T08:58:04.031+0000] {processor.py:157} INFO - Started process (PID=1654) to work on /home/airflow/.local/lib/python3.8/site-packages/airflow/example_dags/example_nested_branch_dag.py
[2024-11-06T08:58:04.032+0000] {processor.py:829} INFO - Processing file /home/airflow/.local/lib/python3.8/site-packages/airflow/example_dags/example_nested_branch_dag.py for tasks to queue
[2024-11-06T08:58:04.033+0000] {logging_mixin.py:154} INFO - [2024-11-06T08:58:04.033+0000] {dagbag.py:536} INFO - Filling up the DagBag from /home/airflow/.local/lib/python3.8/site-packages/airflow/example_dags/example_nested_branch_dag.py
[2024-11-06T08:58:04.037+0000] {processor.py:839} INFO - DAG(s) dict_keys(['example_nested_branch_dag']) retrieved from /home/airflow/.local/lib/python3.8/site-packages/airflow/example_dags/example_nested_branch_dag.py
[2024-11-06T08:58:04.047+0000] {logging_mixin.py:154} INFO - [2024-11-06T08:58:04.047+0000] {dag.py:2941} INFO - Sync 1 DAGs
[2024-11-06T08:58:04.058+0000] {logging_mixin.py:154} INFO - [2024-11-06T08:58:04.057+0000] {dag.py:3722} INFO - Setting next_dagrun for example_nested_branch_dag to 2024-11-05T00:00:00+00:00, run_after=2024-11-06T00:00:00+00:00
[2024-11-06T08:58:04.141+0000] {processor.py:179} INFO - Processing /home/airflow/.local/lib/python3.8/site-packages/airflow/example_dags/example_nested_branch_dag.py took 0.111 seconds
[2024-11-06T08:58:34.547+0000] {processor.py:157} INFO - Started process (PID=1708) to work on /home/airflow/.local/lib/python3.8/site-packages/airflow/example_dags/example_nested_branch_dag.py
[2024-11-06T08:58:34.548+0000] {processor.py:829} INFO - Processing file /home/airflow/.local/lib/python3.8/site-packages/airflow/example_dags/example_nested_branch_dag.py for tasks to queue
[2024-11-06T08:58:34.551+0000] {logging_mixin.py:154} INFO - [2024-11-06T08:58:34.551+0000] {dagbag.py:536} INFO - Filling up the DagBag from /home/airflow/.local/lib/python3.8/site-packages/airflow/example_dags/example_nested_branch_dag.py
[2024-11-06T08:58:34.555+0000] {processor.py:839} INFO - DAG(s) dict_keys(['example_nested_branch_dag']) retrieved from /home/airflow/.local/lib/python3.8/site-packages/airflow/example_dags/example_nested_branch_dag.py
[2024-11-06T08:58:34.568+0000] {logging_mixin.py:154} INFO - [2024-11-06T08:58:34.568+0000] {dag.py:2941} INFO - Sync 1 DAGs
[2024-11-06T08:58:34.578+0000] {logging_mixin.py:154} INFO - [2024-11-06T08:58:34.578+0000] {dag.py:3722} INFO - Setting next_dagrun for example_nested_branch_dag to 2024-11-05T00:00:00+00:00, run_after=2024-11-06T00:00:00+00:00
[2024-11-06T08:58:34.586+0000] {processor.py:179} INFO - Processing /home/airflow/.local/lib/python3.8/site-packages/airflow/example_dags/example_nested_branch_dag.py took 0.040 seconds
[2024-11-06T09:17:57.773+0000] {processor.py:157} INFO - Started process (PID=1753) to work on /home/airflow/.local/lib/python3.8/site-packages/airflow/example_dags/example_nested_branch_dag.py
[2024-11-06T09:17:57.774+0000] {processor.py:829} INFO - Processing file /home/airflow/.local/lib/python3.8/site-packages/airflow/example_dags/example_nested_branch_dag.py for tasks to queue
[2024-11-06T09:17:57.776+0000] {logging_mixin.py:154} INFO - [2024-11-06T09:17:57.775+0000] {dagbag.py:536} INFO - Filling up the DagBag from /home/airflow/.local/lib/python3.8/site-packages/airflow/example_dags/example_nested_branch_dag.py
[2024-11-06T09:17:57.781+0000] {processor.py:839} INFO - DAG(s) dict_keys(['example_nested_branch_dag']) retrieved from /home/airflow/.local/lib/python3.8/site-packages/airflow/example_dags/example_nested_branch_dag.py
[2024-11-06T09:17:57.790+0000] {logging_mixin.py:154} INFO - [2024-11-06T09:17:57.790+0000] {dag.py:2941} INFO - Sync 1 DAGs
[2024-11-06T09:17:57.800+0000] {logging_mixin.py:154} INFO - [2024-11-06T09:17:57.800+0000] {dag.py:3722} INFO - Setting next_dagrun for example_nested_branch_dag to 2024-11-05T00:00:00+00:00, run_after=2024-11-06T00:00:00+00:00
[2024-11-06T09:17:57.810+0000] {processor.py:179} INFO - Processing /home/airflow/.local/lib/python3.8/site-packages/airflow/example_dags/example_nested_branch_dag.py took 0.039 seconds
[2024-11-06T09:29:44.394+0000] {processor.py:157} INFO - Started process (PID=1807) to work on /home/airflow/.local/lib/python3.8/site-packages/airflow/example_dags/example_nested_branch_dag.py
[2024-11-06T09:29:44.395+0000] {processor.py:829} INFO - Processing file /home/airflow/.local/lib/python3.8/site-packages/airflow/example_dags/example_nested_branch_dag.py for tasks to queue
[2024-11-06T09:29:44.398+0000] {logging_mixin.py:154} INFO - [2024-11-06T09:29:44.398+0000] {dagbag.py:536} INFO - Filling up the DagBag from /home/airflow/.local/lib/python3.8/site-packages/airflow/example_dags/example_nested_branch_dag.py
[2024-11-06T09:29:44.405+0000] {processor.py:839} INFO - DAG(s) dict_keys(['example_nested_branch_dag']) retrieved from /home/airflow/.local/lib/python3.8/site-packages/airflow/example_dags/example_nested_branch_dag.py
[2024-11-06T09:29:44.425+0000] {logging_mixin.py:154} INFO - [2024-11-06T09:29:44.425+0000] {dag.py:2941} INFO - Sync 1 DAGs
[2024-11-06T09:29:44.453+0000] {logging_mixin.py:154} INFO - [2024-11-06T09:29:44.453+0000] {dag.py:3722} INFO - Setting next_dagrun for example_nested_branch_dag to 2024-11-05T00:00:00+00:00, run_after=2024-11-06T00:00:00+00:00
[2024-11-06T09:29:44.474+0000] {processor.py:179} INFO - Processing /home/airflow/.local/lib/python3.8/site-packages/airflow/example_dags/example_nested_branch_dag.py took 0.084 seconds
[2024-11-06T10:28:14.057+0000] {processor.py:157} INFO - Started process (PID=1861) to work on /home/airflow/.local/lib/python3.8/site-packages/airflow/example_dags/example_nested_branch_dag.py
[2024-11-06T10:28:14.058+0000] {processor.py:829} INFO - Processing file /home/airflow/.local/lib/python3.8/site-packages/airflow/example_dags/example_nested_branch_dag.py for tasks to queue
[2024-11-06T10:28:14.059+0000] {logging_mixin.py:154} INFO - [2024-11-06T10:28:14.059+0000] {dagbag.py:536} INFO - Filling up the DagBag from /home/airflow/.local/lib/python3.8/site-packages/airflow/example_dags/example_nested_branch_dag.py
[2024-11-06T10:28:14.064+0000] {processor.py:839} INFO - DAG(s) dict_keys(['example_nested_branch_dag']) retrieved from /home/airflow/.local/lib/python3.8/site-packages/airflow/example_dags/example_nested_branch_dag.py
[2024-11-06T10:28:14.075+0000] {logging_mixin.py:154} INFO - [2024-11-06T10:28:14.074+0000] {dag.py:2941} INFO - Sync 1 DAGs
[2024-11-06T10:28:14.087+0000] {logging_mixin.py:154} INFO - [2024-11-06T10:28:14.086+0000] {dag.py:3722} INFO - Setting next_dagrun for example_nested_branch_dag to 2024-11-05T00:00:00+00:00, run_after=2024-11-06T00:00:00+00:00
[2024-11-06T10:28:14.101+0000] {processor.py:179} INFO - Processing /home/airflow/.local/lib/python3.8/site-packages/airflow/example_dags/example_nested_branch_dag.py took 0.045 seconds
[2024-11-06T11:31:04.127+0000] {processor.py:157} INFO - Started process (PID=1915) to work on /home/airflow/.local/lib/python3.8/site-packages/airflow/example_dags/example_nested_branch_dag.py
[2024-11-06T11:31:04.128+0000] {processor.py:829} INFO - Processing file /home/airflow/.local/lib/python3.8/site-packages/airflow/example_dags/example_nested_branch_dag.py for tasks to queue
[2024-11-06T11:31:04.129+0000] {logging_mixin.py:154} INFO - [2024-11-06T11:31:04.129+0000] {dagbag.py:536} INFO - Filling up the DagBag from /home/airflow/.local/lib/python3.8/site-packages/airflow/example_dags/example_nested_branch_dag.py
[2024-11-06T11:31:04.134+0000] {processor.py:839} INFO - DAG(s) dict_keys(['example_nested_branch_dag']) retrieved from /home/airflow/.local/lib/python3.8/site-packages/airflow/example_dags/example_nested_branch_dag.py
[2024-11-06T11:31:04.143+0000] {logging_mixin.py:154} INFO - [2024-11-06T11:31:04.143+0000] {dag.py:2941} INFO - Sync 1 DAGs
[2024-11-06T11:31:04.152+0000] {logging_mixin.py:154} INFO - [2024-11-06T11:31:04.152+0000] {dag.py:3722} INFO - Setting next_dagrun for example_nested_branch_dag to 2024-11-05T00:00:00+00:00, run_after=2024-11-06T00:00:00+00:00
[2024-11-06T11:31:04.162+0000] {processor.py:179} INFO - Processing /home/airflow/.local/lib/python3.8/site-packages/airflow/example_dags/example_nested_branch_dag.py took 0.036 seconds
[2024-11-06T11:59:50.661+0000] {processor.py:157} INFO - Started process (PID=1969) to work on /home/airflow/.local/lib/python3.8/site-packages/airflow/example_dags/example_nested_branch_dag.py
[2024-11-06T11:59:50.662+0000] {processor.py:829} INFO - Processing file /home/airflow/.local/lib/python3.8/site-packages/airflow/example_dags/example_nested_branch_dag.py for tasks to queue
[2024-11-06T11:59:50.663+0000] {logging_mixin.py:154} INFO - [2024-11-06T11:59:50.663+0000] {dagbag.py:536} INFO - Filling up the DagBag from /home/airflow/.local/lib/python3.8/site-packages/airflow/example_dags/example_nested_branch_dag.py
[2024-11-06T11:59:50.668+0000] {processor.py:839} INFO - DAG(s) dict_keys(['example_nested_branch_dag']) retrieved from /home/airflow/.local/lib/python3.8/site-packages/airflow/example_dags/example_nested_branch_dag.py
[2024-11-06T11:59:50.677+0000] {logging_mixin.py:154} INFO - [2024-11-06T11:59:50.677+0000] {dag.py:2941} INFO - Sync 1 DAGs
[2024-11-06T11:59:50.686+0000] {logging_mixin.py:154} INFO - [2024-11-06T11:59:50.686+0000] {dag.py:3722} INFO - Setting next_dagrun for example_nested_branch_dag to 2024-11-05T00:00:00+00:00, run_after=2024-11-06T00:00:00+00:00
[2024-11-06T11:59:50.692+0000] {processor.py:179} INFO - Processing /home/airflow/.local/lib/python3.8/site-packages/airflow/example_dags/example_nested_branch_dag.py took 0.033 seconds
[2024-11-06T12:50:48.239+0000] {processor.py:157} INFO - Started process (PID=2023) to work on /home/airflow/.local/lib/python3.8/site-packages/airflow/example_dags/example_nested_branch_dag.py
[2024-11-06T12:50:48.242+0000] {processor.py:829} INFO - Processing file /home/airflow/.local/lib/python3.8/site-packages/airflow/example_dags/example_nested_branch_dag.py for tasks to queue
[2024-11-06T12:50:48.244+0000] {logging_mixin.py:154} INFO - [2024-11-06T12:50:48.244+0000] {dagbag.py:536} INFO - Filling up the DagBag from /home/airflow/.local/lib/python3.8/site-packages/airflow/example_dags/example_nested_branch_dag.py
[2024-11-06T12:50:48.250+0000] {processor.py:839} INFO - DAG(s) dict_keys(['example_nested_branch_dag']) retrieved from /home/airflow/.local/lib/python3.8/site-packages/airflow/example_dags/example_nested_branch_dag.py
[2024-11-06T12:50:48.261+0000] {logging_mixin.py:154} INFO - [2024-11-06T12:50:48.260+0000] {dag.py:2941} INFO - Sync 1 DAGs
[2024-11-06T12:50:48.271+0000] {logging_mixin.py:154} INFO - [2024-11-06T12:50:48.271+0000] {dag.py:3722} INFO - Setting next_dagrun for example_nested_branch_dag to 2024-11-05T00:00:00+00:00, run_after=2024-11-06T00:00:00+00:00
[2024-11-06T12:50:48.279+0000] {processor.py:179} INFO - Processing /home/airflow/.local/lib/python3.8/site-packages/airflow/example_dags/example_nested_branch_dag.py took 0.041 seconds
[2024-11-06T12:52:35.897+0000] {processor.py:157} INFO - Started process (PID=2077) to work on /home/airflow/.local/lib/python3.8/site-packages/airflow/example_dags/example_nested_branch_dag.py
[2024-11-06T12:52:35.897+0000] {processor.py:829} INFO - Processing file /home/airflow/.local/lib/python3.8/site-packages/airflow/example_dags/example_nested_branch_dag.py for tasks to queue
[2024-11-06T12:52:35.898+0000] {logging_mixin.py:154} INFO - [2024-11-06T12:52:35.898+0000] {dagbag.py:536} INFO - Filling up the DagBag from /home/airflow/.local/lib/python3.8/site-packages/airflow/example_dags/example_nested_branch_dag.py
[2024-11-06T12:52:35.903+0000] {processor.py:839} INFO - DAG(s) dict_keys(['example_nested_branch_dag']) retrieved from /home/airflow/.local/lib/python3.8/site-packages/airflow/example_dags/example_nested_branch_dag.py
[2024-11-06T12:52:35.915+0000] {logging_mixin.py:154} INFO - [2024-11-06T12:52:35.914+0000] {dag.py:2941} INFO - Sync 1 DAGs
[2024-11-06T12:52:35.924+0000] {logging_mixin.py:154} INFO - [2024-11-06T12:52:35.924+0000] {dag.py:3722} INFO - Setting next_dagrun for example_nested_branch_dag to 2024-11-05T00:00:00+00:00, run_after=2024-11-06T00:00:00+00:00
[2024-11-06T12:52:35.936+0000] {processor.py:179} INFO - Processing /home/airflow/.local/lib/python3.8/site-packages/airflow/example_dags/example_nested_branch_dag.py took 0.040 seconds
[2024-11-06T13:07:17.315+0000] {processor.py:157} INFO - Started process (PID=2131) to work on /home/airflow/.local/lib/python3.8/site-packages/airflow/example_dags/example_nested_branch_dag.py
[2024-11-06T13:07:17.318+0000] {processor.py:829} INFO - Processing file /home/airflow/.local/lib/python3.8/site-packages/airflow/example_dags/example_nested_branch_dag.py for tasks to queue
[2024-11-06T13:07:17.319+0000] {logging_mixin.py:154} INFO - [2024-11-06T13:07:17.318+0000] {dagbag.py:536} INFO - Filling up the DagBag from /home/airflow/.local/lib/python3.8/site-packages/airflow/example_dags/example_nested_branch_dag.py
[2024-11-06T13:07:17.324+0000] {processor.py:839} INFO - DAG(s) dict_keys(['example_nested_branch_dag']) retrieved from /home/airflow/.local/lib/python3.8/site-packages/airflow/example_dags/example_nested_branch_dag.py
[2024-11-06T13:07:17.333+0000] {logging_mixin.py:154} INFO - [2024-11-06T13:07:17.333+0000] {dag.py:2941} INFO - Sync 1 DAGs
[2024-11-06T13:07:17.342+0000] {logging_mixin.py:154} INFO - [2024-11-06T13:07:17.342+0000] {dag.py:3722} INFO - Setting next_dagrun for example_nested_branch_dag to 2024-11-05T00:00:00+00:00, run_after=2024-11-06T00:00:00+00:00
[2024-11-06T13:07:17.352+0000] {processor.py:179} INFO - Processing /home/airflow/.local/lib/python3.8/site-packages/airflow/example_dags/example_nested_branch_dag.py took 0.038 seconds
[2024-11-06T13:47:32.253+0000] {processor.py:157} INFO - Started process (PID=2185) to work on /home/airflow/.local/lib/python3.8/site-packages/airflow/example_dags/example_nested_branch_dag.py
[2024-11-06T13:47:32.254+0000] {processor.py:829} INFO - Processing file /home/airflow/.local/lib/python3.8/site-packages/airflow/example_dags/example_nested_branch_dag.py for tasks to queue
[2024-11-06T13:47:32.255+0000] {logging_mixin.py:154} INFO - [2024-11-06T13:47:32.255+0000] {dagbag.py:536} INFO - Filling up the DagBag from /home/airflow/.local/lib/python3.8/site-packages/airflow/example_dags/example_nested_branch_dag.py
[2024-11-06T13:47:32.261+0000] {processor.py:839} INFO - DAG(s) dict_keys(['example_nested_branch_dag']) retrieved from /home/airflow/.local/lib/python3.8/site-packages/airflow/example_dags/example_nested_branch_dag.py
[2024-11-06T13:47:32.270+0000] {logging_mixin.py:154} INFO - [2024-11-06T13:47:32.270+0000] {dag.py:2941} INFO - Sync 1 DAGs
[2024-11-06T13:47:32.280+0000] {logging_mixin.py:154} INFO - [2024-11-06T13:47:32.280+0000] {dag.py:3722} INFO - Setting next_dagrun for example_nested_branch_dag to 2024-11-05T00:00:00+00:00, run_after=2024-11-06T00:00:00+00:00
[2024-11-06T13:47:32.289+0000] {processor.py:179} INFO - Processing /home/airflow/.local/lib/python3.8/site-packages/airflow/example_dags/example_nested_branch_dag.py took 0.038 seconds
[2024-11-06T13:55:17.802+0000] {processor.py:157} INFO - Started process (PID=2239) to work on /home/airflow/.local/lib/python3.8/site-packages/airflow/example_dags/example_nested_branch_dag.py
[2024-11-06T13:55:17.803+0000] {processor.py:829} INFO - Processing file /home/airflow/.local/lib/python3.8/site-packages/airflow/example_dags/example_nested_branch_dag.py for tasks to queue
[2024-11-06T13:55:17.804+0000] {logging_mixin.py:154} INFO - [2024-11-06T13:55:17.804+0000] {dagbag.py:536} INFO - Filling up the DagBag from /home/airflow/.local/lib/python3.8/site-packages/airflow/example_dags/example_nested_branch_dag.py
[2024-11-06T13:55:17.808+0000] {processor.py:839} INFO - DAG(s) dict_keys(['example_nested_branch_dag']) retrieved from /home/airflow/.local/lib/python3.8/site-packages/airflow/example_dags/example_nested_branch_dag.py
[2024-11-06T13:55:17.819+0000] {logging_mixin.py:154} INFO - [2024-11-06T13:55:17.819+0000] {dag.py:2941} INFO - Sync 1 DAGs
[2024-11-06T13:55:17.831+0000] {logging_mixin.py:154} INFO - [2024-11-06T13:55:17.831+0000] {dag.py:3722} INFO - Setting next_dagrun for example_nested_branch_dag to 2024-11-05T00:00:00+00:00, run_after=2024-11-06T00:00:00+00:00
[2024-11-06T13:55:17.839+0000] {processor.py:179} INFO - Processing /home/airflow/.local/lib/python3.8/site-packages/airflow/example_dags/example_nested_branch_dag.py took 0.038 seconds
[2024-11-06T14:00:22.620+0000] {processor.py:157} INFO - Started process (PID=2293) to work on /home/airflow/.local/lib/python3.8/site-packages/airflow/example_dags/example_nested_branch_dag.py
[2024-11-06T14:00:22.620+0000] {processor.py:829} INFO - Processing file /home/airflow/.local/lib/python3.8/site-packages/airflow/example_dags/example_nested_branch_dag.py for tasks to queue
[2024-11-06T14:00:22.621+0000] {logging_mixin.py:154} INFO - [2024-11-06T14:00:22.621+0000] {dagbag.py:536} INFO - Filling up the DagBag from /home/airflow/.local/lib/python3.8/site-packages/airflow/example_dags/example_nested_branch_dag.py
[2024-11-06T14:00:22.627+0000] {processor.py:839} INFO - DAG(s) dict_keys(['example_nested_branch_dag']) retrieved from /home/airflow/.local/lib/python3.8/site-packages/airflow/example_dags/example_nested_branch_dag.py
[2024-11-06T14:00:22.637+0000] {logging_mixin.py:154} INFO - [2024-11-06T14:00:22.637+0000] {dag.py:2941} INFO - Sync 1 DAGs
[2024-11-06T14:00:22.648+0000] {logging_mixin.py:154} INFO - [2024-11-06T14:00:22.647+0000] {dag.py:3722} INFO - Setting next_dagrun for example_nested_branch_dag to 2024-11-05T00:00:00+00:00, run_after=2024-11-06T00:00:00+00:00
[2024-11-06T14:00:22.656+0000] {processor.py:179} INFO - Processing /home/airflow/.local/lib/python3.8/site-packages/airflow/example_dags/example_nested_branch_dag.py took 0.038 seconds
[2024-11-06T14:05:42.594+0000] {processor.py:157} INFO - Started process (PID=2347) to work on /home/airflow/.local/lib/python3.8/site-packages/airflow/example_dags/example_nested_branch_dag.py
[2024-11-06T14:05:42.595+0000] {processor.py:829} INFO - Processing file /home/airflow/.local/lib/python3.8/site-packages/airflow/example_dags/example_nested_branch_dag.py for tasks to queue
[2024-11-06T14:05:42.596+0000] {logging_mixin.py:154} INFO - [2024-11-06T14:05:42.596+0000] {dagbag.py:536} INFO - Filling up the DagBag from /home/airflow/.local/lib/python3.8/site-packages/airflow/example_dags/example_nested_branch_dag.py
[2024-11-06T14:05:42.603+0000] {processor.py:839} INFO - DAG(s) dict_keys(['example_nested_branch_dag']) retrieved from /home/airflow/.local/lib/python3.8/site-packages/airflow/example_dags/example_nested_branch_dag.py
[2024-11-06T14:05:42.614+0000] {logging_mixin.py:154} INFO - [2024-11-06T14:05:42.614+0000] {dag.py:2941} INFO - Sync 1 DAGs
[2024-11-06T14:05:42.623+0000] {logging_mixin.py:154} INFO - [2024-11-06T14:05:42.623+0000] {dag.py:3722} INFO - Setting next_dagrun for example_nested_branch_dag to 2024-11-05T00:00:00+00:00, run_after=2024-11-06T00:00:00+00:00
[2024-11-06T14:05:42.634+0000] {processor.py:179} INFO - Processing /home/airflow/.local/lib/python3.8/site-packages/airflow/example_dags/example_nested_branch_dag.py took 0.041 seconds
[2024-11-06T14:09:57.049+0000] {processor.py:157} INFO - Started process (PID=2401) to work on /home/airflow/.local/lib/python3.8/site-packages/airflow/example_dags/example_nested_branch_dag.py
[2024-11-06T14:09:57.050+0000] {processor.py:829} INFO - Processing file /home/airflow/.local/lib/python3.8/site-packages/airflow/example_dags/example_nested_branch_dag.py for tasks to queue
[2024-11-06T14:09:57.051+0000] {logging_mixin.py:154} INFO - [2024-11-06T14:09:57.051+0000] {dagbag.py:536} INFO - Filling up the DagBag from /home/airflow/.local/lib/python3.8/site-packages/airflow/example_dags/example_nested_branch_dag.py
[2024-11-06T14:09:57.055+0000] {processor.py:839} INFO - DAG(s) dict_keys(['example_nested_branch_dag']) retrieved from /home/airflow/.local/lib/python3.8/site-packages/airflow/example_dags/example_nested_branch_dag.py
[2024-11-06T14:09:57.066+0000] {logging_mixin.py:154} INFO - [2024-11-06T14:09:57.065+0000] {dag.py:2941} INFO - Sync 1 DAGs
[2024-11-06T14:09:57.075+0000] {logging_mixin.py:154} INFO - [2024-11-06T14:09:57.075+0000] {dag.py:3722} INFO - Setting next_dagrun for example_nested_branch_dag to 2024-11-05T00:00:00+00:00, run_after=2024-11-06T00:00:00+00:00
[2024-11-06T14:09:57.089+0000] {processor.py:179} INFO - Processing /home/airflow/.local/lib/python3.8/site-packages/airflow/example_dags/example_nested_branch_dag.py took 0.042 seconds
[2024-11-06T14:16:58.088+0000] {processor.py:157} INFO - Started process (PID=2455) to work on /home/airflow/.local/lib/python3.8/site-packages/airflow/example_dags/example_nested_branch_dag.py
[2024-11-06T14:16:58.088+0000] {processor.py:829} INFO - Processing file /home/airflow/.local/lib/python3.8/site-packages/airflow/example_dags/example_nested_branch_dag.py for tasks to queue
[2024-11-06T14:16:58.089+0000] {logging_mixin.py:154} INFO - [2024-11-06T14:16:58.089+0000] {dagbag.py:536} INFO - Filling up the DagBag from /home/airflow/.local/lib/python3.8/site-packages/airflow/example_dags/example_nested_branch_dag.py
[2024-11-06T14:16:58.095+0000] {processor.py:839} INFO - DAG(s) dict_keys(['example_nested_branch_dag']) retrieved from /home/airflow/.local/lib/python3.8/site-packages/airflow/example_dags/example_nested_branch_dag.py
[2024-11-06T14:16:58.111+0000] {logging_mixin.py:154} INFO - [2024-11-06T14:16:58.111+0000] {dag.py:2941} INFO - Sync 1 DAGs
[2024-11-06T14:16:58.122+0000] {logging_mixin.py:154} INFO - [2024-11-06T14:16:58.121+0000] {dag.py:3722} INFO - Setting next_dagrun for example_nested_branch_dag to 2024-11-05T00:00:00+00:00, run_after=2024-11-06T00:00:00+00:00
[2024-11-06T14:16:58.132+0000] {processor.py:179} INFO - Processing /home/airflow/.local/lib/python3.8/site-packages/airflow/example_dags/example_nested_branch_dag.py took 0.047 seconds
[2024-11-06T14:23:15.694+0000] {processor.py:157} INFO - Started process (PID=2509) to work on /home/airflow/.local/lib/python3.8/site-packages/airflow/example_dags/example_nested_branch_dag.py
[2024-11-06T14:23:15.695+0000] {processor.py:829} INFO - Processing file /home/airflow/.local/lib/python3.8/site-packages/airflow/example_dags/example_nested_branch_dag.py for tasks to queue
[2024-11-06T14:23:15.696+0000] {logging_mixin.py:154} INFO - [2024-11-06T14:23:15.696+0000] {dagbag.py:536} INFO - Filling up the DagBag from /home/airflow/.local/lib/python3.8/site-packages/airflow/example_dags/example_nested_branch_dag.py
[2024-11-06T14:23:15.701+0000] {processor.py:839} INFO - DAG(s) dict_keys(['example_nested_branch_dag']) retrieved from /home/airflow/.local/lib/python3.8/site-packages/airflow/example_dags/example_nested_branch_dag.py
[2024-11-06T14:23:15.713+0000] {logging_mixin.py:154} INFO - [2024-11-06T14:23:15.713+0000] {dag.py:2941} INFO - Sync 1 DAGs
[2024-11-06T14:23:15.724+0000] {logging_mixin.py:154} INFO - [2024-11-06T14:23:15.723+0000] {dag.py:3722} INFO - Setting next_dagrun for example_nested_branch_dag to 2024-11-05T00:00:00+00:00, run_after=2024-11-06T00:00:00+00:00
[2024-11-06T14:23:15.733+0000] {processor.py:179} INFO - Processing /home/airflow/.local/lib/python3.8/site-packages/airflow/example_dags/example_nested_branch_dag.py took 0.041 seconds
[2024-11-06T14:31:02.517+0000] {processor.py:157} INFO - Started process (PID=2562) to work on /home/airflow/.local/lib/python3.8/site-packages/airflow/example_dags/example_nested_branch_dag.py
[2024-11-06T14:31:02.520+0000] {processor.py:829} INFO - Processing file /home/airflow/.local/lib/python3.8/site-packages/airflow/example_dags/example_nested_branch_dag.py for tasks to queue
[2024-11-06T14:31:02.522+0000] {logging_mixin.py:154} INFO - [2024-11-06T14:31:02.522+0000] {dagbag.py:536} INFO - Filling up the DagBag from /home/airflow/.local/lib/python3.8/site-packages/airflow/example_dags/example_nested_branch_dag.py
[2024-11-06T14:31:02.527+0000] {processor.py:839} INFO - DAG(s) dict_keys(['example_nested_branch_dag']) retrieved from /home/airflow/.local/lib/python3.8/site-packages/airflow/example_dags/example_nested_branch_dag.py
[2024-11-06T14:31:02.539+0000] {logging_mixin.py:154} INFO - [2024-11-06T14:31:02.539+0000] {dag.py:2941} INFO - Sync 1 DAGs
[2024-11-06T14:31:02.550+0000] {logging_mixin.py:154} INFO - [2024-11-06T14:31:02.550+0000] {dag.py:3722} INFO - Setting next_dagrun for example_nested_branch_dag to 2024-11-05T00:00:00+00:00, run_after=2024-11-06T00:00:00+00:00
[2024-11-06T14:31:02.557+0000] {processor.py:179} INFO - Processing /home/airflow/.local/lib/python3.8/site-packages/airflow/example_dags/example_nested_branch_dag.py took 0.042 seconds
[2024-11-06T14:36:36.939+0000] {processor.py:157} INFO - Started process (PID=2615) to work on /home/airflow/.local/lib/python3.8/site-packages/airflow/example_dags/example_nested_branch_dag.py
[2024-11-06T14:36:36.939+0000] {processor.py:829} INFO - Processing file /home/airflow/.local/lib/python3.8/site-packages/airflow/example_dags/example_nested_branch_dag.py for tasks to queue
[2024-11-06T14:36:36.940+0000] {logging_mixin.py:154} INFO - [2024-11-06T14:36:36.940+0000] {dagbag.py:536} INFO - Filling up the DagBag from /home/airflow/.local/lib/python3.8/site-packages/airflow/example_dags/example_nested_branch_dag.py
[2024-11-06T14:36:36.946+0000] {processor.py:839} INFO - DAG(s) dict_keys(['example_nested_branch_dag']) retrieved from /home/airflow/.local/lib/python3.8/site-packages/airflow/example_dags/example_nested_branch_dag.py
[2024-11-06T14:36:36.957+0000] {logging_mixin.py:154} INFO - [2024-11-06T14:36:36.957+0000] {dag.py:2941} INFO - Sync 1 DAGs
[2024-11-06T14:36:36.967+0000] {logging_mixin.py:154} INFO - [2024-11-06T14:36:36.967+0000] {dag.py:3722} INFO - Setting next_dagrun for example_nested_branch_dag to 2024-11-05T00:00:00+00:00, run_after=2024-11-06T00:00:00+00:00
[2024-11-06T14:36:36.978+0000] {processor.py:179} INFO - Processing /home/airflow/.local/lib/python3.8/site-packages/airflow/example_dags/example_nested_branch_dag.py took 0.041 seconds
[2024-11-06T15:02:53.407+0000] {processor.py:157} INFO - Started process (PID=2669) to work on /home/airflow/.local/lib/python3.8/site-packages/airflow/example_dags/example_nested_branch_dag.py
[2024-11-06T15:02:53.408+0000] {processor.py:829} INFO - Processing file /home/airflow/.local/lib/python3.8/site-packages/airflow/example_dags/example_nested_branch_dag.py for tasks to queue
[2024-11-06T15:02:53.409+0000] {logging_mixin.py:154} INFO - [2024-11-06T15:02:53.409+0000] {dagbag.py:536} INFO - Filling up the DagBag from /home/airflow/.local/lib/python3.8/site-packages/airflow/example_dags/example_nested_branch_dag.py
[2024-11-06T15:02:53.414+0000] {processor.py:839} INFO - DAG(s) dict_keys(['example_nested_branch_dag']) retrieved from /home/airflow/.local/lib/python3.8/site-packages/airflow/example_dags/example_nested_branch_dag.py
[2024-11-06T15:02:53.425+0000] {logging_mixin.py:154} INFO - [2024-11-06T15:02:53.424+0000] {dag.py:2941} INFO - Sync 1 DAGs
[2024-11-06T15:02:53.434+0000] {logging_mixin.py:154} INFO - [2024-11-06T15:02:53.434+0000] {dag.py:3722} INFO - Setting next_dagrun for example_nested_branch_dag to 2024-11-05T00:00:00+00:00, run_after=2024-11-06T00:00:00+00:00
[2024-11-06T15:02:53.442+0000] {processor.py:179} INFO - Processing /home/airflow/.local/lib/python3.8/site-packages/airflow/example_dags/example_nested_branch_dag.py took 0.037 seconds
[2024-11-06T15:37:17.362+0000] {processor.py:157} INFO - Started process (PID=2723) to work on /home/airflow/.local/lib/python3.8/site-packages/airflow/example_dags/example_nested_branch_dag.py
[2024-11-06T15:37:17.362+0000] {processor.py:829} INFO - Processing file /home/airflow/.local/lib/python3.8/site-packages/airflow/example_dags/example_nested_branch_dag.py for tasks to queue
[2024-11-06T15:37:17.363+0000] {logging_mixin.py:154} INFO - [2024-11-06T15:37:17.363+0000] {dagbag.py:536} INFO - Filling up the DagBag from /home/airflow/.local/lib/python3.8/site-packages/airflow/example_dags/example_nested_branch_dag.py
[2024-11-06T15:37:17.368+0000] {processor.py:839} INFO - DAG(s) dict_keys(['example_nested_branch_dag']) retrieved from /home/airflow/.local/lib/python3.8/site-packages/airflow/example_dags/example_nested_branch_dag.py
[2024-11-06T15:37:17.379+0000] {logging_mixin.py:154} INFO - [2024-11-06T15:37:17.379+0000] {dag.py:2941} INFO - Sync 1 DAGs
[2024-11-06T15:37:17.388+0000] {logging_mixin.py:154} INFO - [2024-11-06T15:37:17.388+0000] {dag.py:3722} INFO - Setting next_dagrun for example_nested_branch_dag to 2024-11-05T00:00:00+00:00, run_after=2024-11-06T00:00:00+00:00
[2024-11-06T15:37:17.396+0000] {processor.py:179} INFO - Processing /home/airflow/.local/lib/python3.8/site-packages/airflow/example_dags/example_nested_branch_dag.py took 0.036 seconds
[2024-11-06T15:48:10.048+0000] {processor.py:157} INFO - Started process (PID=2777) to work on /home/airflow/.local/lib/python3.8/site-packages/airflow/example_dags/example_nested_branch_dag.py
[2024-11-06T15:48:10.050+0000] {processor.py:829} INFO - Processing file /home/airflow/.local/lib/python3.8/site-packages/airflow/example_dags/example_nested_branch_dag.py for tasks to queue
[2024-11-06T15:48:10.052+0000] {logging_mixin.py:154} INFO - [2024-11-06T15:48:10.052+0000] {dagbag.py:536} INFO - Filling up the DagBag from /home/airflow/.local/lib/python3.8/site-packages/airflow/example_dags/example_nested_branch_dag.py
[2024-11-06T15:48:10.059+0000] {processor.py:839} INFO - DAG(s) dict_keys(['example_nested_branch_dag']) retrieved from /home/airflow/.local/lib/python3.8/site-packages/airflow/example_dags/example_nested_branch_dag.py
[2024-11-06T15:48:10.083+0000] {logging_mixin.py:154} INFO - [2024-11-06T15:48:10.083+0000] {dag.py:2941} INFO - Sync 1 DAGs
[2024-11-06T15:48:10.103+0000] {logging_mixin.py:154} INFO - [2024-11-06T15:48:10.103+0000] {dag.py:3722} INFO - Setting next_dagrun for example_nested_branch_dag to 2024-11-05T00:00:00+00:00, run_after=2024-11-06T00:00:00+00:00
[2024-11-06T15:48:10.126+0000] {processor.py:179} INFO - Processing /home/airflow/.local/lib/python3.8/site-packages/airflow/example_dags/example_nested_branch_dag.py took 0.082 seconds
[2024-11-06T16:49:04.205+0000] {processor.py:157} INFO - Started process (PID=2831) to work on /home/airflow/.local/lib/python3.8/site-packages/airflow/example_dags/example_nested_branch_dag.py
[2024-11-06T16:49:04.206+0000] {processor.py:829} INFO - Processing file /home/airflow/.local/lib/python3.8/site-packages/airflow/example_dags/example_nested_branch_dag.py for tasks to queue
[2024-11-06T16:49:04.207+0000] {logging_mixin.py:154} INFO - [2024-11-06T16:49:04.207+0000] {dagbag.py:536} INFO - Filling up the DagBag from /home/airflow/.local/lib/python3.8/site-packages/airflow/example_dags/example_nested_branch_dag.py
[2024-11-06T16:49:04.211+0000] {processor.py:839} INFO - DAG(s) dict_keys(['example_nested_branch_dag']) retrieved from /home/airflow/.local/lib/python3.8/site-packages/airflow/example_dags/example_nested_branch_dag.py
[2024-11-06T16:49:04.221+0000] {logging_mixin.py:154} INFO - [2024-11-06T16:49:04.220+0000] {dag.py:2941} INFO - Sync 1 DAGs
[2024-11-06T16:49:04.231+0000] {logging_mixin.py:154} INFO - [2024-11-06T16:49:04.231+0000] {dag.py:3722} INFO - Setting next_dagrun for example_nested_branch_dag to 2024-11-05T00:00:00+00:00, run_after=2024-11-06T00:00:00+00:00
[2024-11-06T16:49:04.240+0000] {processor.py:179} INFO - Processing /home/airflow/.local/lib/python3.8/site-packages/airflow/example_dags/example_nested_branch_dag.py took 0.037 seconds
[2024-11-06T16:49:56.955+0000] {processor.py:157} INFO - Started process (PID=2885) to work on /home/airflow/.local/lib/python3.8/site-packages/airflow/example_dags/example_nested_branch_dag.py
[2024-11-06T16:49:56.955+0000] {processor.py:829} INFO - Processing file /home/airflow/.local/lib/python3.8/site-packages/airflow/example_dags/example_nested_branch_dag.py for tasks to queue
[2024-11-06T16:49:56.956+0000] {logging_mixin.py:154} INFO - [2024-11-06T16:49:56.956+0000] {dagbag.py:536} INFO - Filling up the DagBag from /home/airflow/.local/lib/python3.8/site-packages/airflow/example_dags/example_nested_branch_dag.py
[2024-11-06T16:49:56.961+0000] {processor.py:839} INFO - DAG(s) dict_keys(['example_nested_branch_dag']) retrieved from /home/airflow/.local/lib/python3.8/site-packages/airflow/example_dags/example_nested_branch_dag.py
[2024-11-06T16:49:56.974+0000] {logging_mixin.py:154} INFO - [2024-11-06T16:49:56.974+0000] {dag.py:2941} INFO - Sync 1 DAGs
[2024-11-06T16:49:56.985+0000] {logging_mixin.py:154} INFO - [2024-11-06T16:49:56.985+0000] {dag.py:3722} INFO - Setting next_dagrun for example_nested_branch_dag to 2024-11-05T00:00:00+00:00, run_after=2024-11-06T00:00:00+00:00
[2024-11-06T16:49:56.996+0000] {processor.py:179} INFO - Processing /home/airflow/.local/lib/python3.8/site-packages/airflow/example_dags/example_nested_branch_dag.py took 0.043 seconds
[2024-11-06T17:40:08.967+0000] {processor.py:157} INFO - Started process (PID=2939) to work on /home/airflow/.local/lib/python3.8/site-packages/airflow/example_dags/example_nested_branch_dag.py
[2024-11-06T17:40:08.967+0000] {processor.py:829} INFO - Processing file /home/airflow/.local/lib/python3.8/site-packages/airflow/example_dags/example_nested_branch_dag.py for tasks to queue
[2024-11-06T17:40:08.968+0000] {logging_mixin.py:154} INFO - [2024-11-06T17:40:08.968+0000] {dagbag.py:536} INFO - Filling up the DagBag from /home/airflow/.local/lib/python3.8/site-packages/airflow/example_dags/example_nested_branch_dag.py
[2024-11-06T17:40:08.973+0000] {processor.py:839} INFO - DAG(s) dict_keys(['example_nested_branch_dag']) retrieved from /home/airflow/.local/lib/python3.8/site-packages/airflow/example_dags/example_nested_branch_dag.py
[2024-11-06T17:40:08.985+0000] {logging_mixin.py:154} INFO - [2024-11-06T17:40:08.985+0000] {dag.py:2941} INFO - Sync 1 DAGs
[2024-11-06T17:40:08.995+0000] {logging_mixin.py:154} INFO - [2024-11-06T17:40:08.995+0000] {dag.py:3722} INFO - Setting next_dagrun for example_nested_branch_dag to 2024-11-05T00:00:00+00:00, run_after=2024-11-06T00:00:00+00:00
[2024-11-06T17:40:09.004+0000] {processor.py:179} INFO - Processing /home/airflow/.local/lib/python3.8/site-packages/airflow/example_dags/example_nested_branch_dag.py took 0.038 seconds
[2024-11-06T18:40:21.264+0000] {processor.py:157} INFO - Started process (PID=2993) to work on /home/airflow/.local/lib/python3.8/site-packages/airflow/example_dags/example_nested_branch_dag.py
[2024-11-06T18:40:21.265+0000] {processor.py:829} INFO - Processing file /home/airflow/.local/lib/python3.8/site-packages/airflow/example_dags/example_nested_branch_dag.py for tasks to queue
[2024-11-06T18:40:21.266+0000] {logging_mixin.py:154} INFO - [2024-11-06T18:40:21.266+0000] {dagbag.py:536} INFO - Filling up the DagBag from /home/airflow/.local/lib/python3.8/site-packages/airflow/example_dags/example_nested_branch_dag.py
[2024-11-06T18:40:21.270+0000] {processor.py:839} INFO - DAG(s) dict_keys(['example_nested_branch_dag']) retrieved from /home/airflow/.local/lib/python3.8/site-packages/airflow/example_dags/example_nested_branch_dag.py
[2024-11-06T18:40:21.281+0000] {logging_mixin.py:154} INFO - [2024-11-06T18:40:21.281+0000] {dag.py:2941} INFO - Sync 1 DAGs
[2024-11-06T18:40:21.292+0000] {logging_mixin.py:154} INFO - [2024-11-06T18:40:21.291+0000] {dag.py:3722} INFO - Setting next_dagrun for example_nested_branch_dag to 2024-11-05T00:00:00+00:00, run_after=2024-11-06T00:00:00+00:00
[2024-11-06T18:40:21.301+0000] {processor.py:179} INFO - Processing /home/airflow/.local/lib/python3.8/site-packages/airflow/example_dags/example_nested_branch_dag.py took 0.038 seconds
[2024-11-06T19:56:55.082+0000] {processor.py:157} INFO - Started process (PID=3047) to work on /home/airflow/.local/lib/python3.8/site-packages/airflow/example_dags/example_nested_branch_dag.py
[2024-11-06T19:56:55.083+0000] {processor.py:829} INFO - Processing file /home/airflow/.local/lib/python3.8/site-packages/airflow/example_dags/example_nested_branch_dag.py for tasks to queue
[2024-11-06T19:56:55.084+0000] {logging_mixin.py:154} INFO - [2024-11-06T19:56:55.084+0000] {dagbag.py:536} INFO - Filling up the DagBag from /home/airflow/.local/lib/python3.8/site-packages/airflow/example_dags/example_nested_branch_dag.py
[2024-11-06T19:56:55.089+0000] {processor.py:839} INFO - DAG(s) dict_keys(['example_nested_branch_dag']) retrieved from /home/airflow/.local/lib/python3.8/site-packages/airflow/example_dags/example_nested_branch_dag.py
[2024-11-06T19:56:55.100+0000] {logging_mixin.py:154} INFO - [2024-11-06T19:56:55.100+0000] {dag.py:2941} INFO - Sync 1 DAGs
[2024-11-06T19:56:55.110+0000] {logging_mixin.py:154} INFO - [2024-11-06T19:56:55.110+0000] {dag.py:3722} INFO - Setting next_dagrun for example_nested_branch_dag to 2024-11-05T00:00:00+00:00, run_after=2024-11-06T00:00:00+00:00
[2024-11-06T19:56:55.118+0000] {processor.py:179} INFO - Processing /home/airflow/.local/lib/python3.8/site-packages/airflow/example_dags/example_nested_branch_dag.py took 0.038 seconds
[2024-11-06T20:41:41.717+0000] {processor.py:157} INFO - Started process (PID=3101) to work on /home/airflow/.local/lib/python3.8/site-packages/airflow/example_dags/example_nested_branch_dag.py
[2024-11-06T20:41:41.717+0000] {processor.py:829} INFO - Processing file /home/airflow/.local/lib/python3.8/site-packages/airflow/example_dags/example_nested_branch_dag.py for tasks to queue
[2024-11-06T20:41:41.718+0000] {logging_mixin.py:154} INFO - [2024-11-06T20:41:41.718+0000] {dagbag.py:536} INFO - Filling up the DagBag from /home/airflow/.local/lib/python3.8/site-packages/airflow/example_dags/example_nested_branch_dag.py
[2024-11-06T20:41:41.723+0000] {processor.py:839} INFO - DAG(s) dict_keys(['example_nested_branch_dag']) retrieved from /home/airflow/.local/lib/python3.8/site-packages/airflow/example_dags/example_nested_branch_dag.py
[2024-11-06T20:41:41.732+0000] {logging_mixin.py:154} INFO - [2024-11-06T20:41:41.732+0000] {dag.py:2941} INFO - Sync 1 DAGs
[2024-11-06T20:41:41.741+0000] {logging_mixin.py:154} INFO - [2024-11-06T20:41:41.741+0000] {dag.py:3722} INFO - Setting next_dagrun for example_nested_branch_dag to 2024-11-05T00:00:00+00:00, run_after=2024-11-06T00:00:00+00:00
[2024-11-06T20:41:41.751+0000] {processor.py:179} INFO - Processing /home/airflow/.local/lib/python3.8/site-packages/airflow/example_dags/example_nested_branch_dag.py took 0.035 seconds
[2024-11-06T22:09:51.187+0000] {processor.py:157} INFO - Started process (PID=3155) to work on /home/airflow/.local/lib/python3.8/site-packages/airflow/example_dags/example_nested_branch_dag.py
[2024-11-06T22:09:51.188+0000] {processor.py:829} INFO - Processing file /home/airflow/.local/lib/python3.8/site-packages/airflow/example_dags/example_nested_branch_dag.py for tasks to queue
[2024-11-06T22:09:51.191+0000] {logging_mixin.py:154} INFO - [2024-11-06T22:09:51.191+0000] {dagbag.py:536} INFO - Filling up the DagBag from /home/airflow/.local/lib/python3.8/site-packages/airflow/example_dags/example_nested_branch_dag.py
[2024-11-06T22:09:51.197+0000] {processor.py:839} INFO - DAG(s) dict_keys(['example_nested_branch_dag']) retrieved from /home/airflow/.local/lib/python3.8/site-packages/airflow/example_dags/example_nested_branch_dag.py
[2024-11-06T22:09:51.212+0000] {logging_mixin.py:154} INFO - [2024-11-06T22:09:51.212+0000] {dag.py:2941} INFO - Sync 1 DAGs
[2024-11-06T22:09:51.222+0000] {logging_mixin.py:154} INFO - [2024-11-06T22:09:51.222+0000] {dag.py:3722} INFO - Setting next_dagrun for example_nested_branch_dag to 2024-11-05T00:00:00+00:00, run_after=2024-11-06T00:00:00+00:00
[2024-11-06T22:09:51.229+0000] {processor.py:179} INFO - Processing /home/airflow/.local/lib/python3.8/site-packages/airflow/example_dags/example_nested_branch_dag.py took 0.043 seconds
[2024-11-06T23:10:57.142+0000] {processor.py:157} INFO - Started process (PID=3209) to work on /home/airflow/.local/lib/python3.8/site-packages/airflow/example_dags/example_nested_branch_dag.py
[2024-11-06T23:10:57.145+0000] {processor.py:829} INFO - Processing file /home/airflow/.local/lib/python3.8/site-packages/airflow/example_dags/example_nested_branch_dag.py for tasks to queue
[2024-11-06T23:10:57.148+0000] {logging_mixin.py:154} INFO - [2024-11-06T23:10:57.148+0000] {dagbag.py:536} INFO - Filling up the DagBag from /home/airflow/.local/lib/python3.8/site-packages/airflow/example_dags/example_nested_branch_dag.py
[2024-11-06T23:10:57.153+0000] {processor.py:839} INFO - DAG(s) dict_keys(['example_nested_branch_dag']) retrieved from /home/airflow/.local/lib/python3.8/site-packages/airflow/example_dags/example_nested_branch_dag.py
[2024-11-06T23:10:57.164+0000] {logging_mixin.py:154} INFO - [2024-11-06T23:10:57.163+0000] {dag.py:2941} INFO - Sync 1 DAGs
[2024-11-06T23:10:57.174+0000] {logging_mixin.py:154} INFO - [2024-11-06T23:10:57.174+0000] {dag.py:3722} INFO - Setting next_dagrun for example_nested_branch_dag to 2024-11-05T00:00:00+00:00, run_after=2024-11-06T00:00:00+00:00
[2024-11-06T23:10:57.183+0000] {processor.py:179} INFO - Processing /home/airflow/.local/lib/python3.8/site-packages/airflow/example_dags/example_nested_branch_dag.py took 0.042 seconds
[2024-11-06T23:49:21.647+0000] {processor.py:157} INFO - Started process (PID=3263) to work on /home/airflow/.local/lib/python3.8/site-packages/airflow/example_dags/example_nested_branch_dag.py
[2024-11-06T23:49:21.648+0000] {processor.py:829} INFO - Processing file /home/airflow/.local/lib/python3.8/site-packages/airflow/example_dags/example_nested_branch_dag.py for tasks to queue
[2024-11-06T23:49:21.649+0000] {logging_mixin.py:154} INFO - [2024-11-06T23:49:21.649+0000] {dagbag.py:536} INFO - Filling up the DagBag from /home/airflow/.local/lib/python3.8/site-packages/airflow/example_dags/example_nested_branch_dag.py
[2024-11-06T23:49:21.654+0000] {processor.py:839} INFO - DAG(s) dict_keys(['example_nested_branch_dag']) retrieved from /home/airflow/.local/lib/python3.8/site-packages/airflow/example_dags/example_nested_branch_dag.py
[2024-11-06T23:49:21.667+0000] {logging_mixin.py:154} INFO - [2024-11-06T23:49:21.667+0000] {dag.py:2941} INFO - Sync 1 DAGs
[2024-11-06T23:49:21.678+0000] {logging_mixin.py:154} INFO - [2024-11-06T23:49:21.677+0000] {dag.py:3722} INFO - Setting next_dagrun for example_nested_branch_dag to 2024-11-05T00:00:00+00:00, run_after=2024-11-06T00:00:00+00:00
[2024-11-06T23:49:21.686+0000] {processor.py:179} INFO - Processing /home/airflow/.local/lib/python3.8/site-packages/airflow/example_dags/example_nested_branch_dag.py took 0.041 seconds
