[2024-11-06T08:43:19.261+0000] {processor.py:157} INFO - Started process (PID=58) to work on /home/airflow/.local/lib/python3.8/site-packages/airflow/example_dags/example_xcomargs.py
[2024-11-06T08:43:19.264+0000] {processor.py:829} INFO - Processing file /home/airflow/.local/lib/python3.8/site-packages/airflow/example_dags/example_xcomargs.py for tasks to queue
[2024-11-06T08:43:19.267+0000] {logging_mixin.py:154} INFO - [2024-11-06T08:43:19.266+0000] {dagbag.py:536} INFO - Filling up the DagBag from /home/airflow/.local/lib/python3.8/site-packages/airflow/example_dags/example_xcomargs.py
[2024-11-06T08:43:19.276+0000] {processor.py:839} INFO - DAG(s) dict_keys(['example_xcom_args', 'example_xcom_args_with_operators']) retrieved from /home/airflow/.local/lib/python3.8/site-packages/airflow/example_dags/example_xcomargs.py
[2024-11-06T08:43:19.291+0000] {logging_mixin.py:154} INFO - [2024-11-06T08:43:19.291+0000] {dag.py:2941} INFO - Sync 2 DAGs
[2024-11-06T08:43:19.300+0000] {logging_mixin.py:154} INFO - [2024-11-06T08:43:19.300+0000] {dag.py:3722} INFO - Setting next_dagrun for example_xcom_args to None, run_after=None
[2024-11-06T08:43:19.304+0000] {logging_mixin.py:154} INFO - [2024-11-06T08:43:19.304+0000] {dag.py:3722} INFO - Setting next_dagrun for example_xcom_args_with_operators to None, run_after=None
[2024-11-06T08:43:19.319+0000] {processor.py:179} INFO - Processing /home/airflow/.local/lib/python3.8/site-packages/airflow/example_dags/example_xcomargs.py took 0.062 seconds
[2024-11-06T08:43:49.651+0000] {processor.py:157} INFO - Started process (PID=112) to work on /home/airflow/.local/lib/python3.8/site-packages/airflow/example_dags/example_xcomargs.py
[2024-11-06T08:43:49.652+0000] {processor.py:829} INFO - Processing file /home/airflow/.local/lib/python3.8/site-packages/airflow/example_dags/example_xcomargs.py for tasks to queue
[2024-11-06T08:43:49.653+0000] {logging_mixin.py:154} INFO - [2024-11-06T08:43:49.653+0000] {dagbag.py:536} INFO - Filling up the DagBag from /home/airflow/.local/lib/python3.8/site-packages/airflow/example_dags/example_xcomargs.py
[2024-11-06T08:43:49.658+0000] {processor.py:839} INFO - DAG(s) dict_keys(['example_xcom_args', 'example_xcom_args_with_operators']) retrieved from /home/airflow/.local/lib/python3.8/site-packages/airflow/example_dags/example_xcomargs.py
[2024-11-06T08:43:49.671+0000] {logging_mixin.py:154} INFO - [2024-11-06T08:43:49.671+0000] {dag.py:2941} INFO - Sync 2 DAGs
[2024-11-06T08:43:49.679+0000] {logging_mixin.py:154} INFO - [2024-11-06T08:43:49.679+0000] {dag.py:3722} INFO - Setting next_dagrun for example_xcom_args to None, run_after=None
[2024-11-06T08:43:49.681+0000] {logging_mixin.py:154} INFO - [2024-11-06T08:43:49.681+0000] {dag.py:3722} INFO - Setting next_dagrun for example_xcom_args_with_operators to None, run_after=None
[2024-11-06T08:43:49.691+0000] {processor.py:179} INFO - Processing /home/airflow/.local/lib/python3.8/site-packages/airflow/example_dags/example_xcomargs.py took 0.042 seconds
[2024-11-06T08:44:20.054+0000] {processor.py:157} INFO - Started process (PID=166) to work on /home/airflow/.local/lib/python3.8/site-packages/airflow/example_dags/example_xcomargs.py
[2024-11-06T08:44:20.056+0000] {processor.py:829} INFO - Processing file /home/airflow/.local/lib/python3.8/site-packages/airflow/example_dags/example_xcomargs.py for tasks to queue
[2024-11-06T08:44:20.057+0000] {logging_mixin.py:154} INFO - [2024-11-06T08:44:20.057+0000] {dagbag.py:536} INFO - Filling up the DagBag from /home/airflow/.local/lib/python3.8/site-packages/airflow/example_dags/example_xcomargs.py
[2024-11-06T08:44:20.062+0000] {processor.py:839} INFO - DAG(s) dict_keys(['example_xcom_args_with_operators', 'example_xcom_args']) retrieved from /home/airflow/.local/lib/python3.8/site-packages/airflow/example_dags/example_xcomargs.py
[2024-11-06T08:44:20.078+0000] {logging_mixin.py:154} INFO - [2024-11-06T08:44:20.078+0000] {dag.py:2941} INFO - Sync 2 DAGs
[2024-11-06T08:44:20.085+0000] {logging_mixin.py:154} INFO - [2024-11-06T08:44:20.085+0000] {dag.py:3722} INFO - Setting next_dagrun for example_xcom_args to None, run_after=None
[2024-11-06T08:44:20.087+0000] {logging_mixin.py:154} INFO - [2024-11-06T08:44:20.087+0000] {dag.py:3722} INFO - Setting next_dagrun for example_xcom_args_with_operators to None, run_after=None
[2024-11-06T08:44:20.096+0000] {processor.py:179} INFO - Processing /home/airflow/.local/lib/python3.8/site-packages/airflow/example_dags/example_xcomargs.py took 0.043 seconds
[2024-11-06T08:44:50.429+0000] {processor.py:157} INFO - Started process (PID=220) to work on /home/airflow/.local/lib/python3.8/site-packages/airflow/example_dags/example_xcomargs.py
[2024-11-06T08:44:50.430+0000] {processor.py:829} INFO - Processing file /home/airflow/.local/lib/python3.8/site-packages/airflow/example_dags/example_xcomargs.py for tasks to queue
[2024-11-06T08:44:50.431+0000] {logging_mixin.py:154} INFO - [2024-11-06T08:44:50.431+0000] {dagbag.py:536} INFO - Filling up the DagBag from /home/airflow/.local/lib/python3.8/site-packages/airflow/example_dags/example_xcomargs.py
[2024-11-06T08:44:50.435+0000] {processor.py:839} INFO - DAG(s) dict_keys(['example_xcom_args_with_operators', 'example_xcom_args']) retrieved from /home/airflow/.local/lib/python3.8/site-packages/airflow/example_dags/example_xcomargs.py
[2024-11-06T08:44:50.446+0000] {logging_mixin.py:154} INFO - [2024-11-06T08:44:50.446+0000] {dag.py:2941} INFO - Sync 2 DAGs
[2024-11-06T08:44:50.454+0000] {logging_mixin.py:154} INFO - [2024-11-06T08:44:50.454+0000] {dag.py:3722} INFO - Setting next_dagrun for example_xcom_args to None, run_after=None
[2024-11-06T08:44:50.456+0000] {logging_mixin.py:154} INFO - [2024-11-06T08:44:50.456+0000] {dag.py:3722} INFO - Setting next_dagrun for example_xcom_args_with_operators to None, run_after=None
[2024-11-06T08:44:50.465+0000] {processor.py:179} INFO - Processing /home/airflow/.local/lib/python3.8/site-packages/airflow/example_dags/example_xcomargs.py took 0.037 seconds
[2024-11-06T08:45:20.806+0000] {processor.py:157} INFO - Started process (PID=274) to work on /home/airflow/.local/lib/python3.8/site-packages/airflow/example_dags/example_xcomargs.py
[2024-11-06T08:45:20.809+0000] {processor.py:829} INFO - Processing file /home/airflow/.local/lib/python3.8/site-packages/airflow/example_dags/example_xcomargs.py for tasks to queue
[2024-11-06T08:45:20.810+0000] {logging_mixin.py:154} INFO - [2024-11-06T08:45:20.810+0000] {dagbag.py:536} INFO - Filling up the DagBag from /home/airflow/.local/lib/python3.8/site-packages/airflow/example_dags/example_xcomargs.py
[2024-11-06T08:45:20.813+0000] {processor.py:839} INFO - DAG(s) dict_keys(['example_xcom_args_with_operators', 'example_xcom_args']) retrieved from /home/airflow/.local/lib/python3.8/site-packages/airflow/example_dags/example_xcomargs.py
[2024-11-06T08:45:20.824+0000] {logging_mixin.py:154} INFO - [2024-11-06T08:45:20.824+0000] {dag.py:2941} INFO - Sync 2 DAGs
[2024-11-06T08:45:20.829+0000] {logging_mixin.py:154} INFO - [2024-11-06T08:45:20.829+0000] {dag.py:3722} INFO - Setting next_dagrun for example_xcom_args to None, run_after=None
[2024-11-06T08:45:20.831+0000] {logging_mixin.py:154} INFO - [2024-11-06T08:45:20.831+0000] {dag.py:3722} INFO - Setting next_dagrun for example_xcom_args_with_operators to None, run_after=None
[2024-11-06T08:45:20.837+0000] {processor.py:179} INFO - Processing /home/airflow/.local/lib/python3.8/site-packages/airflow/example_dags/example_xcomargs.py took 0.033 seconds
[2024-11-06T08:45:51.227+0000] {processor.py:157} INFO - Started process (PID=328) to work on /home/airflow/.local/lib/python3.8/site-packages/airflow/example_dags/example_xcomargs.py
[2024-11-06T08:45:51.227+0000] {processor.py:829} INFO - Processing file /home/airflow/.local/lib/python3.8/site-packages/airflow/example_dags/example_xcomargs.py for tasks to queue
[2024-11-06T08:45:51.228+0000] {logging_mixin.py:154} INFO - [2024-11-06T08:45:51.228+0000] {dagbag.py:536} INFO - Filling up the DagBag from /home/airflow/.local/lib/python3.8/site-packages/airflow/example_dags/example_xcomargs.py
[2024-11-06T08:45:51.232+0000] {processor.py:839} INFO - DAG(s) dict_keys(['example_xcom_args', 'example_xcom_args_with_operators']) retrieved from /home/airflow/.local/lib/python3.8/site-packages/airflow/example_dags/example_xcomargs.py
[2024-11-06T08:45:51.243+0000] {logging_mixin.py:154} INFO - [2024-11-06T08:45:51.243+0000] {dag.py:2941} INFO - Sync 2 DAGs
[2024-11-06T08:45:51.248+0000] {logging_mixin.py:154} INFO - [2024-11-06T08:45:51.248+0000] {dag.py:3722} INFO - Setting next_dagrun for example_xcom_args to None, run_after=None
[2024-11-06T08:45:51.250+0000] {logging_mixin.py:154} INFO - [2024-11-06T08:45:51.250+0000] {dag.py:3722} INFO - Setting next_dagrun for example_xcom_args_with_operators to None, run_after=None
[2024-11-06T08:45:51.259+0000] {processor.py:179} INFO - Processing /home/airflow/.local/lib/python3.8/site-packages/airflow/example_dags/example_xcomargs.py took 0.034 seconds
[2024-11-06T08:46:21.587+0000] {processor.py:157} INFO - Started process (PID=382) to work on /home/airflow/.local/lib/python3.8/site-packages/airflow/example_dags/example_xcomargs.py
[2024-11-06T08:46:21.589+0000] {processor.py:829} INFO - Processing file /home/airflow/.local/lib/python3.8/site-packages/airflow/example_dags/example_xcomargs.py for tasks to queue
[2024-11-06T08:46:21.590+0000] {logging_mixin.py:154} INFO - [2024-11-06T08:46:21.590+0000] {dagbag.py:536} INFO - Filling up the DagBag from /home/airflow/.local/lib/python3.8/site-packages/airflow/example_dags/example_xcomargs.py
[2024-11-06T08:46:21.596+0000] {processor.py:839} INFO - DAG(s) dict_keys(['example_xcom_args_with_operators', 'example_xcom_args']) retrieved from /home/airflow/.local/lib/python3.8/site-packages/airflow/example_dags/example_xcomargs.py
[2024-11-06T08:46:21.606+0000] {logging_mixin.py:154} INFO - [2024-11-06T08:46:21.606+0000] {dag.py:2941} INFO - Sync 2 DAGs
[2024-11-06T08:46:21.612+0000] {logging_mixin.py:154} INFO - [2024-11-06T08:46:21.612+0000] {dag.py:3722} INFO - Setting next_dagrun for example_xcom_args to None, run_after=None
[2024-11-06T08:46:21.614+0000] {logging_mixin.py:154} INFO - [2024-11-06T08:46:21.614+0000] {dag.py:3722} INFO - Setting next_dagrun for example_xcom_args_with_operators to None, run_after=None
[2024-11-06T08:46:21.622+0000] {processor.py:179} INFO - Processing /home/airflow/.local/lib/python3.8/site-packages/airflow/example_dags/example_xcomargs.py took 0.036 seconds
[2024-11-06T08:46:52.367+0000] {processor.py:157} INFO - Started process (PID=436) to work on /home/airflow/.local/lib/python3.8/site-packages/airflow/example_dags/example_xcomargs.py
[2024-11-06T08:46:52.368+0000] {processor.py:829} INFO - Processing file /home/airflow/.local/lib/python3.8/site-packages/airflow/example_dags/example_xcomargs.py for tasks to queue
[2024-11-06T08:46:52.370+0000] {logging_mixin.py:154} INFO - [2024-11-06T08:46:52.370+0000] {dagbag.py:536} INFO - Filling up the DagBag from /home/airflow/.local/lib/python3.8/site-packages/airflow/example_dags/example_xcomargs.py
[2024-11-06T08:46:52.374+0000] {processor.py:839} INFO - DAG(s) dict_keys(['example_xcom_args', 'example_xcom_args_with_operators']) retrieved from /home/airflow/.local/lib/python3.8/site-packages/airflow/example_dags/example_xcomargs.py
[2024-11-06T08:46:52.389+0000] {logging_mixin.py:154} INFO - [2024-11-06T08:46:52.388+0000] {dag.py:2941} INFO - Sync 2 DAGs
[2024-11-06T08:46:52.397+0000] {logging_mixin.py:154} INFO - [2024-11-06T08:46:52.397+0000] {dag.py:3722} INFO - Setting next_dagrun for example_xcom_args to None, run_after=None
[2024-11-06T08:46:52.400+0000] {logging_mixin.py:154} INFO - [2024-11-06T08:46:52.400+0000] {dag.py:3722} INFO - Setting next_dagrun for example_xcom_args_with_operators to None, run_after=None
[2024-11-06T08:46:52.412+0000] {processor.py:179} INFO - Processing /home/airflow/.local/lib/python3.8/site-packages/airflow/example_dags/example_xcomargs.py took 0.047 seconds
[2024-11-06T08:47:22.823+0000] {processor.py:157} INFO - Started process (PID=497) to work on /home/airflow/.local/lib/python3.8/site-packages/airflow/example_dags/example_xcomargs.py
[2024-11-06T08:47:22.823+0000] {processor.py:829} INFO - Processing file /home/airflow/.local/lib/python3.8/site-packages/airflow/example_dags/example_xcomargs.py for tasks to queue
[2024-11-06T08:47:22.824+0000] {logging_mixin.py:154} INFO - [2024-11-06T08:47:22.824+0000] {dagbag.py:536} INFO - Filling up the DagBag from /home/airflow/.local/lib/python3.8/site-packages/airflow/example_dags/example_xcomargs.py
[2024-11-06T08:47:22.829+0000] {processor.py:839} INFO - DAG(s) dict_keys(['example_xcom_args_with_operators', 'example_xcom_args']) retrieved from /home/airflow/.local/lib/python3.8/site-packages/airflow/example_dags/example_xcomargs.py
[2024-11-06T08:47:22.840+0000] {logging_mixin.py:154} INFO - [2024-11-06T08:47:22.840+0000] {dag.py:2941} INFO - Sync 2 DAGs
[2024-11-06T08:47:22.845+0000] {logging_mixin.py:154} INFO - [2024-11-06T08:47:22.845+0000] {dag.py:3722} INFO - Setting next_dagrun for example_xcom_args to None, run_after=None
[2024-11-06T08:47:22.847+0000] {logging_mixin.py:154} INFO - [2024-11-06T08:47:22.847+0000] {dag.py:3722} INFO - Setting next_dagrun for example_xcom_args_with_operators to None, run_after=None
[2024-11-06T08:47:22.857+0000] {processor.py:179} INFO - Processing /home/airflow/.local/lib/python3.8/site-packages/airflow/example_dags/example_xcomargs.py took 0.036 seconds
[2024-11-06T08:47:53.191+0000] {processor.py:157} INFO - Started process (PID=552) to work on /home/airflow/.local/lib/python3.8/site-packages/airflow/example_dags/example_xcomargs.py
[2024-11-06T08:47:53.192+0000] {processor.py:829} INFO - Processing file /home/airflow/.local/lib/python3.8/site-packages/airflow/example_dags/example_xcomargs.py for tasks to queue
[2024-11-06T08:47:53.193+0000] {logging_mixin.py:154} INFO - [2024-11-06T08:47:53.193+0000] {dagbag.py:536} INFO - Filling up the DagBag from /home/airflow/.local/lib/python3.8/site-packages/airflow/example_dags/example_xcomargs.py
[2024-11-06T08:47:53.197+0000] {processor.py:839} INFO - DAG(s) dict_keys(['example_xcom_args', 'example_xcom_args_with_operators']) retrieved from /home/airflow/.local/lib/python3.8/site-packages/airflow/example_dags/example_xcomargs.py
[2024-11-06T08:47:53.209+0000] {logging_mixin.py:154} INFO - [2024-11-06T08:47:53.208+0000] {dag.py:2941} INFO - Sync 2 DAGs
[2024-11-06T08:47:53.215+0000] {logging_mixin.py:154} INFO - [2024-11-06T08:47:53.215+0000] {dag.py:3722} INFO - Setting next_dagrun for example_xcom_args to None, run_after=None
[2024-11-06T08:47:53.217+0000] {logging_mixin.py:154} INFO - [2024-11-06T08:47:53.217+0000] {dag.py:3722} INFO - Setting next_dagrun for example_xcom_args_with_operators to None, run_after=None
[2024-11-06T08:47:53.228+0000] {processor.py:179} INFO - Processing /home/airflow/.local/lib/python3.8/site-packages/airflow/example_dags/example_xcomargs.py took 0.038 seconds
[2024-11-06T08:48:23.503+0000] {processor.py:157} INFO - Started process (PID=606) to work on /home/airflow/.local/lib/python3.8/site-packages/airflow/example_dags/example_xcomargs.py
[2024-11-06T08:48:23.504+0000] {processor.py:829} INFO - Processing file /home/airflow/.local/lib/python3.8/site-packages/airflow/example_dags/example_xcomargs.py for tasks to queue
[2024-11-06T08:48:23.507+0000] {logging_mixin.py:154} INFO - [2024-11-06T08:48:23.507+0000] {dagbag.py:536} INFO - Filling up the DagBag from /home/airflow/.local/lib/python3.8/site-packages/airflow/example_dags/example_xcomargs.py
[2024-11-06T08:48:23.510+0000] {processor.py:839} INFO - DAG(s) dict_keys(['example_xcom_args_with_operators', 'example_xcom_args']) retrieved from /home/airflow/.local/lib/python3.8/site-packages/airflow/example_dags/example_xcomargs.py
[2024-11-06T08:48:23.521+0000] {logging_mixin.py:154} INFO - [2024-11-06T08:48:23.521+0000] {dag.py:2941} INFO - Sync 2 DAGs
[2024-11-06T08:48:23.526+0000] {logging_mixin.py:154} INFO - [2024-11-06T08:48:23.526+0000] {dag.py:3722} INFO - Setting next_dagrun for example_xcom_args to None, run_after=None
[2024-11-06T08:48:23.527+0000] {logging_mixin.py:154} INFO - [2024-11-06T08:48:23.527+0000] {dag.py:3722} INFO - Setting next_dagrun for example_xcom_args_with_operators to None, run_after=None
[2024-11-06T08:48:23.537+0000] {processor.py:179} INFO - Processing /home/airflow/.local/lib/python3.8/site-packages/airflow/example_dags/example_xcomargs.py took 0.035 seconds
[2024-11-06T08:48:53.893+0000] {processor.py:157} INFO - Started process (PID=660) to work on /home/airflow/.local/lib/python3.8/site-packages/airflow/example_dags/example_xcomargs.py
[2024-11-06T08:48:53.894+0000] {processor.py:829} INFO - Processing file /home/airflow/.local/lib/python3.8/site-packages/airflow/example_dags/example_xcomargs.py for tasks to queue
[2024-11-06T08:48:53.894+0000] {logging_mixin.py:154} INFO - [2024-11-06T08:48:53.894+0000] {dagbag.py:536} INFO - Filling up the DagBag from /home/airflow/.local/lib/python3.8/site-packages/airflow/example_dags/example_xcomargs.py
[2024-11-06T08:48:53.898+0000] {processor.py:839} INFO - DAG(s) dict_keys(['example_xcom_args_with_operators', 'example_xcom_args']) retrieved from /home/airflow/.local/lib/python3.8/site-packages/airflow/example_dags/example_xcomargs.py
[2024-11-06T08:48:53.907+0000] {logging_mixin.py:154} INFO - [2024-11-06T08:48:53.907+0000] {dag.py:2941} INFO - Sync 2 DAGs
[2024-11-06T08:48:53.912+0000] {logging_mixin.py:154} INFO - [2024-11-06T08:48:53.912+0000] {dag.py:3722} INFO - Setting next_dagrun for example_xcom_args to None, run_after=None
[2024-11-06T08:48:53.913+0000] {logging_mixin.py:154} INFO - [2024-11-06T08:48:53.913+0000] {dag.py:3722} INFO - Setting next_dagrun for example_xcom_args_with_operators to None, run_after=None
[2024-11-06T08:48:53.919+0000] {processor.py:179} INFO - Processing /home/airflow/.local/lib/python3.8/site-packages/airflow/example_dags/example_xcomargs.py took 0.027 seconds
[2024-11-06T08:49:24.103+0000] {processor.py:157} INFO - Started process (PID=714) to work on /home/airflow/.local/lib/python3.8/site-packages/airflow/example_dags/example_xcomargs.py
[2024-11-06T08:49:24.103+0000] {processor.py:829} INFO - Processing file /home/airflow/.local/lib/python3.8/site-packages/airflow/example_dags/example_xcomargs.py for tasks to queue
[2024-11-06T08:49:24.104+0000] {logging_mixin.py:154} INFO - [2024-11-06T08:49:24.104+0000] {dagbag.py:536} INFO - Filling up the DagBag from /home/airflow/.local/lib/python3.8/site-packages/airflow/example_dags/example_xcomargs.py
[2024-11-06T08:49:24.108+0000] {processor.py:839} INFO - DAG(s) dict_keys(['example_xcom_args', 'example_xcom_args_with_operators']) retrieved from /home/airflow/.local/lib/python3.8/site-packages/airflow/example_dags/example_xcomargs.py
[2024-11-06T08:49:24.119+0000] {logging_mixin.py:154} INFO - [2024-11-06T08:49:24.119+0000] {dag.py:2941} INFO - Sync 2 DAGs
[2024-11-06T08:49:24.125+0000] {logging_mixin.py:154} INFO - [2024-11-06T08:49:24.125+0000] {dag.py:3722} INFO - Setting next_dagrun for example_xcom_args to None, run_after=None
[2024-11-06T08:49:24.128+0000] {logging_mixin.py:154} INFO - [2024-11-06T08:49:24.128+0000] {dag.py:3722} INFO - Setting next_dagrun for example_xcom_args_with_operators to None, run_after=None
[2024-11-06T08:49:24.135+0000] {processor.py:179} INFO - Processing /home/airflow/.local/lib/python3.8/site-packages/airflow/example_dags/example_xcomargs.py took 0.034 seconds
[2024-11-06T08:49:54.331+0000] {processor.py:157} INFO - Started process (PID=767) to work on /home/airflow/.local/lib/python3.8/site-packages/airflow/example_dags/example_xcomargs.py
[2024-11-06T08:49:54.331+0000] {processor.py:829} INFO - Processing file /home/airflow/.local/lib/python3.8/site-packages/airflow/example_dags/example_xcomargs.py for tasks to queue
[2024-11-06T08:49:54.335+0000] {logging_mixin.py:154} INFO - [2024-11-06T08:49:54.334+0000] {dagbag.py:536} INFO - Filling up the DagBag from /home/airflow/.local/lib/python3.8/site-packages/airflow/example_dags/example_xcomargs.py
[2024-11-06T08:49:54.338+0000] {processor.py:839} INFO - DAG(s) dict_keys(['example_xcom_args', 'example_xcom_args_with_operators']) retrieved from /home/airflow/.local/lib/python3.8/site-packages/airflow/example_dags/example_xcomargs.py
[2024-11-06T08:49:54.349+0000] {logging_mixin.py:154} INFO - [2024-11-06T08:49:54.349+0000] {dag.py:2941} INFO - Sync 2 DAGs
[2024-11-06T08:49:54.355+0000] {logging_mixin.py:154} INFO - [2024-11-06T08:49:54.354+0000] {dag.py:3722} INFO - Setting next_dagrun for example_xcom_args to None, run_after=None
[2024-11-06T08:49:54.356+0000] {logging_mixin.py:154} INFO - [2024-11-06T08:49:54.356+0000] {dag.py:3722} INFO - Setting next_dagrun for example_xcom_args_with_operators to None, run_after=None
[2024-11-06T08:49:54.364+0000] {processor.py:179} INFO - Processing /home/airflow/.local/lib/python3.8/site-packages/airflow/example_dags/example_xcomargs.py took 0.035 seconds
[2024-11-06T08:50:24.558+0000] {processor.py:157} INFO - Started process (PID=821) to work on /home/airflow/.local/lib/python3.8/site-packages/airflow/example_dags/example_xcomargs.py
[2024-11-06T08:50:24.562+0000] {processor.py:829} INFO - Processing file /home/airflow/.local/lib/python3.8/site-packages/airflow/example_dags/example_xcomargs.py for tasks to queue
[2024-11-06T08:50:24.563+0000] {logging_mixin.py:154} INFO - [2024-11-06T08:50:24.563+0000] {dagbag.py:536} INFO - Filling up the DagBag from /home/airflow/.local/lib/python3.8/site-packages/airflow/example_dags/example_xcomargs.py
[2024-11-06T08:50:24.566+0000] {processor.py:839} INFO - DAG(s) dict_keys(['example_xcom_args_with_operators', 'example_xcom_args']) retrieved from /home/airflow/.local/lib/python3.8/site-packages/airflow/example_dags/example_xcomargs.py
[2024-11-06T08:50:24.576+0000] {logging_mixin.py:154} INFO - [2024-11-06T08:50:24.576+0000] {dag.py:2941} INFO - Sync 2 DAGs
[2024-11-06T08:50:24.583+0000] {logging_mixin.py:154} INFO - [2024-11-06T08:50:24.583+0000] {dag.py:3722} INFO - Setting next_dagrun for example_xcom_args to None, run_after=None
[2024-11-06T08:50:24.585+0000] {logging_mixin.py:154} INFO - [2024-11-06T08:50:24.585+0000] {dag.py:3722} INFO - Setting next_dagrun for example_xcom_args_with_operators to None, run_after=None
[2024-11-06T08:50:24.591+0000] {processor.py:179} INFO - Processing /home/airflow/.local/lib/python3.8/site-packages/airflow/example_dags/example_xcomargs.py took 0.035 seconds
[2024-11-06T08:50:54.828+0000] {processor.py:157} INFO - Started process (PID=875) to work on /home/airflow/.local/lib/python3.8/site-packages/airflow/example_dags/example_xcomargs.py
[2024-11-06T08:50:54.828+0000] {processor.py:829} INFO - Processing file /home/airflow/.local/lib/python3.8/site-packages/airflow/example_dags/example_xcomargs.py for tasks to queue
[2024-11-06T08:50:54.831+0000] {logging_mixin.py:154} INFO - [2024-11-06T08:50:54.831+0000] {dagbag.py:536} INFO - Filling up the DagBag from /home/airflow/.local/lib/python3.8/site-packages/airflow/example_dags/example_xcomargs.py
[2024-11-06T08:50:54.835+0000] {processor.py:839} INFO - DAG(s) dict_keys(['example_xcom_args_with_operators', 'example_xcom_args']) retrieved from /home/airflow/.local/lib/python3.8/site-packages/airflow/example_dags/example_xcomargs.py
[2024-11-06T08:50:54.845+0000] {logging_mixin.py:154} INFO - [2024-11-06T08:50:54.845+0000] {dag.py:2941} INFO - Sync 2 DAGs
[2024-11-06T08:50:54.850+0000] {logging_mixin.py:154} INFO - [2024-11-06T08:50:54.850+0000] {dag.py:3722} INFO - Setting next_dagrun for example_xcom_args to None, run_after=None
[2024-11-06T08:50:54.851+0000] {logging_mixin.py:154} INFO - [2024-11-06T08:50:54.851+0000] {dag.py:3722} INFO - Setting next_dagrun for example_xcom_args_with_operators to None, run_after=None
[2024-11-06T08:50:54.859+0000] {processor.py:179} INFO - Processing /home/airflow/.local/lib/python3.8/site-packages/airflow/example_dags/example_xcomargs.py took 0.033 seconds
[2024-11-06T08:51:25.196+0000] {processor.py:157} INFO - Started process (PID=929) to work on /home/airflow/.local/lib/python3.8/site-packages/airflow/example_dags/example_xcomargs.py
[2024-11-06T08:51:25.197+0000] {processor.py:829} INFO - Processing file /home/airflow/.local/lib/python3.8/site-packages/airflow/example_dags/example_xcomargs.py for tasks to queue
[2024-11-06T08:51:25.198+0000] {logging_mixin.py:154} INFO - [2024-11-06T08:51:25.198+0000] {dagbag.py:536} INFO - Filling up the DagBag from /home/airflow/.local/lib/python3.8/site-packages/airflow/example_dags/example_xcomargs.py
[2024-11-06T08:51:25.202+0000] {processor.py:839} INFO - DAG(s) dict_keys(['example_xcom_args_with_operators', 'example_xcom_args']) retrieved from /home/airflow/.local/lib/python3.8/site-packages/airflow/example_dags/example_xcomargs.py
[2024-11-06T08:51:25.213+0000] {logging_mixin.py:154} INFO - [2024-11-06T08:51:25.213+0000] {dag.py:2941} INFO - Sync 2 DAGs
[2024-11-06T08:51:25.221+0000] {logging_mixin.py:154} INFO - [2024-11-06T08:51:25.220+0000] {dag.py:3722} INFO - Setting next_dagrun for example_xcom_args to None, run_after=None
[2024-11-06T08:51:25.222+0000] {logging_mixin.py:154} INFO - [2024-11-06T08:51:25.222+0000] {dag.py:3722} INFO - Setting next_dagrun for example_xcom_args_with_operators to None, run_after=None
[2024-11-06T08:51:25.228+0000] {processor.py:179} INFO - Processing /home/airflow/.local/lib/python3.8/site-packages/airflow/example_dags/example_xcomargs.py took 0.034 seconds
[2024-11-06T08:51:55.493+0000] {processor.py:157} INFO - Started process (PID=983) to work on /home/airflow/.local/lib/python3.8/site-packages/airflow/example_dags/example_xcomargs.py
[2024-11-06T08:51:55.494+0000] {processor.py:829} INFO - Processing file /home/airflow/.local/lib/python3.8/site-packages/airflow/example_dags/example_xcomargs.py for tasks to queue
[2024-11-06T08:51:55.495+0000] {logging_mixin.py:154} INFO - [2024-11-06T08:51:55.495+0000] {dagbag.py:536} INFO - Filling up the DagBag from /home/airflow/.local/lib/python3.8/site-packages/airflow/example_dags/example_xcomargs.py
[2024-11-06T08:51:55.499+0000] {processor.py:839} INFO - DAG(s) dict_keys(['example_xcom_args', 'example_xcom_args_with_operators']) retrieved from /home/airflow/.local/lib/python3.8/site-packages/airflow/example_dags/example_xcomargs.py
[2024-11-06T08:51:55.511+0000] {logging_mixin.py:154} INFO - [2024-11-06T08:51:55.511+0000] {dag.py:2941} INFO - Sync 2 DAGs
[2024-11-06T08:51:55.519+0000] {logging_mixin.py:154} INFO - [2024-11-06T08:51:55.519+0000] {dag.py:3722} INFO - Setting next_dagrun for example_xcom_args to None, run_after=None
[2024-11-06T08:51:55.521+0000] {logging_mixin.py:154} INFO - [2024-11-06T08:51:55.521+0000] {dag.py:3722} INFO - Setting next_dagrun for example_xcom_args_with_operators to None, run_after=None
[2024-11-06T08:51:55.529+0000] {processor.py:179} INFO - Processing /home/airflow/.local/lib/python3.8/site-packages/airflow/example_dags/example_xcomargs.py took 0.038 seconds
[2024-11-06T08:52:25.880+0000] {processor.py:157} INFO - Started process (PID=1037) to work on /home/airflow/.local/lib/python3.8/site-packages/airflow/example_dags/example_xcomargs.py
[2024-11-06T08:52:25.880+0000] {processor.py:829} INFO - Processing file /home/airflow/.local/lib/python3.8/site-packages/airflow/example_dags/example_xcomargs.py for tasks to queue
[2024-11-06T08:52:25.881+0000] {logging_mixin.py:154} INFO - [2024-11-06T08:52:25.881+0000] {dagbag.py:536} INFO - Filling up the DagBag from /home/airflow/.local/lib/python3.8/site-packages/airflow/example_dags/example_xcomargs.py
[2024-11-06T08:52:25.885+0000] {processor.py:839} INFO - DAG(s) dict_keys(['example_xcom_args', 'example_xcom_args_with_operators']) retrieved from /home/airflow/.local/lib/python3.8/site-packages/airflow/example_dags/example_xcomargs.py
[2024-11-06T08:52:25.895+0000] {logging_mixin.py:154} INFO - [2024-11-06T08:52:25.895+0000] {dag.py:2941} INFO - Sync 2 DAGs
[2024-11-06T08:52:25.902+0000] {logging_mixin.py:154} INFO - [2024-11-06T08:52:25.902+0000] {dag.py:3722} INFO - Setting next_dagrun for example_xcom_args to None, run_after=None
[2024-11-06T08:52:25.905+0000] {logging_mixin.py:154} INFO - [2024-11-06T08:52:25.905+0000] {dag.py:3722} INFO - Setting next_dagrun for example_xcom_args_with_operators to None, run_after=None
[2024-11-06T08:52:25.912+0000] {processor.py:179} INFO - Processing /home/airflow/.local/lib/python3.8/site-packages/airflow/example_dags/example_xcomargs.py took 0.033 seconds
[2024-11-06T08:52:56.266+0000] {processor.py:157} INFO - Started process (PID=1091) to work on /home/airflow/.local/lib/python3.8/site-packages/airflow/example_dags/example_xcomargs.py
[2024-11-06T08:52:56.267+0000] {processor.py:829} INFO - Processing file /home/airflow/.local/lib/python3.8/site-packages/airflow/example_dags/example_xcomargs.py for tasks to queue
[2024-11-06T08:52:56.268+0000] {logging_mixin.py:154} INFO - [2024-11-06T08:52:56.267+0000] {dagbag.py:536} INFO - Filling up the DagBag from /home/airflow/.local/lib/python3.8/site-packages/airflow/example_dags/example_xcomargs.py
[2024-11-06T08:52:56.271+0000] {processor.py:839} INFO - DAG(s) dict_keys(['example_xcom_args_with_operators', 'example_xcom_args']) retrieved from /home/airflow/.local/lib/python3.8/site-packages/airflow/example_dags/example_xcomargs.py
[2024-11-06T08:52:56.282+0000] {logging_mixin.py:154} INFO - [2024-11-06T08:52:56.282+0000] {dag.py:2941} INFO - Sync 2 DAGs
[2024-11-06T08:52:56.287+0000] {logging_mixin.py:154} INFO - [2024-11-06T08:52:56.287+0000] {dag.py:3722} INFO - Setting next_dagrun for example_xcom_args to None, run_after=None
[2024-11-06T08:52:56.292+0000] {logging_mixin.py:154} INFO - [2024-11-06T08:52:56.292+0000] {dag.py:3722} INFO - Setting next_dagrun for example_xcom_args_with_operators to None, run_after=None
[2024-11-06T08:52:56.299+0000] {processor.py:179} INFO - Processing /home/airflow/.local/lib/python3.8/site-packages/airflow/example_dags/example_xcomargs.py took 0.034 seconds
[2024-11-06T08:53:26.805+0000] {processor.py:157} INFO - Started process (PID=1145) to work on /home/airflow/.local/lib/python3.8/site-packages/airflow/example_dags/example_xcomargs.py
[2024-11-06T08:53:26.805+0000] {processor.py:829} INFO - Processing file /home/airflow/.local/lib/python3.8/site-packages/airflow/example_dags/example_xcomargs.py for tasks to queue
[2024-11-06T08:53:26.806+0000] {logging_mixin.py:154} INFO - [2024-11-06T08:53:26.806+0000] {dagbag.py:536} INFO - Filling up the DagBag from /home/airflow/.local/lib/python3.8/site-packages/airflow/example_dags/example_xcomargs.py
[2024-11-06T08:53:26.810+0000] {processor.py:839} INFO - DAG(s) dict_keys(['example_xcom_args_with_operators', 'example_xcom_args']) retrieved from /home/airflow/.local/lib/python3.8/site-packages/airflow/example_dags/example_xcomargs.py
[2024-11-06T08:53:26.821+0000] {logging_mixin.py:154} INFO - [2024-11-06T08:53:26.820+0000] {dag.py:2941} INFO - Sync 2 DAGs
[2024-11-06T08:53:26.826+0000] {logging_mixin.py:154} INFO - [2024-11-06T08:53:26.826+0000] {dag.py:3722} INFO - Setting next_dagrun for example_xcom_args to None, run_after=None
[2024-11-06T08:53:26.827+0000] {logging_mixin.py:154} INFO - [2024-11-06T08:53:26.827+0000] {dag.py:3722} INFO - Setting next_dagrun for example_xcom_args_with_operators to None, run_after=None
[2024-11-06T08:53:26.833+0000] {processor.py:179} INFO - Processing /home/airflow/.local/lib/python3.8/site-packages/airflow/example_dags/example_xcomargs.py took 0.029 seconds
[2024-11-06T08:53:57.495+0000] {processor.py:157} INFO - Started process (PID=1199) to work on /home/airflow/.local/lib/python3.8/site-packages/airflow/example_dags/example_xcomargs.py
[2024-11-06T08:53:57.498+0000] {processor.py:829} INFO - Processing file /home/airflow/.local/lib/python3.8/site-packages/airflow/example_dags/example_xcomargs.py for tasks to queue
[2024-11-06T08:53:57.499+0000] {logging_mixin.py:154} INFO - [2024-11-06T08:53:57.499+0000] {dagbag.py:536} INFO - Filling up the DagBag from /home/airflow/.local/lib/python3.8/site-packages/airflow/example_dags/example_xcomargs.py
[2024-11-06T08:53:57.503+0000] {processor.py:839} INFO - DAG(s) dict_keys(['example_xcom_args_with_operators', 'example_xcom_args']) retrieved from /home/airflow/.local/lib/python3.8/site-packages/airflow/example_dags/example_xcomargs.py
[2024-11-06T08:53:57.514+0000] {logging_mixin.py:154} INFO - [2024-11-06T08:53:57.514+0000] {dag.py:2941} INFO - Sync 2 DAGs
[2024-11-06T08:53:57.520+0000] {logging_mixin.py:154} INFO - [2024-11-06T08:53:57.520+0000] {dag.py:3722} INFO - Setting next_dagrun for example_xcom_args to None, run_after=None
[2024-11-06T08:53:57.521+0000] {logging_mixin.py:154} INFO - [2024-11-06T08:53:57.521+0000] {dag.py:3722} INFO - Setting next_dagrun for example_xcom_args_with_operators to None, run_after=None
[2024-11-06T08:53:57.527+0000] {processor.py:179} INFO - Processing /home/airflow/.local/lib/python3.8/site-packages/airflow/example_dags/example_xcomargs.py took 0.034 seconds
[2024-11-06T08:54:28.004+0000] {processor.py:157} INFO - Started process (PID=1253) to work on /home/airflow/.local/lib/python3.8/site-packages/airflow/example_dags/example_xcomargs.py
[2024-11-06T08:54:28.004+0000] {processor.py:829} INFO - Processing file /home/airflow/.local/lib/python3.8/site-packages/airflow/example_dags/example_xcomargs.py for tasks to queue
[2024-11-06T08:54:28.006+0000] {logging_mixin.py:154} INFO - [2024-11-06T08:54:28.005+0000] {dagbag.py:536} INFO - Filling up the DagBag from /home/airflow/.local/lib/python3.8/site-packages/airflow/example_dags/example_xcomargs.py
[2024-11-06T08:54:28.009+0000] {processor.py:839} INFO - DAG(s) dict_keys(['example_xcom_args', 'example_xcom_args_with_operators']) retrieved from /home/airflow/.local/lib/python3.8/site-packages/airflow/example_dags/example_xcomargs.py
[2024-11-06T08:54:28.021+0000] {logging_mixin.py:154} INFO - [2024-11-06T08:54:28.021+0000] {dag.py:2941} INFO - Sync 2 DAGs
[2024-11-06T08:54:28.027+0000] {logging_mixin.py:154} INFO - [2024-11-06T08:54:28.027+0000] {dag.py:3722} INFO - Setting next_dagrun for example_xcom_args to None, run_after=None
[2024-11-06T08:54:28.029+0000] {logging_mixin.py:154} INFO - [2024-11-06T08:54:28.029+0000] {dag.py:3722} INFO - Setting next_dagrun for example_xcom_args_with_operators to None, run_after=None
[2024-11-06T08:54:28.111+0000] {processor.py:179} INFO - Processing /home/airflow/.local/lib/python3.8/site-packages/airflow/example_dags/example_xcomargs.py took 0.109 seconds
[2024-11-06T08:54:58.797+0000] {processor.py:157} INFO - Started process (PID=1307) to work on /home/airflow/.local/lib/python3.8/site-packages/airflow/example_dags/example_xcomargs.py
[2024-11-06T08:54:58.797+0000] {processor.py:829} INFO - Processing file /home/airflow/.local/lib/python3.8/site-packages/airflow/example_dags/example_xcomargs.py for tasks to queue
[2024-11-06T08:54:58.798+0000] {logging_mixin.py:154} INFO - [2024-11-06T08:54:58.798+0000] {dagbag.py:536} INFO - Filling up the DagBag from /home/airflow/.local/lib/python3.8/site-packages/airflow/example_dags/example_xcomargs.py
[2024-11-06T08:54:58.801+0000] {processor.py:839} INFO - DAG(s) dict_keys(['example_xcom_args_with_operators', 'example_xcom_args']) retrieved from /home/airflow/.local/lib/python3.8/site-packages/airflow/example_dags/example_xcomargs.py
[2024-11-06T08:54:58.813+0000] {logging_mixin.py:154} INFO - [2024-11-06T08:54:58.813+0000] {dag.py:2941} INFO - Sync 2 DAGs
[2024-11-06T08:54:58.819+0000] {logging_mixin.py:154} INFO - [2024-11-06T08:54:58.818+0000] {dag.py:3722} INFO - Setting next_dagrun for example_xcom_args to None, run_after=None
[2024-11-06T08:54:58.820+0000] {logging_mixin.py:154} INFO - [2024-11-06T08:54:58.820+0000] {dag.py:3722} INFO - Setting next_dagrun for example_xcom_args_with_operators to None, run_after=None
[2024-11-06T08:54:58.826+0000] {processor.py:179} INFO - Processing /home/airflow/.local/lib/python3.8/site-packages/airflow/example_dags/example_xcomargs.py took 0.031 seconds
[2024-11-06T08:55:29.650+0000] {processor.py:157} INFO - Started process (PID=1361) to work on /home/airflow/.local/lib/python3.8/site-packages/airflow/example_dags/example_xcomargs.py
[2024-11-06T08:55:29.651+0000] {processor.py:829} INFO - Processing file /home/airflow/.local/lib/python3.8/site-packages/airflow/example_dags/example_xcomargs.py for tasks to queue
[2024-11-06T08:55:29.652+0000] {logging_mixin.py:154} INFO - [2024-11-06T08:55:29.652+0000] {dagbag.py:536} INFO - Filling up the DagBag from /home/airflow/.local/lib/python3.8/site-packages/airflow/example_dags/example_xcomargs.py
[2024-11-06T08:55:29.656+0000] {processor.py:839} INFO - DAG(s) dict_keys(['example_xcom_args', 'example_xcom_args_with_operators']) retrieved from /home/airflow/.local/lib/python3.8/site-packages/airflow/example_dags/example_xcomargs.py
[2024-11-06T08:55:29.666+0000] {logging_mixin.py:154} INFO - [2024-11-06T08:55:29.666+0000] {dag.py:2941} INFO - Sync 2 DAGs
[2024-11-06T08:55:29.671+0000] {logging_mixin.py:154} INFO - [2024-11-06T08:55:29.671+0000] {dag.py:3722} INFO - Setting next_dagrun for example_xcom_args to None, run_after=None
[2024-11-06T08:55:29.673+0000] {logging_mixin.py:154} INFO - [2024-11-06T08:55:29.673+0000] {dag.py:3722} INFO - Setting next_dagrun for example_xcom_args_with_operators to None, run_after=None
[2024-11-06T08:55:29.681+0000] {processor.py:179} INFO - Processing /home/airflow/.local/lib/python3.8/site-packages/airflow/example_dags/example_xcomargs.py took 0.033 seconds
[2024-11-06T08:56:00.240+0000] {processor.py:157} INFO - Started process (PID=1415) to work on /home/airflow/.local/lib/python3.8/site-packages/airflow/example_dags/example_xcomargs.py
[2024-11-06T08:56:00.241+0000] {processor.py:829} INFO - Processing file /home/airflow/.local/lib/python3.8/site-packages/airflow/example_dags/example_xcomargs.py for tasks to queue
[2024-11-06T08:56:00.241+0000] {logging_mixin.py:154} INFO - [2024-11-06T08:56:00.241+0000] {dagbag.py:536} INFO - Filling up the DagBag from /home/airflow/.local/lib/python3.8/site-packages/airflow/example_dags/example_xcomargs.py
[2024-11-06T08:56:00.246+0000] {processor.py:839} INFO - DAG(s) dict_keys(['example_xcom_args_with_operators', 'example_xcom_args']) retrieved from /home/airflow/.local/lib/python3.8/site-packages/airflow/example_dags/example_xcomargs.py
[2024-11-06T08:56:00.256+0000] {logging_mixin.py:154} INFO - [2024-11-06T08:56:00.256+0000] {dag.py:2941} INFO - Sync 2 DAGs
[2024-11-06T08:56:00.262+0000] {logging_mixin.py:154} INFO - [2024-11-06T08:56:00.262+0000] {dag.py:3722} INFO - Setting next_dagrun for example_xcom_args to None, run_after=None
[2024-11-06T08:56:00.263+0000] {logging_mixin.py:154} INFO - [2024-11-06T08:56:00.263+0000] {dag.py:3722} INFO - Setting next_dagrun for example_xcom_args_with_operators to None, run_after=None
[2024-11-06T08:56:00.345+0000] {processor.py:179} INFO - Processing /home/airflow/.local/lib/python3.8/site-packages/airflow/example_dags/example_xcomargs.py took 0.106 seconds
[2024-11-06T08:56:30.516+0000] {processor.py:157} INFO - Started process (PID=1469) to work on /home/airflow/.local/lib/python3.8/site-packages/airflow/example_dags/example_xcomargs.py
[2024-11-06T08:56:30.516+0000] {processor.py:829} INFO - Processing file /home/airflow/.local/lib/python3.8/site-packages/airflow/example_dags/example_xcomargs.py for tasks to queue
[2024-11-06T08:56:30.517+0000] {logging_mixin.py:154} INFO - [2024-11-06T08:56:30.517+0000] {dagbag.py:536} INFO - Filling up the DagBag from /home/airflow/.local/lib/python3.8/site-packages/airflow/example_dags/example_xcomargs.py
[2024-11-06T08:56:30.520+0000] {processor.py:839} INFO - DAG(s) dict_keys(['example_xcom_args', 'example_xcom_args_with_operators']) retrieved from /home/airflow/.local/lib/python3.8/site-packages/airflow/example_dags/example_xcomargs.py
[2024-11-06T08:56:30.531+0000] {logging_mixin.py:154} INFO - [2024-11-06T08:56:30.531+0000] {dag.py:2941} INFO - Sync 2 DAGs
[2024-11-06T08:56:30.536+0000] {logging_mixin.py:154} INFO - [2024-11-06T08:56:30.536+0000] {dag.py:3722} INFO - Setting next_dagrun for example_xcom_args to None, run_after=None
[2024-11-06T08:56:30.537+0000] {logging_mixin.py:154} INFO - [2024-11-06T08:56:30.537+0000] {dag.py:3722} INFO - Setting next_dagrun for example_xcom_args_with_operators to None, run_after=None
[2024-11-06T08:56:30.543+0000] {processor.py:179} INFO - Processing /home/airflow/.local/lib/python3.8/site-packages/airflow/example_dags/example_xcomargs.py took 0.029 seconds
[2024-11-06T08:57:01.651+0000] {processor.py:157} INFO - Started process (PID=1523) to work on /home/airflow/.local/lib/python3.8/site-packages/airflow/example_dags/example_xcomargs.py
[2024-11-06T08:57:01.652+0000] {processor.py:829} INFO - Processing file /home/airflow/.local/lib/python3.8/site-packages/airflow/example_dags/example_xcomargs.py for tasks to queue
[2024-11-06T08:57:01.655+0000] {logging_mixin.py:154} INFO - [2024-11-06T08:57:01.655+0000] {dagbag.py:536} INFO - Filling up the DagBag from /home/airflow/.local/lib/python3.8/site-packages/airflow/example_dags/example_xcomargs.py
[2024-11-06T08:57:01.660+0000] {processor.py:839} INFO - DAG(s) dict_keys(['example_xcom_args', 'example_xcom_args_with_operators']) retrieved from /home/airflow/.local/lib/python3.8/site-packages/airflow/example_dags/example_xcomargs.py
[2024-11-06T08:57:01.759+0000] {logging_mixin.py:154} INFO - [2024-11-06T08:57:01.759+0000] {dag.py:2941} INFO - Sync 2 DAGs
[2024-11-06T08:57:01.764+0000] {logging_mixin.py:154} INFO - [2024-11-06T08:57:01.764+0000] {dag.py:3722} INFO - Setting next_dagrun for example_xcom_args to None, run_after=None
[2024-11-06T08:57:01.766+0000] {logging_mixin.py:154} INFO - [2024-11-06T08:57:01.766+0000] {dag.py:3722} INFO - Setting next_dagrun for example_xcom_args_with_operators to None, run_after=None
[2024-11-06T08:57:01.773+0000] {processor.py:179} INFO - Processing /home/airflow/.local/lib/python3.8/site-packages/airflow/example_dags/example_xcomargs.py took 0.123 seconds
[2024-11-06T08:57:31.809+0000] {processor.py:157} INFO - Started process (PID=1577) to work on /home/airflow/.local/lib/python3.8/site-packages/airflow/example_dags/example_xcomargs.py
[2024-11-06T08:57:31.810+0000] {processor.py:829} INFO - Processing file /home/airflow/.local/lib/python3.8/site-packages/airflow/example_dags/example_xcomargs.py for tasks to queue
[2024-11-06T08:57:31.811+0000] {logging_mixin.py:154} INFO - [2024-11-06T08:57:31.811+0000] {dagbag.py:536} INFO - Filling up the DagBag from /home/airflow/.local/lib/python3.8/site-packages/airflow/example_dags/example_xcomargs.py
[2024-11-06T08:57:31.814+0000] {processor.py:839} INFO - DAG(s) dict_keys(['example_xcom_args', 'example_xcom_args_with_operators']) retrieved from /home/airflow/.local/lib/python3.8/site-packages/airflow/example_dags/example_xcomargs.py
[2024-11-06T08:57:31.823+0000] {logging_mixin.py:154} INFO - [2024-11-06T08:57:31.823+0000] {dag.py:2941} INFO - Sync 2 DAGs
[2024-11-06T08:57:31.828+0000] {logging_mixin.py:154} INFO - [2024-11-06T08:57:31.828+0000] {dag.py:3722} INFO - Setting next_dagrun for example_xcom_args to None, run_after=None
[2024-11-06T08:57:31.830+0000] {logging_mixin.py:154} INFO - [2024-11-06T08:57:31.829+0000] {dag.py:3722} INFO - Setting next_dagrun for example_xcom_args_with_operators to None, run_after=None
[2024-11-06T08:57:31.904+0000] {processor.py:179} INFO - Processing /home/airflow/.local/lib/python3.8/site-packages/airflow/example_dags/example_xcomargs.py took 0.096 seconds
[2024-11-06T08:58:02.250+0000] {processor.py:157} INFO - Started process (PID=1630) to work on /home/airflow/.local/lib/python3.8/site-packages/airflow/example_dags/example_xcomargs.py
[2024-11-06T08:58:02.251+0000] {processor.py:829} INFO - Processing file /home/airflow/.local/lib/python3.8/site-packages/airflow/example_dags/example_xcomargs.py for tasks to queue
[2024-11-06T08:58:02.252+0000] {logging_mixin.py:154} INFO - [2024-11-06T08:58:02.252+0000] {dagbag.py:536} INFO - Filling up the DagBag from /home/airflow/.local/lib/python3.8/site-packages/airflow/example_dags/example_xcomargs.py
[2024-11-06T08:58:02.256+0000] {processor.py:839} INFO - DAG(s) dict_keys(['example_xcom_args', 'example_xcom_args_with_operators']) retrieved from /home/airflow/.local/lib/python3.8/site-packages/airflow/example_dags/example_xcomargs.py
[2024-11-06T08:58:02.268+0000] {logging_mixin.py:154} INFO - [2024-11-06T08:58:02.268+0000] {dag.py:2941} INFO - Sync 2 DAGs
[2024-11-06T08:58:02.275+0000] {logging_mixin.py:154} INFO - [2024-11-06T08:58:02.275+0000] {dag.py:3722} INFO - Setting next_dagrun for example_xcom_args to None, run_after=None
[2024-11-06T08:58:02.276+0000] {logging_mixin.py:154} INFO - [2024-11-06T08:58:02.276+0000] {dag.py:3722} INFO - Setting next_dagrun for example_xcom_args_with_operators to None, run_after=None
[2024-11-06T08:58:02.286+0000] {processor.py:179} INFO - Processing /home/airflow/.local/lib/python3.8/site-packages/airflow/example_dags/example_xcomargs.py took 0.037 seconds
[2024-11-06T08:58:33.245+0000] {processor.py:157} INFO - Started process (PID=1684) to work on /home/airflow/.local/lib/python3.8/site-packages/airflow/example_dags/example_xcomargs.py
[2024-11-06T08:58:33.246+0000] {processor.py:829} INFO - Processing file /home/airflow/.local/lib/python3.8/site-packages/airflow/example_dags/example_xcomargs.py for tasks to queue
[2024-11-06T08:58:33.247+0000] {logging_mixin.py:154} INFO - [2024-11-06T08:58:33.247+0000] {dagbag.py:536} INFO - Filling up the DagBag from /home/airflow/.local/lib/python3.8/site-packages/airflow/example_dags/example_xcomargs.py
[2024-11-06T08:58:33.250+0000] {processor.py:839} INFO - DAG(s) dict_keys(['example_xcom_args_with_operators', 'example_xcom_args']) retrieved from /home/airflow/.local/lib/python3.8/site-packages/airflow/example_dags/example_xcomargs.py
[2024-11-06T08:58:33.336+0000] {logging_mixin.py:154} INFO - [2024-11-06T08:58:33.336+0000] {dag.py:2941} INFO - Sync 2 DAGs
[2024-11-06T08:58:33.343+0000] {logging_mixin.py:154} INFO - [2024-11-06T08:58:33.343+0000] {dag.py:3722} INFO - Setting next_dagrun for example_xcom_args to None, run_after=None
[2024-11-06T08:58:33.345+0000] {logging_mixin.py:154} INFO - [2024-11-06T08:58:33.345+0000] {dag.py:3722} INFO - Setting next_dagrun for example_xcom_args_with_operators to None, run_after=None
[2024-11-06T08:58:33.354+0000] {processor.py:179} INFO - Processing /home/airflow/.local/lib/python3.8/site-packages/airflow/example_dags/example_xcomargs.py took 0.110 seconds
[2024-11-06T09:17:56.511+0000] {processor.py:157} INFO - Started process (PID=1729) to work on /home/airflow/.local/lib/python3.8/site-packages/airflow/example_dags/example_xcomargs.py
[2024-11-06T09:17:56.513+0000] {processor.py:829} INFO - Processing file /home/airflow/.local/lib/python3.8/site-packages/airflow/example_dags/example_xcomargs.py for tasks to queue
[2024-11-06T09:17:56.514+0000] {logging_mixin.py:154} INFO - [2024-11-06T09:17:56.513+0000] {dagbag.py:536} INFO - Filling up the DagBag from /home/airflow/.local/lib/python3.8/site-packages/airflow/example_dags/example_xcomargs.py
[2024-11-06T09:17:56.517+0000] {processor.py:839} INFO - DAG(s) dict_keys(['example_xcom_args_with_operators', 'example_xcom_args']) retrieved from /home/airflow/.local/lib/python3.8/site-packages/airflow/example_dags/example_xcomargs.py
[2024-11-06T09:17:56.531+0000] {logging_mixin.py:154} INFO - [2024-11-06T09:17:56.531+0000] {dag.py:2941} INFO - Sync 2 DAGs
[2024-11-06T09:17:56.543+0000] {logging_mixin.py:154} INFO - [2024-11-06T09:17:56.543+0000] {dag.py:3722} INFO - Setting next_dagrun for example_xcom_args to None, run_after=None
[2024-11-06T09:17:56.549+0000] {logging_mixin.py:154} INFO - [2024-11-06T09:17:56.548+0000] {dag.py:3722} INFO - Setting next_dagrun for example_xcom_args_with_operators to None, run_after=None
[2024-11-06T09:17:56.574+0000] {processor.py:179} INFO - Processing /home/airflow/.local/lib/python3.8/site-packages/airflow/example_dags/example_xcomargs.py took 0.064 seconds
[2024-11-06T09:29:43.457+0000] {processor.py:157} INFO - Started process (PID=1783) to work on /home/airflow/.local/lib/python3.8/site-packages/airflow/example_dags/example_xcomargs.py
[2024-11-06T09:29:43.457+0000] {processor.py:829} INFO - Processing file /home/airflow/.local/lib/python3.8/site-packages/airflow/example_dags/example_xcomargs.py for tasks to queue
[2024-11-06T09:29:43.460+0000] {logging_mixin.py:154} INFO - [2024-11-06T09:29:43.459+0000] {dagbag.py:536} INFO - Filling up the DagBag from /home/airflow/.local/lib/python3.8/site-packages/airflow/example_dags/example_xcomargs.py
[2024-11-06T09:29:43.463+0000] {processor.py:839} INFO - DAG(s) dict_keys(['example_xcom_args', 'example_xcom_args_with_operators']) retrieved from /home/airflow/.local/lib/python3.8/site-packages/airflow/example_dags/example_xcomargs.py
[2024-11-06T09:29:43.477+0000] {logging_mixin.py:154} INFO - [2024-11-06T09:29:43.476+0000] {dag.py:2941} INFO - Sync 2 DAGs
[2024-11-06T09:29:43.481+0000] {logging_mixin.py:154} INFO - [2024-11-06T09:29:43.481+0000] {dag.py:3722} INFO - Setting next_dagrun for example_xcom_args to None, run_after=None
[2024-11-06T09:29:43.483+0000] {logging_mixin.py:154} INFO - [2024-11-06T09:29:43.483+0000] {dag.py:3722} INFO - Setting next_dagrun for example_xcom_args_with_operators to None, run_after=None
[2024-11-06T09:29:43.494+0000] {processor.py:179} INFO - Processing /home/airflow/.local/lib/python3.8/site-packages/airflow/example_dags/example_xcomargs.py took 0.038 seconds
[2024-11-06T10:28:12.961+0000] {processor.py:157} INFO - Started process (PID=1837) to work on /home/airflow/.local/lib/python3.8/site-packages/airflow/example_dags/example_xcomargs.py
[2024-11-06T10:28:12.963+0000] {processor.py:829} INFO - Processing file /home/airflow/.local/lib/python3.8/site-packages/airflow/example_dags/example_xcomargs.py for tasks to queue
[2024-11-06T10:28:12.966+0000] {logging_mixin.py:154} INFO - [2024-11-06T10:28:12.965+0000] {dagbag.py:536} INFO - Filling up the DagBag from /home/airflow/.local/lib/python3.8/site-packages/airflow/example_dags/example_xcomargs.py
[2024-11-06T10:28:12.976+0000] {processor.py:839} INFO - DAG(s) dict_keys(['example_xcom_args', 'example_xcom_args_with_operators']) retrieved from /home/airflow/.local/lib/python3.8/site-packages/airflow/example_dags/example_xcomargs.py
[2024-11-06T10:28:12.999+0000] {logging_mixin.py:154} INFO - [2024-11-06T10:28:12.999+0000] {dag.py:2941} INFO - Sync 2 DAGs
[2024-11-06T10:28:13.011+0000] {logging_mixin.py:154} INFO - [2024-11-06T10:28:13.011+0000] {dag.py:3722} INFO - Setting next_dagrun for example_xcom_args to None, run_after=None
[2024-11-06T10:28:13.015+0000] {logging_mixin.py:154} INFO - [2024-11-06T10:28:13.015+0000] {dag.py:3722} INFO - Setting next_dagrun for example_xcom_args_with_operators to None, run_after=None
[2024-11-06T10:28:13.036+0000] {processor.py:179} INFO - Processing /home/airflow/.local/lib/python3.8/site-packages/airflow/example_dags/example_xcomargs.py took 0.079 seconds
[2024-11-06T11:31:03.162+0000] {processor.py:157} INFO - Started process (PID=1891) to work on /home/airflow/.local/lib/python3.8/site-packages/airflow/example_dags/example_xcomargs.py
[2024-11-06T11:31:03.164+0000] {processor.py:829} INFO - Processing file /home/airflow/.local/lib/python3.8/site-packages/airflow/example_dags/example_xcomargs.py for tasks to queue
[2024-11-06T11:31:03.169+0000] {logging_mixin.py:154} INFO - [2024-11-06T11:31:03.169+0000] {dagbag.py:536} INFO - Filling up the DagBag from /home/airflow/.local/lib/python3.8/site-packages/airflow/example_dags/example_xcomargs.py
[2024-11-06T11:31:03.175+0000] {processor.py:839} INFO - DAG(s) dict_keys(['example_xcom_args_with_operators', 'example_xcom_args']) retrieved from /home/airflow/.local/lib/python3.8/site-packages/airflow/example_dags/example_xcomargs.py
[2024-11-06T11:31:03.196+0000] {logging_mixin.py:154} INFO - [2024-11-06T11:31:03.196+0000] {dag.py:2941} INFO - Sync 2 DAGs
[2024-11-06T11:31:03.207+0000] {logging_mixin.py:154} INFO - [2024-11-06T11:31:03.207+0000] {dag.py:3722} INFO - Setting next_dagrun for example_xcom_args to None, run_after=None
[2024-11-06T11:31:03.210+0000] {logging_mixin.py:154} INFO - [2024-11-06T11:31:03.210+0000] {dag.py:3722} INFO - Setting next_dagrun for example_xcom_args_with_operators to None, run_after=None
[2024-11-06T11:31:03.229+0000] {processor.py:179} INFO - Processing /home/airflow/.local/lib/python3.8/site-packages/airflow/example_dags/example_xcomargs.py took 0.070 seconds
[2024-11-06T11:59:49.907+0000] {processor.py:157} INFO - Started process (PID=1945) to work on /home/airflow/.local/lib/python3.8/site-packages/airflow/example_dags/example_xcomargs.py
[2024-11-06T11:59:49.908+0000] {processor.py:829} INFO - Processing file /home/airflow/.local/lib/python3.8/site-packages/airflow/example_dags/example_xcomargs.py for tasks to queue
[2024-11-06T11:59:49.910+0000] {logging_mixin.py:154} INFO - [2024-11-06T11:59:49.910+0000] {dagbag.py:536} INFO - Filling up the DagBag from /home/airflow/.local/lib/python3.8/site-packages/airflow/example_dags/example_xcomargs.py
[2024-11-06T11:59:49.916+0000] {processor.py:839} INFO - DAG(s) dict_keys(['example_xcom_args', 'example_xcom_args_with_operators']) retrieved from /home/airflow/.local/lib/python3.8/site-packages/airflow/example_dags/example_xcomargs.py
[2024-11-06T11:59:49.942+0000] {logging_mixin.py:154} INFO - [2024-11-06T11:59:49.942+0000] {dag.py:2941} INFO - Sync 2 DAGs
[2024-11-06T11:59:49.956+0000] {logging_mixin.py:154} INFO - [2024-11-06T11:59:49.956+0000] {dag.py:3722} INFO - Setting next_dagrun for example_xcom_args to None, run_after=None
[2024-11-06T11:59:49.963+0000] {logging_mixin.py:154} INFO - [2024-11-06T11:59:49.963+0000] {dag.py:3722} INFO - Setting next_dagrun for example_xcom_args_with_operators to None, run_after=None
[2024-11-06T11:59:49.988+0000] {processor.py:179} INFO - Processing /home/airflow/.local/lib/python3.8/site-packages/airflow/example_dags/example_xcomargs.py took 0.085 seconds
[2024-11-06T12:50:47.050+0000] {processor.py:157} INFO - Started process (PID=1999) to work on /home/airflow/.local/lib/python3.8/site-packages/airflow/example_dags/example_xcomargs.py
[2024-11-06T12:50:47.052+0000] {processor.py:829} INFO - Processing file /home/airflow/.local/lib/python3.8/site-packages/airflow/example_dags/example_xcomargs.py for tasks to queue
[2024-11-06T12:50:47.054+0000] {logging_mixin.py:154} INFO - [2024-11-06T12:50:47.054+0000] {dagbag.py:536} INFO - Filling up the DagBag from /home/airflow/.local/lib/python3.8/site-packages/airflow/example_dags/example_xcomargs.py
[2024-11-06T12:50:47.059+0000] {processor.py:839} INFO - DAG(s) dict_keys(['example_xcom_args', 'example_xcom_args_with_operators']) retrieved from /home/airflow/.local/lib/python3.8/site-packages/airflow/example_dags/example_xcomargs.py
[2024-11-06T12:50:47.069+0000] {logging_mixin.py:154} INFO - [2024-11-06T12:50:47.069+0000] {dag.py:2941} INFO - Sync 2 DAGs
[2024-11-06T12:50:47.076+0000] {logging_mixin.py:154} INFO - [2024-11-06T12:50:47.076+0000] {dag.py:3722} INFO - Setting next_dagrun for example_xcom_args to None, run_after=None
[2024-11-06T12:50:47.079+0000] {logging_mixin.py:154} INFO - [2024-11-06T12:50:47.079+0000] {dag.py:3722} INFO - Setting next_dagrun for example_xcom_args_with_operators to None, run_after=None
[2024-11-06T12:50:47.087+0000] {processor.py:179} INFO - Processing /home/airflow/.local/lib/python3.8/site-packages/airflow/example_dags/example_xcomargs.py took 0.039 seconds
[2024-11-06T12:52:35.243+0000] {processor.py:157} INFO - Started process (PID=2053) to work on /home/airflow/.local/lib/python3.8/site-packages/airflow/example_dags/example_xcomargs.py
[2024-11-06T12:52:35.244+0000] {processor.py:829} INFO - Processing file /home/airflow/.local/lib/python3.8/site-packages/airflow/example_dags/example_xcomargs.py for tasks to queue
[2024-11-06T12:52:35.245+0000] {logging_mixin.py:154} INFO - [2024-11-06T12:52:35.244+0000] {dagbag.py:536} INFO - Filling up the DagBag from /home/airflow/.local/lib/python3.8/site-packages/airflow/example_dags/example_xcomargs.py
[2024-11-06T12:52:35.248+0000] {processor.py:839} INFO - DAG(s) dict_keys(['example_xcom_args', 'example_xcom_args_with_operators']) retrieved from /home/airflow/.local/lib/python3.8/site-packages/airflow/example_dags/example_xcomargs.py
[2024-11-06T12:52:35.262+0000] {logging_mixin.py:154} INFO - [2024-11-06T12:52:35.262+0000] {dag.py:2941} INFO - Sync 2 DAGs
[2024-11-06T12:52:35.268+0000] {logging_mixin.py:154} INFO - [2024-11-06T12:52:35.268+0000] {dag.py:3722} INFO - Setting next_dagrun for example_xcom_args to None, run_after=None
[2024-11-06T12:52:35.270+0000] {logging_mixin.py:154} INFO - [2024-11-06T12:52:35.270+0000] {dag.py:3722} INFO - Setting next_dagrun for example_xcom_args_with_operators to None, run_after=None
[2024-11-06T12:52:35.279+0000] {processor.py:179} INFO - Processing /home/airflow/.local/lib/python3.8/site-packages/airflow/example_dags/example_xcomargs.py took 0.038 seconds
[2024-11-06T13:07:16.597+0000] {processor.py:157} INFO - Started process (PID=2107) to work on /home/airflow/.local/lib/python3.8/site-packages/airflow/example_dags/example_xcomargs.py
[2024-11-06T13:07:16.599+0000] {processor.py:829} INFO - Processing file /home/airflow/.local/lib/python3.8/site-packages/airflow/example_dags/example_xcomargs.py for tasks to queue
[2024-11-06T13:07:16.601+0000] {logging_mixin.py:154} INFO - [2024-11-06T13:07:16.601+0000] {dagbag.py:536} INFO - Filling up the DagBag from /home/airflow/.local/lib/python3.8/site-packages/airflow/example_dags/example_xcomargs.py
[2024-11-06T13:07:16.606+0000] {processor.py:839} INFO - DAG(s) dict_keys(['example_xcom_args', 'example_xcom_args_with_operators']) retrieved from /home/airflow/.local/lib/python3.8/site-packages/airflow/example_dags/example_xcomargs.py
[2024-11-06T13:07:16.618+0000] {logging_mixin.py:154} INFO - [2024-11-06T13:07:16.618+0000] {dag.py:2941} INFO - Sync 2 DAGs
[2024-11-06T13:07:16.625+0000] {logging_mixin.py:154} INFO - [2024-11-06T13:07:16.625+0000] {dag.py:3722} INFO - Setting next_dagrun for example_xcom_args to None, run_after=None
[2024-11-06T13:07:16.627+0000] {logging_mixin.py:154} INFO - [2024-11-06T13:07:16.627+0000] {dag.py:3722} INFO - Setting next_dagrun for example_xcom_args_with_operators to None, run_after=None
[2024-11-06T13:07:16.636+0000] {processor.py:179} INFO - Processing /home/airflow/.local/lib/python3.8/site-packages/airflow/example_dags/example_xcomargs.py took 0.041 seconds
[2024-11-06T13:47:31.240+0000] {processor.py:157} INFO - Started process (PID=2161) to work on /home/airflow/.local/lib/python3.8/site-packages/airflow/example_dags/example_xcomargs.py
[2024-11-06T13:47:31.241+0000] {processor.py:829} INFO - Processing file /home/airflow/.local/lib/python3.8/site-packages/airflow/example_dags/example_xcomargs.py for tasks to queue
[2024-11-06T13:47:31.243+0000] {logging_mixin.py:154} INFO - [2024-11-06T13:47:31.242+0000] {dagbag.py:536} INFO - Filling up the DagBag from /home/airflow/.local/lib/python3.8/site-packages/airflow/example_dags/example_xcomargs.py
[2024-11-06T13:47:31.251+0000] {processor.py:839} INFO - DAG(s) dict_keys(['example_xcom_args', 'example_xcom_args_with_operators']) retrieved from /home/airflow/.local/lib/python3.8/site-packages/airflow/example_dags/example_xcomargs.py
[2024-11-06T13:47:31.274+0000] {logging_mixin.py:154} INFO - [2024-11-06T13:47:31.273+0000] {dag.py:2941} INFO - Sync 2 DAGs
[2024-11-06T13:47:31.287+0000] {logging_mixin.py:154} INFO - [2024-11-06T13:47:31.286+0000] {dag.py:3722} INFO - Setting next_dagrun for example_xcom_args to None, run_after=None
[2024-11-06T13:47:31.292+0000] {logging_mixin.py:154} INFO - [2024-11-06T13:47:31.292+0000] {dag.py:3722} INFO - Setting next_dagrun for example_xcom_args_with_operators to None, run_after=None
[2024-11-06T13:47:31.311+0000] {processor.py:179} INFO - Processing /home/airflow/.local/lib/python3.8/site-packages/airflow/example_dags/example_xcomargs.py took 0.072 seconds
[2024-11-06T13:55:17.073+0000] {processor.py:157} INFO - Started process (PID=2215) to work on /home/airflow/.local/lib/python3.8/site-packages/airflow/example_dags/example_xcomargs.py
[2024-11-06T13:55:17.075+0000] {processor.py:829} INFO - Processing file /home/airflow/.local/lib/python3.8/site-packages/airflow/example_dags/example_xcomargs.py for tasks to queue
[2024-11-06T13:55:17.078+0000] {logging_mixin.py:154} INFO - [2024-11-06T13:55:17.078+0000] {dagbag.py:536} INFO - Filling up the DagBag from /home/airflow/.local/lib/python3.8/site-packages/airflow/example_dags/example_xcomargs.py
[2024-11-06T13:55:17.088+0000] {processor.py:839} INFO - DAG(s) dict_keys(['example_xcom_args', 'example_xcom_args_with_operators']) retrieved from /home/airflow/.local/lib/python3.8/site-packages/airflow/example_dags/example_xcomargs.py
[2024-11-06T13:55:17.117+0000] {logging_mixin.py:154} INFO - [2024-11-06T13:55:17.117+0000] {dag.py:2941} INFO - Sync 2 DAGs
[2024-11-06T13:55:17.133+0000] {logging_mixin.py:154} INFO - [2024-11-06T13:55:17.133+0000] {dag.py:3722} INFO - Setting next_dagrun for example_xcom_args to None, run_after=None
[2024-11-06T13:55:17.138+0000] {logging_mixin.py:154} INFO - [2024-11-06T13:55:17.137+0000] {dag.py:3722} INFO - Setting next_dagrun for example_xcom_args_with_operators to None, run_after=None
[2024-11-06T13:55:17.163+0000] {processor.py:179} INFO - Processing /home/airflow/.local/lib/python3.8/site-packages/airflow/example_dags/example_xcomargs.py took 0.094 seconds
[2024-11-06T14:00:21.292+0000] {processor.py:157} INFO - Started process (PID=2269) to work on /home/airflow/.local/lib/python3.8/site-packages/airflow/example_dags/example_xcomargs.py
[2024-11-06T14:00:21.293+0000] {processor.py:829} INFO - Processing file /home/airflow/.local/lib/python3.8/site-packages/airflow/example_dags/example_xcomargs.py for tasks to queue
[2024-11-06T14:00:21.300+0000] {logging_mixin.py:154} INFO - [2024-11-06T14:00:21.300+0000] {dagbag.py:536} INFO - Filling up the DagBag from /home/airflow/.local/lib/python3.8/site-packages/airflow/example_dags/example_xcomargs.py
[2024-11-06T14:00:21.311+0000] {processor.py:839} INFO - DAG(s) dict_keys(['example_xcom_args', 'example_xcom_args_with_operators']) retrieved from /home/airflow/.local/lib/python3.8/site-packages/airflow/example_dags/example_xcomargs.py
[2024-11-06T14:00:21.347+0000] {logging_mixin.py:154} INFO - [2024-11-06T14:00:21.347+0000] {dag.py:2941} INFO - Sync 2 DAGs
[2024-11-06T14:00:21.365+0000] {logging_mixin.py:154} INFO - [2024-11-06T14:00:21.365+0000] {dag.py:3722} INFO - Setting next_dagrun for example_xcom_args to None, run_after=None
[2024-11-06T14:00:21.369+0000] {logging_mixin.py:154} INFO - [2024-11-06T14:00:21.369+0000] {dag.py:3722} INFO - Setting next_dagrun for example_xcom_args_with_operators to None, run_after=None
[2024-11-06T14:00:21.390+0000] {processor.py:179} INFO - Processing /home/airflow/.local/lib/python3.8/site-packages/airflow/example_dags/example_xcomargs.py took 0.100 seconds
[2024-11-06T14:05:41.852+0000] {processor.py:157} INFO - Started process (PID=2323) to work on /home/airflow/.local/lib/python3.8/site-packages/airflow/example_dags/example_xcomargs.py
[2024-11-06T14:05:41.854+0000] {processor.py:829} INFO - Processing file /home/airflow/.local/lib/python3.8/site-packages/airflow/example_dags/example_xcomargs.py for tasks to queue
[2024-11-06T14:05:41.859+0000] {logging_mixin.py:154} INFO - [2024-11-06T14:05:41.859+0000] {dagbag.py:536} INFO - Filling up the DagBag from /home/airflow/.local/lib/python3.8/site-packages/airflow/example_dags/example_xcomargs.py
[2024-11-06T14:05:41.863+0000] {processor.py:839} INFO - DAG(s) dict_keys(['example_xcom_args_with_operators', 'example_xcom_args']) retrieved from /home/airflow/.local/lib/python3.8/site-packages/airflow/example_dags/example_xcomargs.py
[2024-11-06T14:05:41.885+0000] {logging_mixin.py:154} INFO - [2024-11-06T14:05:41.885+0000] {dag.py:2941} INFO - Sync 2 DAGs
[2024-11-06T14:05:41.891+0000] {logging_mixin.py:154} INFO - [2024-11-06T14:05:41.891+0000] {dag.py:3722} INFO - Setting next_dagrun for example_xcom_args to None, run_after=None
[2024-11-06T14:05:41.893+0000] {logging_mixin.py:154} INFO - [2024-11-06T14:05:41.893+0000] {dag.py:3722} INFO - Setting next_dagrun for example_xcom_args_with_operators to None, run_after=None
[2024-11-06T14:05:41.905+0000] {processor.py:179} INFO - Processing /home/airflow/.local/lib/python3.8/site-packages/airflow/example_dags/example_xcomargs.py took 0.057 seconds
[2024-11-06T14:09:56.000+0000] {processor.py:157} INFO - Started process (PID=2377) to work on /home/airflow/.local/lib/python3.8/site-packages/airflow/example_dags/example_xcomargs.py
[2024-11-06T14:09:56.002+0000] {processor.py:829} INFO - Processing file /home/airflow/.local/lib/python3.8/site-packages/airflow/example_dags/example_xcomargs.py for tasks to queue
[2024-11-06T14:09:56.005+0000] {logging_mixin.py:154} INFO - [2024-11-06T14:09:56.005+0000] {dagbag.py:536} INFO - Filling up the DagBag from /home/airflow/.local/lib/python3.8/site-packages/airflow/example_dags/example_xcomargs.py
[2024-11-06T14:09:56.013+0000] {processor.py:839} INFO - DAG(s) dict_keys(['example_xcom_args_with_operators', 'example_xcom_args']) retrieved from /home/airflow/.local/lib/python3.8/site-packages/airflow/example_dags/example_xcomargs.py
[2024-11-06T14:09:56.041+0000] {logging_mixin.py:154} INFO - [2024-11-06T14:09:56.041+0000] {dag.py:2941} INFO - Sync 2 DAGs
[2024-11-06T14:09:56.055+0000] {logging_mixin.py:154} INFO - [2024-11-06T14:09:56.055+0000] {dag.py:3722} INFO - Setting next_dagrun for example_xcom_args to None, run_after=None
[2024-11-06T14:09:56.060+0000] {logging_mixin.py:154} INFO - [2024-11-06T14:09:56.060+0000] {dag.py:3722} INFO - Setting next_dagrun for example_xcom_args_with_operators to None, run_after=None
[2024-11-06T14:09:56.088+0000] {processor.py:179} INFO - Processing /home/airflow/.local/lib/python3.8/site-packages/airflow/example_dags/example_xcomargs.py took 0.091 seconds
[2024-11-06T14:16:57.287+0000] {processor.py:157} INFO - Started process (PID=2431) to work on /home/airflow/.local/lib/python3.8/site-packages/airflow/example_dags/example_xcomargs.py
[2024-11-06T14:16:57.289+0000] {processor.py:829} INFO - Processing file /home/airflow/.local/lib/python3.8/site-packages/airflow/example_dags/example_xcomargs.py for tasks to queue
[2024-11-06T14:16:57.292+0000] {logging_mixin.py:154} INFO - [2024-11-06T14:16:57.292+0000] {dagbag.py:536} INFO - Filling up the DagBag from /home/airflow/.local/lib/python3.8/site-packages/airflow/example_dags/example_xcomargs.py
[2024-11-06T14:16:57.296+0000] {processor.py:839} INFO - DAG(s) dict_keys(['example_xcom_args_with_operators', 'example_xcom_args']) retrieved from /home/airflow/.local/lib/python3.8/site-packages/airflow/example_dags/example_xcomargs.py
[2024-11-06T14:16:57.310+0000] {logging_mixin.py:154} INFO - [2024-11-06T14:16:57.310+0000] {dag.py:2941} INFO - Sync 2 DAGs
[2024-11-06T14:16:57.315+0000] {logging_mixin.py:154} INFO - [2024-11-06T14:16:57.315+0000] {dag.py:3722} INFO - Setting next_dagrun for example_xcom_args to None, run_after=None
[2024-11-06T14:16:57.317+0000] {logging_mixin.py:154} INFO - [2024-11-06T14:16:57.316+0000] {dag.py:3722} INFO - Setting next_dagrun for example_xcom_args_with_operators to None, run_after=None
[2024-11-06T14:16:57.327+0000] {processor.py:179} INFO - Processing /home/airflow/.local/lib/python3.8/site-packages/airflow/example_dags/example_xcomargs.py took 0.041 seconds
[2024-11-06T14:23:14.883+0000] {processor.py:157} INFO - Started process (PID=2485) to work on /home/airflow/.local/lib/python3.8/site-packages/airflow/example_dags/example_xcomargs.py
[2024-11-06T14:23:14.884+0000] {processor.py:829} INFO - Processing file /home/airflow/.local/lib/python3.8/site-packages/airflow/example_dags/example_xcomargs.py for tasks to queue
[2024-11-06T14:23:14.886+0000] {logging_mixin.py:154} INFO - [2024-11-06T14:23:14.886+0000] {dagbag.py:536} INFO - Filling up the DagBag from /home/airflow/.local/lib/python3.8/site-packages/airflow/example_dags/example_xcomargs.py
[2024-11-06T14:23:14.893+0000] {processor.py:839} INFO - DAG(s) dict_keys(['example_xcom_args', 'example_xcom_args_with_operators']) retrieved from /home/airflow/.local/lib/python3.8/site-packages/airflow/example_dags/example_xcomargs.py
[2024-11-06T14:23:14.919+0000] {logging_mixin.py:154} INFO - [2024-11-06T14:23:14.918+0000] {dag.py:2941} INFO - Sync 2 DAGs
[2024-11-06T14:23:14.930+0000] {logging_mixin.py:154} INFO - [2024-11-06T14:23:14.930+0000] {dag.py:3722} INFO - Setting next_dagrun for example_xcom_args to None, run_after=None
[2024-11-06T14:23:14.934+0000] {logging_mixin.py:154} INFO - [2024-11-06T14:23:14.934+0000] {dag.py:3722} INFO - Setting next_dagrun for example_xcom_args_with_operators to None, run_after=None
[2024-11-06T14:23:14.960+0000] {processor.py:179} INFO - Processing /home/airflow/.local/lib/python3.8/site-packages/airflow/example_dags/example_xcomargs.py took 0.081 seconds
[2024-11-06T14:31:01.415+0000] {processor.py:157} INFO - Started process (PID=2538) to work on /home/airflow/.local/lib/python3.8/site-packages/airflow/example_dags/example_xcomargs.py
[2024-11-06T14:31:01.417+0000] {processor.py:829} INFO - Processing file /home/airflow/.local/lib/python3.8/site-packages/airflow/example_dags/example_xcomargs.py for tasks to queue
[2024-11-06T14:31:01.420+0000] {logging_mixin.py:154} INFO - [2024-11-06T14:31:01.420+0000] {dagbag.py:536} INFO - Filling up the DagBag from /home/airflow/.local/lib/python3.8/site-packages/airflow/example_dags/example_xcomargs.py
[2024-11-06T14:31:01.430+0000] {processor.py:839} INFO - DAG(s) dict_keys(['example_xcom_args_with_operators', 'example_xcom_args']) retrieved from /home/airflow/.local/lib/python3.8/site-packages/airflow/example_dags/example_xcomargs.py
[2024-11-06T14:31:01.458+0000] {logging_mixin.py:154} INFO - [2024-11-06T14:31:01.458+0000] {dag.py:2941} INFO - Sync 2 DAGs
[2024-11-06T14:31:01.474+0000] {logging_mixin.py:154} INFO - [2024-11-06T14:31:01.474+0000] {dag.py:3722} INFO - Setting next_dagrun for example_xcom_args to None, run_after=None
[2024-11-06T14:31:01.480+0000] {logging_mixin.py:154} INFO - [2024-11-06T14:31:01.480+0000] {dag.py:3722} INFO - Setting next_dagrun for example_xcom_args_with_operators to None, run_after=None
[2024-11-06T14:31:01.506+0000] {processor.py:179} INFO - Processing /home/airflow/.local/lib/python3.8/site-packages/airflow/example_dags/example_xcomargs.py took 0.095 seconds
[2024-11-06T14:36:36.291+0000] {processor.py:157} INFO - Started process (PID=2591) to work on /home/airflow/.local/lib/python3.8/site-packages/airflow/example_dags/example_xcomargs.py
[2024-11-06T14:36:36.292+0000] {processor.py:829} INFO - Processing file /home/airflow/.local/lib/python3.8/site-packages/airflow/example_dags/example_xcomargs.py for tasks to queue
[2024-11-06T14:36:36.294+0000] {logging_mixin.py:154} INFO - [2024-11-06T14:36:36.294+0000] {dagbag.py:536} INFO - Filling up the DagBag from /home/airflow/.local/lib/python3.8/site-packages/airflow/example_dags/example_xcomargs.py
[2024-11-06T14:36:36.301+0000] {processor.py:839} INFO - DAG(s) dict_keys(['example_xcom_args_with_operators', 'example_xcom_args']) retrieved from /home/airflow/.local/lib/python3.8/site-packages/airflow/example_dags/example_xcomargs.py
[2024-11-06T14:36:36.320+0000] {logging_mixin.py:154} INFO - [2024-11-06T14:36:36.320+0000] {dag.py:2941} INFO - Sync 2 DAGs
[2024-11-06T14:36:36.326+0000] {logging_mixin.py:154} INFO - [2024-11-06T14:36:36.326+0000] {dag.py:3722} INFO - Setting next_dagrun for example_xcom_args to None, run_after=None
[2024-11-06T14:36:36.329+0000] {logging_mixin.py:154} INFO - [2024-11-06T14:36:36.329+0000] {dag.py:3722} INFO - Setting next_dagrun for example_xcom_args_with_operators to None, run_after=None
[2024-11-06T14:36:36.338+0000] {processor.py:179} INFO - Processing /home/airflow/.local/lib/python3.8/site-packages/airflow/example_dags/example_xcomargs.py took 0.051 seconds
[2024-11-06T15:02:52.158+0000] {processor.py:157} INFO - Started process (PID=2645) to work on /home/airflow/.local/lib/python3.8/site-packages/airflow/example_dags/example_xcomargs.py
[2024-11-06T15:02:52.159+0000] {processor.py:829} INFO - Processing file /home/airflow/.local/lib/python3.8/site-packages/airflow/example_dags/example_xcomargs.py for tasks to queue
[2024-11-06T15:02:52.164+0000] {logging_mixin.py:154} INFO - [2024-11-06T15:02:52.163+0000] {dagbag.py:536} INFO - Filling up the DagBag from /home/airflow/.local/lib/python3.8/site-packages/airflow/example_dags/example_xcomargs.py
[2024-11-06T15:02:52.177+0000] {processor.py:839} INFO - DAG(s) dict_keys(['example_xcom_args_with_operators', 'example_xcom_args']) retrieved from /home/airflow/.local/lib/python3.8/site-packages/airflow/example_dags/example_xcomargs.py
[2024-11-06T15:02:52.224+0000] {logging_mixin.py:154} INFO - [2024-11-06T15:02:52.223+0000] {dag.py:2941} INFO - Sync 2 DAGs
[2024-11-06T15:02:52.245+0000] {logging_mixin.py:154} INFO - [2024-11-06T15:02:52.245+0000] {dag.py:3722} INFO - Setting next_dagrun for example_xcom_args to None, run_after=None
[2024-11-06T15:02:52.251+0000] {logging_mixin.py:154} INFO - [2024-11-06T15:02:52.250+0000] {dag.py:3722} INFO - Setting next_dagrun for example_xcom_args_with_operators to None, run_after=None
[2024-11-06T15:02:52.285+0000] {processor.py:179} INFO - Processing /home/airflow/.local/lib/python3.8/site-packages/airflow/example_dags/example_xcomargs.py took 0.129 seconds
[2024-11-06T15:37:16.738+0000] {processor.py:157} INFO - Started process (PID=2699) to work on /home/airflow/.local/lib/python3.8/site-packages/airflow/example_dags/example_xcomargs.py
[2024-11-06T15:37:16.742+0000] {processor.py:829} INFO - Processing file /home/airflow/.local/lib/python3.8/site-packages/airflow/example_dags/example_xcomargs.py for tasks to queue
[2024-11-06T15:37:16.744+0000] {logging_mixin.py:154} INFO - [2024-11-06T15:37:16.744+0000] {dagbag.py:536} INFO - Filling up the DagBag from /home/airflow/.local/lib/python3.8/site-packages/airflow/example_dags/example_xcomargs.py
[2024-11-06T15:37:16.748+0000] {processor.py:839} INFO - DAG(s) dict_keys(['example_xcom_args', 'example_xcom_args_with_operators']) retrieved from /home/airflow/.local/lib/python3.8/site-packages/airflow/example_dags/example_xcomargs.py
[2024-11-06T15:37:16.760+0000] {logging_mixin.py:154} INFO - [2024-11-06T15:37:16.760+0000] {dag.py:2941} INFO - Sync 2 DAGs
[2024-11-06T15:37:16.766+0000] {logging_mixin.py:154} INFO - [2024-11-06T15:37:16.766+0000] {dag.py:3722} INFO - Setting next_dagrun for example_xcom_args to None, run_after=None
[2024-11-06T15:37:16.769+0000] {logging_mixin.py:154} INFO - [2024-11-06T15:37:16.769+0000] {dag.py:3722} INFO - Setting next_dagrun for example_xcom_args_with_operators to None, run_after=None
[2024-11-06T15:37:16.777+0000] {processor.py:179} INFO - Processing /home/airflow/.local/lib/python3.8/site-packages/airflow/example_dags/example_xcomargs.py took 0.042 seconds
[2024-11-06T15:48:09.121+0000] {processor.py:157} INFO - Started process (PID=2753) to work on /home/airflow/.local/lib/python3.8/site-packages/airflow/example_dags/example_xcomargs.py
[2024-11-06T15:48:09.121+0000] {processor.py:829} INFO - Processing file /home/airflow/.local/lib/python3.8/site-packages/airflow/example_dags/example_xcomargs.py for tasks to queue
[2024-11-06T15:48:09.122+0000] {logging_mixin.py:154} INFO - [2024-11-06T15:48:09.122+0000] {dagbag.py:536} INFO - Filling up the DagBag from /home/airflow/.local/lib/python3.8/site-packages/airflow/example_dags/example_xcomargs.py
[2024-11-06T15:48:09.125+0000] {processor.py:839} INFO - DAG(s) dict_keys(['example_xcom_args', 'example_xcom_args_with_operators']) retrieved from /home/airflow/.local/lib/python3.8/site-packages/airflow/example_dags/example_xcomargs.py
[2024-11-06T15:48:09.137+0000] {logging_mixin.py:154} INFO - [2024-11-06T15:48:09.137+0000] {dag.py:2941} INFO - Sync 2 DAGs
[2024-11-06T15:48:09.142+0000] {logging_mixin.py:154} INFO - [2024-11-06T15:48:09.142+0000] {dag.py:3722} INFO - Setting next_dagrun for example_xcom_args to None, run_after=None
[2024-11-06T15:48:09.144+0000] {logging_mixin.py:154} INFO - [2024-11-06T15:48:09.144+0000] {dag.py:3722} INFO - Setting next_dagrun for example_xcom_args_with_operators to None, run_after=None
[2024-11-06T15:48:09.156+0000] {processor.py:179} INFO - Processing /home/airflow/.local/lib/python3.8/site-packages/airflow/example_dags/example_xcomargs.py took 0.037 seconds
[2024-11-06T16:49:03.307+0000] {processor.py:157} INFO - Started process (PID=2807) to work on /home/airflow/.local/lib/python3.8/site-packages/airflow/example_dags/example_xcomargs.py
[2024-11-06T16:49:03.308+0000] {processor.py:829} INFO - Processing file /home/airflow/.local/lib/python3.8/site-packages/airflow/example_dags/example_xcomargs.py for tasks to queue
[2024-11-06T16:49:03.311+0000] {logging_mixin.py:154} INFO - [2024-11-06T16:49:03.310+0000] {dagbag.py:536} INFO - Filling up the DagBag from /home/airflow/.local/lib/python3.8/site-packages/airflow/example_dags/example_xcomargs.py
[2024-11-06T16:49:03.317+0000] {processor.py:839} INFO - DAG(s) dict_keys(['example_xcom_args_with_operators', 'example_xcom_args']) retrieved from /home/airflow/.local/lib/python3.8/site-packages/airflow/example_dags/example_xcomargs.py
[2024-11-06T16:49:03.342+0000] {logging_mixin.py:154} INFO - [2024-11-06T16:49:03.341+0000] {dag.py:2941} INFO - Sync 2 DAGs
[2024-11-06T16:49:03.359+0000] {logging_mixin.py:154} INFO - [2024-11-06T16:49:03.359+0000] {dag.py:3722} INFO - Setting next_dagrun for example_xcom_args to None, run_after=None
[2024-11-06T16:49:03.365+0000] {logging_mixin.py:154} INFO - [2024-11-06T16:49:03.364+0000] {dag.py:3722} INFO - Setting next_dagrun for example_xcom_args_with_operators to None, run_after=None
[2024-11-06T16:49:03.388+0000] {processor.py:179} INFO - Processing /home/airflow/.local/lib/python3.8/site-packages/airflow/example_dags/example_xcomargs.py took 0.086 seconds
[2024-11-06T16:49:56.286+0000] {processor.py:157} INFO - Started process (PID=2861) to work on /home/airflow/.local/lib/python3.8/site-packages/airflow/example_dags/example_xcomargs.py
[2024-11-06T16:49:56.286+0000] {processor.py:829} INFO - Processing file /home/airflow/.local/lib/python3.8/site-packages/airflow/example_dags/example_xcomargs.py for tasks to queue
[2024-11-06T16:49:56.288+0000] {logging_mixin.py:154} INFO - [2024-11-06T16:49:56.288+0000] {dagbag.py:536} INFO - Filling up the DagBag from /home/airflow/.local/lib/python3.8/site-packages/airflow/example_dags/example_xcomargs.py
[2024-11-06T16:49:56.292+0000] {processor.py:839} INFO - DAG(s) dict_keys(['example_xcom_args', 'example_xcom_args_with_operators']) retrieved from /home/airflow/.local/lib/python3.8/site-packages/airflow/example_dags/example_xcomargs.py
[2024-11-06T16:49:56.305+0000] {logging_mixin.py:154} INFO - [2024-11-06T16:49:56.305+0000] {dag.py:2941} INFO - Sync 2 DAGs
[2024-11-06T16:49:56.311+0000] {logging_mixin.py:154} INFO - [2024-11-06T16:49:56.311+0000] {dag.py:3722} INFO - Setting next_dagrun for example_xcom_args to None, run_after=None
[2024-11-06T16:49:56.314+0000] {logging_mixin.py:154} INFO - [2024-11-06T16:49:56.314+0000] {dag.py:3722} INFO - Setting next_dagrun for example_xcom_args_with_operators to None, run_after=None
[2024-11-06T16:49:56.322+0000] {processor.py:179} INFO - Processing /home/airflow/.local/lib/python3.8/site-packages/airflow/example_dags/example_xcomargs.py took 0.038 seconds
[2024-11-06T17:40:07.890+0000] {processor.py:157} INFO - Started process (PID=2915) to work on /home/airflow/.local/lib/python3.8/site-packages/airflow/example_dags/example_xcomargs.py
[2024-11-06T17:40:07.892+0000] {processor.py:829} INFO - Processing file /home/airflow/.local/lib/python3.8/site-packages/airflow/example_dags/example_xcomargs.py for tasks to queue
[2024-11-06T17:40:07.897+0000] {logging_mixin.py:154} INFO - [2024-11-06T17:40:07.896+0000] {dagbag.py:536} INFO - Filling up the DagBag from /home/airflow/.local/lib/python3.8/site-packages/airflow/example_dags/example_xcomargs.py
[2024-11-06T17:40:07.906+0000] {processor.py:839} INFO - DAG(s) dict_keys(['example_xcom_args', 'example_xcom_args_with_operators']) retrieved from /home/airflow/.local/lib/python3.8/site-packages/airflow/example_dags/example_xcomargs.py
[2024-11-06T17:40:07.934+0000] {logging_mixin.py:154} INFO - [2024-11-06T17:40:07.934+0000] {dag.py:2941} INFO - Sync 2 DAGs
[2024-11-06T17:40:07.945+0000] {logging_mixin.py:154} INFO - [2024-11-06T17:40:07.945+0000] {dag.py:3722} INFO - Setting next_dagrun for example_xcom_args to None, run_after=None
[2024-11-06T17:40:07.951+0000] {logging_mixin.py:154} INFO - [2024-11-06T17:40:07.951+0000] {dag.py:3722} INFO - Setting next_dagrun for example_xcom_args_with_operators to None, run_after=None
[2024-11-06T17:40:07.969+0000] {processor.py:179} INFO - Processing /home/airflow/.local/lib/python3.8/site-packages/airflow/example_dags/example_xcomargs.py took 0.084 seconds
[2024-11-06T18:40:20.311+0000] {processor.py:157} INFO - Started process (PID=2969) to work on /home/airflow/.local/lib/python3.8/site-packages/airflow/example_dags/example_xcomargs.py
[2024-11-06T18:40:20.312+0000] {processor.py:829} INFO - Processing file /home/airflow/.local/lib/python3.8/site-packages/airflow/example_dags/example_xcomargs.py for tasks to queue
[2024-11-06T18:40:20.316+0000] {logging_mixin.py:154} INFO - [2024-11-06T18:40:20.315+0000] {dagbag.py:536} INFO - Filling up the DagBag from /home/airflow/.local/lib/python3.8/site-packages/airflow/example_dags/example_xcomargs.py
[2024-11-06T18:40:20.323+0000] {processor.py:839} INFO - DAG(s) dict_keys(['example_xcom_args_with_operators', 'example_xcom_args']) retrieved from /home/airflow/.local/lib/python3.8/site-packages/airflow/example_dags/example_xcomargs.py
[2024-11-06T18:40:20.407+0000] {logging_mixin.py:154} INFO - [2024-11-06T18:40:20.407+0000] {dag.py:2941} INFO - Sync 2 DAGs
[2024-11-06T18:40:20.419+0000] {logging_mixin.py:154} INFO - [2024-11-06T18:40:20.419+0000] {dag.py:3722} INFO - Setting next_dagrun for example_xcom_args to None, run_after=None
[2024-11-06T18:40:20.420+0000] {logging_mixin.py:154} INFO - [2024-11-06T18:40:20.420+0000] {dag.py:3722} INFO - Setting next_dagrun for example_xcom_args_with_operators to None, run_after=None
[2024-11-06T18:40:20.434+0000] {processor.py:179} INFO - Processing /home/airflow/.local/lib/python3.8/site-packages/airflow/example_dags/example_xcomargs.py took 0.126 seconds
[2024-11-06T19:56:54.446+0000] {processor.py:157} INFO - Started process (PID=3023) to work on /home/airflow/.local/lib/python3.8/site-packages/airflow/example_dags/example_xcomargs.py
[2024-11-06T19:56:54.447+0000] {processor.py:829} INFO - Processing file /home/airflow/.local/lib/python3.8/site-packages/airflow/example_dags/example_xcomargs.py for tasks to queue
[2024-11-06T19:56:54.449+0000] {logging_mixin.py:154} INFO - [2024-11-06T19:56:54.449+0000] {dagbag.py:536} INFO - Filling up the DagBag from /home/airflow/.local/lib/python3.8/site-packages/airflow/example_dags/example_xcomargs.py
[2024-11-06T19:56:54.453+0000] {processor.py:839} INFO - DAG(s) dict_keys(['example_xcom_args', 'example_xcom_args_with_operators']) retrieved from /home/airflow/.local/lib/python3.8/site-packages/airflow/example_dags/example_xcomargs.py
[2024-11-06T19:56:54.466+0000] {logging_mixin.py:154} INFO - [2024-11-06T19:56:54.466+0000] {dag.py:2941} INFO - Sync 2 DAGs
[2024-11-06T19:56:54.473+0000] {logging_mixin.py:154} INFO - [2024-11-06T19:56:54.473+0000] {dag.py:3722} INFO - Setting next_dagrun for example_xcom_args to None, run_after=None
[2024-11-06T19:56:54.476+0000] {logging_mixin.py:154} INFO - [2024-11-06T19:56:54.476+0000] {dag.py:3722} INFO - Setting next_dagrun for example_xcom_args_with_operators to None, run_after=None
[2024-11-06T19:56:54.487+0000] {processor.py:179} INFO - Processing /home/airflow/.local/lib/python3.8/site-packages/airflow/example_dags/example_xcomargs.py took 0.043 seconds
[2024-11-06T20:41:40.919+0000] {processor.py:157} INFO - Started process (PID=3077) to work on /home/airflow/.local/lib/python3.8/site-packages/airflow/example_dags/example_xcomargs.py
[2024-11-06T20:41:40.920+0000] {processor.py:829} INFO - Processing file /home/airflow/.local/lib/python3.8/site-packages/airflow/example_dags/example_xcomargs.py for tasks to queue
[2024-11-06T20:41:40.922+0000] {logging_mixin.py:154} INFO - [2024-11-06T20:41:40.922+0000] {dagbag.py:536} INFO - Filling up the DagBag from /home/airflow/.local/lib/python3.8/site-packages/airflow/example_dags/example_xcomargs.py
[2024-11-06T20:41:40.934+0000] {processor.py:839} INFO - DAG(s) dict_keys(['example_xcom_args_with_operators', 'example_xcom_args']) retrieved from /home/airflow/.local/lib/python3.8/site-packages/airflow/example_dags/example_xcomargs.py
[2024-11-06T20:41:40.964+0000] {logging_mixin.py:154} INFO - [2024-11-06T20:41:40.964+0000] {dag.py:2941} INFO - Sync 2 DAGs
[2024-11-06T20:41:40.972+0000] {logging_mixin.py:154} INFO - [2024-11-06T20:41:40.972+0000] {dag.py:3722} INFO - Setting next_dagrun for example_xcom_args to None, run_after=None
[2024-11-06T20:41:40.981+0000] {logging_mixin.py:154} INFO - [2024-11-06T20:41:40.981+0000] {dag.py:3722} INFO - Setting next_dagrun for example_xcom_args_with_operators to None, run_after=None
[2024-11-06T20:41:41.015+0000] {processor.py:179} INFO - Processing /home/airflow/.local/lib/python3.8/site-packages/airflow/example_dags/example_xcomargs.py took 0.099 seconds
[2024-11-06T22:09:50.010+0000] {processor.py:157} INFO - Started process (PID=3131) to work on /home/airflow/.local/lib/python3.8/site-packages/airflow/example_dags/example_xcomargs.py
[2024-11-06T22:09:50.011+0000] {processor.py:829} INFO - Processing file /home/airflow/.local/lib/python3.8/site-packages/airflow/example_dags/example_xcomargs.py for tasks to queue
[2024-11-06T22:09:50.014+0000] {logging_mixin.py:154} INFO - [2024-11-06T22:09:50.013+0000] {dagbag.py:536} INFO - Filling up the DagBag from /home/airflow/.local/lib/python3.8/site-packages/airflow/example_dags/example_xcomargs.py
[2024-11-06T22:09:50.019+0000] {processor.py:839} INFO - DAG(s) dict_keys(['example_xcom_args', 'example_xcom_args_with_operators']) retrieved from /home/airflow/.local/lib/python3.8/site-packages/airflow/example_dags/example_xcomargs.py
[2024-11-06T22:09:50.048+0000] {logging_mixin.py:154} INFO - [2024-11-06T22:09:50.047+0000] {dag.py:2941} INFO - Sync 2 DAGs
[2024-11-06T22:09:50.057+0000] {logging_mixin.py:154} INFO - [2024-11-06T22:09:50.056+0000] {dag.py:3722} INFO - Setting next_dagrun for example_xcom_args to None, run_after=None
[2024-11-06T22:09:50.071+0000] {logging_mixin.py:154} INFO - [2024-11-06T22:09:50.071+0000] {dag.py:3722} INFO - Setting next_dagrun for example_xcom_args_with_operators to None, run_after=None
[2024-11-06T22:09:50.091+0000] {processor.py:179} INFO - Processing /home/airflow/.local/lib/python3.8/site-packages/airflow/example_dags/example_xcomargs.py took 0.084 seconds
[2024-11-06T23:10:56.292+0000] {processor.py:157} INFO - Started process (PID=3185) to work on /home/airflow/.local/lib/python3.8/site-packages/airflow/example_dags/example_xcomargs.py
[2024-11-06T23:10:56.293+0000] {processor.py:829} INFO - Processing file /home/airflow/.local/lib/python3.8/site-packages/airflow/example_dags/example_xcomargs.py for tasks to queue
[2024-11-06T23:10:56.294+0000] {logging_mixin.py:154} INFO - [2024-11-06T23:10:56.294+0000] {dagbag.py:536} INFO - Filling up the DagBag from /home/airflow/.local/lib/python3.8/site-packages/airflow/example_dags/example_xcomargs.py
[2024-11-06T23:10:56.298+0000] {processor.py:839} INFO - DAG(s) dict_keys(['example_xcom_args_with_operators', 'example_xcom_args']) retrieved from /home/airflow/.local/lib/python3.8/site-packages/airflow/example_dags/example_xcomargs.py
[2024-11-06T23:10:56.311+0000] {logging_mixin.py:154} INFO - [2024-11-06T23:10:56.310+0000] {dag.py:2941} INFO - Sync 2 DAGs
[2024-11-06T23:10:56.316+0000] {logging_mixin.py:154} INFO - [2024-11-06T23:10:56.316+0000] {dag.py:3722} INFO - Setting next_dagrun for example_xcom_args to None, run_after=None
[2024-11-06T23:10:56.318+0000] {logging_mixin.py:154} INFO - [2024-11-06T23:10:56.318+0000] {dag.py:3722} INFO - Setting next_dagrun for example_xcom_args_with_operators to None, run_after=None
[2024-11-06T23:10:56.327+0000] {processor.py:179} INFO - Processing /home/airflow/.local/lib/python3.8/site-packages/airflow/example_dags/example_xcomargs.py took 0.037 seconds
[2024-11-06T23:49:20.851+0000] {processor.py:157} INFO - Started process (PID=3239) to work on /home/airflow/.local/lib/python3.8/site-packages/airflow/example_dags/example_xcomargs.py
[2024-11-06T23:49:20.853+0000] {processor.py:829} INFO - Processing file /home/airflow/.local/lib/python3.8/site-packages/airflow/example_dags/example_xcomargs.py for tasks to queue
[2024-11-06T23:49:20.860+0000] {logging_mixin.py:154} INFO - [2024-11-06T23:49:20.859+0000] {dagbag.py:536} INFO - Filling up the DagBag from /home/airflow/.local/lib/python3.8/site-packages/airflow/example_dags/example_xcomargs.py
[2024-11-06T23:49:20.866+0000] {processor.py:839} INFO - DAG(s) dict_keys(['example_xcom_args_with_operators', 'example_xcom_args']) retrieved from /home/airflow/.local/lib/python3.8/site-packages/airflow/example_dags/example_xcomargs.py
[2024-11-06T23:49:20.900+0000] {logging_mixin.py:154} INFO - [2024-11-06T23:49:20.900+0000] {dag.py:2941} INFO - Sync 2 DAGs
[2024-11-06T23:49:20.913+0000] {logging_mixin.py:154} INFO - [2024-11-06T23:49:20.913+0000] {dag.py:3722} INFO - Setting next_dagrun for example_xcom_args to None, run_after=None
[2024-11-06T23:49:20.920+0000] {logging_mixin.py:154} INFO - [2024-11-06T23:49:20.919+0000] {dag.py:3722} INFO - Setting next_dagrun for example_xcom_args_with_operators to None, run_after=None
[2024-11-06T23:49:20.939+0000] {processor.py:179} INFO - Processing /home/airflow/.local/lib/python3.8/site-packages/airflow/example_dags/example_xcomargs.py took 0.093 seconds
