[2024-11-06T08:43:20.453+0000] {processor.py:157} INFO - Started process (PID=85) to work on /home/airflow/.local/lib/python3.8/site-packages/airflow/example_dags/example_trigger_target_dag.py
[2024-11-06T08:43:20.454+0000] {processor.py:829} INFO - Processing file /home/airflow/.local/lib/python3.8/site-packages/airflow/example_dags/example_trigger_target_dag.py for tasks to queue
[2024-11-06T08:43:20.457+0000] {logging_mixin.py:154} INFO - [2024-11-06T08:43:20.456+0000] {dagbag.py:536} INFO - Filling up the DagBag from /home/airflow/.local/lib/python3.8/site-packages/airflow/example_dags/example_trigger_target_dag.py
[2024-11-06T08:43:20.461+0000] {processor.py:839} INFO - DAG(s) dict_keys(['example_trigger_target_dag']) retrieved from /home/airflow/.local/lib/python3.8/site-packages/airflow/example_dags/example_trigger_target_dag.py
[2024-11-06T08:43:20.476+0000] {logging_mixin.py:154} INFO - [2024-11-06T08:43:20.476+0000] {dag.py:2941} INFO - Sync 1 DAGs
[2024-11-06T08:43:20.489+0000] {logging_mixin.py:154} INFO - [2024-11-06T08:43:20.489+0000] {dag.py:3722} INFO - Setting next_dagrun for example_trigger_target_dag to None, run_after=None
[2024-11-06T08:43:20.501+0000] {processor.py:179} INFO - Processing /home/airflow/.local/lib/python3.8/site-packages/airflow/example_dags/example_trigger_target_dag.py took 0.051 seconds
[2024-11-06T08:43:51.454+0000] {processor.py:157} INFO - Started process (PID=139) to work on /home/airflow/.local/lib/python3.8/site-packages/airflow/example_dags/example_trigger_target_dag.py
[2024-11-06T08:43:51.455+0000] {processor.py:829} INFO - Processing file /home/airflow/.local/lib/python3.8/site-packages/airflow/example_dags/example_trigger_target_dag.py for tasks to queue
[2024-11-06T08:43:51.456+0000] {logging_mixin.py:154} INFO - [2024-11-06T08:43:51.456+0000] {dagbag.py:536} INFO - Filling up the DagBag from /home/airflow/.local/lib/python3.8/site-packages/airflow/example_dags/example_trigger_target_dag.py
[2024-11-06T08:43:51.458+0000] {processor.py:839} INFO - DAG(s) dict_keys(['example_trigger_target_dag']) retrieved from /home/airflow/.local/lib/python3.8/site-packages/airflow/example_dags/example_trigger_target_dag.py
[2024-11-06T08:43:51.467+0000] {logging_mixin.py:154} INFO - [2024-11-06T08:43:51.467+0000] {dag.py:2941} INFO - Sync 1 DAGs
[2024-11-06T08:43:51.472+0000] {logging_mixin.py:154} INFO - [2024-11-06T08:43:51.472+0000] {dag.py:3722} INFO - Setting next_dagrun for example_trigger_target_dag to None, run_after=None
[2024-11-06T08:43:51.481+0000] {processor.py:179} INFO - Processing /home/airflow/.local/lib/python3.8/site-packages/airflow/example_dags/example_trigger_target_dag.py took 0.029 seconds
[2024-11-06T08:44:21.835+0000] {processor.py:157} INFO - Started process (PID=193) to work on /home/airflow/.local/lib/python3.8/site-packages/airflow/example_dags/example_trigger_target_dag.py
[2024-11-06T08:44:21.835+0000] {processor.py:829} INFO - Processing file /home/airflow/.local/lib/python3.8/site-packages/airflow/example_dags/example_trigger_target_dag.py for tasks to queue
[2024-11-06T08:44:21.837+0000] {logging_mixin.py:154} INFO - [2024-11-06T08:44:21.837+0000] {dagbag.py:536} INFO - Filling up the DagBag from /home/airflow/.local/lib/python3.8/site-packages/airflow/example_dags/example_trigger_target_dag.py
[2024-11-06T08:44:21.841+0000] {processor.py:839} INFO - DAG(s) dict_keys(['example_trigger_target_dag']) retrieved from /home/airflow/.local/lib/python3.8/site-packages/airflow/example_dags/example_trigger_target_dag.py
[2024-11-06T08:44:21.851+0000] {logging_mixin.py:154} INFO - [2024-11-06T08:44:21.851+0000] {dag.py:2941} INFO - Sync 1 DAGs
[2024-11-06T08:44:21.856+0000] {logging_mixin.py:154} INFO - [2024-11-06T08:44:21.856+0000] {dag.py:3722} INFO - Setting next_dagrun for example_trigger_target_dag to None, run_after=None
[2024-11-06T08:44:21.864+0000] {processor.py:179} INFO - Processing /home/airflow/.local/lib/python3.8/site-packages/airflow/example_dags/example_trigger_target_dag.py took 0.030 seconds
[2024-11-06T08:44:52.181+0000] {processor.py:157} INFO - Started process (PID=247) to work on /home/airflow/.local/lib/python3.8/site-packages/airflow/example_dags/example_trigger_target_dag.py
[2024-11-06T08:44:52.181+0000] {processor.py:829} INFO - Processing file /home/airflow/.local/lib/python3.8/site-packages/airflow/example_dags/example_trigger_target_dag.py for tasks to queue
[2024-11-06T08:44:52.182+0000] {logging_mixin.py:154} INFO - [2024-11-06T08:44:52.182+0000] {dagbag.py:536} INFO - Filling up the DagBag from /home/airflow/.local/lib/python3.8/site-packages/airflow/example_dags/example_trigger_target_dag.py
[2024-11-06T08:44:52.185+0000] {processor.py:839} INFO - DAG(s) dict_keys(['example_trigger_target_dag']) retrieved from /home/airflow/.local/lib/python3.8/site-packages/airflow/example_dags/example_trigger_target_dag.py
[2024-11-06T08:44:52.195+0000] {logging_mixin.py:154} INFO - [2024-11-06T08:44:52.195+0000] {dag.py:2941} INFO - Sync 1 DAGs
[2024-11-06T08:44:52.202+0000] {logging_mixin.py:154} INFO - [2024-11-06T08:44:52.202+0000] {dag.py:3722} INFO - Setting next_dagrun for example_trigger_target_dag to None, run_after=None
[2024-11-06T08:44:52.216+0000] {processor.py:179} INFO - Processing /home/airflow/.local/lib/python3.8/site-packages/airflow/example_dags/example_trigger_target_dag.py took 0.036 seconds
[2024-11-06T08:45:22.534+0000] {processor.py:157} INFO - Started process (PID=301) to work on /home/airflow/.local/lib/python3.8/site-packages/airflow/example_dags/example_trigger_target_dag.py
[2024-11-06T08:45:22.535+0000] {processor.py:829} INFO - Processing file /home/airflow/.local/lib/python3.8/site-packages/airflow/example_dags/example_trigger_target_dag.py for tasks to queue
[2024-11-06T08:45:22.536+0000] {logging_mixin.py:154} INFO - [2024-11-06T08:45:22.536+0000] {dagbag.py:536} INFO - Filling up the DagBag from /home/airflow/.local/lib/python3.8/site-packages/airflow/example_dags/example_trigger_target_dag.py
[2024-11-06T08:45:22.539+0000] {processor.py:839} INFO - DAG(s) dict_keys(['example_trigger_target_dag']) retrieved from /home/airflow/.local/lib/python3.8/site-packages/airflow/example_dags/example_trigger_target_dag.py
[2024-11-06T08:45:22.551+0000] {logging_mixin.py:154} INFO - [2024-11-06T08:45:22.550+0000] {dag.py:2941} INFO - Sync 1 DAGs
[2024-11-06T08:45:22.556+0000] {logging_mixin.py:154} INFO - [2024-11-06T08:45:22.556+0000] {dag.py:3722} INFO - Setting next_dagrun for example_trigger_target_dag to None, run_after=None
[2024-11-06T08:45:22.571+0000] {processor.py:179} INFO - Processing /home/airflow/.local/lib/python3.8/site-packages/airflow/example_dags/example_trigger_target_dag.py took 0.039 seconds
[2024-11-06T08:45:52.921+0000] {processor.py:157} INFO - Started process (PID=362) to work on /home/airflow/.local/lib/python3.8/site-packages/airflow/example_dags/example_trigger_target_dag.py
[2024-11-06T08:45:52.922+0000] {processor.py:829} INFO - Processing file /home/airflow/.local/lib/python3.8/site-packages/airflow/example_dags/example_trigger_target_dag.py for tasks to queue
[2024-11-06T08:45:52.924+0000] {logging_mixin.py:154} INFO - [2024-11-06T08:45:52.924+0000] {dagbag.py:536} INFO - Filling up the DagBag from /home/airflow/.local/lib/python3.8/site-packages/airflow/example_dags/example_trigger_target_dag.py
[2024-11-06T08:45:52.927+0000] {processor.py:839} INFO - DAG(s) dict_keys(['example_trigger_target_dag']) retrieved from /home/airflow/.local/lib/python3.8/site-packages/airflow/example_dags/example_trigger_target_dag.py
[2024-11-06T08:45:52.937+0000] {logging_mixin.py:154} INFO - [2024-11-06T08:45:52.936+0000] {dag.py:2941} INFO - Sync 1 DAGs
[2024-11-06T08:45:52.942+0000] {logging_mixin.py:154} INFO - [2024-11-06T08:45:52.942+0000] {dag.py:3722} INFO - Setting next_dagrun for example_trigger_target_dag to None, run_after=None
[2024-11-06T08:45:52.961+0000] {processor.py:179} INFO - Processing /home/airflow/.local/lib/python3.8/site-packages/airflow/example_dags/example_trigger_target_dag.py took 0.041 seconds
[2024-11-06T08:46:23.641+0000] {processor.py:157} INFO - Started process (PID=416) to work on /home/airflow/.local/lib/python3.8/site-packages/airflow/example_dags/example_trigger_target_dag.py
[2024-11-06T08:46:23.644+0000] {processor.py:829} INFO - Processing file /home/airflow/.local/lib/python3.8/site-packages/airflow/example_dags/example_trigger_target_dag.py for tasks to queue
[2024-11-06T08:46:23.645+0000] {logging_mixin.py:154} INFO - [2024-11-06T08:46:23.645+0000] {dagbag.py:536} INFO - Filling up the DagBag from /home/airflow/.local/lib/python3.8/site-packages/airflow/example_dags/example_trigger_target_dag.py
[2024-11-06T08:46:23.648+0000] {processor.py:839} INFO - DAG(s) dict_keys(['example_trigger_target_dag']) retrieved from /home/airflow/.local/lib/python3.8/site-packages/airflow/example_dags/example_trigger_target_dag.py
[2024-11-06T08:46:23.662+0000] {logging_mixin.py:154} INFO - [2024-11-06T08:46:23.662+0000] {dag.py:2941} INFO - Sync 1 DAGs
[2024-11-06T08:46:23.669+0000] {logging_mixin.py:154} INFO - [2024-11-06T08:46:23.669+0000] {dag.py:3722} INFO - Setting next_dagrun for example_trigger_target_dag to None, run_after=None
[2024-11-06T08:46:23.693+0000] {processor.py:179} INFO - Processing /home/airflow/.local/lib/python3.8/site-packages/airflow/example_dags/example_trigger_target_dag.py took 0.053 seconds
[2024-11-06T08:46:54.191+0000] {processor.py:157} INFO - Started process (PID=470) to work on /home/airflow/.local/lib/python3.8/site-packages/airflow/example_dags/example_trigger_target_dag.py
[2024-11-06T08:46:54.192+0000] {processor.py:829} INFO - Processing file /home/airflow/.local/lib/python3.8/site-packages/airflow/example_dags/example_trigger_target_dag.py for tasks to queue
[2024-11-06T08:46:54.193+0000] {logging_mixin.py:154} INFO - [2024-11-06T08:46:54.193+0000] {dagbag.py:536} INFO - Filling up the DagBag from /home/airflow/.local/lib/python3.8/site-packages/airflow/example_dags/example_trigger_target_dag.py
[2024-11-06T08:46:54.196+0000] {processor.py:839} INFO - DAG(s) dict_keys(['example_trigger_target_dag']) retrieved from /home/airflow/.local/lib/python3.8/site-packages/airflow/example_dags/example_trigger_target_dag.py
[2024-11-06T08:46:54.209+0000] {logging_mixin.py:154} INFO - [2024-11-06T08:46:54.208+0000] {dag.py:2941} INFO - Sync 1 DAGs
[2024-11-06T08:46:54.217+0000] {logging_mixin.py:154} INFO - [2024-11-06T08:46:54.217+0000] {dag.py:3722} INFO - Setting next_dagrun for example_trigger_target_dag to None, run_after=None
[2024-11-06T08:46:54.232+0000] {processor.py:179} INFO - Processing /home/airflow/.local/lib/python3.8/site-packages/airflow/example_dags/example_trigger_target_dag.py took 0.042 seconds
[2024-11-06T08:47:24.556+0000] {processor.py:157} INFO - Started process (PID=524) to work on /home/airflow/.local/lib/python3.8/site-packages/airflow/example_dags/example_trigger_target_dag.py
[2024-11-06T08:47:24.556+0000] {processor.py:829} INFO - Processing file /home/airflow/.local/lib/python3.8/site-packages/airflow/example_dags/example_trigger_target_dag.py for tasks to queue
[2024-11-06T08:47:24.557+0000] {logging_mixin.py:154} INFO - [2024-11-06T08:47:24.557+0000] {dagbag.py:536} INFO - Filling up the DagBag from /home/airflow/.local/lib/python3.8/site-packages/airflow/example_dags/example_trigger_target_dag.py
[2024-11-06T08:47:24.560+0000] {processor.py:839} INFO - DAG(s) dict_keys(['example_trigger_target_dag']) retrieved from /home/airflow/.local/lib/python3.8/site-packages/airflow/example_dags/example_trigger_target_dag.py
[2024-11-06T08:47:24.569+0000] {logging_mixin.py:154} INFO - [2024-11-06T08:47:24.569+0000] {dag.py:2941} INFO - Sync 1 DAGs
[2024-11-06T08:47:24.575+0000] {logging_mixin.py:154} INFO - [2024-11-06T08:47:24.574+0000] {dag.py:3722} INFO - Setting next_dagrun for example_trigger_target_dag to None, run_after=None
[2024-11-06T08:47:24.587+0000] {processor.py:179} INFO - Processing /home/airflow/.local/lib/python3.8/site-packages/airflow/example_dags/example_trigger_target_dag.py took 0.032 seconds
[2024-11-06T08:47:54.968+0000] {processor.py:157} INFO - Started process (PID=579) to work on /home/airflow/.local/lib/python3.8/site-packages/airflow/example_dags/example_trigger_target_dag.py
[2024-11-06T08:47:54.969+0000] {processor.py:829} INFO - Processing file /home/airflow/.local/lib/python3.8/site-packages/airflow/example_dags/example_trigger_target_dag.py for tasks to queue
[2024-11-06T08:47:54.970+0000] {logging_mixin.py:154} INFO - [2024-11-06T08:47:54.970+0000] {dagbag.py:536} INFO - Filling up the DagBag from /home/airflow/.local/lib/python3.8/site-packages/airflow/example_dags/example_trigger_target_dag.py
[2024-11-06T08:47:54.972+0000] {processor.py:839} INFO - DAG(s) dict_keys(['example_trigger_target_dag']) retrieved from /home/airflow/.local/lib/python3.8/site-packages/airflow/example_dags/example_trigger_target_dag.py
[2024-11-06T08:47:54.982+0000] {logging_mixin.py:154} INFO - [2024-11-06T08:47:54.982+0000] {dag.py:2941} INFO - Sync 1 DAGs
[2024-11-06T08:47:54.988+0000] {logging_mixin.py:154} INFO - [2024-11-06T08:47:54.988+0000] {dag.py:3722} INFO - Setting next_dagrun for example_trigger_target_dag to None, run_after=None
[2024-11-06T08:47:54.995+0000] {processor.py:179} INFO - Processing /home/airflow/.local/lib/python3.8/site-packages/airflow/example_dags/example_trigger_target_dag.py took 0.028 seconds
[2024-11-06T08:48:25.280+0000] {processor.py:157} INFO - Started process (PID=633) to work on /home/airflow/.local/lib/python3.8/site-packages/airflow/example_dags/example_trigger_target_dag.py
[2024-11-06T08:48:25.280+0000] {processor.py:829} INFO - Processing file /home/airflow/.local/lib/python3.8/site-packages/airflow/example_dags/example_trigger_target_dag.py for tasks to queue
[2024-11-06T08:48:25.281+0000] {logging_mixin.py:154} INFO - [2024-11-06T08:48:25.281+0000] {dagbag.py:536} INFO - Filling up the DagBag from /home/airflow/.local/lib/python3.8/site-packages/airflow/example_dags/example_trigger_target_dag.py
[2024-11-06T08:48:25.284+0000] {processor.py:839} INFO - DAG(s) dict_keys(['example_trigger_target_dag']) retrieved from /home/airflow/.local/lib/python3.8/site-packages/airflow/example_dags/example_trigger_target_dag.py
[2024-11-06T08:48:25.296+0000] {logging_mixin.py:154} INFO - [2024-11-06T08:48:25.295+0000] {dag.py:2941} INFO - Sync 1 DAGs
[2024-11-06T08:48:25.301+0000] {logging_mixin.py:154} INFO - [2024-11-06T08:48:25.301+0000] {dag.py:3722} INFO - Setting next_dagrun for example_trigger_target_dag to None, run_after=None
[2024-11-06T08:48:25.308+0000] {processor.py:179} INFO - Processing /home/airflow/.local/lib/python3.8/site-packages/airflow/example_dags/example_trigger_target_dag.py took 0.029 seconds
[2024-11-06T08:48:55.577+0000] {processor.py:157} INFO - Started process (PID=687) to work on /home/airflow/.local/lib/python3.8/site-packages/airflow/example_dags/example_trigger_target_dag.py
[2024-11-06T08:48:55.578+0000] {processor.py:829} INFO - Processing file /home/airflow/.local/lib/python3.8/site-packages/airflow/example_dags/example_trigger_target_dag.py for tasks to queue
[2024-11-06T08:48:55.579+0000] {logging_mixin.py:154} INFO - [2024-11-06T08:48:55.579+0000] {dagbag.py:536} INFO - Filling up the DagBag from /home/airflow/.local/lib/python3.8/site-packages/airflow/example_dags/example_trigger_target_dag.py
[2024-11-06T08:48:55.582+0000] {processor.py:839} INFO - DAG(s) dict_keys(['example_trigger_target_dag']) retrieved from /home/airflow/.local/lib/python3.8/site-packages/airflow/example_dags/example_trigger_target_dag.py
[2024-11-06T08:48:55.596+0000] {logging_mixin.py:154} INFO - [2024-11-06T08:48:55.596+0000] {dag.py:2941} INFO - Sync 1 DAGs
[2024-11-06T08:48:55.604+0000] {logging_mixin.py:154} INFO - [2024-11-06T08:48:55.604+0000] {dag.py:3722} INFO - Setting next_dagrun for example_trigger_target_dag to None, run_after=None
[2024-11-06T08:48:55.616+0000] {processor.py:179} INFO - Processing /home/airflow/.local/lib/python3.8/site-packages/airflow/example_dags/example_trigger_target_dag.py took 0.041 seconds
[2024-11-06T08:49:25.783+0000] {processor.py:157} INFO - Started process (PID=741) to work on /home/airflow/.local/lib/python3.8/site-packages/airflow/example_dags/example_trigger_target_dag.py
[2024-11-06T08:49:25.784+0000] {processor.py:829} INFO - Processing file /home/airflow/.local/lib/python3.8/site-packages/airflow/example_dags/example_trigger_target_dag.py for tasks to queue
[2024-11-06T08:49:25.785+0000] {logging_mixin.py:154} INFO - [2024-11-06T08:49:25.785+0000] {dagbag.py:536} INFO - Filling up the DagBag from /home/airflow/.local/lib/python3.8/site-packages/airflow/example_dags/example_trigger_target_dag.py
[2024-11-06T08:49:25.788+0000] {processor.py:839} INFO - DAG(s) dict_keys(['example_trigger_target_dag']) retrieved from /home/airflow/.local/lib/python3.8/site-packages/airflow/example_dags/example_trigger_target_dag.py
[2024-11-06T08:49:25.800+0000] {logging_mixin.py:154} INFO - [2024-11-06T08:49:25.800+0000] {dag.py:2941} INFO - Sync 1 DAGs
[2024-11-06T08:49:25.806+0000] {logging_mixin.py:154} INFO - [2024-11-06T08:49:25.806+0000] {dag.py:3722} INFO - Setting next_dagrun for example_trigger_target_dag to None, run_after=None
[2024-11-06T08:49:25.813+0000] {processor.py:179} INFO - Processing /home/airflow/.local/lib/python3.8/site-packages/airflow/example_dags/example_trigger_target_dag.py took 0.032 seconds
[2024-11-06T08:49:56.020+0000] {processor.py:157} INFO - Started process (PID=794) to work on /home/airflow/.local/lib/python3.8/site-packages/airflow/example_dags/example_trigger_target_dag.py
[2024-11-06T08:49:56.021+0000] {processor.py:829} INFO - Processing file /home/airflow/.local/lib/python3.8/site-packages/airflow/example_dags/example_trigger_target_dag.py for tasks to queue
[2024-11-06T08:49:56.022+0000] {logging_mixin.py:154} INFO - [2024-11-06T08:49:56.022+0000] {dagbag.py:536} INFO - Filling up the DagBag from /home/airflow/.local/lib/python3.8/site-packages/airflow/example_dags/example_trigger_target_dag.py
[2024-11-06T08:49:56.024+0000] {processor.py:839} INFO - DAG(s) dict_keys(['example_trigger_target_dag']) retrieved from /home/airflow/.local/lib/python3.8/site-packages/airflow/example_dags/example_trigger_target_dag.py
[2024-11-06T08:49:56.037+0000] {logging_mixin.py:154} INFO - [2024-11-06T08:49:56.037+0000] {dag.py:2941} INFO - Sync 1 DAGs
[2024-11-06T08:49:56.043+0000] {logging_mixin.py:154} INFO - [2024-11-06T08:49:56.042+0000] {dag.py:3722} INFO - Setting next_dagrun for example_trigger_target_dag to None, run_after=None
[2024-11-06T08:49:56.050+0000] {processor.py:179} INFO - Processing /home/airflow/.local/lib/python3.8/site-packages/airflow/example_dags/example_trigger_target_dag.py took 0.031 seconds
[2024-11-06T08:50:26.283+0000] {processor.py:157} INFO - Started process (PID=848) to work on /home/airflow/.local/lib/python3.8/site-packages/airflow/example_dags/example_trigger_target_dag.py
[2024-11-06T08:50:26.284+0000] {processor.py:829} INFO - Processing file /home/airflow/.local/lib/python3.8/site-packages/airflow/example_dags/example_trigger_target_dag.py for tasks to queue
[2024-11-06T08:50:26.285+0000] {logging_mixin.py:154} INFO - [2024-11-06T08:50:26.285+0000] {dagbag.py:536} INFO - Filling up the DagBag from /home/airflow/.local/lib/python3.8/site-packages/airflow/example_dags/example_trigger_target_dag.py
[2024-11-06T08:50:26.287+0000] {processor.py:839} INFO - DAG(s) dict_keys(['example_trigger_target_dag']) retrieved from /home/airflow/.local/lib/python3.8/site-packages/airflow/example_dags/example_trigger_target_dag.py
[2024-11-06T08:50:26.295+0000] {logging_mixin.py:154} INFO - [2024-11-06T08:50:26.295+0000] {dag.py:2941} INFO - Sync 1 DAGs
[2024-11-06T08:50:26.301+0000] {logging_mixin.py:154} INFO - [2024-11-06T08:50:26.300+0000] {dag.py:3722} INFO - Setting next_dagrun for example_trigger_target_dag to None, run_after=None
[2024-11-06T08:50:26.309+0000] {processor.py:179} INFO - Processing /home/airflow/.local/lib/python3.8/site-packages/airflow/example_dags/example_trigger_target_dag.py took 0.028 seconds
[2024-11-06T08:50:56.532+0000] {processor.py:157} INFO - Started process (PID=902) to work on /home/airflow/.local/lib/python3.8/site-packages/airflow/example_dags/example_trigger_target_dag.py
[2024-11-06T08:50:56.532+0000] {processor.py:829} INFO - Processing file /home/airflow/.local/lib/python3.8/site-packages/airflow/example_dags/example_trigger_target_dag.py for tasks to queue
[2024-11-06T08:50:56.533+0000] {logging_mixin.py:154} INFO - [2024-11-06T08:50:56.533+0000] {dagbag.py:536} INFO - Filling up the DagBag from /home/airflow/.local/lib/python3.8/site-packages/airflow/example_dags/example_trigger_target_dag.py
[2024-11-06T08:50:56.536+0000] {processor.py:839} INFO - DAG(s) dict_keys(['example_trigger_target_dag']) retrieved from /home/airflow/.local/lib/python3.8/site-packages/airflow/example_dags/example_trigger_target_dag.py
[2024-11-06T08:50:56.548+0000] {logging_mixin.py:154} INFO - [2024-11-06T08:50:56.548+0000] {dag.py:2941} INFO - Sync 1 DAGs
[2024-11-06T08:50:56.553+0000] {logging_mixin.py:154} INFO - [2024-11-06T08:50:56.553+0000] {dag.py:3722} INFO - Setting next_dagrun for example_trigger_target_dag to None, run_after=None
[2024-11-06T08:50:56.560+0000] {processor.py:179} INFO - Processing /home/airflow/.local/lib/python3.8/site-packages/airflow/example_dags/example_trigger_target_dag.py took 0.030 seconds
[2024-11-06T08:51:26.951+0000] {processor.py:157} INFO - Started process (PID=956) to work on /home/airflow/.local/lib/python3.8/site-packages/airflow/example_dags/example_trigger_target_dag.py
[2024-11-06T08:51:26.951+0000] {processor.py:829} INFO - Processing file /home/airflow/.local/lib/python3.8/site-packages/airflow/example_dags/example_trigger_target_dag.py for tasks to queue
[2024-11-06T08:51:26.952+0000] {logging_mixin.py:154} INFO - [2024-11-06T08:51:26.952+0000] {dagbag.py:536} INFO - Filling up the DagBag from /home/airflow/.local/lib/python3.8/site-packages/airflow/example_dags/example_trigger_target_dag.py
[2024-11-06T08:51:26.955+0000] {processor.py:839} INFO - DAG(s) dict_keys(['example_trigger_target_dag']) retrieved from /home/airflow/.local/lib/python3.8/site-packages/airflow/example_dags/example_trigger_target_dag.py
[2024-11-06T08:51:26.967+0000] {logging_mixin.py:154} INFO - [2024-11-06T08:51:26.967+0000] {dag.py:2941} INFO - Sync 1 DAGs
[2024-11-06T08:51:26.973+0000] {logging_mixin.py:154} INFO - [2024-11-06T08:51:26.973+0000] {dag.py:3722} INFO - Setting next_dagrun for example_trigger_target_dag to None, run_after=None
[2024-11-06T08:51:26.980+0000] {processor.py:179} INFO - Processing /home/airflow/.local/lib/python3.8/site-packages/airflow/example_dags/example_trigger_target_dag.py took 0.030 seconds
[2024-11-06T08:51:57.265+0000] {processor.py:157} INFO - Started process (PID=1010) to work on /home/airflow/.local/lib/python3.8/site-packages/airflow/example_dags/example_trigger_target_dag.py
[2024-11-06T08:51:57.266+0000] {processor.py:829} INFO - Processing file /home/airflow/.local/lib/python3.8/site-packages/airflow/example_dags/example_trigger_target_dag.py for tasks to queue
[2024-11-06T08:51:57.267+0000] {logging_mixin.py:154} INFO - [2024-11-06T08:51:57.267+0000] {dagbag.py:536} INFO - Filling up the DagBag from /home/airflow/.local/lib/python3.8/site-packages/airflow/example_dags/example_trigger_target_dag.py
[2024-11-06T08:51:57.271+0000] {processor.py:839} INFO - DAG(s) dict_keys(['example_trigger_target_dag']) retrieved from /home/airflow/.local/lib/python3.8/site-packages/airflow/example_dags/example_trigger_target_dag.py
[2024-11-06T08:51:57.283+0000] {logging_mixin.py:154} INFO - [2024-11-06T08:51:57.283+0000] {dag.py:2941} INFO - Sync 1 DAGs
[2024-11-06T08:51:57.288+0000] {logging_mixin.py:154} INFO - [2024-11-06T08:51:57.288+0000] {dag.py:3722} INFO - Setting next_dagrun for example_trigger_target_dag to None, run_after=None
[2024-11-06T08:51:57.297+0000] {processor.py:179} INFO - Processing /home/airflow/.local/lib/python3.8/site-packages/airflow/example_dags/example_trigger_target_dag.py took 0.034 seconds
[2024-11-06T08:52:27.580+0000] {processor.py:157} INFO - Started process (PID=1064) to work on /home/airflow/.local/lib/python3.8/site-packages/airflow/example_dags/example_trigger_target_dag.py
[2024-11-06T08:52:27.581+0000] {processor.py:829} INFO - Processing file /home/airflow/.local/lib/python3.8/site-packages/airflow/example_dags/example_trigger_target_dag.py for tasks to queue
[2024-11-06T08:52:27.582+0000] {logging_mixin.py:154} INFO - [2024-11-06T08:52:27.581+0000] {dagbag.py:536} INFO - Filling up the DagBag from /home/airflow/.local/lib/python3.8/site-packages/airflow/example_dags/example_trigger_target_dag.py
[2024-11-06T08:52:27.584+0000] {processor.py:839} INFO - DAG(s) dict_keys(['example_trigger_target_dag']) retrieved from /home/airflow/.local/lib/python3.8/site-packages/airflow/example_dags/example_trigger_target_dag.py
[2024-11-06T08:52:27.595+0000] {logging_mixin.py:154} INFO - [2024-11-06T08:52:27.595+0000] {dag.py:2941} INFO - Sync 1 DAGs
[2024-11-06T08:52:27.601+0000] {logging_mixin.py:154} INFO - [2024-11-06T08:52:27.601+0000] {dag.py:3722} INFO - Setting next_dagrun for example_trigger_target_dag to None, run_after=None
[2024-11-06T08:52:27.608+0000] {processor.py:179} INFO - Processing /home/airflow/.local/lib/python3.8/site-packages/airflow/example_dags/example_trigger_target_dag.py took 0.029 seconds
[2024-11-06T08:52:58.234+0000] {processor.py:157} INFO - Started process (PID=1118) to work on /home/airflow/.local/lib/python3.8/site-packages/airflow/example_dags/example_trigger_target_dag.py
[2024-11-06T08:52:58.234+0000] {processor.py:829} INFO - Processing file /home/airflow/.local/lib/python3.8/site-packages/airflow/example_dags/example_trigger_target_dag.py for tasks to queue
[2024-11-06T08:52:58.235+0000] {logging_mixin.py:154} INFO - [2024-11-06T08:52:58.235+0000] {dagbag.py:536} INFO - Filling up the DagBag from /home/airflow/.local/lib/python3.8/site-packages/airflow/example_dags/example_trigger_target_dag.py
[2024-11-06T08:52:58.238+0000] {processor.py:839} INFO - DAG(s) dict_keys(['example_trigger_target_dag']) retrieved from /home/airflow/.local/lib/python3.8/site-packages/airflow/example_dags/example_trigger_target_dag.py
[2024-11-06T08:52:58.247+0000] {logging_mixin.py:154} INFO - [2024-11-06T08:52:58.247+0000] {dag.py:2941} INFO - Sync 1 DAGs
[2024-11-06T08:52:58.253+0000] {logging_mixin.py:154} INFO - [2024-11-06T08:52:58.253+0000] {dag.py:3722} INFO - Setting next_dagrun for example_trigger_target_dag to None, run_after=None
[2024-11-06T08:52:58.260+0000] {processor.py:179} INFO - Processing /home/airflow/.local/lib/python3.8/site-packages/airflow/example_dags/example_trigger_target_dag.py took 0.028 seconds
[2024-11-06T08:53:28.873+0000] {processor.py:157} INFO - Started process (PID=1172) to work on /home/airflow/.local/lib/python3.8/site-packages/airflow/example_dags/example_trigger_target_dag.py
[2024-11-06T08:53:28.874+0000] {processor.py:829} INFO - Processing file /home/airflow/.local/lib/python3.8/site-packages/airflow/example_dags/example_trigger_target_dag.py for tasks to queue
[2024-11-06T08:53:28.875+0000] {logging_mixin.py:154} INFO - [2024-11-06T08:53:28.875+0000] {dagbag.py:536} INFO - Filling up the DagBag from /home/airflow/.local/lib/python3.8/site-packages/airflow/example_dags/example_trigger_target_dag.py
[2024-11-06T08:53:28.878+0000] {processor.py:839} INFO - DAG(s) dict_keys(['example_trigger_target_dag']) retrieved from /home/airflow/.local/lib/python3.8/site-packages/airflow/example_dags/example_trigger_target_dag.py
[2024-11-06T08:53:28.888+0000] {logging_mixin.py:154} INFO - [2024-11-06T08:53:28.888+0000] {dag.py:2941} INFO - Sync 1 DAGs
[2024-11-06T08:53:28.894+0000] {logging_mixin.py:154} INFO - [2024-11-06T08:53:28.894+0000] {dag.py:3722} INFO - Setting next_dagrun for example_trigger_target_dag to None, run_after=None
[2024-11-06T08:53:28.901+0000] {processor.py:179} INFO - Processing /home/airflow/.local/lib/python3.8/site-packages/airflow/example_dags/example_trigger_target_dag.py took 0.029 seconds
[2024-11-06T08:53:59.175+0000] {processor.py:157} INFO - Started process (PID=1226) to work on /home/airflow/.local/lib/python3.8/site-packages/airflow/example_dags/example_trigger_target_dag.py
[2024-11-06T08:53:59.176+0000] {processor.py:829} INFO - Processing file /home/airflow/.local/lib/python3.8/site-packages/airflow/example_dags/example_trigger_target_dag.py for tasks to queue
[2024-11-06T08:53:59.177+0000] {logging_mixin.py:154} INFO - [2024-11-06T08:53:59.177+0000] {dagbag.py:536} INFO - Filling up the DagBag from /home/airflow/.local/lib/python3.8/site-packages/airflow/example_dags/example_trigger_target_dag.py
[2024-11-06T08:53:59.179+0000] {processor.py:839} INFO - DAG(s) dict_keys(['example_trigger_target_dag']) retrieved from /home/airflow/.local/lib/python3.8/site-packages/airflow/example_dags/example_trigger_target_dag.py
[2024-11-06T08:53:59.188+0000] {logging_mixin.py:154} INFO - [2024-11-06T08:53:59.188+0000] {dag.py:2941} INFO - Sync 1 DAGs
[2024-11-06T08:53:59.193+0000] {logging_mixin.py:154} INFO - [2024-11-06T08:53:59.193+0000] {dag.py:3722} INFO - Setting next_dagrun for example_trigger_target_dag to None, run_after=None
[2024-11-06T08:53:59.200+0000] {processor.py:179} INFO - Processing /home/airflow/.local/lib/python3.8/site-packages/airflow/example_dags/example_trigger_target_dag.py took 0.027 seconds
[2024-11-06T08:54:30.153+0000] {processor.py:157} INFO - Started process (PID=1280) to work on /home/airflow/.local/lib/python3.8/site-packages/airflow/example_dags/example_trigger_target_dag.py
[2024-11-06T08:54:30.154+0000] {processor.py:829} INFO - Processing file /home/airflow/.local/lib/python3.8/site-packages/airflow/example_dags/example_trigger_target_dag.py for tasks to queue
[2024-11-06T08:54:30.155+0000] {logging_mixin.py:154} INFO - [2024-11-06T08:54:30.155+0000] {dagbag.py:536} INFO - Filling up the DagBag from /home/airflow/.local/lib/python3.8/site-packages/airflow/example_dags/example_trigger_target_dag.py
[2024-11-06T08:54:30.158+0000] {processor.py:839} INFO - DAG(s) dict_keys(['example_trigger_target_dag']) retrieved from /home/airflow/.local/lib/python3.8/site-packages/airflow/example_dags/example_trigger_target_dag.py
[2024-11-06T08:54:30.168+0000] {logging_mixin.py:154} INFO - [2024-11-06T08:54:30.168+0000] {dag.py:2941} INFO - Sync 1 DAGs
[2024-11-06T08:54:30.173+0000] {logging_mixin.py:154} INFO - [2024-11-06T08:54:30.173+0000] {dag.py:3722} INFO - Setting next_dagrun for example_trigger_target_dag to None, run_after=None
[2024-11-06T08:54:30.181+0000] {processor.py:179} INFO - Processing /home/airflow/.local/lib/python3.8/site-packages/airflow/example_dags/example_trigger_target_dag.py took 0.029 seconds
[2024-11-06T08:55:00.947+0000] {processor.py:157} INFO - Started process (PID=1334) to work on /home/airflow/.local/lib/python3.8/site-packages/airflow/example_dags/example_trigger_target_dag.py
[2024-11-06T08:55:00.947+0000] {processor.py:829} INFO - Processing file /home/airflow/.local/lib/python3.8/site-packages/airflow/example_dags/example_trigger_target_dag.py for tasks to queue
[2024-11-06T08:55:00.948+0000] {logging_mixin.py:154} INFO - [2024-11-06T08:55:00.948+0000] {dagbag.py:536} INFO - Filling up the DagBag from /home/airflow/.local/lib/python3.8/site-packages/airflow/example_dags/example_trigger_target_dag.py
[2024-11-06T08:55:00.951+0000] {processor.py:839} INFO - DAG(s) dict_keys(['example_trigger_target_dag']) retrieved from /home/airflow/.local/lib/python3.8/site-packages/airflow/example_dags/example_trigger_target_dag.py
[2024-11-06T08:55:00.961+0000] {logging_mixin.py:154} INFO - [2024-11-06T08:55:00.961+0000] {dag.py:2941} INFO - Sync 1 DAGs
[2024-11-06T08:55:00.967+0000] {logging_mixin.py:154} INFO - [2024-11-06T08:55:00.966+0000] {dag.py:3722} INFO - Setting next_dagrun for example_trigger_target_dag to None, run_after=None
[2024-11-06T08:55:00.974+0000] {processor.py:179} INFO - Processing /home/airflow/.local/lib/python3.8/site-packages/airflow/example_dags/example_trigger_target_dag.py took 0.029 seconds
[2024-11-06T08:55:31.309+0000] {processor.py:157} INFO - Started process (PID=1388) to work on /home/airflow/.local/lib/python3.8/site-packages/airflow/example_dags/example_trigger_target_dag.py
[2024-11-06T08:55:31.309+0000] {processor.py:829} INFO - Processing file /home/airflow/.local/lib/python3.8/site-packages/airflow/example_dags/example_trigger_target_dag.py for tasks to queue
[2024-11-06T08:55:31.310+0000] {logging_mixin.py:154} INFO - [2024-11-06T08:55:31.310+0000] {dagbag.py:536} INFO - Filling up the DagBag from /home/airflow/.local/lib/python3.8/site-packages/airflow/example_dags/example_trigger_target_dag.py
[2024-11-06T08:55:31.313+0000] {processor.py:839} INFO - DAG(s) dict_keys(['example_trigger_target_dag']) retrieved from /home/airflow/.local/lib/python3.8/site-packages/airflow/example_dags/example_trigger_target_dag.py
[2024-11-06T08:55:31.324+0000] {logging_mixin.py:154} INFO - [2024-11-06T08:55:31.324+0000] {dag.py:2941} INFO - Sync 1 DAGs
[2024-11-06T08:55:31.329+0000] {logging_mixin.py:154} INFO - [2024-11-06T08:55:31.329+0000] {dag.py:3722} INFO - Setting next_dagrun for example_trigger_target_dag to None, run_after=None
[2024-11-06T08:55:31.336+0000] {processor.py:179} INFO - Processing /home/airflow/.local/lib/python3.8/site-packages/airflow/example_dags/example_trigger_target_dag.py took 0.029 seconds
[2024-11-06T08:56:01.922+0000] {processor.py:157} INFO - Started process (PID=1442) to work on /home/airflow/.local/lib/python3.8/site-packages/airflow/example_dags/example_trigger_target_dag.py
[2024-11-06T08:56:01.925+0000] {processor.py:829} INFO - Processing file /home/airflow/.local/lib/python3.8/site-packages/airflow/example_dags/example_trigger_target_dag.py for tasks to queue
[2024-11-06T08:56:01.926+0000] {logging_mixin.py:154} INFO - [2024-11-06T08:56:01.926+0000] {dagbag.py:536} INFO - Filling up the DagBag from /home/airflow/.local/lib/python3.8/site-packages/airflow/example_dags/example_trigger_target_dag.py
[2024-11-06T08:56:01.929+0000] {processor.py:839} INFO - DAG(s) dict_keys(['example_trigger_target_dag']) retrieved from /home/airflow/.local/lib/python3.8/site-packages/airflow/example_dags/example_trigger_target_dag.py
[2024-11-06T08:56:01.938+0000] {logging_mixin.py:154} INFO - [2024-11-06T08:56:01.938+0000] {dag.py:2941} INFO - Sync 1 DAGs
[2024-11-06T08:56:02.019+0000] {logging_mixin.py:154} INFO - [2024-11-06T08:56:02.019+0000] {dag.py:3722} INFO - Setting next_dagrun for example_trigger_target_dag to None, run_after=None
[2024-11-06T08:56:02.026+0000] {processor.py:179} INFO - Processing /home/airflow/.local/lib/python3.8/site-packages/airflow/example_dags/example_trigger_target_dag.py took 0.106 seconds
[2024-11-06T08:56:32.605+0000] {processor.py:157} INFO - Started process (PID=1496) to work on /home/airflow/.local/lib/python3.8/site-packages/airflow/example_dags/example_trigger_target_dag.py
[2024-11-06T08:56:32.606+0000] {processor.py:829} INFO - Processing file /home/airflow/.local/lib/python3.8/site-packages/airflow/example_dags/example_trigger_target_dag.py for tasks to queue
[2024-11-06T08:56:32.610+0000] {logging_mixin.py:154} INFO - [2024-11-06T08:56:32.610+0000] {dagbag.py:536} INFO - Filling up the DagBag from /home/airflow/.local/lib/python3.8/site-packages/airflow/example_dags/example_trigger_target_dag.py
[2024-11-06T08:56:32.612+0000] {processor.py:839} INFO - DAG(s) dict_keys(['example_trigger_target_dag']) retrieved from /home/airflow/.local/lib/python3.8/site-packages/airflow/example_dags/example_trigger_target_dag.py
[2024-11-06T08:56:32.622+0000] {logging_mixin.py:154} INFO - [2024-11-06T08:56:32.622+0000] {dag.py:2941} INFO - Sync 1 DAGs
[2024-11-06T08:56:32.628+0000] {logging_mixin.py:154} INFO - [2024-11-06T08:56:32.628+0000] {dag.py:3722} INFO - Setting next_dagrun for example_trigger_target_dag to None, run_after=None
[2024-11-06T08:56:32.635+0000] {processor.py:179} INFO - Processing /home/airflow/.local/lib/python3.8/site-packages/airflow/example_dags/example_trigger_target_dag.py took 0.031 seconds
[2024-11-06T08:57:02.657+0000] {processor.py:157} INFO - Started process (PID=1549) to work on /home/airflow/.local/lib/python3.8/site-packages/airflow/example_dags/example_trigger_target_dag.py
[2024-11-06T08:57:02.657+0000] {processor.py:829} INFO - Processing file /home/airflow/.local/lib/python3.8/site-packages/airflow/example_dags/example_trigger_target_dag.py for tasks to queue
[2024-11-06T08:57:02.658+0000] {logging_mixin.py:154} INFO - [2024-11-06T08:57:02.658+0000] {dagbag.py:536} INFO - Filling up the DagBag from /home/airflow/.local/lib/python3.8/site-packages/airflow/example_dags/example_trigger_target_dag.py
[2024-11-06T08:57:02.661+0000] {processor.py:839} INFO - DAG(s) dict_keys(['example_trigger_target_dag']) retrieved from /home/airflow/.local/lib/python3.8/site-packages/airflow/example_dags/example_trigger_target_dag.py
[2024-11-06T08:57:02.670+0000] {logging_mixin.py:154} INFO - [2024-11-06T08:57:02.670+0000] {dag.py:2941} INFO - Sync 1 DAGs
[2024-11-06T08:57:02.676+0000] {logging_mixin.py:154} INFO - [2024-11-06T08:57:02.676+0000] {dag.py:3722} INFO - Setting next_dagrun for example_trigger_target_dag to None, run_after=None
[2024-11-06T08:57:02.682+0000] {processor.py:179} INFO - Processing /home/airflow/.local/lib/python3.8/site-packages/airflow/example_dags/example_trigger_target_dag.py took 0.027 seconds
[2024-11-06T08:57:33.445+0000] {processor.py:157} INFO - Started process (PID=1603) to work on /home/airflow/.local/lib/python3.8/site-packages/airflow/example_dags/example_trigger_target_dag.py
[2024-11-06T08:57:33.447+0000] {processor.py:829} INFO - Processing file /home/airflow/.local/lib/python3.8/site-packages/airflow/example_dags/example_trigger_target_dag.py for tasks to queue
[2024-11-06T08:57:33.448+0000] {logging_mixin.py:154} INFO - [2024-11-06T08:57:33.447+0000] {dagbag.py:536} INFO - Filling up the DagBag from /home/airflow/.local/lib/python3.8/site-packages/airflow/example_dags/example_trigger_target_dag.py
[2024-11-06T08:57:33.451+0000] {processor.py:839} INFO - DAG(s) dict_keys(['example_trigger_target_dag']) retrieved from /home/airflow/.local/lib/python3.8/site-packages/airflow/example_dags/example_trigger_target_dag.py
[2024-11-06T08:57:33.466+0000] {logging_mixin.py:154} INFO - [2024-11-06T08:57:33.466+0000] {dag.py:2941} INFO - Sync 1 DAGs
[2024-11-06T08:57:33.544+0000] {logging_mixin.py:154} INFO - [2024-11-06T08:57:33.544+0000] {dag.py:3722} INFO - Setting next_dagrun for example_trigger_target_dag to None, run_after=None
[2024-11-06T08:57:33.552+0000] {processor.py:179} INFO - Processing /home/airflow/.local/lib/python3.8/site-packages/airflow/example_dags/example_trigger_target_dag.py took 0.108 seconds
[2024-11-06T08:58:04.155+0000] {processor.py:157} INFO - Started process (PID=1656) to work on /home/airflow/.local/lib/python3.8/site-packages/airflow/example_dags/example_trigger_target_dag.py
[2024-11-06T08:58:04.156+0000] {processor.py:829} INFO - Processing file /home/airflow/.local/lib/python3.8/site-packages/airflow/example_dags/example_trigger_target_dag.py for tasks to queue
[2024-11-06T08:58:04.159+0000] {logging_mixin.py:154} INFO - [2024-11-06T08:58:04.159+0000] {dagbag.py:536} INFO - Filling up the DagBag from /home/airflow/.local/lib/python3.8/site-packages/airflow/example_dags/example_trigger_target_dag.py
[2024-11-06T08:58:04.162+0000] {processor.py:839} INFO - DAG(s) dict_keys(['example_trigger_target_dag']) retrieved from /home/airflow/.local/lib/python3.8/site-packages/airflow/example_dags/example_trigger_target_dag.py
[2024-11-06T08:58:04.170+0000] {logging_mixin.py:154} INFO - [2024-11-06T08:58:04.170+0000] {dag.py:2941} INFO - Sync 1 DAGs
[2024-11-06T08:58:04.175+0000] {logging_mixin.py:154} INFO - [2024-11-06T08:58:04.175+0000] {dag.py:3722} INFO - Setting next_dagrun for example_trigger_target_dag to None, run_after=None
[2024-11-06T08:58:04.181+0000] {processor.py:179} INFO - Processing /home/airflow/.local/lib/python3.8/site-packages/airflow/example_dags/example_trigger_target_dag.py took 0.027 seconds
[2024-11-06T08:58:34.602+0000] {processor.py:157} INFO - Started process (PID=1710) to work on /home/airflow/.local/lib/python3.8/site-packages/airflow/example_dags/example_trigger_target_dag.py
[2024-11-06T08:58:34.602+0000] {processor.py:829} INFO - Processing file /home/airflow/.local/lib/python3.8/site-packages/airflow/example_dags/example_trigger_target_dag.py for tasks to queue
[2024-11-06T08:58:34.605+0000] {logging_mixin.py:154} INFO - [2024-11-06T08:58:34.605+0000] {dagbag.py:536} INFO - Filling up the DagBag from /home/airflow/.local/lib/python3.8/site-packages/airflow/example_dags/example_trigger_target_dag.py
[2024-11-06T08:58:34.607+0000] {processor.py:839} INFO - DAG(s) dict_keys(['example_trigger_target_dag']) retrieved from /home/airflow/.local/lib/python3.8/site-packages/airflow/example_dags/example_trigger_target_dag.py
[2024-11-06T08:58:34.615+0000] {logging_mixin.py:154} INFO - [2024-11-06T08:58:34.615+0000] {dag.py:2941} INFO - Sync 1 DAGs
[2024-11-06T08:58:34.619+0000] {logging_mixin.py:154} INFO - [2024-11-06T08:58:34.619+0000] {dag.py:3722} INFO - Setting next_dagrun for example_trigger_target_dag to None, run_after=None
[2024-11-06T08:58:34.627+0000] {processor.py:179} INFO - Processing /home/airflow/.local/lib/python3.8/site-packages/airflow/example_dags/example_trigger_target_dag.py took 0.026 seconds
[2024-11-06T09:17:57.831+0000] {processor.py:157} INFO - Started process (PID=1756) to work on /home/airflow/.local/lib/python3.8/site-packages/airflow/example_dags/example_trigger_target_dag.py
[2024-11-06T09:17:57.831+0000] {processor.py:829} INFO - Processing file /home/airflow/.local/lib/python3.8/site-packages/airflow/example_dags/example_trigger_target_dag.py for tasks to queue
[2024-11-06T09:17:57.832+0000] {logging_mixin.py:154} INFO - [2024-11-06T09:17:57.832+0000] {dagbag.py:536} INFO - Filling up the DagBag from /home/airflow/.local/lib/python3.8/site-packages/airflow/example_dags/example_trigger_target_dag.py
[2024-11-06T09:17:57.835+0000] {processor.py:839} INFO - DAG(s) dict_keys(['example_trigger_target_dag']) retrieved from /home/airflow/.local/lib/python3.8/site-packages/airflow/example_dags/example_trigger_target_dag.py
[2024-11-06T09:17:57.844+0000] {logging_mixin.py:154} INFO - [2024-11-06T09:17:57.844+0000] {dag.py:2941} INFO - Sync 1 DAGs
[2024-11-06T09:17:57.848+0000] {logging_mixin.py:154} INFO - [2024-11-06T09:17:57.848+0000] {dag.py:3722} INFO - Setting next_dagrun for example_trigger_target_dag to None, run_after=None
[2024-11-06T09:17:57.857+0000] {processor.py:179} INFO - Processing /home/airflow/.local/lib/python3.8/site-packages/airflow/example_dags/example_trigger_target_dag.py took 0.028 seconds
[2024-11-06T09:29:44.533+0000] {processor.py:157} INFO - Started process (PID=1810) to work on /home/airflow/.local/lib/python3.8/site-packages/airflow/example_dags/example_trigger_target_dag.py
[2024-11-06T09:29:44.534+0000] {processor.py:829} INFO - Processing file /home/airflow/.local/lib/python3.8/site-packages/airflow/example_dags/example_trigger_target_dag.py for tasks to queue
[2024-11-06T09:29:44.537+0000] {logging_mixin.py:154} INFO - [2024-11-06T09:29:44.537+0000] {dagbag.py:536} INFO - Filling up the DagBag from /home/airflow/.local/lib/python3.8/site-packages/airflow/example_dags/example_trigger_target_dag.py
[2024-11-06T09:29:44.548+0000] {processor.py:839} INFO - DAG(s) dict_keys(['example_trigger_target_dag']) retrieved from /home/airflow/.local/lib/python3.8/site-packages/airflow/example_dags/example_trigger_target_dag.py
[2024-11-06T09:29:44.569+0000] {logging_mixin.py:154} INFO - [2024-11-06T09:29:44.569+0000] {dag.py:2941} INFO - Sync 1 DAGs
[2024-11-06T09:29:44.582+0000] {logging_mixin.py:154} INFO - [2024-11-06T09:29:44.582+0000] {dag.py:3722} INFO - Setting next_dagrun for example_trigger_target_dag to None, run_after=None
[2024-11-06T09:29:44.606+0000] {processor.py:179} INFO - Processing /home/airflow/.local/lib/python3.8/site-packages/airflow/example_dags/example_trigger_target_dag.py took 0.076 seconds
[2024-11-06T10:28:14.121+0000] {processor.py:157} INFO - Started process (PID=1864) to work on /home/airflow/.local/lib/python3.8/site-packages/airflow/example_dags/example_trigger_target_dag.py
[2024-11-06T10:28:14.122+0000] {processor.py:829} INFO - Processing file /home/airflow/.local/lib/python3.8/site-packages/airflow/example_dags/example_trigger_target_dag.py for tasks to queue
[2024-11-06T10:28:14.123+0000] {logging_mixin.py:154} INFO - [2024-11-06T10:28:14.122+0000] {dagbag.py:536} INFO - Filling up the DagBag from /home/airflow/.local/lib/python3.8/site-packages/airflow/example_dags/example_trigger_target_dag.py
[2024-11-06T10:28:14.125+0000] {processor.py:839} INFO - DAG(s) dict_keys(['example_trigger_target_dag']) retrieved from /home/airflow/.local/lib/python3.8/site-packages/airflow/example_dags/example_trigger_target_dag.py
[2024-11-06T10:28:14.136+0000] {logging_mixin.py:154} INFO - [2024-11-06T10:28:14.136+0000] {dag.py:2941} INFO - Sync 1 DAGs
[2024-11-06T10:28:14.142+0000] {logging_mixin.py:154} INFO - [2024-11-06T10:28:14.142+0000] {dag.py:3722} INFO - Setting next_dagrun for example_trigger_target_dag to None, run_after=None
[2024-11-06T10:28:14.150+0000] {processor.py:179} INFO - Processing /home/airflow/.local/lib/python3.8/site-packages/airflow/example_dags/example_trigger_target_dag.py took 0.030 seconds
[2024-11-06T11:31:04.184+0000] {processor.py:157} INFO - Started process (PID=1918) to work on /home/airflow/.local/lib/python3.8/site-packages/airflow/example_dags/example_trigger_target_dag.py
[2024-11-06T11:31:04.185+0000] {processor.py:829} INFO - Processing file /home/airflow/.local/lib/python3.8/site-packages/airflow/example_dags/example_trigger_target_dag.py for tasks to queue
[2024-11-06T11:31:04.186+0000] {logging_mixin.py:154} INFO - [2024-11-06T11:31:04.185+0000] {dagbag.py:536} INFO - Filling up the DagBag from /home/airflow/.local/lib/python3.8/site-packages/airflow/example_dags/example_trigger_target_dag.py
[2024-11-06T11:31:04.189+0000] {processor.py:839} INFO - DAG(s) dict_keys(['example_trigger_target_dag']) retrieved from /home/airflow/.local/lib/python3.8/site-packages/airflow/example_dags/example_trigger_target_dag.py
[2024-11-06T11:31:04.200+0000] {logging_mixin.py:154} INFO - [2024-11-06T11:31:04.199+0000] {dag.py:2941} INFO - Sync 1 DAGs
[2024-11-06T11:31:04.205+0000] {logging_mixin.py:154} INFO - [2024-11-06T11:31:04.205+0000] {dag.py:3722} INFO - Setting next_dagrun for example_trigger_target_dag to None, run_after=None
[2024-11-06T11:31:04.211+0000] {processor.py:179} INFO - Processing /home/airflow/.local/lib/python3.8/site-packages/airflow/example_dags/example_trigger_target_dag.py took 0.029 seconds
[2024-11-06T11:59:50.746+0000] {processor.py:157} INFO - Started process (PID=1972) to work on /home/airflow/.local/lib/python3.8/site-packages/airflow/example_dags/example_trigger_target_dag.py
[2024-11-06T11:59:50.747+0000] {processor.py:829} INFO - Processing file /home/airflow/.local/lib/python3.8/site-packages/airflow/example_dags/example_trigger_target_dag.py for tasks to queue
[2024-11-06T11:59:50.747+0000] {logging_mixin.py:154} INFO - [2024-11-06T11:59:50.747+0000] {dagbag.py:536} INFO - Filling up the DagBag from /home/airflow/.local/lib/python3.8/site-packages/airflow/example_dags/example_trigger_target_dag.py
[2024-11-06T11:59:50.750+0000] {processor.py:839} INFO - DAG(s) dict_keys(['example_trigger_target_dag']) retrieved from /home/airflow/.local/lib/python3.8/site-packages/airflow/example_dags/example_trigger_target_dag.py
[2024-11-06T11:59:50.760+0000] {logging_mixin.py:154} INFO - [2024-11-06T11:59:50.760+0000] {dag.py:2941} INFO - Sync 1 DAGs
[2024-11-06T11:59:50.765+0000] {logging_mixin.py:154} INFO - [2024-11-06T11:59:50.765+0000] {dag.py:3722} INFO - Setting next_dagrun for example_trigger_target_dag to None, run_after=None
[2024-11-06T11:59:50.773+0000] {processor.py:179} INFO - Processing /home/airflow/.local/lib/python3.8/site-packages/airflow/example_dags/example_trigger_target_dag.py took 0.028 seconds
[2024-11-06T12:50:48.321+0000] {processor.py:157} INFO - Started process (PID=2026) to work on /home/airflow/.local/lib/python3.8/site-packages/airflow/example_dags/example_trigger_target_dag.py
[2024-11-06T12:50:48.322+0000] {processor.py:829} INFO - Processing file /home/airflow/.local/lib/python3.8/site-packages/airflow/example_dags/example_trigger_target_dag.py for tasks to queue
[2024-11-06T12:50:48.323+0000] {logging_mixin.py:154} INFO - [2024-11-06T12:50:48.323+0000] {dagbag.py:536} INFO - Filling up the DagBag from /home/airflow/.local/lib/python3.8/site-packages/airflow/example_dags/example_trigger_target_dag.py
[2024-11-06T12:50:48.327+0000] {processor.py:839} INFO - DAG(s) dict_keys(['example_trigger_target_dag']) retrieved from /home/airflow/.local/lib/python3.8/site-packages/airflow/example_dags/example_trigger_target_dag.py
[2024-11-06T12:50:48.338+0000] {logging_mixin.py:154} INFO - [2024-11-06T12:50:48.338+0000] {dag.py:2941} INFO - Sync 1 DAGs
[2024-11-06T12:50:48.344+0000] {logging_mixin.py:154} INFO - [2024-11-06T12:50:48.343+0000] {dag.py:3722} INFO - Setting next_dagrun for example_trigger_target_dag to None, run_after=None
[2024-11-06T12:50:48.352+0000] {processor.py:179} INFO - Processing /home/airflow/.local/lib/python3.8/site-packages/airflow/example_dags/example_trigger_target_dag.py took 0.032 seconds
[2024-11-06T12:52:35.980+0000] {processor.py:157} INFO - Started process (PID=2080) to work on /home/airflow/.local/lib/python3.8/site-packages/airflow/example_dags/example_trigger_target_dag.py
[2024-11-06T12:52:35.980+0000] {processor.py:829} INFO - Processing file /home/airflow/.local/lib/python3.8/site-packages/airflow/example_dags/example_trigger_target_dag.py for tasks to queue
[2024-11-06T12:52:35.982+0000] {logging_mixin.py:154} INFO - [2024-11-06T12:52:35.982+0000] {dagbag.py:536} INFO - Filling up the DagBag from /home/airflow/.local/lib/python3.8/site-packages/airflow/example_dags/example_trigger_target_dag.py
[2024-11-06T12:52:35.984+0000] {processor.py:839} INFO - DAG(s) dict_keys(['example_trigger_target_dag']) retrieved from /home/airflow/.local/lib/python3.8/site-packages/airflow/example_dags/example_trigger_target_dag.py
[2024-11-06T12:52:35.995+0000] {logging_mixin.py:154} INFO - [2024-11-06T12:52:35.995+0000] {dag.py:2941} INFO - Sync 1 DAGs
[2024-11-06T12:52:36.000+0000] {logging_mixin.py:154} INFO - [2024-11-06T12:52:36.000+0000] {dag.py:3722} INFO - Setting next_dagrun for example_trigger_target_dag to None, run_after=None
[2024-11-06T12:52:36.011+0000] {processor.py:179} INFO - Processing /home/airflow/.local/lib/python3.8/site-packages/airflow/example_dags/example_trigger_target_dag.py took 0.032 seconds
[2024-11-06T13:07:17.400+0000] {processor.py:157} INFO - Started process (PID=2134) to work on /home/airflow/.local/lib/python3.8/site-packages/airflow/example_dags/example_trigger_target_dag.py
[2024-11-06T13:07:17.402+0000] {processor.py:829} INFO - Processing file /home/airflow/.local/lib/python3.8/site-packages/airflow/example_dags/example_trigger_target_dag.py for tasks to queue
[2024-11-06T13:07:17.404+0000] {logging_mixin.py:154} INFO - [2024-11-06T13:07:17.404+0000] {dagbag.py:536} INFO - Filling up the DagBag from /home/airflow/.local/lib/python3.8/site-packages/airflow/example_dags/example_trigger_target_dag.py
[2024-11-06T13:07:17.409+0000] {processor.py:839} INFO - DAG(s) dict_keys(['example_trigger_target_dag']) retrieved from /home/airflow/.local/lib/python3.8/site-packages/airflow/example_dags/example_trigger_target_dag.py
[2024-11-06T13:07:17.419+0000] {logging_mixin.py:154} INFO - [2024-11-06T13:07:17.419+0000] {dag.py:2941} INFO - Sync 1 DAGs
[2024-11-06T13:07:17.427+0000] {logging_mixin.py:154} INFO - [2024-11-06T13:07:17.427+0000] {dag.py:3722} INFO - Setting next_dagrun for example_trigger_target_dag to None, run_after=None
[2024-11-06T13:07:17.435+0000] {processor.py:179} INFO - Processing /home/airflow/.local/lib/python3.8/site-packages/airflow/example_dags/example_trigger_target_dag.py took 0.037 seconds
[2024-11-06T13:47:32.317+0000] {processor.py:157} INFO - Started process (PID=2188) to work on /home/airflow/.local/lib/python3.8/site-packages/airflow/example_dags/example_trigger_target_dag.py
[2024-11-06T13:47:32.317+0000] {processor.py:829} INFO - Processing file /home/airflow/.local/lib/python3.8/site-packages/airflow/example_dags/example_trigger_target_dag.py for tasks to queue
[2024-11-06T13:47:32.318+0000] {logging_mixin.py:154} INFO - [2024-11-06T13:47:32.318+0000] {dagbag.py:536} INFO - Filling up the DagBag from /home/airflow/.local/lib/python3.8/site-packages/airflow/example_dags/example_trigger_target_dag.py
[2024-11-06T13:47:32.321+0000] {processor.py:839} INFO - DAG(s) dict_keys(['example_trigger_target_dag']) retrieved from /home/airflow/.local/lib/python3.8/site-packages/airflow/example_dags/example_trigger_target_dag.py
[2024-11-06T13:47:32.331+0000] {logging_mixin.py:154} INFO - [2024-11-06T13:47:32.331+0000] {dag.py:2941} INFO - Sync 1 DAGs
[2024-11-06T13:47:32.337+0000] {logging_mixin.py:154} INFO - [2024-11-06T13:47:32.337+0000] {dag.py:3722} INFO - Setting next_dagrun for example_trigger_target_dag to None, run_after=None
[2024-11-06T13:47:32.344+0000] {processor.py:179} INFO - Processing /home/airflow/.local/lib/python3.8/site-packages/airflow/example_dags/example_trigger_target_dag.py took 0.029 seconds
[2024-11-06T13:55:17.881+0000] {processor.py:157} INFO - Started process (PID=2242) to work on /home/airflow/.local/lib/python3.8/site-packages/airflow/example_dags/example_trigger_target_dag.py
[2024-11-06T13:55:17.881+0000] {processor.py:829} INFO - Processing file /home/airflow/.local/lib/python3.8/site-packages/airflow/example_dags/example_trigger_target_dag.py for tasks to queue
[2024-11-06T13:55:17.883+0000] {logging_mixin.py:154} INFO - [2024-11-06T13:55:17.883+0000] {dagbag.py:536} INFO - Filling up the DagBag from /home/airflow/.local/lib/python3.8/site-packages/airflow/example_dags/example_trigger_target_dag.py
[2024-11-06T13:55:17.888+0000] {processor.py:839} INFO - DAG(s) dict_keys(['example_trigger_target_dag']) retrieved from /home/airflow/.local/lib/python3.8/site-packages/airflow/example_dags/example_trigger_target_dag.py
[2024-11-06T13:55:17.898+0000] {logging_mixin.py:154} INFO - [2024-11-06T13:55:17.898+0000] {dag.py:2941} INFO - Sync 1 DAGs
[2024-11-06T13:55:17.903+0000] {logging_mixin.py:154} INFO - [2024-11-06T13:55:17.903+0000] {dag.py:3722} INFO - Setting next_dagrun for example_trigger_target_dag to None, run_after=None
[2024-11-06T13:55:17.909+0000] {processor.py:179} INFO - Processing /home/airflow/.local/lib/python3.8/site-packages/airflow/example_dags/example_trigger_target_dag.py took 0.031 seconds
[2024-11-06T14:00:22.684+0000] {processor.py:157} INFO - Started process (PID=2296) to work on /home/airflow/.local/lib/python3.8/site-packages/airflow/example_dags/example_trigger_target_dag.py
[2024-11-06T14:00:22.688+0000] {processor.py:829} INFO - Processing file /home/airflow/.local/lib/python3.8/site-packages/airflow/example_dags/example_trigger_target_dag.py for tasks to queue
[2024-11-06T14:00:22.689+0000] {logging_mixin.py:154} INFO - [2024-11-06T14:00:22.689+0000] {dagbag.py:536} INFO - Filling up the DagBag from /home/airflow/.local/lib/python3.8/site-packages/airflow/example_dags/example_trigger_target_dag.py
[2024-11-06T14:00:22.691+0000] {processor.py:839} INFO - DAG(s) dict_keys(['example_trigger_target_dag']) retrieved from /home/airflow/.local/lib/python3.8/site-packages/airflow/example_dags/example_trigger_target_dag.py
[2024-11-06T14:00:22.701+0000] {logging_mixin.py:154} INFO - [2024-11-06T14:00:22.701+0000] {dag.py:2941} INFO - Sync 1 DAGs
[2024-11-06T14:00:22.706+0000] {logging_mixin.py:154} INFO - [2024-11-06T14:00:22.706+0000] {dag.py:3722} INFO - Setting next_dagrun for example_trigger_target_dag to None, run_after=None
[2024-11-06T14:00:22.714+0000] {processor.py:179} INFO - Processing /home/airflow/.local/lib/python3.8/site-packages/airflow/example_dags/example_trigger_target_dag.py took 0.031 seconds
[2024-11-06T14:05:42.678+0000] {processor.py:157} INFO - Started process (PID=2350) to work on /home/airflow/.local/lib/python3.8/site-packages/airflow/example_dags/example_trigger_target_dag.py
[2024-11-06T14:05:42.681+0000] {processor.py:829} INFO - Processing file /home/airflow/.local/lib/python3.8/site-packages/airflow/example_dags/example_trigger_target_dag.py for tasks to queue
[2024-11-06T14:05:42.683+0000] {logging_mixin.py:154} INFO - [2024-11-06T14:05:42.682+0000] {dagbag.py:536} INFO - Filling up the DagBag from /home/airflow/.local/lib/python3.8/site-packages/airflow/example_dags/example_trigger_target_dag.py
[2024-11-06T14:05:42.685+0000] {processor.py:839} INFO - DAG(s) dict_keys(['example_trigger_target_dag']) retrieved from /home/airflow/.local/lib/python3.8/site-packages/airflow/example_dags/example_trigger_target_dag.py
[2024-11-06T14:05:42.698+0000] {logging_mixin.py:154} INFO - [2024-11-06T14:05:42.698+0000] {dag.py:2941} INFO - Sync 1 DAGs
[2024-11-06T14:05:42.703+0000] {logging_mixin.py:154} INFO - [2024-11-06T14:05:42.703+0000] {dag.py:3722} INFO - Setting next_dagrun for example_trigger_target_dag to None, run_after=None
[2024-11-06T14:05:42.713+0000] {processor.py:179} INFO - Processing /home/airflow/.local/lib/python3.8/site-packages/airflow/example_dags/example_trigger_target_dag.py took 0.036 seconds
[2024-11-06T14:09:57.131+0000] {processor.py:157} INFO - Started process (PID=2404) to work on /home/airflow/.local/lib/python3.8/site-packages/airflow/example_dags/example_trigger_target_dag.py
[2024-11-06T14:09:57.133+0000] {processor.py:829} INFO - Processing file /home/airflow/.local/lib/python3.8/site-packages/airflow/example_dags/example_trigger_target_dag.py for tasks to queue
[2024-11-06T14:09:57.134+0000] {logging_mixin.py:154} INFO - [2024-11-06T14:09:57.134+0000] {dagbag.py:536} INFO - Filling up the DagBag from /home/airflow/.local/lib/python3.8/site-packages/airflow/example_dags/example_trigger_target_dag.py
[2024-11-06T14:09:57.137+0000] {processor.py:839} INFO - DAG(s) dict_keys(['example_trigger_target_dag']) retrieved from /home/airflow/.local/lib/python3.8/site-packages/airflow/example_dags/example_trigger_target_dag.py
[2024-11-06T14:09:57.149+0000] {logging_mixin.py:154} INFO - [2024-11-06T14:09:57.149+0000] {dag.py:2941} INFO - Sync 1 DAGs
[2024-11-06T14:09:57.155+0000] {logging_mixin.py:154} INFO - [2024-11-06T14:09:57.155+0000] {dag.py:3722} INFO - Setting next_dagrun for example_trigger_target_dag to None, run_after=None
[2024-11-06T14:09:57.164+0000] {processor.py:179} INFO - Processing /home/airflow/.local/lib/python3.8/site-packages/airflow/example_dags/example_trigger_target_dag.py took 0.034 seconds
[2024-11-06T14:16:58.192+0000] {processor.py:157} INFO - Started process (PID=2458) to work on /home/airflow/.local/lib/python3.8/site-packages/airflow/example_dags/example_trigger_target_dag.py
[2024-11-06T14:16:58.193+0000] {processor.py:829} INFO - Processing file /home/airflow/.local/lib/python3.8/site-packages/airflow/example_dags/example_trigger_target_dag.py for tasks to queue
[2024-11-06T14:16:58.194+0000] {logging_mixin.py:154} INFO - [2024-11-06T14:16:58.194+0000] {dagbag.py:536} INFO - Filling up the DagBag from /home/airflow/.local/lib/python3.8/site-packages/airflow/example_dags/example_trigger_target_dag.py
[2024-11-06T14:16:58.197+0000] {processor.py:839} INFO - DAG(s) dict_keys(['example_trigger_target_dag']) retrieved from /home/airflow/.local/lib/python3.8/site-packages/airflow/example_dags/example_trigger_target_dag.py
[2024-11-06T14:16:58.213+0000] {logging_mixin.py:154} INFO - [2024-11-06T14:16:58.213+0000] {dag.py:2941} INFO - Sync 1 DAGs
[2024-11-06T14:16:58.220+0000] {logging_mixin.py:154} INFO - [2024-11-06T14:16:58.220+0000] {dag.py:3722} INFO - Setting next_dagrun for example_trigger_target_dag to None, run_after=None
[2024-11-06T14:16:58.236+0000] {processor.py:179} INFO - Processing /home/airflow/.local/lib/python3.8/site-packages/airflow/example_dags/example_trigger_target_dag.py took 0.046 seconds
[2024-11-06T14:23:15.784+0000] {processor.py:157} INFO - Started process (PID=2512) to work on /home/airflow/.local/lib/python3.8/site-packages/airflow/example_dags/example_trigger_target_dag.py
[2024-11-06T14:23:15.784+0000] {processor.py:829} INFO - Processing file /home/airflow/.local/lib/python3.8/site-packages/airflow/example_dags/example_trigger_target_dag.py for tasks to queue
[2024-11-06T14:23:15.786+0000] {logging_mixin.py:154} INFO - [2024-11-06T14:23:15.786+0000] {dagbag.py:536} INFO - Filling up the DagBag from /home/airflow/.local/lib/python3.8/site-packages/airflow/example_dags/example_trigger_target_dag.py
[2024-11-06T14:23:15.789+0000] {processor.py:839} INFO - DAG(s) dict_keys(['example_trigger_target_dag']) retrieved from /home/airflow/.local/lib/python3.8/site-packages/airflow/example_dags/example_trigger_target_dag.py
[2024-11-06T14:23:15.800+0000] {logging_mixin.py:154} INFO - [2024-11-06T14:23:15.799+0000] {dag.py:2941} INFO - Sync 1 DAGs
[2024-11-06T14:23:15.805+0000] {logging_mixin.py:154} INFO - [2024-11-06T14:23:15.805+0000] {dag.py:3722} INFO - Setting next_dagrun for example_trigger_target_dag to None, run_after=None
[2024-11-06T14:23:15.814+0000] {processor.py:179} INFO - Processing /home/airflow/.local/lib/python3.8/site-packages/airflow/example_dags/example_trigger_target_dag.py took 0.032 seconds
[2024-11-06T14:31:02.595+0000] {processor.py:157} INFO - Started process (PID=2565) to work on /home/airflow/.local/lib/python3.8/site-packages/airflow/example_dags/example_trigger_target_dag.py
[2024-11-06T14:31:02.596+0000] {processor.py:829} INFO - Processing file /home/airflow/.local/lib/python3.8/site-packages/airflow/example_dags/example_trigger_target_dag.py for tasks to queue
[2024-11-06T14:31:02.598+0000] {logging_mixin.py:154} INFO - [2024-11-06T14:31:02.598+0000] {dagbag.py:536} INFO - Filling up the DagBag from /home/airflow/.local/lib/python3.8/site-packages/airflow/example_dags/example_trigger_target_dag.py
[2024-11-06T14:31:02.601+0000] {processor.py:839} INFO - DAG(s) dict_keys(['example_trigger_target_dag']) retrieved from /home/airflow/.local/lib/python3.8/site-packages/airflow/example_dags/example_trigger_target_dag.py
[2024-11-06T14:31:02.613+0000] {logging_mixin.py:154} INFO - [2024-11-06T14:31:02.613+0000] {dag.py:2941} INFO - Sync 1 DAGs
[2024-11-06T14:31:02.619+0000] {logging_mixin.py:154} INFO - [2024-11-06T14:31:02.619+0000] {dag.py:3722} INFO - Setting next_dagrun for example_trigger_target_dag to None, run_after=None
[2024-11-06T14:31:02.630+0000] {processor.py:179} INFO - Processing /home/airflow/.local/lib/python3.8/site-packages/airflow/example_dags/example_trigger_target_dag.py took 0.036 seconds
[2024-11-06T14:36:37.034+0000] {processor.py:157} INFO - Started process (PID=2618) to work on /home/airflow/.local/lib/python3.8/site-packages/airflow/example_dags/example_trigger_target_dag.py
[2024-11-06T14:36:37.035+0000] {processor.py:829} INFO - Processing file /home/airflow/.local/lib/python3.8/site-packages/airflow/example_dags/example_trigger_target_dag.py for tasks to queue
[2024-11-06T14:36:37.036+0000] {logging_mixin.py:154} INFO - [2024-11-06T14:36:37.036+0000] {dagbag.py:536} INFO - Filling up the DagBag from /home/airflow/.local/lib/python3.8/site-packages/airflow/example_dags/example_trigger_target_dag.py
[2024-11-06T14:36:37.039+0000] {processor.py:839} INFO - DAG(s) dict_keys(['example_trigger_target_dag']) retrieved from /home/airflow/.local/lib/python3.8/site-packages/airflow/example_dags/example_trigger_target_dag.py
[2024-11-06T14:36:37.049+0000] {logging_mixin.py:154} INFO - [2024-11-06T14:36:37.049+0000] {dag.py:2941} INFO - Sync 1 DAGs
[2024-11-06T14:36:37.056+0000] {logging_mixin.py:154} INFO - [2024-11-06T14:36:37.055+0000] {dag.py:3722} INFO - Setting next_dagrun for example_trigger_target_dag to None, run_after=None
[2024-11-06T14:36:37.067+0000] {processor.py:179} INFO - Processing /home/airflow/.local/lib/python3.8/site-packages/airflow/example_dags/example_trigger_target_dag.py took 0.035 seconds
[2024-11-06T15:02:53.495+0000] {processor.py:157} INFO - Started process (PID=2672) to work on /home/airflow/.local/lib/python3.8/site-packages/airflow/example_dags/example_trigger_target_dag.py
[2024-11-06T15:02:53.495+0000] {processor.py:829} INFO - Processing file /home/airflow/.local/lib/python3.8/site-packages/airflow/example_dags/example_trigger_target_dag.py for tasks to queue
[2024-11-06T15:02:53.497+0000] {logging_mixin.py:154} INFO - [2024-11-06T15:02:53.497+0000] {dagbag.py:536} INFO - Filling up the DagBag from /home/airflow/.local/lib/python3.8/site-packages/airflow/example_dags/example_trigger_target_dag.py
[2024-11-06T15:02:53.500+0000] {processor.py:839} INFO - DAG(s) dict_keys(['example_trigger_target_dag']) retrieved from /home/airflow/.local/lib/python3.8/site-packages/airflow/example_dags/example_trigger_target_dag.py
[2024-11-06T15:02:53.510+0000] {logging_mixin.py:154} INFO - [2024-11-06T15:02:53.510+0000] {dag.py:2941} INFO - Sync 1 DAGs
[2024-11-06T15:02:53.517+0000] {logging_mixin.py:154} INFO - [2024-11-06T15:02:53.517+0000] {dag.py:3722} INFO - Setting next_dagrun for example_trigger_target_dag to None, run_after=None
[2024-11-06T15:02:53.528+0000] {processor.py:179} INFO - Processing /home/airflow/.local/lib/python3.8/site-packages/airflow/example_dags/example_trigger_target_dag.py took 0.035 seconds
[2024-11-06T15:37:17.438+0000] {processor.py:157} INFO - Started process (PID=2726) to work on /home/airflow/.local/lib/python3.8/site-packages/airflow/example_dags/example_trigger_target_dag.py
[2024-11-06T15:37:17.439+0000] {processor.py:829} INFO - Processing file /home/airflow/.local/lib/python3.8/site-packages/airflow/example_dags/example_trigger_target_dag.py for tasks to queue
[2024-11-06T15:37:17.440+0000] {logging_mixin.py:154} INFO - [2024-11-06T15:37:17.439+0000] {dagbag.py:536} INFO - Filling up the DagBag from /home/airflow/.local/lib/python3.8/site-packages/airflow/example_dags/example_trigger_target_dag.py
[2024-11-06T15:37:17.442+0000] {processor.py:839} INFO - DAG(s) dict_keys(['example_trigger_target_dag']) retrieved from /home/airflow/.local/lib/python3.8/site-packages/airflow/example_dags/example_trigger_target_dag.py
[2024-11-06T15:37:17.452+0000] {logging_mixin.py:154} INFO - [2024-11-06T15:37:17.452+0000] {dag.py:2941} INFO - Sync 1 DAGs
[2024-11-06T15:37:17.458+0000] {logging_mixin.py:154} INFO - [2024-11-06T15:37:17.457+0000] {dag.py:3722} INFO - Setting next_dagrun for example_trigger_target_dag to None, run_after=None
[2024-11-06T15:37:17.464+0000] {processor.py:179} INFO - Processing /home/airflow/.local/lib/python3.8/site-packages/airflow/example_dags/example_trigger_target_dag.py took 0.028 seconds
[2024-11-06T15:48:10.238+0000] {processor.py:157} INFO - Started process (PID=2780) to work on /home/airflow/.local/lib/python3.8/site-packages/airflow/example_dags/example_trigger_target_dag.py
[2024-11-06T15:48:10.239+0000] {processor.py:829} INFO - Processing file /home/airflow/.local/lib/python3.8/site-packages/airflow/example_dags/example_trigger_target_dag.py for tasks to queue
[2024-11-06T15:48:10.241+0000] {logging_mixin.py:154} INFO - [2024-11-06T15:48:10.241+0000] {dagbag.py:536} INFO - Filling up the DagBag from /home/airflow/.local/lib/python3.8/site-packages/airflow/example_dags/example_trigger_target_dag.py
[2024-11-06T15:48:10.245+0000] {processor.py:839} INFO - DAG(s) dict_keys(['example_trigger_target_dag']) retrieved from /home/airflow/.local/lib/python3.8/site-packages/airflow/example_dags/example_trigger_target_dag.py
[2024-11-06T15:48:10.265+0000] {logging_mixin.py:154} INFO - [2024-11-06T15:48:10.265+0000] {dag.py:2941} INFO - Sync 1 DAGs
[2024-11-06T15:48:10.277+0000] {logging_mixin.py:154} INFO - [2024-11-06T15:48:10.277+0000] {dag.py:3722} INFO - Setting next_dagrun for example_trigger_target_dag to None, run_after=None
[2024-11-06T15:48:10.300+0000] {processor.py:179} INFO - Processing /home/airflow/.local/lib/python3.8/site-packages/airflow/example_dags/example_trigger_target_dag.py took 0.064 seconds
[2024-11-06T16:49:04.290+0000] {processor.py:157} INFO - Started process (PID=2834) to work on /home/airflow/.local/lib/python3.8/site-packages/airflow/example_dags/example_trigger_target_dag.py
[2024-11-06T16:49:04.290+0000] {processor.py:829} INFO - Processing file /home/airflow/.local/lib/python3.8/site-packages/airflow/example_dags/example_trigger_target_dag.py for tasks to queue
[2024-11-06T16:49:04.291+0000] {logging_mixin.py:154} INFO - [2024-11-06T16:49:04.291+0000] {dagbag.py:536} INFO - Filling up the DagBag from /home/airflow/.local/lib/python3.8/site-packages/airflow/example_dags/example_trigger_target_dag.py
[2024-11-06T16:49:04.294+0000] {processor.py:839} INFO - DAG(s) dict_keys(['example_trigger_target_dag']) retrieved from /home/airflow/.local/lib/python3.8/site-packages/airflow/example_dags/example_trigger_target_dag.py
[2024-11-06T16:49:04.306+0000] {logging_mixin.py:154} INFO - [2024-11-06T16:49:04.306+0000] {dag.py:2941} INFO - Sync 1 DAGs
[2024-11-06T16:49:04.311+0000] {logging_mixin.py:154} INFO - [2024-11-06T16:49:04.311+0000] {dag.py:3722} INFO - Setting next_dagrun for example_trigger_target_dag to None, run_after=None
[2024-11-06T16:49:04.318+0000] {processor.py:179} INFO - Processing /home/airflow/.local/lib/python3.8/site-packages/airflow/example_dags/example_trigger_target_dag.py took 0.030 seconds
[2024-11-06T16:49:57.046+0000] {processor.py:157} INFO - Started process (PID=2888) to work on /home/airflow/.local/lib/python3.8/site-packages/airflow/example_dags/example_trigger_target_dag.py
[2024-11-06T16:49:57.047+0000] {processor.py:829} INFO - Processing file /home/airflow/.local/lib/python3.8/site-packages/airflow/example_dags/example_trigger_target_dag.py for tasks to queue
[2024-11-06T16:49:57.048+0000] {logging_mixin.py:154} INFO - [2024-11-06T16:49:57.048+0000] {dagbag.py:536} INFO - Filling up the DagBag from /home/airflow/.local/lib/python3.8/site-packages/airflow/example_dags/example_trigger_target_dag.py
[2024-11-06T16:49:57.051+0000] {processor.py:839} INFO - DAG(s) dict_keys(['example_trigger_target_dag']) retrieved from /home/airflow/.local/lib/python3.8/site-packages/airflow/example_dags/example_trigger_target_dag.py
[2024-11-06T16:49:57.063+0000] {logging_mixin.py:154} INFO - [2024-11-06T16:49:57.063+0000] {dag.py:2941} INFO - Sync 1 DAGs
[2024-11-06T16:49:57.075+0000] {logging_mixin.py:154} INFO - [2024-11-06T16:49:57.075+0000] {dag.py:3722} INFO - Setting next_dagrun for example_trigger_target_dag to None, run_after=None
[2024-11-06T16:49:57.085+0000] {processor.py:179} INFO - Processing /home/airflow/.local/lib/python3.8/site-packages/airflow/example_dags/example_trigger_target_dag.py took 0.040 seconds
[2024-11-06T17:40:09.031+0000] {processor.py:157} INFO - Started process (PID=2942) to work on /home/airflow/.local/lib/python3.8/site-packages/airflow/example_dags/example_trigger_target_dag.py
[2024-11-06T17:40:09.033+0000] {processor.py:829} INFO - Processing file /home/airflow/.local/lib/python3.8/site-packages/airflow/example_dags/example_trigger_target_dag.py for tasks to queue
[2024-11-06T17:40:09.034+0000] {logging_mixin.py:154} INFO - [2024-11-06T17:40:09.034+0000] {dagbag.py:536} INFO - Filling up the DagBag from /home/airflow/.local/lib/python3.8/site-packages/airflow/example_dags/example_trigger_target_dag.py
[2024-11-06T17:40:09.037+0000] {processor.py:839} INFO - DAG(s) dict_keys(['example_trigger_target_dag']) retrieved from /home/airflow/.local/lib/python3.8/site-packages/airflow/example_dags/example_trigger_target_dag.py
[2024-11-06T17:40:09.046+0000] {logging_mixin.py:154} INFO - [2024-11-06T17:40:09.046+0000] {dag.py:2941} INFO - Sync 1 DAGs
[2024-11-06T17:40:09.051+0000] {logging_mixin.py:154} INFO - [2024-11-06T17:40:09.051+0000] {dag.py:3722} INFO - Setting next_dagrun for example_trigger_target_dag to None, run_after=None
[2024-11-06T17:40:09.059+0000] {processor.py:179} INFO - Processing /home/airflow/.local/lib/python3.8/site-packages/airflow/example_dags/example_trigger_target_dag.py took 0.030 seconds
[2024-11-06T18:40:21.343+0000] {processor.py:157} INFO - Started process (PID=2996) to work on /home/airflow/.local/lib/python3.8/site-packages/airflow/example_dags/example_trigger_target_dag.py
[2024-11-06T18:40:21.343+0000] {processor.py:829} INFO - Processing file /home/airflow/.local/lib/python3.8/site-packages/airflow/example_dags/example_trigger_target_dag.py for tasks to queue
[2024-11-06T18:40:21.345+0000] {logging_mixin.py:154} INFO - [2024-11-06T18:40:21.345+0000] {dagbag.py:536} INFO - Filling up the DagBag from /home/airflow/.local/lib/python3.8/site-packages/airflow/example_dags/example_trigger_target_dag.py
[2024-11-06T18:40:21.350+0000] {processor.py:839} INFO - DAG(s) dict_keys(['example_trigger_target_dag']) retrieved from /home/airflow/.local/lib/python3.8/site-packages/airflow/example_dags/example_trigger_target_dag.py
[2024-11-06T18:40:21.360+0000] {logging_mixin.py:154} INFO - [2024-11-06T18:40:21.360+0000] {dag.py:2941} INFO - Sync 1 DAGs
[2024-11-06T18:40:21.366+0000] {logging_mixin.py:154} INFO - [2024-11-06T18:40:21.366+0000] {dag.py:3722} INFO - Setting next_dagrun for example_trigger_target_dag to None, run_after=None
[2024-11-06T18:40:21.379+0000] {processor.py:179} INFO - Processing /home/airflow/.local/lib/python3.8/site-packages/airflow/example_dags/example_trigger_target_dag.py took 0.038 seconds
[2024-11-06T19:56:55.160+0000] {processor.py:157} INFO - Started process (PID=3050) to work on /home/airflow/.local/lib/python3.8/site-packages/airflow/example_dags/example_trigger_target_dag.py
[2024-11-06T19:56:55.161+0000] {processor.py:829} INFO - Processing file /home/airflow/.local/lib/python3.8/site-packages/airflow/example_dags/example_trigger_target_dag.py for tasks to queue
[2024-11-06T19:56:55.165+0000] {logging_mixin.py:154} INFO - [2024-11-06T19:56:55.165+0000] {dagbag.py:536} INFO - Filling up the DagBag from /home/airflow/.local/lib/python3.8/site-packages/airflow/example_dags/example_trigger_target_dag.py
[2024-11-06T19:56:55.168+0000] {processor.py:839} INFO - DAG(s) dict_keys(['example_trigger_target_dag']) retrieved from /home/airflow/.local/lib/python3.8/site-packages/airflow/example_dags/example_trigger_target_dag.py
[2024-11-06T19:56:55.177+0000] {logging_mixin.py:154} INFO - [2024-11-06T19:56:55.177+0000] {dag.py:2941} INFO - Sync 1 DAGs
[2024-11-06T19:56:55.185+0000] {logging_mixin.py:154} INFO - [2024-11-06T19:56:55.185+0000] {dag.py:3722} INFO - Setting next_dagrun for example_trigger_target_dag to None, run_after=None
[2024-11-06T19:56:55.193+0000] {processor.py:179} INFO - Processing /home/airflow/.local/lib/python3.8/site-packages/airflow/example_dags/example_trigger_target_dag.py took 0.035 seconds
[2024-11-06T20:41:41.766+0000] {processor.py:157} INFO - Started process (PID=3104) to work on /home/airflow/.local/lib/python3.8/site-packages/airflow/example_dags/example_trigger_target_dag.py
[2024-11-06T20:41:41.768+0000] {processor.py:829} INFO - Processing file /home/airflow/.local/lib/python3.8/site-packages/airflow/example_dags/example_trigger_target_dag.py for tasks to queue
[2024-11-06T20:41:41.769+0000] {logging_mixin.py:154} INFO - [2024-11-06T20:41:41.769+0000] {dagbag.py:536} INFO - Filling up the DagBag from /home/airflow/.local/lib/python3.8/site-packages/airflow/example_dags/example_trigger_target_dag.py
[2024-11-06T20:41:41.772+0000] {processor.py:839} INFO - DAG(s) dict_keys(['example_trigger_target_dag']) retrieved from /home/airflow/.local/lib/python3.8/site-packages/airflow/example_dags/example_trigger_target_dag.py
[2024-11-06T20:41:41.782+0000] {logging_mixin.py:154} INFO - [2024-11-06T20:41:41.782+0000] {dag.py:2941} INFO - Sync 1 DAGs
[2024-11-06T20:41:41.788+0000] {logging_mixin.py:154} INFO - [2024-11-06T20:41:41.787+0000] {dag.py:3722} INFO - Setting next_dagrun for example_trigger_target_dag to None, run_after=None
[2024-11-06T20:41:41.796+0000] {processor.py:179} INFO - Processing /home/airflow/.local/lib/python3.8/site-packages/airflow/example_dags/example_trigger_target_dag.py took 0.031 seconds
[2024-11-06T22:09:51.276+0000] {processor.py:157} INFO - Started process (PID=3158) to work on /home/airflow/.local/lib/python3.8/site-packages/airflow/example_dags/example_trigger_target_dag.py
[2024-11-06T22:09:51.277+0000] {processor.py:829} INFO - Processing file /home/airflow/.local/lib/python3.8/site-packages/airflow/example_dags/example_trigger_target_dag.py for tasks to queue
[2024-11-06T22:09:51.278+0000] {logging_mixin.py:154} INFO - [2024-11-06T22:09:51.278+0000] {dagbag.py:536} INFO - Filling up the DagBag from /home/airflow/.local/lib/python3.8/site-packages/airflow/example_dags/example_trigger_target_dag.py
[2024-11-06T22:09:51.281+0000] {processor.py:839} INFO - DAG(s) dict_keys(['example_trigger_target_dag']) retrieved from /home/airflow/.local/lib/python3.8/site-packages/airflow/example_dags/example_trigger_target_dag.py
[2024-11-06T22:09:51.289+0000] {logging_mixin.py:154} INFO - [2024-11-06T22:09:51.289+0000] {dag.py:2941} INFO - Sync 1 DAGs
[2024-11-06T22:09:51.295+0000] {logging_mixin.py:154} INFO - [2024-11-06T22:09:51.295+0000] {dag.py:3722} INFO - Setting next_dagrun for example_trigger_target_dag to None, run_after=None
[2024-11-06T22:09:51.303+0000] {processor.py:179} INFO - Processing /home/airflow/.local/lib/python3.8/site-packages/airflow/example_dags/example_trigger_target_dag.py took 0.028 seconds
[2024-11-06T23:10:57.229+0000] {processor.py:157} INFO - Started process (PID=3212) to work on /home/airflow/.local/lib/python3.8/site-packages/airflow/example_dags/example_trigger_target_dag.py
[2024-11-06T23:10:57.229+0000] {processor.py:829} INFO - Processing file /home/airflow/.local/lib/python3.8/site-packages/airflow/example_dags/example_trigger_target_dag.py for tasks to queue
[2024-11-06T23:10:57.230+0000] {logging_mixin.py:154} INFO - [2024-11-06T23:10:57.230+0000] {dagbag.py:536} INFO - Filling up the DagBag from /home/airflow/.local/lib/python3.8/site-packages/airflow/example_dags/example_trigger_target_dag.py
[2024-11-06T23:10:57.234+0000] {processor.py:839} INFO - DAG(s) dict_keys(['example_trigger_target_dag']) retrieved from /home/airflow/.local/lib/python3.8/site-packages/airflow/example_dags/example_trigger_target_dag.py
[2024-11-06T23:10:57.243+0000] {logging_mixin.py:154} INFO - [2024-11-06T23:10:57.243+0000] {dag.py:2941} INFO - Sync 1 DAGs
[2024-11-06T23:10:57.248+0000] {logging_mixin.py:154} INFO - [2024-11-06T23:10:57.248+0000] {dag.py:3722} INFO - Setting next_dagrun for example_trigger_target_dag to None, run_after=None
[2024-11-06T23:10:57.258+0000] {processor.py:179} INFO - Processing /home/airflow/.local/lib/python3.8/site-packages/airflow/example_dags/example_trigger_target_dag.py took 0.031 seconds
[2024-11-06T23:49:21.736+0000] {processor.py:157} INFO - Started process (PID=3266) to work on /home/airflow/.local/lib/python3.8/site-packages/airflow/example_dags/example_trigger_target_dag.py
[2024-11-06T23:49:21.737+0000] {processor.py:829} INFO - Processing file /home/airflow/.local/lib/python3.8/site-packages/airflow/example_dags/example_trigger_target_dag.py for tasks to queue
[2024-11-06T23:49:21.738+0000] {logging_mixin.py:154} INFO - [2024-11-06T23:49:21.738+0000] {dagbag.py:536} INFO - Filling up the DagBag from /home/airflow/.local/lib/python3.8/site-packages/airflow/example_dags/example_trigger_target_dag.py
[2024-11-06T23:49:21.741+0000] {processor.py:839} INFO - DAG(s) dict_keys(['example_trigger_target_dag']) retrieved from /home/airflow/.local/lib/python3.8/site-packages/airflow/example_dags/example_trigger_target_dag.py
[2024-11-06T23:49:21.751+0000] {logging_mixin.py:154} INFO - [2024-11-06T23:49:21.751+0000] {dag.py:2941} INFO - Sync 1 DAGs
[2024-11-06T23:49:21.757+0000] {logging_mixin.py:154} INFO - [2024-11-06T23:49:21.757+0000] {dag.py:3722} INFO - Setting next_dagrun for example_trigger_target_dag to None, run_after=None
[2024-11-06T23:49:21.768+0000] {processor.py:179} INFO - Processing /home/airflow/.local/lib/python3.8/site-packages/airflow/example_dags/example_trigger_target_dag.py took 0.033 seconds
