[2024-11-06T08:43:20.264+0000] {processor.py:157} INFO - Started process (PID=81) to work on /home/airflow/.local/lib/python3.8/site-packages/airflow/example_dags/example_dynamic_task_mapping_with_no_taskflow_operators.py
[2024-11-06T08:43:20.266+0000] {processor.py:829} INFO - Processing file /home/airflow/.local/lib/python3.8/site-packages/airflow/example_dags/example_dynamic_task_mapping_with_no_taskflow_operators.py for tasks to queue
[2024-11-06T08:43:20.271+0000] {logging_mixin.py:154} INFO - [2024-11-06T08:43:20.270+0000] {dagbag.py:536} INFO - Filling up the DagBag from /home/airflow/.local/lib/python3.8/site-packages/airflow/example_dags/example_dynamic_task_mapping_with_no_taskflow_operators.py
[2024-11-06T08:43:20.281+0000] {processor.py:839} INFO - DAG(s) dict_keys(['example_dynamic_task_mapping_with_no_taskflow_operators']) retrieved from /home/airflow/.local/lib/python3.8/site-packages/airflow/example_dags/example_dynamic_task_mapping_with_no_taskflow_operators.py
[2024-11-06T08:43:20.293+0000] {logging_mixin.py:154} INFO - [2024-11-06T08:43:20.293+0000] {dag.py:2941} INFO - Sync 1 DAGs
[2024-11-06T08:43:20.307+0000] {logging_mixin.py:154} INFO - [2024-11-06T08:43:20.307+0000] {dag.py:3722} INFO - Setting next_dagrun for example_dynamic_task_mapping_with_no_taskflow_operators to 2024-11-05T08:43:20.307288+00:00, run_after=2024-11-06T08:43:20.307288+00:00
[2024-11-06T08:43:20.324+0000] {processor.py:179} INFO - Processing /home/airflow/.local/lib/python3.8/site-packages/airflow/example_dags/example_dynamic_task_mapping_with_no_taskflow_operators.py took 0.063 seconds
[2024-11-06T08:43:50.362+0000] {processor.py:157} INFO - Started process (PID=135) to work on /home/airflow/.local/lib/python3.8/site-packages/airflow/example_dags/example_dynamic_task_mapping_with_no_taskflow_operators.py
[2024-11-06T08:43:50.363+0000] {processor.py:829} INFO - Processing file /home/airflow/.local/lib/python3.8/site-packages/airflow/example_dags/example_dynamic_task_mapping_with_no_taskflow_operators.py for tasks to queue
[2024-11-06T08:43:50.364+0000] {logging_mixin.py:154} INFO - [2024-11-06T08:43:50.364+0000] {dagbag.py:536} INFO - Filling up the DagBag from /home/airflow/.local/lib/python3.8/site-packages/airflow/example_dags/example_dynamic_task_mapping_with_no_taskflow_operators.py
[2024-11-06T08:43:50.367+0000] {processor.py:839} INFO - DAG(s) dict_keys(['example_dynamic_task_mapping_with_no_taskflow_operators']) retrieved from /home/airflow/.local/lib/python3.8/site-packages/airflow/example_dags/example_dynamic_task_mapping_with_no_taskflow_operators.py
[2024-11-06T08:43:50.375+0000] {logging_mixin.py:154} INFO - [2024-11-06T08:43:50.375+0000] {dag.py:2941} INFO - Sync 1 DAGs
[2024-11-06T08:43:50.385+0000] {logging_mixin.py:154} INFO - [2024-11-06T08:43:50.385+0000] {dag.py:3722} INFO - Setting next_dagrun for example_dynamic_task_mapping_with_no_taskflow_operators to 2024-11-05T08:43:50.384953+00:00, run_after=2024-11-06T08:43:50.384953+00:00
[2024-11-06T08:43:50.392+0000] {processor.py:179} INFO - Processing /home/airflow/.local/lib/python3.8/site-packages/airflow/example_dags/example_dynamic_task_mapping_with_no_taskflow_operators.py took 0.031 seconds
[2024-11-06T08:44:20.732+0000] {processor.py:157} INFO - Started process (PID=189) to work on /home/airflow/.local/lib/python3.8/site-packages/airflow/example_dags/example_dynamic_task_mapping_with_no_taskflow_operators.py
[2024-11-06T08:44:20.733+0000] {processor.py:829} INFO - Processing file /home/airflow/.local/lib/python3.8/site-packages/airflow/example_dags/example_dynamic_task_mapping_with_no_taskflow_operators.py for tasks to queue
[2024-11-06T08:44:20.734+0000] {logging_mixin.py:154} INFO - [2024-11-06T08:44:20.734+0000] {dagbag.py:536} INFO - Filling up the DagBag from /home/airflow/.local/lib/python3.8/site-packages/airflow/example_dags/example_dynamic_task_mapping_with_no_taskflow_operators.py
[2024-11-06T08:44:20.739+0000] {processor.py:839} INFO - DAG(s) dict_keys(['example_dynamic_task_mapping_with_no_taskflow_operators']) retrieved from /home/airflow/.local/lib/python3.8/site-packages/airflow/example_dags/example_dynamic_task_mapping_with_no_taskflow_operators.py
[2024-11-06T08:44:20.752+0000] {logging_mixin.py:154} INFO - [2024-11-06T08:44:20.752+0000] {dag.py:2941} INFO - Sync 1 DAGs
[2024-11-06T08:44:20.763+0000] {logging_mixin.py:154} INFO - [2024-11-06T08:44:20.763+0000] {dag.py:3722} INFO - Setting next_dagrun for example_dynamic_task_mapping_with_no_taskflow_operators to 2024-11-05T08:44:20.763389+00:00, run_after=2024-11-06T08:44:20.763389+00:00
[2024-11-06T08:44:20.774+0000] {processor.py:179} INFO - Processing /home/airflow/.local/lib/python3.8/site-packages/airflow/example_dags/example_dynamic_task_mapping_with_no_taskflow_operators.py took 0.044 seconds
[2024-11-06T08:44:51.085+0000] {processor.py:157} INFO - Started process (PID=243) to work on /home/airflow/.local/lib/python3.8/site-packages/airflow/example_dags/example_dynamic_task_mapping_with_no_taskflow_operators.py
[2024-11-06T08:44:51.086+0000] {processor.py:829} INFO - Processing file /home/airflow/.local/lib/python3.8/site-packages/airflow/example_dags/example_dynamic_task_mapping_with_no_taskflow_operators.py for tasks to queue
[2024-11-06T08:44:51.087+0000] {logging_mixin.py:154} INFO - [2024-11-06T08:44:51.087+0000] {dagbag.py:536} INFO - Filling up the DagBag from /home/airflow/.local/lib/python3.8/site-packages/airflow/example_dags/example_dynamic_task_mapping_with_no_taskflow_operators.py
[2024-11-06T08:44:51.090+0000] {processor.py:839} INFO - DAG(s) dict_keys(['example_dynamic_task_mapping_with_no_taskflow_operators']) retrieved from /home/airflow/.local/lib/python3.8/site-packages/airflow/example_dags/example_dynamic_task_mapping_with_no_taskflow_operators.py
[2024-11-06T08:44:51.099+0000] {logging_mixin.py:154} INFO - [2024-11-06T08:44:51.099+0000] {dag.py:2941} INFO - Sync 1 DAGs
[2024-11-06T08:44:51.109+0000] {logging_mixin.py:154} INFO - [2024-11-06T08:44:51.108+0000] {dag.py:3722} INFO - Setting next_dagrun for example_dynamic_task_mapping_with_no_taskflow_operators to 2024-11-05T08:44:51.108813+00:00, run_after=2024-11-06T08:44:51.108813+00:00
[2024-11-06T08:44:51.121+0000] {processor.py:179} INFO - Processing /home/airflow/.local/lib/python3.8/site-packages/airflow/example_dags/example_dynamic_task_mapping_with_no_taskflow_operators.py took 0.038 seconds
[2024-11-06T08:45:21.424+0000] {processor.py:157} INFO - Started process (PID=297) to work on /home/airflow/.local/lib/python3.8/site-packages/airflow/example_dags/example_dynamic_task_mapping_with_no_taskflow_operators.py
[2024-11-06T08:45:21.425+0000] {processor.py:829} INFO - Processing file /home/airflow/.local/lib/python3.8/site-packages/airflow/example_dags/example_dynamic_task_mapping_with_no_taskflow_operators.py for tasks to queue
[2024-11-06T08:45:21.426+0000] {logging_mixin.py:154} INFO - [2024-11-06T08:45:21.426+0000] {dagbag.py:536} INFO - Filling up the DagBag from /home/airflow/.local/lib/python3.8/site-packages/airflow/example_dags/example_dynamic_task_mapping_with_no_taskflow_operators.py
[2024-11-06T08:45:21.429+0000] {processor.py:839} INFO - DAG(s) dict_keys(['example_dynamic_task_mapping_with_no_taskflow_operators']) retrieved from /home/airflow/.local/lib/python3.8/site-packages/airflow/example_dags/example_dynamic_task_mapping_with_no_taskflow_operators.py
[2024-11-06T08:45:21.441+0000] {logging_mixin.py:154} INFO - [2024-11-06T08:45:21.441+0000] {dag.py:2941} INFO - Sync 1 DAGs
[2024-11-06T08:45:21.450+0000] {logging_mixin.py:154} INFO - [2024-11-06T08:45:21.450+0000] {dag.py:3722} INFO - Setting next_dagrun for example_dynamic_task_mapping_with_no_taskflow_operators to 2024-11-05T08:45:21.450330+00:00, run_after=2024-11-06T08:45:21.450330+00:00
[2024-11-06T08:45:21.457+0000] {processor.py:179} INFO - Processing /home/airflow/.local/lib/python3.8/site-packages/airflow/example_dags/example_dynamic_task_mapping_with_no_taskflow_operators.py took 0.035 seconds
[2024-11-06T08:45:51.823+0000] {processor.py:157} INFO - Started process (PID=351) to work on /home/airflow/.local/lib/python3.8/site-packages/airflow/example_dags/example_dynamic_task_mapping_with_no_taskflow_operators.py
[2024-11-06T08:45:51.827+0000] {processor.py:829} INFO - Processing file /home/airflow/.local/lib/python3.8/site-packages/airflow/example_dags/example_dynamic_task_mapping_with_no_taskflow_operators.py for tasks to queue
[2024-11-06T08:45:51.829+0000] {logging_mixin.py:154} INFO - [2024-11-06T08:45:51.829+0000] {dagbag.py:536} INFO - Filling up the DagBag from /home/airflow/.local/lib/python3.8/site-packages/airflow/example_dags/example_dynamic_task_mapping_with_no_taskflow_operators.py
[2024-11-06T08:45:51.833+0000] {processor.py:839} INFO - DAG(s) dict_keys(['example_dynamic_task_mapping_with_no_taskflow_operators']) retrieved from /home/airflow/.local/lib/python3.8/site-packages/airflow/example_dags/example_dynamic_task_mapping_with_no_taskflow_operators.py
[2024-11-06T08:45:51.843+0000] {logging_mixin.py:154} INFO - [2024-11-06T08:45:51.842+0000] {dag.py:2941} INFO - Sync 1 DAGs
[2024-11-06T08:45:51.854+0000] {logging_mixin.py:154} INFO - [2024-11-06T08:45:51.854+0000] {dag.py:3722} INFO - Setting next_dagrun for example_dynamic_task_mapping_with_no_taskflow_operators to 2024-11-05T08:45:51.854330+00:00, run_after=2024-11-06T08:45:51.854330+00:00
[2024-11-06T08:45:51.862+0000] {processor.py:179} INFO - Processing /home/airflow/.local/lib/python3.8/site-packages/airflow/example_dags/example_dynamic_task_mapping_with_no_taskflow_operators.py took 0.040 seconds
[2024-11-06T08:46:22.514+0000] {processor.py:157} INFO - Started process (PID=405) to work on /home/airflow/.local/lib/python3.8/site-packages/airflow/example_dags/example_dynamic_task_mapping_with_no_taskflow_operators.py
[2024-11-06T08:46:22.515+0000] {processor.py:829} INFO - Processing file /home/airflow/.local/lib/python3.8/site-packages/airflow/example_dags/example_dynamic_task_mapping_with_no_taskflow_operators.py for tasks to queue
[2024-11-06T08:46:22.516+0000] {logging_mixin.py:154} INFO - [2024-11-06T08:46:22.516+0000] {dagbag.py:536} INFO - Filling up the DagBag from /home/airflow/.local/lib/python3.8/site-packages/airflow/example_dags/example_dynamic_task_mapping_with_no_taskflow_operators.py
[2024-11-06T08:46:22.522+0000] {processor.py:839} INFO - DAG(s) dict_keys(['example_dynamic_task_mapping_with_no_taskflow_operators']) retrieved from /home/airflow/.local/lib/python3.8/site-packages/airflow/example_dags/example_dynamic_task_mapping_with_no_taskflow_operators.py
[2024-11-06T08:46:22.536+0000] {logging_mixin.py:154} INFO - [2024-11-06T08:46:22.536+0000] {dag.py:2941} INFO - Sync 1 DAGs
[2024-11-06T08:46:22.553+0000] {logging_mixin.py:154} INFO - [2024-11-06T08:46:22.553+0000] {dag.py:3722} INFO - Setting next_dagrun for example_dynamic_task_mapping_with_no_taskflow_operators to 2024-11-05T08:46:22.553137+00:00, run_after=2024-11-06T08:46:22.553137+00:00
[2024-11-06T08:46:22.564+0000] {processor.py:179} INFO - Processing /home/airflow/.local/lib/python3.8/site-packages/airflow/example_dags/example_dynamic_task_mapping_with_no_taskflow_operators.py took 0.052 seconds
[2024-11-06T08:46:53.101+0000] {processor.py:157} INFO - Started process (PID=466) to work on /home/airflow/.local/lib/python3.8/site-packages/airflow/example_dags/example_dynamic_task_mapping_with_no_taskflow_operators.py
[2024-11-06T08:46:53.101+0000] {processor.py:829} INFO - Processing file /home/airflow/.local/lib/python3.8/site-packages/airflow/example_dags/example_dynamic_task_mapping_with_no_taskflow_operators.py for tasks to queue
[2024-11-06T08:46:53.102+0000] {logging_mixin.py:154} INFO - [2024-11-06T08:46:53.102+0000] {dagbag.py:536} INFO - Filling up the DagBag from /home/airflow/.local/lib/python3.8/site-packages/airflow/example_dags/example_dynamic_task_mapping_with_no_taskflow_operators.py
[2024-11-06T08:46:53.105+0000] {processor.py:839} INFO - DAG(s) dict_keys(['example_dynamic_task_mapping_with_no_taskflow_operators']) retrieved from /home/airflow/.local/lib/python3.8/site-packages/airflow/example_dags/example_dynamic_task_mapping_with_no_taskflow_operators.py
[2024-11-06T08:46:53.116+0000] {logging_mixin.py:154} INFO - [2024-11-06T08:46:53.116+0000] {dag.py:2941} INFO - Sync 1 DAGs
[2024-11-06T08:46:53.126+0000] {logging_mixin.py:154} INFO - [2024-11-06T08:46:53.126+0000] {dag.py:3722} INFO - Setting next_dagrun for example_dynamic_task_mapping_with_no_taskflow_operators to 2024-11-05T08:46:53.126410+00:00, run_after=2024-11-06T08:46:53.126410+00:00
[2024-11-06T08:46:53.136+0000] {processor.py:179} INFO - Processing /home/airflow/.local/lib/python3.8/site-packages/airflow/example_dags/example_dynamic_task_mapping_with_no_taskflow_operators.py took 0.036 seconds
[2024-11-06T08:47:23.472+0000] {processor.py:157} INFO - Started process (PID=520) to work on /home/airflow/.local/lib/python3.8/site-packages/airflow/example_dags/example_dynamic_task_mapping_with_no_taskflow_operators.py
[2024-11-06T08:47:23.472+0000] {processor.py:829} INFO - Processing file /home/airflow/.local/lib/python3.8/site-packages/airflow/example_dags/example_dynamic_task_mapping_with_no_taskflow_operators.py for tasks to queue
[2024-11-06T08:47:23.473+0000] {logging_mixin.py:154} INFO - [2024-11-06T08:47:23.473+0000] {dagbag.py:536} INFO - Filling up the DagBag from /home/airflow/.local/lib/python3.8/site-packages/airflow/example_dags/example_dynamic_task_mapping_with_no_taskflow_operators.py
[2024-11-06T08:47:23.476+0000] {processor.py:839} INFO - DAG(s) dict_keys(['example_dynamic_task_mapping_with_no_taskflow_operators']) retrieved from /home/airflow/.local/lib/python3.8/site-packages/airflow/example_dags/example_dynamic_task_mapping_with_no_taskflow_operators.py
[2024-11-06T08:47:23.485+0000] {logging_mixin.py:154} INFO - [2024-11-06T08:47:23.485+0000] {dag.py:2941} INFO - Sync 1 DAGs
[2024-11-06T08:47:23.497+0000] {logging_mixin.py:154} INFO - [2024-11-06T08:47:23.497+0000] {dag.py:3722} INFO - Setting next_dagrun for example_dynamic_task_mapping_with_no_taskflow_operators to 2024-11-05T08:47:23.497009+00:00, run_after=2024-11-06T08:47:23.497009+00:00
[2024-11-06T08:47:23.504+0000] {processor.py:179} INFO - Processing /home/airflow/.local/lib/python3.8/site-packages/airflow/example_dags/example_dynamic_task_mapping_with_no_taskflow_operators.py took 0.034 seconds
[2024-11-06T08:47:53.870+0000] {processor.py:157} INFO - Started process (PID=575) to work on /home/airflow/.local/lib/python3.8/site-packages/airflow/example_dags/example_dynamic_task_mapping_with_no_taskflow_operators.py
[2024-11-06T08:47:53.871+0000] {processor.py:829} INFO - Processing file /home/airflow/.local/lib/python3.8/site-packages/airflow/example_dags/example_dynamic_task_mapping_with_no_taskflow_operators.py for tasks to queue
[2024-11-06T08:47:53.873+0000] {logging_mixin.py:154} INFO - [2024-11-06T08:47:53.873+0000] {dagbag.py:536} INFO - Filling up the DagBag from /home/airflow/.local/lib/python3.8/site-packages/airflow/example_dags/example_dynamic_task_mapping_with_no_taskflow_operators.py
[2024-11-06T08:47:53.877+0000] {processor.py:839} INFO - DAG(s) dict_keys(['example_dynamic_task_mapping_with_no_taskflow_operators']) retrieved from /home/airflow/.local/lib/python3.8/site-packages/airflow/example_dags/example_dynamic_task_mapping_with_no_taskflow_operators.py
[2024-11-06T08:47:53.889+0000] {logging_mixin.py:154} INFO - [2024-11-06T08:47:53.889+0000] {dag.py:2941} INFO - Sync 1 DAGs
[2024-11-06T08:47:53.901+0000] {logging_mixin.py:154} INFO - [2024-11-06T08:47:53.901+0000] {dag.py:3722} INFO - Setting next_dagrun for example_dynamic_task_mapping_with_no_taskflow_operators to 2024-11-05T08:47:53.901531+00:00, run_after=2024-11-06T08:47:53.901531+00:00
[2024-11-06T08:47:53.910+0000] {processor.py:179} INFO - Processing /home/airflow/.local/lib/python3.8/site-packages/airflow/example_dags/example_dynamic_task_mapping_with_no_taskflow_operators.py took 0.042 seconds
[2024-11-06T08:48:24.199+0000] {processor.py:157} INFO - Started process (PID=629) to work on /home/airflow/.local/lib/python3.8/site-packages/airflow/example_dags/example_dynamic_task_mapping_with_no_taskflow_operators.py
[2024-11-06T08:48:24.199+0000] {processor.py:829} INFO - Processing file /home/airflow/.local/lib/python3.8/site-packages/airflow/example_dags/example_dynamic_task_mapping_with_no_taskflow_operators.py for tasks to queue
[2024-11-06T08:48:24.200+0000] {logging_mixin.py:154} INFO - [2024-11-06T08:48:24.200+0000] {dagbag.py:536} INFO - Filling up the DagBag from /home/airflow/.local/lib/python3.8/site-packages/airflow/example_dags/example_dynamic_task_mapping_with_no_taskflow_operators.py
[2024-11-06T08:48:24.203+0000] {processor.py:839} INFO - DAG(s) dict_keys(['example_dynamic_task_mapping_with_no_taskflow_operators']) retrieved from /home/airflow/.local/lib/python3.8/site-packages/airflow/example_dags/example_dynamic_task_mapping_with_no_taskflow_operators.py
[2024-11-06T08:48:24.212+0000] {logging_mixin.py:154} INFO - [2024-11-06T08:48:24.212+0000] {dag.py:2941} INFO - Sync 1 DAGs
[2024-11-06T08:48:24.221+0000] {logging_mixin.py:154} INFO - [2024-11-06T08:48:24.221+0000] {dag.py:3722} INFO - Setting next_dagrun for example_dynamic_task_mapping_with_no_taskflow_operators to 2024-11-05T08:48:24.221229+00:00, run_after=2024-11-06T08:48:24.221229+00:00
[2024-11-06T08:48:24.228+0000] {processor.py:179} INFO - Processing /home/airflow/.local/lib/python3.8/site-packages/airflow/example_dags/example_dynamic_task_mapping_with_no_taskflow_operators.py took 0.031 seconds
[2024-11-06T08:48:54.474+0000] {processor.py:157} INFO - Started process (PID=683) to work on /home/airflow/.local/lib/python3.8/site-packages/airflow/example_dags/example_dynamic_task_mapping_with_no_taskflow_operators.py
[2024-11-06T08:48:54.476+0000] {processor.py:829} INFO - Processing file /home/airflow/.local/lib/python3.8/site-packages/airflow/example_dags/example_dynamic_task_mapping_with_no_taskflow_operators.py for tasks to queue
[2024-11-06T08:48:54.477+0000] {logging_mixin.py:154} INFO - [2024-11-06T08:48:54.477+0000] {dagbag.py:536} INFO - Filling up the DagBag from /home/airflow/.local/lib/python3.8/site-packages/airflow/example_dags/example_dynamic_task_mapping_with_no_taskflow_operators.py
[2024-11-06T08:48:54.481+0000] {processor.py:839} INFO - DAG(s) dict_keys(['example_dynamic_task_mapping_with_no_taskflow_operators']) retrieved from /home/airflow/.local/lib/python3.8/site-packages/airflow/example_dags/example_dynamic_task_mapping_with_no_taskflow_operators.py
[2024-11-06T08:48:54.490+0000] {logging_mixin.py:154} INFO - [2024-11-06T08:48:54.490+0000] {dag.py:2941} INFO - Sync 1 DAGs
[2024-11-06T08:48:54.500+0000] {logging_mixin.py:154} INFO - [2024-11-06T08:48:54.500+0000] {dag.py:3722} INFO - Setting next_dagrun for example_dynamic_task_mapping_with_no_taskflow_operators to 2024-11-05T08:48:54.499897+00:00, run_after=2024-11-06T08:48:54.499897+00:00
[2024-11-06T08:48:54.506+0000] {processor.py:179} INFO - Processing /home/airflow/.local/lib/python3.8/site-packages/airflow/example_dags/example_dynamic_task_mapping_with_no_taskflow_operators.py took 0.033 seconds
[2024-11-06T08:49:24.703+0000] {processor.py:157} INFO - Started process (PID=737) to work on /home/airflow/.local/lib/python3.8/site-packages/airflow/example_dags/example_dynamic_task_mapping_with_no_taskflow_operators.py
[2024-11-06T08:49:24.703+0000] {processor.py:829} INFO - Processing file /home/airflow/.local/lib/python3.8/site-packages/airflow/example_dags/example_dynamic_task_mapping_with_no_taskflow_operators.py for tasks to queue
[2024-11-06T08:49:24.704+0000] {logging_mixin.py:154} INFO - [2024-11-06T08:49:24.704+0000] {dagbag.py:536} INFO - Filling up the DagBag from /home/airflow/.local/lib/python3.8/site-packages/airflow/example_dags/example_dynamic_task_mapping_with_no_taskflow_operators.py
[2024-11-06T08:49:24.707+0000] {processor.py:839} INFO - DAG(s) dict_keys(['example_dynamic_task_mapping_with_no_taskflow_operators']) retrieved from /home/airflow/.local/lib/python3.8/site-packages/airflow/example_dags/example_dynamic_task_mapping_with_no_taskflow_operators.py
[2024-11-06T08:49:24.715+0000] {logging_mixin.py:154} INFO - [2024-11-06T08:49:24.715+0000] {dag.py:2941} INFO - Sync 1 DAGs
[2024-11-06T08:49:24.723+0000] {logging_mixin.py:154} INFO - [2024-11-06T08:49:24.723+0000] {dag.py:3722} INFO - Setting next_dagrun for example_dynamic_task_mapping_with_no_taskflow_operators to 2024-11-05T08:49:24.723559+00:00, run_after=2024-11-06T08:49:24.723559+00:00
[2024-11-06T08:49:24.731+0000] {processor.py:179} INFO - Processing /home/airflow/.local/lib/python3.8/site-packages/airflow/example_dags/example_dynamic_task_mapping_with_no_taskflow_operators.py took 0.030 seconds
[2024-11-06T08:49:54.974+0000] {processor.py:157} INFO - Started process (PID=790) to work on /home/airflow/.local/lib/python3.8/site-packages/airflow/example_dags/example_dynamic_task_mapping_with_no_taskflow_operators.py
[2024-11-06T08:49:54.975+0000] {processor.py:829} INFO - Processing file /home/airflow/.local/lib/python3.8/site-packages/airflow/example_dags/example_dynamic_task_mapping_with_no_taskflow_operators.py for tasks to queue
[2024-11-06T08:49:54.978+0000] {logging_mixin.py:154} INFO - [2024-11-06T08:49:54.978+0000] {dagbag.py:536} INFO - Filling up the DagBag from /home/airflow/.local/lib/python3.8/site-packages/airflow/example_dags/example_dynamic_task_mapping_with_no_taskflow_operators.py
[2024-11-06T08:49:54.985+0000] {processor.py:839} INFO - DAG(s) dict_keys(['example_dynamic_task_mapping_with_no_taskflow_operators']) retrieved from /home/airflow/.local/lib/python3.8/site-packages/airflow/example_dags/example_dynamic_task_mapping_with_no_taskflow_operators.py
[2024-11-06T08:49:54.994+0000] {logging_mixin.py:154} INFO - [2024-11-06T08:49:54.993+0000] {dag.py:2941} INFO - Sync 1 DAGs
[2024-11-06T08:49:55.002+0000] {logging_mixin.py:154} INFO - [2024-11-06T08:49:55.002+0000] {dag.py:3722} INFO - Setting next_dagrun for example_dynamic_task_mapping_with_no_taskflow_operators to 2024-11-05T08:49:55.002463+00:00, run_after=2024-11-06T08:49:55.002463+00:00
[2024-11-06T08:49:55.013+0000] {processor.py:179} INFO - Processing /home/airflow/.local/lib/python3.8/site-packages/airflow/example_dags/example_dynamic_task_mapping_with_no_taskflow_operators.py took 0.040 seconds
[2024-11-06T08:50:25.191+0000] {processor.py:157} INFO - Started process (PID=844) to work on /home/airflow/.local/lib/python3.8/site-packages/airflow/example_dags/example_dynamic_task_mapping_with_no_taskflow_operators.py
[2024-11-06T08:50:25.192+0000] {processor.py:829} INFO - Processing file /home/airflow/.local/lib/python3.8/site-packages/airflow/example_dags/example_dynamic_task_mapping_with_no_taskflow_operators.py for tasks to queue
[2024-11-06T08:50:25.192+0000] {logging_mixin.py:154} INFO - [2024-11-06T08:50:25.192+0000] {dagbag.py:536} INFO - Filling up the DagBag from /home/airflow/.local/lib/python3.8/site-packages/airflow/example_dags/example_dynamic_task_mapping_with_no_taskflow_operators.py
[2024-11-06T08:50:25.196+0000] {processor.py:839} INFO - DAG(s) dict_keys(['example_dynamic_task_mapping_with_no_taskflow_operators']) retrieved from /home/airflow/.local/lib/python3.8/site-packages/airflow/example_dags/example_dynamic_task_mapping_with_no_taskflow_operators.py
[2024-11-06T08:50:25.206+0000] {logging_mixin.py:154} INFO - [2024-11-06T08:50:25.206+0000] {dag.py:2941} INFO - Sync 1 DAGs
[2024-11-06T08:50:25.218+0000] {logging_mixin.py:154} INFO - [2024-11-06T08:50:25.218+0000] {dag.py:3722} INFO - Setting next_dagrun for example_dynamic_task_mapping_with_no_taskflow_operators to 2024-11-05T08:50:25.218087+00:00, run_after=2024-11-06T08:50:25.218087+00:00
[2024-11-06T08:50:25.225+0000] {processor.py:179} INFO - Processing /home/airflow/.local/lib/python3.8/site-packages/airflow/example_dags/example_dynamic_task_mapping_with_no_taskflow_operators.py took 0.036 seconds
[2024-11-06T08:50:55.438+0000] {processor.py:157} INFO - Started process (PID=898) to work on /home/airflow/.local/lib/python3.8/site-packages/airflow/example_dags/example_dynamic_task_mapping_with_no_taskflow_operators.py
[2024-11-06T08:50:55.441+0000] {processor.py:829} INFO - Processing file /home/airflow/.local/lib/python3.8/site-packages/airflow/example_dags/example_dynamic_task_mapping_with_no_taskflow_operators.py for tasks to queue
[2024-11-06T08:50:55.446+0000] {logging_mixin.py:154} INFO - [2024-11-06T08:50:55.445+0000] {dagbag.py:536} INFO - Filling up the DagBag from /home/airflow/.local/lib/python3.8/site-packages/airflow/example_dags/example_dynamic_task_mapping_with_no_taskflow_operators.py
[2024-11-06T08:50:55.449+0000] {processor.py:839} INFO - DAG(s) dict_keys(['example_dynamic_task_mapping_with_no_taskflow_operators']) retrieved from /home/airflow/.local/lib/python3.8/site-packages/airflow/example_dags/example_dynamic_task_mapping_with_no_taskflow_operators.py
[2024-11-06T08:50:55.457+0000] {logging_mixin.py:154} INFO - [2024-11-06T08:50:55.457+0000] {dag.py:2941} INFO - Sync 1 DAGs
[2024-11-06T08:50:55.466+0000] {logging_mixin.py:154} INFO - [2024-11-06T08:50:55.466+0000] {dag.py:3722} INFO - Setting next_dagrun for example_dynamic_task_mapping_with_no_taskflow_operators to 2024-11-05T08:50:55.466255+00:00, run_after=2024-11-06T08:50:55.466255+00:00
[2024-11-06T08:50:55.476+0000] {processor.py:179} INFO - Processing /home/airflow/.local/lib/python3.8/site-packages/airflow/example_dags/example_dynamic_task_mapping_with_no_taskflow_operators.py took 0.039 seconds
[2024-11-06T08:51:25.865+0000] {processor.py:157} INFO - Started process (PID=952) to work on /home/airflow/.local/lib/python3.8/site-packages/airflow/example_dags/example_dynamic_task_mapping_with_no_taskflow_operators.py
[2024-11-06T08:51:25.868+0000] {processor.py:829} INFO - Processing file /home/airflow/.local/lib/python3.8/site-packages/airflow/example_dags/example_dynamic_task_mapping_with_no_taskflow_operators.py for tasks to queue
[2024-11-06T08:51:25.869+0000] {logging_mixin.py:154} INFO - [2024-11-06T08:51:25.868+0000] {dagbag.py:536} INFO - Filling up the DagBag from /home/airflow/.local/lib/python3.8/site-packages/airflow/example_dags/example_dynamic_task_mapping_with_no_taskflow_operators.py
[2024-11-06T08:51:25.871+0000] {processor.py:839} INFO - DAG(s) dict_keys(['example_dynamic_task_mapping_with_no_taskflow_operators']) retrieved from /home/airflow/.local/lib/python3.8/site-packages/airflow/example_dags/example_dynamic_task_mapping_with_no_taskflow_operators.py
[2024-11-06T08:51:25.882+0000] {logging_mixin.py:154} INFO - [2024-11-06T08:51:25.881+0000] {dag.py:2941} INFO - Sync 1 DAGs
[2024-11-06T08:51:25.890+0000] {logging_mixin.py:154} INFO - [2024-11-06T08:51:25.890+0000] {dag.py:3722} INFO - Setting next_dagrun for example_dynamic_task_mapping_with_no_taskflow_operators to 2024-11-05T08:51:25.890392+00:00, run_after=2024-11-06T08:51:25.890392+00:00
[2024-11-06T08:51:25.897+0000] {processor.py:179} INFO - Processing /home/airflow/.local/lib/python3.8/site-packages/airflow/example_dags/example_dynamic_task_mapping_with_no_taskflow_operators.py took 0.033 seconds
[2024-11-06T08:51:56.104+0000] {processor.py:157} INFO - Started process (PID=1006) to work on /home/airflow/.local/lib/python3.8/site-packages/airflow/example_dags/example_dynamic_task_mapping_with_no_taskflow_operators.py
[2024-11-06T08:51:56.105+0000] {processor.py:829} INFO - Processing file /home/airflow/.local/lib/python3.8/site-packages/airflow/example_dags/example_dynamic_task_mapping_with_no_taskflow_operators.py for tasks to queue
[2024-11-06T08:51:56.106+0000] {logging_mixin.py:154} INFO - [2024-11-06T08:51:56.106+0000] {dagbag.py:536} INFO - Filling up the DagBag from /home/airflow/.local/lib/python3.8/site-packages/airflow/example_dags/example_dynamic_task_mapping_with_no_taskflow_operators.py
[2024-11-06T08:51:56.109+0000] {processor.py:839} INFO - DAG(s) dict_keys(['example_dynamic_task_mapping_with_no_taskflow_operators']) retrieved from /home/airflow/.local/lib/python3.8/site-packages/airflow/example_dags/example_dynamic_task_mapping_with_no_taskflow_operators.py
[2024-11-06T08:51:56.118+0000] {logging_mixin.py:154} INFO - [2024-11-06T08:51:56.118+0000] {dag.py:2941} INFO - Sync 1 DAGs
[2024-11-06T08:51:56.128+0000] {logging_mixin.py:154} INFO - [2024-11-06T08:51:56.128+0000] {dag.py:3722} INFO - Setting next_dagrun for example_dynamic_task_mapping_with_no_taskflow_operators to 2024-11-05T08:51:56.128609+00:00, run_after=2024-11-06T08:51:56.128609+00:00
[2024-11-06T08:51:56.212+0000] {processor.py:179} INFO - Processing /home/airflow/.local/lib/python3.8/site-packages/airflow/example_dags/example_dynamic_task_mapping_with_no_taskflow_operators.py took 0.109 seconds
[2024-11-06T08:52:26.494+0000] {processor.py:157} INFO - Started process (PID=1060) to work on /home/airflow/.local/lib/python3.8/site-packages/airflow/example_dags/example_dynamic_task_mapping_with_no_taskflow_operators.py
[2024-11-06T08:52:26.494+0000] {processor.py:829} INFO - Processing file /home/airflow/.local/lib/python3.8/site-packages/airflow/example_dags/example_dynamic_task_mapping_with_no_taskflow_operators.py for tasks to queue
[2024-11-06T08:52:26.495+0000] {logging_mixin.py:154} INFO - [2024-11-06T08:52:26.495+0000] {dagbag.py:536} INFO - Filling up the DagBag from /home/airflow/.local/lib/python3.8/site-packages/airflow/example_dags/example_dynamic_task_mapping_with_no_taskflow_operators.py
[2024-11-06T08:52:26.498+0000] {processor.py:839} INFO - DAG(s) dict_keys(['example_dynamic_task_mapping_with_no_taskflow_operators']) retrieved from /home/airflow/.local/lib/python3.8/site-packages/airflow/example_dags/example_dynamic_task_mapping_with_no_taskflow_operators.py
[2024-11-06T08:52:26.507+0000] {logging_mixin.py:154} INFO - [2024-11-06T08:52:26.507+0000] {dag.py:2941} INFO - Sync 1 DAGs
[2024-11-06T08:52:26.516+0000] {logging_mixin.py:154} INFO - [2024-11-06T08:52:26.516+0000] {dag.py:3722} INFO - Setting next_dagrun for example_dynamic_task_mapping_with_no_taskflow_operators to 2024-11-05T08:52:26.516097+00:00, run_after=2024-11-06T08:52:26.516097+00:00
[2024-11-06T08:52:26.526+0000] {processor.py:179} INFO - Processing /home/airflow/.local/lib/python3.8/site-packages/airflow/example_dags/example_dynamic_task_mapping_with_no_taskflow_operators.py took 0.034 seconds
[2024-11-06T08:52:57.152+0000] {processor.py:157} INFO - Started process (PID=1114) to work on /home/airflow/.local/lib/python3.8/site-packages/airflow/example_dags/example_dynamic_task_mapping_with_no_taskflow_operators.py
[2024-11-06T08:52:57.153+0000] {processor.py:829} INFO - Processing file /home/airflow/.local/lib/python3.8/site-packages/airflow/example_dags/example_dynamic_task_mapping_with_no_taskflow_operators.py for tasks to queue
[2024-11-06T08:52:57.156+0000] {logging_mixin.py:154} INFO - [2024-11-06T08:52:57.156+0000] {dagbag.py:536} INFO - Filling up the DagBag from /home/airflow/.local/lib/python3.8/site-packages/airflow/example_dags/example_dynamic_task_mapping_with_no_taskflow_operators.py
[2024-11-06T08:52:57.159+0000] {processor.py:839} INFO - DAG(s) dict_keys(['example_dynamic_task_mapping_with_no_taskflow_operators']) retrieved from /home/airflow/.local/lib/python3.8/site-packages/airflow/example_dags/example_dynamic_task_mapping_with_no_taskflow_operators.py
[2024-11-06T08:52:57.167+0000] {logging_mixin.py:154} INFO - [2024-11-06T08:52:57.167+0000] {dag.py:2941} INFO - Sync 1 DAGs
[2024-11-06T08:52:57.176+0000] {logging_mixin.py:154} INFO - [2024-11-06T08:52:57.176+0000] {dag.py:3722} INFO - Setting next_dagrun for example_dynamic_task_mapping_with_no_taskflow_operators to 2024-11-05T08:52:57.176033+00:00, run_after=2024-11-06T08:52:57.176033+00:00
[2024-11-06T08:52:57.183+0000] {processor.py:179} INFO - Processing /home/airflow/.local/lib/python3.8/site-packages/airflow/example_dags/example_dynamic_task_mapping_with_no_taskflow_operators.py took 0.033 seconds
[2024-11-06T08:53:27.707+0000] {processor.py:157} INFO - Started process (PID=1168) to work on /home/airflow/.local/lib/python3.8/site-packages/airflow/example_dags/example_dynamic_task_mapping_with_no_taskflow_operators.py
[2024-11-06T08:53:27.707+0000] {processor.py:829} INFO - Processing file /home/airflow/.local/lib/python3.8/site-packages/airflow/example_dags/example_dynamic_task_mapping_with_no_taskflow_operators.py for tasks to queue
[2024-11-06T08:53:27.708+0000] {logging_mixin.py:154} INFO - [2024-11-06T08:53:27.708+0000] {dagbag.py:536} INFO - Filling up the DagBag from /home/airflow/.local/lib/python3.8/site-packages/airflow/example_dags/example_dynamic_task_mapping_with_no_taskflow_operators.py
[2024-11-06T08:53:27.711+0000] {processor.py:839} INFO - DAG(s) dict_keys(['example_dynamic_task_mapping_with_no_taskflow_operators']) retrieved from /home/airflow/.local/lib/python3.8/site-packages/airflow/example_dags/example_dynamic_task_mapping_with_no_taskflow_operators.py
[2024-11-06T08:53:27.720+0000] {logging_mixin.py:154} INFO - [2024-11-06T08:53:27.720+0000] {dag.py:2941} INFO - Sync 1 DAGs
[2024-11-06T08:53:27.805+0000] {logging_mixin.py:154} INFO - [2024-11-06T08:53:27.805+0000] {dag.py:3722} INFO - Setting next_dagrun for example_dynamic_task_mapping_with_no_taskflow_operators to 2024-11-05T08:53:27.730550+00:00, run_after=2024-11-06T08:53:27.730550+00:00
[2024-11-06T08:53:27.812+0000] {processor.py:179} INFO - Processing /home/airflow/.local/lib/python3.8/site-packages/airflow/example_dags/example_dynamic_task_mapping_with_no_taskflow_operators.py took 0.107 seconds
[2024-11-06T08:53:58.089+0000] {processor.py:157} INFO - Started process (PID=1222) to work on /home/airflow/.local/lib/python3.8/site-packages/airflow/example_dags/example_dynamic_task_mapping_with_no_taskflow_operators.py
[2024-11-06T08:53:58.092+0000] {processor.py:829} INFO - Processing file /home/airflow/.local/lib/python3.8/site-packages/airflow/example_dags/example_dynamic_task_mapping_with_no_taskflow_operators.py for tasks to queue
[2024-11-06T08:53:58.092+0000] {logging_mixin.py:154} INFO - [2024-11-06T08:53:58.092+0000] {dagbag.py:536} INFO - Filling up the DagBag from /home/airflow/.local/lib/python3.8/site-packages/airflow/example_dags/example_dynamic_task_mapping_with_no_taskflow_operators.py
[2024-11-06T08:53:58.095+0000] {processor.py:839} INFO - DAG(s) dict_keys(['example_dynamic_task_mapping_with_no_taskflow_operators']) retrieved from /home/airflow/.local/lib/python3.8/site-packages/airflow/example_dags/example_dynamic_task_mapping_with_no_taskflow_operators.py
[2024-11-06T08:53:58.105+0000] {logging_mixin.py:154} INFO - [2024-11-06T08:53:58.105+0000] {dag.py:2941} INFO - Sync 1 DAGs
[2024-11-06T08:53:58.113+0000] {logging_mixin.py:154} INFO - [2024-11-06T08:53:58.113+0000] {dag.py:3722} INFO - Setting next_dagrun for example_dynamic_task_mapping_with_no_taskflow_operators to 2024-11-05T08:53:58.113453+00:00, run_after=2024-11-06T08:53:58.113453+00:00
[2024-11-06T08:53:58.119+0000] {processor.py:179} INFO - Processing /home/airflow/.local/lib/python3.8/site-packages/airflow/example_dags/example_dynamic_task_mapping_with_no_taskflow_operators.py took 0.032 seconds
[2024-11-06T08:54:29.071+0000] {processor.py:157} INFO - Started process (PID=1276) to work on /home/airflow/.local/lib/python3.8/site-packages/airflow/example_dags/example_dynamic_task_mapping_with_no_taskflow_operators.py
[2024-11-06T08:54:29.071+0000] {processor.py:829} INFO - Processing file /home/airflow/.local/lib/python3.8/site-packages/airflow/example_dags/example_dynamic_task_mapping_with_no_taskflow_operators.py for tasks to queue
[2024-11-06T08:54:29.072+0000] {logging_mixin.py:154} INFO - [2024-11-06T08:54:29.072+0000] {dagbag.py:536} INFO - Filling up the DagBag from /home/airflow/.local/lib/python3.8/site-packages/airflow/example_dags/example_dynamic_task_mapping_with_no_taskflow_operators.py
[2024-11-06T08:54:29.075+0000] {processor.py:839} INFO - DAG(s) dict_keys(['example_dynamic_task_mapping_with_no_taskflow_operators']) retrieved from /home/airflow/.local/lib/python3.8/site-packages/airflow/example_dags/example_dynamic_task_mapping_with_no_taskflow_operators.py
[2024-11-06T08:54:29.083+0000] {logging_mixin.py:154} INFO - [2024-11-06T08:54:29.082+0000] {dag.py:2941} INFO - Sync 1 DAGs
[2024-11-06T08:54:29.091+0000] {logging_mixin.py:154} INFO - [2024-11-06T08:54:29.091+0000] {dag.py:3722} INFO - Setting next_dagrun for example_dynamic_task_mapping_with_no_taskflow_operators to 2024-11-05T08:54:29.091109+00:00, run_after=2024-11-06T08:54:29.091109+00:00
[2024-11-06T08:54:29.097+0000] {processor.py:179} INFO - Processing /home/airflow/.local/lib/python3.8/site-packages/airflow/example_dags/example_dynamic_task_mapping_with_no_taskflow_operators.py took 0.027 seconds
[2024-11-06T08:54:59.786+0000] {processor.py:157} INFO - Started process (PID=1330) to work on /home/airflow/.local/lib/python3.8/site-packages/airflow/example_dags/example_dynamic_task_mapping_with_no_taskflow_operators.py
[2024-11-06T08:54:59.787+0000] {processor.py:829} INFO - Processing file /home/airflow/.local/lib/python3.8/site-packages/airflow/example_dags/example_dynamic_task_mapping_with_no_taskflow_operators.py for tasks to queue
[2024-11-06T08:54:59.788+0000] {logging_mixin.py:154} INFO - [2024-11-06T08:54:59.788+0000] {dagbag.py:536} INFO - Filling up the DagBag from /home/airflow/.local/lib/python3.8/site-packages/airflow/example_dags/example_dynamic_task_mapping_with_no_taskflow_operators.py
[2024-11-06T08:54:59.791+0000] {processor.py:839} INFO - DAG(s) dict_keys(['example_dynamic_task_mapping_with_no_taskflow_operators']) retrieved from /home/airflow/.local/lib/python3.8/site-packages/airflow/example_dags/example_dynamic_task_mapping_with_no_taskflow_operators.py
[2024-11-06T08:54:59.800+0000] {logging_mixin.py:154} INFO - [2024-11-06T08:54:59.800+0000] {dag.py:2941} INFO - Sync 1 DAGs
[2024-11-06T08:54:59.882+0000] {logging_mixin.py:154} INFO - [2024-11-06T08:54:59.882+0000] {dag.py:3722} INFO - Setting next_dagrun for example_dynamic_task_mapping_with_no_taskflow_operators to 2024-11-05T08:54:59.810021+00:00, run_after=2024-11-06T08:54:59.810021+00:00
[2024-11-06T08:54:59.892+0000] {processor.py:179} INFO - Processing /home/airflow/.local/lib/python3.8/site-packages/airflow/example_dags/example_dynamic_task_mapping_with_no_taskflow_operators.py took 0.108 seconds
[2024-11-06T08:55:30.231+0000] {processor.py:157} INFO - Started process (PID=1384) to work on /home/airflow/.local/lib/python3.8/site-packages/airflow/example_dags/example_dynamic_task_mapping_with_no_taskflow_operators.py
[2024-11-06T08:55:30.233+0000] {processor.py:829} INFO - Processing file /home/airflow/.local/lib/python3.8/site-packages/airflow/example_dags/example_dynamic_task_mapping_with_no_taskflow_operators.py for tasks to queue
[2024-11-06T08:55:30.234+0000] {logging_mixin.py:154} INFO - [2024-11-06T08:55:30.233+0000] {dagbag.py:536} INFO - Filling up the DagBag from /home/airflow/.local/lib/python3.8/site-packages/airflow/example_dags/example_dynamic_task_mapping_with_no_taskflow_operators.py
[2024-11-06T08:55:30.236+0000] {processor.py:839} INFO - DAG(s) dict_keys(['example_dynamic_task_mapping_with_no_taskflow_operators']) retrieved from /home/airflow/.local/lib/python3.8/site-packages/airflow/example_dags/example_dynamic_task_mapping_with_no_taskflow_operators.py
[2024-11-06T08:55:30.244+0000] {logging_mixin.py:154} INFO - [2024-11-06T08:55:30.244+0000] {dag.py:2941} INFO - Sync 1 DAGs
[2024-11-06T08:55:30.254+0000] {logging_mixin.py:154} INFO - [2024-11-06T08:55:30.254+0000] {dag.py:3722} INFO - Setting next_dagrun for example_dynamic_task_mapping_with_no_taskflow_operators to 2024-11-05T08:55:30.253860+00:00, run_after=2024-11-06T08:55:30.253860+00:00
[2024-11-06T08:55:30.260+0000] {processor.py:179} INFO - Processing /home/airflow/.local/lib/python3.8/site-packages/airflow/example_dags/example_dynamic_task_mapping_with_no_taskflow_operators.py took 0.031 seconds
[2024-11-06T08:56:01.698+0000] {processor.py:157} INFO - Started process (PID=1438) to work on /home/airflow/.local/lib/python3.8/site-packages/airflow/example_dags/example_dynamic_task_mapping_with_no_taskflow_operators.py
[2024-11-06T08:56:01.698+0000] {processor.py:829} INFO - Processing file /home/airflow/.local/lib/python3.8/site-packages/airflow/example_dags/example_dynamic_task_mapping_with_no_taskflow_operators.py for tasks to queue
[2024-11-06T08:56:01.699+0000] {logging_mixin.py:154} INFO - [2024-11-06T08:56:01.699+0000] {dagbag.py:536} INFO - Filling up the DagBag from /home/airflow/.local/lib/python3.8/site-packages/airflow/example_dags/example_dynamic_task_mapping_with_no_taskflow_operators.py
[2024-11-06T08:56:01.702+0000] {processor.py:839} INFO - DAG(s) dict_keys(['example_dynamic_task_mapping_with_no_taskflow_operators']) retrieved from /home/airflow/.local/lib/python3.8/site-packages/airflow/example_dags/example_dynamic_task_mapping_with_no_taskflow_operators.py
[2024-11-06T08:56:01.787+0000] {logging_mixin.py:154} INFO - [2024-11-06T08:56:01.786+0000] {dag.py:2941} INFO - Sync 1 DAGs
[2024-11-06T08:56:01.795+0000] {logging_mixin.py:154} INFO - [2024-11-06T08:56:01.794+0000] {dag.py:3722} INFO - Setting next_dagrun for example_dynamic_task_mapping_with_no_taskflow_operators to 2024-11-05T08:56:01.794845+00:00, run_after=2024-11-06T08:56:01.794845+00:00
[2024-11-06T08:56:01.801+0000] {processor.py:179} INFO - Processing /home/airflow/.local/lib/python3.8/site-packages/airflow/example_dags/example_dynamic_task_mapping_with_no_taskflow_operators.py took 0.104 seconds
[2024-11-06T08:56:32.439+0000] {processor.py:157} INFO - Started process (PID=1492) to work on /home/airflow/.local/lib/python3.8/site-packages/airflow/example_dags/example_dynamic_task_mapping_with_no_taskflow_operators.py
[2024-11-06T08:56:32.439+0000] {processor.py:829} INFO - Processing file /home/airflow/.local/lib/python3.8/site-packages/airflow/example_dags/example_dynamic_task_mapping_with_no_taskflow_operators.py for tasks to queue
[2024-11-06T08:56:32.440+0000] {logging_mixin.py:154} INFO - [2024-11-06T08:56:32.440+0000] {dagbag.py:536} INFO - Filling up the DagBag from /home/airflow/.local/lib/python3.8/site-packages/airflow/example_dags/example_dynamic_task_mapping_with_no_taskflow_operators.py
[2024-11-06T08:56:32.443+0000] {processor.py:839} INFO - DAG(s) dict_keys(['example_dynamic_task_mapping_with_no_taskflow_operators']) retrieved from /home/airflow/.local/lib/python3.8/site-packages/airflow/example_dags/example_dynamic_task_mapping_with_no_taskflow_operators.py
[2024-11-06T08:56:32.452+0000] {logging_mixin.py:154} INFO - [2024-11-06T08:56:32.452+0000] {dag.py:2941} INFO - Sync 1 DAGs
[2024-11-06T08:56:32.536+0000] {logging_mixin.py:154} INFO - [2024-11-06T08:56:32.536+0000] {dag.py:3722} INFO - Setting next_dagrun for example_dynamic_task_mapping_with_no_taskflow_operators to 2024-11-05T08:56:32.536309+00:00, run_after=2024-11-06T08:56:32.536309+00:00
[2024-11-06T08:56:32.545+0000] {processor.py:179} INFO - Processing /home/airflow/.local/lib/python3.8/site-packages/airflow/example_dags/example_dynamic_task_mapping_with_no_taskflow_operators.py took 0.108 seconds
[2024-11-06T08:57:02.576+0000] {processor.py:157} INFO - Started process (PID=1546) to work on /home/airflow/.local/lib/python3.8/site-packages/airflow/example_dags/example_dynamic_task_mapping_with_no_taskflow_operators.py
[2024-11-06T08:57:02.576+0000] {processor.py:829} INFO - Processing file /home/airflow/.local/lib/python3.8/site-packages/airflow/example_dags/example_dynamic_task_mapping_with_no_taskflow_operators.py for tasks to queue
[2024-11-06T08:57:02.579+0000] {logging_mixin.py:154} INFO - [2024-11-06T08:57:02.579+0000] {dagbag.py:536} INFO - Filling up the DagBag from /home/airflow/.local/lib/python3.8/site-packages/airflow/example_dags/example_dynamic_task_mapping_with_no_taskflow_operators.py
[2024-11-06T08:57:02.582+0000] {processor.py:839} INFO - DAG(s) dict_keys(['example_dynamic_task_mapping_with_no_taskflow_operators']) retrieved from /home/airflow/.local/lib/python3.8/site-packages/airflow/example_dags/example_dynamic_task_mapping_with_no_taskflow_operators.py
[2024-11-06T08:57:02.590+0000] {logging_mixin.py:154} INFO - [2024-11-06T08:57:02.590+0000] {dag.py:2941} INFO - Sync 1 DAGs
[2024-11-06T08:57:02.601+0000] {logging_mixin.py:154} INFO - [2024-11-06T08:57:02.601+0000] {dag.py:3722} INFO - Setting next_dagrun for example_dynamic_task_mapping_with_no_taskflow_operators to 2024-11-05T08:57:02.600998+00:00, run_after=2024-11-06T08:57:02.600998+00:00
[2024-11-06T08:57:02.609+0000] {processor.py:179} INFO - Processing /home/airflow/.local/lib/python3.8/site-packages/airflow/example_dags/example_dynamic_task_mapping_with_no_taskflow_operators.py took 0.035 seconds
[2024-11-06T08:57:33.305+0000] {processor.py:157} INFO - Started process (PID=1600) to work on /home/airflow/.local/lib/python3.8/site-packages/airflow/example_dags/example_dynamic_task_mapping_with_no_taskflow_operators.py
[2024-11-06T08:57:33.306+0000] {processor.py:829} INFO - Processing file /home/airflow/.local/lib/python3.8/site-packages/airflow/example_dags/example_dynamic_task_mapping_with_no_taskflow_operators.py for tasks to queue
[2024-11-06T08:57:33.307+0000] {logging_mixin.py:154} INFO - [2024-11-06T08:57:33.307+0000] {dagbag.py:536} INFO - Filling up the DagBag from /home/airflow/.local/lib/python3.8/site-packages/airflow/example_dags/example_dynamic_task_mapping_with_no_taskflow_operators.py
[2024-11-06T08:57:33.310+0000] {processor.py:839} INFO - DAG(s) dict_keys(['example_dynamic_task_mapping_with_no_taskflow_operators']) retrieved from /home/airflow/.local/lib/python3.8/site-packages/airflow/example_dags/example_dynamic_task_mapping_with_no_taskflow_operators.py
[2024-11-06T08:57:33.396+0000] {logging_mixin.py:154} INFO - [2024-11-06T08:57:33.396+0000] {dag.py:2941} INFO - Sync 1 DAGs
[2024-11-06T08:57:33.409+0000] {logging_mixin.py:154} INFO - [2024-11-06T08:57:33.408+0000] {dag.py:3722} INFO - Setting next_dagrun for example_dynamic_task_mapping_with_no_taskflow_operators to 2024-11-05T08:57:33.408800+00:00, run_after=2024-11-06T08:57:33.408800+00:00
[2024-11-06T08:57:33.415+0000] {processor.py:179} INFO - Processing /home/airflow/.local/lib/python3.8/site-packages/airflow/example_dags/example_dynamic_task_mapping_with_no_taskflow_operators.py took 0.111 seconds
[2024-11-06T08:58:04.008+0000] {processor.py:157} INFO - Started process (PID=1653) to work on /home/airflow/.local/lib/python3.8/site-packages/airflow/example_dags/example_dynamic_task_mapping_with_no_taskflow_operators.py
[2024-11-06T08:58:04.009+0000] {processor.py:829} INFO - Processing file /home/airflow/.local/lib/python3.8/site-packages/airflow/example_dags/example_dynamic_task_mapping_with_no_taskflow_operators.py for tasks to queue
[2024-11-06T08:58:04.010+0000] {logging_mixin.py:154} INFO - [2024-11-06T08:58:04.010+0000] {dagbag.py:536} INFO - Filling up the DagBag from /home/airflow/.local/lib/python3.8/site-packages/airflow/example_dags/example_dynamic_task_mapping_with_no_taskflow_operators.py
[2024-11-06T08:58:04.013+0000] {processor.py:839} INFO - DAG(s) dict_keys(['example_dynamic_task_mapping_with_no_taskflow_operators']) retrieved from /home/airflow/.local/lib/python3.8/site-packages/airflow/example_dags/example_dynamic_task_mapping_with_no_taskflow_operators.py
[2024-11-06T08:58:04.022+0000] {logging_mixin.py:154} INFO - [2024-11-06T08:58:04.021+0000] {dag.py:2941} INFO - Sync 1 DAGs
[2024-11-06T08:58:04.034+0000] {logging_mixin.py:154} INFO - [2024-11-06T08:58:04.034+0000] {dag.py:3722} INFO - Setting next_dagrun for example_dynamic_task_mapping_with_no_taskflow_operators to 2024-11-05T08:58:04.034546+00:00, run_after=2024-11-06T08:58:04.034546+00:00
[2024-11-06T08:58:04.121+0000] {processor.py:179} INFO - Processing /home/airflow/.local/lib/python3.8/site-packages/airflow/example_dags/example_dynamic_task_mapping_with_no_taskflow_operators.py took 0.114 seconds
[2024-11-06T08:58:34.537+0000] {processor.py:157} INFO - Started process (PID=1707) to work on /home/airflow/.local/lib/python3.8/site-packages/airflow/example_dags/example_dynamic_task_mapping_with_no_taskflow_operators.py
[2024-11-06T08:58:34.538+0000] {processor.py:829} INFO - Processing file /home/airflow/.local/lib/python3.8/site-packages/airflow/example_dags/example_dynamic_task_mapping_with_no_taskflow_operators.py for tasks to queue
[2024-11-06T08:58:34.539+0000] {logging_mixin.py:154} INFO - [2024-11-06T08:58:34.539+0000] {dagbag.py:536} INFO - Filling up the DagBag from /home/airflow/.local/lib/python3.8/site-packages/airflow/example_dags/example_dynamic_task_mapping_with_no_taskflow_operators.py
[2024-11-06T08:58:34.543+0000] {processor.py:839} INFO - DAG(s) dict_keys(['example_dynamic_task_mapping_with_no_taskflow_operators']) retrieved from /home/airflow/.local/lib/python3.8/site-packages/airflow/example_dags/example_dynamic_task_mapping_with_no_taskflow_operators.py
[2024-11-06T08:58:34.551+0000] {logging_mixin.py:154} INFO - [2024-11-06T08:58:34.551+0000] {dag.py:2941} INFO - Sync 1 DAGs
[2024-11-06T08:58:34.559+0000] {logging_mixin.py:154} INFO - [2024-11-06T08:58:34.559+0000] {dag.py:3722} INFO - Setting next_dagrun for example_dynamic_task_mapping_with_no_taskflow_operators to 2024-11-05T08:58:34.559368+00:00, run_after=2024-11-06T08:58:34.559368+00:00
[2024-11-06T08:58:34.567+0000] {processor.py:179} INFO - Processing /home/airflow/.local/lib/python3.8/site-packages/airflow/example_dags/example_dynamic_task_mapping_with_no_taskflow_operators.py took 0.032 seconds
[2024-11-06T09:17:57.740+0000] {processor.py:157} INFO - Started process (PID=1752) to work on /home/airflow/.local/lib/python3.8/site-packages/airflow/example_dags/example_dynamic_task_mapping_with_no_taskflow_operators.py
[2024-11-06T09:17:57.740+0000] {processor.py:829} INFO - Processing file /home/airflow/.local/lib/python3.8/site-packages/airflow/example_dags/example_dynamic_task_mapping_with_no_taskflow_operators.py for tasks to queue
[2024-11-06T09:17:57.742+0000] {logging_mixin.py:154} INFO - [2024-11-06T09:17:57.742+0000] {dagbag.py:536} INFO - Filling up the DagBag from /home/airflow/.local/lib/python3.8/site-packages/airflow/example_dags/example_dynamic_task_mapping_with_no_taskflow_operators.py
[2024-11-06T09:17:57.745+0000] {processor.py:839} INFO - DAG(s) dict_keys(['example_dynamic_task_mapping_with_no_taskflow_operators']) retrieved from /home/airflow/.local/lib/python3.8/site-packages/airflow/example_dags/example_dynamic_task_mapping_with_no_taskflow_operators.py
[2024-11-06T09:17:57.759+0000] {logging_mixin.py:154} INFO - [2024-11-06T09:17:57.758+0000] {dag.py:2941} INFO - Sync 1 DAGs
[2024-11-06T09:17:57.767+0000] {logging_mixin.py:154} INFO - [2024-11-06T09:17:57.767+0000] {dag.py:3722} INFO - Setting next_dagrun for example_dynamic_task_mapping_with_no_taskflow_operators to 2024-11-05T09:17:57.767487+00:00, run_after=2024-11-06T09:17:57.767487+00:00
[2024-11-06T09:17:57.776+0000] {processor.py:179} INFO - Processing /home/airflow/.local/lib/python3.8/site-packages/airflow/example_dags/example_dynamic_task_mapping_with_no_taskflow_operators.py took 0.038 seconds
[2024-11-06T09:29:44.345+0000] {processor.py:157} INFO - Started process (PID=1806) to work on /home/airflow/.local/lib/python3.8/site-packages/airflow/example_dags/example_dynamic_task_mapping_with_no_taskflow_operators.py
[2024-11-06T09:29:44.346+0000] {processor.py:829} INFO - Processing file /home/airflow/.local/lib/python3.8/site-packages/airflow/example_dags/example_dynamic_task_mapping_with_no_taskflow_operators.py for tasks to queue
[2024-11-06T09:29:44.350+0000] {logging_mixin.py:154} INFO - [2024-11-06T09:29:44.349+0000] {dagbag.py:536} INFO - Filling up the DagBag from /home/airflow/.local/lib/python3.8/site-packages/airflow/example_dags/example_dynamic_task_mapping_with_no_taskflow_operators.py
[2024-11-06T09:29:44.355+0000] {processor.py:839} INFO - DAG(s) dict_keys(['example_dynamic_task_mapping_with_no_taskflow_operators']) retrieved from /home/airflow/.local/lib/python3.8/site-packages/airflow/example_dags/example_dynamic_task_mapping_with_no_taskflow_operators.py
[2024-11-06T09:29:44.375+0000] {logging_mixin.py:154} INFO - [2024-11-06T09:29:44.375+0000] {dag.py:2941} INFO - Sync 1 DAGs
[2024-11-06T09:29:44.394+0000] {logging_mixin.py:154} INFO - [2024-11-06T09:29:44.394+0000] {dag.py:3722} INFO - Setting next_dagrun for example_dynamic_task_mapping_with_no_taskflow_operators to 2024-11-05T09:29:44.394326+00:00, run_after=2024-11-06T09:29:44.394326+00:00
[2024-11-06T09:29:44.415+0000] {processor.py:179} INFO - Processing /home/airflow/.local/lib/python3.8/site-packages/airflow/example_dags/example_dynamic_task_mapping_with_no_taskflow_operators.py took 0.073 seconds
[2024-11-06T10:28:14.031+0000] {processor.py:157} INFO - Started process (PID=1860) to work on /home/airflow/.local/lib/python3.8/site-packages/airflow/example_dags/example_dynamic_task_mapping_with_no_taskflow_operators.py
[2024-11-06T10:28:14.035+0000] {processor.py:829} INFO - Processing file /home/airflow/.local/lib/python3.8/site-packages/airflow/example_dags/example_dynamic_task_mapping_with_no_taskflow_operators.py for tasks to queue
[2024-11-06T10:28:14.037+0000] {logging_mixin.py:154} INFO - [2024-11-06T10:28:14.037+0000] {dagbag.py:536} INFO - Filling up the DagBag from /home/airflow/.local/lib/python3.8/site-packages/airflow/example_dags/example_dynamic_task_mapping_with_no_taskflow_operators.py
[2024-11-06T10:28:14.041+0000] {processor.py:839} INFO - DAG(s) dict_keys(['example_dynamic_task_mapping_with_no_taskflow_operators']) retrieved from /home/airflow/.local/lib/python3.8/site-packages/airflow/example_dags/example_dynamic_task_mapping_with_no_taskflow_operators.py
[2024-11-06T10:28:14.051+0000] {logging_mixin.py:154} INFO - [2024-11-06T10:28:14.051+0000] {dag.py:2941} INFO - Sync 1 DAGs
[2024-11-06T10:28:14.060+0000] {logging_mixin.py:154} INFO - [2024-11-06T10:28:14.060+0000] {dag.py:3722} INFO - Setting next_dagrun for example_dynamic_task_mapping_with_no_taskflow_operators to 2024-11-05T10:28:14.060146+00:00, run_after=2024-11-06T10:28:14.060146+00:00
[2024-11-06T10:28:14.071+0000] {processor.py:179} INFO - Processing /home/airflow/.local/lib/python3.8/site-packages/airflow/example_dags/example_dynamic_task_mapping_with_no_taskflow_operators.py took 0.042 seconds
[2024-11-06T11:31:04.098+0000] {processor.py:157} INFO - Started process (PID=1914) to work on /home/airflow/.local/lib/python3.8/site-packages/airflow/example_dags/example_dynamic_task_mapping_with_no_taskflow_operators.py
[2024-11-06T11:31:04.099+0000] {processor.py:829} INFO - Processing file /home/airflow/.local/lib/python3.8/site-packages/airflow/example_dags/example_dynamic_task_mapping_with_no_taskflow_operators.py for tasks to queue
[2024-11-06T11:31:04.100+0000] {logging_mixin.py:154} INFO - [2024-11-06T11:31:04.100+0000] {dagbag.py:536} INFO - Filling up the DagBag from /home/airflow/.local/lib/python3.8/site-packages/airflow/example_dags/example_dynamic_task_mapping_with_no_taskflow_operators.py
[2024-11-06T11:31:04.103+0000] {processor.py:839} INFO - DAG(s) dict_keys(['example_dynamic_task_mapping_with_no_taskflow_operators']) retrieved from /home/airflow/.local/lib/python3.8/site-packages/airflow/example_dags/example_dynamic_task_mapping_with_no_taskflow_operators.py
[2024-11-06T11:31:04.113+0000] {logging_mixin.py:154} INFO - [2024-11-06T11:31:04.113+0000] {dag.py:2941} INFO - Sync 1 DAGs
[2024-11-06T11:31:04.122+0000] {logging_mixin.py:154} INFO - [2024-11-06T11:31:04.122+0000] {dag.py:3722} INFO - Setting next_dagrun for example_dynamic_task_mapping_with_no_taskflow_operators to 2024-11-05T11:31:04.122054+00:00, run_after=2024-11-06T11:31:04.122054+00:00
[2024-11-06T11:31:04.129+0000] {processor.py:179} INFO - Processing /home/airflow/.local/lib/python3.8/site-packages/airflow/example_dags/example_dynamic_task_mapping_with_no_taskflow_operators.py took 0.033 seconds
[2024-11-06T11:59:50.623+0000] {processor.py:157} INFO - Started process (PID=1968) to work on /home/airflow/.local/lib/python3.8/site-packages/airflow/example_dags/example_dynamic_task_mapping_with_no_taskflow_operators.py
[2024-11-06T11:59:50.625+0000] {processor.py:829} INFO - Processing file /home/airflow/.local/lib/python3.8/site-packages/airflow/example_dags/example_dynamic_task_mapping_with_no_taskflow_operators.py for tasks to queue
[2024-11-06T11:59:50.626+0000] {logging_mixin.py:154} INFO - [2024-11-06T11:59:50.626+0000] {dagbag.py:536} INFO - Filling up the DagBag from /home/airflow/.local/lib/python3.8/site-packages/airflow/example_dags/example_dynamic_task_mapping_with_no_taskflow_operators.py
[2024-11-06T11:59:50.630+0000] {processor.py:839} INFO - DAG(s) dict_keys(['example_dynamic_task_mapping_with_no_taskflow_operators']) retrieved from /home/airflow/.local/lib/python3.8/site-packages/airflow/example_dags/example_dynamic_task_mapping_with_no_taskflow_operators.py
[2024-11-06T11:59:50.639+0000] {logging_mixin.py:154} INFO - [2024-11-06T11:59:50.639+0000] {dag.py:2941} INFO - Sync 1 DAGs
[2024-11-06T11:59:50.648+0000] {logging_mixin.py:154} INFO - [2024-11-06T11:59:50.648+0000] {dag.py:3722} INFO - Setting next_dagrun for example_dynamic_task_mapping_with_no_taskflow_operators to 2024-11-05T11:59:50.648091+00:00, run_after=2024-11-06T11:59:50.648091+00:00
[2024-11-06T11:59:50.655+0000] {processor.py:179} INFO - Processing /home/airflow/.local/lib/python3.8/site-packages/airflow/example_dags/example_dynamic_task_mapping_with_no_taskflow_operators.py took 0.034 seconds
[2024-11-06T12:50:48.227+0000] {processor.py:157} INFO - Started process (PID=2022) to work on /home/airflow/.local/lib/python3.8/site-packages/airflow/example_dags/example_dynamic_task_mapping_with_no_taskflow_operators.py
[2024-11-06T12:50:48.228+0000] {processor.py:829} INFO - Processing file /home/airflow/.local/lib/python3.8/site-packages/airflow/example_dags/example_dynamic_task_mapping_with_no_taskflow_operators.py for tasks to queue
[2024-11-06T12:50:48.230+0000] {logging_mixin.py:154} INFO - [2024-11-06T12:50:48.230+0000] {dagbag.py:536} INFO - Filling up the DagBag from /home/airflow/.local/lib/python3.8/site-packages/airflow/example_dags/example_dynamic_task_mapping_with_no_taskflow_operators.py
[2024-11-06T12:50:48.234+0000] {processor.py:839} INFO - DAG(s) dict_keys(['example_dynamic_task_mapping_with_no_taskflow_operators']) retrieved from /home/airflow/.local/lib/python3.8/site-packages/airflow/example_dags/example_dynamic_task_mapping_with_no_taskflow_operators.py
[2024-11-06T12:50:48.242+0000] {logging_mixin.py:154} INFO - [2024-11-06T12:50:48.242+0000] {dag.py:2941} INFO - Sync 1 DAGs
[2024-11-06T12:50:48.253+0000] {logging_mixin.py:154} INFO - [2024-11-06T12:50:48.253+0000] {dag.py:3722} INFO - Setting next_dagrun for example_dynamic_task_mapping_with_no_taskflow_operators to 2024-11-05T12:50:48.253014+00:00, run_after=2024-11-06T12:50:48.253014+00:00
[2024-11-06T12:50:48.261+0000] {processor.py:179} INFO - Processing /home/airflow/.local/lib/python3.8/site-packages/airflow/example_dags/example_dynamic_task_mapping_with_no_taskflow_operators.py took 0.035 seconds
[2024-11-06T12:52:35.894+0000] {processor.py:157} INFO - Started process (PID=2076) to work on /home/airflow/.local/lib/python3.8/site-packages/airflow/example_dags/example_dynamic_task_mapping_with_no_taskflow_operators.py
[2024-11-06T12:52:35.895+0000] {processor.py:829} INFO - Processing file /home/airflow/.local/lib/python3.8/site-packages/airflow/example_dags/example_dynamic_task_mapping_with_no_taskflow_operators.py for tasks to queue
[2024-11-06T12:52:35.896+0000] {logging_mixin.py:154} INFO - [2024-11-06T12:52:35.896+0000] {dagbag.py:536} INFO - Filling up the DagBag from /home/airflow/.local/lib/python3.8/site-packages/airflow/example_dags/example_dynamic_task_mapping_with_no_taskflow_operators.py
[2024-11-06T12:52:35.900+0000] {processor.py:839} INFO - DAG(s) dict_keys(['example_dynamic_task_mapping_with_no_taskflow_operators']) retrieved from /home/airflow/.local/lib/python3.8/site-packages/airflow/example_dags/example_dynamic_task_mapping_with_no_taskflow_operators.py
[2024-11-06T12:52:35.912+0000] {logging_mixin.py:154} INFO - [2024-11-06T12:52:35.912+0000] {dag.py:2941} INFO - Sync 1 DAGs
[2024-11-06T12:52:35.921+0000] {logging_mixin.py:154} INFO - [2024-11-06T12:52:35.921+0000] {dag.py:3722} INFO - Setting next_dagrun for example_dynamic_task_mapping_with_no_taskflow_operators to 2024-11-05T12:52:35.921602+00:00, run_after=2024-11-06T12:52:35.921602+00:00
[2024-11-06T12:52:35.932+0000] {processor.py:179} INFO - Processing /home/airflow/.local/lib/python3.8/site-packages/airflow/example_dags/example_dynamic_task_mapping_with_no_taskflow_operators.py took 0.040 seconds
[2024-11-06T13:07:17.285+0000] {processor.py:157} INFO - Started process (PID=2130) to work on /home/airflow/.local/lib/python3.8/site-packages/airflow/example_dags/example_dynamic_task_mapping_with_no_taskflow_operators.py
[2024-11-06T13:07:17.286+0000] {processor.py:829} INFO - Processing file /home/airflow/.local/lib/python3.8/site-packages/airflow/example_dags/example_dynamic_task_mapping_with_no_taskflow_operators.py for tasks to queue
[2024-11-06T13:07:17.287+0000] {logging_mixin.py:154} INFO - [2024-11-06T13:07:17.287+0000] {dagbag.py:536} INFO - Filling up the DagBag from /home/airflow/.local/lib/python3.8/site-packages/airflow/example_dags/example_dynamic_task_mapping_with_no_taskflow_operators.py
[2024-11-06T13:07:17.290+0000] {processor.py:839} INFO - DAG(s) dict_keys(['example_dynamic_task_mapping_with_no_taskflow_operators']) retrieved from /home/airflow/.local/lib/python3.8/site-packages/airflow/example_dags/example_dynamic_task_mapping_with_no_taskflow_operators.py
[2024-11-06T13:07:17.299+0000] {logging_mixin.py:154} INFO - [2024-11-06T13:07:17.299+0000] {dag.py:2941} INFO - Sync 1 DAGs
[2024-11-06T13:07:17.309+0000] {logging_mixin.py:154} INFO - [2024-11-06T13:07:17.309+0000] {dag.py:3722} INFO - Setting next_dagrun for example_dynamic_task_mapping_with_no_taskflow_operators to 2024-11-05T13:07:17.309064+00:00, run_after=2024-11-06T13:07:17.309064+00:00
[2024-11-06T13:07:17.315+0000] {processor.py:179} INFO - Processing /home/airflow/.local/lib/python3.8/site-packages/airflow/example_dags/example_dynamic_task_mapping_with_no_taskflow_operators.py took 0.031 seconds
[2024-11-06T13:47:32.225+0000] {processor.py:157} INFO - Started process (PID=2184) to work on /home/airflow/.local/lib/python3.8/site-packages/airflow/example_dags/example_dynamic_task_mapping_with_no_taskflow_operators.py
[2024-11-06T13:47:32.228+0000] {processor.py:829} INFO - Processing file /home/airflow/.local/lib/python3.8/site-packages/airflow/example_dags/example_dynamic_task_mapping_with_no_taskflow_operators.py for tasks to queue
[2024-11-06T13:47:32.229+0000] {logging_mixin.py:154} INFO - [2024-11-06T13:47:32.228+0000] {dagbag.py:536} INFO - Filling up the DagBag from /home/airflow/.local/lib/python3.8/site-packages/airflow/example_dags/example_dynamic_task_mapping_with_no_taskflow_operators.py
[2024-11-06T13:47:32.232+0000] {processor.py:839} INFO - DAG(s) dict_keys(['example_dynamic_task_mapping_with_no_taskflow_operators']) retrieved from /home/airflow/.local/lib/python3.8/site-packages/airflow/example_dags/example_dynamic_task_mapping_with_no_taskflow_operators.py
[2024-11-06T13:47:32.243+0000] {logging_mixin.py:154} INFO - [2024-11-06T13:47:32.243+0000] {dag.py:2941} INFO - Sync 1 DAGs
[2024-11-06T13:47:32.252+0000] {logging_mixin.py:154} INFO - [2024-11-06T13:47:32.252+0000] {dag.py:3722} INFO - Setting next_dagrun for example_dynamic_task_mapping_with_no_taskflow_operators to 2024-11-05T13:47:32.252242+00:00, run_after=2024-11-06T13:47:32.252242+00:00
[2024-11-06T13:47:32.260+0000] {processor.py:179} INFO - Processing /home/airflow/.local/lib/python3.8/site-packages/airflow/example_dags/example_dynamic_task_mapping_with_no_taskflow_operators.py took 0.036 seconds
[2024-11-06T13:55:17.796+0000] {processor.py:157} INFO - Started process (PID=2238) to work on /home/airflow/.local/lib/python3.8/site-packages/airflow/example_dags/example_dynamic_task_mapping_with_no_taskflow_operators.py
[2024-11-06T13:55:17.796+0000] {processor.py:829} INFO - Processing file /home/airflow/.local/lib/python3.8/site-packages/airflow/example_dags/example_dynamic_task_mapping_with_no_taskflow_operators.py for tasks to queue
[2024-11-06T13:55:17.797+0000] {logging_mixin.py:154} INFO - [2024-11-06T13:55:17.797+0000] {dagbag.py:536} INFO - Filling up the DagBag from /home/airflow/.local/lib/python3.8/site-packages/airflow/example_dags/example_dynamic_task_mapping_with_no_taskflow_operators.py
[2024-11-06T13:55:17.800+0000] {processor.py:839} INFO - DAG(s) dict_keys(['example_dynamic_task_mapping_with_no_taskflow_operators']) retrieved from /home/airflow/.local/lib/python3.8/site-packages/airflow/example_dags/example_dynamic_task_mapping_with_no_taskflow_operators.py
[2024-11-06T13:55:17.810+0000] {logging_mixin.py:154} INFO - [2024-11-06T13:55:17.810+0000] {dag.py:2941} INFO - Sync 1 DAGs
[2024-11-06T13:55:17.818+0000] {logging_mixin.py:154} INFO - [2024-11-06T13:55:17.818+0000] {dag.py:3722} INFO - Setting next_dagrun for example_dynamic_task_mapping_with_no_taskflow_operators to 2024-11-05T13:55:17.818625+00:00, run_after=2024-11-06T13:55:17.818625+00:00
[2024-11-06T13:55:17.830+0000] {processor.py:179} INFO - Processing /home/airflow/.local/lib/python3.8/site-packages/airflow/example_dags/example_dynamic_task_mapping_with_no_taskflow_operators.py took 0.036 seconds
[2024-11-06T14:00:22.583+0000] {processor.py:157} INFO - Started process (PID=2292) to work on /home/airflow/.local/lib/python3.8/site-packages/airflow/example_dags/example_dynamic_task_mapping_with_no_taskflow_operators.py
[2024-11-06T14:00:22.584+0000] {processor.py:829} INFO - Processing file /home/airflow/.local/lib/python3.8/site-packages/airflow/example_dags/example_dynamic_task_mapping_with_no_taskflow_operators.py for tasks to queue
[2024-11-06T14:00:22.586+0000] {logging_mixin.py:154} INFO - [2024-11-06T14:00:22.586+0000] {dagbag.py:536} INFO - Filling up the DagBag from /home/airflow/.local/lib/python3.8/site-packages/airflow/example_dags/example_dynamic_task_mapping_with_no_taskflow_operators.py
[2024-11-06T14:00:22.590+0000] {processor.py:839} INFO - DAG(s) dict_keys(['example_dynamic_task_mapping_with_no_taskflow_operators']) retrieved from /home/airflow/.local/lib/python3.8/site-packages/airflow/example_dags/example_dynamic_task_mapping_with_no_taskflow_operators.py
[2024-11-06T14:00:22.600+0000] {logging_mixin.py:154} INFO - [2024-11-06T14:00:22.600+0000] {dag.py:2941} INFO - Sync 1 DAGs
[2024-11-06T14:00:22.611+0000] {logging_mixin.py:154} INFO - [2024-11-06T14:00:22.610+0000] {dag.py:3722} INFO - Setting next_dagrun for example_dynamic_task_mapping_with_no_taskflow_operators to 2024-11-05T14:00:22.610876+00:00, run_after=2024-11-06T14:00:22.610876+00:00
[2024-11-06T14:00:22.620+0000] {processor.py:179} INFO - Processing /home/airflow/.local/lib/python3.8/site-packages/airflow/example_dags/example_dynamic_task_mapping_with_no_taskflow_operators.py took 0.039 seconds
[2024-11-06T14:05:42.593+0000] {processor.py:157} INFO - Started process (PID=2346) to work on /home/airflow/.local/lib/python3.8/site-packages/airflow/example_dags/example_dynamic_task_mapping_with_no_taskflow_operators.py
[2024-11-06T14:05:42.595+0000] {processor.py:829} INFO - Processing file /home/airflow/.local/lib/python3.8/site-packages/airflow/example_dags/example_dynamic_task_mapping_with_no_taskflow_operators.py for tasks to queue
[2024-11-06T14:05:42.596+0000] {logging_mixin.py:154} INFO - [2024-11-06T14:05:42.596+0000] {dagbag.py:536} INFO - Filling up the DagBag from /home/airflow/.local/lib/python3.8/site-packages/airflow/example_dags/example_dynamic_task_mapping_with_no_taskflow_operators.py
[2024-11-06T14:05:42.600+0000] {processor.py:839} INFO - DAG(s) dict_keys(['example_dynamic_task_mapping_with_no_taskflow_operators']) retrieved from /home/airflow/.local/lib/python3.8/site-packages/airflow/example_dags/example_dynamic_task_mapping_with_no_taskflow_operators.py
[2024-11-06T14:05:42.610+0000] {logging_mixin.py:154} INFO - [2024-11-06T14:05:42.610+0000] {dag.py:2941} INFO - Sync 1 DAGs
[2024-11-06T14:05:42.622+0000] {logging_mixin.py:154} INFO - [2024-11-06T14:05:42.622+0000] {dag.py:3722} INFO - Setting next_dagrun for example_dynamic_task_mapping_with_no_taskflow_operators to 2024-11-05T14:05:42.622438+00:00, run_after=2024-11-06T14:05:42.622438+00:00
[2024-11-06T14:05:42.634+0000] {processor.py:179} INFO - Processing /home/airflow/.local/lib/python3.8/site-packages/airflow/example_dags/example_dynamic_task_mapping_with_no_taskflow_operators.py took 0.043 seconds
[2024-11-06T14:09:57.037+0000] {processor.py:157} INFO - Started process (PID=2400) to work on /home/airflow/.local/lib/python3.8/site-packages/airflow/example_dags/example_dynamic_task_mapping_with_no_taskflow_operators.py
[2024-11-06T14:09:57.038+0000] {processor.py:829} INFO - Processing file /home/airflow/.local/lib/python3.8/site-packages/airflow/example_dags/example_dynamic_task_mapping_with_no_taskflow_operators.py for tasks to queue
[2024-11-06T14:09:57.040+0000] {logging_mixin.py:154} INFO - [2024-11-06T14:09:57.039+0000] {dagbag.py:536} INFO - Filling up the DagBag from /home/airflow/.local/lib/python3.8/site-packages/airflow/example_dags/example_dynamic_task_mapping_with_no_taskflow_operators.py
[2024-11-06T14:09:57.043+0000] {processor.py:839} INFO - DAG(s) dict_keys(['example_dynamic_task_mapping_with_no_taskflow_operators']) retrieved from /home/airflow/.local/lib/python3.8/site-packages/airflow/example_dags/example_dynamic_task_mapping_with_no_taskflow_operators.py
[2024-11-06T14:09:57.053+0000] {logging_mixin.py:154} INFO - [2024-11-06T14:09:57.053+0000] {dag.py:2941} INFO - Sync 1 DAGs
[2024-11-06T14:09:57.064+0000] {logging_mixin.py:154} INFO - [2024-11-06T14:09:57.064+0000] {dag.py:3722} INFO - Setting next_dagrun for example_dynamic_task_mapping_with_no_taskflow_operators to 2024-11-05T14:09:57.064161+00:00, run_after=2024-11-06T14:09:57.064161+00:00
[2024-11-06T14:09:57.074+0000] {processor.py:179} INFO - Processing /home/airflow/.local/lib/python3.8/site-packages/airflow/example_dags/example_dynamic_task_mapping_with_no_taskflow_operators.py took 0.039 seconds
[2024-11-06T14:16:58.047+0000] {processor.py:157} INFO - Started process (PID=2454) to work on /home/airflow/.local/lib/python3.8/site-packages/airflow/example_dags/example_dynamic_task_mapping_with_no_taskflow_operators.py
[2024-11-06T14:16:58.047+0000] {processor.py:829} INFO - Processing file /home/airflow/.local/lib/python3.8/site-packages/airflow/example_dags/example_dynamic_task_mapping_with_no_taskflow_operators.py for tasks to queue
[2024-11-06T14:16:58.048+0000] {logging_mixin.py:154} INFO - [2024-11-06T14:16:58.048+0000] {dagbag.py:536} INFO - Filling up the DagBag from /home/airflow/.local/lib/python3.8/site-packages/airflow/example_dags/example_dynamic_task_mapping_with_no_taskflow_operators.py
[2024-11-06T14:16:58.051+0000] {processor.py:839} INFO - DAG(s) dict_keys(['example_dynamic_task_mapping_with_no_taskflow_operators']) retrieved from /home/airflow/.local/lib/python3.8/site-packages/airflow/example_dags/example_dynamic_task_mapping_with_no_taskflow_operators.py
[2024-11-06T14:16:58.062+0000] {logging_mixin.py:154} INFO - [2024-11-06T14:16:58.062+0000] {dag.py:2941} INFO - Sync 1 DAGs
[2024-11-06T14:16:58.071+0000] {logging_mixin.py:154} INFO - [2024-11-06T14:16:58.071+0000] {dag.py:3722} INFO - Setting next_dagrun for example_dynamic_task_mapping_with_no_taskflow_operators to 2024-11-05T14:16:58.071111+00:00, run_after=2024-11-06T14:16:58.071111+00:00
[2024-11-06T14:16:58.077+0000] {processor.py:179} INFO - Processing /home/airflow/.local/lib/python3.8/site-packages/airflow/example_dags/example_dynamic_task_mapping_with_no_taskflow_operators.py took 0.032 seconds
[2024-11-06T14:23:15.682+0000] {processor.py:157} INFO - Started process (PID=2508) to work on /home/airflow/.local/lib/python3.8/site-packages/airflow/example_dags/example_dynamic_task_mapping_with_no_taskflow_operators.py
[2024-11-06T14:23:15.683+0000] {processor.py:829} INFO - Processing file /home/airflow/.local/lib/python3.8/site-packages/airflow/example_dags/example_dynamic_task_mapping_with_no_taskflow_operators.py for tasks to queue
[2024-11-06T14:23:15.685+0000] {logging_mixin.py:154} INFO - [2024-11-06T14:23:15.684+0000] {dagbag.py:536} INFO - Filling up the DagBag from /home/airflow/.local/lib/python3.8/site-packages/airflow/example_dags/example_dynamic_task_mapping_with_no_taskflow_operators.py
[2024-11-06T14:23:15.688+0000] {processor.py:839} INFO - DAG(s) dict_keys(['example_dynamic_task_mapping_with_no_taskflow_operators']) retrieved from /home/airflow/.local/lib/python3.8/site-packages/airflow/example_dags/example_dynamic_task_mapping_with_no_taskflow_operators.py
[2024-11-06T14:23:15.700+0000] {logging_mixin.py:154} INFO - [2024-11-06T14:23:15.700+0000] {dag.py:2941} INFO - Sync 1 DAGs
[2024-11-06T14:23:15.711+0000] {logging_mixin.py:154} INFO - [2024-11-06T14:23:15.711+0000] {dag.py:3722} INFO - Setting next_dagrun for example_dynamic_task_mapping_with_no_taskflow_operators to 2024-11-05T14:23:15.711428+00:00, run_after=2024-11-06T14:23:15.711428+00:00
[2024-11-06T14:23:15.726+0000] {processor.py:179} INFO - Processing /home/airflow/.local/lib/python3.8/site-packages/airflow/example_dags/example_dynamic_task_mapping_with_no_taskflow_operators.py took 0.046 seconds
[2024-11-06T14:31:02.505+0000] {processor.py:157} INFO - Started process (PID=2561) to work on /home/airflow/.local/lib/python3.8/site-packages/airflow/example_dags/example_dynamic_task_mapping_with_no_taskflow_operators.py
[2024-11-06T14:31:02.507+0000] {processor.py:829} INFO - Processing file /home/airflow/.local/lib/python3.8/site-packages/airflow/example_dags/example_dynamic_task_mapping_with_no_taskflow_operators.py for tasks to queue
[2024-11-06T14:31:02.508+0000] {logging_mixin.py:154} INFO - [2024-11-06T14:31:02.508+0000] {dagbag.py:536} INFO - Filling up the DagBag from /home/airflow/.local/lib/python3.8/site-packages/airflow/example_dags/example_dynamic_task_mapping_with_no_taskflow_operators.py
[2024-11-06T14:31:02.511+0000] {processor.py:839} INFO - DAG(s) dict_keys(['example_dynamic_task_mapping_with_no_taskflow_operators']) retrieved from /home/airflow/.local/lib/python3.8/site-packages/airflow/example_dags/example_dynamic_task_mapping_with_no_taskflow_operators.py
[2024-11-06T14:31:02.520+0000] {logging_mixin.py:154} INFO - [2024-11-06T14:31:02.520+0000] {dag.py:2941} INFO - Sync 1 DAGs
[2024-11-06T14:31:02.530+0000] {logging_mixin.py:154} INFO - [2024-11-06T14:31:02.530+0000] {dag.py:3722} INFO - Setting next_dagrun for example_dynamic_task_mapping_with_no_taskflow_operators to 2024-11-05T14:31:02.530499+00:00, run_after=2024-11-06T14:31:02.530499+00:00
[2024-11-06T14:31:02.542+0000] {processor.py:179} INFO - Processing /home/airflow/.local/lib/python3.8/site-packages/airflow/example_dags/example_dynamic_task_mapping_with_no_taskflow_operators.py took 0.038 seconds
[2024-11-06T14:36:36.932+0000] {processor.py:157} INFO - Started process (PID=2614) to work on /home/airflow/.local/lib/python3.8/site-packages/airflow/example_dags/example_dynamic_task_mapping_with_no_taskflow_operators.py
[2024-11-06T14:36:36.932+0000] {processor.py:829} INFO - Processing file /home/airflow/.local/lib/python3.8/site-packages/airflow/example_dags/example_dynamic_task_mapping_with_no_taskflow_operators.py for tasks to queue
[2024-11-06T14:36:36.933+0000] {logging_mixin.py:154} INFO - [2024-11-06T14:36:36.933+0000] {dagbag.py:536} INFO - Filling up the DagBag from /home/airflow/.local/lib/python3.8/site-packages/airflow/example_dags/example_dynamic_task_mapping_with_no_taskflow_operators.py
[2024-11-06T14:36:36.936+0000] {processor.py:839} INFO - DAG(s) dict_keys(['example_dynamic_task_mapping_with_no_taskflow_operators']) retrieved from /home/airflow/.local/lib/python3.8/site-packages/airflow/example_dags/example_dynamic_task_mapping_with_no_taskflow_operators.py
[2024-11-06T14:36:36.951+0000] {logging_mixin.py:154} INFO - [2024-11-06T14:36:36.951+0000] {dag.py:2941} INFO - Sync 1 DAGs
[2024-11-06T14:36:36.962+0000] {logging_mixin.py:154} INFO - [2024-11-06T14:36:36.962+0000] {dag.py:3722} INFO - Setting next_dagrun for example_dynamic_task_mapping_with_no_taskflow_operators to 2024-11-05T14:36:36.961916+00:00, run_after=2024-11-06T14:36:36.961916+00:00
[2024-11-06T14:36:36.973+0000] {processor.py:179} INFO - Processing /home/airflow/.local/lib/python3.8/site-packages/airflow/example_dags/example_dynamic_task_mapping_with_no_taskflow_operators.py took 0.043 seconds
[2024-11-06T15:02:53.400+0000] {processor.py:157} INFO - Started process (PID=2668) to work on /home/airflow/.local/lib/python3.8/site-packages/airflow/example_dags/example_dynamic_task_mapping_with_no_taskflow_operators.py
[2024-11-06T15:02:53.401+0000] {processor.py:829} INFO - Processing file /home/airflow/.local/lib/python3.8/site-packages/airflow/example_dags/example_dynamic_task_mapping_with_no_taskflow_operators.py for tasks to queue
[2024-11-06T15:02:53.402+0000] {logging_mixin.py:154} INFO - [2024-11-06T15:02:53.402+0000] {dagbag.py:536} INFO - Filling up the DagBag from /home/airflow/.local/lib/python3.8/site-packages/airflow/example_dags/example_dynamic_task_mapping_with_no_taskflow_operators.py
[2024-11-06T15:02:53.405+0000] {processor.py:839} INFO - DAG(s) dict_keys(['example_dynamic_task_mapping_with_no_taskflow_operators']) retrieved from /home/airflow/.local/lib/python3.8/site-packages/airflow/example_dags/example_dynamic_task_mapping_with_no_taskflow_operators.py
[2024-11-06T15:02:53.415+0000] {logging_mixin.py:154} INFO - [2024-11-06T15:02:53.415+0000] {dag.py:2941} INFO - Sync 1 DAGs
[2024-11-06T15:02:53.425+0000] {logging_mixin.py:154} INFO - [2024-11-06T15:02:53.425+0000] {dag.py:3722} INFO - Setting next_dagrun for example_dynamic_task_mapping_with_no_taskflow_operators to 2024-11-05T15:02:53.425117+00:00, run_after=2024-11-06T15:02:53.425117+00:00
[2024-11-06T15:02:53.436+0000] {processor.py:179} INFO - Processing /home/airflow/.local/lib/python3.8/site-packages/airflow/example_dags/example_dynamic_task_mapping_with_no_taskflow_operators.py took 0.037 seconds
[2024-11-06T15:37:17.355+0000] {processor.py:157} INFO - Started process (PID=2722) to work on /home/airflow/.local/lib/python3.8/site-packages/airflow/example_dags/example_dynamic_task_mapping_with_no_taskflow_operators.py
[2024-11-06T15:37:17.355+0000] {processor.py:829} INFO - Processing file /home/airflow/.local/lib/python3.8/site-packages/airflow/example_dags/example_dynamic_task_mapping_with_no_taskflow_operators.py for tasks to queue
[2024-11-06T15:37:17.356+0000] {logging_mixin.py:154} INFO - [2024-11-06T15:37:17.356+0000] {dagbag.py:536} INFO - Filling up the DagBag from /home/airflow/.local/lib/python3.8/site-packages/airflow/example_dags/example_dynamic_task_mapping_with_no_taskflow_operators.py
[2024-11-06T15:37:17.359+0000] {processor.py:839} INFO - DAG(s) dict_keys(['example_dynamic_task_mapping_with_no_taskflow_operators']) retrieved from /home/airflow/.local/lib/python3.8/site-packages/airflow/example_dags/example_dynamic_task_mapping_with_no_taskflow_operators.py
[2024-11-06T15:37:17.370+0000] {logging_mixin.py:154} INFO - [2024-11-06T15:37:17.370+0000] {dag.py:2941} INFO - Sync 1 DAGs
[2024-11-06T15:37:17.379+0000] {logging_mixin.py:154} INFO - [2024-11-06T15:37:17.378+0000] {dag.py:3722} INFO - Setting next_dagrun for example_dynamic_task_mapping_with_no_taskflow_operators to 2024-11-05T15:37:17.378858+00:00, run_after=2024-11-06T15:37:17.378858+00:00
[2024-11-06T15:37:17.386+0000] {processor.py:179} INFO - Processing /home/airflow/.local/lib/python3.8/site-packages/airflow/example_dags/example_dynamic_task_mapping_with_no_taskflow_operators.py took 0.033 seconds
[2024-11-06T15:48:09.964+0000] {processor.py:157} INFO - Started process (PID=2776) to work on /home/airflow/.local/lib/python3.8/site-packages/airflow/example_dags/example_dynamic_task_mapping_with_no_taskflow_operators.py
[2024-11-06T15:48:09.965+0000] {processor.py:829} INFO - Processing file /home/airflow/.local/lib/python3.8/site-packages/airflow/example_dags/example_dynamic_task_mapping_with_no_taskflow_operators.py for tasks to queue
[2024-11-06T15:48:09.968+0000] {logging_mixin.py:154} INFO - [2024-11-06T15:48:09.968+0000] {dagbag.py:536} INFO - Filling up the DagBag from /home/airflow/.local/lib/python3.8/site-packages/airflow/example_dags/example_dynamic_task_mapping_with_no_taskflow_operators.py
[2024-11-06T15:48:09.974+0000] {processor.py:839} INFO - DAG(s) dict_keys(['example_dynamic_task_mapping_with_no_taskflow_operators']) retrieved from /home/airflow/.local/lib/python3.8/site-packages/airflow/example_dags/example_dynamic_task_mapping_with_no_taskflow_operators.py
[2024-11-06T15:48:09.992+0000] {logging_mixin.py:154} INFO - [2024-11-06T15:48:09.992+0000] {dag.py:2941} INFO - Sync 1 DAGs
[2024-11-06T15:48:10.010+0000] {logging_mixin.py:154} INFO - [2024-11-06T15:48:10.010+0000] {dag.py:3722} INFO - Setting next_dagrun for example_dynamic_task_mapping_with_no_taskflow_operators to 2024-11-05T15:48:10.010126+00:00, run_after=2024-11-06T15:48:10.010126+00:00
[2024-11-06T15:48:10.026+0000] {processor.py:179} INFO - Processing /home/airflow/.local/lib/python3.8/site-packages/airflow/example_dags/example_dynamic_task_mapping_with_no_taskflow_operators.py took 0.064 seconds
[2024-11-06T16:49:04.162+0000] {processor.py:157} INFO - Started process (PID=2830) to work on /home/airflow/.local/lib/python3.8/site-packages/airflow/example_dags/example_dynamic_task_mapping_with_no_taskflow_operators.py
[2024-11-06T16:49:04.165+0000] {processor.py:829} INFO - Processing file /home/airflow/.local/lib/python3.8/site-packages/airflow/example_dags/example_dynamic_task_mapping_with_no_taskflow_operators.py for tasks to queue
[2024-11-06T16:49:04.167+0000] {logging_mixin.py:154} INFO - [2024-11-06T16:49:04.167+0000] {dagbag.py:536} INFO - Filling up the DagBag from /home/airflow/.local/lib/python3.8/site-packages/airflow/example_dags/example_dynamic_task_mapping_with_no_taskflow_operators.py
[2024-11-06T16:49:04.170+0000] {processor.py:839} INFO - DAG(s) dict_keys(['example_dynamic_task_mapping_with_no_taskflow_operators']) retrieved from /home/airflow/.local/lib/python3.8/site-packages/airflow/example_dags/example_dynamic_task_mapping_with_no_taskflow_operators.py
[2024-11-06T16:49:04.182+0000] {logging_mixin.py:154} INFO - [2024-11-06T16:49:04.181+0000] {dag.py:2941} INFO - Sync 1 DAGs
[2024-11-06T16:49:04.190+0000] {logging_mixin.py:154} INFO - [2024-11-06T16:49:04.190+0000] {dag.py:3722} INFO - Setting next_dagrun for example_dynamic_task_mapping_with_no_taskflow_operators to 2024-11-05T16:49:04.190696+00:00, run_after=2024-11-06T16:49:04.190696+00:00
[2024-11-06T16:49:04.199+0000] {processor.py:179} INFO - Processing /home/airflow/.local/lib/python3.8/site-packages/airflow/example_dags/example_dynamic_task_mapping_with_no_taskflow_operators.py took 0.038 seconds
[2024-11-06T16:49:56.916+0000] {processor.py:157} INFO - Started process (PID=2884) to work on /home/airflow/.local/lib/python3.8/site-packages/airflow/example_dags/example_dynamic_task_mapping_with_no_taskflow_operators.py
[2024-11-06T16:49:56.916+0000] {processor.py:829} INFO - Processing file /home/airflow/.local/lib/python3.8/site-packages/airflow/example_dags/example_dynamic_task_mapping_with_no_taskflow_operators.py for tasks to queue
[2024-11-06T16:49:56.917+0000] {logging_mixin.py:154} INFO - [2024-11-06T16:49:56.917+0000] {dagbag.py:536} INFO - Filling up the DagBag from /home/airflow/.local/lib/python3.8/site-packages/airflow/example_dags/example_dynamic_task_mapping_with_no_taskflow_operators.py
[2024-11-06T16:49:56.921+0000] {processor.py:839} INFO - DAG(s) dict_keys(['example_dynamic_task_mapping_with_no_taskflow_operators']) retrieved from /home/airflow/.local/lib/python3.8/site-packages/airflow/example_dags/example_dynamic_task_mapping_with_no_taskflow_operators.py
[2024-11-06T16:49:56.930+0000] {logging_mixin.py:154} INFO - [2024-11-06T16:49:56.930+0000] {dag.py:2941} INFO - Sync 1 DAGs
[2024-11-06T16:49:56.941+0000] {logging_mixin.py:154} INFO - [2024-11-06T16:49:56.941+0000] {dag.py:3722} INFO - Setting next_dagrun for example_dynamic_task_mapping_with_no_taskflow_operators to 2024-11-05T16:49:56.941776+00:00, run_after=2024-11-06T16:49:56.941776+00:00
[2024-11-06T16:49:56.949+0000] {processor.py:179} INFO - Processing /home/airflow/.local/lib/python3.8/site-packages/airflow/example_dags/example_dynamic_task_mapping_with_no_taskflow_operators.py took 0.035 seconds
[2024-11-06T17:40:08.938+0000] {processor.py:157} INFO - Started process (PID=2938) to work on /home/airflow/.local/lib/python3.8/site-packages/airflow/example_dags/example_dynamic_task_mapping_with_no_taskflow_operators.py
[2024-11-06T17:40:08.942+0000] {processor.py:829} INFO - Processing file /home/airflow/.local/lib/python3.8/site-packages/airflow/example_dags/example_dynamic_task_mapping_with_no_taskflow_operators.py for tasks to queue
[2024-11-06T17:40:08.943+0000] {logging_mixin.py:154} INFO - [2024-11-06T17:40:08.943+0000] {dagbag.py:536} INFO - Filling up the DagBag from /home/airflow/.local/lib/python3.8/site-packages/airflow/example_dags/example_dynamic_task_mapping_with_no_taskflow_operators.py
[2024-11-06T17:40:08.946+0000] {processor.py:839} INFO - DAG(s) dict_keys(['example_dynamic_task_mapping_with_no_taskflow_operators']) retrieved from /home/airflow/.local/lib/python3.8/site-packages/airflow/example_dags/example_dynamic_task_mapping_with_no_taskflow_operators.py
[2024-11-06T17:40:08.959+0000] {logging_mixin.py:154} INFO - [2024-11-06T17:40:08.959+0000] {dag.py:2941} INFO - Sync 1 DAGs
[2024-11-06T17:40:08.969+0000] {logging_mixin.py:154} INFO - [2024-11-06T17:40:08.969+0000] {dag.py:3722} INFO - Setting next_dagrun for example_dynamic_task_mapping_with_no_taskflow_operators to 2024-11-05T17:40:08.968925+00:00, run_after=2024-11-06T17:40:08.968925+00:00
[2024-11-06T17:40:08.981+0000] {processor.py:179} INFO - Processing /home/airflow/.local/lib/python3.8/site-packages/airflow/example_dags/example_dynamic_task_mapping_with_no_taskflow_operators.py took 0.044 seconds
[2024-11-06T18:40:21.257+0000] {processor.py:157} INFO - Started process (PID=2992) to work on /home/airflow/.local/lib/python3.8/site-packages/airflow/example_dags/example_dynamic_task_mapping_with_no_taskflow_operators.py
[2024-11-06T18:40:21.257+0000] {processor.py:829} INFO - Processing file /home/airflow/.local/lib/python3.8/site-packages/airflow/example_dags/example_dynamic_task_mapping_with_no_taskflow_operators.py for tasks to queue
[2024-11-06T18:40:21.258+0000] {logging_mixin.py:154} INFO - [2024-11-06T18:40:21.258+0000] {dagbag.py:536} INFO - Filling up the DagBag from /home/airflow/.local/lib/python3.8/site-packages/airflow/example_dags/example_dynamic_task_mapping_with_no_taskflow_operators.py
[2024-11-06T18:40:21.261+0000] {processor.py:839} INFO - DAG(s) dict_keys(['example_dynamic_task_mapping_with_no_taskflow_operators']) retrieved from /home/airflow/.local/lib/python3.8/site-packages/airflow/example_dags/example_dynamic_task_mapping_with_no_taskflow_operators.py
[2024-11-06T18:40:21.274+0000] {logging_mixin.py:154} INFO - [2024-11-06T18:40:21.274+0000] {dag.py:2941} INFO - Sync 1 DAGs
[2024-11-06T18:40:21.284+0000] {logging_mixin.py:154} INFO - [2024-11-06T18:40:21.284+0000] {dag.py:3722} INFO - Setting next_dagrun for example_dynamic_task_mapping_with_no_taskflow_operators to 2024-11-05T18:40:21.284295+00:00, run_after=2024-11-06T18:40:21.284295+00:00
[2024-11-06T18:40:21.292+0000] {processor.py:179} INFO - Processing /home/airflow/.local/lib/python3.8/site-packages/airflow/example_dags/example_dynamic_task_mapping_with_no_taskflow_operators.py took 0.037 seconds
[2024-11-06T19:56:55.080+0000] {processor.py:157} INFO - Started process (PID=3046) to work on /home/airflow/.local/lib/python3.8/site-packages/airflow/example_dags/example_dynamic_task_mapping_with_no_taskflow_operators.py
[2024-11-06T19:56:55.082+0000] {processor.py:829} INFO - Processing file /home/airflow/.local/lib/python3.8/site-packages/airflow/example_dags/example_dynamic_task_mapping_with_no_taskflow_operators.py for tasks to queue
[2024-11-06T19:56:55.084+0000] {logging_mixin.py:154} INFO - [2024-11-06T19:56:55.084+0000] {dagbag.py:536} INFO - Filling up the DagBag from /home/airflow/.local/lib/python3.8/site-packages/airflow/example_dags/example_dynamic_task_mapping_with_no_taskflow_operators.py
[2024-11-06T19:56:55.088+0000] {processor.py:839} INFO - DAG(s) dict_keys(['example_dynamic_task_mapping_with_no_taskflow_operators']) retrieved from /home/airflow/.local/lib/python3.8/site-packages/airflow/example_dags/example_dynamic_task_mapping_with_no_taskflow_operators.py
[2024-11-06T19:56:55.097+0000] {logging_mixin.py:154} INFO - [2024-11-06T19:56:55.097+0000] {dag.py:2941} INFO - Sync 1 DAGs
[2024-11-06T19:56:55.107+0000] {logging_mixin.py:154} INFO - [2024-11-06T19:56:55.107+0000] {dag.py:3722} INFO - Setting next_dagrun for example_dynamic_task_mapping_with_no_taskflow_operators to 2024-11-05T19:56:55.107276+00:00, run_after=2024-11-06T19:56:55.107276+00:00
[2024-11-06T19:56:55.115+0000] {processor.py:179} INFO - Processing /home/airflow/.local/lib/python3.8/site-packages/airflow/example_dags/example_dynamic_task_mapping_with_no_taskflow_operators.py took 0.036 seconds
[2024-11-06T20:41:41.685+0000] {processor.py:157} INFO - Started process (PID=3100) to work on /home/airflow/.local/lib/python3.8/site-packages/airflow/example_dags/example_dynamic_task_mapping_with_no_taskflow_operators.py
[2024-11-06T20:41:41.686+0000] {processor.py:829} INFO - Processing file /home/airflow/.local/lib/python3.8/site-packages/airflow/example_dags/example_dynamic_task_mapping_with_no_taskflow_operators.py for tasks to queue
[2024-11-06T20:41:41.687+0000] {logging_mixin.py:154} INFO - [2024-11-06T20:41:41.687+0000] {dagbag.py:536} INFO - Filling up the DagBag from /home/airflow/.local/lib/python3.8/site-packages/airflow/example_dags/example_dynamic_task_mapping_with_no_taskflow_operators.py
[2024-11-06T20:41:41.690+0000] {processor.py:839} INFO - DAG(s) dict_keys(['example_dynamic_task_mapping_with_no_taskflow_operators']) retrieved from /home/airflow/.local/lib/python3.8/site-packages/airflow/example_dags/example_dynamic_task_mapping_with_no_taskflow_operators.py
[2024-11-06T20:41:41.699+0000] {logging_mixin.py:154} INFO - [2024-11-06T20:41:41.699+0000] {dag.py:2941} INFO - Sync 1 DAGs
[2024-11-06T20:41:41.708+0000] {logging_mixin.py:154} INFO - [2024-11-06T20:41:41.708+0000] {dag.py:3722} INFO - Setting next_dagrun for example_dynamic_task_mapping_with_no_taskflow_operators to 2024-11-05T20:41:41.708592+00:00, run_after=2024-11-06T20:41:41.708592+00:00
[2024-11-06T20:41:41.715+0000] {processor.py:179} INFO - Processing /home/airflow/.local/lib/python3.8/site-packages/airflow/example_dags/example_dynamic_task_mapping_with_no_taskflow_operators.py took 0.031 seconds
[2024-11-06T22:09:51.186+0000] {processor.py:157} INFO - Started process (PID=3154) to work on /home/airflow/.local/lib/python3.8/site-packages/airflow/example_dags/example_dynamic_task_mapping_with_no_taskflow_operators.py
[2024-11-06T22:09:51.187+0000] {processor.py:829} INFO - Processing file /home/airflow/.local/lib/python3.8/site-packages/airflow/example_dags/example_dynamic_task_mapping_with_no_taskflow_operators.py for tasks to queue
[2024-11-06T22:09:51.188+0000] {logging_mixin.py:154} INFO - [2024-11-06T22:09:51.188+0000] {dagbag.py:536} INFO - Filling up the DagBag from /home/airflow/.local/lib/python3.8/site-packages/airflow/example_dags/example_dynamic_task_mapping_with_no_taskflow_operators.py
[2024-11-06T22:09:51.191+0000] {processor.py:839} INFO - DAG(s) dict_keys(['example_dynamic_task_mapping_with_no_taskflow_operators']) retrieved from /home/airflow/.local/lib/python3.8/site-packages/airflow/example_dags/example_dynamic_task_mapping_with_no_taskflow_operators.py
[2024-11-06T22:09:51.203+0000] {logging_mixin.py:154} INFO - [2024-11-06T22:09:51.203+0000] {dag.py:2941} INFO - Sync 1 DAGs
[2024-11-06T22:09:51.213+0000] {logging_mixin.py:154} INFO - [2024-11-06T22:09:51.213+0000] {dag.py:3722} INFO - Setting next_dagrun for example_dynamic_task_mapping_with_no_taskflow_operators to 2024-11-05T22:09:51.213049+00:00, run_after=2024-11-06T22:09:51.213049+00:00
[2024-11-06T22:09:51.225+0000] {processor.py:179} INFO - Processing /home/airflow/.local/lib/python3.8/site-packages/airflow/example_dags/example_dynamic_task_mapping_with_no_taskflow_operators.py took 0.041 seconds
[2024-11-06T23:10:57.140+0000] {processor.py:157} INFO - Started process (PID=3208) to work on /home/airflow/.local/lib/python3.8/site-packages/airflow/example_dags/example_dynamic_task_mapping_with_no_taskflow_operators.py
[2024-11-06T23:10:57.141+0000] {processor.py:829} INFO - Processing file /home/airflow/.local/lib/python3.8/site-packages/airflow/example_dags/example_dynamic_task_mapping_with_no_taskflow_operators.py for tasks to queue
[2024-11-06T23:10:57.142+0000] {logging_mixin.py:154} INFO - [2024-11-06T23:10:57.142+0000] {dagbag.py:536} INFO - Filling up the DagBag from /home/airflow/.local/lib/python3.8/site-packages/airflow/example_dags/example_dynamic_task_mapping_with_no_taskflow_operators.py
[2024-11-06T23:10:57.145+0000] {processor.py:839} INFO - DAG(s) dict_keys(['example_dynamic_task_mapping_with_no_taskflow_operators']) retrieved from /home/airflow/.local/lib/python3.8/site-packages/airflow/example_dags/example_dynamic_task_mapping_with_no_taskflow_operators.py
[2024-11-06T23:10:57.157+0000] {logging_mixin.py:154} INFO - [2024-11-06T23:10:57.157+0000] {dag.py:2941} INFO - Sync 1 DAGs
[2024-11-06T23:10:57.167+0000] {logging_mixin.py:154} INFO - [2024-11-06T23:10:57.167+0000] {dag.py:3722} INFO - Setting next_dagrun for example_dynamic_task_mapping_with_no_taskflow_operators to 2024-11-05T23:10:57.167451+00:00, run_after=2024-11-06T23:10:57.167451+00:00
[2024-11-06T23:10:57.175+0000] {processor.py:179} INFO - Processing /home/airflow/.local/lib/python3.8/site-packages/airflow/example_dags/example_dynamic_task_mapping_with_no_taskflow_operators.py took 0.037 seconds
[2024-11-06T23:49:21.639+0000] {processor.py:157} INFO - Started process (PID=3262) to work on /home/airflow/.local/lib/python3.8/site-packages/airflow/example_dags/example_dynamic_task_mapping_with_no_taskflow_operators.py
[2024-11-06T23:49:21.640+0000] {processor.py:829} INFO - Processing file /home/airflow/.local/lib/python3.8/site-packages/airflow/example_dags/example_dynamic_task_mapping_with_no_taskflow_operators.py for tasks to queue
[2024-11-06T23:49:21.641+0000] {logging_mixin.py:154} INFO - [2024-11-06T23:49:21.641+0000] {dagbag.py:536} INFO - Filling up the DagBag from /home/airflow/.local/lib/python3.8/site-packages/airflow/example_dags/example_dynamic_task_mapping_with_no_taskflow_operators.py
[2024-11-06T23:49:21.644+0000] {processor.py:839} INFO - DAG(s) dict_keys(['example_dynamic_task_mapping_with_no_taskflow_operators']) retrieved from /home/airflow/.local/lib/python3.8/site-packages/airflow/example_dags/example_dynamic_task_mapping_with_no_taskflow_operators.py
[2024-11-06T23:49:21.653+0000] {logging_mixin.py:154} INFO - [2024-11-06T23:49:21.653+0000] {dag.py:2941} INFO - Sync 1 DAGs
[2024-11-06T23:49:21.663+0000] {logging_mixin.py:154} INFO - [2024-11-06T23:49:21.663+0000] {dag.py:3722} INFO - Setting next_dagrun for example_dynamic_task_mapping_with_no_taskflow_operators to 2024-11-05T23:49:21.663345+00:00, run_after=2024-11-06T23:49:21.663345+00:00
[2024-11-06T23:49:21.679+0000] {processor.py:179} INFO - Processing /home/airflow/.local/lib/python3.8/site-packages/airflow/example_dags/example_dynamic_task_mapping_with_no_taskflow_operators.py took 0.042 seconds
