[2024-11-06T08:43:19.998+0000] {processor.py:157} INFO - Started process (PID=75) to work on /home/airflow/.local/lib/python3.8/site-packages/airflow/example_dags/example_latest_only.py
[2024-11-06T08:43:19.999+0000] {processor.py:829} INFO - Processing file /home/airflow/.local/lib/python3.8/site-packages/airflow/example_dags/example_latest_only.py for tasks to queue
[2024-11-06T08:43:20.001+0000] {logging_mixin.py:154} INFO - [2024-11-06T08:43:20.001+0000] {dagbag.py:536} INFO - Filling up the DagBag from /home/airflow/.local/lib/python3.8/site-packages/airflow/example_dags/example_latest_only.py
[2024-11-06T08:43:20.005+0000] {processor.py:839} INFO - DAG(s) dict_keys(['latest_only']) retrieved from /home/airflow/.local/lib/python3.8/site-packages/airflow/example_dags/example_latest_only.py
[2024-11-06T08:43:20.018+0000] {logging_mixin.py:154} INFO - [2024-11-06T08:43:20.017+0000] {dag.py:2941} INFO - Sync 1 DAGs
[2024-11-06T08:43:20.042+0000] {logging_mixin.py:154} INFO - [2024-11-06T08:43:20.042+0000] {dag.py:3722} INFO - Setting next_dagrun for latest_only to 2024-11-06T04:43:20.042301+00:00, run_after=2024-11-06T08:43:20.042301+00:00
[2024-11-06T08:43:20.063+0000] {processor.py:179} INFO - Processing /home/airflow/.local/lib/python3.8/site-packages/airflow/example_dags/example_latest_only.py took 0.067 seconds
[2024-11-06T08:43:50.166+0000] {processor.py:157} INFO - Started process (PID=129) to work on /home/airflow/.local/lib/python3.8/site-packages/airflow/example_dags/example_latest_only.py
[2024-11-06T08:43:50.167+0000] {processor.py:829} INFO - Processing file /home/airflow/.local/lib/python3.8/site-packages/airflow/example_dags/example_latest_only.py for tasks to queue
[2024-11-06T08:43:50.168+0000] {logging_mixin.py:154} INFO - [2024-11-06T08:43:50.167+0000] {dagbag.py:536} INFO - Filling up the DagBag from /home/airflow/.local/lib/python3.8/site-packages/airflow/example_dags/example_latest_only.py
[2024-11-06T08:43:50.170+0000] {processor.py:839} INFO - DAG(s) dict_keys(['latest_only']) retrieved from /home/airflow/.local/lib/python3.8/site-packages/airflow/example_dags/example_latest_only.py
[2024-11-06T08:43:50.179+0000] {logging_mixin.py:154} INFO - [2024-11-06T08:43:50.179+0000] {dag.py:2941} INFO - Sync 1 DAGs
[2024-11-06T08:43:50.191+0000] {logging_mixin.py:154} INFO - [2024-11-06T08:43:50.190+0000] {dag.py:3722} INFO - Setting next_dagrun for latest_only to 2024-11-06T04:43:50.190629+00:00, run_after=2024-11-06T08:43:50.190629+00:00
[2024-11-06T08:43:50.200+0000] {processor.py:179} INFO - Processing /home/airflow/.local/lib/python3.8/site-packages/airflow/example_dags/example_latest_only.py took 0.035 seconds
[2024-11-06T08:44:20.571+0000] {processor.py:157} INFO - Started process (PID=183) to work on /home/airflow/.local/lib/python3.8/site-packages/airflow/example_dags/example_latest_only.py
[2024-11-06T08:44:20.571+0000] {processor.py:829} INFO - Processing file /home/airflow/.local/lib/python3.8/site-packages/airflow/example_dags/example_latest_only.py for tasks to queue
[2024-11-06T08:44:20.572+0000] {logging_mixin.py:154} INFO - [2024-11-06T08:44:20.572+0000] {dagbag.py:536} INFO - Filling up the DagBag from /home/airflow/.local/lib/python3.8/site-packages/airflow/example_dags/example_latest_only.py
[2024-11-06T08:44:20.575+0000] {processor.py:839} INFO - DAG(s) dict_keys(['latest_only']) retrieved from /home/airflow/.local/lib/python3.8/site-packages/airflow/example_dags/example_latest_only.py
[2024-11-06T08:44:20.583+0000] {logging_mixin.py:154} INFO - [2024-11-06T08:44:20.583+0000] {dag.py:2941} INFO - Sync 1 DAGs
[2024-11-06T08:44:20.592+0000] {logging_mixin.py:154} INFO - [2024-11-06T08:44:20.592+0000] {dag.py:3722} INFO - Setting next_dagrun for latest_only to 2024-11-06T04:44:20.592437+00:00, run_after=2024-11-06T08:44:20.592437+00:00
[2024-11-06T08:44:20.600+0000] {processor.py:179} INFO - Processing /home/airflow/.local/lib/python3.8/site-packages/airflow/example_dags/example_latest_only.py took 0.030 seconds
[2024-11-06T08:44:50.911+0000] {processor.py:157} INFO - Started process (PID=237) to work on /home/airflow/.local/lib/python3.8/site-packages/airflow/example_dags/example_latest_only.py
[2024-11-06T08:44:50.912+0000] {processor.py:829} INFO - Processing file /home/airflow/.local/lib/python3.8/site-packages/airflow/example_dags/example_latest_only.py for tasks to queue
[2024-11-06T08:44:50.913+0000] {logging_mixin.py:154} INFO - [2024-11-06T08:44:50.913+0000] {dagbag.py:536} INFO - Filling up the DagBag from /home/airflow/.local/lib/python3.8/site-packages/airflow/example_dags/example_latest_only.py
[2024-11-06T08:44:50.915+0000] {processor.py:839} INFO - DAG(s) dict_keys(['latest_only']) retrieved from /home/airflow/.local/lib/python3.8/site-packages/airflow/example_dags/example_latest_only.py
[2024-11-06T08:44:50.926+0000] {logging_mixin.py:154} INFO - [2024-11-06T08:44:50.926+0000] {dag.py:2941} INFO - Sync 1 DAGs
[2024-11-06T08:44:50.937+0000] {logging_mixin.py:154} INFO - [2024-11-06T08:44:50.937+0000] {dag.py:3722} INFO - Setting next_dagrun for latest_only to 2024-11-06T04:44:50.937126+00:00, run_after=2024-11-06T08:44:50.937126+00:00
[2024-11-06T08:44:50.945+0000] {processor.py:179} INFO - Processing /home/airflow/.local/lib/python3.8/site-packages/airflow/example_dags/example_latest_only.py took 0.035 seconds
[2024-11-06T08:45:21.282+0000] {processor.py:157} INFO - Started process (PID=291) to work on /home/airflow/.local/lib/python3.8/site-packages/airflow/example_dags/example_latest_only.py
[2024-11-06T08:45:21.282+0000] {processor.py:829} INFO - Processing file /home/airflow/.local/lib/python3.8/site-packages/airflow/example_dags/example_latest_only.py for tasks to queue
[2024-11-06T08:45:21.283+0000] {logging_mixin.py:154} INFO - [2024-11-06T08:45:21.283+0000] {dagbag.py:536} INFO - Filling up the DagBag from /home/airflow/.local/lib/python3.8/site-packages/airflow/example_dags/example_latest_only.py
[2024-11-06T08:45:21.285+0000] {processor.py:839} INFO - DAG(s) dict_keys(['latest_only']) retrieved from /home/airflow/.local/lib/python3.8/site-packages/airflow/example_dags/example_latest_only.py
[2024-11-06T08:45:21.296+0000] {logging_mixin.py:154} INFO - [2024-11-06T08:45:21.296+0000] {dag.py:2941} INFO - Sync 1 DAGs
[2024-11-06T08:45:21.305+0000] {logging_mixin.py:154} INFO - [2024-11-06T08:45:21.305+0000] {dag.py:3722} INFO - Setting next_dagrun for latest_only to 2024-11-06T04:45:21.304897+00:00, run_after=2024-11-06T08:45:21.304897+00:00
[2024-11-06T08:45:21.311+0000] {processor.py:179} INFO - Processing /home/airflow/.local/lib/python3.8/site-packages/airflow/example_dags/example_latest_only.py took 0.031 seconds
[2024-11-06T08:45:51.677+0000] {processor.py:157} INFO - Started process (PID=345) to work on /home/airflow/.local/lib/python3.8/site-packages/airflow/example_dags/example_latest_only.py
[2024-11-06T08:45:51.677+0000] {processor.py:829} INFO - Processing file /home/airflow/.local/lib/python3.8/site-packages/airflow/example_dags/example_latest_only.py for tasks to queue
[2024-11-06T08:45:51.678+0000] {logging_mixin.py:154} INFO - [2024-11-06T08:45:51.678+0000] {dagbag.py:536} INFO - Filling up the DagBag from /home/airflow/.local/lib/python3.8/site-packages/airflow/example_dags/example_latest_only.py
[2024-11-06T08:45:51.680+0000] {processor.py:839} INFO - DAG(s) dict_keys(['latest_only']) retrieved from /home/airflow/.local/lib/python3.8/site-packages/airflow/example_dags/example_latest_only.py
[2024-11-06T08:45:51.689+0000] {logging_mixin.py:154} INFO - [2024-11-06T08:45:51.689+0000] {dag.py:2941} INFO - Sync 1 DAGs
[2024-11-06T08:45:51.698+0000] {logging_mixin.py:154} INFO - [2024-11-06T08:45:51.698+0000] {dag.py:3722} INFO - Setting next_dagrun for latest_only to 2024-11-06T04:45:51.698571+00:00, run_after=2024-11-06T08:45:51.698571+00:00
[2024-11-06T08:45:51.710+0000] {processor.py:179} INFO - Processing /home/airflow/.local/lib/python3.8/site-packages/airflow/example_dags/example_latest_only.py took 0.035 seconds
[2024-11-06T08:46:22.307+0000] {processor.py:157} INFO - Started process (PID=399) to work on /home/airflow/.local/lib/python3.8/site-packages/airflow/example_dags/example_latest_only.py
[2024-11-06T08:46:22.310+0000] {processor.py:829} INFO - Processing file /home/airflow/.local/lib/python3.8/site-packages/airflow/example_dags/example_latest_only.py for tasks to queue
[2024-11-06T08:46:22.312+0000] {logging_mixin.py:154} INFO - [2024-11-06T08:46:22.311+0000] {dagbag.py:536} INFO - Filling up the DagBag from /home/airflow/.local/lib/python3.8/site-packages/airflow/example_dags/example_latest_only.py
[2024-11-06T08:46:22.317+0000] {processor.py:839} INFO - DAG(s) dict_keys(['latest_only']) retrieved from /home/airflow/.local/lib/python3.8/site-packages/airflow/example_dags/example_latest_only.py
[2024-11-06T08:46:22.332+0000] {logging_mixin.py:154} INFO - [2024-11-06T08:46:22.331+0000] {dag.py:2941} INFO - Sync 1 DAGs
[2024-11-06T08:46:22.343+0000] {logging_mixin.py:154} INFO - [2024-11-06T08:46:22.343+0000] {dag.py:3722} INFO - Setting next_dagrun for latest_only to 2024-11-06T04:46:22.343198+00:00, run_after=2024-11-06T08:46:22.343198+00:00
[2024-11-06T08:46:22.357+0000] {processor.py:179} INFO - Processing /home/airflow/.local/lib/python3.8/site-packages/airflow/example_dags/example_latest_only.py took 0.051 seconds
[2024-11-06T08:46:52.940+0000] {processor.py:157} INFO - Started process (PID=460) to work on /home/airflow/.local/lib/python3.8/site-packages/airflow/example_dags/example_latest_only.py
[2024-11-06T08:46:52.940+0000] {processor.py:829} INFO - Processing file /home/airflow/.local/lib/python3.8/site-packages/airflow/example_dags/example_latest_only.py for tasks to queue
[2024-11-06T08:46:52.941+0000] {logging_mixin.py:154} INFO - [2024-11-06T08:46:52.941+0000] {dagbag.py:536} INFO - Filling up the DagBag from /home/airflow/.local/lib/python3.8/site-packages/airflow/example_dags/example_latest_only.py
[2024-11-06T08:46:52.945+0000] {processor.py:839} INFO - DAG(s) dict_keys(['latest_only']) retrieved from /home/airflow/.local/lib/python3.8/site-packages/airflow/example_dags/example_latest_only.py
[2024-11-06T08:46:52.953+0000] {logging_mixin.py:154} INFO - [2024-11-06T08:46:52.953+0000] {dag.py:2941} INFO - Sync 1 DAGs
[2024-11-06T08:46:52.963+0000] {logging_mixin.py:154} INFO - [2024-11-06T08:46:52.962+0000] {dag.py:3722} INFO - Setting next_dagrun for latest_only to 2024-11-06T04:46:52.962835+00:00, run_after=2024-11-06T08:46:52.962835+00:00
[2024-11-06T08:46:52.971+0000] {processor.py:179} INFO - Processing /home/airflow/.local/lib/python3.8/site-packages/airflow/example_dags/example_latest_only.py took 0.033 seconds
[2024-11-06T08:47:23.295+0000] {processor.py:157} INFO - Started process (PID=514) to work on /home/airflow/.local/lib/python3.8/site-packages/airflow/example_dags/example_latest_only.py
[2024-11-06T08:47:23.296+0000] {processor.py:829} INFO - Processing file /home/airflow/.local/lib/python3.8/site-packages/airflow/example_dags/example_latest_only.py for tasks to queue
[2024-11-06T08:47:23.296+0000] {logging_mixin.py:154} INFO - [2024-11-06T08:47:23.296+0000] {dagbag.py:536} INFO - Filling up the DagBag from /home/airflow/.local/lib/python3.8/site-packages/airflow/example_dags/example_latest_only.py
[2024-11-06T08:47:23.299+0000] {processor.py:839} INFO - DAG(s) dict_keys(['latest_only']) retrieved from /home/airflow/.local/lib/python3.8/site-packages/airflow/example_dags/example_latest_only.py
[2024-11-06T08:47:23.308+0000] {logging_mixin.py:154} INFO - [2024-11-06T08:47:23.308+0000] {dag.py:2941} INFO - Sync 1 DAGs
[2024-11-06T08:47:23.317+0000] {logging_mixin.py:154} INFO - [2024-11-06T08:47:23.317+0000] {dag.py:3722} INFO - Setting next_dagrun for latest_only to 2024-11-06T04:47:23.317319+00:00, run_after=2024-11-06T08:47:23.317319+00:00
[2024-11-06T08:47:23.325+0000] {processor.py:179} INFO - Processing /home/airflow/.local/lib/python3.8/site-packages/airflow/example_dags/example_latest_only.py took 0.031 seconds
[2024-11-06T08:47:53.707+0000] {processor.py:157} INFO - Started process (PID=569) to work on /home/airflow/.local/lib/python3.8/site-packages/airflow/example_dags/example_latest_only.py
[2024-11-06T08:47:53.710+0000] {processor.py:829} INFO - Processing file /home/airflow/.local/lib/python3.8/site-packages/airflow/example_dags/example_latest_only.py for tasks to queue
[2024-11-06T08:47:53.711+0000] {logging_mixin.py:154} INFO - [2024-11-06T08:47:53.711+0000] {dagbag.py:536} INFO - Filling up the DagBag from /home/airflow/.local/lib/python3.8/site-packages/airflow/example_dags/example_latest_only.py
[2024-11-06T08:47:53.713+0000] {processor.py:839} INFO - DAG(s) dict_keys(['latest_only']) retrieved from /home/airflow/.local/lib/python3.8/site-packages/airflow/example_dags/example_latest_only.py
[2024-11-06T08:47:53.723+0000] {logging_mixin.py:154} INFO - [2024-11-06T08:47:53.723+0000] {dag.py:2941} INFO - Sync 1 DAGs
[2024-11-06T08:47:53.734+0000] {logging_mixin.py:154} INFO - [2024-11-06T08:47:53.733+0000] {dag.py:3722} INFO - Setting next_dagrun for latest_only to 2024-11-06T04:47:53.733795+00:00, run_after=2024-11-06T08:47:53.733795+00:00
[2024-11-06T08:47:53.745+0000] {processor.py:179} INFO - Processing /home/airflow/.local/lib/python3.8/site-packages/airflow/example_dags/example_latest_only.py took 0.039 seconds
[2024-11-06T08:48:24.049+0000] {processor.py:157} INFO - Started process (PID=623) to work on /home/airflow/.local/lib/python3.8/site-packages/airflow/example_dags/example_latest_only.py
[2024-11-06T08:48:24.049+0000] {processor.py:829} INFO - Processing file /home/airflow/.local/lib/python3.8/site-packages/airflow/example_dags/example_latest_only.py for tasks to queue
[2024-11-06T08:48:24.050+0000] {logging_mixin.py:154} INFO - [2024-11-06T08:48:24.050+0000] {dagbag.py:536} INFO - Filling up the DagBag from /home/airflow/.local/lib/python3.8/site-packages/airflow/example_dags/example_latest_only.py
[2024-11-06T08:48:24.052+0000] {processor.py:839} INFO - DAG(s) dict_keys(['latest_only']) retrieved from /home/airflow/.local/lib/python3.8/site-packages/airflow/example_dags/example_latest_only.py
[2024-11-06T08:48:24.061+0000] {logging_mixin.py:154} INFO - [2024-11-06T08:48:24.061+0000] {dag.py:2941} INFO - Sync 1 DAGs
[2024-11-06T08:48:24.071+0000] {logging_mixin.py:154} INFO - [2024-11-06T08:48:24.071+0000] {dag.py:3722} INFO - Setting next_dagrun for latest_only to 2024-11-06T04:48:24.071416+00:00, run_after=2024-11-06T08:48:24.071416+00:00
[2024-11-06T08:48:24.079+0000] {processor.py:179} INFO - Processing /home/airflow/.local/lib/python3.8/site-packages/airflow/example_dags/example_latest_only.py took 0.031 seconds
[2024-11-06T08:48:54.330+0000] {processor.py:157} INFO - Started process (PID=677) to work on /home/airflow/.local/lib/python3.8/site-packages/airflow/example_dags/example_latest_only.py
[2024-11-06T08:48:54.331+0000] {processor.py:829} INFO - Processing file /home/airflow/.local/lib/python3.8/site-packages/airflow/example_dags/example_latest_only.py for tasks to queue
[2024-11-06T08:48:54.332+0000] {logging_mixin.py:154} INFO - [2024-11-06T08:48:54.332+0000] {dagbag.py:536} INFO - Filling up the DagBag from /home/airflow/.local/lib/python3.8/site-packages/airflow/example_dags/example_latest_only.py
[2024-11-06T08:48:54.334+0000] {processor.py:839} INFO - DAG(s) dict_keys(['latest_only']) retrieved from /home/airflow/.local/lib/python3.8/site-packages/airflow/example_dags/example_latest_only.py
[2024-11-06T08:48:54.343+0000] {logging_mixin.py:154} INFO - [2024-11-06T08:48:54.343+0000] {dag.py:2941} INFO - Sync 1 DAGs
[2024-11-06T08:48:54.351+0000] {logging_mixin.py:154} INFO - [2024-11-06T08:48:54.351+0000] {dag.py:3722} INFO - Setting next_dagrun for latest_only to 2024-11-06T04:48:54.351766+00:00, run_after=2024-11-06T08:48:54.351766+00:00
[2024-11-06T08:48:54.360+0000] {processor.py:179} INFO - Processing /home/airflow/.local/lib/python3.8/site-packages/airflow/example_dags/example_latest_only.py took 0.032 seconds
[2024-11-06T08:49:24.539+0000] {processor.py:157} INFO - Started process (PID=731) to work on /home/airflow/.local/lib/python3.8/site-packages/airflow/example_dags/example_latest_only.py
[2024-11-06T08:49:24.540+0000] {processor.py:829} INFO - Processing file /home/airflow/.local/lib/python3.8/site-packages/airflow/example_dags/example_latest_only.py for tasks to queue
[2024-11-06T08:49:24.541+0000] {logging_mixin.py:154} INFO - [2024-11-06T08:49:24.541+0000] {dagbag.py:536} INFO - Filling up the DagBag from /home/airflow/.local/lib/python3.8/site-packages/airflow/example_dags/example_latest_only.py
[2024-11-06T08:49:24.543+0000] {processor.py:839} INFO - DAG(s) dict_keys(['latest_only']) retrieved from /home/airflow/.local/lib/python3.8/site-packages/airflow/example_dags/example_latest_only.py
[2024-11-06T08:49:24.553+0000] {logging_mixin.py:154} INFO - [2024-11-06T08:49:24.553+0000] {dag.py:2941} INFO - Sync 1 DAGs
[2024-11-06T08:49:24.562+0000] {logging_mixin.py:154} INFO - [2024-11-06T08:49:24.562+0000] {dag.py:3722} INFO - Setting next_dagrun for latest_only to 2024-11-06T04:49:24.561979+00:00, run_after=2024-11-06T08:49:24.561979+00:00
[2024-11-06T08:49:24.568+0000] {processor.py:179} INFO - Processing /home/airflow/.local/lib/python3.8/site-packages/airflow/example_dags/example_latest_only.py took 0.030 seconds
[2024-11-06T08:49:54.778+0000] {processor.py:157} INFO - Started process (PID=784) to work on /home/airflow/.local/lib/python3.8/site-packages/airflow/example_dags/example_latest_only.py
[2024-11-06T08:49:54.778+0000] {processor.py:829} INFO - Processing file /home/airflow/.local/lib/python3.8/site-packages/airflow/example_dags/example_latest_only.py for tasks to queue
[2024-11-06T08:49:54.779+0000] {logging_mixin.py:154} INFO - [2024-11-06T08:49:54.779+0000] {dagbag.py:536} INFO - Filling up the DagBag from /home/airflow/.local/lib/python3.8/site-packages/airflow/example_dags/example_latest_only.py
[2024-11-06T08:49:54.782+0000] {processor.py:839} INFO - DAG(s) dict_keys(['latest_only']) retrieved from /home/airflow/.local/lib/python3.8/site-packages/airflow/example_dags/example_latest_only.py
[2024-11-06T08:49:54.793+0000] {logging_mixin.py:154} INFO - [2024-11-06T08:49:54.793+0000] {dag.py:2941} INFO - Sync 1 DAGs
[2024-11-06T08:49:54.803+0000] {logging_mixin.py:154} INFO - [2024-11-06T08:49:54.803+0000] {dag.py:3722} INFO - Setting next_dagrun for latest_only to 2024-11-06T04:49:54.803420+00:00, run_after=2024-11-06T08:49:54.803420+00:00
[2024-11-06T08:49:54.810+0000] {processor.py:179} INFO - Processing /home/airflow/.local/lib/python3.8/site-packages/airflow/example_dags/example_latest_only.py took 0.034 seconds
[2024-11-06T08:50:25.033+0000] {processor.py:157} INFO - Started process (PID=838) to work on /home/airflow/.local/lib/python3.8/site-packages/airflow/example_dags/example_latest_only.py
[2024-11-06T08:50:25.033+0000] {processor.py:829} INFO - Processing file /home/airflow/.local/lib/python3.8/site-packages/airflow/example_dags/example_latest_only.py for tasks to queue
[2024-11-06T08:50:25.034+0000] {logging_mixin.py:154} INFO - [2024-11-06T08:50:25.034+0000] {dagbag.py:536} INFO - Filling up the DagBag from /home/airflow/.local/lib/python3.8/site-packages/airflow/example_dags/example_latest_only.py
[2024-11-06T08:50:25.037+0000] {processor.py:839} INFO - DAG(s) dict_keys(['latest_only']) retrieved from /home/airflow/.local/lib/python3.8/site-packages/airflow/example_dags/example_latest_only.py
[2024-11-06T08:50:25.046+0000] {logging_mixin.py:154} INFO - [2024-11-06T08:50:25.046+0000] {dag.py:2941} INFO - Sync 1 DAGs
[2024-11-06T08:50:25.055+0000] {logging_mixin.py:154} INFO - [2024-11-06T08:50:25.054+0000] {dag.py:3722} INFO - Setting next_dagrun for latest_only to 2024-11-06T04:50:25.054818+00:00, run_after=2024-11-06T08:50:25.054818+00:00
[2024-11-06T08:50:25.063+0000] {processor.py:179} INFO - Processing /home/airflow/.local/lib/python3.8/site-packages/airflow/example_dags/example_latest_only.py took 0.032 seconds
[2024-11-06T08:50:55.265+0000] {processor.py:157} INFO - Started process (PID=892) to work on /home/airflow/.local/lib/python3.8/site-packages/airflow/example_dags/example_latest_only.py
[2024-11-06T08:50:55.265+0000] {processor.py:829} INFO - Processing file /home/airflow/.local/lib/python3.8/site-packages/airflow/example_dags/example_latest_only.py for tasks to queue
[2024-11-06T08:50:55.266+0000] {logging_mixin.py:154} INFO - [2024-11-06T08:50:55.266+0000] {dagbag.py:536} INFO - Filling up the DagBag from /home/airflow/.local/lib/python3.8/site-packages/airflow/example_dags/example_latest_only.py
[2024-11-06T08:50:55.269+0000] {processor.py:839} INFO - DAG(s) dict_keys(['latest_only']) retrieved from /home/airflow/.local/lib/python3.8/site-packages/airflow/example_dags/example_latest_only.py
[2024-11-06T08:50:55.278+0000] {logging_mixin.py:154} INFO - [2024-11-06T08:50:55.278+0000] {dag.py:2941} INFO - Sync 1 DAGs
[2024-11-06T08:50:55.288+0000] {logging_mixin.py:154} INFO - [2024-11-06T08:50:55.288+0000] {dag.py:3722} INFO - Setting next_dagrun for latest_only to 2024-11-06T04:50:55.288226+00:00, run_after=2024-11-06T08:50:55.288226+00:00
[2024-11-06T08:50:55.295+0000] {processor.py:179} INFO - Processing /home/airflow/.local/lib/python3.8/site-packages/airflow/example_dags/example_latest_only.py took 0.032 seconds
[2024-11-06T08:51:25.743+0000] {processor.py:157} INFO - Started process (PID=946) to work on /home/airflow/.local/lib/python3.8/site-packages/airflow/example_dags/example_latest_only.py
[2024-11-06T08:51:25.743+0000] {processor.py:829} INFO - Processing file /home/airflow/.local/lib/python3.8/site-packages/airflow/example_dags/example_latest_only.py for tasks to queue
[2024-11-06T08:51:25.744+0000] {logging_mixin.py:154} INFO - [2024-11-06T08:51:25.744+0000] {dagbag.py:536} INFO - Filling up the DagBag from /home/airflow/.local/lib/python3.8/site-packages/airflow/example_dags/example_latest_only.py
[2024-11-06T08:51:25.746+0000] {processor.py:839} INFO - DAG(s) dict_keys(['latest_only']) retrieved from /home/airflow/.local/lib/python3.8/site-packages/airflow/example_dags/example_latest_only.py
[2024-11-06T08:51:25.755+0000] {logging_mixin.py:154} INFO - [2024-11-06T08:51:25.755+0000] {dag.py:2941} INFO - Sync 1 DAGs
[2024-11-06T08:51:25.764+0000] {logging_mixin.py:154} INFO - [2024-11-06T08:51:25.764+0000] {dag.py:3722} INFO - Setting next_dagrun for latest_only to 2024-11-06T04:51:25.764225+00:00, run_after=2024-11-06T08:51:25.764225+00:00
[2024-11-06T08:51:25.770+0000] {processor.py:179} INFO - Processing /home/airflow/.local/lib/python3.8/site-packages/airflow/example_dags/example_latest_only.py took 0.028 seconds
[2024-11-06T08:51:55.953+0000] {processor.py:157} INFO - Started process (PID=1000) to work on /home/airflow/.local/lib/python3.8/site-packages/airflow/example_dags/example_latest_only.py
[2024-11-06T08:51:55.955+0000] {processor.py:829} INFO - Processing file /home/airflow/.local/lib/python3.8/site-packages/airflow/example_dags/example_latest_only.py for tasks to queue
[2024-11-06T08:51:55.956+0000] {logging_mixin.py:154} INFO - [2024-11-06T08:51:55.956+0000] {dagbag.py:536} INFO - Filling up the DagBag from /home/airflow/.local/lib/python3.8/site-packages/airflow/example_dags/example_latest_only.py
[2024-11-06T08:51:55.958+0000] {processor.py:839} INFO - DAG(s) dict_keys(['latest_only']) retrieved from /home/airflow/.local/lib/python3.8/site-packages/airflow/example_dags/example_latest_only.py
[2024-11-06T08:51:55.967+0000] {logging_mixin.py:154} INFO - [2024-11-06T08:51:55.967+0000] {dag.py:2941} INFO - Sync 1 DAGs
[2024-11-06T08:51:55.977+0000] {logging_mixin.py:154} INFO - [2024-11-06T08:51:55.977+0000] {dag.py:3722} INFO - Setting next_dagrun for latest_only to 2024-11-06T04:51:55.976991+00:00, run_after=2024-11-06T08:51:55.976991+00:00
[2024-11-06T08:51:55.985+0000] {processor.py:179} INFO - Processing /home/airflow/.local/lib/python3.8/site-packages/airflow/example_dags/example_latest_only.py took 0.033 seconds
[2024-11-06T08:52:26.312+0000] {processor.py:157} INFO - Started process (PID=1054) to work on /home/airflow/.local/lib/python3.8/site-packages/airflow/example_dags/example_latest_only.py
[2024-11-06T08:52:26.313+0000] {processor.py:829} INFO - Processing file /home/airflow/.local/lib/python3.8/site-packages/airflow/example_dags/example_latest_only.py for tasks to queue
[2024-11-06T08:52:26.314+0000] {logging_mixin.py:154} INFO - [2024-11-06T08:52:26.314+0000] {dagbag.py:536} INFO - Filling up the DagBag from /home/airflow/.local/lib/python3.8/site-packages/airflow/example_dags/example_latest_only.py
[2024-11-06T08:52:26.316+0000] {processor.py:839} INFO - DAG(s) dict_keys(['latest_only']) retrieved from /home/airflow/.local/lib/python3.8/site-packages/airflow/example_dags/example_latest_only.py
[2024-11-06T08:52:26.328+0000] {logging_mixin.py:154} INFO - [2024-11-06T08:52:26.328+0000] {dag.py:2941} INFO - Sync 1 DAGs
[2024-11-06T08:52:26.337+0000] {logging_mixin.py:154} INFO - [2024-11-06T08:52:26.337+0000] {dag.py:3722} INFO - Setting next_dagrun for latest_only to 2024-11-06T04:52:26.337119+00:00, run_after=2024-11-06T08:52:26.337119+00:00
[2024-11-06T08:52:26.344+0000] {processor.py:179} INFO - Processing /home/airflow/.local/lib/python3.8/site-packages/airflow/example_dags/example_latest_only.py took 0.033 seconds
[2024-11-06T08:52:57.018+0000] {processor.py:157} INFO - Started process (PID=1108) to work on /home/airflow/.local/lib/python3.8/site-packages/airflow/example_dags/example_latest_only.py
[2024-11-06T08:52:57.018+0000] {processor.py:829} INFO - Processing file /home/airflow/.local/lib/python3.8/site-packages/airflow/example_dags/example_latest_only.py for tasks to queue
[2024-11-06T08:52:57.019+0000] {logging_mixin.py:154} INFO - [2024-11-06T08:52:57.019+0000] {dagbag.py:536} INFO - Filling up the DagBag from /home/airflow/.local/lib/python3.8/site-packages/airflow/example_dags/example_latest_only.py
[2024-11-06T08:52:57.022+0000] {processor.py:839} INFO - DAG(s) dict_keys(['latest_only']) retrieved from /home/airflow/.local/lib/python3.8/site-packages/airflow/example_dags/example_latest_only.py
[2024-11-06T08:52:57.031+0000] {logging_mixin.py:154} INFO - [2024-11-06T08:52:57.031+0000] {dag.py:2941} INFO - Sync 1 DAGs
[2024-11-06T08:52:57.040+0000] {logging_mixin.py:154} INFO - [2024-11-06T08:52:57.040+0000] {dag.py:3722} INFO - Setting next_dagrun for latest_only to 2024-11-06T04:52:57.040758+00:00, run_after=2024-11-06T08:52:57.040758+00:00
[2024-11-06T08:52:57.049+0000] {processor.py:179} INFO - Processing /home/airflow/.local/lib/python3.8/site-packages/airflow/example_dags/example_latest_only.py took 0.032 seconds
[2024-11-06T08:53:27.395+0000] {processor.py:157} INFO - Started process (PID=1162) to work on /home/airflow/.local/lib/python3.8/site-packages/airflow/example_dags/example_latest_only.py
[2024-11-06T08:53:27.396+0000] {processor.py:829} INFO - Processing file /home/airflow/.local/lib/python3.8/site-packages/airflow/example_dags/example_latest_only.py for tasks to queue
[2024-11-06T08:53:27.397+0000] {logging_mixin.py:154} INFO - [2024-11-06T08:53:27.397+0000] {dagbag.py:536} INFO - Filling up the DagBag from /home/airflow/.local/lib/python3.8/site-packages/airflow/example_dags/example_latest_only.py
[2024-11-06T08:53:27.399+0000] {processor.py:839} INFO - DAG(s) dict_keys(['latest_only']) retrieved from /home/airflow/.local/lib/python3.8/site-packages/airflow/example_dags/example_latest_only.py
[2024-11-06T08:53:27.410+0000] {logging_mixin.py:154} INFO - [2024-11-06T08:53:27.410+0000] {dag.py:2941} INFO - Sync 1 DAGs
[2024-11-06T08:53:27.419+0000] {logging_mixin.py:154} INFO - [2024-11-06T08:53:27.419+0000] {dag.py:3722} INFO - Setting next_dagrun for latest_only to 2024-11-06T04:53:27.419091+00:00, run_after=2024-11-06T08:53:27.419091+00:00
[2024-11-06T08:53:27.503+0000] {processor.py:179} INFO - Processing /home/airflow/.local/lib/python3.8/site-packages/airflow/example_dags/example_latest_only.py took 0.110 seconds
[2024-11-06T08:53:57.962+0000] {processor.py:157} INFO - Started process (PID=1216) to work on /home/airflow/.local/lib/python3.8/site-packages/airflow/example_dags/example_latest_only.py
[2024-11-06T08:53:57.962+0000] {processor.py:829} INFO - Processing file /home/airflow/.local/lib/python3.8/site-packages/airflow/example_dags/example_latest_only.py for tasks to queue
[2024-11-06T08:53:57.963+0000] {logging_mixin.py:154} INFO - [2024-11-06T08:53:57.963+0000] {dagbag.py:536} INFO - Filling up the DagBag from /home/airflow/.local/lib/python3.8/site-packages/airflow/example_dags/example_latest_only.py
[2024-11-06T08:53:57.965+0000] {processor.py:839} INFO - DAG(s) dict_keys(['latest_only']) retrieved from /home/airflow/.local/lib/python3.8/site-packages/airflow/example_dags/example_latest_only.py
[2024-11-06T08:53:57.974+0000] {logging_mixin.py:154} INFO - [2024-11-06T08:53:57.974+0000] {dag.py:2941} INFO - Sync 1 DAGs
[2024-11-06T08:53:57.985+0000] {logging_mixin.py:154} INFO - [2024-11-06T08:53:57.985+0000] {dag.py:3722} INFO - Setting next_dagrun for latest_only to 2024-11-06T04:53:57.984925+00:00, run_after=2024-11-06T08:53:57.984925+00:00
[2024-11-06T08:53:57.994+0000] {processor.py:179} INFO - Processing /home/airflow/.local/lib/python3.8/site-packages/airflow/example_dags/example_latest_only.py took 0.033 seconds
[2024-11-06T08:54:28.947+0000] {processor.py:157} INFO - Started process (PID=1270) to work on /home/airflow/.local/lib/python3.8/site-packages/airflow/example_dags/example_latest_only.py
[2024-11-06T08:54:28.947+0000] {processor.py:829} INFO - Processing file /home/airflow/.local/lib/python3.8/site-packages/airflow/example_dags/example_latest_only.py for tasks to queue
[2024-11-06T08:54:28.948+0000] {logging_mixin.py:154} INFO - [2024-11-06T08:54:28.948+0000] {dagbag.py:536} INFO - Filling up the DagBag from /home/airflow/.local/lib/python3.8/site-packages/airflow/example_dags/example_latest_only.py
[2024-11-06T08:54:28.950+0000] {processor.py:839} INFO - DAG(s) dict_keys(['latest_only']) retrieved from /home/airflow/.local/lib/python3.8/site-packages/airflow/example_dags/example_latest_only.py
[2024-11-06T08:54:28.959+0000] {logging_mixin.py:154} INFO - [2024-11-06T08:54:28.959+0000] {dag.py:2941} INFO - Sync 1 DAGs
[2024-11-06T08:54:28.968+0000] {logging_mixin.py:154} INFO - [2024-11-06T08:54:28.968+0000] {dag.py:3722} INFO - Setting next_dagrun for latest_only to 2024-11-06T04:54:28.968190+00:00, run_after=2024-11-06T08:54:28.968190+00:00
[2024-11-06T08:54:28.975+0000] {processor.py:179} INFO - Processing /home/airflow/.local/lib/python3.8/site-packages/airflow/example_dags/example_latest_only.py took 0.030 seconds
[2024-11-06T08:54:59.499+0000] {processor.py:157} INFO - Started process (PID=1324) to work on /home/airflow/.local/lib/python3.8/site-packages/airflow/example_dags/example_latest_only.py
[2024-11-06T08:54:59.500+0000] {processor.py:829} INFO - Processing file /home/airflow/.local/lib/python3.8/site-packages/airflow/example_dags/example_latest_only.py for tasks to queue
[2024-11-06T08:54:59.501+0000] {logging_mixin.py:154} INFO - [2024-11-06T08:54:59.501+0000] {dagbag.py:536} INFO - Filling up the DagBag from /home/airflow/.local/lib/python3.8/site-packages/airflow/example_dags/example_latest_only.py
[2024-11-06T08:54:59.503+0000] {processor.py:839} INFO - DAG(s) dict_keys(['latest_only']) retrieved from /home/airflow/.local/lib/python3.8/site-packages/airflow/example_dags/example_latest_only.py
[2024-11-06T08:54:59.512+0000] {logging_mixin.py:154} INFO - [2024-11-06T08:54:59.512+0000] {dag.py:2941} INFO - Sync 1 DAGs
[2024-11-06T08:54:59.521+0000] {logging_mixin.py:154} INFO - [2024-11-06T08:54:59.521+0000] {dag.py:3722} INFO - Setting next_dagrun for latest_only to 2024-11-06T04:54:59.521122+00:00, run_after=2024-11-06T08:54:59.521122+00:00
[2024-11-06T08:54:59.604+0000] {processor.py:179} INFO - Processing /home/airflow/.local/lib/python3.8/site-packages/airflow/example_dags/example_latest_only.py took 0.107 seconds
[2024-11-06T08:55:30.101+0000] {processor.py:157} INFO - Started process (PID=1378) to work on /home/airflow/.local/lib/python3.8/site-packages/airflow/example_dags/example_latest_only.py
[2024-11-06T08:55:30.102+0000] {processor.py:829} INFO - Processing file /home/airflow/.local/lib/python3.8/site-packages/airflow/example_dags/example_latest_only.py for tasks to queue
[2024-11-06T08:55:30.103+0000] {logging_mixin.py:154} INFO - [2024-11-06T08:55:30.103+0000] {dagbag.py:536} INFO - Filling up the DagBag from /home/airflow/.local/lib/python3.8/site-packages/airflow/example_dags/example_latest_only.py
[2024-11-06T08:55:30.106+0000] {processor.py:839} INFO - DAG(s) dict_keys(['latest_only']) retrieved from /home/airflow/.local/lib/python3.8/site-packages/airflow/example_dags/example_latest_only.py
[2024-11-06T08:55:30.115+0000] {logging_mixin.py:154} INFO - [2024-11-06T08:55:30.115+0000] {dag.py:2941} INFO - Sync 1 DAGs
[2024-11-06T08:55:30.124+0000] {logging_mixin.py:154} INFO - [2024-11-06T08:55:30.124+0000] {dag.py:3722} INFO - Setting next_dagrun for latest_only to 2024-11-06T04:55:30.124738+00:00, run_after=2024-11-06T08:55:30.124738+00:00
[2024-11-06T08:55:30.135+0000] {processor.py:179} INFO - Processing /home/airflow/.local/lib/python3.8/site-packages/airflow/example_dags/example_latest_only.py took 0.036 seconds
[2024-11-06T08:56:01.321+0000] {processor.py:157} INFO - Started process (PID=1432) to work on /home/airflow/.local/lib/python3.8/site-packages/airflow/example_dags/example_latest_only.py
[2024-11-06T08:56:01.321+0000] {processor.py:829} INFO - Processing file /home/airflow/.local/lib/python3.8/site-packages/airflow/example_dags/example_latest_only.py for tasks to queue
[2024-11-06T08:56:01.322+0000] {logging_mixin.py:154} INFO - [2024-11-06T08:56:01.322+0000] {dagbag.py:536} INFO - Filling up the DagBag from /home/airflow/.local/lib/python3.8/site-packages/airflow/example_dags/example_latest_only.py
[2024-11-06T08:56:01.325+0000] {processor.py:839} INFO - DAG(s) dict_keys(['latest_only']) retrieved from /home/airflow/.local/lib/python3.8/site-packages/airflow/example_dags/example_latest_only.py
[2024-11-06T08:56:01.336+0000] {logging_mixin.py:154} INFO - [2024-11-06T08:56:01.335+0000] {dag.py:2941} INFO - Sync 1 DAGs
[2024-11-06T08:56:01.430+0000] {logging_mixin.py:154} INFO - [2024-11-06T08:56:01.430+0000] {dag.py:3722} INFO - Setting next_dagrun for latest_only to 2024-11-06T04:56:01.430249+00:00, run_after=2024-11-06T08:56:01.430249+00:00
[2024-11-06T08:56:01.438+0000] {processor.py:179} INFO - Processing /home/airflow/.local/lib/python3.8/site-packages/airflow/example_dags/example_latest_only.py took 0.119 seconds
[2024-11-06T08:56:32.125+0000] {processor.py:157} INFO - Started process (PID=1486) to work on /home/airflow/.local/lib/python3.8/site-packages/airflow/example_dags/example_latest_only.py
[2024-11-06T08:56:32.125+0000] {processor.py:829} INFO - Processing file /home/airflow/.local/lib/python3.8/site-packages/airflow/example_dags/example_latest_only.py for tasks to queue
[2024-11-06T08:56:32.126+0000] {logging_mixin.py:154} INFO - [2024-11-06T08:56:32.126+0000] {dagbag.py:536} INFO - Filling up the DagBag from /home/airflow/.local/lib/python3.8/site-packages/airflow/example_dags/example_latest_only.py
[2024-11-06T08:56:32.129+0000] {processor.py:839} INFO - DAG(s) dict_keys(['latest_only']) retrieved from /home/airflow/.local/lib/python3.8/site-packages/airflow/example_dags/example_latest_only.py
[2024-11-06T08:56:32.138+0000] {logging_mixin.py:154} INFO - [2024-11-06T08:56:32.138+0000] {dag.py:2941} INFO - Sync 1 DAGs
[2024-11-06T08:56:32.147+0000] {logging_mixin.py:154} INFO - [2024-11-06T08:56:32.146+0000] {dag.py:3722} INFO - Setting next_dagrun for latest_only to 2024-11-06T04:56:32.146873+00:00, run_after=2024-11-06T08:56:32.146873+00:00
[2024-11-06T08:56:32.230+0000] {processor.py:179} INFO - Processing /home/airflow/.local/lib/python3.8/site-packages/airflow/example_dags/example_latest_only.py took 0.107 seconds
[2024-11-06T08:57:02.445+0000] {processor.py:157} INFO - Started process (PID=1540) to work on /home/airflow/.local/lib/python3.8/site-packages/airflow/example_dags/example_latest_only.py
[2024-11-06T08:57:02.446+0000] {processor.py:829} INFO - Processing file /home/airflow/.local/lib/python3.8/site-packages/airflow/example_dags/example_latest_only.py for tasks to queue
[2024-11-06T08:57:02.449+0000] {logging_mixin.py:154} INFO - [2024-11-06T08:57:02.448+0000] {dagbag.py:536} INFO - Filling up the DagBag from /home/airflow/.local/lib/python3.8/site-packages/airflow/example_dags/example_latest_only.py
[2024-11-06T08:57:02.452+0000] {processor.py:839} INFO - DAG(s) dict_keys(['latest_only']) retrieved from /home/airflow/.local/lib/python3.8/site-packages/airflow/example_dags/example_latest_only.py
[2024-11-06T08:57:02.464+0000] {logging_mixin.py:154} INFO - [2024-11-06T08:57:02.464+0000] {dag.py:2941} INFO - Sync 1 DAGs
[2024-11-06T08:57:02.473+0000] {logging_mixin.py:154} INFO - [2024-11-06T08:57:02.473+0000] {dag.py:3722} INFO - Setting next_dagrun for latest_only to 2024-11-06T04:57:02.473708+00:00, run_after=2024-11-06T08:57:02.473708+00:00
[2024-11-06T08:57:02.481+0000] {processor.py:179} INFO - Processing /home/airflow/.local/lib/python3.8/site-packages/airflow/example_dags/example_latest_only.py took 0.037 seconds
[2024-11-06T08:57:32.923+0000] {processor.py:157} INFO - Started process (PID=1594) to work on /home/airflow/.local/lib/python3.8/site-packages/airflow/example_dags/example_latest_only.py
[2024-11-06T08:57:32.924+0000] {processor.py:829} INFO - Processing file /home/airflow/.local/lib/python3.8/site-packages/airflow/example_dags/example_latest_only.py for tasks to queue
[2024-11-06T08:57:32.926+0000] {logging_mixin.py:154} INFO - [2024-11-06T08:57:32.925+0000] {dagbag.py:536} INFO - Filling up the DagBag from /home/airflow/.local/lib/python3.8/site-packages/airflow/example_dags/example_latest_only.py
[2024-11-06T08:57:32.929+0000] {processor.py:839} INFO - DAG(s) dict_keys(['latest_only']) retrieved from /home/airflow/.local/lib/python3.8/site-packages/airflow/example_dags/example_latest_only.py
[2024-11-06T08:57:32.940+0000] {logging_mixin.py:154} INFO - [2024-11-06T08:57:32.940+0000] {dag.py:2941} INFO - Sync 1 DAGs
[2024-11-06T08:57:33.030+0000] {logging_mixin.py:154} INFO - [2024-11-06T08:57:33.029+0000] {dag.py:3722} INFO - Setting next_dagrun for latest_only to 2024-11-06T04:57:33.029868+00:00, run_after=2024-11-06T08:57:33.029868+00:00
[2024-11-06T08:57:33.042+0000] {processor.py:179} INFO - Processing /home/airflow/.local/lib/python3.8/site-packages/airflow/example_dags/example_latest_only.py took 0.121 seconds
[2024-11-06T08:58:03.796+0000] {processor.py:157} INFO - Started process (PID=1647) to work on /home/airflow/.local/lib/python3.8/site-packages/airflow/example_dags/example_latest_only.py
[2024-11-06T08:58:03.796+0000] {processor.py:829} INFO - Processing file /home/airflow/.local/lib/python3.8/site-packages/airflow/example_dags/example_latest_only.py for tasks to queue
[2024-11-06T08:58:03.797+0000] {logging_mixin.py:154} INFO - [2024-11-06T08:58:03.797+0000] {dagbag.py:536} INFO - Filling up the DagBag from /home/airflow/.local/lib/python3.8/site-packages/airflow/example_dags/example_latest_only.py
[2024-11-06T08:58:03.799+0000] {processor.py:839} INFO - DAG(s) dict_keys(['latest_only']) retrieved from /home/airflow/.local/lib/python3.8/site-packages/airflow/example_dags/example_latest_only.py
[2024-11-06T08:58:03.809+0000] {logging_mixin.py:154} INFO - [2024-11-06T08:58:03.809+0000] {dag.py:2941} INFO - Sync 1 DAGs
[2024-11-06T08:58:03.818+0000] {logging_mixin.py:154} INFO - [2024-11-06T08:58:03.818+0000] {dag.py:3722} INFO - Setting next_dagrun for latest_only to 2024-11-06T04:58:03.818067+00:00, run_after=2024-11-06T08:58:03.818067+00:00
[2024-11-06T08:58:03.828+0000] {processor.py:179} INFO - Processing /home/airflow/.local/lib/python3.8/site-packages/airflow/example_dags/example_latest_only.py took 0.034 seconds
[2024-11-06T08:58:34.245+0000] {processor.py:157} INFO - Started process (PID=1701) to work on /home/airflow/.local/lib/python3.8/site-packages/airflow/example_dags/example_latest_only.py
[2024-11-06T08:58:34.246+0000] {processor.py:829} INFO - Processing file /home/airflow/.local/lib/python3.8/site-packages/airflow/example_dags/example_latest_only.py for tasks to queue
[2024-11-06T08:58:34.247+0000] {logging_mixin.py:154} INFO - [2024-11-06T08:58:34.246+0000] {dagbag.py:536} INFO - Filling up the DagBag from /home/airflow/.local/lib/python3.8/site-packages/airflow/example_dags/example_latest_only.py
[2024-11-06T08:58:34.324+0000] {processor.py:839} INFO - DAG(s) dict_keys(['latest_only']) retrieved from /home/airflow/.local/lib/python3.8/site-packages/airflow/example_dags/example_latest_only.py
[2024-11-06T08:58:34.331+0000] {logging_mixin.py:154} INFO - [2024-11-06T08:58:34.331+0000] {dag.py:2941} INFO - Sync 1 DAGs
[2024-11-06T08:58:34.339+0000] {logging_mixin.py:154} INFO - [2024-11-06T08:58:34.339+0000] {dag.py:3722} INFO - Setting next_dagrun for latest_only to 2024-11-06T04:58:34.339016+00:00, run_after=2024-11-06T08:58:34.339016+00:00
[2024-11-06T08:58:34.348+0000] {processor.py:179} INFO - Processing /home/airflow/.local/lib/python3.8/site-packages/airflow/example_dags/example_latest_only.py took 0.105 seconds
[2024-11-06T09:17:57.588+0000] {processor.py:157} INFO - Started process (PID=1746) to work on /home/airflow/.local/lib/python3.8/site-packages/airflow/example_dags/example_latest_only.py
[2024-11-06T09:17:57.590+0000] {processor.py:829} INFO - Processing file /home/airflow/.local/lib/python3.8/site-packages/airflow/example_dags/example_latest_only.py for tasks to queue
[2024-11-06T09:17:57.592+0000] {logging_mixin.py:154} INFO - [2024-11-06T09:17:57.591+0000] {dagbag.py:536} INFO - Filling up the DagBag from /home/airflow/.local/lib/python3.8/site-packages/airflow/example_dags/example_latest_only.py
[2024-11-06T09:17:57.594+0000] {processor.py:839} INFO - DAG(s) dict_keys(['latest_only']) retrieved from /home/airflow/.local/lib/python3.8/site-packages/airflow/example_dags/example_latest_only.py
[2024-11-06T09:17:57.609+0000] {logging_mixin.py:154} INFO - [2024-11-06T09:17:57.609+0000] {dag.py:2941} INFO - Sync 1 DAGs
[2024-11-06T09:17:57.619+0000] {logging_mixin.py:154} INFO - [2024-11-06T09:17:57.619+0000] {dag.py:3722} INFO - Setting next_dagrun for latest_only to 2024-11-06T05:17:57.619789+00:00, run_after=2024-11-06T09:17:57.619789+00:00
[2024-11-06T09:17:57.627+0000] {processor.py:179} INFO - Processing /home/airflow/.local/lib/python3.8/site-packages/airflow/example_dags/example_latest_only.py took 0.042 seconds
[2024-11-06T09:29:44.038+0000] {processor.py:157} INFO - Started process (PID=1800) to work on /home/airflow/.local/lib/python3.8/site-packages/airflow/example_dags/example_latest_only.py
[2024-11-06T09:29:44.041+0000] {processor.py:829} INFO - Processing file /home/airflow/.local/lib/python3.8/site-packages/airflow/example_dags/example_latest_only.py for tasks to queue
[2024-11-06T09:29:44.044+0000] {logging_mixin.py:154} INFO - [2024-11-06T09:29:44.043+0000] {dagbag.py:536} INFO - Filling up the DagBag from /home/airflow/.local/lib/python3.8/site-packages/airflow/example_dags/example_latest_only.py
[2024-11-06T09:29:44.049+0000] {processor.py:839} INFO - DAG(s) dict_keys(['latest_only']) retrieved from /home/airflow/.local/lib/python3.8/site-packages/airflow/example_dags/example_latest_only.py
[2024-11-06T09:29:44.069+0000] {logging_mixin.py:154} INFO - [2024-11-06T09:29:44.069+0000] {dag.py:2941} INFO - Sync 1 DAGs
[2024-11-06T09:29:44.090+0000] {logging_mixin.py:154} INFO - [2024-11-06T09:29:44.090+0000] {dag.py:3722} INFO - Setting next_dagrun for latest_only to 2024-11-06T05:29:44.089920+00:00, run_after=2024-11-06T09:29:44.089920+00:00
[2024-11-06T09:29:44.113+0000] {processor.py:179} INFO - Processing /home/airflow/.local/lib/python3.8/site-packages/airflow/example_dags/example_latest_only.py took 0.078 seconds
[2024-11-06T10:28:13.889+0000] {processor.py:157} INFO - Started process (PID=1854) to work on /home/airflow/.local/lib/python3.8/site-packages/airflow/example_dags/example_latest_only.py
[2024-11-06T10:28:13.890+0000] {processor.py:829} INFO - Processing file /home/airflow/.local/lib/python3.8/site-packages/airflow/example_dags/example_latest_only.py for tasks to queue
[2024-11-06T10:28:13.891+0000] {logging_mixin.py:154} INFO - [2024-11-06T10:28:13.891+0000] {dagbag.py:536} INFO - Filling up the DagBag from /home/airflow/.local/lib/python3.8/site-packages/airflow/example_dags/example_latest_only.py
[2024-11-06T10:28:13.894+0000] {processor.py:839} INFO - DAG(s) dict_keys(['latest_only']) retrieved from /home/airflow/.local/lib/python3.8/site-packages/airflow/example_dags/example_latest_only.py
[2024-11-06T10:28:13.907+0000] {logging_mixin.py:154} INFO - [2024-11-06T10:28:13.906+0000] {dag.py:2941} INFO - Sync 1 DAGs
[2024-11-06T10:28:13.916+0000] {logging_mixin.py:154} INFO - [2024-11-06T10:28:13.916+0000] {dag.py:3722} INFO - Setting next_dagrun for latest_only to 2024-11-06T06:28:13.916763+00:00, run_after=2024-11-06T10:28:13.916763+00:00
[2024-11-06T10:28:13.929+0000] {processor.py:179} INFO - Processing /home/airflow/.local/lib/python3.8/site-packages/airflow/example_dags/example_latest_only.py took 0.041 seconds
[2024-11-06T11:31:03.954+0000] {processor.py:157} INFO - Started process (PID=1908) to work on /home/airflow/.local/lib/python3.8/site-packages/airflow/example_dags/example_latest_only.py
[2024-11-06T11:31:03.954+0000] {processor.py:829} INFO - Processing file /home/airflow/.local/lib/python3.8/site-packages/airflow/example_dags/example_latest_only.py for tasks to queue
[2024-11-06T11:31:03.955+0000] {logging_mixin.py:154} INFO - [2024-11-06T11:31:03.955+0000] {dagbag.py:536} INFO - Filling up the DagBag from /home/airflow/.local/lib/python3.8/site-packages/airflow/example_dags/example_latest_only.py
[2024-11-06T11:31:03.957+0000] {processor.py:839} INFO - DAG(s) dict_keys(['latest_only']) retrieved from /home/airflow/.local/lib/python3.8/site-packages/airflow/example_dags/example_latest_only.py
[2024-11-06T11:31:03.971+0000] {logging_mixin.py:154} INFO - [2024-11-06T11:31:03.971+0000] {dag.py:2941} INFO - Sync 1 DAGs
[2024-11-06T11:31:03.980+0000] {logging_mixin.py:154} INFO - [2024-11-06T11:31:03.980+0000] {dag.py:3722} INFO - Setting next_dagrun for latest_only to 2024-11-06T07:31:03.980787+00:00, run_after=2024-11-06T11:31:03.980787+00:00
[2024-11-06T11:31:03.990+0000] {processor.py:179} INFO - Processing /home/airflow/.local/lib/python3.8/site-packages/airflow/example_dags/example_latest_only.py took 0.038 seconds
[2024-11-06T11:59:50.492+0000] {processor.py:157} INFO - Started process (PID=1962) to work on /home/airflow/.local/lib/python3.8/site-packages/airflow/example_dags/example_latest_only.py
[2024-11-06T11:59:50.493+0000] {processor.py:829} INFO - Processing file /home/airflow/.local/lib/python3.8/site-packages/airflow/example_dags/example_latest_only.py for tasks to queue
[2024-11-06T11:59:50.494+0000] {logging_mixin.py:154} INFO - [2024-11-06T11:59:50.494+0000] {dagbag.py:536} INFO - Filling up the DagBag from /home/airflow/.local/lib/python3.8/site-packages/airflow/example_dags/example_latest_only.py
[2024-11-06T11:59:50.496+0000] {processor.py:839} INFO - DAG(s) dict_keys(['latest_only']) retrieved from /home/airflow/.local/lib/python3.8/site-packages/airflow/example_dags/example_latest_only.py
[2024-11-06T11:59:50.505+0000] {logging_mixin.py:154} INFO - [2024-11-06T11:59:50.505+0000] {dag.py:2941} INFO - Sync 1 DAGs
[2024-11-06T11:59:50.514+0000] {logging_mixin.py:154} INFO - [2024-11-06T11:59:50.514+0000] {dag.py:3722} INFO - Setting next_dagrun for latest_only to 2024-11-06T07:59:50.514734+00:00, run_after=2024-11-06T11:59:50.514734+00:00
[2024-11-06T11:59:50.527+0000] {processor.py:179} INFO - Processing /home/airflow/.local/lib/python3.8/site-packages/airflow/example_dags/example_latest_only.py took 0.036 seconds
[2024-11-06T12:50:47.956+0000] {processor.py:157} INFO - Started process (PID=2016) to work on /home/airflow/.local/lib/python3.8/site-packages/airflow/example_dags/example_latest_only.py
[2024-11-06T12:50:47.958+0000] {processor.py:829} INFO - Processing file /home/airflow/.local/lib/python3.8/site-packages/airflow/example_dags/example_latest_only.py for tasks to queue
[2024-11-06T12:50:47.964+0000] {logging_mixin.py:154} INFO - [2024-11-06T12:50:47.964+0000] {dagbag.py:536} INFO - Filling up the DagBag from /home/airflow/.local/lib/python3.8/site-packages/airflow/example_dags/example_latest_only.py
[2024-11-06T12:50:47.968+0000] {processor.py:839} INFO - DAG(s) dict_keys(['latest_only']) retrieved from /home/airflow/.local/lib/python3.8/site-packages/airflow/example_dags/example_latest_only.py
[2024-11-06T12:50:48.004+0000] {logging_mixin.py:154} INFO - [2024-11-06T12:50:48.003+0000] {dag.py:2941} INFO - Sync 1 DAGs
[2024-11-06T12:50:48.027+0000] {logging_mixin.py:154} INFO - [2024-11-06T12:50:48.027+0000] {dag.py:3722} INFO - Setting next_dagrun for latest_only to 2024-11-06T08:50:48.027043+00:00, run_after=2024-11-06T12:50:48.027043+00:00
[2024-11-06T12:50:48.054+0000] {processor.py:179} INFO - Processing /home/airflow/.local/lib/python3.8/site-packages/airflow/example_dags/example_latest_only.py took 0.102 seconds
[2024-11-06T12:52:35.723+0000] {processor.py:157} INFO - Started process (PID=2070) to work on /home/airflow/.local/lib/python3.8/site-packages/airflow/example_dags/example_latest_only.py
[2024-11-06T12:52:35.724+0000] {processor.py:829} INFO - Processing file /home/airflow/.local/lib/python3.8/site-packages/airflow/example_dags/example_latest_only.py for tasks to queue
[2024-11-06T12:52:35.726+0000] {logging_mixin.py:154} INFO - [2024-11-06T12:52:35.726+0000] {dagbag.py:536} INFO - Filling up the DagBag from /home/airflow/.local/lib/python3.8/site-packages/airflow/example_dags/example_latest_only.py
[2024-11-06T12:52:35.730+0000] {processor.py:839} INFO - DAG(s) dict_keys(['latest_only']) retrieved from /home/airflow/.local/lib/python3.8/site-packages/airflow/example_dags/example_latest_only.py
[2024-11-06T12:52:35.743+0000] {logging_mixin.py:154} INFO - [2024-11-06T12:52:35.743+0000] {dag.py:2941} INFO - Sync 1 DAGs
[2024-11-06T12:52:35.752+0000] {logging_mixin.py:154} INFO - [2024-11-06T12:52:35.752+0000] {dag.py:3722} INFO - Setting next_dagrun for latest_only to 2024-11-06T08:52:35.752801+00:00, run_after=2024-11-06T12:52:35.752801+00:00
[2024-11-06T12:52:35.762+0000] {processor.py:179} INFO - Processing /home/airflow/.local/lib/python3.8/site-packages/airflow/example_dags/example_latest_only.py took 0.042 seconds
[2024-11-06T13:07:17.147+0000] {processor.py:157} INFO - Started process (PID=2124) to work on /home/airflow/.local/lib/python3.8/site-packages/airflow/example_dags/example_latest_only.py
[2024-11-06T13:07:17.149+0000] {processor.py:829} INFO - Processing file /home/airflow/.local/lib/python3.8/site-packages/airflow/example_dags/example_latest_only.py for tasks to queue
[2024-11-06T13:07:17.151+0000] {logging_mixin.py:154} INFO - [2024-11-06T13:07:17.151+0000] {dagbag.py:536} INFO - Filling up the DagBag from /home/airflow/.local/lib/python3.8/site-packages/airflow/example_dags/example_latest_only.py
[2024-11-06T13:07:17.155+0000] {processor.py:839} INFO - DAG(s) dict_keys(['latest_only']) retrieved from /home/airflow/.local/lib/python3.8/site-packages/airflow/example_dags/example_latest_only.py
[2024-11-06T13:07:17.165+0000] {logging_mixin.py:154} INFO - [2024-11-06T13:07:17.165+0000] {dag.py:2941} INFO - Sync 1 DAGs
[2024-11-06T13:07:17.174+0000] {logging_mixin.py:154} INFO - [2024-11-06T13:07:17.174+0000] {dag.py:3722} INFO - Setting next_dagrun for latest_only to 2024-11-06T09:07:17.173988+00:00, run_after=2024-11-06T13:07:17.173988+00:00
[2024-11-06T13:07:17.183+0000] {processor.py:179} INFO - Processing /home/airflow/.local/lib/python3.8/site-packages/airflow/example_dags/example_latest_only.py took 0.038 seconds
[2024-11-06T13:47:32.076+0000] {processor.py:157} INFO - Started process (PID=2178) to work on /home/airflow/.local/lib/python3.8/site-packages/airflow/example_dags/example_latest_only.py
[2024-11-06T13:47:32.076+0000] {processor.py:829} INFO - Processing file /home/airflow/.local/lib/python3.8/site-packages/airflow/example_dags/example_latest_only.py for tasks to queue
[2024-11-06T13:47:32.077+0000] {logging_mixin.py:154} INFO - [2024-11-06T13:47:32.077+0000] {dagbag.py:536} INFO - Filling up the DagBag from /home/airflow/.local/lib/python3.8/site-packages/airflow/example_dags/example_latest_only.py
[2024-11-06T13:47:32.079+0000] {processor.py:839} INFO - DAG(s) dict_keys(['latest_only']) retrieved from /home/airflow/.local/lib/python3.8/site-packages/airflow/example_dags/example_latest_only.py
[2024-11-06T13:47:32.088+0000] {logging_mixin.py:154} INFO - [2024-11-06T13:47:32.088+0000] {dag.py:2941} INFO - Sync 1 DAGs
[2024-11-06T13:47:32.101+0000] {logging_mixin.py:154} INFO - [2024-11-06T13:47:32.101+0000] {dag.py:3722} INFO - Setting next_dagrun for latest_only to 2024-11-06T09:47:32.101482+00:00, run_after=2024-11-06T13:47:32.101482+00:00
[2024-11-06T13:47:32.109+0000] {processor.py:179} INFO - Processing /home/airflow/.local/lib/python3.8/site-packages/airflow/example_dags/example_latest_only.py took 0.035 seconds
[2024-11-06T13:55:17.643+0000] {processor.py:157} INFO - Started process (PID=2232) to work on /home/airflow/.local/lib/python3.8/site-packages/airflow/example_dags/example_latest_only.py
[2024-11-06T13:55:17.643+0000] {processor.py:829} INFO - Processing file /home/airflow/.local/lib/python3.8/site-packages/airflow/example_dags/example_latest_only.py for tasks to queue
[2024-11-06T13:55:17.645+0000] {logging_mixin.py:154} INFO - [2024-11-06T13:55:17.645+0000] {dagbag.py:536} INFO - Filling up the DagBag from /home/airflow/.local/lib/python3.8/site-packages/airflow/example_dags/example_latest_only.py
[2024-11-06T13:55:17.647+0000] {processor.py:839} INFO - DAG(s) dict_keys(['latest_only']) retrieved from /home/airflow/.local/lib/python3.8/site-packages/airflow/example_dags/example_latest_only.py
[2024-11-06T13:55:17.656+0000] {logging_mixin.py:154} INFO - [2024-11-06T13:55:17.656+0000] {dag.py:2941} INFO - Sync 1 DAGs
[2024-11-06T13:55:17.665+0000] {logging_mixin.py:154} INFO - [2024-11-06T13:55:17.665+0000] {dag.py:3722} INFO - Setting next_dagrun for latest_only to 2024-11-06T09:55:17.665421+00:00, run_after=2024-11-06T13:55:17.665421+00:00
[2024-11-06T13:55:17.672+0000] {processor.py:179} INFO - Processing /home/airflow/.local/lib/python3.8/site-packages/airflow/example_dags/example_latest_only.py took 0.030 seconds
[2024-11-06T14:00:22.446+0000] {processor.py:157} INFO - Started process (PID=2286) to work on /home/airflow/.local/lib/python3.8/site-packages/airflow/example_dags/example_latest_only.py
[2024-11-06T14:00:22.446+0000] {processor.py:829} INFO - Processing file /home/airflow/.local/lib/python3.8/site-packages/airflow/example_dags/example_latest_only.py for tasks to queue
[2024-11-06T14:00:22.448+0000] {logging_mixin.py:154} INFO - [2024-11-06T14:00:22.448+0000] {dagbag.py:536} INFO - Filling up the DagBag from /home/airflow/.local/lib/python3.8/site-packages/airflow/example_dags/example_latest_only.py
[2024-11-06T14:00:22.450+0000] {processor.py:839} INFO - DAG(s) dict_keys(['latest_only']) retrieved from /home/airflow/.local/lib/python3.8/site-packages/airflow/example_dags/example_latest_only.py
[2024-11-06T14:00:22.462+0000] {logging_mixin.py:154} INFO - [2024-11-06T14:00:22.461+0000] {dag.py:2941} INFO - Sync 1 DAGs
[2024-11-06T14:00:22.471+0000] {logging_mixin.py:154} INFO - [2024-11-06T14:00:22.471+0000] {dag.py:3722} INFO - Setting next_dagrun for latest_only to 2024-11-06T10:00:22.471286+00:00, run_after=2024-11-06T14:00:22.471286+00:00
[2024-11-06T14:00:22.479+0000] {processor.py:179} INFO - Processing /home/airflow/.local/lib/python3.8/site-packages/airflow/example_dags/example_latest_only.py took 0.035 seconds
[2024-11-06T14:05:42.413+0000] {processor.py:157} INFO - Started process (PID=2340) to work on /home/airflow/.local/lib/python3.8/site-packages/airflow/example_dags/example_latest_only.py
[2024-11-06T14:05:42.414+0000] {processor.py:829} INFO - Processing file /home/airflow/.local/lib/python3.8/site-packages/airflow/example_dags/example_latest_only.py for tasks to queue
[2024-11-06T14:05:42.415+0000] {logging_mixin.py:154} INFO - [2024-11-06T14:05:42.415+0000] {dagbag.py:536} INFO - Filling up the DagBag from /home/airflow/.local/lib/python3.8/site-packages/airflow/example_dags/example_latest_only.py
[2024-11-06T14:05:42.417+0000] {processor.py:839} INFO - DAG(s) dict_keys(['latest_only']) retrieved from /home/airflow/.local/lib/python3.8/site-packages/airflow/example_dags/example_latest_only.py
[2024-11-06T14:05:42.430+0000] {logging_mixin.py:154} INFO - [2024-11-06T14:05:42.430+0000] {dag.py:2941} INFO - Sync 1 DAGs
[2024-11-06T14:05:42.442+0000] {logging_mixin.py:154} INFO - [2024-11-06T14:05:42.442+0000] {dag.py:3722} INFO - Setting next_dagrun for latest_only to 2024-11-06T10:05:42.442379+00:00, run_after=2024-11-06T14:05:42.442379+00:00
[2024-11-06T14:05:42.453+0000] {processor.py:179} INFO - Processing /home/airflow/.local/lib/python3.8/site-packages/airflow/example_dags/example_latest_only.py took 0.042 seconds
[2024-11-06T14:09:56.837+0000] {processor.py:157} INFO - Started process (PID=2394) to work on /home/airflow/.local/lib/python3.8/site-packages/airflow/example_dags/example_latest_only.py
[2024-11-06T14:09:56.838+0000] {processor.py:829} INFO - Processing file /home/airflow/.local/lib/python3.8/site-packages/airflow/example_dags/example_latest_only.py for tasks to queue
[2024-11-06T14:09:56.839+0000] {logging_mixin.py:154} INFO - [2024-11-06T14:09:56.839+0000] {dagbag.py:536} INFO - Filling up the DagBag from /home/airflow/.local/lib/python3.8/site-packages/airflow/example_dags/example_latest_only.py
[2024-11-06T14:09:56.842+0000] {processor.py:839} INFO - DAG(s) dict_keys(['latest_only']) retrieved from /home/airflow/.local/lib/python3.8/site-packages/airflow/example_dags/example_latest_only.py
[2024-11-06T14:09:56.857+0000] {logging_mixin.py:154} INFO - [2024-11-06T14:09:56.857+0000] {dag.py:2941} INFO - Sync 1 DAGs
[2024-11-06T14:09:56.872+0000] {logging_mixin.py:154} INFO - [2024-11-06T14:09:56.871+0000] {dag.py:3722} INFO - Setting next_dagrun for latest_only to 2024-11-06T10:09:56.871637+00:00, run_after=2024-11-06T14:09:56.871637+00:00
[2024-11-06T14:09:56.885+0000] {processor.py:179} INFO - Processing /home/airflow/.local/lib/python3.8/site-packages/airflow/example_dags/example_latest_only.py took 0.050 seconds
[2024-11-06T14:16:57.868+0000] {processor.py:157} INFO - Started process (PID=2448) to work on /home/airflow/.local/lib/python3.8/site-packages/airflow/example_dags/example_latest_only.py
[2024-11-06T14:16:57.870+0000] {processor.py:829} INFO - Processing file /home/airflow/.local/lib/python3.8/site-packages/airflow/example_dags/example_latest_only.py for tasks to queue
[2024-11-06T14:16:57.872+0000] {logging_mixin.py:154} INFO - [2024-11-06T14:16:57.872+0000] {dagbag.py:536} INFO - Filling up the DagBag from /home/airflow/.local/lib/python3.8/site-packages/airflow/example_dags/example_latest_only.py
[2024-11-06T14:16:57.875+0000] {processor.py:839} INFO - DAG(s) dict_keys(['latest_only']) retrieved from /home/airflow/.local/lib/python3.8/site-packages/airflow/example_dags/example_latest_only.py
[2024-11-06T14:16:57.888+0000] {logging_mixin.py:154} INFO - [2024-11-06T14:16:57.888+0000] {dag.py:2941} INFO - Sync 1 DAGs
[2024-11-06T14:16:57.899+0000] {logging_mixin.py:154} INFO - [2024-11-06T14:16:57.899+0000] {dag.py:3722} INFO - Setting next_dagrun for latest_only to 2024-11-06T10:16:57.899170+00:00, run_after=2024-11-06T14:16:57.899170+00:00
[2024-11-06T14:16:57.911+0000] {processor.py:179} INFO - Processing /home/airflow/.local/lib/python3.8/site-packages/airflow/example_dags/example_latest_only.py took 0.044 seconds
[2024-11-06T14:23:15.519+0000] {processor.py:157} INFO - Started process (PID=2502) to work on /home/airflow/.local/lib/python3.8/site-packages/airflow/example_dags/example_latest_only.py
[2024-11-06T14:23:15.520+0000] {processor.py:829} INFO - Processing file /home/airflow/.local/lib/python3.8/site-packages/airflow/example_dags/example_latest_only.py for tasks to queue
[2024-11-06T14:23:15.522+0000] {logging_mixin.py:154} INFO - [2024-11-06T14:23:15.522+0000] {dagbag.py:536} INFO - Filling up the DagBag from /home/airflow/.local/lib/python3.8/site-packages/airflow/example_dags/example_latest_only.py
[2024-11-06T14:23:15.524+0000] {processor.py:839} INFO - DAG(s) dict_keys(['latest_only']) retrieved from /home/airflow/.local/lib/python3.8/site-packages/airflow/example_dags/example_latest_only.py
[2024-11-06T14:23:15.537+0000] {logging_mixin.py:154} INFO - [2024-11-06T14:23:15.537+0000] {dag.py:2941} INFO - Sync 1 DAGs
[2024-11-06T14:23:15.546+0000] {logging_mixin.py:154} INFO - [2024-11-06T14:23:15.546+0000] {dag.py:3722} INFO - Setting next_dagrun for latest_only to 2024-11-06T10:23:15.546240+00:00, run_after=2024-11-06T14:23:15.546240+00:00
[2024-11-06T14:23:15.554+0000] {processor.py:179} INFO - Processing /home/airflow/.local/lib/python3.8/site-packages/airflow/example_dags/example_latest_only.py took 0.037 seconds
[2024-11-06T14:31:02.346+0000] {processor.py:157} INFO - Started process (PID=2555) to work on /home/airflow/.local/lib/python3.8/site-packages/airflow/example_dags/example_latest_only.py
[2024-11-06T14:31:02.347+0000] {processor.py:829} INFO - Processing file /home/airflow/.local/lib/python3.8/site-packages/airflow/example_dags/example_latest_only.py for tasks to queue
[2024-11-06T14:31:02.348+0000] {logging_mixin.py:154} INFO - [2024-11-06T14:31:02.348+0000] {dagbag.py:536} INFO - Filling up the DagBag from /home/airflow/.local/lib/python3.8/site-packages/airflow/example_dags/example_latest_only.py
[2024-11-06T14:31:02.351+0000] {processor.py:839} INFO - DAG(s) dict_keys(['latest_only']) retrieved from /home/airflow/.local/lib/python3.8/site-packages/airflow/example_dags/example_latest_only.py
[2024-11-06T14:31:02.361+0000] {logging_mixin.py:154} INFO - [2024-11-06T14:31:02.361+0000] {dag.py:2941} INFO - Sync 1 DAGs
[2024-11-06T14:31:02.373+0000] {logging_mixin.py:154} INFO - [2024-11-06T14:31:02.373+0000] {dag.py:3722} INFO - Setting next_dagrun for latest_only to 2024-11-06T10:31:02.373302+00:00, run_after=2024-11-06T14:31:02.373302+00:00
[2024-11-06T14:31:02.390+0000] {processor.py:179} INFO - Processing /home/airflow/.local/lib/python3.8/site-packages/airflow/example_dags/example_latest_only.py took 0.045 seconds
[2024-11-06T14:36:36.776+0000] {processor.py:157} INFO - Started process (PID=2608) to work on /home/airflow/.local/lib/python3.8/site-packages/airflow/example_dags/example_latest_only.py
[2024-11-06T14:36:36.777+0000] {processor.py:829} INFO - Processing file /home/airflow/.local/lib/python3.8/site-packages/airflow/example_dags/example_latest_only.py for tasks to queue
[2024-11-06T14:36:36.779+0000] {logging_mixin.py:154} INFO - [2024-11-06T14:36:36.778+0000] {dagbag.py:536} INFO - Filling up the DagBag from /home/airflow/.local/lib/python3.8/site-packages/airflow/example_dags/example_latest_only.py
[2024-11-06T14:36:36.781+0000] {processor.py:839} INFO - DAG(s) dict_keys(['latest_only']) retrieved from /home/airflow/.local/lib/python3.8/site-packages/airflow/example_dags/example_latest_only.py
[2024-11-06T14:36:36.792+0000] {logging_mixin.py:154} INFO - [2024-11-06T14:36:36.792+0000] {dag.py:2941} INFO - Sync 1 DAGs
[2024-11-06T14:36:36.802+0000] {logging_mixin.py:154} INFO - [2024-11-06T14:36:36.802+0000] {dag.py:3722} INFO - Setting next_dagrun for latest_only to 2024-11-06T10:36:36.802182+00:00, run_after=2024-11-06T14:36:36.802182+00:00
[2024-11-06T14:36:36.814+0000] {processor.py:179} INFO - Processing /home/airflow/.local/lib/python3.8/site-packages/airflow/example_dags/example_latest_only.py took 0.040 seconds
[2024-11-06T15:02:53.242+0000] {processor.py:157} INFO - Started process (PID=2662) to work on /home/airflow/.local/lib/python3.8/site-packages/airflow/example_dags/example_latest_only.py
[2024-11-06T15:02:53.244+0000] {processor.py:829} INFO - Processing file /home/airflow/.local/lib/python3.8/site-packages/airflow/example_dags/example_latest_only.py for tasks to queue
[2024-11-06T15:02:53.245+0000] {logging_mixin.py:154} INFO - [2024-11-06T15:02:53.245+0000] {dagbag.py:536} INFO - Filling up the DagBag from /home/airflow/.local/lib/python3.8/site-packages/airflow/example_dags/example_latest_only.py
[2024-11-06T15:02:53.248+0000] {processor.py:839} INFO - DAG(s) dict_keys(['latest_only']) retrieved from /home/airflow/.local/lib/python3.8/site-packages/airflow/example_dags/example_latest_only.py
[2024-11-06T15:02:53.258+0000] {logging_mixin.py:154} INFO - [2024-11-06T15:02:53.258+0000] {dag.py:2941} INFO - Sync 1 DAGs
[2024-11-06T15:02:53.271+0000] {logging_mixin.py:154} INFO - [2024-11-06T15:02:53.271+0000] {dag.py:3722} INFO - Setting next_dagrun for latest_only to 2024-11-06T11:02:53.271085+00:00, run_after=2024-11-06T15:02:53.271085+00:00
[2024-11-06T15:02:53.286+0000] {processor.py:179} INFO - Processing /home/airflow/.local/lib/python3.8/site-packages/airflow/example_dags/example_latest_only.py took 0.046 seconds
[2024-11-06T15:37:17.197+0000] {processor.py:157} INFO - Started process (PID=2716) to work on /home/airflow/.local/lib/python3.8/site-packages/airflow/example_dags/example_latest_only.py
[2024-11-06T15:37:17.197+0000] {processor.py:829} INFO - Processing file /home/airflow/.local/lib/python3.8/site-packages/airflow/example_dags/example_latest_only.py for tasks to queue
[2024-11-06T15:37:17.198+0000] {logging_mixin.py:154} INFO - [2024-11-06T15:37:17.198+0000] {dagbag.py:536} INFO - Filling up the DagBag from /home/airflow/.local/lib/python3.8/site-packages/airflow/example_dags/example_latest_only.py
[2024-11-06T15:37:17.201+0000] {processor.py:839} INFO - DAG(s) dict_keys(['latest_only']) retrieved from /home/airflow/.local/lib/python3.8/site-packages/airflow/example_dags/example_latest_only.py
[2024-11-06T15:37:17.210+0000] {logging_mixin.py:154} INFO - [2024-11-06T15:37:17.210+0000] {dag.py:2941} INFO - Sync 1 DAGs
[2024-11-06T15:37:17.218+0000] {logging_mixin.py:154} INFO - [2024-11-06T15:37:17.218+0000] {dag.py:3722} INFO - Setting next_dagrun for latest_only to 2024-11-06T11:37:17.218079+00:00, run_after=2024-11-06T15:37:17.218079+00:00
[2024-11-06T15:37:17.227+0000] {processor.py:179} INFO - Processing /home/airflow/.local/lib/python3.8/site-packages/airflow/example_dags/example_latest_only.py took 0.031 seconds
[2024-11-06T15:48:09.668+0000] {processor.py:157} INFO - Started process (PID=2770) to work on /home/airflow/.local/lib/python3.8/site-packages/airflow/example_dags/example_latest_only.py
[2024-11-06T15:48:09.669+0000] {processor.py:829} INFO - Processing file /home/airflow/.local/lib/python3.8/site-packages/airflow/example_dags/example_latest_only.py for tasks to queue
[2024-11-06T15:48:09.672+0000] {logging_mixin.py:154} INFO - [2024-11-06T15:48:09.671+0000] {dagbag.py:536} INFO - Filling up the DagBag from /home/airflow/.local/lib/python3.8/site-packages/airflow/example_dags/example_latest_only.py
[2024-11-06T15:48:09.678+0000] {processor.py:839} INFO - DAG(s) dict_keys(['latest_only']) retrieved from /home/airflow/.local/lib/python3.8/site-packages/airflow/example_dags/example_latest_only.py
[2024-11-06T15:48:09.697+0000] {logging_mixin.py:154} INFO - [2024-11-06T15:48:09.697+0000] {dag.py:2941} INFO - Sync 1 DAGs
[2024-11-06T15:48:09.719+0000] {logging_mixin.py:154} INFO - [2024-11-06T15:48:09.719+0000] {dag.py:3722} INFO - Setting next_dagrun for latest_only to 2024-11-06T11:48:09.719113+00:00, run_after=2024-11-06T15:48:09.719113+00:00
[2024-11-06T15:48:09.745+0000] {processor.py:179} INFO - Processing /home/airflow/.local/lib/python3.8/site-packages/airflow/example_dags/example_latest_only.py took 0.081 seconds
[2024-11-06T16:49:03.988+0000] {processor.py:157} INFO - Started process (PID=2824) to work on /home/airflow/.local/lib/python3.8/site-packages/airflow/example_dags/example_latest_only.py
[2024-11-06T16:49:03.991+0000] {processor.py:829} INFO - Processing file /home/airflow/.local/lib/python3.8/site-packages/airflow/example_dags/example_latest_only.py for tasks to queue
[2024-11-06T16:49:03.993+0000] {logging_mixin.py:154} INFO - [2024-11-06T16:49:03.993+0000] {dagbag.py:536} INFO - Filling up the DagBag from /home/airflow/.local/lib/python3.8/site-packages/airflow/example_dags/example_latest_only.py
[2024-11-06T16:49:03.995+0000] {processor.py:839} INFO - DAG(s) dict_keys(['latest_only']) retrieved from /home/airflow/.local/lib/python3.8/site-packages/airflow/example_dags/example_latest_only.py
[2024-11-06T16:49:04.007+0000] {logging_mixin.py:154} INFO - [2024-11-06T16:49:04.007+0000] {dag.py:2941} INFO - Sync 1 DAGs
[2024-11-06T16:49:04.017+0000] {logging_mixin.py:154} INFO - [2024-11-06T16:49:04.017+0000] {dag.py:3722} INFO - Setting next_dagrun for latest_only to 2024-11-06T12:49:04.017375+00:00, run_after=2024-11-06T16:49:04.017375+00:00
[2024-11-06T16:49:04.026+0000] {processor.py:179} INFO - Processing /home/airflow/.local/lib/python3.8/site-packages/airflow/example_dags/example_latest_only.py took 0.040 seconds
[2024-11-06T16:49:56.775+0000] {processor.py:157} INFO - Started process (PID=2878) to work on /home/airflow/.local/lib/python3.8/site-packages/airflow/example_dags/example_latest_only.py
[2024-11-06T16:49:56.776+0000] {processor.py:829} INFO - Processing file /home/airflow/.local/lib/python3.8/site-packages/airflow/example_dags/example_latest_only.py for tasks to queue
[2024-11-06T16:49:56.777+0000] {logging_mixin.py:154} INFO - [2024-11-06T16:49:56.777+0000] {dagbag.py:536} INFO - Filling up the DagBag from /home/airflow/.local/lib/python3.8/site-packages/airflow/example_dags/example_latest_only.py
[2024-11-06T16:49:56.779+0000] {processor.py:839} INFO - DAG(s) dict_keys(['latest_only']) retrieved from /home/airflow/.local/lib/python3.8/site-packages/airflow/example_dags/example_latest_only.py
[2024-11-06T16:49:56.788+0000] {logging_mixin.py:154} INFO - [2024-11-06T16:49:56.788+0000] {dag.py:2941} INFO - Sync 1 DAGs
[2024-11-06T16:49:56.796+0000] {logging_mixin.py:154} INFO - [2024-11-06T16:49:56.796+0000] {dag.py:3722} INFO - Setting next_dagrun for latest_only to 2024-11-06T12:49:56.796102+00:00, run_after=2024-11-06T16:49:56.796102+00:00
[2024-11-06T16:49:56.805+0000] {processor.py:179} INFO - Processing /home/airflow/.local/lib/python3.8/site-packages/airflow/example_dags/example_latest_only.py took 0.031 seconds
[2024-11-06T17:40:08.784+0000] {processor.py:157} INFO - Started process (PID=2932) to work on /home/airflow/.local/lib/python3.8/site-packages/airflow/example_dags/example_latest_only.py
[2024-11-06T17:40:08.785+0000] {processor.py:829} INFO - Processing file /home/airflow/.local/lib/python3.8/site-packages/airflow/example_dags/example_latest_only.py for tasks to queue
[2024-11-06T17:40:08.787+0000] {logging_mixin.py:154} INFO - [2024-11-06T17:40:08.787+0000] {dagbag.py:536} INFO - Filling up the DagBag from /home/airflow/.local/lib/python3.8/site-packages/airflow/example_dags/example_latest_only.py
[2024-11-06T17:40:08.789+0000] {processor.py:839} INFO - DAG(s) dict_keys(['latest_only']) retrieved from /home/airflow/.local/lib/python3.8/site-packages/airflow/example_dags/example_latest_only.py
[2024-11-06T17:40:08.800+0000] {logging_mixin.py:154} INFO - [2024-11-06T17:40:08.800+0000] {dag.py:2941} INFO - Sync 1 DAGs
[2024-11-06T17:40:08.809+0000] {logging_mixin.py:154} INFO - [2024-11-06T17:40:08.808+0000] {dag.py:3722} INFO - Setting next_dagrun for latest_only to 2024-11-06T13:40:08.808847+00:00, run_after=2024-11-06T17:40:08.808847+00:00
[2024-11-06T17:40:08.816+0000] {processor.py:179} INFO - Processing /home/airflow/.local/lib/python3.8/site-packages/airflow/example_dags/example_latest_only.py took 0.034 seconds
[2024-11-06T18:40:21.112+0000] {processor.py:157} INFO - Started process (PID=2986) to work on /home/airflow/.local/lib/python3.8/site-packages/airflow/example_dags/example_latest_only.py
[2024-11-06T18:40:21.114+0000] {processor.py:829} INFO - Processing file /home/airflow/.local/lib/python3.8/site-packages/airflow/example_dags/example_latest_only.py for tasks to queue
[2024-11-06T18:40:21.115+0000] {logging_mixin.py:154} INFO - [2024-11-06T18:40:21.114+0000] {dagbag.py:536} INFO - Filling up the DagBag from /home/airflow/.local/lib/python3.8/site-packages/airflow/example_dags/example_latest_only.py
[2024-11-06T18:40:21.117+0000] {processor.py:839} INFO - DAG(s) dict_keys(['latest_only']) retrieved from /home/airflow/.local/lib/python3.8/site-packages/airflow/example_dags/example_latest_only.py
[2024-11-06T18:40:21.126+0000] {logging_mixin.py:154} INFO - [2024-11-06T18:40:21.125+0000] {dag.py:2941} INFO - Sync 1 DAGs
[2024-11-06T18:40:21.135+0000] {logging_mixin.py:154} INFO - [2024-11-06T18:40:21.135+0000] {dag.py:3722} INFO - Setting next_dagrun for latest_only to 2024-11-06T14:40:21.135064+00:00, run_after=2024-11-06T18:40:21.135064+00:00
[2024-11-06T18:40:21.143+0000] {processor.py:179} INFO - Processing /home/airflow/.local/lib/python3.8/site-packages/airflow/example_dags/example_latest_only.py took 0.033 seconds
[2024-11-06T19:56:54.915+0000] {processor.py:157} INFO - Started process (PID=3040) to work on /home/airflow/.local/lib/python3.8/site-packages/airflow/example_dags/example_latest_only.py
[2024-11-06T19:56:54.917+0000] {processor.py:829} INFO - Processing file /home/airflow/.local/lib/python3.8/site-packages/airflow/example_dags/example_latest_only.py for tasks to queue
[2024-11-06T19:56:54.918+0000] {logging_mixin.py:154} INFO - [2024-11-06T19:56:54.918+0000] {dagbag.py:536} INFO - Filling up the DagBag from /home/airflow/.local/lib/python3.8/site-packages/airflow/example_dags/example_latest_only.py
[2024-11-06T19:56:54.924+0000] {processor.py:839} INFO - DAG(s) dict_keys(['latest_only']) retrieved from /home/airflow/.local/lib/python3.8/site-packages/airflow/example_dags/example_latest_only.py
[2024-11-06T19:56:54.934+0000] {logging_mixin.py:154} INFO - [2024-11-06T19:56:54.934+0000] {dag.py:2941} INFO - Sync 1 DAGs
[2024-11-06T19:56:54.946+0000] {logging_mixin.py:154} INFO - [2024-11-06T19:56:54.946+0000] {dag.py:3722} INFO - Setting next_dagrun for latest_only to 2024-11-06T15:56:54.946806+00:00, run_after=2024-11-06T19:56:54.946806+00:00
[2024-11-06T19:56:54.954+0000] {processor.py:179} INFO - Processing /home/airflow/.local/lib/python3.8/site-packages/airflow/example_dags/example_latest_only.py took 0.041 seconds
[2024-11-06T20:41:41.547+0000] {processor.py:157} INFO - Started process (PID=3094) to work on /home/airflow/.local/lib/python3.8/site-packages/airflow/example_dags/example_latest_only.py
[2024-11-06T20:41:41.548+0000] {processor.py:829} INFO - Processing file /home/airflow/.local/lib/python3.8/site-packages/airflow/example_dags/example_latest_only.py for tasks to queue
[2024-11-06T20:41:41.549+0000] {logging_mixin.py:154} INFO - [2024-11-06T20:41:41.549+0000] {dagbag.py:536} INFO - Filling up the DagBag from /home/airflow/.local/lib/python3.8/site-packages/airflow/example_dags/example_latest_only.py
[2024-11-06T20:41:41.551+0000] {processor.py:839} INFO - DAG(s) dict_keys(['latest_only']) retrieved from /home/airflow/.local/lib/python3.8/site-packages/airflow/example_dags/example_latest_only.py
[2024-11-06T20:41:41.564+0000] {logging_mixin.py:154} INFO - [2024-11-06T20:41:41.564+0000] {dag.py:2941} INFO - Sync 1 DAGs
[2024-11-06T20:41:41.573+0000] {logging_mixin.py:154} INFO - [2024-11-06T20:41:41.573+0000] {dag.py:3722} INFO - Setting next_dagrun for latest_only to 2024-11-06T16:41:41.573010+00:00, run_after=2024-11-06T20:41:41.573010+00:00
[2024-11-06T20:41:41.586+0000] {processor.py:179} INFO - Processing /home/airflow/.local/lib/python3.8/site-packages/airflow/example_dags/example_latest_only.py took 0.040 seconds
[2024-11-06T22:09:51.018+0000] {processor.py:157} INFO - Started process (PID=3148) to work on /home/airflow/.local/lib/python3.8/site-packages/airflow/example_dags/example_latest_only.py
[2024-11-06T22:09:51.020+0000] {processor.py:829} INFO - Processing file /home/airflow/.local/lib/python3.8/site-packages/airflow/example_dags/example_latest_only.py for tasks to queue
[2024-11-06T22:09:51.022+0000] {logging_mixin.py:154} INFO - [2024-11-06T22:09:51.022+0000] {dagbag.py:536} INFO - Filling up the DagBag from /home/airflow/.local/lib/python3.8/site-packages/airflow/example_dags/example_latest_only.py
[2024-11-06T22:09:51.025+0000] {processor.py:839} INFO - DAG(s) dict_keys(['latest_only']) retrieved from /home/airflow/.local/lib/python3.8/site-packages/airflow/example_dags/example_latest_only.py
[2024-11-06T22:09:51.035+0000] {logging_mixin.py:154} INFO - [2024-11-06T22:09:51.035+0000] {dag.py:2941} INFO - Sync 1 DAGs
[2024-11-06T22:09:51.045+0000] {logging_mixin.py:154} INFO - [2024-11-06T22:09:51.045+0000] {dag.py:3722} INFO - Setting next_dagrun for latest_only to 2024-11-06T18:09:51.045319+00:00, run_after=2024-11-06T22:09:51.045319+00:00
[2024-11-06T22:09:51.055+0000] {processor.py:179} INFO - Processing /home/airflow/.local/lib/python3.8/site-packages/airflow/example_dags/example_latest_only.py took 0.038 seconds
[2024-11-06T23:10:56.762+0000] {processor.py:157} INFO - Started process (PID=3202) to work on /home/airflow/.local/lib/python3.8/site-packages/airflow/example_dags/example_latest_only.py
[2024-11-06T23:10:56.762+0000] {processor.py:829} INFO - Processing file /home/airflow/.local/lib/python3.8/site-packages/airflow/example_dags/example_latest_only.py for tasks to queue
[2024-11-06T23:10:56.765+0000] {logging_mixin.py:154} INFO - [2024-11-06T23:10:56.764+0000] {dagbag.py:536} INFO - Filling up the DagBag from /home/airflow/.local/lib/python3.8/site-packages/airflow/example_dags/example_latest_only.py
[2024-11-06T23:10:56.768+0000] {processor.py:839} INFO - DAG(s) dict_keys(['latest_only']) retrieved from /home/airflow/.local/lib/python3.8/site-packages/airflow/example_dags/example_latest_only.py
[2024-11-06T23:10:56.778+0000] {logging_mixin.py:154} INFO - [2024-11-06T23:10:56.778+0000] {dag.py:2941} INFO - Sync 1 DAGs
[2024-11-06T23:10:56.790+0000] {logging_mixin.py:154} INFO - [2024-11-06T23:10:56.790+0000] {dag.py:3722} INFO - Setting next_dagrun for latest_only to 2024-11-06T19:10:56.790113+00:00, run_after=2024-11-06T23:10:56.790113+00:00
[2024-11-06T23:10:56.801+0000] {processor.py:179} INFO - Processing /home/airflow/.local/lib/python3.8/site-packages/airflow/example_dags/example_latest_only.py took 0.041 seconds
[2024-11-06T23:49:21.474+0000] {processor.py:157} INFO - Started process (PID=3256) to work on /home/airflow/.local/lib/python3.8/site-packages/airflow/example_dags/example_latest_only.py
[2024-11-06T23:49:21.474+0000] {processor.py:829} INFO - Processing file /home/airflow/.local/lib/python3.8/site-packages/airflow/example_dags/example_latest_only.py for tasks to queue
[2024-11-06T23:49:21.475+0000] {logging_mixin.py:154} INFO - [2024-11-06T23:49:21.475+0000] {dagbag.py:536} INFO - Filling up the DagBag from /home/airflow/.local/lib/python3.8/site-packages/airflow/example_dags/example_latest_only.py
[2024-11-06T23:49:21.478+0000] {processor.py:839} INFO - DAG(s) dict_keys(['latest_only']) retrieved from /home/airflow/.local/lib/python3.8/site-packages/airflow/example_dags/example_latest_only.py
[2024-11-06T23:49:21.490+0000] {logging_mixin.py:154} INFO - [2024-11-06T23:49:21.490+0000] {dag.py:2941} INFO - Sync 1 DAGs
[2024-11-06T23:49:21.502+0000] {logging_mixin.py:154} INFO - [2024-11-06T23:49:21.502+0000] {dag.py:3722} INFO - Setting next_dagrun for latest_only to 2024-11-06T19:49:21.502167+00:00, run_after=2024-11-06T23:49:21.502167+00:00
[2024-11-06T23:49:21.513+0000] {processor.py:179} INFO - Processing /home/airflow/.local/lib/python3.8/site-packages/airflow/example_dags/example_latest_only.py took 0.041 seconds
