[2024-11-06T08:43:19.181+0000] {processor.py:157} INFO - Started process (PID=55) to work on /home/airflow/.local/lib/python3.8/site-packages/airflow/example_dags/example_xcom.py
[2024-11-06T08:43:19.183+0000] {processor.py:829} INFO - Processing file /home/airflow/.local/lib/python3.8/site-packages/airflow/example_dags/example_xcom.py for tasks to queue
[2024-11-06T08:43:19.184+0000] {logging_mixin.py:154} INFO - [2024-11-06T08:43:19.184+0000] {dagbag.py:536} INFO - Filling up the DagBag from /home/airflow/.local/lib/python3.8/site-packages/airflow/example_dags/example_xcom.py
[2024-11-06T08:43:19.191+0000] {processor.py:839} INFO - DAG(s) dict_keys(['example_xcom']) retrieved from /home/airflow/.local/lib/python3.8/site-packages/airflow/example_dags/example_xcom.py
[2024-11-06T08:43:19.201+0000] {logging_mixin.py:154} INFO - [2024-11-06T08:43:19.201+0000] {dag.py:2941} INFO - Sync 1 DAGs
[2024-11-06T08:43:19.218+0000] {logging_mixin.py:154} INFO - [2024-11-06T08:43:19.218+0000] {dag.py:3722} INFO - Setting next_dagrun for example_xcom to 2021-01-01T00:00:00+00:00, run_after=2021-01-01T00:00:00+00:00
[2024-11-06T08:43:19.232+0000] {processor.py:179} INFO - Processing /home/airflow/.local/lib/python3.8/site-packages/airflow/example_dags/example_xcom.py took 0.052 seconds
[2024-11-06T08:43:49.590+0000] {processor.py:157} INFO - Started process (PID=109) to work on /home/airflow/.local/lib/python3.8/site-packages/airflow/example_dags/example_xcom.py
[2024-11-06T08:43:49.591+0000] {processor.py:829} INFO - Processing file /home/airflow/.local/lib/python3.8/site-packages/airflow/example_dags/example_xcom.py for tasks to queue
[2024-11-06T08:43:49.593+0000] {logging_mixin.py:154} INFO - [2024-11-06T08:43:49.592+0000] {dagbag.py:536} INFO - Filling up the DagBag from /home/airflow/.local/lib/python3.8/site-packages/airflow/example_dags/example_xcom.py
[2024-11-06T08:43:49.596+0000] {processor.py:839} INFO - DAG(s) dict_keys(['example_xcom']) retrieved from /home/airflow/.local/lib/python3.8/site-packages/airflow/example_dags/example_xcom.py
[2024-11-06T08:43:49.606+0000] {logging_mixin.py:154} INFO - [2024-11-06T08:43:49.606+0000] {dag.py:2941} INFO - Sync 1 DAGs
[2024-11-06T08:43:49.618+0000] {logging_mixin.py:154} INFO - [2024-11-06T08:43:49.618+0000] {dag.py:3722} INFO - Setting next_dagrun for example_xcom to 2021-01-01T00:00:00+00:00, run_after=2021-01-01T00:00:00+00:00
[2024-11-06T08:43:49.626+0000] {processor.py:179} INFO - Processing /home/airflow/.local/lib/python3.8/site-packages/airflow/example_dags/example_xcom.py took 0.038 seconds
[2024-11-06T08:44:19.991+0000] {processor.py:157} INFO - Started process (PID=163) to work on /home/airflow/.local/lib/python3.8/site-packages/airflow/example_dags/example_xcom.py
[2024-11-06T08:44:19.991+0000] {processor.py:829} INFO - Processing file /home/airflow/.local/lib/python3.8/site-packages/airflow/example_dags/example_xcom.py for tasks to queue
[2024-11-06T08:44:19.993+0000] {logging_mixin.py:154} INFO - [2024-11-06T08:44:19.993+0000] {dagbag.py:536} INFO - Filling up the DagBag from /home/airflow/.local/lib/python3.8/site-packages/airflow/example_dags/example_xcom.py
[2024-11-06T08:44:19.997+0000] {processor.py:839} INFO - DAG(s) dict_keys(['example_xcom']) retrieved from /home/airflow/.local/lib/python3.8/site-packages/airflow/example_dags/example_xcom.py
[2024-11-06T08:44:20.008+0000] {logging_mixin.py:154} INFO - [2024-11-06T08:44:20.008+0000] {dag.py:2941} INFO - Sync 1 DAGs
[2024-11-06T08:44:20.018+0000] {logging_mixin.py:154} INFO - [2024-11-06T08:44:20.017+0000] {dag.py:3722} INFO - Setting next_dagrun for example_xcom to 2021-01-01T00:00:00+00:00, run_after=2021-01-01T00:00:00+00:00
[2024-11-06T08:44:20.026+0000] {processor.py:179} INFO - Processing /home/airflow/.local/lib/python3.8/site-packages/airflow/example_dags/example_xcom.py took 0.036 seconds
[2024-11-06T08:44:50.355+0000] {processor.py:157} INFO - Started process (PID=217) to work on /home/airflow/.local/lib/python3.8/site-packages/airflow/example_dags/example_xcom.py
[2024-11-06T08:44:50.357+0000] {processor.py:829} INFO - Processing file /home/airflow/.local/lib/python3.8/site-packages/airflow/example_dags/example_xcom.py for tasks to queue
[2024-11-06T08:44:50.359+0000] {logging_mixin.py:154} INFO - [2024-11-06T08:44:50.359+0000] {dagbag.py:536} INFO - Filling up the DagBag from /home/airflow/.local/lib/python3.8/site-packages/airflow/example_dags/example_xcom.py
[2024-11-06T08:44:50.363+0000] {processor.py:839} INFO - DAG(s) dict_keys(['example_xcom']) retrieved from /home/airflow/.local/lib/python3.8/site-packages/airflow/example_dags/example_xcom.py
[2024-11-06T08:44:50.372+0000] {logging_mixin.py:154} INFO - [2024-11-06T08:44:50.372+0000] {dag.py:2941} INFO - Sync 1 DAGs
[2024-11-06T08:44:50.382+0000] {logging_mixin.py:154} INFO - [2024-11-06T08:44:50.382+0000] {dag.py:3722} INFO - Setting next_dagrun for example_xcom to 2021-01-01T00:00:00+00:00, run_after=2021-01-01T00:00:00+00:00
[2024-11-06T08:44:50.391+0000] {processor.py:179} INFO - Processing /home/airflow/.local/lib/python3.8/site-packages/airflow/example_dags/example_xcom.py took 0.037 seconds
[2024-11-06T08:45:20.731+0000] {processor.py:157} INFO - Started process (PID=271) to work on /home/airflow/.local/lib/python3.8/site-packages/airflow/example_dags/example_xcom.py
[2024-11-06T08:45:20.732+0000] {processor.py:829} INFO - Processing file /home/airflow/.local/lib/python3.8/site-packages/airflow/example_dags/example_xcom.py for tasks to queue
[2024-11-06T08:45:20.734+0000] {logging_mixin.py:154} INFO - [2024-11-06T08:45:20.734+0000] {dagbag.py:536} INFO - Filling up the DagBag from /home/airflow/.local/lib/python3.8/site-packages/airflow/example_dags/example_xcom.py
[2024-11-06T08:45:20.739+0000] {processor.py:839} INFO - DAG(s) dict_keys(['example_xcom']) retrieved from /home/airflow/.local/lib/python3.8/site-packages/airflow/example_dags/example_xcom.py
[2024-11-06T08:45:20.753+0000] {logging_mixin.py:154} INFO - [2024-11-06T08:45:20.753+0000] {dag.py:2941} INFO - Sync 1 DAGs
[2024-11-06T08:45:20.763+0000] {logging_mixin.py:154} INFO - [2024-11-06T08:45:20.763+0000] {dag.py:3722} INFO - Setting next_dagrun for example_xcom to 2021-01-01T00:00:00+00:00, run_after=2021-01-01T00:00:00+00:00
[2024-11-06T08:45:20.770+0000] {processor.py:179} INFO - Processing /home/airflow/.local/lib/python3.8/site-packages/airflow/example_dags/example_xcom.py took 0.041 seconds
[2024-11-06T08:45:51.146+0000] {processor.py:157} INFO - Started process (PID=325) to work on /home/airflow/.local/lib/python3.8/site-packages/airflow/example_dags/example_xcom.py
[2024-11-06T08:45:51.147+0000] {processor.py:829} INFO - Processing file /home/airflow/.local/lib/python3.8/site-packages/airflow/example_dags/example_xcom.py for tasks to queue
[2024-11-06T08:45:51.148+0000] {logging_mixin.py:154} INFO - [2024-11-06T08:45:51.148+0000] {dagbag.py:536} INFO - Filling up the DagBag from /home/airflow/.local/lib/python3.8/site-packages/airflow/example_dags/example_xcom.py
[2024-11-06T08:45:51.151+0000] {processor.py:839} INFO - DAG(s) dict_keys(['example_xcom']) retrieved from /home/airflow/.local/lib/python3.8/site-packages/airflow/example_dags/example_xcom.py
[2024-11-06T08:45:51.163+0000] {logging_mixin.py:154} INFO - [2024-11-06T08:45:51.163+0000] {dag.py:2941} INFO - Sync 1 DAGs
[2024-11-06T08:45:51.173+0000] {logging_mixin.py:154} INFO - [2024-11-06T08:45:51.173+0000] {dag.py:3722} INFO - Setting next_dagrun for example_xcom to 2021-01-01T00:00:00+00:00, run_after=2021-01-01T00:00:00+00:00
[2024-11-06T08:45:51.180+0000] {processor.py:179} INFO - Processing /home/airflow/.local/lib/python3.8/site-packages/airflow/example_dags/example_xcom.py took 0.036 seconds
[2024-11-06T08:46:21.499+0000] {processor.py:157} INFO - Started process (PID=379) to work on /home/airflow/.local/lib/python3.8/site-packages/airflow/example_dags/example_xcom.py
[2024-11-06T08:46:21.501+0000] {processor.py:829} INFO - Processing file /home/airflow/.local/lib/python3.8/site-packages/airflow/example_dags/example_xcom.py for tasks to queue
[2024-11-06T08:46:21.502+0000] {logging_mixin.py:154} INFO - [2024-11-06T08:46:21.501+0000] {dagbag.py:536} INFO - Filling up the DagBag from /home/airflow/.local/lib/python3.8/site-packages/airflow/example_dags/example_xcom.py
[2024-11-06T08:46:21.505+0000] {processor.py:839} INFO - DAG(s) dict_keys(['example_xcom']) retrieved from /home/airflow/.local/lib/python3.8/site-packages/airflow/example_dags/example_xcom.py
[2024-11-06T08:46:21.516+0000] {logging_mixin.py:154} INFO - [2024-11-06T08:46:21.515+0000] {dag.py:2941} INFO - Sync 1 DAGs
[2024-11-06T08:46:21.526+0000] {logging_mixin.py:154} INFO - [2024-11-06T08:46:21.525+0000] {dag.py:3722} INFO - Setting next_dagrun for example_xcom to 2021-01-01T00:00:00+00:00, run_after=2021-01-01T00:00:00+00:00
[2024-11-06T08:46:21.534+0000] {processor.py:179} INFO - Processing /home/airflow/.local/lib/python3.8/site-packages/airflow/example_dags/example_xcom.py took 0.036 seconds
[2024-11-06T08:46:52.273+0000] {processor.py:157} INFO - Started process (PID=433) to work on /home/airflow/.local/lib/python3.8/site-packages/airflow/example_dags/example_xcom.py
[2024-11-06T08:46:52.274+0000] {processor.py:829} INFO - Processing file /home/airflow/.local/lib/python3.8/site-packages/airflow/example_dags/example_xcom.py for tasks to queue
[2024-11-06T08:46:52.277+0000] {logging_mixin.py:154} INFO - [2024-11-06T08:46:52.277+0000] {dagbag.py:536} INFO - Filling up the DagBag from /home/airflow/.local/lib/python3.8/site-packages/airflow/example_dags/example_xcom.py
[2024-11-06T08:46:52.283+0000] {processor.py:839} INFO - DAG(s) dict_keys(['example_xcom']) retrieved from /home/airflow/.local/lib/python3.8/site-packages/airflow/example_dags/example_xcom.py
[2024-11-06T08:46:52.296+0000] {logging_mixin.py:154} INFO - [2024-11-06T08:46:52.296+0000] {dag.py:2941} INFO - Sync 1 DAGs
[2024-11-06T08:46:52.315+0000] {logging_mixin.py:154} INFO - [2024-11-06T08:46:52.315+0000] {dag.py:3722} INFO - Setting next_dagrun for example_xcom to 2021-01-01T00:00:00+00:00, run_after=2021-01-01T00:00:00+00:00
[2024-11-06T08:46:52.330+0000] {processor.py:179} INFO - Processing /home/airflow/.local/lib/python3.8/site-packages/airflow/example_dags/example_xcom.py took 0.059 seconds
[2024-11-06T08:47:22.769+0000] {processor.py:157} INFO - Started process (PID=487) to work on /home/airflow/.local/lib/python3.8/site-packages/airflow/example_dags/example_xcom.py
[2024-11-06T08:47:22.769+0000] {processor.py:829} INFO - Processing file /home/airflow/.local/lib/python3.8/site-packages/airflow/example_dags/example_xcom.py for tasks to queue
[2024-11-06T08:47:22.771+0000] {logging_mixin.py:154} INFO - [2024-11-06T08:47:22.770+0000] {dagbag.py:536} INFO - Filling up the DagBag from /home/airflow/.local/lib/python3.8/site-packages/airflow/example_dags/example_xcom.py
[2024-11-06T08:47:22.778+0000] {processor.py:839} INFO - DAG(s) dict_keys(['example_xcom']) retrieved from /home/airflow/.local/lib/python3.8/site-packages/airflow/example_dags/example_xcom.py
[2024-11-06T08:47:22.789+0000] {logging_mixin.py:154} INFO - [2024-11-06T08:47:22.789+0000] {dag.py:2941} INFO - Sync 1 DAGs
[2024-11-06T08:47:22.801+0000] {logging_mixin.py:154} INFO - [2024-11-06T08:47:22.801+0000] {dag.py:3722} INFO - Setting next_dagrun for example_xcom to 2021-01-01T00:00:00+00:00, run_after=2021-01-01T00:00:00+00:00
[2024-11-06T08:47:22.811+0000] {processor.py:179} INFO - Processing /home/airflow/.local/lib/python3.8/site-packages/airflow/example_dags/example_xcom.py took 0.044 seconds
[2024-11-06T08:47:53.102+0000] {processor.py:157} INFO - Started process (PID=549) to work on /home/airflow/.local/lib/python3.8/site-packages/airflow/example_dags/example_xcom.py
[2024-11-06T08:47:53.103+0000] {processor.py:829} INFO - Processing file /home/airflow/.local/lib/python3.8/site-packages/airflow/example_dags/example_xcom.py for tasks to queue
[2024-11-06T08:47:53.104+0000] {logging_mixin.py:154} INFO - [2024-11-06T08:47:53.104+0000] {dagbag.py:536} INFO - Filling up the DagBag from /home/airflow/.local/lib/python3.8/site-packages/airflow/example_dags/example_xcom.py
[2024-11-06T08:47:53.107+0000] {processor.py:839} INFO - DAG(s) dict_keys(['example_xcom']) retrieved from /home/airflow/.local/lib/python3.8/site-packages/airflow/example_dags/example_xcom.py
[2024-11-06T08:47:53.118+0000] {logging_mixin.py:154} INFO - [2024-11-06T08:47:53.118+0000] {dag.py:2941} INFO - Sync 1 DAGs
[2024-11-06T08:47:53.127+0000] {logging_mixin.py:154} INFO - [2024-11-06T08:47:53.127+0000] {dag.py:3722} INFO - Setting next_dagrun for example_xcom to 2021-01-01T00:00:00+00:00, run_after=2021-01-01T00:00:00+00:00
[2024-11-06T08:47:53.138+0000] {processor.py:179} INFO - Processing /home/airflow/.local/lib/python3.8/site-packages/airflow/example_dags/example_xcom.py took 0.037 seconds
[2024-11-06T08:48:23.437+0000] {processor.py:157} INFO - Started process (PID=603) to work on /home/airflow/.local/lib/python3.8/site-packages/airflow/example_dags/example_xcom.py
[2024-11-06T08:48:23.437+0000] {processor.py:829} INFO - Processing file /home/airflow/.local/lib/python3.8/site-packages/airflow/example_dags/example_xcom.py for tasks to queue
[2024-11-06T08:48:23.438+0000] {logging_mixin.py:154} INFO - [2024-11-06T08:48:23.438+0000] {dagbag.py:536} INFO - Filling up the DagBag from /home/airflow/.local/lib/python3.8/site-packages/airflow/example_dags/example_xcom.py
[2024-11-06T08:48:23.441+0000] {processor.py:839} INFO - DAG(s) dict_keys(['example_xcom']) retrieved from /home/airflow/.local/lib/python3.8/site-packages/airflow/example_dags/example_xcom.py
[2024-11-06T08:48:23.451+0000] {logging_mixin.py:154} INFO - [2024-11-06T08:48:23.451+0000] {dag.py:2941} INFO - Sync 1 DAGs
[2024-11-06T08:48:23.459+0000] {logging_mixin.py:154} INFO - [2024-11-06T08:48:23.459+0000] {dag.py:3722} INFO - Setting next_dagrun for example_xcom to 2021-01-01T00:00:00+00:00, run_after=2021-01-01T00:00:00+00:00
[2024-11-06T08:48:23.467+0000] {processor.py:179} INFO - Processing /home/airflow/.local/lib/python3.8/site-packages/airflow/example_dags/example_xcom.py took 0.032 seconds
[2024-11-06T08:48:53.810+0000] {processor.py:157} INFO - Started process (PID=657) to work on /home/airflow/.local/lib/python3.8/site-packages/airflow/example_dags/example_xcom.py
[2024-11-06T08:48:53.811+0000] {processor.py:829} INFO - Processing file /home/airflow/.local/lib/python3.8/site-packages/airflow/example_dags/example_xcom.py for tasks to queue
[2024-11-06T08:48:53.812+0000] {logging_mixin.py:154} INFO - [2024-11-06T08:48:53.812+0000] {dagbag.py:536} INFO - Filling up the DagBag from /home/airflow/.local/lib/python3.8/site-packages/airflow/example_dags/example_xcom.py
[2024-11-06T08:48:53.816+0000] {processor.py:839} INFO - DAG(s) dict_keys(['example_xcom']) retrieved from /home/airflow/.local/lib/python3.8/site-packages/airflow/example_dags/example_xcom.py
[2024-11-06T08:48:53.825+0000] {logging_mixin.py:154} INFO - [2024-11-06T08:48:53.825+0000] {dag.py:2941} INFO - Sync 1 DAGs
[2024-11-06T08:48:53.834+0000] {logging_mixin.py:154} INFO - [2024-11-06T08:48:53.834+0000] {dag.py:3722} INFO - Setting next_dagrun for example_xcom to 2021-01-01T00:00:00+00:00, run_after=2021-01-01T00:00:00+00:00
[2024-11-06T08:48:53.840+0000] {processor.py:179} INFO - Processing /home/airflow/.local/lib/python3.8/site-packages/airflow/example_dags/example_xcom.py took 0.031 seconds
[2024-11-06T08:49:24.031+0000] {processor.py:157} INFO - Started process (PID=711) to work on /home/airflow/.local/lib/python3.8/site-packages/airflow/example_dags/example_xcom.py
[2024-11-06T08:49:24.033+0000] {processor.py:829} INFO - Processing file /home/airflow/.local/lib/python3.8/site-packages/airflow/example_dags/example_xcom.py for tasks to queue
[2024-11-06T08:49:24.033+0000] {logging_mixin.py:154} INFO - [2024-11-06T08:49:24.033+0000] {dagbag.py:536} INFO - Filling up the DagBag from /home/airflow/.local/lib/python3.8/site-packages/airflow/example_dags/example_xcom.py
[2024-11-06T08:49:24.037+0000] {processor.py:839} INFO - DAG(s) dict_keys(['example_xcom']) retrieved from /home/airflow/.local/lib/python3.8/site-packages/airflow/example_dags/example_xcom.py
[2024-11-06T08:49:24.046+0000] {logging_mixin.py:154} INFO - [2024-11-06T08:49:24.045+0000] {dag.py:2941} INFO - Sync 1 DAGs
[2024-11-06T08:49:24.057+0000] {logging_mixin.py:154} INFO - [2024-11-06T08:49:24.057+0000] {dag.py:3722} INFO - Setting next_dagrun for example_xcom to 2021-01-01T00:00:00+00:00, run_after=2021-01-01T00:00:00+00:00
[2024-11-06T08:49:24.064+0000] {processor.py:179} INFO - Processing /home/airflow/.local/lib/python3.8/site-packages/airflow/example_dags/example_xcom.py took 0.034 seconds
[2024-11-06T08:49:54.263+0000] {processor.py:157} INFO - Started process (PID=764) to work on /home/airflow/.local/lib/python3.8/site-packages/airflow/example_dags/example_xcom.py
[2024-11-06T08:49:54.264+0000] {processor.py:829} INFO - Processing file /home/airflow/.local/lib/python3.8/site-packages/airflow/example_dags/example_xcom.py for tasks to queue
[2024-11-06T08:49:54.265+0000] {logging_mixin.py:154} INFO - [2024-11-06T08:49:54.264+0000] {dagbag.py:536} INFO - Filling up the DagBag from /home/airflow/.local/lib/python3.8/site-packages/airflow/example_dags/example_xcom.py
[2024-11-06T08:49:54.268+0000] {processor.py:839} INFO - DAG(s) dict_keys(['example_xcom']) retrieved from /home/airflow/.local/lib/python3.8/site-packages/airflow/example_dags/example_xcom.py
[2024-11-06T08:49:54.277+0000] {logging_mixin.py:154} INFO - [2024-11-06T08:49:54.277+0000] {dag.py:2941} INFO - Sync 1 DAGs
[2024-11-06T08:49:54.288+0000] {logging_mixin.py:154} INFO - [2024-11-06T08:49:54.287+0000] {dag.py:3722} INFO - Setting next_dagrun for example_xcom to 2021-01-01T00:00:00+00:00, run_after=2021-01-01T00:00:00+00:00
[2024-11-06T08:49:54.296+0000] {processor.py:179} INFO - Processing /home/airflow/.local/lib/python3.8/site-packages/airflow/example_dags/example_xcom.py took 0.035 seconds
[2024-11-06T08:50:24.519+0000] {processor.py:157} INFO - Started process (PID=818) to work on /home/airflow/.local/lib/python3.8/site-packages/airflow/example_dags/example_xcom.py
[2024-11-06T08:50:24.519+0000] {processor.py:829} INFO - Processing file /home/airflow/.local/lib/python3.8/site-packages/airflow/example_dags/example_xcom.py for tasks to queue
[2024-11-06T08:50:24.520+0000] {logging_mixin.py:154} INFO - [2024-11-06T08:50:24.520+0000] {dagbag.py:536} INFO - Filling up the DagBag from /home/airflow/.local/lib/python3.8/site-packages/airflow/example_dags/example_xcom.py
[2024-11-06T08:50:24.523+0000] {processor.py:839} INFO - DAG(s) dict_keys(['example_xcom']) retrieved from /home/airflow/.local/lib/python3.8/site-packages/airflow/example_dags/example_xcom.py
[2024-11-06T08:50:24.532+0000] {logging_mixin.py:154} INFO - [2024-11-06T08:50:24.532+0000] {dag.py:2941} INFO - Sync 1 DAGs
[2024-11-06T08:50:24.540+0000] {logging_mixin.py:154} INFO - [2024-11-06T08:50:24.540+0000] {dag.py:3722} INFO - Setting next_dagrun for example_xcom to 2021-01-01T00:00:00+00:00, run_after=2021-01-01T00:00:00+00:00
[2024-11-06T08:50:24.548+0000] {processor.py:179} INFO - Processing /home/airflow/.local/lib/python3.8/site-packages/airflow/example_dags/example_xcom.py took 0.031 seconds
[2024-11-06T08:50:54.758+0000] {processor.py:157} INFO - Started process (PID=872) to work on /home/airflow/.local/lib/python3.8/site-packages/airflow/example_dags/example_xcom.py
[2024-11-06T08:50:54.759+0000] {processor.py:829} INFO - Processing file /home/airflow/.local/lib/python3.8/site-packages/airflow/example_dags/example_xcom.py for tasks to queue
[2024-11-06T08:50:54.760+0000] {logging_mixin.py:154} INFO - [2024-11-06T08:50:54.759+0000] {dagbag.py:536} INFO - Filling up the DagBag from /home/airflow/.local/lib/python3.8/site-packages/airflow/example_dags/example_xcom.py
[2024-11-06T08:50:54.763+0000] {processor.py:839} INFO - DAG(s) dict_keys(['example_xcom']) retrieved from /home/airflow/.local/lib/python3.8/site-packages/airflow/example_dags/example_xcom.py
[2024-11-06T08:50:54.771+0000] {logging_mixin.py:154} INFO - [2024-11-06T08:50:54.771+0000] {dag.py:2941} INFO - Sync 1 DAGs
[2024-11-06T08:50:54.780+0000] {logging_mixin.py:154} INFO - [2024-11-06T08:50:54.780+0000] {dag.py:3722} INFO - Setting next_dagrun for example_xcom to 2021-01-01T00:00:00+00:00, run_after=2021-01-01T00:00:00+00:00
[2024-11-06T08:50:54.789+0000] {processor.py:179} INFO - Processing /home/airflow/.local/lib/python3.8/site-packages/airflow/example_dags/example_xcom.py took 0.032 seconds
[2024-11-06T08:51:25.100+0000] {processor.py:157} INFO - Started process (PID=926) to work on /home/airflow/.local/lib/python3.8/site-packages/airflow/example_dags/example_xcom.py
[2024-11-06T08:51:25.101+0000] {processor.py:829} INFO - Processing file /home/airflow/.local/lib/python3.8/site-packages/airflow/example_dags/example_xcom.py for tasks to queue
[2024-11-06T08:51:25.101+0000] {logging_mixin.py:154} INFO - [2024-11-06T08:51:25.101+0000] {dagbag.py:536} INFO - Filling up the DagBag from /home/airflow/.local/lib/python3.8/site-packages/airflow/example_dags/example_xcom.py
[2024-11-06T08:51:25.104+0000] {processor.py:839} INFO - DAG(s) dict_keys(['example_xcom']) retrieved from /home/airflow/.local/lib/python3.8/site-packages/airflow/example_dags/example_xcom.py
[2024-11-06T08:51:25.114+0000] {logging_mixin.py:154} INFO - [2024-11-06T08:51:25.114+0000] {dag.py:2941} INFO - Sync 1 DAGs
[2024-11-06T08:51:25.123+0000] {logging_mixin.py:154} INFO - [2024-11-06T08:51:25.123+0000] {dag.py:3722} INFO - Setting next_dagrun for example_xcom to 2021-01-01T00:00:00+00:00, run_after=2021-01-01T00:00:00+00:00
[2024-11-06T08:51:25.212+0000] {processor.py:179} INFO - Processing /home/airflow/.local/lib/python3.8/site-packages/airflow/example_dags/example_xcom.py took 0.113 seconds
[2024-11-06T08:51:55.470+0000] {processor.py:157} INFO - Started process (PID=982) to work on /home/airflow/.local/lib/python3.8/site-packages/airflow/example_dags/example_xcom.py
[2024-11-06T08:51:55.470+0000] {processor.py:829} INFO - Processing file /home/airflow/.local/lib/python3.8/site-packages/airflow/example_dags/example_xcom.py for tasks to queue
[2024-11-06T08:51:55.471+0000] {logging_mixin.py:154} INFO - [2024-11-06T08:51:55.471+0000] {dagbag.py:536} INFO - Filling up the DagBag from /home/airflow/.local/lib/python3.8/site-packages/airflow/example_dags/example_xcom.py
[2024-11-06T08:51:55.475+0000] {processor.py:839} INFO - DAG(s) dict_keys(['example_xcom']) retrieved from /home/airflow/.local/lib/python3.8/site-packages/airflow/example_dags/example_xcom.py
[2024-11-06T08:51:55.487+0000] {logging_mixin.py:154} INFO - [2024-11-06T08:51:55.487+0000] {dag.py:2941} INFO - Sync 1 DAGs
[2024-11-06T08:51:55.497+0000] {logging_mixin.py:154} INFO - [2024-11-06T08:51:55.496+0000] {dag.py:3722} INFO - Setting next_dagrun for example_xcom to 2021-01-01T00:00:00+00:00, run_after=2021-01-01T00:00:00+00:00
[2024-11-06T08:51:55.506+0000] {processor.py:179} INFO - Processing /home/airflow/.local/lib/python3.8/site-packages/airflow/example_dags/example_xcom.py took 0.038 seconds
[2024-11-06T08:52:25.810+0000] {processor.py:157} INFO - Started process (PID=1034) to work on /home/airflow/.local/lib/python3.8/site-packages/airflow/example_dags/example_xcom.py
[2024-11-06T08:52:25.811+0000] {processor.py:829} INFO - Processing file /home/airflow/.local/lib/python3.8/site-packages/airflow/example_dags/example_xcom.py for tasks to queue
[2024-11-06T08:52:25.811+0000] {logging_mixin.py:154} INFO - [2024-11-06T08:52:25.811+0000] {dagbag.py:536} INFO - Filling up the DagBag from /home/airflow/.local/lib/python3.8/site-packages/airflow/example_dags/example_xcom.py
[2024-11-06T08:52:25.815+0000] {processor.py:839} INFO - DAG(s) dict_keys(['example_xcom']) retrieved from /home/airflow/.local/lib/python3.8/site-packages/airflow/example_dags/example_xcom.py
[2024-11-06T08:52:25.825+0000] {logging_mixin.py:154} INFO - [2024-11-06T08:52:25.825+0000] {dag.py:2941} INFO - Sync 1 DAGs
[2024-11-06T08:52:25.833+0000] {logging_mixin.py:154} INFO - [2024-11-06T08:52:25.833+0000] {dag.py:3722} INFO - Setting next_dagrun for example_xcom to 2021-01-01T00:00:00+00:00, run_after=2021-01-01T00:00:00+00:00
[2024-11-06T08:52:25.841+0000] {processor.py:179} INFO - Processing /home/airflow/.local/lib/python3.8/site-packages/airflow/example_dags/example_xcom.py took 0.033 seconds
[2024-11-06T08:52:56.139+0000] {processor.py:157} INFO - Started process (PID=1088) to work on /home/airflow/.local/lib/python3.8/site-packages/airflow/example_dags/example_xcom.py
[2024-11-06T08:52:56.139+0000] {processor.py:829} INFO - Processing file /home/airflow/.local/lib/python3.8/site-packages/airflow/example_dags/example_xcom.py for tasks to queue
[2024-11-06T08:52:56.140+0000] {logging_mixin.py:154} INFO - [2024-11-06T08:52:56.140+0000] {dagbag.py:536} INFO - Filling up the DagBag from /home/airflow/.local/lib/python3.8/site-packages/airflow/example_dags/example_xcom.py
[2024-11-06T08:52:56.144+0000] {processor.py:839} INFO - DAG(s) dict_keys(['example_xcom']) retrieved from /home/airflow/.local/lib/python3.8/site-packages/airflow/example_dags/example_xcom.py
[2024-11-06T08:52:56.153+0000] {logging_mixin.py:154} INFO - [2024-11-06T08:52:56.153+0000] {dag.py:2941} INFO - Sync 1 DAGs
[2024-11-06T08:52:56.162+0000] {logging_mixin.py:154} INFO - [2024-11-06T08:52:56.161+0000] {dag.py:3722} INFO - Setting next_dagrun for example_xcom to 2021-01-01T00:00:00+00:00, run_after=2021-01-01T00:00:00+00:00
[2024-11-06T08:52:56.244+0000] {processor.py:179} INFO - Processing /home/airflow/.local/lib/python3.8/site-packages/airflow/example_dags/example_xcom.py took 0.107 seconds
[2024-11-06T08:53:26.723+0000] {processor.py:157} INFO - Started process (PID=1142) to work on /home/airflow/.local/lib/python3.8/site-packages/airflow/example_dags/example_xcom.py
[2024-11-06T08:53:26.726+0000] {processor.py:829} INFO - Processing file /home/airflow/.local/lib/python3.8/site-packages/airflow/example_dags/example_xcom.py for tasks to queue
[2024-11-06T08:53:26.727+0000] {logging_mixin.py:154} INFO - [2024-11-06T08:53:26.727+0000] {dagbag.py:536} INFO - Filling up the DagBag from /home/airflow/.local/lib/python3.8/site-packages/airflow/example_dags/example_xcom.py
[2024-11-06T08:53:26.730+0000] {processor.py:839} INFO - DAG(s) dict_keys(['example_xcom']) retrieved from /home/airflow/.local/lib/python3.8/site-packages/airflow/example_dags/example_xcom.py
[2024-11-06T08:53:26.739+0000] {logging_mixin.py:154} INFO - [2024-11-06T08:53:26.739+0000] {dag.py:2941} INFO - Sync 1 DAGs
[2024-11-06T08:53:26.747+0000] {logging_mixin.py:154} INFO - [2024-11-06T08:53:26.747+0000] {dag.py:3722} INFO - Setting next_dagrun for example_xcom to 2021-01-01T00:00:00+00:00, run_after=2021-01-01T00:00:00+00:00
[2024-11-06T08:53:26.754+0000] {processor.py:179} INFO - Processing /home/airflow/.local/lib/python3.8/site-packages/airflow/example_dags/example_xcom.py took 0.033 seconds
[2024-11-06T08:53:57.455+0000] {processor.py:157} INFO - Started process (PID=1196) to work on /home/airflow/.local/lib/python3.8/site-packages/airflow/example_dags/example_xcom.py
[2024-11-06T08:53:57.456+0000] {processor.py:829} INFO - Processing file /home/airflow/.local/lib/python3.8/site-packages/airflow/example_dags/example_xcom.py for tasks to queue
[2024-11-06T08:53:57.457+0000] {logging_mixin.py:154} INFO - [2024-11-06T08:53:57.456+0000] {dagbag.py:536} INFO - Filling up the DagBag from /home/airflow/.local/lib/python3.8/site-packages/airflow/example_dags/example_xcom.py
[2024-11-06T08:53:57.460+0000] {processor.py:839} INFO - DAG(s) dict_keys(['example_xcom']) retrieved from /home/airflow/.local/lib/python3.8/site-packages/airflow/example_dags/example_xcom.py
[2024-11-06T08:53:57.469+0000] {logging_mixin.py:154} INFO - [2024-11-06T08:53:57.469+0000] {dag.py:2941} INFO - Sync 1 DAGs
[2024-11-06T08:53:57.478+0000] {logging_mixin.py:154} INFO - [2024-11-06T08:53:57.478+0000] {dag.py:3722} INFO - Setting next_dagrun for example_xcom to 2021-01-01T00:00:00+00:00, run_after=2021-01-01T00:00:00+00:00
[2024-11-06T08:53:57.485+0000] {processor.py:179} INFO - Processing /home/airflow/.local/lib/python3.8/site-packages/airflow/example_dags/example_xcom.py took 0.031 seconds
[2024-11-06T08:54:27.876+0000] {processor.py:157} INFO - Started process (PID=1250) to work on /home/airflow/.local/lib/python3.8/site-packages/airflow/example_dags/example_xcom.py
[2024-11-06T08:54:27.877+0000] {processor.py:829} INFO - Processing file /home/airflow/.local/lib/python3.8/site-packages/airflow/example_dags/example_xcom.py for tasks to queue
[2024-11-06T08:54:27.878+0000] {logging_mixin.py:154} INFO - [2024-11-06T08:54:27.878+0000] {dagbag.py:536} INFO - Filling up the DagBag from /home/airflow/.local/lib/python3.8/site-packages/airflow/example_dags/example_xcom.py
[2024-11-06T08:54:27.881+0000] {processor.py:839} INFO - DAG(s) dict_keys(['example_xcom']) retrieved from /home/airflow/.local/lib/python3.8/site-packages/airflow/example_dags/example_xcom.py
[2024-11-06T08:54:27.891+0000] {logging_mixin.py:154} INFO - [2024-11-06T08:54:27.891+0000] {dag.py:2941} INFO - Sync 1 DAGs
[2024-11-06T08:54:27.901+0000] {logging_mixin.py:154} INFO - [2024-11-06T08:54:27.901+0000] {dag.py:3722} INFO - Setting next_dagrun for example_xcom to 2021-01-01T00:00:00+00:00, run_after=2021-01-01T00:00:00+00:00
[2024-11-06T08:54:27.985+0000] {processor.py:179} INFO - Processing /home/airflow/.local/lib/python3.8/site-packages/airflow/example_dags/example_xcom.py took 0.110 seconds
[2024-11-06T08:54:58.731+0000] {processor.py:157} INFO - Started process (PID=1304) to work on /home/airflow/.local/lib/python3.8/site-packages/airflow/example_dags/example_xcom.py
[2024-11-06T08:54:58.734+0000] {processor.py:829} INFO - Processing file /home/airflow/.local/lib/python3.8/site-packages/airflow/example_dags/example_xcom.py for tasks to queue
[2024-11-06T08:54:58.735+0000] {logging_mixin.py:154} INFO - [2024-11-06T08:54:58.735+0000] {dagbag.py:536} INFO - Filling up the DagBag from /home/airflow/.local/lib/python3.8/site-packages/airflow/example_dags/example_xcom.py
[2024-11-06T08:54:58.738+0000] {processor.py:839} INFO - DAG(s) dict_keys(['example_xcom']) retrieved from /home/airflow/.local/lib/python3.8/site-packages/airflow/example_dags/example_xcom.py
[2024-11-06T08:54:58.748+0000] {logging_mixin.py:154} INFO - [2024-11-06T08:54:58.748+0000] {dag.py:2941} INFO - Sync 1 DAGs
[2024-11-06T08:54:58.757+0000] {logging_mixin.py:154} INFO - [2024-11-06T08:54:58.757+0000] {dag.py:3722} INFO - Setting next_dagrun for example_xcom to 2021-01-01T00:00:00+00:00, run_after=2021-01-01T00:00:00+00:00
[2024-11-06T08:54:58.763+0000] {processor.py:179} INFO - Processing /home/airflow/.local/lib/python3.8/site-packages/airflow/example_dags/example_xcom.py took 0.034 seconds
[2024-11-06T08:55:29.587+0000] {processor.py:157} INFO - Started process (PID=1358) to work on /home/airflow/.local/lib/python3.8/site-packages/airflow/example_dags/example_xcom.py
[2024-11-06T08:55:29.587+0000] {processor.py:829} INFO - Processing file /home/airflow/.local/lib/python3.8/site-packages/airflow/example_dags/example_xcom.py for tasks to queue
[2024-11-06T08:55:29.588+0000] {logging_mixin.py:154} INFO - [2024-11-06T08:55:29.588+0000] {dagbag.py:536} INFO - Filling up the DagBag from /home/airflow/.local/lib/python3.8/site-packages/airflow/example_dags/example_xcom.py
[2024-11-06T08:55:29.591+0000] {processor.py:839} INFO - DAG(s) dict_keys(['example_xcom']) retrieved from /home/airflow/.local/lib/python3.8/site-packages/airflow/example_dags/example_xcom.py
[2024-11-06T08:55:29.600+0000] {logging_mixin.py:154} INFO - [2024-11-06T08:55:29.600+0000] {dag.py:2941} INFO - Sync 1 DAGs
[2024-11-06T08:55:29.609+0000] {logging_mixin.py:154} INFO - [2024-11-06T08:55:29.609+0000] {dag.py:3722} INFO - Setting next_dagrun for example_xcom to 2021-01-01T00:00:00+00:00, run_after=2021-01-01T00:00:00+00:00
[2024-11-06T08:55:29.615+0000] {processor.py:179} INFO - Processing /home/airflow/.local/lib/python3.8/site-packages/airflow/example_dags/example_xcom.py took 0.030 seconds
[2024-11-06T08:56:00.121+0000] {processor.py:157} INFO - Started process (PID=1412) to work on /home/airflow/.local/lib/python3.8/site-packages/airflow/example_dags/example_xcom.py
[2024-11-06T08:56:00.122+0000] {processor.py:829} INFO - Processing file /home/airflow/.local/lib/python3.8/site-packages/airflow/example_dags/example_xcom.py for tasks to queue
[2024-11-06T08:56:00.122+0000] {logging_mixin.py:154} INFO - [2024-11-06T08:56:00.122+0000] {dagbag.py:536} INFO - Filling up the DagBag from /home/airflow/.local/lib/python3.8/site-packages/airflow/example_dags/example_xcom.py
[2024-11-06T08:56:00.126+0000] {processor.py:839} INFO - DAG(s) dict_keys(['example_xcom']) retrieved from /home/airflow/.local/lib/python3.8/site-packages/airflow/example_dags/example_xcom.py
[2024-11-06T08:56:00.135+0000] {logging_mixin.py:154} INFO - [2024-11-06T08:56:00.135+0000] {dag.py:2941} INFO - Sync 1 DAGs
[2024-11-06T08:56:00.144+0000] {logging_mixin.py:154} INFO - [2024-11-06T08:56:00.144+0000] {dag.py:3722} INFO - Setting next_dagrun for example_xcom to 2021-01-01T00:00:00+00:00, run_after=2021-01-01T00:00:00+00:00
[2024-11-06T08:56:00.226+0000] {processor.py:179} INFO - Processing /home/airflow/.local/lib/python3.8/site-packages/airflow/example_dags/example_xcom.py took 0.107 seconds
[2024-11-06T08:56:30.459+0000] {processor.py:157} INFO - Started process (PID=1466) to work on /home/airflow/.local/lib/python3.8/site-packages/airflow/example_dags/example_xcom.py
[2024-11-06T08:56:30.459+0000] {processor.py:829} INFO - Processing file /home/airflow/.local/lib/python3.8/site-packages/airflow/example_dags/example_xcom.py for tasks to queue
[2024-11-06T08:56:30.460+0000] {logging_mixin.py:154} INFO - [2024-11-06T08:56:30.460+0000] {dagbag.py:536} INFO - Filling up the DagBag from /home/airflow/.local/lib/python3.8/site-packages/airflow/example_dags/example_xcom.py
[2024-11-06T08:56:30.463+0000] {processor.py:839} INFO - DAG(s) dict_keys(['example_xcom']) retrieved from /home/airflow/.local/lib/python3.8/site-packages/airflow/example_dags/example_xcom.py
[2024-11-06T08:56:30.474+0000] {logging_mixin.py:154} INFO - [2024-11-06T08:56:30.474+0000] {dag.py:2941} INFO - Sync 1 DAGs
[2024-11-06T08:56:30.483+0000] {logging_mixin.py:154} INFO - [2024-11-06T08:56:30.483+0000] {dag.py:3722} INFO - Setting next_dagrun for example_xcom to 2021-01-01T00:00:00+00:00, run_after=2021-01-01T00:00:00+00:00
[2024-11-06T08:56:30.492+0000] {processor.py:179} INFO - Processing /home/airflow/.local/lib/python3.8/site-packages/airflow/example_dags/example_xcom.py took 0.034 seconds
[2024-11-06T08:57:01.425+0000] {processor.py:157} INFO - Started process (PID=1520) to work on /home/airflow/.local/lib/python3.8/site-packages/airflow/example_dags/example_xcom.py
[2024-11-06T08:57:01.425+0000] {processor.py:829} INFO - Processing file /home/airflow/.local/lib/python3.8/site-packages/airflow/example_dags/example_xcom.py for tasks to queue
[2024-11-06T08:57:01.429+0000] {logging_mixin.py:154} INFO - [2024-11-06T08:57:01.428+0000] {dagbag.py:536} INFO - Filling up the DagBag from /home/airflow/.local/lib/python3.8/site-packages/airflow/example_dags/example_xcom.py
[2024-11-06T08:57:01.432+0000] {processor.py:839} INFO - DAG(s) dict_keys(['example_xcom']) retrieved from /home/airflow/.local/lib/python3.8/site-packages/airflow/example_dags/example_xcom.py
[2024-11-06T08:57:01.445+0000] {logging_mixin.py:154} INFO - [2024-11-06T08:57:01.445+0000] {dag.py:2941} INFO - Sync 1 DAGs
[2024-11-06T08:57:01.527+0000] {logging_mixin.py:154} INFO - [2024-11-06T08:57:01.527+0000] {dag.py:3722} INFO - Setting next_dagrun for example_xcom to 2021-01-01T00:00:00+00:00, run_after=2021-01-01T00:00:00+00:00
[2024-11-06T08:57:01.534+0000] {processor.py:179} INFO - Processing /home/airflow/.local/lib/python3.8/site-packages/airflow/example_dags/example_xcom.py took 0.111 seconds
[2024-11-06T08:57:31.545+0000] {processor.py:157} INFO - Started process (PID=1574) to work on /home/airflow/.local/lib/python3.8/site-packages/airflow/example_dags/example_xcom.py
[2024-11-06T08:57:31.547+0000] {processor.py:829} INFO - Processing file /home/airflow/.local/lib/python3.8/site-packages/airflow/example_dags/example_xcom.py for tasks to queue
[2024-11-06T08:57:31.550+0000] {logging_mixin.py:154} INFO - [2024-11-06T08:57:31.550+0000] {dagbag.py:536} INFO - Filling up the DagBag from /home/airflow/.local/lib/python3.8/site-packages/airflow/example_dags/example_xcom.py
[2024-11-06T08:57:31.554+0000] {processor.py:839} INFO - DAG(s) dict_keys(['example_xcom']) retrieved from /home/airflow/.local/lib/python3.8/site-packages/airflow/example_dags/example_xcom.py
[2024-11-06T08:57:31.565+0000] {logging_mixin.py:154} INFO - [2024-11-06T08:57:31.565+0000] {dag.py:2941} INFO - Sync 1 DAGs
[2024-11-06T08:57:31.576+0000] {logging_mixin.py:154} INFO - [2024-11-06T08:57:31.576+0000] {dag.py:3722} INFO - Setting next_dagrun for example_xcom to 2021-01-01T00:00:00+00:00, run_after=2021-01-01T00:00:00+00:00
[2024-11-06T08:57:31.658+0000] {processor.py:179} INFO - Processing /home/airflow/.local/lib/python3.8/site-packages/airflow/example_dags/example_xcom.py took 0.115 seconds
[2024-11-06T08:58:02.179+0000] {processor.py:157} INFO - Started process (PID=1627) to work on /home/airflow/.local/lib/python3.8/site-packages/airflow/example_dags/example_xcom.py
[2024-11-06T08:58:02.180+0000] {processor.py:829} INFO - Processing file /home/airflow/.local/lib/python3.8/site-packages/airflow/example_dags/example_xcom.py for tasks to queue
[2024-11-06T08:58:02.180+0000] {logging_mixin.py:154} INFO - [2024-11-06T08:58:02.180+0000] {dagbag.py:536} INFO - Filling up the DagBag from /home/airflow/.local/lib/python3.8/site-packages/airflow/example_dags/example_xcom.py
[2024-11-06T08:58:02.184+0000] {processor.py:839} INFO - DAG(s) dict_keys(['example_xcom']) retrieved from /home/airflow/.local/lib/python3.8/site-packages/airflow/example_dags/example_xcom.py
[2024-11-06T08:58:02.195+0000] {logging_mixin.py:154} INFO - [2024-11-06T08:58:02.195+0000] {dag.py:2941} INFO - Sync 1 DAGs
[2024-11-06T08:58:02.204+0000] {logging_mixin.py:154} INFO - [2024-11-06T08:58:02.204+0000] {dag.py:3722} INFO - Setting next_dagrun for example_xcom to 2021-01-01T00:00:00+00:00, run_after=2021-01-01T00:00:00+00:00
[2024-11-06T08:58:02.214+0000] {processor.py:179} INFO - Processing /home/airflow/.local/lib/python3.8/site-packages/airflow/example_dags/example_xcom.py took 0.037 seconds
[2024-11-06T08:58:33.026+0000] {processor.py:157} INFO - Started process (PID=1681) to work on /home/airflow/.local/lib/python3.8/site-packages/airflow/example_dags/example_xcom.py
[2024-11-06T08:58:33.026+0000] {processor.py:829} INFO - Processing file /home/airflow/.local/lib/python3.8/site-packages/airflow/example_dags/example_xcom.py for tasks to queue
[2024-11-06T08:58:33.030+0000] {logging_mixin.py:154} INFO - [2024-11-06T08:58:33.029+0000] {dagbag.py:536} INFO - Filling up the DagBag from /home/airflow/.local/lib/python3.8/site-packages/airflow/example_dags/example_xcom.py
[2024-11-06T08:58:33.033+0000] {processor.py:839} INFO - DAG(s) dict_keys(['example_xcom']) retrieved from /home/airflow/.local/lib/python3.8/site-packages/airflow/example_dags/example_xcom.py
[2024-11-06T08:58:33.045+0000] {logging_mixin.py:154} INFO - [2024-11-06T08:58:33.045+0000] {dag.py:2941} INFO - Sync 1 DAGs
[2024-11-06T08:58:33.124+0000] {logging_mixin.py:154} INFO - [2024-11-06T08:58:33.124+0000] {dag.py:3722} INFO - Setting next_dagrun for example_xcom to 2021-01-01T00:00:00+00:00, run_after=2021-01-01T00:00:00+00:00
[2024-11-06T08:58:33.132+0000] {processor.py:179} INFO - Processing /home/airflow/.local/lib/python3.8/site-packages/airflow/example_dags/example_xcom.py took 0.108 seconds
[2024-11-06T09:17:56.453+0000] {processor.py:157} INFO - Started process (PID=1726) to work on /home/airflow/.local/lib/python3.8/site-packages/airflow/example_dags/example_xcom.py
[2024-11-06T09:17:56.454+0000] {processor.py:829} INFO - Processing file /home/airflow/.local/lib/python3.8/site-packages/airflow/example_dags/example_xcom.py for tasks to queue
[2024-11-06T09:17:56.456+0000] {logging_mixin.py:154} INFO - [2024-11-06T09:17:56.455+0000] {dagbag.py:536} INFO - Filling up the DagBag from /home/airflow/.local/lib/python3.8/site-packages/airflow/example_dags/example_xcom.py
[2024-11-06T09:17:56.459+0000] {processor.py:839} INFO - DAG(s) dict_keys(['example_xcom']) retrieved from /home/airflow/.local/lib/python3.8/site-packages/airflow/example_dags/example_xcom.py
[2024-11-06T09:17:56.471+0000] {logging_mixin.py:154} INFO - [2024-11-06T09:17:56.470+0000] {dag.py:2941} INFO - Sync 1 DAGs
[2024-11-06T09:17:56.481+0000] {logging_mixin.py:154} INFO - [2024-11-06T09:17:56.481+0000] {dag.py:3722} INFO - Setting next_dagrun for example_xcom to 2021-01-01T00:00:00+00:00, run_after=2021-01-01T00:00:00+00:00
[2024-11-06T09:17:56.488+0000] {processor.py:179} INFO - Processing /home/airflow/.local/lib/python3.8/site-packages/airflow/example_dags/example_xcom.py took 0.036 seconds
[2024-11-06T09:29:43.404+0000] {processor.py:157} INFO - Started process (PID=1780) to work on /home/airflow/.local/lib/python3.8/site-packages/airflow/example_dags/example_xcom.py
[2024-11-06T09:29:43.404+0000] {processor.py:829} INFO - Processing file /home/airflow/.local/lib/python3.8/site-packages/airflow/example_dags/example_xcom.py for tasks to queue
[2024-11-06T09:29:43.405+0000] {logging_mixin.py:154} INFO - [2024-11-06T09:29:43.405+0000] {dagbag.py:536} INFO - Filling up the DagBag from /home/airflow/.local/lib/python3.8/site-packages/airflow/example_dags/example_xcom.py
[2024-11-06T09:29:43.409+0000] {processor.py:839} INFO - DAG(s) dict_keys(['example_xcom']) retrieved from /home/airflow/.local/lib/python3.8/site-packages/airflow/example_dags/example_xcom.py
[2024-11-06T09:29:43.419+0000] {logging_mixin.py:154} INFO - [2024-11-06T09:29:43.419+0000] {dag.py:2941} INFO - Sync 1 DAGs
[2024-11-06T09:29:43.428+0000] {logging_mixin.py:154} INFO - [2024-11-06T09:29:43.428+0000] {dag.py:3722} INFO - Setting next_dagrun for example_xcom to 2021-01-01T00:00:00+00:00, run_after=2021-01-01T00:00:00+00:00
[2024-11-06T09:29:43.441+0000] {processor.py:179} INFO - Processing /home/airflow/.local/lib/python3.8/site-packages/airflow/example_dags/example_xcom.py took 0.039 seconds
[2024-11-06T10:28:12.854+0000] {processor.py:157} INFO - Started process (PID=1834) to work on /home/airflow/.local/lib/python3.8/site-packages/airflow/example_dags/example_xcom.py
[2024-11-06T10:28:12.855+0000] {processor.py:829} INFO - Processing file /home/airflow/.local/lib/python3.8/site-packages/airflow/example_dags/example_xcom.py for tasks to queue
[2024-11-06T10:28:12.856+0000] {logging_mixin.py:154} INFO - [2024-11-06T10:28:12.856+0000] {dagbag.py:536} INFO - Filling up the DagBag from /home/airflow/.local/lib/python3.8/site-packages/airflow/example_dags/example_xcom.py
[2024-11-06T10:28:12.864+0000] {processor.py:839} INFO - DAG(s) dict_keys(['example_xcom']) retrieved from /home/airflow/.local/lib/python3.8/site-packages/airflow/example_dags/example_xcom.py
[2024-11-06T10:28:12.892+0000] {logging_mixin.py:154} INFO - [2024-11-06T10:28:12.892+0000] {dag.py:2941} INFO - Sync 1 DAGs
[2024-11-06T10:28:12.911+0000] {logging_mixin.py:154} INFO - [2024-11-06T10:28:12.911+0000] {dag.py:3722} INFO - Setting next_dagrun for example_xcom to 2021-01-01T00:00:00+00:00, run_after=2021-01-01T00:00:00+00:00
[2024-11-06T10:28:12.935+0000] {processor.py:179} INFO - Processing /home/airflow/.local/lib/python3.8/site-packages/airflow/example_dags/example_xcom.py took 0.082 seconds
[2024-11-06T11:31:03.049+0000] {processor.py:157} INFO - Started process (PID=1888) to work on /home/airflow/.local/lib/python3.8/site-packages/airflow/example_dags/example_xcom.py
[2024-11-06T11:31:03.051+0000] {processor.py:829} INFO - Processing file /home/airflow/.local/lib/python3.8/site-packages/airflow/example_dags/example_xcom.py for tasks to queue
[2024-11-06T11:31:03.053+0000] {logging_mixin.py:154} INFO - [2024-11-06T11:31:03.053+0000] {dagbag.py:536} INFO - Filling up the DagBag from /home/airflow/.local/lib/python3.8/site-packages/airflow/example_dags/example_xcom.py
[2024-11-06T11:31:03.061+0000] {processor.py:839} INFO - DAG(s) dict_keys(['example_xcom']) retrieved from /home/airflow/.local/lib/python3.8/site-packages/airflow/example_dags/example_xcom.py
[2024-11-06T11:31:03.080+0000] {logging_mixin.py:154} INFO - [2024-11-06T11:31:03.080+0000] {dag.py:2941} INFO - Sync 1 DAGs
[2024-11-06T11:31:03.098+0000] {logging_mixin.py:154} INFO - [2024-11-06T11:31:03.098+0000] {dag.py:3722} INFO - Setting next_dagrun for example_xcom to 2021-01-01T00:00:00+00:00, run_after=2021-01-01T00:00:00+00:00
[2024-11-06T11:31:03.117+0000] {processor.py:179} INFO - Processing /home/airflow/.local/lib/python3.8/site-packages/airflow/example_dags/example_xcom.py took 0.071 seconds
[2024-11-06T11:59:49.744+0000] {processor.py:157} INFO - Started process (PID=1942) to work on /home/airflow/.local/lib/python3.8/site-packages/airflow/example_dags/example_xcom.py
[2024-11-06T11:59:49.745+0000] {processor.py:829} INFO - Processing file /home/airflow/.local/lib/python3.8/site-packages/airflow/example_dags/example_xcom.py for tasks to queue
[2024-11-06T11:59:49.748+0000] {logging_mixin.py:154} INFO - [2024-11-06T11:59:49.747+0000] {dagbag.py:536} INFO - Filling up the DagBag from /home/airflow/.local/lib/python3.8/site-packages/airflow/example_dags/example_xcom.py
[2024-11-06T11:59:49.754+0000] {processor.py:839} INFO - DAG(s) dict_keys(['example_xcom']) retrieved from /home/airflow/.local/lib/python3.8/site-packages/airflow/example_dags/example_xcom.py
[2024-11-06T11:59:49.776+0000] {logging_mixin.py:154} INFO - [2024-11-06T11:59:49.776+0000] {dag.py:2941} INFO - Sync 1 DAGs
[2024-11-06T11:59:49.801+0000] {logging_mixin.py:154} INFO - [2024-11-06T11:59:49.801+0000] {dag.py:3722} INFO - Setting next_dagrun for example_xcom to 2021-01-01T00:00:00+00:00, run_after=2021-01-01T00:00:00+00:00
[2024-11-06T11:59:49.821+0000] {processor.py:179} INFO - Processing /home/airflow/.local/lib/python3.8/site-packages/airflow/example_dags/example_xcom.py took 0.080 seconds
[2024-11-06T12:50:46.959+0000] {processor.py:157} INFO - Started process (PID=1996) to work on /home/airflow/.local/lib/python3.8/site-packages/airflow/example_dags/example_xcom.py
[2024-11-06T12:50:46.962+0000] {processor.py:829} INFO - Processing file /home/airflow/.local/lib/python3.8/site-packages/airflow/example_dags/example_xcom.py for tasks to queue
[2024-11-06T12:50:46.962+0000] {logging_mixin.py:154} INFO - [2024-11-06T12:50:46.962+0000] {dagbag.py:536} INFO - Filling up the DagBag from /home/airflow/.local/lib/python3.8/site-packages/airflow/example_dags/example_xcom.py
[2024-11-06T12:50:46.967+0000] {processor.py:839} INFO - DAG(s) dict_keys(['example_xcom']) retrieved from /home/airflow/.local/lib/python3.8/site-packages/airflow/example_dags/example_xcom.py
[2024-11-06T12:50:46.979+0000] {logging_mixin.py:154} INFO - [2024-11-06T12:50:46.978+0000] {dag.py:2941} INFO - Sync 1 DAGs
[2024-11-06T12:50:46.987+0000] {logging_mixin.py:154} INFO - [2024-11-06T12:50:46.987+0000] {dag.py:3722} INFO - Setting next_dagrun for example_xcom to 2021-01-01T00:00:00+00:00, run_after=2021-01-01T00:00:00+00:00
[2024-11-06T12:50:46.996+0000] {processor.py:179} INFO - Processing /home/airflow/.local/lib/python3.8/site-packages/airflow/example_dags/example_xcom.py took 0.038 seconds
[2024-11-06T12:52:35.149+0000] {processor.py:157} INFO - Started process (PID=2050) to work on /home/airflow/.local/lib/python3.8/site-packages/airflow/example_dags/example_xcom.py
[2024-11-06T12:52:35.151+0000] {processor.py:829} INFO - Processing file /home/airflow/.local/lib/python3.8/site-packages/airflow/example_dags/example_xcom.py for tasks to queue
[2024-11-06T12:52:35.152+0000] {logging_mixin.py:154} INFO - [2024-11-06T12:52:35.152+0000] {dagbag.py:536} INFO - Filling up the DagBag from /home/airflow/.local/lib/python3.8/site-packages/airflow/example_dags/example_xcom.py
[2024-11-06T12:52:35.155+0000] {processor.py:839} INFO - DAG(s) dict_keys(['example_xcom']) retrieved from /home/airflow/.local/lib/python3.8/site-packages/airflow/example_dags/example_xcom.py
[2024-11-06T12:52:35.168+0000] {logging_mixin.py:154} INFO - [2024-11-06T12:52:35.168+0000] {dag.py:2941} INFO - Sync 1 DAGs
[2024-11-06T12:52:35.180+0000] {logging_mixin.py:154} INFO - [2024-11-06T12:52:35.180+0000] {dag.py:3722} INFO - Setting next_dagrun for example_xcom to 2021-01-01T00:00:00+00:00, run_after=2021-01-01T00:00:00+00:00
[2024-11-06T12:52:35.189+0000] {processor.py:179} INFO - Processing /home/airflow/.local/lib/python3.8/site-packages/airflow/example_dags/example_xcom.py took 0.041 seconds
[2024-11-06T13:07:16.507+0000] {processor.py:157} INFO - Started process (PID=2104) to work on /home/airflow/.local/lib/python3.8/site-packages/airflow/example_dags/example_xcom.py
[2024-11-06T13:07:16.507+0000] {processor.py:829} INFO - Processing file /home/airflow/.local/lib/python3.8/site-packages/airflow/example_dags/example_xcom.py for tasks to queue
[2024-11-06T13:07:16.508+0000] {logging_mixin.py:154} INFO - [2024-11-06T13:07:16.508+0000] {dagbag.py:536} INFO - Filling up the DagBag from /home/airflow/.local/lib/python3.8/site-packages/airflow/example_dags/example_xcom.py
[2024-11-06T13:07:16.511+0000] {processor.py:839} INFO - DAG(s) dict_keys(['example_xcom']) retrieved from /home/airflow/.local/lib/python3.8/site-packages/airflow/example_dags/example_xcom.py
[2024-11-06T13:07:16.520+0000] {logging_mixin.py:154} INFO - [2024-11-06T13:07:16.520+0000] {dag.py:2941} INFO - Sync 1 DAGs
[2024-11-06T13:07:16.530+0000] {logging_mixin.py:154} INFO - [2024-11-06T13:07:16.529+0000] {dag.py:3722} INFO - Setting next_dagrun for example_xcom to 2021-01-01T00:00:00+00:00, run_after=2021-01-01T00:00:00+00:00
[2024-11-06T13:07:16.542+0000] {processor.py:179} INFO - Processing /home/airflow/.local/lib/python3.8/site-packages/airflow/example_dags/example_xcom.py took 0.037 seconds
[2024-11-06T13:47:31.080+0000] {processor.py:157} INFO - Started process (PID=2158) to work on /home/airflow/.local/lib/python3.8/site-packages/airflow/example_dags/example_xcom.py
[2024-11-06T13:47:31.081+0000] {processor.py:829} INFO - Processing file /home/airflow/.local/lib/python3.8/site-packages/airflow/example_dags/example_xcom.py for tasks to queue
[2024-11-06T13:47:31.084+0000] {logging_mixin.py:154} INFO - [2024-11-06T13:47:31.084+0000] {dagbag.py:536} INFO - Filling up the DagBag from /home/airflow/.local/lib/python3.8/site-packages/airflow/example_dags/example_xcom.py
[2024-11-06T13:47:31.091+0000] {processor.py:839} INFO - DAG(s) dict_keys(['example_xcom']) retrieved from /home/airflow/.local/lib/python3.8/site-packages/airflow/example_dags/example_xcom.py
[2024-11-06T13:47:31.111+0000] {logging_mixin.py:154} INFO - [2024-11-06T13:47:31.110+0000] {dag.py:2941} INFO - Sync 1 DAGs
[2024-11-06T13:47:31.131+0000] {logging_mixin.py:154} INFO - [2024-11-06T13:47:31.130+0000] {dag.py:3722} INFO - Setting next_dagrun for example_xcom to 2021-01-01T00:00:00+00:00, run_after=2021-01-01T00:00:00+00:00
[2024-11-06T13:47:31.151+0000] {processor.py:179} INFO - Processing /home/airflow/.local/lib/python3.8/site-packages/airflow/example_dags/example_xcom.py took 0.073 seconds
[2024-11-06T13:55:16.932+0000] {processor.py:157} INFO - Started process (PID=2212) to work on /home/airflow/.local/lib/python3.8/site-packages/airflow/example_dags/example_xcom.py
[2024-11-06T13:55:16.934+0000] {processor.py:829} INFO - Processing file /home/airflow/.local/lib/python3.8/site-packages/airflow/example_dags/example_xcom.py for tasks to queue
[2024-11-06T13:55:16.936+0000] {logging_mixin.py:154} INFO - [2024-11-06T13:55:16.936+0000] {dagbag.py:536} INFO - Filling up the DagBag from /home/airflow/.local/lib/python3.8/site-packages/airflow/example_dags/example_xcom.py
[2024-11-06T13:55:16.948+0000] {processor.py:839} INFO - DAG(s) dict_keys(['example_xcom']) retrieved from /home/airflow/.local/lib/python3.8/site-packages/airflow/example_dags/example_xcom.py
[2024-11-06T13:55:16.973+0000] {logging_mixin.py:154} INFO - [2024-11-06T13:55:16.973+0000] {dag.py:2941} INFO - Sync 1 DAGs
[2024-11-06T13:55:16.993+0000] {logging_mixin.py:154} INFO - [2024-11-06T13:55:16.993+0000] {dag.py:3722} INFO - Setting next_dagrun for example_xcom to 2021-01-01T00:00:00+00:00, run_after=2021-01-01T00:00:00+00:00
[2024-11-06T13:55:17.016+0000] {processor.py:179} INFO - Processing /home/airflow/.local/lib/python3.8/site-packages/airflow/example_dags/example_xcom.py took 0.089 seconds
[2024-11-06T14:00:21.226+0000] {processor.py:157} INFO - Started process (PID=2266) to work on /home/airflow/.local/lib/python3.8/site-packages/airflow/example_dags/example_xcom.py
[2024-11-06T14:00:21.227+0000] {processor.py:829} INFO - Processing file /home/airflow/.local/lib/python3.8/site-packages/airflow/example_dags/example_xcom.py for tasks to queue
[2024-11-06T14:00:21.228+0000] {logging_mixin.py:154} INFO - [2024-11-06T14:00:21.228+0000] {dagbag.py:536} INFO - Filling up the DagBag from /home/airflow/.local/lib/python3.8/site-packages/airflow/example_dags/example_xcom.py
[2024-11-06T14:00:21.232+0000] {processor.py:839} INFO - DAG(s) dict_keys(['example_xcom']) retrieved from /home/airflow/.local/lib/python3.8/site-packages/airflow/example_dags/example_xcom.py
[2024-11-06T14:00:21.242+0000] {logging_mixin.py:154} INFO - [2024-11-06T14:00:21.242+0000] {dag.py:2941} INFO - Sync 1 DAGs
[2024-11-06T14:00:21.251+0000] {logging_mixin.py:154} INFO - [2024-11-06T14:00:21.251+0000] {dag.py:3722} INFO - Setting next_dagrun for example_xcom to 2021-01-01T00:00:00+00:00, run_after=2021-01-01T00:00:00+00:00
[2024-11-06T14:00:21.258+0000] {processor.py:179} INFO - Processing /home/airflow/.local/lib/python3.8/site-packages/airflow/example_dags/example_xcom.py took 0.033 seconds
[2024-11-06T14:05:41.655+0000] {processor.py:157} INFO - Started process (PID=2320) to work on /home/airflow/.local/lib/python3.8/site-packages/airflow/example_dags/example_xcom.py
[2024-11-06T14:05:41.657+0000] {processor.py:829} INFO - Processing file /home/airflow/.local/lib/python3.8/site-packages/airflow/example_dags/example_xcom.py for tasks to queue
[2024-11-06T14:05:41.659+0000] {logging_mixin.py:154} INFO - [2024-11-06T14:05:41.659+0000] {dagbag.py:536} INFO - Filling up the DagBag from /home/airflow/.local/lib/python3.8/site-packages/airflow/example_dags/example_xcom.py
[2024-11-06T14:05:41.667+0000] {processor.py:839} INFO - DAG(s) dict_keys(['example_xcom']) retrieved from /home/airflow/.local/lib/python3.8/site-packages/airflow/example_dags/example_xcom.py
[2024-11-06T14:05:41.691+0000] {logging_mixin.py:154} INFO - [2024-11-06T14:05:41.691+0000] {dag.py:2941} INFO - Sync 1 DAGs
[2024-11-06T14:05:41.708+0000] {logging_mixin.py:154} INFO - [2024-11-06T14:05:41.708+0000] {dag.py:3722} INFO - Setting next_dagrun for example_xcom to 2021-01-01T00:00:00+00:00, run_after=2021-01-01T00:00:00+00:00
[2024-11-06T14:05:41.738+0000] {processor.py:179} INFO - Processing /home/airflow/.local/lib/python3.8/site-packages/airflow/example_dags/example_xcom.py took 0.087 seconds
[2024-11-06T14:09:55.777+0000] {processor.py:157} INFO - Started process (PID=2374) to work on /home/airflow/.local/lib/python3.8/site-packages/airflow/example_dags/example_xcom.py
[2024-11-06T14:09:55.778+0000] {processor.py:829} INFO - Processing file /home/airflow/.local/lib/python3.8/site-packages/airflow/example_dags/example_xcom.py for tasks to queue
[2024-11-06T14:09:55.781+0000] {logging_mixin.py:154} INFO - [2024-11-06T14:09:55.781+0000] {dagbag.py:536} INFO - Filling up the DagBag from /home/airflow/.local/lib/python3.8/site-packages/airflow/example_dags/example_xcom.py
[2024-11-06T14:09:55.792+0000] {processor.py:839} INFO - DAG(s) dict_keys(['example_xcom']) retrieved from /home/airflow/.local/lib/python3.8/site-packages/airflow/example_dags/example_xcom.py
[2024-11-06T14:09:55.819+0000] {logging_mixin.py:154} INFO - [2024-11-06T14:09:55.818+0000] {dag.py:2941} INFO - Sync 1 DAGs
[2024-11-06T14:09:55.840+0000] {logging_mixin.py:154} INFO - [2024-11-06T14:09:55.840+0000] {dag.py:3722} INFO - Setting next_dagrun for example_xcom to 2021-01-01T00:00:00+00:00, run_after=2021-01-01T00:00:00+00:00
[2024-11-06T14:09:55.866+0000] {processor.py:179} INFO - Processing /home/airflow/.local/lib/python3.8/site-packages/airflow/example_dags/example_xcom.py took 0.093 seconds
[2024-11-06T14:16:57.210+0000] {processor.py:157} INFO - Started process (PID=2428) to work on /home/airflow/.local/lib/python3.8/site-packages/airflow/example_dags/example_xcom.py
[2024-11-06T14:16:57.211+0000] {processor.py:829} INFO - Processing file /home/airflow/.local/lib/python3.8/site-packages/airflow/example_dags/example_xcom.py for tasks to queue
[2024-11-06T14:16:57.213+0000] {logging_mixin.py:154} INFO - [2024-11-06T14:16:57.213+0000] {dagbag.py:536} INFO - Filling up the DagBag from /home/airflow/.local/lib/python3.8/site-packages/airflow/example_dags/example_xcom.py
[2024-11-06T14:16:57.220+0000] {processor.py:839} INFO - DAG(s) dict_keys(['example_xcom']) retrieved from /home/airflow/.local/lib/python3.8/site-packages/airflow/example_dags/example_xcom.py
[2024-11-06T14:16:57.233+0000] {logging_mixin.py:154} INFO - [2024-11-06T14:16:57.233+0000] {dag.py:2941} INFO - Sync 1 DAGs
[2024-11-06T14:16:57.244+0000] {logging_mixin.py:154} INFO - [2024-11-06T14:16:57.244+0000] {dag.py:3722} INFO - Setting next_dagrun for example_xcom to 2021-01-01T00:00:00+00:00, run_after=2021-01-01T00:00:00+00:00
[2024-11-06T14:16:57.256+0000] {processor.py:179} INFO - Processing /home/airflow/.local/lib/python3.8/site-packages/airflow/example_dags/example_xcom.py took 0.047 seconds
[2024-11-06T14:23:14.763+0000] {processor.py:157} INFO - Started process (PID=2482) to work on /home/airflow/.local/lib/python3.8/site-packages/airflow/example_dags/example_xcom.py
[2024-11-06T14:23:14.765+0000] {processor.py:829} INFO - Processing file /home/airflow/.local/lib/python3.8/site-packages/airflow/example_dags/example_xcom.py for tasks to queue
[2024-11-06T14:23:14.767+0000] {logging_mixin.py:154} INFO - [2024-11-06T14:23:14.767+0000] {dagbag.py:536} INFO - Filling up the DagBag from /home/airflow/.local/lib/python3.8/site-packages/airflow/example_dags/example_xcom.py
[2024-11-06T14:23:14.775+0000] {processor.py:839} INFO - DAG(s) dict_keys(['example_xcom']) retrieved from /home/airflow/.local/lib/python3.8/site-packages/airflow/example_dags/example_xcom.py
[2024-11-06T14:23:14.797+0000] {logging_mixin.py:154} INFO - [2024-11-06T14:23:14.797+0000] {dag.py:2941} INFO - Sync 1 DAGs
[2024-11-06T14:23:14.819+0000] {logging_mixin.py:154} INFO - [2024-11-06T14:23:14.819+0000] {dag.py:3722} INFO - Setting next_dagrun for example_xcom to 2021-01-01T00:00:00+00:00, run_after=2021-01-01T00:00:00+00:00
[2024-11-06T14:23:14.841+0000] {processor.py:179} INFO - Processing /home/airflow/.local/lib/python3.8/site-packages/airflow/example_dags/example_xcom.py took 0.082 seconds
[2024-11-06T14:31:01.231+0000] {processor.py:157} INFO - Started process (PID=2535) to work on /home/airflow/.local/lib/python3.8/site-packages/airflow/example_dags/example_xcom.py
[2024-11-06T14:31:01.231+0000] {processor.py:829} INFO - Processing file /home/airflow/.local/lib/python3.8/site-packages/airflow/example_dags/example_xcom.py for tasks to queue
[2024-11-06T14:31:01.233+0000] {logging_mixin.py:154} INFO - [2024-11-06T14:31:01.233+0000] {dagbag.py:536} INFO - Filling up the DagBag from /home/airflow/.local/lib/python3.8/site-packages/airflow/example_dags/example_xcom.py
[2024-11-06T14:31:01.237+0000] {processor.py:839} INFO - DAG(s) dict_keys(['example_xcom']) retrieved from /home/airflow/.local/lib/python3.8/site-packages/airflow/example_dags/example_xcom.py
[2024-11-06T14:31:01.250+0000] {logging_mixin.py:154} INFO - [2024-11-06T14:31:01.250+0000] {dag.py:2941} INFO - Sync 1 DAGs
[2024-11-06T14:31:01.263+0000] {logging_mixin.py:154} INFO - [2024-11-06T14:31:01.263+0000] {dag.py:3722} INFO - Setting next_dagrun for example_xcom to 2021-01-01T00:00:00+00:00, run_after=2021-01-01T00:00:00+00:00
[2024-11-06T14:31:01.287+0000] {processor.py:179} INFO - Processing /home/airflow/.local/lib/python3.8/site-packages/airflow/example_dags/example_xcom.py took 0.058 seconds
[2024-11-06T14:36:36.059+0000] {processor.py:157} INFO - Started process (PID=2588) to work on /home/airflow/.local/lib/python3.8/site-packages/airflow/example_dags/example_xcom.py
[2024-11-06T14:36:36.061+0000] {processor.py:829} INFO - Processing file /home/airflow/.local/lib/python3.8/site-packages/airflow/example_dags/example_xcom.py for tasks to queue
[2024-11-06T14:36:36.063+0000] {logging_mixin.py:154} INFO - [2024-11-06T14:36:36.063+0000] {dagbag.py:536} INFO - Filling up the DagBag from /home/airflow/.local/lib/python3.8/site-packages/airflow/example_dags/example_xcom.py
[2024-11-06T14:36:36.069+0000] {processor.py:839} INFO - DAG(s) dict_keys(['example_xcom']) retrieved from /home/airflow/.local/lib/python3.8/site-packages/airflow/example_dags/example_xcom.py
[2024-11-06T14:36:36.092+0000] {logging_mixin.py:154} INFO - [2024-11-06T14:36:36.092+0000] {dag.py:2941} INFO - Sync 1 DAGs
[2024-11-06T14:36:36.115+0000] {logging_mixin.py:154} INFO - [2024-11-06T14:36:36.115+0000] {dag.py:3722} INFO - Setting next_dagrun for example_xcom to 2021-01-01T00:00:00+00:00, run_after=2021-01-01T00:00:00+00:00
[2024-11-06T14:36:36.145+0000] {processor.py:179} INFO - Processing /home/airflow/.local/lib/python3.8/site-packages/airflow/example_dags/example_xcom.py took 0.089 seconds
[2024-11-06T15:02:52.085+0000] {processor.py:157} INFO - Started process (PID=2642) to work on /home/airflow/.local/lib/python3.8/site-packages/airflow/example_dags/example_xcom.py
[2024-11-06T15:02:52.087+0000] {processor.py:829} INFO - Processing file /home/airflow/.local/lib/python3.8/site-packages/airflow/example_dags/example_xcom.py for tasks to queue
[2024-11-06T15:02:52.091+0000] {logging_mixin.py:154} INFO - [2024-11-06T15:02:52.091+0000] {dagbag.py:536} INFO - Filling up the DagBag from /home/airflow/.local/lib/python3.8/site-packages/airflow/example_dags/example_xcom.py
[2024-11-06T15:02:52.095+0000] {processor.py:839} INFO - DAG(s) dict_keys(['example_xcom']) retrieved from /home/airflow/.local/lib/python3.8/site-packages/airflow/example_dags/example_xcom.py
[2024-11-06T15:02:52.107+0000] {logging_mixin.py:154} INFO - [2024-11-06T15:02:52.107+0000] {dag.py:2941} INFO - Sync 1 DAGs
[2024-11-06T15:02:52.116+0000] {logging_mixin.py:154} INFO - [2024-11-06T15:02:52.116+0000] {dag.py:3722} INFO - Setting next_dagrun for example_xcom to 2021-01-01T00:00:00+00:00, run_after=2021-01-01T00:00:00+00:00
[2024-11-06T15:02:52.125+0000] {processor.py:179} INFO - Processing /home/airflow/.local/lib/python3.8/site-packages/airflow/example_dags/example_xcom.py took 0.042 seconds
[2024-11-06T15:37:16.598+0000] {processor.py:157} INFO - Started process (PID=2696) to work on /home/airflow/.local/lib/python3.8/site-packages/airflow/example_dags/example_xcom.py
[2024-11-06T15:37:16.600+0000] {processor.py:829} INFO - Processing file /home/airflow/.local/lib/python3.8/site-packages/airflow/example_dags/example_xcom.py for tasks to queue
[2024-11-06T15:37:16.605+0000] {logging_mixin.py:154} INFO - [2024-11-06T15:37:16.604+0000] {dagbag.py:536} INFO - Filling up the DagBag from /home/airflow/.local/lib/python3.8/site-packages/airflow/example_dags/example_xcom.py
[2024-11-06T15:37:16.612+0000] {processor.py:839} INFO - DAG(s) dict_keys(['example_xcom']) retrieved from /home/airflow/.local/lib/python3.8/site-packages/airflow/example_dags/example_xcom.py
[2024-11-06T15:37:16.632+0000] {logging_mixin.py:154} INFO - [2024-11-06T15:37:16.632+0000] {dag.py:2941} INFO - Sync 1 DAGs
[2024-11-06T15:37:16.660+0000] {logging_mixin.py:154} INFO - [2024-11-06T15:37:16.659+0000] {dag.py:3722} INFO - Setting next_dagrun for example_xcom to 2021-01-01T00:00:00+00:00, run_after=2021-01-01T00:00:00+00:00
[2024-11-06T15:37:16.686+0000] {processor.py:179} INFO - Processing /home/airflow/.local/lib/python3.8/site-packages/airflow/example_dags/example_xcom.py took 0.093 seconds
[2024-11-06T15:48:09.032+0000] {processor.py:157} INFO - Started process (PID=2750) to work on /home/airflow/.local/lib/python3.8/site-packages/airflow/example_dags/example_xcom.py
[2024-11-06T15:48:09.032+0000] {processor.py:829} INFO - Processing file /home/airflow/.local/lib/python3.8/site-packages/airflow/example_dags/example_xcom.py for tasks to queue
[2024-11-06T15:48:09.033+0000] {logging_mixin.py:154} INFO - [2024-11-06T15:48:09.033+0000] {dagbag.py:536} INFO - Filling up the DagBag from /home/airflow/.local/lib/python3.8/site-packages/airflow/example_dags/example_xcom.py
[2024-11-06T15:48:09.036+0000] {processor.py:839} INFO - DAG(s) dict_keys(['example_xcom']) retrieved from /home/airflow/.local/lib/python3.8/site-packages/airflow/example_dags/example_xcom.py
[2024-11-06T15:48:09.047+0000] {logging_mixin.py:154} INFO - [2024-11-06T15:48:09.047+0000] {dag.py:2941} INFO - Sync 1 DAGs
[2024-11-06T15:48:09.056+0000] {logging_mixin.py:154} INFO - [2024-11-06T15:48:09.056+0000] {dag.py:3722} INFO - Setting next_dagrun for example_xcom to 2021-01-01T00:00:00+00:00, run_after=2021-01-01T00:00:00+00:00
[2024-11-06T15:48:09.067+0000] {processor.py:179} INFO - Processing /home/airflow/.local/lib/python3.8/site-packages/airflow/example_dags/example_xcom.py took 0.036 seconds
[2024-11-06T16:49:02.898+0000] {processor.py:157} INFO - Started process (PID=2804) to work on /home/airflow/.local/lib/python3.8/site-packages/airflow/example_dags/example_xcom.py
[2024-11-06T16:49:02.899+0000] {processor.py:829} INFO - Processing file /home/airflow/.local/lib/python3.8/site-packages/airflow/example_dags/example_xcom.py for tasks to queue
[2024-11-06T16:49:02.902+0000] {logging_mixin.py:154} INFO - [2024-11-06T16:49:02.902+0000] {dagbag.py:536} INFO - Filling up the DagBag from /home/airflow/.local/lib/python3.8/site-packages/airflow/example_dags/example_xcom.py
[2024-11-06T16:49:02.907+0000] {processor.py:839} INFO - DAG(s) dict_keys(['example_xcom']) retrieved from /home/airflow/.local/lib/python3.8/site-packages/airflow/example_dags/example_xcom.py
[2024-11-06T16:49:02.934+0000] {logging_mixin.py:154} INFO - [2024-11-06T16:49:02.934+0000] {dag.py:2941} INFO - Sync 1 DAGs
[2024-11-06T16:49:02.959+0000] {logging_mixin.py:154} INFO - [2024-11-06T16:49:02.958+0000] {dag.py:3722} INFO - Setting next_dagrun for example_xcom to 2021-01-01T00:00:00+00:00, run_after=2021-01-01T00:00:00+00:00
[2024-11-06T16:49:02.991+0000] {processor.py:179} INFO - Processing /home/airflow/.local/lib/python3.8/site-packages/airflow/example_dags/example_xcom.py took 0.097 seconds
[2024-11-06T16:49:56.218+0000] {processor.py:157} INFO - Started process (PID=2858) to work on /home/airflow/.local/lib/python3.8/site-packages/airflow/example_dags/example_xcom.py
[2024-11-06T16:49:56.219+0000] {processor.py:829} INFO - Processing file /home/airflow/.local/lib/python3.8/site-packages/airflow/example_dags/example_xcom.py for tasks to queue
[2024-11-06T16:49:56.220+0000] {logging_mixin.py:154} INFO - [2024-11-06T16:49:56.220+0000] {dagbag.py:536} INFO - Filling up the DagBag from /home/airflow/.local/lib/python3.8/site-packages/airflow/example_dags/example_xcom.py
[2024-11-06T16:49:56.224+0000] {processor.py:839} INFO - DAG(s) dict_keys(['example_xcom']) retrieved from /home/airflow/.local/lib/python3.8/site-packages/airflow/example_dags/example_xcom.py
[2024-11-06T16:49:56.237+0000] {logging_mixin.py:154} INFO - [2024-11-06T16:49:56.236+0000] {dag.py:2941} INFO - Sync 1 DAGs
[2024-11-06T16:49:56.246+0000] {logging_mixin.py:154} INFO - [2024-11-06T16:49:56.246+0000] {dag.py:3722} INFO - Setting next_dagrun for example_xcom to 2021-01-01T00:00:00+00:00, run_after=2021-01-01T00:00:00+00:00
[2024-11-06T16:49:56.257+0000] {processor.py:179} INFO - Processing /home/airflow/.local/lib/python3.8/site-packages/airflow/example_dags/example_xcom.py took 0.041 seconds
[2024-11-06T17:40:07.514+0000] {processor.py:157} INFO - Started process (PID=2912) to work on /home/airflow/.local/lib/python3.8/site-packages/airflow/example_dags/example_xcom.py
[2024-11-06T17:40:07.515+0000] {processor.py:829} INFO - Processing file /home/airflow/.local/lib/python3.8/site-packages/airflow/example_dags/example_xcom.py for tasks to queue
[2024-11-06T17:40:07.518+0000] {logging_mixin.py:154} INFO - [2024-11-06T17:40:07.517+0000] {dagbag.py:536} INFO - Filling up the DagBag from /home/airflow/.local/lib/python3.8/site-packages/airflow/example_dags/example_xcom.py
[2024-11-06T17:40:07.525+0000] {processor.py:839} INFO - DAG(s) dict_keys(['example_xcom']) retrieved from /home/airflow/.local/lib/python3.8/site-packages/airflow/example_dags/example_xcom.py
[2024-11-06T17:40:07.548+0000] {logging_mixin.py:154} INFO - [2024-11-06T17:40:07.547+0000] {dag.py:2941} INFO - Sync 1 DAGs
[2024-11-06T17:40:07.573+0000] {logging_mixin.py:154} INFO - [2024-11-06T17:40:07.573+0000] {dag.py:3722} INFO - Setting next_dagrun for example_xcom to 2021-01-01T00:00:00+00:00, run_after=2021-01-01T00:00:00+00:00
[2024-11-06T17:40:07.600+0000] {processor.py:179} INFO - Processing /home/airflow/.local/lib/python3.8/site-packages/airflow/example_dags/example_xcom.py took 0.088 seconds
[2024-11-06T18:40:20.153+0000] {processor.py:157} INFO - Started process (PID=2966) to work on /home/airflow/.local/lib/python3.8/site-packages/airflow/example_dags/example_xcom.py
[2024-11-06T18:40:20.155+0000] {processor.py:829} INFO - Processing file /home/airflow/.local/lib/python3.8/site-packages/airflow/example_dags/example_xcom.py for tasks to queue
[2024-11-06T18:40:20.157+0000] {logging_mixin.py:154} INFO - [2024-11-06T18:40:20.157+0000] {dagbag.py:536} INFO - Filling up the DagBag from /home/airflow/.local/lib/python3.8/site-packages/airflow/example_dags/example_xcom.py
[2024-11-06T18:40:20.165+0000] {processor.py:839} INFO - DAG(s) dict_keys(['example_xcom']) retrieved from /home/airflow/.local/lib/python3.8/site-packages/airflow/example_dags/example_xcom.py
[2024-11-06T18:40:20.187+0000] {logging_mixin.py:154} INFO - [2024-11-06T18:40:20.187+0000] {dag.py:2941} INFO - Sync 1 DAGs
[2024-11-06T18:40:20.205+0000] {logging_mixin.py:154} INFO - [2024-11-06T18:40:20.205+0000] {dag.py:3722} INFO - Setting next_dagrun for example_xcom to 2021-01-01T00:00:00+00:00, run_after=2021-01-01T00:00:00+00:00
[2024-11-06T18:40:20.230+0000] {processor.py:179} INFO - Processing /home/airflow/.local/lib/python3.8/site-packages/airflow/example_dags/example_xcom.py took 0.080 seconds
[2024-11-06T19:56:54.359+0000] {processor.py:157} INFO - Started process (PID=3020) to work on /home/airflow/.local/lib/python3.8/site-packages/airflow/example_dags/example_xcom.py
[2024-11-06T19:56:54.361+0000] {processor.py:829} INFO - Processing file /home/airflow/.local/lib/python3.8/site-packages/airflow/example_dags/example_xcom.py for tasks to queue
[2024-11-06T19:56:54.362+0000] {logging_mixin.py:154} INFO - [2024-11-06T19:56:54.362+0000] {dagbag.py:536} INFO - Filling up the DagBag from /home/airflow/.local/lib/python3.8/site-packages/airflow/example_dags/example_xcom.py
[2024-11-06T19:56:54.366+0000] {processor.py:839} INFO - DAG(s) dict_keys(['example_xcom']) retrieved from /home/airflow/.local/lib/python3.8/site-packages/airflow/example_dags/example_xcom.py
[2024-11-06T19:56:54.377+0000] {logging_mixin.py:154} INFO - [2024-11-06T19:56:54.377+0000] {dag.py:2941} INFO - Sync 1 DAGs
[2024-11-06T19:56:54.388+0000] {logging_mixin.py:154} INFO - [2024-11-06T19:56:54.388+0000] {dag.py:3722} INFO - Setting next_dagrun for example_xcom to 2021-01-01T00:00:00+00:00, run_after=2021-01-01T00:00:00+00:00
[2024-11-06T19:56:54.396+0000] {processor.py:179} INFO - Processing /home/airflow/.local/lib/python3.8/site-packages/airflow/example_dags/example_xcom.py took 0.038 seconds
[2024-11-06T20:41:40.741+0000] {processor.py:157} INFO - Started process (PID=3074) to work on /home/airflow/.local/lib/python3.8/site-packages/airflow/example_dags/example_xcom.py
[2024-11-06T20:41:40.743+0000] {processor.py:829} INFO - Processing file /home/airflow/.local/lib/python3.8/site-packages/airflow/example_dags/example_xcom.py for tasks to queue
[2024-11-06T20:41:40.749+0000] {logging_mixin.py:154} INFO - [2024-11-06T20:41:40.748+0000] {dagbag.py:536} INFO - Filling up the DagBag from /home/airflow/.local/lib/python3.8/site-packages/airflow/example_dags/example_xcom.py
[2024-11-06T20:41:40.760+0000] {processor.py:839} INFO - DAG(s) dict_keys(['example_xcom']) retrieved from /home/airflow/.local/lib/python3.8/site-packages/airflow/example_dags/example_xcom.py
[2024-11-06T20:41:40.778+0000] {logging_mixin.py:154} INFO - [2024-11-06T20:41:40.778+0000] {dag.py:2941} INFO - Sync 1 DAGs
[2024-11-06T20:41:40.797+0000] {logging_mixin.py:154} INFO - [2024-11-06T20:41:40.796+0000] {dag.py:3722} INFO - Setting next_dagrun for example_xcom to 2021-01-01T00:00:00+00:00, run_after=2021-01-01T00:00:00+00:00
[2024-11-06T20:41:40.818+0000] {processor.py:179} INFO - Processing /home/airflow/.local/lib/python3.8/site-packages/airflow/example_dags/example_xcom.py took 0.079 seconds
[2024-11-06T22:09:49.810+0000] {processor.py:157} INFO - Started process (PID=3128) to work on /home/airflow/.local/lib/python3.8/site-packages/airflow/example_dags/example_xcom.py
[2024-11-06T22:09:49.810+0000] {processor.py:829} INFO - Processing file /home/airflow/.local/lib/python3.8/site-packages/airflow/example_dags/example_xcom.py for tasks to queue
[2024-11-06T22:09:49.811+0000] {logging_mixin.py:154} INFO - [2024-11-06T22:09:49.811+0000] {dagbag.py:536} INFO - Filling up the DagBag from /home/airflow/.local/lib/python3.8/site-packages/airflow/example_dags/example_xcom.py
[2024-11-06T22:09:49.814+0000] {processor.py:839} INFO - DAG(s) dict_keys(['example_xcom']) retrieved from /home/airflow/.local/lib/python3.8/site-packages/airflow/example_dags/example_xcom.py
[2024-11-06T22:09:49.826+0000] {logging_mixin.py:154} INFO - [2024-11-06T22:09:49.826+0000] {dag.py:2941} INFO - Sync 1 DAGs
[2024-11-06T22:09:49.835+0000] {logging_mixin.py:154} INFO - [2024-11-06T22:09:49.835+0000] {dag.py:3722} INFO - Setting next_dagrun for example_xcom to 2021-01-01T00:00:00+00:00, run_after=2021-01-01T00:00:00+00:00
[2024-11-06T22:09:49.843+0000] {processor.py:179} INFO - Processing /home/airflow/.local/lib/python3.8/site-packages/airflow/example_dags/example_xcom.py took 0.035 seconds
[2024-11-06T23:10:56.227+0000] {processor.py:157} INFO - Started process (PID=3182) to work on /home/airflow/.local/lib/python3.8/site-packages/airflow/example_dags/example_xcom.py
[2024-11-06T23:10:56.228+0000] {processor.py:829} INFO - Processing file /home/airflow/.local/lib/python3.8/site-packages/airflow/example_dags/example_xcom.py for tasks to queue
[2024-11-06T23:10:56.230+0000] {logging_mixin.py:154} INFO - [2024-11-06T23:10:56.230+0000] {dagbag.py:536} INFO - Filling up the DagBag from /home/airflow/.local/lib/python3.8/site-packages/airflow/example_dags/example_xcom.py
[2024-11-06T23:10:56.234+0000] {processor.py:839} INFO - DAG(s) dict_keys(['example_xcom']) retrieved from /home/airflow/.local/lib/python3.8/site-packages/airflow/example_dags/example_xcom.py
[2024-11-06T23:10:56.243+0000] {logging_mixin.py:154} INFO - [2024-11-06T23:10:56.243+0000] {dag.py:2941} INFO - Sync 1 DAGs
[2024-11-06T23:10:56.252+0000] {logging_mixin.py:154} INFO - [2024-11-06T23:10:56.252+0000] {dag.py:3722} INFO - Setting next_dagrun for example_xcom to 2021-01-01T00:00:00+00:00, run_after=2021-01-01T00:00:00+00:00
[2024-11-06T23:10:56.260+0000] {processor.py:179} INFO - Processing /home/airflow/.local/lib/python3.8/site-packages/airflow/example_dags/example_xcom.py took 0.034 seconds
[2024-11-06T23:49:20.677+0000] {processor.py:157} INFO - Started process (PID=3236) to work on /home/airflow/.local/lib/python3.8/site-packages/airflow/example_dags/example_xcom.py
[2024-11-06T23:49:20.678+0000] {processor.py:829} INFO - Processing file /home/airflow/.local/lib/python3.8/site-packages/airflow/example_dags/example_xcom.py for tasks to queue
[2024-11-06T23:49:20.680+0000] {logging_mixin.py:154} INFO - [2024-11-06T23:49:20.680+0000] {dagbag.py:536} INFO - Filling up the DagBag from /home/airflow/.local/lib/python3.8/site-packages/airflow/example_dags/example_xcom.py
[2024-11-06T23:49:20.686+0000] {processor.py:839} INFO - DAG(s) dict_keys(['example_xcom']) retrieved from /home/airflow/.local/lib/python3.8/site-packages/airflow/example_dags/example_xcom.py
[2024-11-06T23:49:20.713+0000] {logging_mixin.py:154} INFO - [2024-11-06T23:49:20.712+0000] {dag.py:2941} INFO - Sync 1 DAGs
[2024-11-06T23:49:20.733+0000] {logging_mixin.py:154} INFO - [2024-11-06T23:49:20.733+0000] {dag.py:3722} INFO - Setting next_dagrun for example_xcom to 2021-01-01T00:00:00+00:00, run_after=2021-01-01T00:00:00+00:00
[2024-11-06T23:49:20.760+0000] {processor.py:179} INFO - Processing /home/airflow/.local/lib/python3.8/site-packages/airflow/example_dags/example_xcom.py took 0.088 seconds
