[2024-11-06T08:43:19.792+0000] {processor.py:157} INFO - Started process (PID=71) to work on /home/airflow/.local/lib/python3.8/site-packages/airflow/example_dags/example_dag_decorator.py
[2024-11-06T08:43:19.794+0000] {processor.py:829} INFO - Processing file /home/airflow/.local/lib/python3.8/site-packages/airflow/example_dags/example_dag_decorator.py for tasks to queue
[2024-11-06T08:43:19.796+0000] {logging_mixin.py:154} INFO - [2024-11-06T08:43:19.795+0000] {dagbag.py:536} INFO - Filling up the DagBag from /home/airflow/.local/lib/python3.8/site-packages/airflow/example_dags/example_dag_decorator.py
[2024-11-06T08:43:19.883+0000] {processor.py:839} INFO - DAG(s) dict_keys(['example_dag_decorator']) retrieved from /home/airflow/.local/lib/python3.8/site-packages/airflow/example_dags/example_dag_decorator.py
[2024-11-06T08:43:19.893+0000] {logging_mixin.py:154} INFO - [2024-11-06T08:43:19.893+0000] {dag.py:2941} INFO - Sync 1 DAGs
[2024-11-06T08:43:19.905+0000] {logging_mixin.py:154} INFO - [2024-11-06T08:43:19.905+0000] {dag.py:3722} INFO - Setting next_dagrun for example_dag_decorator to None, run_after=None
[2024-11-06T08:43:19.919+0000] {processor.py:179} INFO - Processing /home/airflow/.local/lib/python3.8/site-packages/airflow/example_dags/example_dag_decorator.py took 0.129 seconds
[2024-11-06T08:43:50.059+0000] {processor.py:157} INFO - Started process (PID=126) to work on /home/airflow/.local/lib/python3.8/site-packages/airflow/example_dags/example_dag_decorator.py
[2024-11-06T08:43:50.060+0000] {processor.py:829} INFO - Processing file /home/airflow/.local/lib/python3.8/site-packages/airflow/example_dags/example_dag_decorator.py for tasks to queue
[2024-11-06T08:43:50.062+0000] {logging_mixin.py:154} INFO - [2024-11-06T08:43:50.062+0000] {dagbag.py:536} INFO - Filling up the DagBag from /home/airflow/.local/lib/python3.8/site-packages/airflow/example_dags/example_dag_decorator.py
[2024-11-06T08:43:50.092+0000] {processor.py:839} INFO - DAG(s) dict_keys(['example_dag_decorator']) retrieved from /home/airflow/.local/lib/python3.8/site-packages/airflow/example_dags/example_dag_decorator.py
[2024-11-06T08:43:50.170+0000] {logging_mixin.py:154} INFO - [2024-11-06T08:43:50.170+0000] {dag.py:2941} INFO - Sync 1 DAGs
[2024-11-06T08:43:50.265+0000] {logging_mixin.py:154} INFO - [2024-11-06T08:43:50.265+0000] {dag.py:3722} INFO - Setting next_dagrun for example_dag_decorator to None, run_after=None
[2024-11-06T08:43:50.275+0000] {processor.py:179} INFO - Processing /home/airflow/.local/lib/python3.8/site-packages/airflow/example_dags/example_dag_decorator.py took 0.218 seconds
[2024-11-06T08:44:20.469+0000] {processor.py:157} INFO - Started process (PID=180) to work on /home/airflow/.local/lib/python3.8/site-packages/airflow/example_dags/example_dag_decorator.py
[2024-11-06T08:44:20.469+0000] {processor.py:829} INFO - Processing file /home/airflow/.local/lib/python3.8/site-packages/airflow/example_dags/example_dag_decorator.py for tasks to queue
[2024-11-06T08:44:20.470+0000] {logging_mixin.py:154} INFO - [2024-11-06T08:44:20.470+0000] {dagbag.py:536} INFO - Filling up the DagBag from /home/airflow/.local/lib/python3.8/site-packages/airflow/example_dags/example_dag_decorator.py
[2024-11-06T08:44:20.502+0000] {processor.py:839} INFO - DAG(s) dict_keys(['example_dag_decorator']) retrieved from /home/airflow/.local/lib/python3.8/site-packages/airflow/example_dags/example_dag_decorator.py
[2024-11-06T08:44:20.545+0000] {logging_mixin.py:154} INFO - [2024-11-06T08:44:20.544+0000] {dag.py:2941} INFO - Sync 1 DAGs
[2024-11-06T08:44:20.550+0000] {logging_mixin.py:154} INFO - [2024-11-06T08:44:20.550+0000] {dag.py:3722} INFO - Setting next_dagrun for example_dag_decorator to None, run_after=None
[2024-11-06T08:44:20.561+0000] {processor.py:179} INFO - Processing /home/airflow/.local/lib/python3.8/site-packages/airflow/example_dags/example_dag_decorator.py took 0.094 seconds
[2024-11-06T08:44:50.782+0000] {processor.py:157} INFO - Started process (PID=234) to work on /home/airflow/.local/lib/python3.8/site-packages/airflow/example_dags/example_dag_decorator.py
[2024-11-06T08:44:50.786+0000] {processor.py:829} INFO - Processing file /home/airflow/.local/lib/python3.8/site-packages/airflow/example_dags/example_dag_decorator.py for tasks to queue
[2024-11-06T08:44:50.787+0000] {logging_mixin.py:154} INFO - [2024-11-06T08:44:50.787+0000] {dagbag.py:536} INFO - Filling up the DagBag from /home/airflow/.local/lib/python3.8/site-packages/airflow/example_dags/example_dag_decorator.py
[2024-11-06T08:44:50.819+0000] {processor.py:839} INFO - DAG(s) dict_keys(['example_dag_decorator']) retrieved from /home/airflow/.local/lib/python3.8/site-packages/airflow/example_dags/example_dag_decorator.py
[2024-11-06T08:44:50.952+0000] {logging_mixin.py:154} INFO - [2024-11-06T08:44:50.952+0000] {dag.py:2941} INFO - Sync 1 DAGs
[2024-11-06T08:44:50.956+0000] {logging_mixin.py:154} INFO - [2024-11-06T08:44:50.956+0000] {dag.py:3722} INFO - Setting next_dagrun for example_dag_decorator to None, run_after=None
[2024-11-06T08:44:50.970+0000] {processor.py:179} INFO - Processing /home/airflow/.local/lib/python3.8/site-packages/airflow/example_dags/example_dag_decorator.py took 0.190 seconds
[2024-11-06T08:45:21.129+0000] {processor.py:157} INFO - Started process (PID=287) to work on /home/airflow/.local/lib/python3.8/site-packages/airflow/example_dags/example_dag_decorator.py
[2024-11-06T08:45:21.129+0000] {processor.py:829} INFO - Processing file /home/airflow/.local/lib/python3.8/site-packages/airflow/example_dags/example_dag_decorator.py for tasks to queue
[2024-11-06T08:45:21.130+0000] {logging_mixin.py:154} INFO - [2024-11-06T08:45:21.130+0000] {dagbag.py:536} INFO - Filling up the DagBag from /home/airflow/.local/lib/python3.8/site-packages/airflow/example_dags/example_dag_decorator.py
[2024-11-06T08:45:21.161+0000] {processor.py:839} INFO - DAG(s) dict_keys(['example_dag_decorator']) retrieved from /home/airflow/.local/lib/python3.8/site-packages/airflow/example_dags/example_dag_decorator.py
[2024-11-06T08:45:21.208+0000] {logging_mixin.py:154} INFO - [2024-11-06T08:45:21.208+0000] {dag.py:2941} INFO - Sync 1 DAGs
[2024-11-06T08:45:21.291+0000] {logging_mixin.py:154} INFO - [2024-11-06T08:45:21.291+0000] {dag.py:3722} INFO - Setting next_dagrun for example_dag_decorator to None, run_after=None
[2024-11-06T08:45:21.299+0000] {processor.py:179} INFO - Processing /home/airflow/.local/lib/python3.8/site-packages/airflow/example_dags/example_dag_decorator.py took 0.172 seconds
[2024-11-06T08:45:51.628+0000] {processor.py:157} INFO - Started process (PID=343) to work on /home/airflow/.local/lib/python3.8/site-packages/airflow/example_dags/example_dag_decorator.py
[2024-11-06T08:45:51.629+0000] {processor.py:829} INFO - Processing file /home/airflow/.local/lib/python3.8/site-packages/airflow/example_dags/example_dag_decorator.py for tasks to queue
[2024-11-06T08:45:51.629+0000] {logging_mixin.py:154} INFO - [2024-11-06T08:45:51.629+0000] {dagbag.py:536} INFO - Filling up the DagBag from /home/airflow/.local/lib/python3.8/site-packages/airflow/example_dags/example_dag_decorator.py
[2024-11-06T08:45:51.658+0000] {processor.py:839} INFO - DAG(s) dict_keys(['example_dag_decorator']) retrieved from /home/airflow/.local/lib/python3.8/site-packages/airflow/example_dags/example_dag_decorator.py
[2024-11-06T08:45:51.701+0000] {logging_mixin.py:154} INFO - [2024-11-06T08:45:51.701+0000] {dag.py:2941} INFO - Sync 1 DAGs
[2024-11-06T08:45:51.709+0000] {logging_mixin.py:154} INFO - [2024-11-06T08:45:51.708+0000] {dag.py:3722} INFO - Setting next_dagrun for example_dag_decorator to None, run_after=None
[2024-11-06T08:45:51.717+0000] {processor.py:179} INFO - Processing /home/airflow/.local/lib/python3.8/site-packages/airflow/example_dags/example_dag_decorator.py took 0.090 seconds
[2024-11-06T08:46:21.940+0000] {processor.py:157} INFO - Started process (PID=395) to work on /home/airflow/.local/lib/python3.8/site-packages/airflow/example_dags/example_dag_decorator.py
[2024-11-06T08:46:21.941+0000] {processor.py:829} INFO - Processing file /home/airflow/.local/lib/python3.8/site-packages/airflow/example_dags/example_dag_decorator.py for tasks to queue
[2024-11-06T08:46:21.942+0000] {logging_mixin.py:154} INFO - [2024-11-06T08:46:21.942+0000] {dagbag.py:536} INFO - Filling up the DagBag from /home/airflow/.local/lib/python3.8/site-packages/airflow/example_dags/example_dag_decorator.py
[2024-11-06T08:46:21.969+0000] {processor.py:839} INFO - DAG(s) dict_keys(['example_dag_decorator']) retrieved from /home/airflow/.local/lib/python3.8/site-packages/airflow/example_dags/example_dag_decorator.py
[2024-11-06T08:46:22.149+0000] {logging_mixin.py:154} INFO - [2024-11-06T08:46:22.149+0000] {dag.py:2941} INFO - Sync 1 DAGs
[2024-11-06T08:46:22.158+0000] {logging_mixin.py:154} INFO - [2024-11-06T08:46:22.158+0000] {dag.py:3722} INFO - Setting next_dagrun for example_dag_decorator to None, run_after=None
[2024-11-06T08:46:22.174+0000] {processor.py:179} INFO - Processing /home/airflow/.local/lib/python3.8/site-packages/airflow/example_dags/example_dag_decorator.py took 0.235 seconds
[2024-11-06T08:46:52.805+0000] {processor.py:157} INFO - Started process (PID=456) to work on /home/airflow/.local/lib/python3.8/site-packages/airflow/example_dags/example_dag_decorator.py
[2024-11-06T08:46:52.806+0000] {processor.py:829} INFO - Processing file /home/airflow/.local/lib/python3.8/site-packages/airflow/example_dags/example_dag_decorator.py for tasks to queue
[2024-11-06T08:46:52.807+0000] {logging_mixin.py:154} INFO - [2024-11-06T08:46:52.806+0000] {dagbag.py:536} INFO - Filling up the DagBag from /home/airflow/.local/lib/python3.8/site-packages/airflow/example_dags/example_dag_decorator.py
[2024-11-06T08:46:52.834+0000] {processor.py:839} INFO - DAG(s) dict_keys(['example_dag_decorator']) retrieved from /home/airflow/.local/lib/python3.8/site-packages/airflow/example_dags/example_dag_decorator.py
[2024-11-06T08:46:52.958+0000] {logging_mixin.py:154} INFO - [2024-11-06T08:46:52.958+0000] {dag.py:2941} INFO - Sync 1 DAGs
[2024-11-06T08:46:52.962+0000] {logging_mixin.py:154} INFO - [2024-11-06T08:46:52.962+0000] {dag.py:3722} INFO - Setting next_dagrun for example_dag_decorator to None, run_after=None
[2024-11-06T08:46:52.973+0000] {processor.py:179} INFO - Processing /home/airflow/.local/lib/python3.8/site-packages/airflow/example_dags/example_dag_decorator.py took 0.169 seconds
[2024-11-06T08:47:23.229+0000] {processor.py:157} INFO - Started process (PID=512) to work on /home/airflow/.local/lib/python3.8/site-packages/airflow/example_dags/example_dag_decorator.py
[2024-11-06T08:47:23.230+0000] {processor.py:829} INFO - Processing file /home/airflow/.local/lib/python3.8/site-packages/airflow/example_dags/example_dag_decorator.py for tasks to queue
[2024-11-06T08:47:23.234+0000] {logging_mixin.py:154} INFO - [2024-11-06T08:47:23.233+0000] {dagbag.py:536} INFO - Filling up the DagBag from /home/airflow/.local/lib/python3.8/site-packages/airflow/example_dags/example_dag_decorator.py
[2024-11-06T08:47:23.262+0000] {processor.py:839} INFO - DAG(s) dict_keys(['example_dag_decorator']) retrieved from /home/airflow/.local/lib/python3.8/site-packages/airflow/example_dags/example_dag_decorator.py
[2024-11-06T08:47:23.373+0000] {logging_mixin.py:154} INFO - [2024-11-06T08:47:23.373+0000] {dag.py:2941} INFO - Sync 1 DAGs
[2024-11-06T08:47:23.377+0000] {logging_mixin.py:154} INFO - [2024-11-06T08:47:23.377+0000] {dag.py:3722} INFO - Setting next_dagrun for example_dag_decorator to None, run_after=None
[2024-11-06T08:47:23.388+0000] {processor.py:179} INFO - Processing /home/airflow/.local/lib/python3.8/site-packages/airflow/example_dags/example_dag_decorator.py took 0.161 seconds
[2024-11-06T08:47:53.543+0000] {processor.py:157} INFO - Started process (PID=565) to work on /home/airflow/.local/lib/python3.8/site-packages/airflow/example_dags/example_dag_decorator.py
[2024-11-06T08:47:53.545+0000] {processor.py:829} INFO - Processing file /home/airflow/.local/lib/python3.8/site-packages/airflow/example_dags/example_dag_decorator.py for tasks to queue
[2024-11-06T08:47:53.546+0000] {logging_mixin.py:154} INFO - [2024-11-06T08:47:53.546+0000] {dagbag.py:536} INFO - Filling up the DagBag from /home/airflow/.local/lib/python3.8/site-packages/airflow/example_dags/example_dag_decorator.py
[2024-11-06T08:47:53.575+0000] {processor.py:839} INFO - DAG(s) dict_keys(['example_dag_decorator']) retrieved from /home/airflow/.local/lib/python3.8/site-packages/airflow/example_dags/example_dag_decorator.py
[2024-11-06T08:47:53.617+0000] {logging_mixin.py:154} INFO - [2024-11-06T08:47:53.617+0000] {dag.py:2941} INFO - Sync 1 DAGs
[2024-11-06T08:47:53.698+0000] {logging_mixin.py:154} INFO - [2024-11-06T08:47:53.698+0000] {dag.py:3722} INFO - Setting next_dagrun for example_dag_decorator to None, run_after=None
[2024-11-06T08:47:53.706+0000] {processor.py:179} INFO - Processing /home/airflow/.local/lib/python3.8/site-packages/airflow/example_dags/example_dag_decorator.py took 0.165 seconds
[2024-11-06T08:48:23.900+0000] {processor.py:157} INFO - Started process (PID=619) to work on /home/airflow/.local/lib/python3.8/site-packages/airflow/example_dags/example_dag_decorator.py
[2024-11-06T08:48:23.901+0000] {processor.py:829} INFO - Processing file /home/airflow/.local/lib/python3.8/site-packages/airflow/example_dags/example_dag_decorator.py for tasks to queue
[2024-11-06T08:48:23.904+0000] {logging_mixin.py:154} INFO - [2024-11-06T08:48:23.903+0000] {dagbag.py:536} INFO - Filling up the DagBag from /home/airflow/.local/lib/python3.8/site-packages/airflow/example_dags/example_dag_decorator.py
[2024-11-06T08:48:23.937+0000] {processor.py:839} INFO - DAG(s) dict_keys(['example_dag_decorator']) retrieved from /home/airflow/.local/lib/python3.8/site-packages/airflow/example_dags/example_dag_decorator.py
[2024-11-06T08:48:24.056+0000] {logging_mixin.py:154} INFO - [2024-11-06T08:48:24.055+0000] {dag.py:2941} INFO - Sync 1 DAGs
[2024-11-06T08:48:24.060+0000] {logging_mixin.py:154} INFO - [2024-11-06T08:48:24.059+0000] {dag.py:3722} INFO - Setting next_dagrun for example_dag_decorator to None, run_after=None
[2024-11-06T08:48:24.069+0000] {processor.py:179} INFO - Processing /home/airflow/.local/lib/python3.8/site-packages/airflow/example_dags/example_dag_decorator.py took 0.170 seconds
[2024-11-06T08:48:54.199+0000] {processor.py:157} INFO - Started process (PID=673) to work on /home/airflow/.local/lib/python3.8/site-packages/airflow/example_dags/example_dag_decorator.py
[2024-11-06T08:48:54.199+0000] {processor.py:829} INFO - Processing file /home/airflow/.local/lib/python3.8/site-packages/airflow/example_dags/example_dag_decorator.py for tasks to queue
[2024-11-06T08:48:54.200+0000] {logging_mixin.py:154} INFO - [2024-11-06T08:48:54.200+0000] {dagbag.py:536} INFO - Filling up the DagBag from /home/airflow/.local/lib/python3.8/site-packages/airflow/example_dags/example_dag_decorator.py
[2024-11-06T08:48:54.228+0000] {processor.py:839} INFO - DAG(s) dict_keys(['example_dag_decorator']) retrieved from /home/airflow/.local/lib/python3.8/site-packages/airflow/example_dags/example_dag_decorator.py
[2024-11-06T08:48:54.345+0000] {logging_mixin.py:154} INFO - [2024-11-06T08:48:54.345+0000] {dag.py:2941} INFO - Sync 1 DAGs
[2024-11-06T08:48:54.349+0000] {logging_mixin.py:154} INFO - [2024-11-06T08:48:54.349+0000] {dag.py:3722} INFO - Setting next_dagrun for example_dag_decorator to None, run_after=None
[2024-11-06T08:48:54.355+0000] {processor.py:179} INFO - Processing /home/airflow/.local/lib/python3.8/site-packages/airflow/example_dags/example_dag_decorator.py took 0.158 seconds
[2024-11-06T08:49:24.407+0000] {processor.py:157} INFO - Started process (PID=727) to work on /home/airflow/.local/lib/python3.8/site-packages/airflow/example_dags/example_dag_decorator.py
[2024-11-06T08:49:24.407+0000] {processor.py:829} INFO - Processing file /home/airflow/.local/lib/python3.8/site-packages/airflow/example_dags/example_dag_decorator.py for tasks to queue
[2024-11-06T08:49:24.408+0000] {logging_mixin.py:154} INFO - [2024-11-06T08:49:24.408+0000] {dagbag.py:536} INFO - Filling up the DagBag from /home/airflow/.local/lib/python3.8/site-packages/airflow/example_dags/example_dag_decorator.py
[2024-11-06T08:49:24.436+0000] {processor.py:839} INFO - DAG(s) dict_keys(['example_dag_decorator']) retrieved from /home/airflow/.local/lib/python3.8/site-packages/airflow/example_dags/example_dag_decorator.py
[2024-11-06T08:49:24.554+0000] {logging_mixin.py:154} INFO - [2024-11-06T08:49:24.554+0000] {dag.py:2941} INFO - Sync 1 DAGs
[2024-11-06T08:49:24.560+0000] {logging_mixin.py:154} INFO - [2024-11-06T08:49:24.560+0000] {dag.py:3722} INFO - Setting next_dagrun for example_dag_decorator to None, run_after=None
[2024-11-06T08:49:24.567+0000] {processor.py:179} INFO - Processing /home/airflow/.local/lib/python3.8/site-packages/airflow/example_dags/example_dag_decorator.py took 0.162 seconds
[2024-11-06T08:49:54.687+0000] {processor.py:157} INFO - Started process (PID=781) to work on /home/airflow/.local/lib/python3.8/site-packages/airflow/example_dags/example_dag_decorator.py
[2024-11-06T08:49:54.687+0000] {processor.py:829} INFO - Processing file /home/airflow/.local/lib/python3.8/site-packages/airflow/example_dags/example_dag_decorator.py for tasks to queue
[2024-11-06T08:49:54.688+0000] {logging_mixin.py:154} INFO - [2024-11-06T08:49:54.688+0000] {dagbag.py:536} INFO - Filling up the DagBag from /home/airflow/.local/lib/python3.8/site-packages/airflow/example_dags/example_dag_decorator.py
[2024-11-06T08:49:54.716+0000] {processor.py:839} INFO - DAG(s) dict_keys(['example_dag_decorator']) retrieved from /home/airflow/.local/lib/python3.8/site-packages/airflow/example_dags/example_dag_decorator.py
[2024-11-06T08:49:54.835+0000] {logging_mixin.py:154} INFO - [2024-11-06T08:49:54.835+0000] {dag.py:2941} INFO - Sync 1 DAGs
[2024-11-06T08:49:54.839+0000] {logging_mixin.py:154} INFO - [2024-11-06T08:49:54.839+0000] {dag.py:3722} INFO - Setting next_dagrun for example_dag_decorator to None, run_after=None
[2024-11-06T08:49:54.846+0000] {processor.py:179} INFO - Processing /home/airflow/.local/lib/python3.8/site-packages/airflow/example_dags/example_dag_decorator.py took 0.161 seconds
[2024-11-06T08:50:24.907+0000] {processor.py:157} INFO - Started process (PID=835) to work on /home/airflow/.local/lib/python3.8/site-packages/airflow/example_dags/example_dag_decorator.py
[2024-11-06T08:50:24.908+0000] {processor.py:829} INFO - Processing file /home/airflow/.local/lib/python3.8/site-packages/airflow/example_dags/example_dag_decorator.py for tasks to queue
[2024-11-06T08:50:24.909+0000] {logging_mixin.py:154} INFO - [2024-11-06T08:50:24.909+0000] {dagbag.py:536} INFO - Filling up the DagBag from /home/airflow/.local/lib/python3.8/site-packages/airflow/example_dags/example_dag_decorator.py
[2024-11-06T08:50:24.937+0000] {processor.py:839} INFO - DAG(s) dict_keys(['example_dag_decorator']) retrieved from /home/airflow/.local/lib/python3.8/site-packages/airflow/example_dags/example_dag_decorator.py
[2024-11-06T08:50:25.058+0000] {logging_mixin.py:154} INFO - [2024-11-06T08:50:25.058+0000] {dag.py:2941} INFO - Sync 1 DAGs
[2024-11-06T08:50:25.062+0000] {logging_mixin.py:154} INFO - [2024-11-06T08:50:25.062+0000] {dag.py:3722} INFO - Setting next_dagrun for example_dag_decorator to None, run_after=None
[2024-11-06T08:50:25.071+0000] {processor.py:179} INFO - Processing /home/airflow/.local/lib/python3.8/site-packages/airflow/example_dags/example_dag_decorator.py took 0.166 seconds
[2024-11-06T08:50:55.214+0000] {processor.py:157} INFO - Started process (PID=890) to work on /home/airflow/.local/lib/python3.8/site-packages/airflow/example_dags/example_dag_decorator.py
[2024-11-06T08:50:55.215+0000] {processor.py:829} INFO - Processing file /home/airflow/.local/lib/python3.8/site-packages/airflow/example_dags/example_dag_decorator.py for tasks to queue
[2024-11-06T08:50:55.217+0000] {logging_mixin.py:154} INFO - [2024-11-06T08:50:55.216+0000] {dagbag.py:536} INFO - Filling up the DagBag from /home/airflow/.local/lib/python3.8/site-packages/airflow/example_dags/example_dag_decorator.py
[2024-11-06T08:50:55.246+0000] {processor.py:839} INFO - DAG(s) dict_keys(['example_dag_decorator']) retrieved from /home/airflow/.local/lib/python3.8/site-packages/airflow/example_dags/example_dag_decorator.py
[2024-11-06T08:50:55.364+0000] {logging_mixin.py:154} INFO - [2024-11-06T08:50:55.363+0000] {dag.py:2941} INFO - Sync 1 DAGs
[2024-11-06T08:50:55.367+0000] {logging_mixin.py:154} INFO - [2024-11-06T08:50:55.367+0000] {dag.py:3722} INFO - Setting next_dagrun for example_dag_decorator to None, run_after=None
[2024-11-06T08:50:55.374+0000] {processor.py:179} INFO - Processing /home/airflow/.local/lib/python3.8/site-packages/airflow/example_dags/example_dag_decorator.py took 0.161 seconds
[2024-11-06T08:51:25.513+0000] {processor.py:157} INFO - Started process (PID=942) to work on /home/airflow/.local/lib/python3.8/site-packages/airflow/example_dags/example_dag_decorator.py
[2024-11-06T08:51:25.513+0000] {processor.py:829} INFO - Processing file /home/airflow/.local/lib/python3.8/site-packages/airflow/example_dags/example_dag_decorator.py for tasks to queue
[2024-11-06T08:51:25.514+0000] {logging_mixin.py:154} INFO - [2024-11-06T08:51:25.514+0000] {dagbag.py:536} INFO - Filling up the DagBag from /home/airflow/.local/lib/python3.8/site-packages/airflow/example_dags/example_dag_decorator.py
[2024-11-06T08:51:25.541+0000] {processor.py:839} INFO - DAG(s) dict_keys(['example_dag_decorator']) retrieved from /home/airflow/.local/lib/python3.8/site-packages/airflow/example_dags/example_dag_decorator.py
[2024-11-06T08:51:25.644+0000] {logging_mixin.py:154} INFO - [2024-11-06T08:51:25.644+0000] {dag.py:2941} INFO - Sync 1 DAGs
[2024-11-06T08:51:25.648+0000] {logging_mixin.py:154} INFO - [2024-11-06T08:51:25.648+0000] {dag.py:3722} INFO - Setting next_dagrun for example_dag_decorator to None, run_after=None
[2024-11-06T08:51:25.655+0000] {processor.py:179} INFO - Processing /home/airflow/.local/lib/python3.8/site-packages/airflow/example_dags/example_dag_decorator.py took 0.144 seconds
[2024-11-06T08:51:55.805+0000] {processor.py:157} INFO - Started process (PID=996) to work on /home/airflow/.local/lib/python3.8/site-packages/airflow/example_dags/example_dag_decorator.py
[2024-11-06T08:51:55.805+0000] {processor.py:829} INFO - Processing file /home/airflow/.local/lib/python3.8/site-packages/airflow/example_dags/example_dag_decorator.py for tasks to queue
[2024-11-06T08:51:55.806+0000] {logging_mixin.py:154} INFO - [2024-11-06T08:51:55.806+0000] {dagbag.py:536} INFO - Filling up the DagBag from /home/airflow/.local/lib/python3.8/site-packages/airflow/example_dags/example_dag_decorator.py
[2024-11-06T08:51:55.835+0000] {processor.py:839} INFO - DAG(s) dict_keys(['example_dag_decorator']) retrieved from /home/airflow/.local/lib/python3.8/site-packages/airflow/example_dags/example_dag_decorator.py
[2024-11-06T08:51:55.952+0000] {logging_mixin.py:154} INFO - [2024-11-06T08:51:55.951+0000] {dag.py:2941} INFO - Sync 1 DAGs
[2024-11-06T08:51:55.956+0000] {logging_mixin.py:154} INFO - [2024-11-06T08:51:55.955+0000] {dag.py:3722} INFO - Setting next_dagrun for example_dag_decorator to None, run_after=None
[2024-11-06T08:51:55.962+0000] {processor.py:179} INFO - Processing /home/airflow/.local/lib/python3.8/site-packages/airflow/example_dags/example_dag_decorator.py took 0.159 seconds
[2024-11-06T08:52:26.266+0000] {processor.py:157} INFO - Started process (PID=1052) to work on /home/airflow/.local/lib/python3.8/site-packages/airflow/example_dags/example_dag_decorator.py
[2024-11-06T08:52:26.267+0000] {processor.py:829} INFO - Processing file /home/airflow/.local/lib/python3.8/site-packages/airflow/example_dags/example_dag_decorator.py for tasks to queue
[2024-11-06T08:52:26.268+0000] {logging_mixin.py:154} INFO - [2024-11-06T08:52:26.268+0000] {dagbag.py:536} INFO - Filling up the DagBag from /home/airflow/.local/lib/python3.8/site-packages/airflow/example_dags/example_dag_decorator.py
[2024-11-06T08:52:26.295+0000] {processor.py:839} INFO - DAG(s) dict_keys(['example_dag_decorator']) retrieved from /home/airflow/.local/lib/python3.8/site-packages/airflow/example_dags/example_dag_decorator.py
[2024-11-06T08:52:26.411+0000] {logging_mixin.py:154} INFO - [2024-11-06T08:52:26.411+0000] {dag.py:2941} INFO - Sync 1 DAGs
[2024-11-06T08:52:26.416+0000] {logging_mixin.py:154} INFO - [2024-11-06T08:52:26.416+0000] {dag.py:3722} INFO - Setting next_dagrun for example_dag_decorator to None, run_after=None
[2024-11-06T08:52:26.423+0000] {processor.py:179} INFO - Processing /home/airflow/.local/lib/python3.8/site-packages/airflow/example_dags/example_dag_decorator.py took 0.158 seconds
[2024-11-06T08:52:56.883+0000] {processor.py:157} INFO - Started process (PID=1104) to work on /home/airflow/.local/lib/python3.8/site-packages/airflow/example_dags/example_dag_decorator.py
[2024-11-06T08:52:56.884+0000] {processor.py:829} INFO - Processing file /home/airflow/.local/lib/python3.8/site-packages/airflow/example_dags/example_dag_decorator.py for tasks to queue
[2024-11-06T08:52:56.885+0000] {logging_mixin.py:154} INFO - [2024-11-06T08:52:56.885+0000] {dagbag.py:536} INFO - Filling up the DagBag from /home/airflow/.local/lib/python3.8/site-packages/airflow/example_dags/example_dag_decorator.py
[2024-11-06T08:52:56.913+0000] {processor.py:839} INFO - DAG(s) dict_keys(['example_dag_decorator']) retrieved from /home/airflow/.local/lib/python3.8/site-packages/airflow/example_dags/example_dag_decorator.py
[2024-11-06T08:52:57.028+0000] {logging_mixin.py:154} INFO - [2024-11-06T08:52:57.028+0000] {dag.py:2941} INFO - Sync 1 DAGs
[2024-11-06T08:52:57.032+0000] {logging_mixin.py:154} INFO - [2024-11-06T08:52:57.032+0000] {dag.py:3722} INFO - Setting next_dagrun for example_dag_decorator to None, run_after=None
[2024-11-06T08:52:57.039+0000] {processor.py:179} INFO - Processing /home/airflow/.local/lib/python3.8/site-packages/airflow/example_dags/example_dag_decorator.py took 0.158 seconds
[2024-11-06T08:53:27.102+0000] {processor.py:157} INFO - Started process (PID=1158) to work on /home/airflow/.local/lib/python3.8/site-packages/airflow/example_dags/example_dag_decorator.py
[2024-11-06T08:53:27.102+0000] {processor.py:829} INFO - Processing file /home/airflow/.local/lib/python3.8/site-packages/airflow/example_dags/example_dag_decorator.py for tasks to queue
[2024-11-06T08:53:27.103+0000] {logging_mixin.py:154} INFO - [2024-11-06T08:53:27.103+0000] {dagbag.py:536} INFO - Filling up the DagBag from /home/airflow/.local/lib/python3.8/site-packages/airflow/example_dags/example_dag_decorator.py
[2024-11-06T08:53:27.131+0000] {processor.py:839} INFO - DAG(s) dict_keys(['example_dag_decorator']) retrieved from /home/airflow/.local/lib/python3.8/site-packages/airflow/example_dags/example_dag_decorator.py
[2024-11-06T08:53:27.245+0000] {logging_mixin.py:154} INFO - [2024-11-06T08:53:27.245+0000] {dag.py:2941} INFO - Sync 1 DAGs
[2024-11-06T08:53:27.254+0000] {logging_mixin.py:154} INFO - [2024-11-06T08:53:27.253+0000] {dag.py:3722} INFO - Setting next_dagrun for example_dag_decorator to None, run_after=None
[2024-11-06T08:53:27.261+0000] {processor.py:179} INFO - Processing /home/airflow/.local/lib/python3.8/site-packages/airflow/example_dags/example_dag_decorator.py took 0.161 seconds
[2024-11-06T08:53:57.827+0000] {processor.py:157} INFO - Started process (PID=1212) to work on /home/airflow/.local/lib/python3.8/site-packages/airflow/example_dags/example_dag_decorator.py
[2024-11-06T08:53:57.828+0000] {processor.py:829} INFO - Processing file /home/airflow/.local/lib/python3.8/site-packages/airflow/example_dags/example_dag_decorator.py for tasks to queue
[2024-11-06T08:53:57.829+0000] {logging_mixin.py:154} INFO - [2024-11-06T08:53:57.828+0000] {dagbag.py:536} INFO - Filling up the DagBag from /home/airflow/.local/lib/python3.8/site-packages/airflow/example_dags/example_dag_decorator.py
[2024-11-06T08:53:57.856+0000] {processor.py:839} INFO - DAG(s) dict_keys(['example_dag_decorator']) retrieved from /home/airflow/.local/lib/python3.8/site-packages/airflow/example_dags/example_dag_decorator.py
[2024-11-06T08:53:57.973+0000] {logging_mixin.py:154} INFO - [2024-11-06T08:53:57.973+0000] {dag.py:2941} INFO - Sync 1 DAGs
[2024-11-06T08:53:57.977+0000] {logging_mixin.py:154} INFO - [2024-11-06T08:53:57.977+0000] {dag.py:3722} INFO - Setting next_dagrun for example_dag_decorator to None, run_after=None
[2024-11-06T08:53:57.984+0000] {processor.py:179} INFO - Processing /home/airflow/.local/lib/python3.8/site-packages/airflow/example_dags/example_dag_decorator.py took 0.158 seconds
[2024-11-06T08:54:28.716+0000] {processor.py:157} INFO - Started process (PID=1266) to work on /home/airflow/.local/lib/python3.8/site-packages/airflow/example_dags/example_dag_decorator.py
[2024-11-06T08:54:28.716+0000] {processor.py:829} INFO - Processing file /home/airflow/.local/lib/python3.8/site-packages/airflow/example_dags/example_dag_decorator.py for tasks to queue
[2024-11-06T08:54:28.717+0000] {logging_mixin.py:154} INFO - [2024-11-06T08:54:28.717+0000] {dagbag.py:536} INFO - Filling up the DagBag from /home/airflow/.local/lib/python3.8/site-packages/airflow/example_dags/example_dag_decorator.py
[2024-11-06T08:54:28.744+0000] {processor.py:839} INFO - DAG(s) dict_keys(['example_dag_decorator']) retrieved from /home/airflow/.local/lib/python3.8/site-packages/airflow/example_dags/example_dag_decorator.py
[2024-11-06T08:54:28.847+0000] {logging_mixin.py:154} INFO - [2024-11-06T08:54:28.847+0000] {dag.py:2941} INFO - Sync 1 DAGs
[2024-11-06T08:54:28.852+0000] {logging_mixin.py:154} INFO - [2024-11-06T08:54:28.852+0000] {dag.py:3722} INFO - Setting next_dagrun for example_dag_decorator to None, run_after=None
[2024-11-06T08:54:28.858+0000] {processor.py:179} INFO - Processing /home/airflow/.local/lib/python3.8/site-packages/airflow/example_dags/example_dag_decorator.py took 0.144 seconds
[2024-11-06T08:54:59.116+0000] {processor.py:157} INFO - Started process (PID=1320) to work on /home/airflow/.local/lib/python3.8/site-packages/airflow/example_dags/example_dag_decorator.py
[2024-11-06T08:54:59.116+0000] {processor.py:829} INFO - Processing file /home/airflow/.local/lib/python3.8/site-packages/airflow/example_dags/example_dag_decorator.py for tasks to queue
[2024-11-06T08:54:59.117+0000] {logging_mixin.py:154} INFO - [2024-11-06T08:54:59.117+0000] {dagbag.py:536} INFO - Filling up the DagBag from /home/airflow/.local/lib/python3.8/site-packages/airflow/example_dags/example_dag_decorator.py
[2024-11-06T08:54:59.220+0000] {processor.py:839} INFO - DAG(s) dict_keys(['example_dag_decorator']) retrieved from /home/airflow/.local/lib/python3.8/site-packages/airflow/example_dags/example_dag_decorator.py
[2024-11-06T08:54:59.261+0000] {logging_mixin.py:154} INFO - [2024-11-06T08:54:59.261+0000] {dag.py:2941} INFO - Sync 1 DAGs
[2024-11-06T08:54:59.265+0000] {logging_mixin.py:154} INFO - [2024-11-06T08:54:59.265+0000] {dag.py:3722} INFO - Setting next_dagrun for example_dag_decorator to None, run_after=None
[2024-11-06T08:54:59.273+0000] {processor.py:179} INFO - Processing /home/airflow/.local/lib/python3.8/site-packages/airflow/example_dags/example_dag_decorator.py took 0.158 seconds
[2024-11-06T08:55:29.947+0000] {processor.py:157} INFO - Started process (PID=1374) to work on /home/airflow/.local/lib/python3.8/site-packages/airflow/example_dags/example_dag_decorator.py
[2024-11-06T08:55:29.949+0000] {processor.py:829} INFO - Processing file /home/airflow/.local/lib/python3.8/site-packages/airflow/example_dags/example_dag_decorator.py for tasks to queue
[2024-11-06T08:55:29.950+0000] {logging_mixin.py:154} INFO - [2024-11-06T08:55:29.950+0000] {dagbag.py:536} INFO - Filling up the DagBag from /home/airflow/.local/lib/python3.8/site-packages/airflow/example_dags/example_dag_decorator.py
[2024-11-06T08:55:29.979+0000] {processor.py:839} INFO - DAG(s) dict_keys(['example_dag_decorator']) retrieved from /home/airflow/.local/lib/python3.8/site-packages/airflow/example_dags/example_dag_decorator.py
[2024-11-06T08:55:30.099+0000] {logging_mixin.py:154} INFO - [2024-11-06T08:55:30.099+0000] {dag.py:2941} INFO - Sync 1 DAGs
[2024-11-06T08:55:30.103+0000] {logging_mixin.py:154} INFO - [2024-11-06T08:55:30.103+0000] {dag.py:3722} INFO - Setting next_dagrun for example_dag_decorator to None, run_after=None
[2024-11-06T08:55:30.110+0000] {processor.py:179} INFO - Processing /home/airflow/.local/lib/python3.8/site-packages/airflow/example_dags/example_dag_decorator.py took 0.165 seconds
[2024-11-06T08:56:01.067+0000] {processor.py:157} INFO - Started process (PID=1428) to work on /home/airflow/.local/lib/python3.8/site-packages/airflow/example_dags/example_dag_decorator.py
[2024-11-06T08:56:01.070+0000] {processor.py:829} INFO - Processing file /home/airflow/.local/lib/python3.8/site-packages/airflow/example_dags/example_dag_decorator.py for tasks to queue
[2024-11-06T08:56:01.071+0000] {logging_mixin.py:154} INFO - [2024-11-06T08:56:01.071+0000] {dagbag.py:536} INFO - Filling up the DagBag from /home/airflow/.local/lib/python3.8/site-packages/airflow/example_dags/example_dag_decorator.py
[2024-11-06T08:56:01.176+0000] {processor.py:839} INFO - DAG(s) dict_keys(['example_dag_decorator']) retrieved from /home/airflow/.local/lib/python3.8/site-packages/airflow/example_dags/example_dag_decorator.py
[2024-11-06T08:56:01.213+0000] {logging_mixin.py:154} INFO - [2024-11-06T08:56:01.213+0000] {dag.py:2941} INFO - Sync 1 DAGs
[2024-11-06T08:56:01.218+0000] {logging_mixin.py:154} INFO - [2024-11-06T08:56:01.217+0000] {dag.py:3722} INFO - Setting next_dagrun for example_dag_decorator to None, run_after=None
[2024-11-06T08:56:01.224+0000] {processor.py:179} INFO - Processing /home/airflow/.local/lib/python3.8/site-packages/airflow/example_dags/example_dag_decorator.py took 0.159 seconds
[2024-11-06T08:56:31.843+0000] {processor.py:157} INFO - Started process (PID=1482) to work on /home/airflow/.local/lib/python3.8/site-packages/airflow/example_dags/example_dag_decorator.py
[2024-11-06T08:56:31.844+0000] {processor.py:829} INFO - Processing file /home/airflow/.local/lib/python3.8/site-packages/airflow/example_dags/example_dag_decorator.py for tasks to queue
[2024-11-06T08:56:31.845+0000] {logging_mixin.py:154} INFO - [2024-11-06T08:56:31.844+0000] {dagbag.py:536} INFO - Filling up the DagBag from /home/airflow/.local/lib/python3.8/site-packages/airflow/example_dags/example_dag_decorator.py
[2024-11-06T08:56:31.948+0000] {processor.py:839} INFO - DAG(s) dict_keys(['example_dag_decorator']) retrieved from /home/airflow/.local/lib/python3.8/site-packages/airflow/example_dags/example_dag_decorator.py
[2024-11-06T08:56:31.986+0000] {logging_mixin.py:154} INFO - [2024-11-06T08:56:31.986+0000] {dag.py:2941} INFO - Sync 1 DAGs
[2024-11-06T08:56:31.990+0000] {logging_mixin.py:154} INFO - [2024-11-06T08:56:31.990+0000] {dag.py:3722} INFO - Setting next_dagrun for example_dag_decorator to None, run_after=None
[2024-11-06T08:56:31.998+0000] {processor.py:179} INFO - Processing /home/airflow/.local/lib/python3.8/site-packages/airflow/example_dags/example_dag_decorator.py took 0.156 seconds
[2024-11-06T08:57:02.200+0000] {processor.py:157} INFO - Started process (PID=1536) to work on /home/airflow/.local/lib/python3.8/site-packages/airflow/example_dags/example_dag_decorator.py
[2024-11-06T08:57:02.200+0000] {processor.py:829} INFO - Processing file /home/airflow/.local/lib/python3.8/site-packages/airflow/example_dags/example_dag_decorator.py for tasks to queue
[2024-11-06T08:57:02.201+0000] {logging_mixin.py:154} INFO - [2024-11-06T08:57:02.201+0000] {dagbag.py:536} INFO - Filling up the DagBag from /home/airflow/.local/lib/python3.8/site-packages/airflow/example_dags/example_dag_decorator.py
[2024-11-06T08:57:02.228+0000] {processor.py:839} INFO - DAG(s) dict_keys(['example_dag_decorator']) retrieved from /home/airflow/.local/lib/python3.8/site-packages/airflow/example_dags/example_dag_decorator.py
[2024-11-06T08:57:02.334+0000] {logging_mixin.py:154} INFO - [2024-11-06T08:57:02.334+0000] {dag.py:2941} INFO - Sync 1 DAGs
[2024-11-06T08:57:02.338+0000] {logging_mixin.py:154} INFO - [2024-11-06T08:57:02.338+0000] {dag.py:3722} INFO - Setting next_dagrun for example_dag_decorator to None, run_after=None
[2024-11-06T08:57:02.345+0000] {processor.py:179} INFO - Processing /home/airflow/.local/lib/python3.8/site-packages/airflow/example_dags/example_dag_decorator.py took 0.147 seconds
[2024-11-06T08:57:32.666+0000] {processor.py:157} INFO - Started process (PID=1590) to work on /home/airflow/.local/lib/python3.8/site-packages/airflow/example_dags/example_dag_decorator.py
[2024-11-06T08:57:32.669+0000] {processor.py:829} INFO - Processing file /home/airflow/.local/lib/python3.8/site-packages/airflow/example_dags/example_dag_decorator.py for tasks to queue
[2024-11-06T08:57:32.669+0000] {logging_mixin.py:154} INFO - [2024-11-06T08:57:32.669+0000] {dagbag.py:536} INFO - Filling up the DagBag from /home/airflow/.local/lib/python3.8/site-packages/airflow/example_dags/example_dag_decorator.py
[2024-11-06T08:57:32.784+0000] {processor.py:839} INFO - DAG(s) dict_keys(['example_dag_decorator']) retrieved from /home/airflow/.local/lib/python3.8/site-packages/airflow/example_dags/example_dag_decorator.py
[2024-11-06T08:57:32.824+0000] {logging_mixin.py:154} INFO - [2024-11-06T08:57:32.824+0000] {dag.py:2941} INFO - Sync 1 DAGs
[2024-11-06T08:57:32.829+0000] {logging_mixin.py:154} INFO - [2024-11-06T08:57:32.829+0000] {dag.py:3722} INFO - Setting next_dagrun for example_dag_decorator to None, run_after=None
[2024-11-06T08:57:32.836+0000] {processor.py:179} INFO - Processing /home/airflow/.local/lib/python3.8/site-packages/airflow/example_dags/example_dag_decorator.py took 0.171 seconds
[2024-11-06T08:58:03.628+0000] {processor.py:157} INFO - Started process (PID=1643) to work on /home/airflow/.local/lib/python3.8/site-packages/airflow/example_dags/example_dag_decorator.py
[2024-11-06T08:58:03.629+0000] {processor.py:829} INFO - Processing file /home/airflow/.local/lib/python3.8/site-packages/airflow/example_dags/example_dag_decorator.py for tasks to queue
[2024-11-06T08:58:03.631+0000] {logging_mixin.py:154} INFO - [2024-11-06T08:58:03.631+0000] {dagbag.py:536} INFO - Filling up the DagBag from /home/airflow/.local/lib/python3.8/site-packages/airflow/example_dags/example_dag_decorator.py
[2024-11-06T08:58:03.767+0000] {processor.py:839} INFO - DAG(s) dict_keys(['example_dag_decorator']) retrieved from /home/airflow/.local/lib/python3.8/site-packages/airflow/example_dags/example_dag_decorator.py
[2024-11-06T08:58:03.808+0000] {logging_mixin.py:154} INFO - [2024-11-06T08:58:03.808+0000] {dag.py:2941} INFO - Sync 1 DAGs
[2024-11-06T08:58:03.813+0000] {logging_mixin.py:154} INFO - [2024-11-06T08:58:03.813+0000] {dag.py:3722} INFO - Setting next_dagrun for example_dag_decorator to None, run_after=None
[2024-11-06T08:58:03.819+0000] {processor.py:179} INFO - Processing /home/airflow/.local/lib/python3.8/site-packages/airflow/example_dags/example_dag_decorator.py took 0.193 seconds
[2024-11-06T08:58:34.079+0000] {processor.py:157} INFO - Started process (PID=1698) to work on /home/airflow/.local/lib/python3.8/site-packages/airflow/example_dags/example_dag_decorator.py
[2024-11-06T08:58:34.080+0000] {processor.py:829} INFO - Processing file /home/airflow/.local/lib/python3.8/site-packages/airflow/example_dags/example_dag_decorator.py for tasks to queue
[2024-11-06T08:58:34.081+0000] {logging_mixin.py:154} INFO - [2024-11-06T08:58:34.081+0000] {dagbag.py:536} INFO - Filling up the DagBag from /home/airflow/.local/lib/python3.8/site-packages/airflow/example_dags/example_dag_decorator.py
[2024-11-06T08:58:34.184+0000] {processor.py:839} INFO - DAG(s) dict_keys(['example_dag_decorator']) retrieved from /home/airflow/.local/lib/python3.8/site-packages/airflow/example_dags/example_dag_decorator.py
[2024-11-06T08:58:34.222+0000] {logging_mixin.py:154} INFO - [2024-11-06T08:58:34.222+0000] {dag.py:2941} INFO - Sync 1 DAGs
[2024-11-06T08:58:34.226+0000] {logging_mixin.py:154} INFO - [2024-11-06T08:58:34.226+0000] {dag.py:3722} INFO - Setting next_dagrun for example_dag_decorator to None, run_after=None
[2024-11-06T08:58:34.232+0000] {processor.py:179} INFO - Processing /home/airflow/.local/lib/python3.8/site-packages/airflow/example_dags/example_dag_decorator.py took 0.155 seconds
[2024-11-06T09:17:57.376+0000] {processor.py:157} INFO - Started process (PID=1742) to work on /home/airflow/.local/lib/python3.8/site-packages/airflow/example_dags/example_dag_decorator.py
[2024-11-06T09:17:57.378+0000] {processor.py:829} INFO - Processing file /home/airflow/.local/lib/python3.8/site-packages/airflow/example_dags/example_dag_decorator.py for tasks to queue
[2024-11-06T09:17:57.380+0000] {logging_mixin.py:154} INFO - [2024-11-06T09:17:57.380+0000] {dagbag.py:536} INFO - Filling up the DagBag from /home/airflow/.local/lib/python3.8/site-packages/airflow/example_dags/example_dag_decorator.py
[2024-11-06T09:17:57.431+0000] {processor.py:839} INFO - DAG(s) dict_keys(['example_dag_decorator']) retrieved from /home/airflow/.local/lib/python3.8/site-packages/airflow/example_dags/example_dag_decorator.py
[2024-11-06T09:17:57.512+0000] {logging_mixin.py:154} INFO - [2024-11-06T09:17:57.511+0000] {dag.py:2941} INFO - Sync 1 DAGs
[2024-11-06T09:17:57.522+0000] {logging_mixin.py:154} INFO - [2024-11-06T09:17:57.522+0000] {dag.py:3722} INFO - Setting next_dagrun for example_dag_decorator to None, run_after=None
[2024-11-06T09:17:57.545+0000] {processor.py:179} INFO - Processing /home/airflow/.local/lib/python3.8/site-packages/airflow/example_dags/example_dag_decorator.py took 0.174 seconds
[2024-11-06T09:29:43.832+0000] {processor.py:157} INFO - Started process (PID=1796) to work on /home/airflow/.local/lib/python3.8/site-packages/airflow/example_dags/example_dag_decorator.py
[2024-11-06T09:29:43.833+0000] {processor.py:829} INFO - Processing file /home/airflow/.local/lib/python3.8/site-packages/airflow/example_dags/example_dag_decorator.py for tasks to queue
[2024-11-06T09:29:43.834+0000] {logging_mixin.py:154} INFO - [2024-11-06T09:29:43.833+0000] {dagbag.py:536} INFO - Filling up the DagBag from /home/airflow/.local/lib/python3.8/site-packages/airflow/example_dags/example_dag_decorator.py
[2024-11-06T09:29:43.867+0000] {processor.py:839} INFO - DAG(s) dict_keys(['example_dag_decorator']) retrieved from /home/airflow/.local/lib/python3.8/site-packages/airflow/example_dags/example_dag_decorator.py
[2024-11-06T09:29:43.941+0000] {logging_mixin.py:154} INFO - [2024-11-06T09:29:43.941+0000] {dag.py:2941} INFO - Sync 1 DAGs
[2024-11-06T09:29:43.954+0000] {logging_mixin.py:154} INFO - [2024-11-06T09:29:43.954+0000] {dag.py:3722} INFO - Setting next_dagrun for example_dag_decorator to None, run_after=None
[2024-11-06T09:29:43.985+0000] {processor.py:179} INFO - Processing /home/airflow/.local/lib/python3.8/site-packages/airflow/example_dags/example_dag_decorator.py took 0.154 seconds
[2024-11-06T10:28:13.696+0000] {processor.py:157} INFO - Started process (PID=1850) to work on /home/airflow/.local/lib/python3.8/site-packages/airflow/example_dags/example_dag_decorator.py
[2024-11-06T10:28:13.697+0000] {processor.py:829} INFO - Processing file /home/airflow/.local/lib/python3.8/site-packages/airflow/example_dags/example_dag_decorator.py for tasks to queue
[2024-11-06T10:28:13.700+0000] {logging_mixin.py:154} INFO - [2024-11-06T10:28:13.699+0000] {dagbag.py:536} INFO - Filling up the DagBag from /home/airflow/.local/lib/python3.8/site-packages/airflow/example_dags/example_dag_decorator.py
[2024-11-06T10:28:13.735+0000] {processor.py:839} INFO - DAG(s) dict_keys(['example_dag_decorator']) retrieved from /home/airflow/.local/lib/python3.8/site-packages/airflow/example_dags/example_dag_decorator.py
[2024-11-06T10:28:13.756+0000] {logging_mixin.py:154} INFO - [2024-11-06T10:28:13.756+0000] {dag.py:2941} INFO - Sync 1 DAGs
[2024-11-06T10:28:13.768+0000] {logging_mixin.py:154} INFO - [2024-11-06T10:28:13.768+0000] {dag.py:3722} INFO - Setting next_dagrun for example_dag_decorator to None, run_after=None
[2024-11-06T10:28:13.790+0000] {processor.py:179} INFO - Processing /home/airflow/.local/lib/python3.8/site-packages/airflow/example_dags/example_dag_decorator.py took 0.096 seconds
[2024-11-06T11:31:03.594+0000] {processor.py:157} INFO - Started process (PID=1904) to work on /home/airflow/.local/lib/python3.8/site-packages/airflow/example_dags/example_dag_decorator.py
[2024-11-06T11:31:03.594+0000] {processor.py:829} INFO - Processing file /home/airflow/.local/lib/python3.8/site-packages/airflow/example_dags/example_dag_decorator.py for tasks to queue
[2024-11-06T11:31:03.595+0000] {logging_mixin.py:154} INFO - [2024-11-06T11:31:03.595+0000] {dagbag.py:536} INFO - Filling up the DagBag from /home/airflow/.local/lib/python3.8/site-packages/airflow/example_dags/example_dag_decorator.py
[2024-11-06T11:31:03.715+0000] {processor.py:839} INFO - DAG(s) dict_keys(['example_dag_decorator']) retrieved from /home/airflow/.local/lib/python3.8/site-packages/airflow/example_dags/example_dag_decorator.py
[2024-11-06T11:31:03.738+0000] {logging_mixin.py:154} INFO - [2024-11-06T11:31:03.738+0000] {dag.py:2941} INFO - Sync 1 DAGs
[2024-11-06T11:31:03.750+0000] {logging_mixin.py:154} INFO - [2024-11-06T11:31:03.750+0000] {dag.py:3722} INFO - Setting next_dagrun for example_dag_decorator to None, run_after=None
[2024-11-06T11:31:03.846+0000] {processor.py:179} INFO - Processing /home/airflow/.local/lib/python3.8/site-packages/airflow/example_dags/example_dag_decorator.py took 0.254 seconds
[2024-11-06T11:59:50.388+0000] {processor.py:157} INFO - Started process (PID=1958) to work on /home/airflow/.local/lib/python3.8/site-packages/airflow/example_dags/example_dag_decorator.py
[2024-11-06T11:59:50.390+0000] {processor.py:829} INFO - Processing file /home/airflow/.local/lib/python3.8/site-packages/airflow/example_dags/example_dag_decorator.py for tasks to queue
[2024-11-06T11:59:50.391+0000] {logging_mixin.py:154} INFO - [2024-11-06T11:59:50.391+0000] {dagbag.py:536} INFO - Filling up the DagBag from /home/airflow/.local/lib/python3.8/site-packages/airflow/example_dags/example_dag_decorator.py
[2024-11-06T11:59:50.421+0000] {processor.py:839} INFO - DAG(s) dict_keys(['example_dag_decorator']) retrieved from /home/airflow/.local/lib/python3.8/site-packages/airflow/example_dags/example_dag_decorator.py
[2024-11-06T11:59:50.432+0000] {logging_mixin.py:154} INFO - [2024-11-06T11:59:50.432+0000] {dag.py:2941} INFO - Sync 1 DAGs
[2024-11-06T11:59:50.437+0000] {logging_mixin.py:154} INFO - [2024-11-06T11:59:50.437+0000] {dag.py:3722} INFO - Setting next_dagrun for example_dag_decorator to None, run_after=None
[2024-11-06T11:59:50.444+0000] {processor.py:179} INFO - Processing /home/airflow/.local/lib/python3.8/site-packages/airflow/example_dags/example_dag_decorator.py took 0.058 seconds
[2024-11-06T12:50:47.661+0000] {processor.py:157} INFO - Started process (PID=2012) to work on /home/airflow/.local/lib/python3.8/site-packages/airflow/example_dags/example_dag_decorator.py
[2024-11-06T12:50:47.663+0000] {processor.py:829} INFO - Processing file /home/airflow/.local/lib/python3.8/site-packages/airflow/example_dags/example_dag_decorator.py for tasks to queue
[2024-11-06T12:50:47.669+0000] {logging_mixin.py:154} INFO - [2024-11-06T12:50:47.669+0000] {dagbag.py:536} INFO - Filling up the DagBag from /home/airflow/.local/lib/python3.8/site-packages/airflow/example_dags/example_dag_decorator.py
[2024-11-06T12:50:47.716+0000] {processor.py:839} INFO - DAG(s) dict_keys(['example_dag_decorator']) retrieved from /home/airflow/.local/lib/python3.8/site-packages/airflow/example_dags/example_dag_decorator.py
[2024-11-06T12:50:47.799+0000] {logging_mixin.py:154} INFO - [2024-11-06T12:50:47.799+0000] {dag.py:2941} INFO - Sync 1 DAGs
[2024-11-06T12:50:47.808+0000] {logging_mixin.py:154} INFO - [2024-11-06T12:50:47.807+0000] {dag.py:3722} INFO - Setting next_dagrun for example_dag_decorator to None, run_after=None
[2024-11-06T12:50:47.855+0000] {processor.py:179} INFO - Processing /home/airflow/.local/lib/python3.8/site-packages/airflow/example_dags/example_dag_decorator.py took 0.197 seconds
[2024-11-06T12:52:35.570+0000] {processor.py:157} INFO - Started process (PID=2066) to work on /home/airflow/.local/lib/python3.8/site-packages/airflow/example_dags/example_dag_decorator.py
[2024-11-06T12:52:35.570+0000] {processor.py:829} INFO - Processing file /home/airflow/.local/lib/python3.8/site-packages/airflow/example_dags/example_dag_decorator.py for tasks to queue
[2024-11-06T12:52:35.571+0000] {logging_mixin.py:154} INFO - [2024-11-06T12:52:35.571+0000] {dagbag.py:536} INFO - Filling up the DagBag from /home/airflow/.local/lib/python3.8/site-packages/airflow/example_dags/example_dag_decorator.py
[2024-11-06T12:52:35.608+0000] {processor.py:839} INFO - DAG(s) dict_keys(['example_dag_decorator']) retrieved from /home/airflow/.local/lib/python3.8/site-packages/airflow/example_dags/example_dag_decorator.py
[2024-11-06T12:52:35.663+0000] {logging_mixin.py:154} INFO - [2024-11-06T12:52:35.662+0000] {dag.py:2941} INFO - Sync 1 DAGs
[2024-11-06T12:52:35.668+0000] {logging_mixin.py:154} INFO - [2024-11-06T12:52:35.668+0000] {dag.py:3722} INFO - Setting next_dagrun for example_dag_decorator to None, run_after=None
[2024-11-06T12:52:35.678+0000] {processor.py:179} INFO - Processing /home/airflow/.local/lib/python3.8/site-packages/airflow/example_dags/example_dag_decorator.py took 0.110 seconds
[2024-11-06T13:07:16.971+0000] {processor.py:157} INFO - Started process (PID=2120) to work on /home/airflow/.local/lib/python3.8/site-packages/airflow/example_dags/example_dag_decorator.py
[2024-11-06T13:07:16.971+0000] {processor.py:829} INFO - Processing file /home/airflow/.local/lib/python3.8/site-packages/airflow/example_dags/example_dag_decorator.py for tasks to queue
[2024-11-06T13:07:16.973+0000] {logging_mixin.py:154} INFO - [2024-11-06T13:07:16.973+0000] {dagbag.py:536} INFO - Filling up the DagBag from /home/airflow/.local/lib/python3.8/site-packages/airflow/example_dags/example_dag_decorator.py
[2024-11-06T13:07:17.001+0000] {processor.py:839} INFO - DAG(s) dict_keys(['example_dag_decorator']) retrieved from /home/airflow/.local/lib/python3.8/site-packages/airflow/example_dags/example_dag_decorator.py
[2024-11-06T13:07:17.041+0000] {logging_mixin.py:154} INFO - [2024-11-06T13:07:17.041+0000] {dag.py:2941} INFO - Sync 1 DAGs
[2024-11-06T13:07:17.045+0000] {logging_mixin.py:154} INFO - [2024-11-06T13:07:17.045+0000] {dag.py:3722} INFO - Setting next_dagrun for example_dag_decorator to None, run_after=None
[2024-11-06T13:07:17.052+0000] {processor.py:179} INFO - Processing /home/airflow/.local/lib/python3.8/site-packages/airflow/example_dags/example_dag_decorator.py took 0.083 seconds
[2024-11-06T13:47:31.937+0000] {processor.py:157} INFO - Started process (PID=2174) to work on /home/airflow/.local/lib/python3.8/site-packages/airflow/example_dags/example_dag_decorator.py
[2024-11-06T13:47:31.938+0000] {processor.py:829} INFO - Processing file /home/airflow/.local/lib/python3.8/site-packages/airflow/example_dags/example_dag_decorator.py for tasks to queue
[2024-11-06T13:47:31.941+0000] {logging_mixin.py:154} INFO - [2024-11-06T13:47:31.941+0000] {dagbag.py:536} INFO - Filling up the DagBag from /home/airflow/.local/lib/python3.8/site-packages/airflow/example_dags/example_dag_decorator.py
[2024-11-06T13:47:31.992+0000] {processor.py:839} INFO - DAG(s) dict_keys(['example_dag_decorator']) retrieved from /home/airflow/.local/lib/python3.8/site-packages/airflow/example_dags/example_dag_decorator.py
[2024-11-06T13:47:32.042+0000] {logging_mixin.py:154} INFO - [2024-11-06T13:47:32.042+0000] {dag.py:2941} INFO - Sync 1 DAGs
[2024-11-06T13:47:32.046+0000] {logging_mixin.py:154} INFO - [2024-11-06T13:47:32.046+0000] {dag.py:3722} INFO - Setting next_dagrun for example_dag_decorator to None, run_after=None
[2024-11-06T13:47:32.053+0000] {processor.py:179} INFO - Processing /home/airflow/.local/lib/python3.8/site-packages/airflow/example_dags/example_dag_decorator.py took 0.120 seconds
[2024-11-06T13:55:17.507+0000] {processor.py:157} INFO - Started process (PID=2228) to work on /home/airflow/.local/lib/python3.8/site-packages/airflow/example_dags/example_dag_decorator.py
[2024-11-06T13:55:17.507+0000] {processor.py:829} INFO - Processing file /home/airflow/.local/lib/python3.8/site-packages/airflow/example_dags/example_dag_decorator.py for tasks to queue
[2024-11-06T13:55:17.508+0000] {logging_mixin.py:154} INFO - [2024-11-06T13:55:17.508+0000] {dagbag.py:536} INFO - Filling up the DagBag from /home/airflow/.local/lib/python3.8/site-packages/airflow/example_dags/example_dag_decorator.py
[2024-11-06T13:55:17.542+0000] {processor.py:839} INFO - DAG(s) dict_keys(['example_dag_decorator']) retrieved from /home/airflow/.local/lib/python3.8/site-packages/airflow/example_dags/example_dag_decorator.py
[2024-11-06T13:55:17.599+0000] {logging_mixin.py:154} INFO - [2024-11-06T13:55:17.599+0000] {dag.py:2941} INFO - Sync 1 DAGs
[2024-11-06T13:55:17.604+0000] {logging_mixin.py:154} INFO - [2024-11-06T13:55:17.604+0000] {dag.py:3722} INFO - Setting next_dagrun for example_dag_decorator to None, run_after=None
[2024-11-06T13:55:17.613+0000] {processor.py:179} INFO - Processing /home/airflow/.local/lib/python3.8/site-packages/airflow/example_dags/example_dag_decorator.py took 0.109 seconds
[2024-11-06T14:00:22.213+0000] {processor.py:157} INFO - Started process (PID=2282) to work on /home/airflow/.local/lib/python3.8/site-packages/airflow/example_dags/example_dag_decorator.py
[2024-11-06T14:00:22.216+0000] {processor.py:829} INFO - Processing file /home/airflow/.local/lib/python3.8/site-packages/airflow/example_dags/example_dag_decorator.py for tasks to queue
[2024-11-06T14:00:22.219+0000] {logging_mixin.py:154} INFO - [2024-11-06T14:00:22.218+0000] {dagbag.py:536} INFO - Filling up the DagBag from /home/airflow/.local/lib/python3.8/site-packages/airflow/example_dags/example_dag_decorator.py
[2024-11-06T14:00:22.269+0000] {processor.py:839} INFO - DAG(s) dict_keys(['example_dag_decorator']) retrieved from /home/airflow/.local/lib/python3.8/site-packages/airflow/example_dags/example_dag_decorator.py
[2024-11-06T14:00:22.327+0000] {logging_mixin.py:154} INFO - [2024-11-06T14:00:22.327+0000] {dag.py:2941} INFO - Sync 1 DAGs
[2024-11-06T14:00:22.332+0000] {logging_mixin.py:154} INFO - [2024-11-06T14:00:22.332+0000] {dag.py:3722} INFO - Setting next_dagrun for example_dag_decorator to None, run_after=None
[2024-11-06T14:00:22.339+0000] {processor.py:179} INFO - Processing /home/airflow/.local/lib/python3.8/site-packages/airflow/example_dags/example_dag_decorator.py took 0.129 seconds
[2024-11-06T14:05:42.236+0000] {processor.py:157} INFO - Started process (PID=2336) to work on /home/airflow/.local/lib/python3.8/site-packages/airflow/example_dags/example_dag_decorator.py
[2024-11-06T14:05:42.237+0000] {processor.py:829} INFO - Processing file /home/airflow/.local/lib/python3.8/site-packages/airflow/example_dags/example_dag_decorator.py for tasks to queue
[2024-11-06T14:05:42.238+0000] {logging_mixin.py:154} INFO - [2024-11-06T14:05:42.238+0000] {dagbag.py:536} INFO - Filling up the DagBag from /home/airflow/.local/lib/python3.8/site-packages/airflow/example_dags/example_dag_decorator.py
[2024-11-06T14:05:42.266+0000] {processor.py:839} INFO - DAG(s) dict_keys(['example_dag_decorator']) retrieved from /home/airflow/.local/lib/python3.8/site-packages/airflow/example_dags/example_dag_decorator.py
[2024-11-06T14:05:42.304+0000] {logging_mixin.py:154} INFO - [2024-11-06T14:05:42.304+0000] {dag.py:2941} INFO - Sync 1 DAGs
[2024-11-06T14:05:42.309+0000] {logging_mixin.py:154} INFO - [2024-11-06T14:05:42.309+0000] {dag.py:3722} INFO - Setting next_dagrun for example_dag_decorator to None, run_after=None
[2024-11-06T14:05:42.317+0000] {processor.py:179} INFO - Processing /home/airflow/.local/lib/python3.8/site-packages/airflow/example_dags/example_dag_decorator.py took 0.082 seconds
[2024-11-06T14:09:56.679+0000] {processor.py:157} INFO - Started process (PID=2390) to work on /home/airflow/.local/lib/python3.8/site-packages/airflow/example_dags/example_dag_decorator.py
[2024-11-06T14:09:56.681+0000] {processor.py:829} INFO - Processing file /home/airflow/.local/lib/python3.8/site-packages/airflow/example_dags/example_dag_decorator.py for tasks to queue
[2024-11-06T14:09:56.682+0000] {logging_mixin.py:154} INFO - [2024-11-06T14:09:56.682+0000] {dagbag.py:536} INFO - Filling up the DagBag from /home/airflow/.local/lib/python3.8/site-packages/airflow/example_dags/example_dag_decorator.py
[2024-11-06T14:09:56.716+0000] {processor.py:839} INFO - DAG(s) dict_keys(['example_dag_decorator']) retrieved from /home/airflow/.local/lib/python3.8/site-packages/airflow/example_dags/example_dag_decorator.py
[2024-11-06T14:09:56.765+0000] {logging_mixin.py:154} INFO - [2024-11-06T14:09:56.765+0000] {dag.py:2941} INFO - Sync 1 DAGs
[2024-11-06T14:09:56.771+0000] {logging_mixin.py:154} INFO - [2024-11-06T14:09:56.771+0000] {dag.py:3722} INFO - Setting next_dagrun for example_dag_decorator to None, run_after=None
[2024-11-06T14:09:56.782+0000] {processor.py:179} INFO - Processing /home/airflow/.local/lib/python3.8/site-packages/airflow/example_dags/example_dag_decorator.py took 0.104 seconds
[2024-11-06T14:16:57.717+0000] {processor.py:157} INFO - Started process (PID=2444) to work on /home/airflow/.local/lib/python3.8/site-packages/airflow/example_dags/example_dag_decorator.py
[2024-11-06T14:16:57.720+0000] {processor.py:829} INFO - Processing file /home/airflow/.local/lib/python3.8/site-packages/airflow/example_dags/example_dag_decorator.py for tasks to queue
[2024-11-06T14:16:57.721+0000] {logging_mixin.py:154} INFO - [2024-11-06T14:16:57.721+0000] {dagbag.py:536} INFO - Filling up the DagBag from /home/airflow/.local/lib/python3.8/site-packages/airflow/example_dags/example_dag_decorator.py
[2024-11-06T14:16:57.761+0000] {processor.py:839} INFO - DAG(s) dict_keys(['example_dag_decorator']) retrieved from /home/airflow/.local/lib/python3.8/site-packages/airflow/example_dags/example_dag_decorator.py
[2024-11-06T14:16:57.815+0000] {logging_mixin.py:154} INFO - [2024-11-06T14:16:57.815+0000] {dag.py:2941} INFO - Sync 1 DAGs
[2024-11-06T14:16:57.820+0000] {logging_mixin.py:154} INFO - [2024-11-06T14:16:57.820+0000] {dag.py:3722} INFO - Setting next_dagrun for example_dag_decorator to None, run_after=None
[2024-11-06T14:16:57.830+0000] {processor.py:179} INFO - Processing /home/airflow/.local/lib/python3.8/site-packages/airflow/example_dags/example_dag_decorator.py took 0.115 seconds
[2024-11-06T14:23:15.383+0000] {processor.py:157} INFO - Started process (PID=2498) to work on /home/airflow/.local/lib/python3.8/site-packages/airflow/example_dags/example_dag_decorator.py
[2024-11-06T14:23:15.384+0000] {processor.py:829} INFO - Processing file /home/airflow/.local/lib/python3.8/site-packages/airflow/example_dags/example_dag_decorator.py for tasks to queue
[2024-11-06T14:23:15.389+0000] {logging_mixin.py:154} INFO - [2024-11-06T14:23:15.388+0000] {dagbag.py:536} INFO - Filling up the DagBag from /home/airflow/.local/lib/python3.8/site-packages/airflow/example_dags/example_dag_decorator.py
[2024-11-06T14:23:15.422+0000] {processor.py:839} INFO - DAG(s) dict_keys(['example_dag_decorator']) retrieved from /home/airflow/.local/lib/python3.8/site-packages/airflow/example_dags/example_dag_decorator.py
[2024-11-06T14:23:15.466+0000] {logging_mixin.py:154} INFO - [2024-11-06T14:23:15.466+0000] {dag.py:2941} INFO - Sync 1 DAGs
[2024-11-06T14:23:15.473+0000] {logging_mixin.py:154} INFO - [2024-11-06T14:23:15.473+0000] {dag.py:3722} INFO - Setting next_dagrun for example_dag_decorator to None, run_after=None
[2024-11-06T14:23:15.483+0000] {processor.py:179} INFO - Processing /home/airflow/.local/lib/python3.8/site-packages/airflow/example_dags/example_dag_decorator.py took 0.101 seconds
[2024-11-06T14:31:02.141+0000] {processor.py:157} INFO - Started process (PID=2551) to work on /home/airflow/.local/lib/python3.8/site-packages/airflow/example_dags/example_dag_decorator.py
[2024-11-06T14:31:02.142+0000] {processor.py:829} INFO - Processing file /home/airflow/.local/lib/python3.8/site-packages/airflow/example_dags/example_dag_decorator.py for tasks to queue
[2024-11-06T14:31:02.144+0000] {logging_mixin.py:154} INFO - [2024-11-06T14:31:02.144+0000] {dagbag.py:536} INFO - Filling up the DagBag from /home/airflow/.local/lib/python3.8/site-packages/airflow/example_dags/example_dag_decorator.py
[2024-11-06T14:31:02.200+0000] {processor.py:839} INFO - DAG(s) dict_keys(['example_dag_decorator']) retrieved from /home/airflow/.local/lib/python3.8/site-packages/airflow/example_dags/example_dag_decorator.py
[2024-11-06T14:31:02.294+0000] {logging_mixin.py:154} INFO - [2024-11-06T14:31:02.293+0000] {dag.py:2941} INFO - Sync 1 DAGs
[2024-11-06T14:31:02.299+0000] {logging_mixin.py:154} INFO - [2024-11-06T14:31:02.299+0000] {dag.py:3722} INFO - Setting next_dagrun for example_dag_decorator to None, run_after=None
[2024-11-06T14:31:02.313+0000] {processor.py:179} INFO - Processing /home/airflow/.local/lib/python3.8/site-packages/airflow/example_dags/example_dag_decorator.py took 0.176 seconds
[2024-11-06T14:36:36.635+0000] {processor.py:157} INFO - Started process (PID=2604) to work on /home/airflow/.local/lib/python3.8/site-packages/airflow/example_dags/example_dag_decorator.py
[2024-11-06T14:36:36.636+0000] {processor.py:829} INFO - Processing file /home/airflow/.local/lib/python3.8/site-packages/airflow/example_dags/example_dag_decorator.py for tasks to queue
[2024-11-06T14:36:36.638+0000] {logging_mixin.py:154} INFO - [2024-11-06T14:36:36.638+0000] {dagbag.py:536} INFO - Filling up the DagBag from /home/airflow/.local/lib/python3.8/site-packages/airflow/example_dags/example_dag_decorator.py
[2024-11-06T14:36:36.669+0000] {processor.py:839} INFO - DAG(s) dict_keys(['example_dag_decorator']) retrieved from /home/airflow/.local/lib/python3.8/site-packages/airflow/example_dags/example_dag_decorator.py
[2024-11-06T14:36:36.718+0000] {logging_mixin.py:154} INFO - [2024-11-06T14:36:36.718+0000] {dag.py:2941} INFO - Sync 1 DAGs
[2024-11-06T14:36:36.723+0000] {logging_mixin.py:154} INFO - [2024-11-06T14:36:36.722+0000] {dag.py:3722} INFO - Setting next_dagrun for example_dag_decorator to None, run_after=None
[2024-11-06T14:36:36.734+0000] {processor.py:179} INFO - Processing /home/airflow/.local/lib/python3.8/site-packages/airflow/example_dags/example_dag_decorator.py took 0.101 seconds
[2024-11-06T15:02:53.077+0000] {processor.py:157} INFO - Started process (PID=2658) to work on /home/airflow/.local/lib/python3.8/site-packages/airflow/example_dags/example_dag_decorator.py
[2024-11-06T15:02:53.078+0000] {processor.py:829} INFO - Processing file /home/airflow/.local/lib/python3.8/site-packages/airflow/example_dags/example_dag_decorator.py for tasks to queue
[2024-11-06T15:02:53.081+0000] {logging_mixin.py:154} INFO - [2024-11-06T15:02:53.081+0000] {dagbag.py:536} INFO - Filling up the DagBag from /home/airflow/.local/lib/python3.8/site-packages/airflow/example_dags/example_dag_decorator.py
[2024-11-06T15:02:53.124+0000] {processor.py:839} INFO - DAG(s) dict_keys(['example_dag_decorator']) retrieved from /home/airflow/.local/lib/python3.8/site-packages/airflow/example_dags/example_dag_decorator.py
[2024-11-06T15:02:53.189+0000] {logging_mixin.py:154} INFO - [2024-11-06T15:02:53.189+0000] {dag.py:2941} INFO - Sync 1 DAGs
[2024-11-06T15:02:53.197+0000] {logging_mixin.py:154} INFO - [2024-11-06T15:02:53.197+0000] {dag.py:3722} INFO - Setting next_dagrun for example_dag_decorator to None, run_after=None
[2024-11-06T15:02:53.207+0000] {processor.py:179} INFO - Processing /home/airflow/.local/lib/python3.8/site-packages/airflow/example_dags/example_dag_decorator.py took 0.133 seconds
[2024-11-06T15:37:17.093+0000] {processor.py:157} INFO - Started process (PID=2712) to work on /home/airflow/.local/lib/python3.8/site-packages/airflow/example_dags/example_dag_decorator.py
[2024-11-06T15:37:17.094+0000] {processor.py:829} INFO - Processing file /home/airflow/.local/lib/python3.8/site-packages/airflow/example_dags/example_dag_decorator.py for tasks to queue
[2024-11-06T15:37:17.095+0000] {logging_mixin.py:154} INFO - [2024-11-06T15:37:17.095+0000] {dagbag.py:536} INFO - Filling up the DagBag from /home/airflow/.local/lib/python3.8/site-packages/airflow/example_dags/example_dag_decorator.py
[2024-11-06T15:37:17.124+0000] {processor.py:839} INFO - DAG(s) dict_keys(['example_dag_decorator']) retrieved from /home/airflow/.local/lib/python3.8/site-packages/airflow/example_dags/example_dag_decorator.py
[2024-11-06T15:37:17.165+0000] {logging_mixin.py:154} INFO - [2024-11-06T15:37:17.165+0000] {dag.py:2941} INFO - Sync 1 DAGs
[2024-11-06T15:37:17.171+0000] {logging_mixin.py:154} INFO - [2024-11-06T15:37:17.171+0000] {dag.py:3722} INFO - Setting next_dagrun for example_dag_decorator to None, run_after=None
[2024-11-06T15:37:17.179+0000] {processor.py:179} INFO - Processing /home/airflow/.local/lib/python3.8/site-packages/airflow/example_dags/example_dag_decorator.py took 0.087 seconds
[2024-11-06T15:48:09.434+0000] {processor.py:157} INFO - Started process (PID=2766) to work on /home/airflow/.local/lib/python3.8/site-packages/airflow/example_dags/example_dag_decorator.py
[2024-11-06T15:48:09.436+0000] {processor.py:829} INFO - Processing file /home/airflow/.local/lib/python3.8/site-packages/airflow/example_dags/example_dag_decorator.py for tasks to queue
[2024-11-06T15:48:09.439+0000] {logging_mixin.py:154} INFO - [2024-11-06T15:48:09.438+0000] {dagbag.py:536} INFO - Filling up the DagBag from /home/airflow/.local/lib/python3.8/site-packages/airflow/example_dags/example_dag_decorator.py
[2024-11-06T15:48:09.474+0000] {processor.py:839} INFO - DAG(s) dict_keys(['example_dag_decorator']) retrieved from /home/airflow/.local/lib/python3.8/site-packages/airflow/example_dags/example_dag_decorator.py
[2024-11-06T15:48:09.546+0000] {logging_mixin.py:154} INFO - [2024-11-06T15:48:09.546+0000] {dag.py:2941} INFO - Sync 1 DAGs
[2024-11-06T15:48:09.556+0000] {logging_mixin.py:154} INFO - [2024-11-06T15:48:09.556+0000] {dag.py:3722} INFO - Setting next_dagrun for example_dag_decorator to None, run_after=None
[2024-11-06T15:48:09.582+0000] {processor.py:179} INFO - Processing /home/airflow/.local/lib/python3.8/site-packages/airflow/example_dags/example_dag_decorator.py took 0.151 seconds
[2024-11-06T16:49:03.879+0000] {processor.py:157} INFO - Started process (PID=2820) to work on /home/airflow/.local/lib/python3.8/site-packages/airflow/example_dags/example_dag_decorator.py
[2024-11-06T16:49:03.879+0000] {processor.py:829} INFO - Processing file /home/airflow/.local/lib/python3.8/site-packages/airflow/example_dags/example_dag_decorator.py for tasks to queue
[2024-11-06T16:49:03.880+0000] {logging_mixin.py:154} INFO - [2024-11-06T16:49:03.880+0000] {dagbag.py:536} INFO - Filling up the DagBag from /home/airflow/.local/lib/python3.8/site-packages/airflow/example_dags/example_dag_decorator.py
[2024-11-06T16:49:03.913+0000] {processor.py:839} INFO - DAG(s) dict_keys(['example_dag_decorator']) retrieved from /home/airflow/.local/lib/python3.8/site-packages/airflow/example_dags/example_dag_decorator.py
[2024-11-06T16:49:03.925+0000] {logging_mixin.py:154} INFO - [2024-11-06T16:49:03.925+0000] {dag.py:2941} INFO - Sync 1 DAGs
[2024-11-06T16:49:03.931+0000] {logging_mixin.py:154} INFO - [2024-11-06T16:49:03.931+0000] {dag.py:3722} INFO - Setting next_dagrun for example_dag_decorator to None, run_after=None
[2024-11-06T16:49:03.941+0000] {processor.py:179} INFO - Processing /home/airflow/.local/lib/python3.8/site-packages/airflow/example_dags/example_dag_decorator.py took 0.065 seconds
[2024-11-06T16:49:56.654+0000] {processor.py:157} INFO - Started process (PID=2874) to work on /home/airflow/.local/lib/python3.8/site-packages/airflow/example_dags/example_dag_decorator.py
[2024-11-06T16:49:56.656+0000] {processor.py:829} INFO - Processing file /home/airflow/.local/lib/python3.8/site-packages/airflow/example_dags/example_dag_decorator.py for tasks to queue
[2024-11-06T16:49:56.658+0000] {logging_mixin.py:154} INFO - [2024-11-06T16:49:56.658+0000] {dagbag.py:536} INFO - Filling up the DagBag from /home/airflow/.local/lib/python3.8/site-packages/airflow/example_dags/example_dag_decorator.py
[2024-11-06T16:49:56.688+0000] {processor.py:839} INFO - DAG(s) dict_keys(['example_dag_decorator']) retrieved from /home/airflow/.local/lib/python3.8/site-packages/airflow/example_dags/example_dag_decorator.py
[2024-11-06T16:49:56.735+0000] {logging_mixin.py:154} INFO - [2024-11-06T16:49:56.735+0000] {dag.py:2941} INFO - Sync 1 DAGs
[2024-11-06T16:49:56.741+0000] {logging_mixin.py:154} INFO - [2024-11-06T16:49:56.740+0000] {dag.py:3722} INFO - Setting next_dagrun for example_dag_decorator to None, run_after=None
[2024-11-06T16:49:56.751+0000] {processor.py:179} INFO - Processing /home/airflow/.local/lib/python3.8/site-packages/airflow/example_dags/example_dag_decorator.py took 0.099 seconds
[2024-11-06T17:40:08.648+0000] {processor.py:157} INFO - Started process (PID=2928) to work on /home/airflow/.local/lib/python3.8/site-packages/airflow/example_dags/example_dag_decorator.py
[2024-11-06T17:40:08.651+0000] {processor.py:829} INFO - Processing file /home/airflow/.local/lib/python3.8/site-packages/airflow/example_dags/example_dag_decorator.py for tasks to queue
[2024-11-06T17:40:08.652+0000] {logging_mixin.py:154} INFO - [2024-11-06T17:40:08.652+0000] {dagbag.py:536} INFO - Filling up the DagBag from /home/airflow/.local/lib/python3.8/site-packages/airflow/example_dags/example_dag_decorator.py
[2024-11-06T17:40:08.686+0000] {processor.py:839} INFO - DAG(s) dict_keys(['example_dag_decorator']) retrieved from /home/airflow/.local/lib/python3.8/site-packages/airflow/example_dags/example_dag_decorator.py
[2024-11-06T17:40:08.735+0000] {logging_mixin.py:154} INFO - [2024-11-06T17:40:08.735+0000] {dag.py:2941} INFO - Sync 1 DAGs
[2024-11-06T17:40:08.739+0000] {logging_mixin.py:154} INFO - [2024-11-06T17:40:08.739+0000] {dag.py:3722} INFO - Setting next_dagrun for example_dag_decorator to None, run_after=None
[2024-11-06T17:40:08.750+0000] {processor.py:179} INFO - Processing /home/airflow/.local/lib/python3.8/site-packages/airflow/example_dags/example_dag_decorator.py took 0.103 seconds
[2024-11-06T18:40:20.973+0000] {processor.py:157} INFO - Started process (PID=2982) to work on /home/airflow/.local/lib/python3.8/site-packages/airflow/example_dags/example_dag_decorator.py
[2024-11-06T18:40:20.975+0000] {processor.py:829} INFO - Processing file /home/airflow/.local/lib/python3.8/site-packages/airflow/example_dags/example_dag_decorator.py for tasks to queue
[2024-11-06T18:40:20.977+0000] {logging_mixin.py:154} INFO - [2024-11-06T18:40:20.977+0000] {dagbag.py:536} INFO - Filling up the DagBag from /home/airflow/.local/lib/python3.8/site-packages/airflow/example_dags/example_dag_decorator.py
[2024-11-06T18:40:21.009+0000] {processor.py:839} INFO - DAG(s) dict_keys(['example_dag_decorator']) retrieved from /home/airflow/.local/lib/python3.8/site-packages/airflow/example_dags/example_dag_decorator.py
[2024-11-06T18:40:21.051+0000] {logging_mixin.py:154} INFO - [2024-11-06T18:40:21.051+0000] {dag.py:2941} INFO - Sync 1 DAGs
[2024-11-06T18:40:21.056+0000] {logging_mixin.py:154} INFO - [2024-11-06T18:40:21.056+0000] {dag.py:3722} INFO - Setting next_dagrun for example_dag_decorator to None, run_after=None
[2024-11-06T18:40:21.064+0000] {processor.py:179} INFO - Processing /home/airflow/.local/lib/python3.8/site-packages/airflow/example_dags/example_dag_decorator.py took 0.092 seconds
[2024-11-06T19:56:54.780+0000] {processor.py:157} INFO - Started process (PID=3036) to work on /home/airflow/.local/lib/python3.8/site-packages/airflow/example_dags/example_dag_decorator.py
[2024-11-06T19:56:54.782+0000] {processor.py:829} INFO - Processing file /home/airflow/.local/lib/python3.8/site-packages/airflow/example_dags/example_dag_decorator.py for tasks to queue
[2024-11-06T19:56:54.783+0000] {logging_mixin.py:154} INFO - [2024-11-06T19:56:54.783+0000] {dagbag.py:536} INFO - Filling up the DagBag from /home/airflow/.local/lib/python3.8/site-packages/airflow/example_dags/example_dag_decorator.py
[2024-11-06T19:56:54.812+0000] {processor.py:839} INFO - DAG(s) dict_keys(['example_dag_decorator']) retrieved from /home/airflow/.local/lib/python3.8/site-packages/airflow/example_dags/example_dag_decorator.py
[2024-11-06T19:56:54.854+0000] {logging_mixin.py:154} INFO - [2024-11-06T19:56:54.854+0000] {dag.py:2941} INFO - Sync 1 DAGs
[2024-11-06T19:56:54.859+0000] {logging_mixin.py:154} INFO - [2024-11-06T19:56:54.859+0000] {dag.py:3722} INFO - Setting next_dagrun for example_dag_decorator to None, run_after=None
[2024-11-06T19:56:54.870+0000] {processor.py:179} INFO - Processing /home/airflow/.local/lib/python3.8/site-packages/airflow/example_dags/example_dag_decorator.py took 0.092 seconds
[2024-11-06T20:41:41.368+0000] {processor.py:157} INFO - Started process (PID=3090) to work on /home/airflow/.local/lib/python3.8/site-packages/airflow/example_dags/example_dag_decorator.py
[2024-11-06T20:41:41.369+0000] {processor.py:829} INFO - Processing file /home/airflow/.local/lib/python3.8/site-packages/airflow/example_dags/example_dag_decorator.py for tasks to queue
[2024-11-06T20:41:41.370+0000] {logging_mixin.py:154} INFO - [2024-11-06T20:41:41.370+0000] {dagbag.py:536} INFO - Filling up the DagBag from /home/airflow/.local/lib/python3.8/site-packages/airflow/example_dags/example_dag_decorator.py
[2024-11-06T20:41:41.398+0000] {processor.py:839} INFO - DAG(s) dict_keys(['example_dag_decorator']) retrieved from /home/airflow/.local/lib/python3.8/site-packages/airflow/example_dags/example_dag_decorator.py
[2024-11-06T20:41:41.436+0000] {logging_mixin.py:154} INFO - [2024-11-06T20:41:41.436+0000] {dag.py:2941} INFO - Sync 1 DAGs
[2024-11-06T20:41:41.440+0000] {logging_mixin.py:154} INFO - [2024-11-06T20:41:41.440+0000] {dag.py:3722} INFO - Setting next_dagrun for example_dag_decorator to None, run_after=None
[2024-11-06T20:41:41.447+0000] {processor.py:179} INFO - Processing /home/airflow/.local/lib/python3.8/site-packages/airflow/example_dags/example_dag_decorator.py took 0.080 seconds
[2024-11-06T22:09:50.828+0000] {processor.py:157} INFO - Started process (PID=3144) to work on /home/airflow/.local/lib/python3.8/site-packages/airflow/example_dags/example_dag_decorator.py
[2024-11-06T22:09:50.829+0000] {processor.py:829} INFO - Processing file /home/airflow/.local/lib/python3.8/site-packages/airflow/example_dags/example_dag_decorator.py for tasks to queue
[2024-11-06T22:09:50.832+0000] {logging_mixin.py:154} INFO - [2024-11-06T22:09:50.831+0000] {dagbag.py:536} INFO - Filling up the DagBag from /home/airflow/.local/lib/python3.8/site-packages/airflow/example_dags/example_dag_decorator.py
[2024-11-06T22:09:50.870+0000] {processor.py:839} INFO - DAG(s) dict_keys(['example_dag_decorator']) retrieved from /home/airflow/.local/lib/python3.8/site-packages/airflow/example_dags/example_dag_decorator.py
[2024-11-06T22:09:50.910+0000] {logging_mixin.py:154} INFO - [2024-11-06T22:09:50.910+0000] {dag.py:2941} INFO - Sync 1 DAGs
[2024-11-06T22:09:50.914+0000] {logging_mixin.py:154} INFO - [2024-11-06T22:09:50.914+0000] {dag.py:3722} INFO - Setting next_dagrun for example_dag_decorator to None, run_after=None
[2024-11-06T22:09:50.921+0000] {processor.py:179} INFO - Processing /home/airflow/.local/lib/python3.8/site-packages/airflow/example_dags/example_dag_decorator.py took 0.097 seconds
[2024-11-06T23:10:56.625+0000] {processor.py:157} INFO - Started process (PID=3198) to work on /home/airflow/.local/lib/python3.8/site-packages/airflow/example_dags/example_dag_decorator.py
[2024-11-06T23:10:56.626+0000] {processor.py:829} INFO - Processing file /home/airflow/.local/lib/python3.8/site-packages/airflow/example_dags/example_dag_decorator.py for tasks to queue
[2024-11-06T23:10:56.627+0000] {logging_mixin.py:154} INFO - [2024-11-06T23:10:56.627+0000] {dagbag.py:536} INFO - Filling up the DagBag from /home/airflow/.local/lib/python3.8/site-packages/airflow/example_dags/example_dag_decorator.py
[2024-11-06T23:10:56.659+0000] {processor.py:839} INFO - DAG(s) dict_keys(['example_dag_decorator']) retrieved from /home/airflow/.local/lib/python3.8/site-packages/airflow/example_dags/example_dag_decorator.py
[2024-11-06T23:10:56.702+0000] {logging_mixin.py:154} INFO - [2024-11-06T23:10:56.702+0000] {dag.py:2941} INFO - Sync 1 DAGs
[2024-11-06T23:10:56.706+0000] {logging_mixin.py:154} INFO - [2024-11-06T23:10:56.706+0000] {dag.py:3722} INFO - Setting next_dagrun for example_dag_decorator to None, run_after=None
[2024-11-06T23:10:56.716+0000] {processor.py:179} INFO - Processing /home/airflow/.local/lib/python3.8/site-packages/airflow/example_dags/example_dag_decorator.py took 0.092 seconds
[2024-11-06T23:49:21.336+0000] {processor.py:157} INFO - Started process (PID=3252) to work on /home/airflow/.local/lib/python3.8/site-packages/airflow/example_dags/example_dag_decorator.py
[2024-11-06T23:49:21.338+0000] {processor.py:829} INFO - Processing file /home/airflow/.local/lib/python3.8/site-packages/airflow/example_dags/example_dag_decorator.py for tasks to queue
[2024-11-06T23:49:21.340+0000] {logging_mixin.py:154} INFO - [2024-11-06T23:49:21.340+0000] {dagbag.py:536} INFO - Filling up the DagBag from /home/airflow/.local/lib/python3.8/site-packages/airflow/example_dags/example_dag_decorator.py
[2024-11-06T23:49:21.374+0000] {processor.py:839} INFO - DAG(s) dict_keys(['example_dag_decorator']) retrieved from /home/airflow/.local/lib/python3.8/site-packages/airflow/example_dags/example_dag_decorator.py
[2024-11-06T23:49:21.418+0000] {logging_mixin.py:154} INFO - [2024-11-06T23:49:21.418+0000] {dag.py:2941} INFO - Sync 1 DAGs
[2024-11-06T23:49:21.423+0000] {logging_mixin.py:154} INFO - [2024-11-06T23:49:21.423+0000] {dag.py:3722} INFO - Setting next_dagrun for example_dag_decorator to None, run_after=None
[2024-11-06T23:49:21.435+0000] {processor.py:179} INFO - Processing /home/airflow/.local/lib/python3.8/site-packages/airflow/example_dags/example_dag_decorator.py took 0.101 seconds
