[2024-11-06T08:43:20.352+0000] {processor.py:157} INFO - Started process (PID=83) to work on /home/airflow/.local/lib/python3.8/site-packages/airflow/example_dags/example_sensor_decorator.py
[2024-11-06T08:43:20.353+0000] {processor.py:829} INFO - Processing file /home/airflow/.local/lib/python3.8/site-packages/airflow/example_dags/example_sensor_decorator.py for tasks to queue
[2024-11-06T08:43:20.357+0000] {logging_mixin.py:154} INFO - [2024-11-06T08:43:20.356+0000] {dagbag.py:536} INFO - Filling up the DagBag from /home/airflow/.local/lib/python3.8/site-packages/airflow/example_dags/example_sensor_decorator.py
[2024-11-06T08:43:20.363+0000] {processor.py:839} INFO - DAG(s) dict_keys(['example_sensor_decorator']) retrieved from /home/airflow/.local/lib/python3.8/site-packages/airflow/example_dags/example_sensor_decorator.py
[2024-11-06T08:43:20.380+0000] {logging_mixin.py:154} INFO - [2024-11-06T08:43:20.379+0000] {dag.py:2941} INFO - Sync 1 DAGs
[2024-11-06T08:43:20.398+0000] {logging_mixin.py:154} INFO - [2024-11-06T08:43:20.398+0000] {dag.py:3722} INFO - Setting next_dagrun for example_sensor_decorator to None, run_after=None
[2024-11-06T08:43:20.433+0000] {processor.py:179} INFO - Processing /home/airflow/.local/lib/python3.8/site-packages/airflow/example_dags/example_sensor_decorator.py took 0.085 seconds
[2024-11-06T08:43:51.411+0000] {processor.py:157} INFO - Started process (PID=137) to work on /home/airflow/.local/lib/python3.8/site-packages/airflow/example_dags/example_sensor_decorator.py
[2024-11-06T08:43:51.413+0000] {processor.py:829} INFO - Processing file /home/airflow/.local/lib/python3.8/site-packages/airflow/example_dags/example_sensor_decorator.py for tasks to queue
[2024-11-06T08:43:51.414+0000] {logging_mixin.py:154} INFO - [2024-11-06T08:43:51.414+0000] {dagbag.py:536} INFO - Filling up the DagBag from /home/airflow/.local/lib/python3.8/site-packages/airflow/example_dags/example_sensor_decorator.py
[2024-11-06T08:43:51.420+0000] {processor.py:839} INFO - DAG(s) dict_keys(['example_sensor_decorator']) retrieved from /home/airflow/.local/lib/python3.8/site-packages/airflow/example_dags/example_sensor_decorator.py
[2024-11-06T08:43:51.431+0000] {logging_mixin.py:154} INFO - [2024-11-06T08:43:51.430+0000] {dag.py:2941} INFO - Sync 1 DAGs
[2024-11-06T08:43:51.436+0000] {logging_mixin.py:154} INFO - [2024-11-06T08:43:51.436+0000] {dag.py:3722} INFO - Setting next_dagrun for example_sensor_decorator to None, run_after=None
[2024-11-06T08:43:51.445+0000] {processor.py:179} INFO - Processing /home/airflow/.local/lib/python3.8/site-packages/airflow/example_dags/example_sensor_decorator.py took 0.036 seconds
[2024-11-06T08:44:21.793+0000] {processor.py:157} INFO - Started process (PID=191) to work on /home/airflow/.local/lib/python3.8/site-packages/airflow/example_dags/example_sensor_decorator.py
[2024-11-06T08:44:21.793+0000] {processor.py:829} INFO - Processing file /home/airflow/.local/lib/python3.8/site-packages/airflow/example_dags/example_sensor_decorator.py for tasks to queue
[2024-11-06T08:44:21.794+0000] {logging_mixin.py:154} INFO - [2024-11-06T08:44:21.794+0000] {dagbag.py:536} INFO - Filling up the DagBag from /home/airflow/.local/lib/python3.8/site-packages/airflow/example_dags/example_sensor_decorator.py
[2024-11-06T08:44:21.796+0000] {processor.py:839} INFO - DAG(s) dict_keys(['example_sensor_decorator']) retrieved from /home/airflow/.local/lib/python3.8/site-packages/airflow/example_dags/example_sensor_decorator.py
[2024-11-06T08:44:21.811+0000] {logging_mixin.py:154} INFO - [2024-11-06T08:44:21.810+0000] {dag.py:2941} INFO - Sync 1 DAGs
[2024-11-06T08:44:21.816+0000] {logging_mixin.py:154} INFO - [2024-11-06T08:44:21.816+0000] {dag.py:3722} INFO - Setting next_dagrun for example_sensor_decorator to None, run_after=None
[2024-11-06T08:44:21.826+0000] {processor.py:179} INFO - Processing /home/airflow/.local/lib/python3.8/site-packages/airflow/example_dags/example_sensor_decorator.py took 0.034 seconds
[2024-11-06T08:44:52.137+0000] {processor.py:157} INFO - Started process (PID=245) to work on /home/airflow/.local/lib/python3.8/site-packages/airflow/example_dags/example_sensor_decorator.py
[2024-11-06T08:44:52.138+0000] {processor.py:829} INFO - Processing file /home/airflow/.local/lib/python3.8/site-packages/airflow/example_dags/example_sensor_decorator.py for tasks to queue
[2024-11-06T08:44:52.139+0000] {logging_mixin.py:154} INFO - [2024-11-06T08:44:52.139+0000] {dagbag.py:536} INFO - Filling up the DagBag from /home/airflow/.local/lib/python3.8/site-packages/airflow/example_dags/example_sensor_decorator.py
[2024-11-06T08:44:52.141+0000] {processor.py:839} INFO - DAG(s) dict_keys(['example_sensor_decorator']) retrieved from /home/airflow/.local/lib/python3.8/site-packages/airflow/example_dags/example_sensor_decorator.py
[2024-11-06T08:44:52.155+0000] {logging_mixin.py:154} INFO - [2024-11-06T08:44:52.155+0000] {dag.py:2941} INFO - Sync 1 DAGs
[2024-11-06T08:44:52.160+0000] {logging_mixin.py:154} INFO - [2024-11-06T08:44:52.160+0000] {dag.py:3722} INFO - Setting next_dagrun for example_sensor_decorator to None, run_after=None
[2024-11-06T08:44:52.171+0000] {processor.py:179} INFO - Processing /home/airflow/.local/lib/python3.8/site-packages/airflow/example_dags/example_sensor_decorator.py took 0.036 seconds
[2024-11-06T08:45:22.478+0000] {processor.py:157} INFO - Started process (PID=299) to work on /home/airflow/.local/lib/python3.8/site-packages/airflow/example_dags/example_sensor_decorator.py
[2024-11-06T08:45:22.481+0000] {processor.py:829} INFO - Processing file /home/airflow/.local/lib/python3.8/site-packages/airflow/example_dags/example_sensor_decorator.py for tasks to queue
[2024-11-06T08:45:22.483+0000] {logging_mixin.py:154} INFO - [2024-11-06T08:45:22.483+0000] {dagbag.py:536} INFO - Filling up the DagBag from /home/airflow/.local/lib/python3.8/site-packages/airflow/example_dags/example_sensor_decorator.py
[2024-11-06T08:45:22.490+0000] {processor.py:839} INFO - DAG(s) dict_keys(['example_sensor_decorator']) retrieved from /home/airflow/.local/lib/python3.8/site-packages/airflow/example_dags/example_sensor_decorator.py
[2024-11-06T08:45:22.502+0000] {logging_mixin.py:154} INFO - [2024-11-06T08:45:22.502+0000] {dag.py:2941} INFO - Sync 1 DAGs
[2024-11-06T08:45:22.508+0000] {logging_mixin.py:154} INFO - [2024-11-06T08:45:22.508+0000] {dag.py:3722} INFO - Setting next_dagrun for example_sensor_decorator to None, run_after=None
[2024-11-06T08:45:22.524+0000] {processor.py:179} INFO - Processing /home/airflow/.local/lib/python3.8/site-packages/airflow/example_dags/example_sensor_decorator.py took 0.047 seconds
[2024-11-06T08:45:52.875+0000] {processor.py:157} INFO - Started process (PID=360) to work on /home/airflow/.local/lib/python3.8/site-packages/airflow/example_dags/example_sensor_decorator.py
[2024-11-06T08:45:52.876+0000] {processor.py:829} INFO - Processing file /home/airflow/.local/lib/python3.8/site-packages/airflow/example_dags/example_sensor_decorator.py for tasks to queue
[2024-11-06T08:45:52.877+0000] {logging_mixin.py:154} INFO - [2024-11-06T08:45:52.877+0000] {dagbag.py:536} INFO - Filling up the DagBag from /home/airflow/.local/lib/python3.8/site-packages/airflow/example_dags/example_sensor_decorator.py
[2024-11-06T08:45:52.880+0000] {processor.py:839} INFO - DAG(s) dict_keys(['example_sensor_decorator']) retrieved from /home/airflow/.local/lib/python3.8/site-packages/airflow/example_dags/example_sensor_decorator.py
[2024-11-06T08:45:52.893+0000] {logging_mixin.py:154} INFO - [2024-11-06T08:45:52.893+0000] {dag.py:2941} INFO - Sync 1 DAGs
[2024-11-06T08:45:52.900+0000] {logging_mixin.py:154} INFO - [2024-11-06T08:45:52.900+0000] {dag.py:3722} INFO - Setting next_dagrun for example_sensor_decorator to None, run_after=None
[2024-11-06T08:45:52.908+0000] {processor.py:179} INFO - Processing /home/airflow/.local/lib/python3.8/site-packages/airflow/example_dags/example_sensor_decorator.py took 0.034 seconds
[2024-11-06T08:46:23.585+0000] {processor.py:157} INFO - Started process (PID=414) to work on /home/airflow/.local/lib/python3.8/site-packages/airflow/example_dags/example_sensor_decorator.py
[2024-11-06T08:46:23.586+0000] {processor.py:829} INFO - Processing file /home/airflow/.local/lib/python3.8/site-packages/airflow/example_dags/example_sensor_decorator.py for tasks to queue
[2024-11-06T08:46:23.589+0000] {logging_mixin.py:154} INFO - [2024-11-06T08:46:23.589+0000] {dagbag.py:536} INFO - Filling up the DagBag from /home/airflow/.local/lib/python3.8/site-packages/airflow/example_dags/example_sensor_decorator.py
[2024-11-06T08:46:23.592+0000] {processor.py:839} INFO - DAG(s) dict_keys(['example_sensor_decorator']) retrieved from /home/airflow/.local/lib/python3.8/site-packages/airflow/example_dags/example_sensor_decorator.py
[2024-11-06T08:46:23.612+0000] {logging_mixin.py:154} INFO - [2024-11-06T08:46:23.611+0000] {dag.py:2941} INFO - Sync 1 DAGs
[2024-11-06T08:46:23.618+0000] {logging_mixin.py:154} INFO - [2024-11-06T08:46:23.618+0000] {dag.py:3722} INFO - Setting next_dagrun for example_sensor_decorator to None, run_after=None
[2024-11-06T08:46:23.629+0000] {processor.py:179} INFO - Processing /home/airflow/.local/lib/python3.8/site-packages/airflow/example_dags/example_sensor_decorator.py took 0.046 seconds
[2024-11-06T08:46:54.152+0000] {processor.py:157} INFO - Started process (PID=468) to work on /home/airflow/.local/lib/python3.8/site-packages/airflow/example_dags/example_sensor_decorator.py
[2024-11-06T08:46:54.152+0000] {processor.py:829} INFO - Processing file /home/airflow/.local/lib/python3.8/site-packages/airflow/example_dags/example_sensor_decorator.py for tasks to queue
[2024-11-06T08:46:54.153+0000] {logging_mixin.py:154} INFO - [2024-11-06T08:46:54.153+0000] {dagbag.py:536} INFO - Filling up the DagBag from /home/airflow/.local/lib/python3.8/site-packages/airflow/example_dags/example_sensor_decorator.py
[2024-11-06T08:46:54.156+0000] {processor.py:839} INFO - DAG(s) dict_keys(['example_sensor_decorator']) retrieved from /home/airflow/.local/lib/python3.8/site-packages/airflow/example_dags/example_sensor_decorator.py
[2024-11-06T08:46:54.169+0000] {logging_mixin.py:154} INFO - [2024-11-06T08:46:54.169+0000] {dag.py:2941} INFO - Sync 1 DAGs
[2024-11-06T08:46:54.174+0000] {logging_mixin.py:154} INFO - [2024-11-06T08:46:54.174+0000] {dag.py:3722} INFO - Setting next_dagrun for example_sensor_decorator to None, run_after=None
[2024-11-06T08:46:54.182+0000] {processor.py:179} INFO - Processing /home/airflow/.local/lib/python3.8/site-packages/airflow/example_dags/example_sensor_decorator.py took 0.031 seconds
[2024-11-06T08:47:24.517+0000] {processor.py:157} INFO - Started process (PID=522) to work on /home/airflow/.local/lib/python3.8/site-packages/airflow/example_dags/example_sensor_decorator.py
[2024-11-06T08:47:24.518+0000] {processor.py:829} INFO - Processing file /home/airflow/.local/lib/python3.8/site-packages/airflow/example_dags/example_sensor_decorator.py for tasks to queue
[2024-11-06T08:47:24.519+0000] {logging_mixin.py:154} INFO - [2024-11-06T08:47:24.519+0000] {dagbag.py:536} INFO - Filling up the DagBag from /home/airflow/.local/lib/python3.8/site-packages/airflow/example_dags/example_sensor_decorator.py
[2024-11-06T08:47:24.522+0000] {processor.py:839} INFO - DAG(s) dict_keys(['example_sensor_decorator']) retrieved from /home/airflow/.local/lib/python3.8/site-packages/airflow/example_dags/example_sensor_decorator.py
[2024-11-06T08:47:24.531+0000] {logging_mixin.py:154} INFO - [2024-11-06T08:47:24.531+0000] {dag.py:2941} INFO - Sync 1 DAGs
[2024-11-06T08:47:24.536+0000] {logging_mixin.py:154} INFO - [2024-11-06T08:47:24.536+0000] {dag.py:3722} INFO - Setting next_dagrun for example_sensor_decorator to None, run_after=None
[2024-11-06T08:47:24.546+0000] {processor.py:179} INFO - Processing /home/airflow/.local/lib/python3.8/site-packages/airflow/example_dags/example_sensor_decorator.py took 0.031 seconds
[2024-11-06T08:47:54.925+0000] {processor.py:157} INFO - Started process (PID=577) to work on /home/airflow/.local/lib/python3.8/site-packages/airflow/example_dags/example_sensor_decorator.py
[2024-11-06T08:47:54.927+0000] {processor.py:829} INFO - Processing file /home/airflow/.local/lib/python3.8/site-packages/airflow/example_dags/example_sensor_decorator.py for tasks to queue
[2024-11-06T08:47:54.931+0000] {logging_mixin.py:154} INFO - [2024-11-06T08:47:54.931+0000] {dagbag.py:536} INFO - Filling up the DagBag from /home/airflow/.local/lib/python3.8/site-packages/airflow/example_dags/example_sensor_decorator.py
[2024-11-06T08:47:54.933+0000] {processor.py:839} INFO - DAG(s) dict_keys(['example_sensor_decorator']) retrieved from /home/airflow/.local/lib/python3.8/site-packages/airflow/example_dags/example_sensor_decorator.py
[2024-11-06T08:47:54.946+0000] {logging_mixin.py:154} INFO - [2024-11-06T08:47:54.946+0000] {dag.py:2941} INFO - Sync 1 DAGs
[2024-11-06T08:47:54.952+0000] {logging_mixin.py:154} INFO - [2024-11-06T08:47:54.952+0000] {dag.py:3722} INFO - Setting next_dagrun for example_sensor_decorator to None, run_after=None
[2024-11-06T08:47:54.961+0000] {processor.py:179} INFO - Processing /home/airflow/.local/lib/python3.8/site-packages/airflow/example_dags/example_sensor_decorator.py took 0.037 seconds
[2024-11-06T08:48:25.246+0000] {processor.py:157} INFO - Started process (PID=631) to work on /home/airflow/.local/lib/python3.8/site-packages/airflow/example_dags/example_sensor_decorator.py
[2024-11-06T08:48:25.246+0000] {processor.py:829} INFO - Processing file /home/airflow/.local/lib/python3.8/site-packages/airflow/example_dags/example_sensor_decorator.py for tasks to queue
[2024-11-06T08:48:25.247+0000] {logging_mixin.py:154} INFO - [2024-11-06T08:48:25.247+0000] {dagbag.py:536} INFO - Filling up the DagBag from /home/airflow/.local/lib/python3.8/site-packages/airflow/example_dags/example_sensor_decorator.py
[2024-11-06T08:48:25.250+0000] {processor.py:839} INFO - DAG(s) dict_keys(['example_sensor_decorator']) retrieved from /home/airflow/.local/lib/python3.8/site-packages/airflow/example_dags/example_sensor_decorator.py
[2024-11-06T08:48:25.260+0000] {logging_mixin.py:154} INFO - [2024-11-06T08:48:25.260+0000] {dag.py:2941} INFO - Sync 1 DAGs
[2024-11-06T08:48:25.265+0000] {logging_mixin.py:154} INFO - [2024-11-06T08:48:25.265+0000] {dag.py:3722} INFO - Setting next_dagrun for example_sensor_decorator to None, run_after=None
[2024-11-06T08:48:25.272+0000] {processor.py:179} INFO - Processing /home/airflow/.local/lib/python3.8/site-packages/airflow/example_dags/example_sensor_decorator.py took 0.027 seconds
[2024-11-06T08:48:55.525+0000] {processor.py:157} INFO - Started process (PID=685) to work on /home/airflow/.local/lib/python3.8/site-packages/airflow/example_dags/example_sensor_decorator.py
[2024-11-06T08:48:55.525+0000] {processor.py:829} INFO - Processing file /home/airflow/.local/lib/python3.8/site-packages/airflow/example_dags/example_sensor_decorator.py for tasks to queue
[2024-11-06T08:48:55.526+0000] {logging_mixin.py:154} INFO - [2024-11-06T08:48:55.526+0000] {dagbag.py:536} INFO - Filling up the DagBag from /home/airflow/.local/lib/python3.8/site-packages/airflow/example_dags/example_sensor_decorator.py
[2024-11-06T08:48:55.530+0000] {processor.py:839} INFO - DAG(s) dict_keys(['example_sensor_decorator']) retrieved from /home/airflow/.local/lib/python3.8/site-packages/airflow/example_dags/example_sensor_decorator.py
[2024-11-06T08:48:55.543+0000] {logging_mixin.py:154} INFO - [2024-11-06T08:48:55.543+0000] {dag.py:2941} INFO - Sync 1 DAGs
[2024-11-06T08:48:55.552+0000] {logging_mixin.py:154} INFO - [2024-11-06T08:48:55.552+0000] {dag.py:3722} INFO - Setting next_dagrun for example_sensor_decorator to None, run_after=None
[2024-11-06T08:48:55.565+0000] {processor.py:179} INFO - Processing /home/airflow/.local/lib/python3.8/site-packages/airflow/example_dags/example_sensor_decorator.py took 0.042 seconds
[2024-11-06T08:49:25.746+0000] {processor.py:157} INFO - Started process (PID=739) to work on /home/airflow/.local/lib/python3.8/site-packages/airflow/example_dags/example_sensor_decorator.py
[2024-11-06T08:49:25.747+0000] {processor.py:829} INFO - Processing file /home/airflow/.local/lib/python3.8/site-packages/airflow/example_dags/example_sensor_decorator.py for tasks to queue
[2024-11-06T08:49:25.748+0000] {logging_mixin.py:154} INFO - [2024-11-06T08:49:25.748+0000] {dagbag.py:536} INFO - Filling up the DagBag from /home/airflow/.local/lib/python3.8/site-packages/airflow/example_dags/example_sensor_decorator.py
[2024-11-06T08:49:25.751+0000] {processor.py:839} INFO - DAG(s) dict_keys(['example_sensor_decorator']) retrieved from /home/airflow/.local/lib/python3.8/site-packages/airflow/example_dags/example_sensor_decorator.py
[2024-11-06T08:49:25.760+0000] {logging_mixin.py:154} INFO - [2024-11-06T08:49:25.760+0000] {dag.py:2941} INFO - Sync 1 DAGs
[2024-11-06T08:49:25.765+0000] {logging_mixin.py:154} INFO - [2024-11-06T08:49:25.765+0000] {dag.py:3722} INFO - Setting next_dagrun for example_sensor_decorator to None, run_after=None
[2024-11-06T08:49:25.774+0000] {processor.py:179} INFO - Processing /home/airflow/.local/lib/python3.8/site-packages/airflow/example_dags/example_sensor_decorator.py took 0.029 seconds
[2024-11-06T08:49:55.986+0000] {processor.py:157} INFO - Started process (PID=792) to work on /home/airflow/.local/lib/python3.8/site-packages/airflow/example_dags/example_sensor_decorator.py
[2024-11-06T08:49:55.987+0000] {processor.py:829} INFO - Processing file /home/airflow/.local/lib/python3.8/site-packages/airflow/example_dags/example_sensor_decorator.py for tasks to queue
[2024-11-06T08:49:55.987+0000] {logging_mixin.py:154} INFO - [2024-11-06T08:49:55.987+0000] {dagbag.py:536} INFO - Filling up the DagBag from /home/airflow/.local/lib/python3.8/site-packages/airflow/example_dags/example_sensor_decorator.py
[2024-11-06T08:49:55.990+0000] {processor.py:839} INFO - DAG(s) dict_keys(['example_sensor_decorator']) retrieved from /home/airflow/.local/lib/python3.8/site-packages/airflow/example_dags/example_sensor_decorator.py
[2024-11-06T08:49:55.999+0000] {logging_mixin.py:154} INFO - [2024-11-06T08:49:55.999+0000] {dag.py:2941} INFO - Sync 1 DAGs
[2024-11-06T08:49:56.004+0000] {logging_mixin.py:154} INFO - [2024-11-06T08:49:56.004+0000] {dag.py:3722} INFO - Setting next_dagrun for example_sensor_decorator to None, run_after=None
[2024-11-06T08:49:56.012+0000] {processor.py:179} INFO - Processing /home/airflow/.local/lib/python3.8/site-packages/airflow/example_dags/example_sensor_decorator.py took 0.027 seconds
[2024-11-06T08:50:26.242+0000] {processor.py:157} INFO - Started process (PID=846) to work on /home/airflow/.local/lib/python3.8/site-packages/airflow/example_dags/example_sensor_decorator.py
[2024-11-06T08:50:26.242+0000] {processor.py:829} INFO - Processing file /home/airflow/.local/lib/python3.8/site-packages/airflow/example_dags/example_sensor_decorator.py for tasks to queue
[2024-11-06T08:50:26.243+0000] {logging_mixin.py:154} INFO - [2024-11-06T08:50:26.243+0000] {dagbag.py:536} INFO - Filling up the DagBag from /home/airflow/.local/lib/python3.8/site-packages/airflow/example_dags/example_sensor_decorator.py
[2024-11-06T08:50:26.246+0000] {processor.py:839} INFO - DAG(s) dict_keys(['example_sensor_decorator']) retrieved from /home/airflow/.local/lib/python3.8/site-packages/airflow/example_dags/example_sensor_decorator.py
[2024-11-06T08:50:26.256+0000] {logging_mixin.py:154} INFO - [2024-11-06T08:50:26.256+0000] {dag.py:2941} INFO - Sync 1 DAGs
[2024-11-06T08:50:26.263+0000] {logging_mixin.py:154} INFO - [2024-11-06T08:50:26.263+0000] {dag.py:3722} INFO - Setting next_dagrun for example_sensor_decorator to None, run_after=None
[2024-11-06T08:50:26.272+0000] {processor.py:179} INFO - Processing /home/airflow/.local/lib/python3.8/site-packages/airflow/example_dags/example_sensor_decorator.py took 0.032 seconds
[2024-11-06T08:50:56.498+0000] {processor.py:157} INFO - Started process (PID=900) to work on /home/airflow/.local/lib/python3.8/site-packages/airflow/example_dags/example_sensor_decorator.py
[2024-11-06T08:50:56.498+0000] {processor.py:829} INFO - Processing file /home/airflow/.local/lib/python3.8/site-packages/airflow/example_dags/example_sensor_decorator.py for tasks to queue
[2024-11-06T08:50:56.499+0000] {logging_mixin.py:154} INFO - [2024-11-06T08:50:56.499+0000] {dagbag.py:536} INFO - Filling up the DagBag from /home/airflow/.local/lib/python3.8/site-packages/airflow/example_dags/example_sensor_decorator.py
[2024-11-06T08:50:56.503+0000] {processor.py:839} INFO - DAG(s) dict_keys(['example_sensor_decorator']) retrieved from /home/airflow/.local/lib/python3.8/site-packages/airflow/example_dags/example_sensor_decorator.py
[2024-11-06T08:50:56.512+0000] {logging_mixin.py:154} INFO - [2024-11-06T08:50:56.512+0000] {dag.py:2941} INFO - Sync 1 DAGs
[2024-11-06T08:50:56.517+0000] {logging_mixin.py:154} INFO - [2024-11-06T08:50:56.517+0000] {dag.py:3722} INFO - Setting next_dagrun for example_sensor_decorator to None, run_after=None
[2024-11-06T08:50:56.524+0000] {processor.py:179} INFO - Processing /home/airflow/.local/lib/python3.8/site-packages/airflow/example_dags/example_sensor_decorator.py took 0.028 seconds
[2024-11-06T08:51:26.915+0000] {processor.py:157} INFO - Started process (PID=954) to work on /home/airflow/.local/lib/python3.8/site-packages/airflow/example_dags/example_sensor_decorator.py
[2024-11-06T08:51:26.915+0000] {processor.py:829} INFO - Processing file /home/airflow/.local/lib/python3.8/site-packages/airflow/example_dags/example_sensor_decorator.py for tasks to queue
[2024-11-06T08:51:26.916+0000] {logging_mixin.py:154} INFO - [2024-11-06T08:51:26.916+0000] {dagbag.py:536} INFO - Filling up the DagBag from /home/airflow/.local/lib/python3.8/site-packages/airflow/example_dags/example_sensor_decorator.py
[2024-11-06T08:51:26.919+0000] {processor.py:839} INFO - DAG(s) dict_keys(['example_sensor_decorator']) retrieved from /home/airflow/.local/lib/python3.8/site-packages/airflow/example_dags/example_sensor_decorator.py
[2024-11-06T08:51:26.929+0000] {logging_mixin.py:154} INFO - [2024-11-06T08:51:26.928+0000] {dag.py:2941} INFO - Sync 1 DAGs
[2024-11-06T08:51:26.934+0000] {logging_mixin.py:154} INFO - [2024-11-06T08:51:26.934+0000] {dag.py:3722} INFO - Setting next_dagrun for example_sensor_decorator to None, run_after=None
[2024-11-06T08:51:26.941+0000] {processor.py:179} INFO - Processing /home/airflow/.local/lib/python3.8/site-packages/airflow/example_dags/example_sensor_decorator.py took 0.028 seconds
[2024-11-06T08:51:57.228+0000] {processor.py:157} INFO - Started process (PID=1008) to work on /home/airflow/.local/lib/python3.8/site-packages/airflow/example_dags/example_sensor_decorator.py
[2024-11-06T08:51:57.228+0000] {processor.py:829} INFO - Processing file /home/airflow/.local/lib/python3.8/site-packages/airflow/example_dags/example_sensor_decorator.py for tasks to queue
[2024-11-06T08:51:57.229+0000] {logging_mixin.py:154} INFO - [2024-11-06T08:51:57.229+0000] {dagbag.py:536} INFO - Filling up the DagBag from /home/airflow/.local/lib/python3.8/site-packages/airflow/example_dags/example_sensor_decorator.py
[2024-11-06T08:51:57.232+0000] {processor.py:839} INFO - DAG(s) dict_keys(['example_sensor_decorator']) retrieved from /home/airflow/.local/lib/python3.8/site-packages/airflow/example_dags/example_sensor_decorator.py
[2024-11-06T08:51:57.241+0000] {logging_mixin.py:154} INFO - [2024-11-06T08:51:57.241+0000] {dag.py:2941} INFO - Sync 1 DAGs
[2024-11-06T08:51:57.246+0000] {logging_mixin.py:154} INFO - [2024-11-06T08:51:57.246+0000] {dag.py:3722} INFO - Setting next_dagrun for example_sensor_decorator to None, run_after=None
[2024-11-06T08:51:57.253+0000] {processor.py:179} INFO - Processing /home/airflow/.local/lib/python3.8/site-packages/airflow/example_dags/example_sensor_decorator.py took 0.027 seconds
[2024-11-06T08:52:27.546+0000] {processor.py:157} INFO - Started process (PID=1062) to work on /home/airflow/.local/lib/python3.8/site-packages/airflow/example_dags/example_sensor_decorator.py
[2024-11-06T08:52:27.546+0000] {processor.py:829} INFO - Processing file /home/airflow/.local/lib/python3.8/site-packages/airflow/example_dags/example_sensor_decorator.py for tasks to queue
[2024-11-06T08:52:27.547+0000] {logging_mixin.py:154} INFO - [2024-11-06T08:52:27.547+0000] {dagbag.py:536} INFO - Filling up the DagBag from /home/airflow/.local/lib/python3.8/site-packages/airflow/example_dags/example_sensor_decorator.py
[2024-11-06T08:52:27.550+0000] {processor.py:839} INFO - DAG(s) dict_keys(['example_sensor_decorator']) retrieved from /home/airflow/.local/lib/python3.8/site-packages/airflow/example_dags/example_sensor_decorator.py
[2024-11-06T08:52:27.560+0000] {logging_mixin.py:154} INFO - [2024-11-06T08:52:27.560+0000] {dag.py:2941} INFO - Sync 1 DAGs
[2024-11-06T08:52:27.565+0000] {logging_mixin.py:154} INFO - [2024-11-06T08:52:27.565+0000] {dag.py:3722} INFO - Setting next_dagrun for example_sensor_decorator to None, run_after=None
[2024-11-06T08:52:27.573+0000] {processor.py:179} INFO - Processing /home/airflow/.local/lib/python3.8/site-packages/airflow/example_dags/example_sensor_decorator.py took 0.028 seconds
[2024-11-06T08:52:58.200+0000] {processor.py:157} INFO - Started process (PID=1116) to work on /home/airflow/.local/lib/python3.8/site-packages/airflow/example_dags/example_sensor_decorator.py
[2024-11-06T08:52:58.200+0000] {processor.py:829} INFO - Processing file /home/airflow/.local/lib/python3.8/site-packages/airflow/example_dags/example_sensor_decorator.py for tasks to queue
[2024-11-06T08:52:58.201+0000] {logging_mixin.py:154} INFO - [2024-11-06T08:52:58.201+0000] {dagbag.py:536} INFO - Filling up the DagBag from /home/airflow/.local/lib/python3.8/site-packages/airflow/example_dags/example_sensor_decorator.py
[2024-11-06T08:52:58.204+0000] {processor.py:839} INFO - DAG(s) dict_keys(['example_sensor_decorator']) retrieved from /home/airflow/.local/lib/python3.8/site-packages/airflow/example_dags/example_sensor_decorator.py
[2024-11-06T08:52:58.212+0000] {logging_mixin.py:154} INFO - [2024-11-06T08:52:58.212+0000] {dag.py:2941} INFO - Sync 1 DAGs
[2024-11-06T08:52:58.219+0000] {logging_mixin.py:154} INFO - [2024-11-06T08:52:58.219+0000] {dag.py:3722} INFO - Setting next_dagrun for example_sensor_decorator to None, run_after=None
[2024-11-06T08:52:58.226+0000] {processor.py:179} INFO - Processing /home/airflow/.local/lib/python3.8/site-packages/airflow/example_dags/example_sensor_decorator.py took 0.028 seconds
[2024-11-06T08:53:28.831+0000] {processor.py:157} INFO - Started process (PID=1170) to work on /home/airflow/.local/lib/python3.8/site-packages/airflow/example_dags/example_sensor_decorator.py
[2024-11-06T08:53:28.833+0000] {processor.py:829} INFO - Processing file /home/airflow/.local/lib/python3.8/site-packages/airflow/example_dags/example_sensor_decorator.py for tasks to queue
[2024-11-06T08:53:28.834+0000] {logging_mixin.py:154} INFO - [2024-11-06T08:53:28.834+0000] {dagbag.py:536} INFO - Filling up the DagBag from /home/airflow/.local/lib/python3.8/site-packages/airflow/example_dags/example_sensor_decorator.py
[2024-11-06T08:53:28.837+0000] {processor.py:839} INFO - DAG(s) dict_keys(['example_sensor_decorator']) retrieved from /home/airflow/.local/lib/python3.8/site-packages/airflow/example_dags/example_sensor_decorator.py
[2024-11-06T08:53:28.847+0000] {logging_mixin.py:154} INFO - [2024-11-06T08:53:28.846+0000] {dag.py:2941} INFO - Sync 1 DAGs
[2024-11-06T08:53:28.853+0000] {logging_mixin.py:154} INFO - [2024-11-06T08:53:28.852+0000] {dag.py:3722} INFO - Setting next_dagrun for example_sensor_decorator to None, run_after=None
[2024-11-06T08:53:28.863+0000] {processor.py:179} INFO - Processing /home/airflow/.local/lib/python3.8/site-packages/airflow/example_dags/example_sensor_decorator.py took 0.033 seconds
[2024-11-06T08:53:59.138+0000] {processor.py:157} INFO - Started process (PID=1224) to work on /home/airflow/.local/lib/python3.8/site-packages/airflow/example_dags/example_sensor_decorator.py
[2024-11-06T08:53:59.138+0000] {processor.py:829} INFO - Processing file /home/airflow/.local/lib/python3.8/site-packages/airflow/example_dags/example_sensor_decorator.py for tasks to queue
[2024-11-06T08:53:59.140+0000] {logging_mixin.py:154} INFO - [2024-11-06T08:53:59.140+0000] {dagbag.py:536} INFO - Filling up the DagBag from /home/airflow/.local/lib/python3.8/site-packages/airflow/example_dags/example_sensor_decorator.py
[2024-11-06T08:53:59.143+0000] {processor.py:839} INFO - DAG(s) dict_keys(['example_sensor_decorator']) retrieved from /home/airflow/.local/lib/python3.8/site-packages/airflow/example_dags/example_sensor_decorator.py
[2024-11-06T08:53:59.152+0000] {logging_mixin.py:154} INFO - [2024-11-06T08:53:59.152+0000] {dag.py:2941} INFO - Sync 1 DAGs
[2024-11-06T08:53:59.158+0000] {logging_mixin.py:154} INFO - [2024-11-06T08:53:59.158+0000] {dag.py:3722} INFO - Setting next_dagrun for example_sensor_decorator to None, run_after=None
[2024-11-06T08:53:59.165+0000] {processor.py:179} INFO - Processing /home/airflow/.local/lib/python3.8/site-packages/airflow/example_dags/example_sensor_decorator.py took 0.029 seconds
[2024-11-06T08:54:30.117+0000] {processor.py:157} INFO - Started process (PID=1278) to work on /home/airflow/.local/lib/python3.8/site-packages/airflow/example_dags/example_sensor_decorator.py
[2024-11-06T08:54:30.117+0000] {processor.py:829} INFO - Processing file /home/airflow/.local/lib/python3.8/site-packages/airflow/example_dags/example_sensor_decorator.py for tasks to queue
[2024-11-06T08:54:30.118+0000] {logging_mixin.py:154} INFO - [2024-11-06T08:54:30.118+0000] {dagbag.py:536} INFO - Filling up the DagBag from /home/airflow/.local/lib/python3.8/site-packages/airflow/example_dags/example_sensor_decorator.py
[2024-11-06T08:54:30.121+0000] {processor.py:839} INFO - DAG(s) dict_keys(['example_sensor_decorator']) retrieved from /home/airflow/.local/lib/python3.8/site-packages/airflow/example_dags/example_sensor_decorator.py
[2024-11-06T08:54:30.130+0000] {logging_mixin.py:154} INFO - [2024-11-06T08:54:30.130+0000] {dag.py:2941} INFO - Sync 1 DAGs
[2024-11-06T08:54:30.136+0000] {logging_mixin.py:154} INFO - [2024-11-06T08:54:30.136+0000] {dag.py:3722} INFO - Setting next_dagrun for example_sensor_decorator to None, run_after=None
[2024-11-06T08:54:30.143+0000] {processor.py:179} INFO - Processing /home/airflow/.local/lib/python3.8/site-packages/airflow/example_dags/example_sensor_decorator.py took 0.028 seconds
[2024-11-06T08:55:00.912+0000] {processor.py:157} INFO - Started process (PID=1332) to work on /home/airflow/.local/lib/python3.8/site-packages/airflow/example_dags/example_sensor_decorator.py
[2024-11-06T08:55:00.913+0000] {processor.py:829} INFO - Processing file /home/airflow/.local/lib/python3.8/site-packages/airflow/example_dags/example_sensor_decorator.py for tasks to queue
[2024-11-06T08:55:00.914+0000] {logging_mixin.py:154} INFO - [2024-11-06T08:55:00.914+0000] {dagbag.py:536} INFO - Filling up the DagBag from /home/airflow/.local/lib/python3.8/site-packages/airflow/example_dags/example_sensor_decorator.py
[2024-11-06T08:55:00.916+0000] {processor.py:839} INFO - DAG(s) dict_keys(['example_sensor_decorator']) retrieved from /home/airflow/.local/lib/python3.8/site-packages/airflow/example_dags/example_sensor_decorator.py
[2024-11-06T08:55:00.925+0000] {logging_mixin.py:154} INFO - [2024-11-06T08:55:00.925+0000] {dag.py:2941} INFO - Sync 1 DAGs
[2024-11-06T08:55:00.930+0000] {logging_mixin.py:154} INFO - [2024-11-06T08:55:00.930+0000] {dag.py:3722} INFO - Setting next_dagrun for example_sensor_decorator to None, run_after=None
[2024-11-06T08:55:00.938+0000] {processor.py:179} INFO - Processing /home/airflow/.local/lib/python3.8/site-packages/airflow/example_dags/example_sensor_decorator.py took 0.027 seconds
[2024-11-06T08:55:31.273+0000] {processor.py:157} INFO - Started process (PID=1386) to work on /home/airflow/.local/lib/python3.8/site-packages/airflow/example_dags/example_sensor_decorator.py
[2024-11-06T08:55:31.274+0000] {processor.py:829} INFO - Processing file /home/airflow/.local/lib/python3.8/site-packages/airflow/example_dags/example_sensor_decorator.py for tasks to queue
[2024-11-06T08:55:31.275+0000] {logging_mixin.py:154} INFO - [2024-11-06T08:55:31.275+0000] {dagbag.py:536} INFO - Filling up the DagBag from /home/airflow/.local/lib/python3.8/site-packages/airflow/example_dags/example_sensor_decorator.py
[2024-11-06T08:55:31.279+0000] {processor.py:839} INFO - DAG(s) dict_keys(['example_sensor_decorator']) retrieved from /home/airflow/.local/lib/python3.8/site-packages/airflow/example_dags/example_sensor_decorator.py
[2024-11-06T08:55:31.289+0000] {logging_mixin.py:154} INFO - [2024-11-06T08:55:31.289+0000] {dag.py:2941} INFO - Sync 1 DAGs
[2024-11-06T08:55:31.294+0000] {logging_mixin.py:154} INFO - [2024-11-06T08:55:31.294+0000] {dag.py:3722} INFO - Setting next_dagrun for example_sensor_decorator to None, run_after=None
[2024-11-06T08:55:31.301+0000] {processor.py:179} INFO - Processing /home/airflow/.local/lib/python3.8/site-packages/airflow/example_dags/example_sensor_decorator.py took 0.029 seconds
[2024-11-06T08:56:01.812+0000] {processor.py:157} INFO - Started process (PID=1440) to work on /home/airflow/.local/lib/python3.8/site-packages/airflow/example_dags/example_sensor_decorator.py
[2024-11-06T08:56:01.812+0000] {processor.py:829} INFO - Processing file /home/airflow/.local/lib/python3.8/site-packages/airflow/example_dags/example_sensor_decorator.py for tasks to queue
[2024-11-06T08:56:01.813+0000] {logging_mixin.py:154} INFO - [2024-11-06T08:56:01.813+0000] {dagbag.py:536} INFO - Filling up the DagBag from /home/airflow/.local/lib/python3.8/site-packages/airflow/example_dags/example_sensor_decorator.py
[2024-11-06T08:56:01.816+0000] {processor.py:839} INFO - DAG(s) dict_keys(['example_sensor_decorator']) retrieved from /home/airflow/.local/lib/python3.8/site-packages/airflow/example_dags/example_sensor_decorator.py
[2024-11-06T08:56:01.825+0000] {logging_mixin.py:154} INFO - [2024-11-06T08:56:01.824+0000] {dag.py:2941} INFO - Sync 1 DAGs
[2024-11-06T08:56:01.906+0000] {logging_mixin.py:154} INFO - [2024-11-06T08:56:01.906+0000] {dag.py:3722} INFO - Setting next_dagrun for example_sensor_decorator to None, run_after=None
[2024-11-06T08:56:01.912+0000] {processor.py:179} INFO - Processing /home/airflow/.local/lib/python3.8/site-packages/airflow/example_dags/example_sensor_decorator.py took 0.102 seconds
[2024-11-06T08:56:32.557+0000] {processor.py:157} INFO - Started process (PID=1494) to work on /home/airflow/.local/lib/python3.8/site-packages/airflow/example_dags/example_sensor_decorator.py
[2024-11-06T08:56:32.558+0000] {processor.py:829} INFO - Processing file /home/airflow/.local/lib/python3.8/site-packages/airflow/example_dags/example_sensor_decorator.py for tasks to queue
[2024-11-06T08:56:32.559+0000] {logging_mixin.py:154} INFO - [2024-11-06T08:56:32.559+0000] {dagbag.py:536} INFO - Filling up the DagBag from /home/airflow/.local/lib/python3.8/site-packages/airflow/example_dags/example_sensor_decorator.py
[2024-11-06T08:56:32.562+0000] {processor.py:839} INFO - DAG(s) dict_keys(['example_sensor_decorator']) retrieved from /home/airflow/.local/lib/python3.8/site-packages/airflow/example_dags/example_sensor_decorator.py
[2024-11-06T08:56:32.571+0000] {logging_mixin.py:154} INFO - [2024-11-06T08:56:32.571+0000] {dag.py:2941} INFO - Sync 1 DAGs
[2024-11-06T08:56:32.576+0000] {logging_mixin.py:154} INFO - [2024-11-06T08:56:32.576+0000] {dag.py:3722} INFO - Setting next_dagrun for example_sensor_decorator to None, run_after=None
[2024-11-06T08:56:32.584+0000] {processor.py:179} INFO - Processing /home/airflow/.local/lib/python3.8/site-packages/airflow/example_dags/example_sensor_decorator.py took 0.028 seconds
[2024-11-06T08:57:02.624+0000] {processor.py:157} INFO - Started process (PID=1548) to work on /home/airflow/.local/lib/python3.8/site-packages/airflow/example_dags/example_sensor_decorator.py
[2024-11-06T08:57:02.625+0000] {processor.py:829} INFO - Processing file /home/airflow/.local/lib/python3.8/site-packages/airflow/example_dags/example_sensor_decorator.py for tasks to queue
[2024-11-06T08:57:02.626+0000] {logging_mixin.py:154} INFO - [2024-11-06T08:57:02.626+0000] {dagbag.py:536} INFO - Filling up the DagBag from /home/airflow/.local/lib/python3.8/site-packages/airflow/example_dags/example_sensor_decorator.py
[2024-11-06T08:57:02.632+0000] {processor.py:839} INFO - DAG(s) dict_keys(['example_sensor_decorator']) retrieved from /home/airflow/.local/lib/python3.8/site-packages/airflow/example_dags/example_sensor_decorator.py
[2024-11-06T08:57:02.644+0000] {logging_mixin.py:154} INFO - [2024-11-06T08:57:02.644+0000] {dag.py:2941} INFO - Sync 1 DAGs
[2024-11-06T08:57:02.649+0000] {logging_mixin.py:154} INFO - [2024-11-06T08:57:02.649+0000] {dag.py:3722} INFO - Setting next_dagrun for example_sensor_decorator to None, run_after=None
[2024-11-06T08:57:02.657+0000] {processor.py:179} INFO - Processing /home/airflow/.local/lib/python3.8/site-packages/airflow/example_dags/example_sensor_decorator.py took 0.034 seconds
[2024-11-06T08:57:33.428+0000] {processor.py:157} INFO - Started process (PID=1602) to work on /home/airflow/.local/lib/python3.8/site-packages/airflow/example_dags/example_sensor_decorator.py
[2024-11-06T08:57:33.429+0000] {processor.py:829} INFO - Processing file /home/airflow/.local/lib/python3.8/site-packages/airflow/example_dags/example_sensor_decorator.py for tasks to queue
[2024-11-06T08:57:33.430+0000] {logging_mixin.py:154} INFO - [2024-11-06T08:57:33.430+0000] {dagbag.py:536} INFO - Filling up the DagBag from /home/airflow/.local/lib/python3.8/site-packages/airflow/example_dags/example_sensor_decorator.py
[2024-11-06T08:57:33.433+0000] {processor.py:839} INFO - DAG(s) dict_keys(['example_sensor_decorator']) retrieved from /home/airflow/.local/lib/python3.8/site-packages/airflow/example_dags/example_sensor_decorator.py
[2024-11-06T08:57:33.441+0000] {logging_mixin.py:154} INFO - [2024-11-06T08:57:33.441+0000] {dag.py:2941} INFO - Sync 1 DAGs
[2024-11-06T08:57:33.525+0000] {logging_mixin.py:154} INFO - [2024-11-06T08:57:33.525+0000] {dag.py:3722} INFO - Setting next_dagrun for example_sensor_decorator to None, run_after=None
[2024-11-06T08:57:33.533+0000] {processor.py:179} INFO - Processing /home/airflow/.local/lib/python3.8/site-packages/airflow/example_dags/example_sensor_decorator.py took 0.106 seconds
[2024-11-06T08:58:04.136+0000] {processor.py:157} INFO - Started process (PID=1655) to work on /home/airflow/.local/lib/python3.8/site-packages/airflow/example_dags/example_sensor_decorator.py
[2024-11-06T08:58:04.136+0000] {processor.py:829} INFO - Processing file /home/airflow/.local/lib/python3.8/site-packages/airflow/example_dags/example_sensor_decorator.py for tasks to queue
[2024-11-06T08:58:04.137+0000] {logging_mixin.py:154} INFO - [2024-11-06T08:58:04.137+0000] {dagbag.py:536} INFO - Filling up the DagBag from /home/airflow/.local/lib/python3.8/site-packages/airflow/example_dags/example_sensor_decorator.py
[2024-11-06T08:58:04.140+0000] {processor.py:839} INFO - DAG(s) dict_keys(['example_sensor_decorator']) retrieved from /home/airflow/.local/lib/python3.8/site-packages/airflow/example_dags/example_sensor_decorator.py
[2024-11-06T08:58:04.150+0000] {logging_mixin.py:154} INFO - [2024-11-06T08:58:04.150+0000] {dag.py:2941} INFO - Sync 1 DAGs
[2024-11-06T08:58:04.155+0000] {logging_mixin.py:154} INFO - [2024-11-06T08:58:04.155+0000] {dag.py:3722} INFO - Setting next_dagrun for example_sensor_decorator to None, run_after=None
[2024-11-06T08:58:04.163+0000] {processor.py:179} INFO - Processing /home/airflow/.local/lib/python3.8/site-packages/airflow/example_dags/example_sensor_decorator.py took 0.028 seconds
[2024-11-06T08:58:34.575+0000] {processor.py:157} INFO - Started process (PID=1709) to work on /home/airflow/.local/lib/python3.8/site-packages/airflow/example_dags/example_sensor_decorator.py
[2024-11-06T08:58:34.576+0000] {processor.py:829} INFO - Processing file /home/airflow/.local/lib/python3.8/site-packages/airflow/example_dags/example_sensor_decorator.py for tasks to queue
[2024-11-06T08:58:34.576+0000] {logging_mixin.py:154} INFO - [2024-11-06T08:58:34.576+0000] {dagbag.py:536} INFO - Filling up the DagBag from /home/airflow/.local/lib/python3.8/site-packages/airflow/example_dags/example_sensor_decorator.py
[2024-11-06T08:58:34.579+0000] {processor.py:839} INFO - DAG(s) dict_keys(['example_sensor_decorator']) retrieved from /home/airflow/.local/lib/python3.8/site-packages/airflow/example_dags/example_sensor_decorator.py
[2024-11-06T08:58:34.588+0000] {logging_mixin.py:154} INFO - [2024-11-06T08:58:34.588+0000] {dag.py:2941} INFO - Sync 1 DAGs
[2024-11-06T08:58:34.593+0000] {logging_mixin.py:154} INFO - [2024-11-06T08:58:34.593+0000] {dag.py:3722} INFO - Setting next_dagrun for example_sensor_decorator to None, run_after=None
[2024-11-06T08:58:34.602+0000] {processor.py:179} INFO - Processing /home/airflow/.local/lib/python3.8/site-packages/airflow/example_dags/example_sensor_decorator.py took 0.029 seconds
[2024-11-06T09:17:57.787+0000] {processor.py:157} INFO - Started process (PID=1754) to work on /home/airflow/.local/lib/python3.8/site-packages/airflow/example_dags/example_sensor_decorator.py
[2024-11-06T09:17:57.790+0000] {processor.py:829} INFO - Processing file /home/airflow/.local/lib/python3.8/site-packages/airflow/example_dags/example_sensor_decorator.py for tasks to queue
[2024-11-06T09:17:57.792+0000] {logging_mixin.py:154} INFO - [2024-11-06T09:17:57.792+0000] {dagbag.py:536} INFO - Filling up the DagBag from /home/airflow/.local/lib/python3.8/site-packages/airflow/example_dags/example_sensor_decorator.py
[2024-11-06T09:17:57.795+0000] {processor.py:839} INFO - DAG(s) dict_keys(['example_sensor_decorator']) retrieved from /home/airflow/.local/lib/python3.8/site-packages/airflow/example_dags/example_sensor_decorator.py
[2024-11-06T09:17:57.809+0000] {logging_mixin.py:154} INFO - [2024-11-06T09:17:57.809+0000] {dag.py:2941} INFO - Sync 1 DAGs
[2024-11-06T09:17:57.814+0000] {logging_mixin.py:154} INFO - [2024-11-06T09:17:57.814+0000] {dag.py:3722} INFO - Setting next_dagrun for example_sensor_decorator to None, run_after=None
[2024-11-06T09:17:57.821+0000] {processor.py:179} INFO - Processing /home/airflow/.local/lib/python3.8/site-packages/airflow/example_dags/example_sensor_decorator.py took 0.036 seconds
[2024-11-06T09:29:44.441+0000] {processor.py:157} INFO - Started process (PID=1808) to work on /home/airflow/.local/lib/python3.8/site-packages/airflow/example_dags/example_sensor_decorator.py
[2024-11-06T09:29:44.442+0000] {processor.py:829} INFO - Processing file /home/airflow/.local/lib/python3.8/site-packages/airflow/example_dags/example_sensor_decorator.py for tasks to queue
[2024-11-06T09:29:44.445+0000] {logging_mixin.py:154} INFO - [2024-11-06T09:29:44.445+0000] {dagbag.py:536} INFO - Filling up the DagBag from /home/airflow/.local/lib/python3.8/site-packages/airflow/example_dags/example_sensor_decorator.py
[2024-11-06T09:29:44.453+0000] {processor.py:839} INFO - DAG(s) dict_keys(['example_sensor_decorator']) retrieved from /home/airflow/.local/lib/python3.8/site-packages/airflow/example_dags/example_sensor_decorator.py
[2024-11-06T09:29:44.475+0000] {logging_mixin.py:154} INFO - [2024-11-06T09:29:44.474+0000] {dag.py:2941} INFO - Sync 1 DAGs
[2024-11-06T09:29:44.487+0000] {logging_mixin.py:154} INFO - [2024-11-06T09:29:44.487+0000] {dag.py:3722} INFO - Setting next_dagrun for example_sensor_decorator to None, run_after=None
[2024-11-06T09:29:44.510+0000] {processor.py:179} INFO - Processing /home/airflow/.local/lib/python3.8/site-packages/airflow/example_dags/example_sensor_decorator.py took 0.072 seconds
[2024-11-06T10:28:14.080+0000] {processor.py:157} INFO - Started process (PID=1862) to work on /home/airflow/.local/lib/python3.8/site-packages/airflow/example_dags/example_sensor_decorator.py
[2024-11-06T10:28:14.082+0000] {processor.py:829} INFO - Processing file /home/airflow/.local/lib/python3.8/site-packages/airflow/example_dags/example_sensor_decorator.py for tasks to queue
[2024-11-06T10:28:14.083+0000] {logging_mixin.py:154} INFO - [2024-11-06T10:28:14.082+0000] {dagbag.py:536} INFO - Filling up the DagBag from /home/airflow/.local/lib/python3.8/site-packages/airflow/example_dags/example_sensor_decorator.py
[2024-11-06T10:28:14.086+0000] {processor.py:839} INFO - DAG(s) dict_keys(['example_sensor_decorator']) retrieved from /home/airflow/.local/lib/python3.8/site-packages/airflow/example_dags/example_sensor_decorator.py
[2024-11-06T10:28:14.097+0000] {logging_mixin.py:154} INFO - [2024-11-06T10:28:14.097+0000] {dag.py:2941} INFO - Sync 1 DAGs
[2024-11-06T10:28:14.102+0000] {logging_mixin.py:154} INFO - [2024-11-06T10:28:14.102+0000] {dag.py:3722} INFO - Setting next_dagrun for example_sensor_decorator to None, run_after=None
[2024-11-06T10:28:14.108+0000] {processor.py:179} INFO - Processing /home/airflow/.local/lib/python3.8/site-packages/airflow/example_dags/example_sensor_decorator.py took 0.029 seconds
[2024-11-06T11:31:04.145+0000] {processor.py:157} INFO - Started process (PID=1916) to work on /home/airflow/.local/lib/python3.8/site-packages/airflow/example_dags/example_sensor_decorator.py
[2024-11-06T11:31:04.147+0000] {processor.py:829} INFO - Processing file /home/airflow/.local/lib/python3.8/site-packages/airflow/example_dags/example_sensor_decorator.py for tasks to queue
[2024-11-06T11:31:04.148+0000] {logging_mixin.py:154} INFO - [2024-11-06T11:31:04.148+0000] {dagbag.py:536} INFO - Filling up the DagBag from /home/airflow/.local/lib/python3.8/site-packages/airflow/example_dags/example_sensor_decorator.py
[2024-11-06T11:31:04.151+0000] {processor.py:839} INFO - DAG(s) dict_keys(['example_sensor_decorator']) retrieved from /home/airflow/.local/lib/python3.8/site-packages/airflow/example_dags/example_sensor_decorator.py
[2024-11-06T11:31:04.161+0000] {logging_mixin.py:154} INFO - [2024-11-06T11:31:04.161+0000] {dag.py:2941} INFO - Sync 1 DAGs
[2024-11-06T11:31:04.167+0000] {logging_mixin.py:154} INFO - [2024-11-06T11:31:04.167+0000] {dag.py:3722} INFO - Setting next_dagrun for example_sensor_decorator to None, run_after=None
[2024-11-06T11:31:04.174+0000] {processor.py:179} INFO - Processing /home/airflow/.local/lib/python3.8/site-packages/airflow/example_dags/example_sensor_decorator.py took 0.030 seconds
[2024-11-06T11:59:50.701+0000] {processor.py:157} INFO - Started process (PID=1970) to work on /home/airflow/.local/lib/python3.8/site-packages/airflow/example_dags/example_sensor_decorator.py
[2024-11-06T11:59:50.703+0000] {processor.py:829} INFO - Processing file /home/airflow/.local/lib/python3.8/site-packages/airflow/example_dags/example_sensor_decorator.py for tasks to queue
[2024-11-06T11:59:50.705+0000] {logging_mixin.py:154} INFO - [2024-11-06T11:59:50.705+0000] {dagbag.py:536} INFO - Filling up the DagBag from /home/airflow/.local/lib/python3.8/site-packages/airflow/example_dags/example_sensor_decorator.py
[2024-11-06T11:59:50.710+0000] {processor.py:839} INFO - DAG(s) dict_keys(['example_sensor_decorator']) retrieved from /home/airflow/.local/lib/python3.8/site-packages/airflow/example_dags/example_sensor_decorator.py
[2024-11-06T11:59:50.722+0000] {logging_mixin.py:154} INFO - [2024-11-06T11:59:50.722+0000] {dag.py:2941} INFO - Sync 1 DAGs
[2024-11-06T11:59:50.727+0000] {logging_mixin.py:154} INFO - [2024-11-06T11:59:50.727+0000] {dag.py:3722} INFO - Setting next_dagrun for example_sensor_decorator to None, run_after=None
[2024-11-06T11:59:50.737+0000] {processor.py:179} INFO - Processing /home/airflow/.local/lib/python3.8/site-packages/airflow/example_dags/example_sensor_decorator.py took 0.038 seconds
[2024-11-06T12:50:48.274+0000] {processor.py:157} INFO - Started process (PID=2024) to work on /home/airflow/.local/lib/python3.8/site-packages/airflow/example_dags/example_sensor_decorator.py
[2024-11-06T12:50:48.275+0000] {processor.py:829} INFO - Processing file /home/airflow/.local/lib/python3.8/site-packages/airflow/example_dags/example_sensor_decorator.py for tasks to queue
[2024-11-06T12:50:48.276+0000] {logging_mixin.py:154} INFO - [2024-11-06T12:50:48.276+0000] {dagbag.py:536} INFO - Filling up the DagBag from /home/airflow/.local/lib/python3.8/site-packages/airflow/example_dags/example_sensor_decorator.py
[2024-11-06T12:50:48.279+0000] {processor.py:839} INFO - DAG(s) dict_keys(['example_sensor_decorator']) retrieved from /home/airflow/.local/lib/python3.8/site-packages/airflow/example_dags/example_sensor_decorator.py
[2024-11-06T12:50:48.287+0000] {logging_mixin.py:154} INFO - [2024-11-06T12:50:48.287+0000] {dag.py:2941} INFO - Sync 1 DAGs
[2024-11-06T12:50:48.293+0000] {logging_mixin.py:154} INFO - [2024-11-06T12:50:48.293+0000] {dag.py:3722} INFO - Setting next_dagrun for example_sensor_decorator to None, run_after=None
[2024-11-06T12:50:48.305+0000] {processor.py:179} INFO - Processing /home/airflow/.local/lib/python3.8/site-packages/airflow/example_dags/example_sensor_decorator.py took 0.033 seconds
[2024-11-06T12:52:35.941+0000] {processor.py:157} INFO - Started process (PID=2078) to work on /home/airflow/.local/lib/python3.8/site-packages/airflow/example_dags/example_sensor_decorator.py
[2024-11-06T12:52:35.942+0000] {processor.py:829} INFO - Processing file /home/airflow/.local/lib/python3.8/site-packages/airflow/example_dags/example_sensor_decorator.py for tasks to queue
[2024-11-06T12:52:35.943+0000] {logging_mixin.py:154} INFO - [2024-11-06T12:52:35.943+0000] {dagbag.py:536} INFO - Filling up the DagBag from /home/airflow/.local/lib/python3.8/site-packages/airflow/example_dags/example_sensor_decorator.py
[2024-11-06T12:52:35.946+0000] {processor.py:839} INFO - DAG(s) dict_keys(['example_sensor_decorator']) retrieved from /home/airflow/.local/lib/python3.8/site-packages/airflow/example_dags/example_sensor_decorator.py
[2024-11-06T12:52:35.957+0000] {logging_mixin.py:154} INFO - [2024-11-06T12:52:35.957+0000] {dag.py:2941} INFO - Sync 1 DAGs
[2024-11-06T12:52:35.962+0000] {logging_mixin.py:154} INFO - [2024-11-06T12:52:35.962+0000] {dag.py:3722} INFO - Setting next_dagrun for example_sensor_decorator to None, run_after=None
[2024-11-06T12:52:35.969+0000] {processor.py:179} INFO - Processing /home/airflow/.local/lib/python3.8/site-packages/airflow/example_dags/example_sensor_decorator.py took 0.029 seconds
[2024-11-06T13:07:17.325+0000] {processor.py:157} INFO - Started process (PID=2132) to work on /home/airflow/.local/lib/python3.8/site-packages/airflow/example_dags/example_sensor_decorator.py
[2024-11-06T13:07:17.326+0000] {processor.py:829} INFO - Processing file /home/airflow/.local/lib/python3.8/site-packages/airflow/example_dags/example_sensor_decorator.py for tasks to queue
[2024-11-06T13:07:17.327+0000] {logging_mixin.py:154} INFO - [2024-11-06T13:07:17.327+0000] {dagbag.py:536} INFO - Filling up the DagBag from /home/airflow/.local/lib/python3.8/site-packages/airflow/example_dags/example_sensor_decorator.py
[2024-11-06T13:07:17.330+0000] {processor.py:839} INFO - DAG(s) dict_keys(['example_sensor_decorator']) retrieved from /home/airflow/.local/lib/python3.8/site-packages/airflow/example_dags/example_sensor_decorator.py
[2024-11-06T13:07:17.338+0000] {logging_mixin.py:154} INFO - [2024-11-06T13:07:17.338+0000] {dag.py:2941} INFO - Sync 1 DAGs
[2024-11-06T13:07:17.345+0000] {logging_mixin.py:154} INFO - [2024-11-06T13:07:17.345+0000] {dag.py:3722} INFO - Setting next_dagrun for example_sensor_decorator to None, run_after=None
[2024-11-06T13:07:17.356+0000] {processor.py:179} INFO - Processing /home/airflow/.local/lib/python3.8/site-packages/airflow/example_dags/example_sensor_decorator.py took 0.032 seconds
[2024-11-06T13:47:32.272+0000] {processor.py:157} INFO - Started process (PID=2186) to work on /home/airflow/.local/lib/python3.8/site-packages/airflow/example_dags/example_sensor_decorator.py
[2024-11-06T13:47:32.274+0000] {processor.py:829} INFO - Processing file /home/airflow/.local/lib/python3.8/site-packages/airflow/example_dags/example_sensor_decorator.py for tasks to queue
[2024-11-06T13:47:32.275+0000] {logging_mixin.py:154} INFO - [2024-11-06T13:47:32.275+0000] {dagbag.py:536} INFO - Filling up the DagBag from /home/airflow/.local/lib/python3.8/site-packages/airflow/example_dags/example_sensor_decorator.py
[2024-11-06T13:47:32.279+0000] {processor.py:839} INFO - DAG(s) dict_keys(['example_sensor_decorator']) retrieved from /home/airflow/.local/lib/python3.8/site-packages/airflow/example_dags/example_sensor_decorator.py
[2024-11-06T13:47:32.289+0000] {logging_mixin.py:154} INFO - [2024-11-06T13:47:32.289+0000] {dag.py:2941} INFO - Sync 1 DAGs
[2024-11-06T13:47:32.296+0000] {logging_mixin.py:154} INFO - [2024-11-06T13:47:32.296+0000] {dag.py:3722} INFO - Setting next_dagrun for example_sensor_decorator to None, run_after=None
[2024-11-06T13:47:32.302+0000] {processor.py:179} INFO - Processing /home/airflow/.local/lib/python3.8/site-packages/airflow/example_dags/example_sensor_decorator.py took 0.032 seconds
[2024-11-06T13:55:17.841+0000] {processor.py:157} INFO - Started process (PID=2240) to work on /home/airflow/.local/lib/python3.8/site-packages/airflow/example_dags/example_sensor_decorator.py
[2024-11-06T13:55:17.842+0000] {processor.py:829} INFO - Processing file /home/airflow/.local/lib/python3.8/site-packages/airflow/example_dags/example_sensor_decorator.py for tasks to queue
[2024-11-06T13:55:17.843+0000] {logging_mixin.py:154} INFO - [2024-11-06T13:55:17.843+0000] {dagbag.py:536} INFO - Filling up the DagBag from /home/airflow/.local/lib/python3.8/site-packages/airflow/example_dags/example_sensor_decorator.py
[2024-11-06T13:55:17.846+0000] {processor.py:839} INFO - DAG(s) dict_keys(['example_sensor_decorator']) retrieved from /home/airflow/.local/lib/python3.8/site-packages/airflow/example_dags/example_sensor_decorator.py
[2024-11-06T13:55:17.856+0000] {logging_mixin.py:154} INFO - [2024-11-06T13:55:17.856+0000] {dag.py:2941} INFO - Sync 1 DAGs
[2024-11-06T13:55:17.862+0000] {logging_mixin.py:154} INFO - [2024-11-06T13:55:17.862+0000] {dag.py:3722} INFO - Setting next_dagrun for example_sensor_decorator to None, run_after=None
[2024-11-06T13:55:17.870+0000] {processor.py:179} INFO - Processing /home/airflow/.local/lib/python3.8/site-packages/airflow/example_dags/example_sensor_decorator.py took 0.031 seconds
[2024-11-06T14:00:22.635+0000] {processor.py:157} INFO - Started process (PID=2294) to work on /home/airflow/.local/lib/python3.8/site-packages/airflow/example_dags/example_sensor_decorator.py
[2024-11-06T14:00:22.636+0000] {processor.py:829} INFO - Processing file /home/airflow/.local/lib/python3.8/site-packages/airflow/example_dags/example_sensor_decorator.py for tasks to queue
[2024-11-06T14:00:22.637+0000] {logging_mixin.py:154} INFO - [2024-11-06T14:00:22.637+0000] {dagbag.py:536} INFO - Filling up the DagBag from /home/airflow/.local/lib/python3.8/site-packages/airflow/example_dags/example_sensor_decorator.py
[2024-11-06T14:00:22.640+0000] {processor.py:839} INFO - DAG(s) dict_keys(['example_sensor_decorator']) retrieved from /home/airflow/.local/lib/python3.8/site-packages/airflow/example_dags/example_sensor_decorator.py
[2024-11-06T14:00:22.651+0000] {logging_mixin.py:154} INFO - [2024-11-06T14:00:22.651+0000] {dag.py:2941} INFO - Sync 1 DAGs
[2024-11-06T14:00:22.659+0000] {logging_mixin.py:154} INFO - [2024-11-06T14:00:22.658+0000] {dag.py:3722} INFO - Setting next_dagrun for example_sensor_decorator to None, run_after=None
[2024-11-06T14:00:22.670+0000] {processor.py:179} INFO - Processing /home/airflow/.local/lib/python3.8/site-packages/airflow/example_dags/example_sensor_decorator.py took 0.037 seconds
[2024-11-06T14:05:42.643+0000] {processor.py:157} INFO - Started process (PID=2348) to work on /home/airflow/.local/lib/python3.8/site-packages/airflow/example_dags/example_sensor_decorator.py
[2024-11-06T14:05:42.643+0000] {processor.py:829} INFO - Processing file /home/airflow/.local/lib/python3.8/site-packages/airflow/example_dags/example_sensor_decorator.py for tasks to queue
[2024-11-06T14:05:42.644+0000] {logging_mixin.py:154} INFO - [2024-11-06T14:05:42.644+0000] {dagbag.py:536} INFO - Filling up the DagBag from /home/airflow/.local/lib/python3.8/site-packages/airflow/example_dags/example_sensor_decorator.py
[2024-11-06T14:05:42.647+0000] {processor.py:839} INFO - DAG(s) dict_keys(['example_sensor_decorator']) retrieved from /home/airflow/.local/lib/python3.8/site-packages/airflow/example_dags/example_sensor_decorator.py
[2024-11-06T14:05:42.655+0000] {logging_mixin.py:154} INFO - [2024-11-06T14:05:42.655+0000] {dag.py:2941} INFO - Sync 1 DAGs
[2024-11-06T14:05:42.660+0000] {logging_mixin.py:154} INFO - [2024-11-06T14:05:42.660+0000] {dag.py:3722} INFO - Setting next_dagrun for example_sensor_decorator to None, run_after=None
[2024-11-06T14:05:42.667+0000] {processor.py:179} INFO - Processing /home/airflow/.local/lib/python3.8/site-packages/airflow/example_dags/example_sensor_decorator.py took 0.026 seconds
[2024-11-06T14:09:57.086+0000] {processor.py:157} INFO - Started process (PID=2402) to work on /home/airflow/.local/lib/python3.8/site-packages/airflow/example_dags/example_sensor_decorator.py
[2024-11-06T14:09:57.087+0000] {processor.py:829} INFO - Processing file /home/airflow/.local/lib/python3.8/site-packages/airflow/example_dags/example_sensor_decorator.py for tasks to queue
[2024-11-06T14:09:57.088+0000] {logging_mixin.py:154} INFO - [2024-11-06T14:09:57.088+0000] {dagbag.py:536} INFO - Filling up the DagBag from /home/airflow/.local/lib/python3.8/site-packages/airflow/example_dags/example_sensor_decorator.py
[2024-11-06T14:09:57.092+0000] {processor.py:839} INFO - DAG(s) dict_keys(['example_sensor_decorator']) retrieved from /home/airflow/.local/lib/python3.8/site-packages/airflow/example_dags/example_sensor_decorator.py
[2024-11-06T14:09:57.102+0000] {logging_mixin.py:154} INFO - [2024-11-06T14:09:57.102+0000] {dag.py:2941} INFO - Sync 1 DAGs
[2024-11-06T14:09:57.110+0000] {logging_mixin.py:154} INFO - [2024-11-06T14:09:57.110+0000] {dag.py:3722} INFO - Setting next_dagrun for example_sensor_decorator to None, run_after=None
[2024-11-06T14:09:57.123+0000] {processor.py:179} INFO - Processing /home/airflow/.local/lib/python3.8/site-packages/airflow/example_dags/example_sensor_decorator.py took 0.038 seconds
[2024-11-06T14:16:58.090+0000] {processor.py:157} INFO - Started process (PID=2456) to work on /home/airflow/.local/lib/python3.8/site-packages/airflow/example_dags/example_sensor_decorator.py
[2024-11-06T14:16:58.093+0000] {processor.py:829} INFO - Processing file /home/airflow/.local/lib/python3.8/site-packages/airflow/example_dags/example_sensor_decorator.py for tasks to queue
[2024-11-06T14:16:58.094+0000] {logging_mixin.py:154} INFO - [2024-11-06T14:16:58.094+0000] {dagbag.py:536} INFO - Filling up the DagBag from /home/airflow/.local/lib/python3.8/site-packages/airflow/example_dags/example_sensor_decorator.py
[2024-11-06T14:16:58.097+0000] {processor.py:839} INFO - DAG(s) dict_keys(['example_sensor_decorator']) retrieved from /home/airflow/.local/lib/python3.8/site-packages/airflow/example_dags/example_sensor_decorator.py
[2024-11-06T14:16:58.109+0000] {logging_mixin.py:154} INFO - [2024-11-06T14:16:58.109+0000] {dag.py:2941} INFO - Sync 1 DAGs
[2024-11-06T14:16:58.116+0000] {logging_mixin.py:154} INFO - [2024-11-06T14:16:58.116+0000] {dag.py:3722} INFO - Setting next_dagrun for example_sensor_decorator to None, run_after=None
[2024-11-06T14:16:58.128+0000] {processor.py:179} INFO - Processing /home/airflow/.local/lib/python3.8/site-packages/airflow/example_dags/example_sensor_decorator.py took 0.040 seconds
[2024-11-06T14:23:15.736+0000] {processor.py:157} INFO - Started process (PID=2510) to work on /home/airflow/.local/lib/python3.8/site-packages/airflow/example_dags/example_sensor_decorator.py
[2024-11-06T14:23:15.737+0000] {processor.py:829} INFO - Processing file /home/airflow/.local/lib/python3.8/site-packages/airflow/example_dags/example_sensor_decorator.py for tasks to queue
[2024-11-06T14:23:15.738+0000] {logging_mixin.py:154} INFO - [2024-11-06T14:23:15.738+0000] {dagbag.py:536} INFO - Filling up the DagBag from /home/airflow/.local/lib/python3.8/site-packages/airflow/example_dags/example_sensor_decorator.py
[2024-11-06T14:23:15.741+0000] {processor.py:839} INFO - DAG(s) dict_keys(['example_sensor_decorator']) retrieved from /home/airflow/.local/lib/python3.8/site-packages/airflow/example_dags/example_sensor_decorator.py
[2024-11-06T14:23:15.755+0000] {logging_mixin.py:154} INFO - [2024-11-06T14:23:15.755+0000] {dag.py:2941} INFO - Sync 1 DAGs
[2024-11-06T14:23:15.762+0000] {logging_mixin.py:154} INFO - [2024-11-06T14:23:15.762+0000] {dag.py:3722} INFO - Setting next_dagrun for example_sensor_decorator to None, run_after=None
[2024-11-06T14:23:15.773+0000] {processor.py:179} INFO - Processing /home/airflow/.local/lib/python3.8/site-packages/airflow/example_dags/example_sensor_decorator.py took 0.038 seconds
[2024-11-06T14:31:02.553+0000] {processor.py:157} INFO - Started process (PID=2563) to work on /home/airflow/.local/lib/python3.8/site-packages/airflow/example_dags/example_sensor_decorator.py
[2024-11-06T14:31:02.553+0000] {processor.py:829} INFO - Processing file /home/airflow/.local/lib/python3.8/site-packages/airflow/example_dags/example_sensor_decorator.py for tasks to queue
[2024-11-06T14:31:02.554+0000] {logging_mixin.py:154} INFO - [2024-11-06T14:31:02.554+0000] {dagbag.py:536} INFO - Filling up the DagBag from /home/airflow/.local/lib/python3.8/site-packages/airflow/example_dags/example_sensor_decorator.py
[2024-11-06T14:31:02.557+0000] {processor.py:839} INFO - DAG(s) dict_keys(['example_sensor_decorator']) retrieved from /home/airflow/.local/lib/python3.8/site-packages/airflow/example_dags/example_sensor_decorator.py
[2024-11-06T14:31:02.566+0000] {logging_mixin.py:154} INFO - [2024-11-06T14:31:02.566+0000] {dag.py:2941} INFO - Sync 1 DAGs
[2024-11-06T14:31:02.572+0000] {logging_mixin.py:154} INFO - [2024-11-06T14:31:02.571+0000] {dag.py:3722} INFO - Setting next_dagrun for example_sensor_decorator to None, run_after=None
[2024-11-06T14:31:02.584+0000] {processor.py:179} INFO - Processing /home/airflow/.local/lib/python3.8/site-packages/airflow/example_dags/example_sensor_decorator.py took 0.033 seconds
[2024-11-06T14:36:36.983+0000] {processor.py:157} INFO - Started process (PID=2616) to work on /home/airflow/.local/lib/python3.8/site-packages/airflow/example_dags/example_sensor_decorator.py
[2024-11-06T14:36:36.983+0000] {processor.py:829} INFO - Processing file /home/airflow/.local/lib/python3.8/site-packages/airflow/example_dags/example_sensor_decorator.py for tasks to queue
[2024-11-06T14:36:36.985+0000] {logging_mixin.py:154} INFO - [2024-11-06T14:36:36.984+0000] {dagbag.py:536} INFO - Filling up the DagBag from /home/airflow/.local/lib/python3.8/site-packages/airflow/example_dags/example_sensor_decorator.py
[2024-11-06T14:36:36.988+0000] {processor.py:839} INFO - DAG(s) dict_keys(['example_sensor_decorator']) retrieved from /home/airflow/.local/lib/python3.8/site-packages/airflow/example_dags/example_sensor_decorator.py
[2024-11-06T14:36:37.001+0000] {logging_mixin.py:154} INFO - [2024-11-06T14:36:37.001+0000] {dag.py:2941} INFO - Sync 1 DAGs
[2024-11-06T14:36:37.007+0000] {logging_mixin.py:154} INFO - [2024-11-06T14:36:37.007+0000] {dag.py:3722} INFO - Setting next_dagrun for example_sensor_decorator to None, run_after=None
[2024-11-06T14:36:37.022+0000] {processor.py:179} INFO - Processing /home/airflow/.local/lib/python3.8/site-packages/airflow/example_dags/example_sensor_decorator.py took 0.041 seconds
[2024-11-06T15:02:53.445+0000] {processor.py:157} INFO - Started process (PID=2670) to work on /home/airflow/.local/lib/python3.8/site-packages/airflow/example_dags/example_sensor_decorator.py
[2024-11-06T15:02:53.446+0000] {processor.py:829} INFO - Processing file /home/airflow/.local/lib/python3.8/site-packages/airflow/example_dags/example_sensor_decorator.py for tasks to queue
[2024-11-06T15:02:53.447+0000] {logging_mixin.py:154} INFO - [2024-11-06T15:02:53.447+0000] {dagbag.py:536} INFO - Filling up the DagBag from /home/airflow/.local/lib/python3.8/site-packages/airflow/example_dags/example_sensor_decorator.py
[2024-11-06T15:02:53.451+0000] {processor.py:839} INFO - DAG(s) dict_keys(['example_sensor_decorator']) retrieved from /home/airflow/.local/lib/python3.8/site-packages/airflow/example_dags/example_sensor_decorator.py
[2024-11-06T15:02:53.464+0000] {logging_mixin.py:154} INFO - [2024-11-06T15:02:53.464+0000] {dag.py:2941} INFO - Sync 1 DAGs
[2024-11-06T15:02:53.472+0000] {logging_mixin.py:154} INFO - [2024-11-06T15:02:53.471+0000] {dag.py:3722} INFO - Setting next_dagrun for example_sensor_decorator to None, run_after=None
[2024-11-06T15:02:53.479+0000] {processor.py:179} INFO - Processing /home/airflow/.local/lib/python3.8/site-packages/airflow/example_dags/example_sensor_decorator.py took 0.036 seconds
[2024-11-06T15:37:17.396+0000] {processor.py:157} INFO - Started process (PID=2724) to work on /home/airflow/.local/lib/python3.8/site-packages/airflow/example_dags/example_sensor_decorator.py
[2024-11-06T15:37:17.399+0000] {processor.py:829} INFO - Processing file /home/airflow/.local/lib/python3.8/site-packages/airflow/example_dags/example_sensor_decorator.py for tasks to queue
[2024-11-06T15:37:17.400+0000] {logging_mixin.py:154} INFO - [2024-11-06T15:37:17.400+0000] {dagbag.py:536} INFO - Filling up the DagBag from /home/airflow/.local/lib/python3.8/site-packages/airflow/example_dags/example_sensor_decorator.py
[2024-11-06T15:37:17.403+0000] {processor.py:839} INFO - DAG(s) dict_keys(['example_sensor_decorator']) retrieved from /home/airflow/.local/lib/python3.8/site-packages/airflow/example_dags/example_sensor_decorator.py
[2024-11-06T15:37:17.414+0000] {logging_mixin.py:154} INFO - [2024-11-06T15:37:17.414+0000] {dag.py:2941} INFO - Sync 1 DAGs
[2024-11-06T15:37:17.419+0000] {logging_mixin.py:154} INFO - [2024-11-06T15:37:17.419+0000] {dag.py:3722} INFO - Setting next_dagrun for example_sensor_decorator to None, run_after=None
[2024-11-06T15:37:17.428+0000] {processor.py:179} INFO - Processing /home/airflow/.local/lib/python3.8/site-packages/airflow/example_dags/example_sensor_decorator.py took 0.033 seconds
[2024-11-06T15:48:10.055+0000] {processor.py:157} INFO - Started process (PID=2778) to work on /home/airflow/.local/lib/python3.8/site-packages/airflow/example_dags/example_sensor_decorator.py
[2024-11-06T15:48:10.056+0000] {processor.py:829} INFO - Processing file /home/airflow/.local/lib/python3.8/site-packages/airflow/example_dags/example_sensor_decorator.py for tasks to queue
[2024-11-06T15:48:10.059+0000] {logging_mixin.py:154} INFO - [2024-11-06T15:48:10.059+0000] {dagbag.py:536} INFO - Filling up the DagBag from /home/airflow/.local/lib/python3.8/site-packages/airflow/example_dags/example_sensor_decorator.py
[2024-11-06T15:48:10.069+0000] {processor.py:839} INFO - DAG(s) dict_keys(['example_sensor_decorator']) retrieved from /home/airflow/.local/lib/python3.8/site-packages/airflow/example_dags/example_sensor_decorator.py
[2024-11-06T15:48:10.090+0000] {logging_mixin.py:154} INFO - [2024-11-06T15:48:10.089+0000] {dag.py:2941} INFO - Sync 1 DAGs
[2024-11-06T15:48:10.102+0000] {logging_mixin.py:154} INFO - [2024-11-06T15:48:10.102+0000] {dag.py:3722} INFO - Setting next_dagrun for example_sensor_decorator to None, run_after=None
[2024-11-06T15:48:10.127+0000] {processor.py:179} INFO - Processing /home/airflow/.local/lib/python3.8/site-packages/airflow/example_dags/example_sensor_decorator.py took 0.076 seconds
[2024-11-06T16:49:04.213+0000] {processor.py:157} INFO - Started process (PID=2832) to work on /home/airflow/.local/lib/python3.8/site-packages/airflow/example_dags/example_sensor_decorator.py
[2024-11-06T16:49:04.214+0000] {processor.py:829} INFO - Processing file /home/airflow/.local/lib/python3.8/site-packages/airflow/example_dags/example_sensor_decorator.py for tasks to queue
[2024-11-06T16:49:04.215+0000] {logging_mixin.py:154} INFO - [2024-11-06T16:49:04.215+0000] {dagbag.py:536} INFO - Filling up the DagBag from /home/airflow/.local/lib/python3.8/site-packages/airflow/example_dags/example_sensor_decorator.py
[2024-11-06T16:49:04.217+0000] {processor.py:839} INFO - DAG(s) dict_keys(['example_sensor_decorator']) retrieved from /home/airflow/.local/lib/python3.8/site-packages/airflow/example_dags/example_sensor_decorator.py
[2024-11-06T16:49:04.227+0000] {logging_mixin.py:154} INFO - [2024-11-06T16:49:04.227+0000] {dag.py:2941} INFO - Sync 1 DAGs
[2024-11-06T16:49:04.233+0000] {logging_mixin.py:154} INFO - [2024-11-06T16:49:04.232+0000] {dag.py:3722} INFO - Setting next_dagrun for example_sensor_decorator to None, run_after=None
[2024-11-06T16:49:04.242+0000] {processor.py:179} INFO - Processing /home/airflow/.local/lib/python3.8/site-packages/airflow/example_dags/example_sensor_decorator.py took 0.030 seconds
[2024-11-06T16:49:56.962+0000] {processor.py:157} INFO - Started process (PID=2886) to work on /home/airflow/.local/lib/python3.8/site-packages/airflow/example_dags/example_sensor_decorator.py
[2024-11-06T16:49:56.963+0000] {processor.py:829} INFO - Processing file /home/airflow/.local/lib/python3.8/site-packages/airflow/example_dags/example_sensor_decorator.py for tasks to queue
[2024-11-06T16:49:56.964+0000] {logging_mixin.py:154} INFO - [2024-11-06T16:49:56.964+0000] {dagbag.py:536} INFO - Filling up the DagBag from /home/airflow/.local/lib/python3.8/site-packages/airflow/example_dags/example_sensor_decorator.py
[2024-11-06T16:49:56.968+0000] {processor.py:839} INFO - DAG(s) dict_keys(['example_sensor_decorator']) retrieved from /home/airflow/.local/lib/python3.8/site-packages/airflow/example_dags/example_sensor_decorator.py
[2024-11-06T16:49:56.980+0000] {logging_mixin.py:154} INFO - [2024-11-06T16:49:56.980+0000] {dag.py:2941} INFO - Sync 1 DAGs
[2024-11-06T16:49:56.986+0000] {logging_mixin.py:154} INFO - [2024-11-06T16:49:56.986+0000] {dag.py:3722} INFO - Setting next_dagrun for example_sensor_decorator to None, run_after=None
[2024-11-06T16:49:56.998+0000] {processor.py:179} INFO - Processing /home/airflow/.local/lib/python3.8/site-packages/airflow/example_dags/example_sensor_decorator.py took 0.038 seconds
[2024-11-06T17:40:08.991+0000] {processor.py:157} INFO - Started process (PID=2940) to work on /home/airflow/.local/lib/python3.8/site-packages/airflow/example_dags/example_sensor_decorator.py
[2024-11-06T17:40:08.992+0000] {processor.py:829} INFO - Processing file /home/airflow/.local/lib/python3.8/site-packages/airflow/example_dags/example_sensor_decorator.py for tasks to queue
[2024-11-06T17:40:08.994+0000] {logging_mixin.py:154} INFO - [2024-11-06T17:40:08.994+0000] {dagbag.py:536} INFO - Filling up the DagBag from /home/airflow/.local/lib/python3.8/site-packages/airflow/example_dags/example_sensor_decorator.py
[2024-11-06T17:40:08.998+0000] {processor.py:839} INFO - DAG(s) dict_keys(['example_sensor_decorator']) retrieved from /home/airflow/.local/lib/python3.8/site-packages/airflow/example_dags/example_sensor_decorator.py
[2024-11-06T17:40:09.008+0000] {logging_mixin.py:154} INFO - [2024-11-06T17:40:09.008+0000] {dag.py:2941} INFO - Sync 1 DAGs
[2024-11-06T17:40:09.014+0000] {logging_mixin.py:154} INFO - [2024-11-06T17:40:09.014+0000] {dag.py:3722} INFO - Setting next_dagrun for example_sensor_decorator to None, run_after=None
[2024-11-06T17:40:09.020+0000] {processor.py:179} INFO - Processing /home/airflow/.local/lib/python3.8/site-packages/airflow/example_dags/example_sensor_decorator.py took 0.031 seconds
[2024-11-06T18:40:21.302+0000] {processor.py:157} INFO - Started process (PID=2994) to work on /home/airflow/.local/lib/python3.8/site-packages/airflow/example_dags/example_sensor_decorator.py
[2024-11-06T18:40:21.303+0000] {processor.py:829} INFO - Processing file /home/airflow/.local/lib/python3.8/site-packages/airflow/example_dags/example_sensor_decorator.py for tasks to queue
[2024-11-06T18:40:21.305+0000] {logging_mixin.py:154} INFO - [2024-11-06T18:40:21.304+0000] {dagbag.py:536} INFO - Filling up the DagBag from /home/airflow/.local/lib/python3.8/site-packages/airflow/example_dags/example_sensor_decorator.py
[2024-11-06T18:40:21.307+0000] {processor.py:839} INFO - DAG(s) dict_keys(['example_sensor_decorator']) retrieved from /home/airflow/.local/lib/python3.8/site-packages/airflow/example_dags/example_sensor_decorator.py
[2024-11-06T18:40:21.317+0000] {logging_mixin.py:154} INFO - [2024-11-06T18:40:21.317+0000] {dag.py:2941} INFO - Sync 1 DAGs
[2024-11-06T18:40:21.323+0000] {logging_mixin.py:154} INFO - [2024-11-06T18:40:21.322+0000] {dag.py:3722} INFO - Setting next_dagrun for example_sensor_decorator to None, run_after=None
[2024-11-06T18:40:21.332+0000] {processor.py:179} INFO - Processing /home/airflow/.local/lib/python3.8/site-packages/airflow/example_dags/example_sensor_decorator.py took 0.031 seconds
[2024-11-06T19:56:55.126+0000] {processor.py:157} INFO - Started process (PID=3048) to work on /home/airflow/.local/lib/python3.8/site-packages/airflow/example_dags/example_sensor_decorator.py
[2024-11-06T19:56:55.126+0000] {processor.py:829} INFO - Processing file /home/airflow/.local/lib/python3.8/site-packages/airflow/example_dags/example_sensor_decorator.py for tasks to queue
[2024-11-06T19:56:55.127+0000] {logging_mixin.py:154} INFO - [2024-11-06T19:56:55.127+0000] {dagbag.py:536} INFO - Filling up the DagBag from /home/airflow/.local/lib/python3.8/site-packages/airflow/example_dags/example_sensor_decorator.py
[2024-11-06T19:56:55.130+0000] {processor.py:839} INFO - DAG(s) dict_keys(['example_sensor_decorator']) retrieved from /home/airflow/.local/lib/python3.8/site-packages/airflow/example_dags/example_sensor_decorator.py
[2024-11-06T19:56:55.138+0000] {logging_mixin.py:154} INFO - [2024-11-06T19:56:55.138+0000] {dag.py:2941} INFO - Sync 1 DAGs
[2024-11-06T19:56:55.143+0000] {logging_mixin.py:154} INFO - [2024-11-06T19:56:55.143+0000] {dag.py:3722} INFO - Setting next_dagrun for example_sensor_decorator to None, run_after=None
[2024-11-06T19:56:55.149+0000] {processor.py:179} INFO - Processing /home/airflow/.local/lib/python3.8/site-packages/airflow/example_dags/example_sensor_decorator.py took 0.025 seconds
[2024-11-06T20:41:41.726+0000] {processor.py:157} INFO - Started process (PID=3102) to work on /home/airflow/.local/lib/python3.8/site-packages/airflow/example_dags/example_sensor_decorator.py
[2024-11-06T20:41:41.726+0000] {processor.py:829} INFO - Processing file /home/airflow/.local/lib/python3.8/site-packages/airflow/example_dags/example_sensor_decorator.py for tasks to queue
[2024-11-06T20:41:41.727+0000] {logging_mixin.py:154} INFO - [2024-11-06T20:41:41.727+0000] {dagbag.py:536} INFO - Filling up the DagBag from /home/airflow/.local/lib/python3.8/site-packages/airflow/example_dags/example_sensor_decorator.py
[2024-11-06T20:41:41.730+0000] {processor.py:839} INFO - DAG(s) dict_keys(['example_sensor_decorator']) retrieved from /home/airflow/.local/lib/python3.8/site-packages/airflow/example_dags/example_sensor_decorator.py
[2024-11-06T20:41:41.740+0000] {logging_mixin.py:154} INFO - [2024-11-06T20:41:41.740+0000] {dag.py:2941} INFO - Sync 1 DAGs
[2024-11-06T20:41:41.746+0000] {logging_mixin.py:154} INFO - [2024-11-06T20:41:41.746+0000] {dag.py:3722} INFO - Setting next_dagrun for example_sensor_decorator to None, run_after=None
[2024-11-06T20:41:41.755+0000] {processor.py:179} INFO - Processing /home/airflow/.local/lib/python3.8/site-packages/airflow/example_dags/example_sensor_decorator.py took 0.031 seconds
[2024-11-06T22:09:51.234+0000] {processor.py:157} INFO - Started process (PID=3156) to work on /home/airflow/.local/lib/python3.8/site-packages/airflow/example_dags/example_sensor_decorator.py
[2024-11-06T22:09:51.236+0000] {processor.py:829} INFO - Processing file /home/airflow/.local/lib/python3.8/site-packages/airflow/example_dags/example_sensor_decorator.py for tasks to queue
[2024-11-06T22:09:51.239+0000] {logging_mixin.py:154} INFO - [2024-11-06T22:09:51.238+0000] {dagbag.py:536} INFO - Filling up the DagBag from /home/airflow/.local/lib/python3.8/site-packages/airflow/example_dags/example_sensor_decorator.py
[2024-11-06T22:09:51.242+0000] {processor.py:839} INFO - DAG(s) dict_keys(['example_sensor_decorator']) retrieved from /home/airflow/.local/lib/python3.8/site-packages/airflow/example_dags/example_sensor_decorator.py
[2024-11-06T22:09:51.253+0000] {logging_mixin.py:154} INFO - [2024-11-06T22:09:51.253+0000] {dag.py:2941} INFO - Sync 1 DAGs
[2024-11-06T22:09:51.258+0000] {logging_mixin.py:154} INFO - [2024-11-06T22:09:51.258+0000] {dag.py:3722} INFO - Setting next_dagrun for example_sensor_decorator to None, run_after=None
[2024-11-06T22:09:51.266+0000] {processor.py:179} INFO - Processing /home/airflow/.local/lib/python3.8/site-packages/airflow/example_dags/example_sensor_decorator.py took 0.034 seconds
[2024-11-06T23:10:57.185+0000] {processor.py:157} INFO - Started process (PID=3210) to work on /home/airflow/.local/lib/python3.8/site-packages/airflow/example_dags/example_sensor_decorator.py
[2024-11-06T23:10:57.186+0000] {processor.py:829} INFO - Processing file /home/airflow/.local/lib/python3.8/site-packages/airflow/example_dags/example_sensor_decorator.py for tasks to queue
[2024-11-06T23:10:57.187+0000] {logging_mixin.py:154} INFO - [2024-11-06T23:10:57.187+0000] {dagbag.py:536} INFO - Filling up the DagBag from /home/airflow/.local/lib/python3.8/site-packages/airflow/example_dags/example_sensor_decorator.py
[2024-11-06T23:10:57.189+0000] {processor.py:839} INFO - DAG(s) dict_keys(['example_sensor_decorator']) retrieved from /home/airflow/.local/lib/python3.8/site-packages/airflow/example_dags/example_sensor_decorator.py
[2024-11-06T23:10:57.200+0000] {logging_mixin.py:154} INFO - [2024-11-06T23:10:57.200+0000] {dag.py:2941} INFO - Sync 1 DAGs
[2024-11-06T23:10:57.207+0000] {logging_mixin.py:154} INFO - [2024-11-06T23:10:57.207+0000] {dag.py:3722} INFO - Setting next_dagrun for example_sensor_decorator to None, run_after=None
[2024-11-06T23:10:57.215+0000] {processor.py:179} INFO - Processing /home/airflow/.local/lib/python3.8/site-packages/airflow/example_dags/example_sensor_decorator.py took 0.032 seconds
[2024-11-06T23:49:21.689+0000] {processor.py:157} INFO - Started process (PID=3264) to work on /home/airflow/.local/lib/python3.8/site-packages/airflow/example_dags/example_sensor_decorator.py
[2024-11-06T23:49:21.689+0000] {processor.py:829} INFO - Processing file /home/airflow/.local/lib/python3.8/site-packages/airflow/example_dags/example_sensor_decorator.py for tasks to queue
[2024-11-06T23:49:21.690+0000] {logging_mixin.py:154} INFO - [2024-11-06T23:49:21.690+0000] {dagbag.py:536} INFO - Filling up the DagBag from /home/airflow/.local/lib/python3.8/site-packages/airflow/example_dags/example_sensor_decorator.py
[2024-11-06T23:49:21.694+0000] {processor.py:839} INFO - DAG(s) dict_keys(['example_sensor_decorator']) retrieved from /home/airflow/.local/lib/python3.8/site-packages/airflow/example_dags/example_sensor_decorator.py
[2024-11-06T23:49:21.707+0000] {logging_mixin.py:154} INFO - [2024-11-06T23:49:21.707+0000] {dag.py:2941} INFO - Sync 1 DAGs
[2024-11-06T23:49:21.713+0000] {logging_mixin.py:154} INFO - [2024-11-06T23:49:21.713+0000] {dag.py:3722} INFO - Setting next_dagrun for example_sensor_decorator to None, run_after=None
[2024-11-06T23:49:21.727+0000] {processor.py:179} INFO - Processing /home/airflow/.local/lib/python3.8/site-packages/airflow/example_dags/example_sensor_decorator.py took 0.040 seconds
