[2024-11-06T08:43:19.397+0000] {processor.py:157} INFO - Started process (PID=61) to work on /home/airflow/.local/lib/python3.8/site-packages/airflow/example_dags/example_local_kubernetes_executor.py
[2024-11-06T08:43:19.398+0000] {processor.py:829} INFO - Processing file /home/airflow/.local/lib/python3.8/site-packages/airflow/example_dags/example_local_kubernetes_executor.py for tasks to queue
[2024-11-06T08:43:19.399+0000] {logging_mixin.py:154} INFO - [2024-11-06T08:43:19.399+0000] {dagbag.py:536} INFO - Filling up the DagBag from /home/airflow/.local/lib/python3.8/site-packages/airflow/example_dags/example_local_kubernetes_executor.py
[2024-11-06T08:43:19.404+0000] {processor.py:839} INFO - DAG(s) dict_keys(['example_local_kubernetes_executor']) retrieved from /home/airflow/.local/lib/python3.8/site-packages/airflow/example_dags/example_local_kubernetes_executor.py
[2024-11-06T08:43:19.412+0000] {logging_mixin.py:154} INFO - [2024-11-06T08:43:19.412+0000] {dag.py:2941} INFO - Sync 1 DAGs
[2024-11-06T08:43:19.420+0000] {logging_mixin.py:154} INFO - [2024-11-06T08:43:19.420+0000] {dag.py:3722} INFO - Setting next_dagrun for example_local_kubernetes_executor to None, run_after=None
[2024-11-06T08:43:19.432+0000] {processor.py:179} INFO - Processing /home/airflow/.local/lib/python3.8/site-packages/airflow/example_dags/example_local_kubernetes_executor.py took 0.036 seconds
[2024-11-06T08:43:49.751+0000] {processor.py:157} INFO - Started process (PID=115) to work on /home/airflow/.local/lib/python3.8/site-packages/airflow/example_dags/example_local_kubernetes_executor.py
[2024-11-06T08:43:49.752+0000] {processor.py:829} INFO - Processing file /home/airflow/.local/lib/python3.8/site-packages/airflow/example_dags/example_local_kubernetes_executor.py for tasks to queue
[2024-11-06T08:43:49.753+0000] {logging_mixin.py:154} INFO - [2024-11-06T08:43:49.753+0000] {dagbag.py:536} INFO - Filling up the DagBag from /home/airflow/.local/lib/python3.8/site-packages/airflow/example_dags/example_local_kubernetes_executor.py
[2024-11-06T08:43:49.756+0000] {processor.py:839} INFO - DAG(s) dict_keys(['example_local_kubernetes_executor']) retrieved from /home/airflow/.local/lib/python3.8/site-packages/airflow/example_dags/example_local_kubernetes_executor.py
[2024-11-06T08:43:49.776+0000] {logging_mixin.py:154} INFO - [2024-11-06T08:43:49.776+0000] {dag.py:2941} INFO - Sync 1 DAGs
[2024-11-06T08:43:49.782+0000] {logging_mixin.py:154} INFO - [2024-11-06T08:43:49.782+0000] {dag.py:3722} INFO - Setting next_dagrun for example_local_kubernetes_executor to None, run_after=None
[2024-11-06T08:43:49.791+0000] {processor.py:179} INFO - Processing /home/airflow/.local/lib/python3.8/site-packages/airflow/example_dags/example_local_kubernetes_executor.py took 0.041 seconds
[2024-11-06T08:44:20.151+0000] {processor.py:157} INFO - Started process (PID=169) to work on /home/airflow/.local/lib/python3.8/site-packages/airflow/example_dags/example_local_kubernetes_executor.py
[2024-11-06T08:44:20.152+0000] {processor.py:829} INFO - Processing file /home/airflow/.local/lib/python3.8/site-packages/airflow/example_dags/example_local_kubernetes_executor.py for tasks to queue
[2024-11-06T08:44:20.153+0000] {logging_mixin.py:154} INFO - [2024-11-06T08:44:20.153+0000] {dagbag.py:536} INFO - Filling up the DagBag from /home/airflow/.local/lib/python3.8/site-packages/airflow/example_dags/example_local_kubernetes_executor.py
[2024-11-06T08:44:20.156+0000] {processor.py:839} INFO - DAG(s) dict_keys(['example_local_kubernetes_executor']) retrieved from /home/airflow/.local/lib/python3.8/site-packages/airflow/example_dags/example_local_kubernetes_executor.py
[2024-11-06T08:44:20.174+0000] {logging_mixin.py:154} INFO - [2024-11-06T08:44:20.174+0000] {dag.py:2941} INFO - Sync 1 DAGs
[2024-11-06T08:44:20.180+0000] {logging_mixin.py:154} INFO - [2024-11-06T08:44:20.180+0000] {dag.py:3722} INFO - Setting next_dagrun for example_local_kubernetes_executor to None, run_after=None
[2024-11-06T08:44:20.192+0000] {processor.py:179} INFO - Processing /home/airflow/.local/lib/python3.8/site-packages/airflow/example_dags/example_local_kubernetes_executor.py took 0.042 seconds
[2024-11-06T08:44:50.519+0000] {processor.py:157} INFO - Started process (PID=223) to work on /home/airflow/.local/lib/python3.8/site-packages/airflow/example_dags/example_local_kubernetes_executor.py
[2024-11-06T08:44:50.519+0000] {processor.py:829} INFO - Processing file /home/airflow/.local/lib/python3.8/site-packages/airflow/example_dags/example_local_kubernetes_executor.py for tasks to queue
[2024-11-06T08:44:50.520+0000] {logging_mixin.py:154} INFO - [2024-11-06T08:44:50.520+0000] {dagbag.py:536} INFO - Filling up the DagBag from /home/airflow/.local/lib/python3.8/site-packages/airflow/example_dags/example_local_kubernetes_executor.py
[2024-11-06T08:44:50.524+0000] {processor.py:839} INFO - DAG(s) dict_keys(['example_local_kubernetes_executor']) retrieved from /home/airflow/.local/lib/python3.8/site-packages/airflow/example_dags/example_local_kubernetes_executor.py
[2024-11-06T08:44:50.540+0000] {logging_mixin.py:154} INFO - [2024-11-06T08:44:50.539+0000] {dag.py:2941} INFO - Sync 1 DAGs
[2024-11-06T08:44:50.545+0000] {logging_mixin.py:154} INFO - [2024-11-06T08:44:50.545+0000] {dag.py:3722} INFO - Setting next_dagrun for example_local_kubernetes_executor to None, run_after=None
[2024-11-06T08:44:50.554+0000] {processor.py:179} INFO - Processing /home/airflow/.local/lib/python3.8/site-packages/airflow/example_dags/example_local_kubernetes_executor.py took 0.036 seconds
[2024-11-06T08:45:20.878+0000] {processor.py:157} INFO - Started process (PID=277) to work on /home/airflow/.local/lib/python3.8/site-packages/airflow/example_dags/example_local_kubernetes_executor.py
[2024-11-06T08:45:20.879+0000] {processor.py:829} INFO - Processing file /home/airflow/.local/lib/python3.8/site-packages/airflow/example_dags/example_local_kubernetes_executor.py for tasks to queue
[2024-11-06T08:45:20.880+0000] {logging_mixin.py:154} INFO - [2024-11-06T08:45:20.880+0000] {dagbag.py:536} INFO - Filling up the DagBag from /home/airflow/.local/lib/python3.8/site-packages/airflow/example_dags/example_local_kubernetes_executor.py
[2024-11-06T08:45:20.885+0000] {processor.py:839} INFO - DAG(s) dict_keys(['example_local_kubernetes_executor']) retrieved from /home/airflow/.local/lib/python3.8/site-packages/airflow/example_dags/example_local_kubernetes_executor.py
[2024-11-06T08:45:20.900+0000] {logging_mixin.py:154} INFO - [2024-11-06T08:45:20.900+0000] {dag.py:2941} INFO - Sync 1 DAGs
[2024-11-06T08:45:20.905+0000] {logging_mixin.py:154} INFO - [2024-11-06T08:45:20.905+0000] {dag.py:3722} INFO - Setting next_dagrun for example_local_kubernetes_executor to None, run_after=None
[2024-11-06T08:45:20.916+0000] {processor.py:179} INFO - Processing /home/airflow/.local/lib/python3.8/site-packages/airflow/example_dags/example_local_kubernetes_executor.py took 0.039 seconds
[2024-11-06T08:45:51.285+0000] {processor.py:157} INFO - Started process (PID=331) to work on /home/airflow/.local/lib/python3.8/site-packages/airflow/example_dags/example_local_kubernetes_executor.py
[2024-11-06T08:45:51.286+0000] {processor.py:829} INFO - Processing file /home/airflow/.local/lib/python3.8/site-packages/airflow/example_dags/example_local_kubernetes_executor.py for tasks to queue
[2024-11-06T08:45:51.288+0000] {logging_mixin.py:154} INFO - [2024-11-06T08:45:51.287+0000] {dagbag.py:536} INFO - Filling up the DagBag from /home/airflow/.local/lib/python3.8/site-packages/airflow/example_dags/example_local_kubernetes_executor.py
[2024-11-06T08:45:51.291+0000] {processor.py:839} INFO - DAG(s) dict_keys(['example_local_kubernetes_executor']) retrieved from /home/airflow/.local/lib/python3.8/site-packages/airflow/example_dags/example_local_kubernetes_executor.py
[2024-11-06T08:45:51.306+0000] {logging_mixin.py:154} INFO - [2024-11-06T08:45:51.306+0000] {dag.py:2941} INFO - Sync 1 DAGs
[2024-11-06T08:45:51.313+0000] {logging_mixin.py:154} INFO - [2024-11-06T08:45:51.313+0000] {dag.py:3722} INFO - Setting next_dagrun for example_local_kubernetes_executor to None, run_after=None
[2024-11-06T08:45:51.319+0000] {processor.py:179} INFO - Processing /home/airflow/.local/lib/python3.8/site-packages/airflow/example_dags/example_local_kubernetes_executor.py took 0.036 seconds
[2024-11-06T08:46:21.668+0000] {processor.py:157} INFO - Started process (PID=385) to work on /home/airflow/.local/lib/python3.8/site-packages/airflow/example_dags/example_local_kubernetes_executor.py
[2024-11-06T08:46:21.668+0000] {processor.py:829} INFO - Processing file /home/airflow/.local/lib/python3.8/site-packages/airflow/example_dags/example_local_kubernetes_executor.py for tasks to queue
[2024-11-06T08:46:21.669+0000] {logging_mixin.py:154} INFO - [2024-11-06T08:46:21.669+0000] {dagbag.py:536} INFO - Filling up the DagBag from /home/airflow/.local/lib/python3.8/site-packages/airflow/example_dags/example_local_kubernetes_executor.py
[2024-11-06T08:46:21.674+0000] {processor.py:839} INFO - DAG(s) dict_keys(['example_local_kubernetes_executor']) retrieved from /home/airflow/.local/lib/python3.8/site-packages/airflow/example_dags/example_local_kubernetes_executor.py
[2024-11-06T08:46:21.691+0000] {logging_mixin.py:154} INFO - [2024-11-06T08:46:21.691+0000] {dag.py:2941} INFO - Sync 1 DAGs
[2024-11-06T08:46:21.698+0000] {logging_mixin.py:154} INFO - [2024-11-06T08:46:21.698+0000] {dag.py:3722} INFO - Setting next_dagrun for example_local_kubernetes_executor to None, run_after=None
[2024-11-06T08:46:21.706+0000] {processor.py:179} INFO - Processing /home/airflow/.local/lib/python3.8/site-packages/airflow/example_dags/example_local_kubernetes_executor.py took 0.039 seconds
[2024-11-06T08:46:52.485+0000] {processor.py:157} INFO - Started process (PID=439) to work on /home/airflow/.local/lib/python3.8/site-packages/airflow/example_dags/example_local_kubernetes_executor.py
[2024-11-06T08:46:52.488+0000] {processor.py:829} INFO - Processing file /home/airflow/.local/lib/python3.8/site-packages/airflow/example_dags/example_local_kubernetes_executor.py for tasks to queue
[2024-11-06T08:46:52.490+0000] {logging_mixin.py:154} INFO - [2024-11-06T08:46:52.490+0000] {dagbag.py:536} INFO - Filling up the DagBag from /home/airflow/.local/lib/python3.8/site-packages/airflow/example_dags/example_local_kubernetes_executor.py
[2024-11-06T08:46:52.494+0000] {processor.py:839} INFO - DAG(s) dict_keys(['example_local_kubernetes_executor']) retrieved from /home/airflow/.local/lib/python3.8/site-packages/airflow/example_dags/example_local_kubernetes_executor.py
[2024-11-06T08:46:52.510+0000] {logging_mixin.py:154} INFO - [2024-11-06T08:46:52.509+0000] {dag.py:2941} INFO - Sync 1 DAGs
[2024-11-06T08:46:52.517+0000] {logging_mixin.py:154} INFO - [2024-11-06T08:46:52.517+0000] {dag.py:3722} INFO - Setting next_dagrun for example_local_kubernetes_executor to None, run_after=None
[2024-11-06T08:46:52.527+0000] {processor.py:179} INFO - Processing /home/airflow/.local/lib/python3.8/site-packages/airflow/example_dags/example_local_kubernetes_executor.py took 0.043 seconds
[2024-11-06T08:47:22.902+0000] {processor.py:157} INFO - Started process (PID=500) to work on /home/airflow/.local/lib/python3.8/site-packages/airflow/example_dags/example_local_kubernetes_executor.py
[2024-11-06T08:47:22.903+0000] {processor.py:829} INFO - Processing file /home/airflow/.local/lib/python3.8/site-packages/airflow/example_dags/example_local_kubernetes_executor.py for tasks to queue
[2024-11-06T08:47:22.904+0000] {logging_mixin.py:154} INFO - [2024-11-06T08:47:22.904+0000] {dagbag.py:536} INFO - Filling up the DagBag from /home/airflow/.local/lib/python3.8/site-packages/airflow/example_dags/example_local_kubernetes_executor.py
[2024-11-06T08:47:22.907+0000] {processor.py:839} INFO - DAG(s) dict_keys(['example_local_kubernetes_executor']) retrieved from /home/airflow/.local/lib/python3.8/site-packages/airflow/example_dags/example_local_kubernetes_executor.py
[2024-11-06T08:47:22.925+0000] {logging_mixin.py:154} INFO - [2024-11-06T08:47:22.924+0000] {dag.py:2941} INFO - Sync 1 DAGs
[2024-11-06T08:47:22.930+0000] {logging_mixin.py:154} INFO - [2024-11-06T08:47:22.930+0000] {dag.py:3722} INFO - Setting next_dagrun for example_local_kubernetes_executor to None, run_after=None
[2024-11-06T08:47:22.939+0000] {processor.py:179} INFO - Processing /home/airflow/.local/lib/python3.8/site-packages/airflow/example_dags/example_local_kubernetes_executor.py took 0.039 seconds
[2024-11-06T08:47:53.270+0000] {processor.py:157} INFO - Started process (PID=555) to work on /home/airflow/.local/lib/python3.8/site-packages/airflow/example_dags/example_local_kubernetes_executor.py
[2024-11-06T08:47:53.271+0000] {processor.py:829} INFO - Processing file /home/airflow/.local/lib/python3.8/site-packages/airflow/example_dags/example_local_kubernetes_executor.py for tasks to queue
[2024-11-06T08:47:53.271+0000] {logging_mixin.py:154} INFO - [2024-11-06T08:47:53.271+0000] {dagbag.py:536} INFO - Filling up the DagBag from /home/airflow/.local/lib/python3.8/site-packages/airflow/example_dags/example_local_kubernetes_executor.py
[2024-11-06T08:47:53.275+0000] {processor.py:839} INFO - DAG(s) dict_keys(['example_local_kubernetes_executor']) retrieved from /home/airflow/.local/lib/python3.8/site-packages/airflow/example_dags/example_local_kubernetes_executor.py
[2024-11-06T08:47:53.293+0000] {logging_mixin.py:154} INFO - [2024-11-06T08:47:53.292+0000] {dag.py:2941} INFO - Sync 1 DAGs
[2024-11-06T08:47:53.298+0000] {logging_mixin.py:154} INFO - [2024-11-06T08:47:53.298+0000] {dag.py:3722} INFO - Setting next_dagrun for example_local_kubernetes_executor to None, run_after=None
[2024-11-06T08:47:53.308+0000] {processor.py:179} INFO - Processing /home/airflow/.local/lib/python3.8/site-packages/airflow/example_dags/example_local_kubernetes_executor.py took 0.039 seconds
[2024-11-06T08:48:23.579+0000] {processor.py:157} INFO - Started process (PID=609) to work on /home/airflow/.local/lib/python3.8/site-packages/airflow/example_dags/example_local_kubernetes_executor.py
[2024-11-06T08:48:23.581+0000] {processor.py:829} INFO - Processing file /home/airflow/.local/lib/python3.8/site-packages/airflow/example_dags/example_local_kubernetes_executor.py for tasks to queue
[2024-11-06T08:48:23.582+0000] {logging_mixin.py:154} INFO - [2024-11-06T08:48:23.582+0000] {dagbag.py:536} INFO - Filling up the DagBag from /home/airflow/.local/lib/python3.8/site-packages/airflow/example_dags/example_local_kubernetes_executor.py
[2024-11-06T08:48:23.586+0000] {processor.py:839} INFO - DAG(s) dict_keys(['example_local_kubernetes_executor']) retrieved from /home/airflow/.local/lib/python3.8/site-packages/airflow/example_dags/example_local_kubernetes_executor.py
[2024-11-06T08:48:23.600+0000] {logging_mixin.py:154} INFO - [2024-11-06T08:48:23.600+0000] {dag.py:2941} INFO - Sync 1 DAGs
[2024-11-06T08:48:23.606+0000] {logging_mixin.py:154} INFO - [2024-11-06T08:48:23.606+0000] {dag.py:3722} INFO - Setting next_dagrun for example_local_kubernetes_executor to None, run_after=None
[2024-11-06T08:48:23.613+0000] {processor.py:179} INFO - Processing /home/airflow/.local/lib/python3.8/site-packages/airflow/example_dags/example_local_kubernetes_executor.py took 0.036 seconds
[2024-11-06T08:48:53.968+0000] {processor.py:157} INFO - Started process (PID=663) to work on /home/airflow/.local/lib/python3.8/site-packages/airflow/example_dags/example_local_kubernetes_executor.py
[2024-11-06T08:48:53.968+0000] {processor.py:829} INFO - Processing file /home/airflow/.local/lib/python3.8/site-packages/airflow/example_dags/example_local_kubernetes_executor.py for tasks to queue
[2024-11-06T08:48:53.969+0000] {logging_mixin.py:154} INFO - [2024-11-06T08:48:53.969+0000] {dagbag.py:536} INFO - Filling up the DagBag from /home/airflow/.local/lib/python3.8/site-packages/airflow/example_dags/example_local_kubernetes_executor.py
[2024-11-06T08:48:53.973+0000] {processor.py:839} INFO - DAG(s) dict_keys(['example_local_kubernetes_executor']) retrieved from /home/airflow/.local/lib/python3.8/site-packages/airflow/example_dags/example_local_kubernetes_executor.py
[2024-11-06T08:48:53.988+0000] {logging_mixin.py:154} INFO - [2024-11-06T08:48:53.987+0000] {dag.py:2941} INFO - Sync 1 DAGs
[2024-11-06T08:48:53.993+0000] {logging_mixin.py:154} INFO - [2024-11-06T08:48:53.993+0000] {dag.py:3722} INFO - Setting next_dagrun for example_local_kubernetes_executor to None, run_after=None
[2024-11-06T08:48:53.999+0000] {processor.py:179} INFO - Processing /home/airflow/.local/lib/python3.8/site-packages/airflow/example_dags/example_local_kubernetes_executor.py took 0.033 seconds
[2024-11-06T08:49:24.161+0000] {processor.py:157} INFO - Started process (PID=717) to work on /home/airflow/.local/lib/python3.8/site-packages/airflow/example_dags/example_local_kubernetes_executor.py
[2024-11-06T08:49:24.162+0000] {processor.py:829} INFO - Processing file /home/airflow/.local/lib/python3.8/site-packages/airflow/example_dags/example_local_kubernetes_executor.py for tasks to queue
[2024-11-06T08:49:24.164+0000] {logging_mixin.py:154} INFO - [2024-11-06T08:49:24.164+0000] {dagbag.py:536} INFO - Filling up the DagBag from /home/airflow/.local/lib/python3.8/site-packages/airflow/example_dags/example_local_kubernetes_executor.py
[2024-11-06T08:49:24.167+0000] {processor.py:839} INFO - DAG(s) dict_keys(['example_local_kubernetes_executor']) retrieved from /home/airflow/.local/lib/python3.8/site-packages/airflow/example_dags/example_local_kubernetes_executor.py
[2024-11-06T08:49:24.184+0000] {logging_mixin.py:154} INFO - [2024-11-06T08:49:24.184+0000] {dag.py:2941} INFO - Sync 1 DAGs
[2024-11-06T08:49:24.189+0000] {logging_mixin.py:154} INFO - [2024-11-06T08:49:24.189+0000] {dag.py:3722} INFO - Setting next_dagrun for example_local_kubernetes_executor to None, run_after=None
[2024-11-06T08:49:24.195+0000] {processor.py:179} INFO - Processing /home/airflow/.local/lib/python3.8/site-packages/airflow/example_dags/example_local_kubernetes_executor.py took 0.036 seconds
[2024-11-06T08:49:54.406+0000] {processor.py:157} INFO - Started process (PID=770) to work on /home/airflow/.local/lib/python3.8/site-packages/airflow/example_dags/example_local_kubernetes_executor.py
[2024-11-06T08:49:54.407+0000] {processor.py:829} INFO - Processing file /home/airflow/.local/lib/python3.8/site-packages/airflow/example_dags/example_local_kubernetes_executor.py for tasks to queue
[2024-11-06T08:49:54.408+0000] {logging_mixin.py:154} INFO - [2024-11-06T08:49:54.408+0000] {dagbag.py:536} INFO - Filling up the DagBag from /home/airflow/.local/lib/python3.8/site-packages/airflow/example_dags/example_local_kubernetes_executor.py
[2024-11-06T08:49:54.411+0000] {processor.py:839} INFO - DAG(s) dict_keys(['example_local_kubernetes_executor']) retrieved from /home/airflow/.local/lib/python3.8/site-packages/airflow/example_dags/example_local_kubernetes_executor.py
[2024-11-06T08:49:54.426+0000] {logging_mixin.py:154} INFO - [2024-11-06T08:49:54.426+0000] {dag.py:2941} INFO - Sync 1 DAGs
[2024-11-06T08:49:54.432+0000] {logging_mixin.py:154} INFO - [2024-11-06T08:49:54.432+0000] {dag.py:3722} INFO - Setting next_dagrun for example_local_kubernetes_executor to None, run_after=None
[2024-11-06T08:49:54.441+0000] {processor.py:179} INFO - Processing /home/airflow/.local/lib/python3.8/site-packages/airflow/example_dags/example_local_kubernetes_executor.py took 0.036 seconds
[2024-11-06T08:50:24.637+0000] {processor.py:157} INFO - Started process (PID=824) to work on /home/airflow/.local/lib/python3.8/site-packages/airflow/example_dags/example_local_kubernetes_executor.py
[2024-11-06T08:50:24.637+0000] {processor.py:829} INFO - Processing file /home/airflow/.local/lib/python3.8/site-packages/airflow/example_dags/example_local_kubernetes_executor.py for tasks to queue
[2024-11-06T08:50:24.641+0000] {logging_mixin.py:154} INFO - [2024-11-06T08:50:24.641+0000] {dagbag.py:536} INFO - Filling up the DagBag from /home/airflow/.local/lib/python3.8/site-packages/airflow/example_dags/example_local_kubernetes_executor.py
[2024-11-06T08:50:24.644+0000] {processor.py:839} INFO - DAG(s) dict_keys(['example_local_kubernetes_executor']) retrieved from /home/airflow/.local/lib/python3.8/site-packages/airflow/example_dags/example_local_kubernetes_executor.py
[2024-11-06T08:50:24.658+0000] {logging_mixin.py:154} INFO - [2024-11-06T08:50:24.658+0000] {dag.py:2941} INFO - Sync 1 DAGs
[2024-11-06T08:50:24.663+0000] {logging_mixin.py:154} INFO - [2024-11-06T08:50:24.663+0000] {dag.py:3722} INFO - Setting next_dagrun for example_local_kubernetes_executor to None, run_after=None
[2024-11-06T08:50:24.670+0000] {processor.py:179} INFO - Processing /home/airflow/.local/lib/python3.8/site-packages/airflow/example_dags/example_local_kubernetes_executor.py took 0.034 seconds
[2024-11-06T08:50:54.901+0000] {processor.py:157} INFO - Started process (PID=878) to work on /home/airflow/.local/lib/python3.8/site-packages/airflow/example_dags/example_local_kubernetes_executor.py
[2024-11-06T08:50:54.901+0000] {processor.py:829} INFO - Processing file /home/airflow/.local/lib/python3.8/site-packages/airflow/example_dags/example_local_kubernetes_executor.py for tasks to queue
[2024-11-06T08:50:54.903+0000] {logging_mixin.py:154} INFO - [2024-11-06T08:50:54.902+0000] {dagbag.py:536} INFO - Filling up the DagBag from /home/airflow/.local/lib/python3.8/site-packages/airflow/example_dags/example_local_kubernetes_executor.py
[2024-11-06T08:50:54.906+0000] {processor.py:839} INFO - DAG(s) dict_keys(['example_local_kubernetes_executor']) retrieved from /home/airflow/.local/lib/python3.8/site-packages/airflow/example_dags/example_local_kubernetes_executor.py
[2024-11-06T08:50:54.921+0000] {logging_mixin.py:154} INFO - [2024-11-06T08:50:54.921+0000] {dag.py:2941} INFO - Sync 1 DAGs
[2024-11-06T08:50:54.927+0000] {logging_mixin.py:154} INFO - [2024-11-06T08:50:54.926+0000] {dag.py:3722} INFO - Setting next_dagrun for example_local_kubernetes_executor to None, run_after=None
[2024-11-06T08:50:54.933+0000] {processor.py:179} INFO - Processing /home/airflow/.local/lib/python3.8/site-packages/airflow/example_dags/example_local_kubernetes_executor.py took 0.034 seconds
[2024-11-06T08:51:25.269+0000] {processor.py:157} INFO - Started process (PID=932) to work on /home/airflow/.local/lib/python3.8/site-packages/airflow/example_dags/example_local_kubernetes_executor.py
[2024-11-06T08:51:25.269+0000] {processor.py:829} INFO - Processing file /home/airflow/.local/lib/python3.8/site-packages/airflow/example_dags/example_local_kubernetes_executor.py for tasks to queue
[2024-11-06T08:51:25.270+0000] {logging_mixin.py:154} INFO - [2024-11-06T08:51:25.270+0000] {dagbag.py:536} INFO - Filling up the DagBag from /home/airflow/.local/lib/python3.8/site-packages/airflow/example_dags/example_local_kubernetes_executor.py
[2024-11-06T08:51:25.273+0000] {processor.py:839} INFO - DAG(s) dict_keys(['example_local_kubernetes_executor']) retrieved from /home/airflow/.local/lib/python3.8/site-packages/airflow/example_dags/example_local_kubernetes_executor.py
[2024-11-06T08:51:25.287+0000] {logging_mixin.py:154} INFO - [2024-11-06T08:51:25.287+0000] {dag.py:2941} INFO - Sync 1 DAGs
[2024-11-06T08:51:25.293+0000] {logging_mixin.py:154} INFO - [2024-11-06T08:51:25.293+0000] {dag.py:3722} INFO - Setting next_dagrun for example_local_kubernetes_executor to None, run_after=None
[2024-11-06T08:51:25.301+0000] {processor.py:179} INFO - Processing /home/airflow/.local/lib/python3.8/site-packages/airflow/example_dags/example_local_kubernetes_executor.py took 0.034 seconds
[2024-11-06T08:51:55.569+0000] {processor.py:157} INFO - Started process (PID=986) to work on /home/airflow/.local/lib/python3.8/site-packages/airflow/example_dags/example_local_kubernetes_executor.py
[2024-11-06T08:51:55.570+0000] {processor.py:829} INFO - Processing file /home/airflow/.local/lib/python3.8/site-packages/airflow/example_dags/example_local_kubernetes_executor.py for tasks to queue
[2024-11-06T08:51:55.571+0000] {logging_mixin.py:154} INFO - [2024-11-06T08:51:55.571+0000] {dagbag.py:536} INFO - Filling up the DagBag from /home/airflow/.local/lib/python3.8/site-packages/airflow/example_dags/example_local_kubernetes_executor.py
[2024-11-06T08:51:55.575+0000] {processor.py:839} INFO - DAG(s) dict_keys(['example_local_kubernetes_executor']) retrieved from /home/airflow/.local/lib/python3.8/site-packages/airflow/example_dags/example_local_kubernetes_executor.py
[2024-11-06T08:51:55.590+0000] {logging_mixin.py:154} INFO - [2024-11-06T08:51:55.590+0000] {dag.py:2941} INFO - Sync 1 DAGs
[2024-11-06T08:51:55.596+0000] {logging_mixin.py:154} INFO - [2024-11-06T08:51:55.596+0000] {dag.py:3722} INFO - Setting next_dagrun for example_local_kubernetes_executor to None, run_after=None
[2024-11-06T08:51:55.602+0000] {processor.py:179} INFO - Processing /home/airflow/.local/lib/python3.8/site-packages/airflow/example_dags/example_local_kubernetes_executor.py took 0.035 seconds
[2024-11-06T08:52:25.938+0000] {processor.py:157} INFO - Started process (PID=1040) to work on /home/airflow/.local/lib/python3.8/site-packages/airflow/example_dags/example_local_kubernetes_executor.py
[2024-11-06T08:52:25.938+0000] {processor.py:829} INFO - Processing file /home/airflow/.local/lib/python3.8/site-packages/airflow/example_dags/example_local_kubernetes_executor.py for tasks to queue
[2024-11-06T08:52:25.940+0000] {logging_mixin.py:154} INFO - [2024-11-06T08:52:25.939+0000] {dagbag.py:536} INFO - Filling up the DagBag from /home/airflow/.local/lib/python3.8/site-packages/airflow/example_dags/example_local_kubernetes_executor.py
[2024-11-06T08:52:25.946+0000] {processor.py:839} INFO - DAG(s) dict_keys(['example_local_kubernetes_executor']) retrieved from /home/airflow/.local/lib/python3.8/site-packages/airflow/example_dags/example_local_kubernetes_executor.py
[2024-11-06T08:52:25.962+0000] {logging_mixin.py:154} INFO - [2024-11-06T08:52:25.962+0000] {dag.py:2941} INFO - Sync 1 DAGs
[2024-11-06T08:52:25.968+0000] {logging_mixin.py:154} INFO - [2024-11-06T08:52:25.968+0000] {dag.py:3722} INFO - Setting next_dagrun for example_local_kubernetes_executor to None, run_after=None
[2024-11-06T08:52:25.975+0000] {processor.py:179} INFO - Processing /home/airflow/.local/lib/python3.8/site-packages/airflow/example_dags/example_local_kubernetes_executor.py took 0.038 seconds
[2024-11-06T08:52:56.426+0000] {processor.py:157} INFO - Started process (PID=1094) to work on /home/airflow/.local/lib/python3.8/site-packages/airflow/example_dags/example_local_kubernetes_executor.py
[2024-11-06T08:52:56.428+0000] {processor.py:829} INFO - Processing file /home/airflow/.local/lib/python3.8/site-packages/airflow/example_dags/example_local_kubernetes_executor.py for tasks to queue
[2024-11-06T08:52:56.429+0000] {logging_mixin.py:154} INFO - [2024-11-06T08:52:56.429+0000] {dagbag.py:536} INFO - Filling up the DagBag from /home/airflow/.local/lib/python3.8/site-packages/airflow/example_dags/example_local_kubernetes_executor.py
[2024-11-06T08:52:56.433+0000] {processor.py:839} INFO - DAG(s) dict_keys(['example_local_kubernetes_executor']) retrieved from /home/airflow/.local/lib/python3.8/site-packages/airflow/example_dags/example_local_kubernetes_executor.py
[2024-11-06T08:52:56.447+0000] {logging_mixin.py:154} INFO - [2024-11-06T08:52:56.447+0000] {dag.py:2941} INFO - Sync 1 DAGs
[2024-11-06T08:52:56.453+0000] {logging_mixin.py:154} INFO - [2024-11-06T08:52:56.453+0000] {dag.py:3722} INFO - Setting next_dagrun for example_local_kubernetes_executor to None, run_after=None
[2024-11-06T08:52:56.461+0000] {processor.py:179} INFO - Processing /home/airflow/.local/lib/python3.8/site-packages/airflow/example_dags/example_local_kubernetes_executor.py took 0.037 seconds
[2024-11-06T08:53:26.844+0000] {processor.py:157} INFO - Started process (PID=1147) to work on /home/airflow/.local/lib/python3.8/site-packages/airflow/example_dags/example_local_kubernetes_executor.py
[2024-11-06T08:53:26.845+0000] {processor.py:829} INFO - Processing file /home/airflow/.local/lib/python3.8/site-packages/airflow/example_dags/example_local_kubernetes_executor.py for tasks to queue
[2024-11-06T08:53:26.846+0000] {logging_mixin.py:154} INFO - [2024-11-06T08:53:26.846+0000] {dagbag.py:536} INFO - Filling up the DagBag from /home/airflow/.local/lib/python3.8/site-packages/airflow/example_dags/example_local_kubernetes_executor.py
[2024-11-06T08:53:26.850+0000] {processor.py:839} INFO - DAG(s) dict_keys(['example_local_kubernetes_executor']) retrieved from /home/airflow/.local/lib/python3.8/site-packages/airflow/example_dags/example_local_kubernetes_executor.py
[2024-11-06T08:53:26.864+0000] {logging_mixin.py:154} INFO - [2024-11-06T08:53:26.863+0000] {dag.py:2941} INFO - Sync 1 DAGs
[2024-11-06T08:53:26.868+0000] {logging_mixin.py:154} INFO - [2024-11-06T08:53:26.868+0000] {dag.py:3722} INFO - Setting next_dagrun for example_local_kubernetes_executor to None, run_after=None
[2024-11-06T08:53:26.876+0000] {processor.py:179} INFO - Processing /home/airflow/.local/lib/python3.8/site-packages/airflow/example_dags/example_local_kubernetes_executor.py took 0.034 seconds
[2024-11-06T08:53:57.573+0000] {processor.py:157} INFO - Started process (PID=1202) to work on /home/airflow/.local/lib/python3.8/site-packages/airflow/example_dags/example_local_kubernetes_executor.py
[2024-11-06T08:53:57.574+0000] {processor.py:829} INFO - Processing file /home/airflow/.local/lib/python3.8/site-packages/airflow/example_dags/example_local_kubernetes_executor.py for tasks to queue
[2024-11-06T08:53:57.577+0000] {logging_mixin.py:154} INFO - [2024-11-06T08:53:57.577+0000] {dagbag.py:536} INFO - Filling up the DagBag from /home/airflow/.local/lib/python3.8/site-packages/airflow/example_dags/example_local_kubernetes_executor.py
[2024-11-06T08:53:57.580+0000] {processor.py:839} INFO - DAG(s) dict_keys(['example_local_kubernetes_executor']) retrieved from /home/airflow/.local/lib/python3.8/site-packages/airflow/example_dags/example_local_kubernetes_executor.py
[2024-11-06T08:53:57.594+0000] {logging_mixin.py:154} INFO - [2024-11-06T08:53:57.594+0000] {dag.py:2941} INFO - Sync 1 DAGs
[2024-11-06T08:53:57.599+0000] {logging_mixin.py:154} INFO - [2024-11-06T08:53:57.599+0000] {dag.py:3722} INFO - Setting next_dagrun for example_local_kubernetes_executor to None, run_after=None
[2024-11-06T08:53:57.607+0000] {processor.py:179} INFO - Processing /home/airflow/.local/lib/python3.8/site-packages/airflow/example_dags/example_local_kubernetes_executor.py took 0.035 seconds
[2024-11-06T08:54:28.245+0000] {processor.py:157} INFO - Started process (PID=1256) to work on /home/airflow/.local/lib/python3.8/site-packages/airflow/example_dags/example_local_kubernetes_executor.py
[2024-11-06T08:54:28.246+0000] {processor.py:829} INFO - Processing file /home/airflow/.local/lib/python3.8/site-packages/airflow/example_dags/example_local_kubernetes_executor.py for tasks to queue
[2024-11-06T08:54:28.249+0000] {logging_mixin.py:154} INFO - [2024-11-06T08:54:28.248+0000] {dagbag.py:536} INFO - Filling up the DagBag from /home/airflow/.local/lib/python3.8/site-packages/airflow/example_dags/example_local_kubernetes_executor.py
[2024-11-06T08:54:28.252+0000] {processor.py:839} INFO - DAG(s) dict_keys(['example_local_kubernetes_executor']) retrieved from /home/airflow/.local/lib/python3.8/site-packages/airflow/example_dags/example_local_kubernetes_executor.py
[2024-11-06T08:54:28.266+0000] {logging_mixin.py:154} INFO - [2024-11-06T08:54:28.266+0000] {dag.py:2941} INFO - Sync 1 DAGs
[2024-11-06T08:54:28.271+0000] {logging_mixin.py:154} INFO - [2024-11-06T08:54:28.271+0000] {dag.py:3722} INFO - Setting next_dagrun for example_local_kubernetes_executor to None, run_after=None
[2024-11-06T08:54:28.278+0000] {processor.py:179} INFO - Processing /home/airflow/.local/lib/python3.8/site-packages/airflow/example_dags/example_local_kubernetes_executor.py took 0.035 seconds
[2024-11-06T08:54:58.867+0000] {processor.py:157} INFO - Started process (PID=1310) to work on /home/airflow/.local/lib/python3.8/site-packages/airflow/example_dags/example_local_kubernetes_executor.py
[2024-11-06T08:54:58.867+0000] {processor.py:829} INFO - Processing file /home/airflow/.local/lib/python3.8/site-packages/airflow/example_dags/example_local_kubernetes_executor.py for tasks to queue
[2024-11-06T08:54:58.868+0000] {logging_mixin.py:154} INFO - [2024-11-06T08:54:58.868+0000] {dagbag.py:536} INFO - Filling up the DagBag from /home/airflow/.local/lib/python3.8/site-packages/airflow/example_dags/example_local_kubernetes_executor.py
[2024-11-06T08:54:58.872+0000] {processor.py:839} INFO - DAG(s) dict_keys(['example_local_kubernetes_executor']) retrieved from /home/airflow/.local/lib/python3.8/site-packages/airflow/example_dags/example_local_kubernetes_executor.py
[2024-11-06T08:54:58.889+0000] {logging_mixin.py:154} INFO - [2024-11-06T08:54:58.889+0000] {dag.py:2941} INFO - Sync 1 DAGs
[2024-11-06T08:54:58.894+0000] {logging_mixin.py:154} INFO - [2024-11-06T08:54:58.894+0000] {dag.py:3722} INFO - Setting next_dagrun for example_local_kubernetes_executor to None, run_after=None
[2024-11-06T08:54:58.901+0000] {processor.py:179} INFO - Processing /home/airflow/.local/lib/python3.8/site-packages/airflow/example_dags/example_local_kubernetes_executor.py took 0.035 seconds
[2024-11-06T08:55:29.722+0000] {processor.py:157} INFO - Started process (PID=1364) to work on /home/airflow/.local/lib/python3.8/site-packages/airflow/example_dags/example_local_kubernetes_executor.py
[2024-11-06T08:55:29.724+0000] {processor.py:829} INFO - Processing file /home/airflow/.local/lib/python3.8/site-packages/airflow/example_dags/example_local_kubernetes_executor.py for tasks to queue
[2024-11-06T08:55:29.725+0000] {logging_mixin.py:154} INFO - [2024-11-06T08:55:29.725+0000] {dagbag.py:536} INFO - Filling up the DagBag from /home/airflow/.local/lib/python3.8/site-packages/airflow/example_dags/example_local_kubernetes_executor.py
[2024-11-06T08:55:29.729+0000] {processor.py:839} INFO - DAG(s) dict_keys(['example_local_kubernetes_executor']) retrieved from /home/airflow/.local/lib/python3.8/site-packages/airflow/example_dags/example_local_kubernetes_executor.py
[2024-11-06T08:55:29.743+0000] {logging_mixin.py:154} INFO - [2024-11-06T08:55:29.743+0000] {dag.py:2941} INFO - Sync 1 DAGs
[2024-11-06T08:55:29.748+0000] {logging_mixin.py:154} INFO - [2024-11-06T08:55:29.748+0000] {dag.py:3722} INFO - Setting next_dagrun for example_local_kubernetes_executor to None, run_after=None
[2024-11-06T08:55:29.755+0000] {processor.py:179} INFO - Processing /home/airflow/.local/lib/python3.8/site-packages/airflow/example_dags/example_local_kubernetes_executor.py took 0.034 seconds
[2024-11-06T08:56:00.449+0000] {processor.py:157} INFO - Started process (PID=1418) to work on /home/airflow/.local/lib/python3.8/site-packages/airflow/example_dags/example_local_kubernetes_executor.py
[2024-11-06T08:56:00.449+0000] {processor.py:829} INFO - Processing file /home/airflow/.local/lib/python3.8/site-packages/airflow/example_dags/example_local_kubernetes_executor.py for tasks to queue
[2024-11-06T08:56:00.451+0000] {logging_mixin.py:154} INFO - [2024-11-06T08:56:00.450+0000] {dagbag.py:536} INFO - Filling up the DagBag from /home/airflow/.local/lib/python3.8/site-packages/airflow/example_dags/example_local_kubernetes_executor.py
[2024-11-06T08:56:00.454+0000] {processor.py:839} INFO - DAG(s) dict_keys(['example_local_kubernetes_executor']) retrieved from /home/airflow/.local/lib/python3.8/site-packages/airflow/example_dags/example_local_kubernetes_executor.py
[2024-11-06T08:56:00.469+0000] {logging_mixin.py:154} INFO - [2024-11-06T08:56:00.468+0000] {dag.py:2941} INFO - Sync 1 DAGs
[2024-11-06T08:56:00.549+0000] {logging_mixin.py:154} INFO - [2024-11-06T08:56:00.549+0000] {dag.py:3722} INFO - Setting next_dagrun for example_local_kubernetes_executor to None, run_after=None
[2024-11-06T08:56:00.556+0000] {processor.py:179} INFO - Processing /home/airflow/.local/lib/python3.8/site-packages/airflow/example_dags/example_local_kubernetes_executor.py took 0.109 seconds
[2024-11-06T08:56:30.625+0000] {processor.py:157} INFO - Started process (PID=1472) to work on /home/airflow/.local/lib/python3.8/site-packages/airflow/example_dags/example_local_kubernetes_executor.py
[2024-11-06T08:56:30.626+0000] {processor.py:829} INFO - Processing file /home/airflow/.local/lib/python3.8/site-packages/airflow/example_dags/example_local_kubernetes_executor.py for tasks to queue
[2024-11-06T08:56:30.627+0000] {logging_mixin.py:154} INFO - [2024-11-06T08:56:30.626+0000] {dagbag.py:536} INFO - Filling up the DagBag from /home/airflow/.local/lib/python3.8/site-packages/airflow/example_dags/example_local_kubernetes_executor.py
[2024-11-06T08:56:30.630+0000] {processor.py:839} INFO - DAG(s) dict_keys(['example_local_kubernetes_executor']) retrieved from /home/airflow/.local/lib/python3.8/site-packages/airflow/example_dags/example_local_kubernetes_executor.py
[2024-11-06T08:56:30.645+0000] {logging_mixin.py:154} INFO - [2024-11-06T08:56:30.644+0000] {dag.py:2941} INFO - Sync 1 DAGs
[2024-11-06T08:56:30.649+0000] {logging_mixin.py:154} INFO - [2024-11-06T08:56:30.649+0000] {dag.py:3722} INFO - Setting next_dagrun for example_local_kubernetes_executor to None, run_after=None
[2024-11-06T08:56:30.657+0000] {processor.py:179} INFO - Processing /home/airflow/.local/lib/python3.8/site-packages/airflow/example_dags/example_local_kubernetes_executor.py took 0.033 seconds
[2024-11-06T08:57:01.827+0000] {processor.py:157} INFO - Started process (PID=1526) to work on /home/airflow/.local/lib/python3.8/site-packages/airflow/example_dags/example_local_kubernetes_executor.py
[2024-11-06T08:57:01.827+0000] {processor.py:829} INFO - Processing file /home/airflow/.local/lib/python3.8/site-packages/airflow/example_dags/example_local_kubernetes_executor.py for tasks to queue
[2024-11-06T08:57:01.829+0000] {logging_mixin.py:154} INFO - [2024-11-06T08:57:01.829+0000] {dagbag.py:536} INFO - Filling up the DagBag from /home/airflow/.local/lib/python3.8/site-packages/airflow/example_dags/example_local_kubernetes_executor.py
[2024-11-06T08:57:01.832+0000] {processor.py:839} INFO - DAG(s) dict_keys(['example_local_kubernetes_executor']) retrieved from /home/airflow/.local/lib/python3.8/site-packages/airflow/example_dags/example_local_kubernetes_executor.py
[2024-11-06T08:57:01.922+0000] {logging_mixin.py:154} INFO - [2024-11-06T08:57:01.922+0000] {dag.py:2941} INFO - Sync 1 DAGs
[2024-11-06T08:57:01.930+0000] {logging_mixin.py:154} INFO - [2024-11-06T08:57:01.930+0000] {dag.py:3722} INFO - Setting next_dagrun for example_local_kubernetes_executor to None, run_after=None
[2024-11-06T08:57:01.939+0000] {processor.py:179} INFO - Processing /home/airflow/.local/lib/python3.8/site-packages/airflow/example_dags/example_local_kubernetes_executor.py took 0.114 seconds
[2024-11-06T08:57:32.032+0000] {processor.py:157} INFO - Started process (PID=1580) to work on /home/airflow/.local/lib/python3.8/site-packages/airflow/example_dags/example_local_kubernetes_executor.py
[2024-11-06T08:57:32.032+0000] {processor.py:829} INFO - Processing file /home/airflow/.local/lib/python3.8/site-packages/airflow/example_dags/example_local_kubernetes_executor.py for tasks to queue
[2024-11-06T08:57:32.034+0000] {logging_mixin.py:154} INFO - [2024-11-06T08:57:32.033+0000] {dagbag.py:536} INFO - Filling up the DagBag from /home/airflow/.local/lib/python3.8/site-packages/airflow/example_dags/example_local_kubernetes_executor.py
[2024-11-06T08:57:32.037+0000] {processor.py:839} INFO - DAG(s) dict_keys(['example_local_kubernetes_executor']) retrieved from /home/airflow/.local/lib/python3.8/site-packages/airflow/example_dags/example_local_kubernetes_executor.py
[2024-11-06T08:57:32.051+0000] {logging_mixin.py:154} INFO - [2024-11-06T08:57:32.051+0000] {dag.py:2941} INFO - Sync 1 DAGs
[2024-11-06T08:57:32.134+0000] {logging_mixin.py:154} INFO - [2024-11-06T08:57:32.134+0000] {dag.py:3722} INFO - Setting next_dagrun for example_local_kubernetes_executor to None, run_after=None
[2024-11-06T08:57:32.141+0000] {processor.py:179} INFO - Processing /home/airflow/.local/lib/python3.8/site-packages/airflow/example_dags/example_local_kubernetes_executor.py took 0.111 seconds
[2024-11-06T08:58:02.330+0000] {processor.py:157} INFO - Started process (PID=1633) to work on /home/airflow/.local/lib/python3.8/site-packages/airflow/example_dags/example_local_kubernetes_executor.py
[2024-11-06T08:58:02.332+0000] {processor.py:829} INFO - Processing file /home/airflow/.local/lib/python3.8/site-packages/airflow/example_dags/example_local_kubernetes_executor.py for tasks to queue
[2024-11-06T08:58:02.333+0000] {logging_mixin.py:154} INFO - [2024-11-06T08:58:02.333+0000] {dagbag.py:536} INFO - Filling up the DagBag from /home/airflow/.local/lib/python3.8/site-packages/airflow/example_dags/example_local_kubernetes_executor.py
[2024-11-06T08:58:02.337+0000] {processor.py:839} INFO - DAG(s) dict_keys(['example_local_kubernetes_executor']) retrieved from /home/airflow/.local/lib/python3.8/site-packages/airflow/example_dags/example_local_kubernetes_executor.py
[2024-11-06T08:58:02.354+0000] {logging_mixin.py:154} INFO - [2024-11-06T08:58:02.353+0000] {dag.py:2941} INFO - Sync 1 DAGs
[2024-11-06T08:58:02.360+0000] {logging_mixin.py:154} INFO - [2024-11-06T08:58:02.360+0000] {dag.py:3722} INFO - Setting next_dagrun for example_local_kubernetes_executor to None, run_after=None
[2024-11-06T08:58:02.366+0000] {processor.py:179} INFO - Processing /home/airflow/.local/lib/python3.8/site-packages/airflow/example_dags/example_local_kubernetes_executor.py took 0.038 seconds
[2024-11-06T08:58:33.390+0000] {processor.py:157} INFO - Started process (PID=1687) to work on /home/airflow/.local/lib/python3.8/site-packages/airflow/example_dags/example_local_kubernetes_executor.py
[2024-11-06T08:58:33.390+0000] {processor.py:829} INFO - Processing file /home/airflow/.local/lib/python3.8/site-packages/airflow/example_dags/example_local_kubernetes_executor.py for tasks to queue
[2024-11-06T08:58:33.391+0000] {logging_mixin.py:154} INFO - [2024-11-06T08:58:33.391+0000] {dagbag.py:536} INFO - Filling up the DagBag from /home/airflow/.local/lib/python3.8/site-packages/airflow/example_dags/example_local_kubernetes_executor.py
[2024-11-06T08:58:33.395+0000] {processor.py:839} INFO - DAG(s) dict_keys(['example_local_kubernetes_executor']) retrieved from /home/airflow/.local/lib/python3.8/site-packages/airflow/example_dags/example_local_kubernetes_executor.py
[2024-11-06T08:58:33.480+0000] {logging_mixin.py:154} INFO - [2024-11-06T08:58:33.480+0000] {dag.py:2941} INFO - Sync 1 DAGs
[2024-11-06T08:58:33.484+0000] {logging_mixin.py:154} INFO - [2024-11-06T08:58:33.484+0000] {dag.py:3722} INFO - Setting next_dagrun for example_local_kubernetes_executor to None, run_after=None
[2024-11-06T08:58:33.491+0000] {processor.py:179} INFO - Processing /home/airflow/.local/lib/python3.8/site-packages/airflow/example_dags/example_local_kubernetes_executor.py took 0.103 seconds
[2024-11-06T09:17:56.712+0000] {processor.py:157} INFO - Started process (PID=1732) to work on /home/airflow/.local/lib/python3.8/site-packages/airflow/example_dags/example_local_kubernetes_executor.py
[2024-11-06T09:17:56.714+0000] {processor.py:829} INFO - Processing file /home/airflow/.local/lib/python3.8/site-packages/airflow/example_dags/example_local_kubernetes_executor.py for tasks to queue
[2024-11-06T09:17:56.717+0000] {logging_mixin.py:154} INFO - [2024-11-06T09:17:56.717+0000] {dagbag.py:536} INFO - Filling up the DagBag from /home/airflow/.local/lib/python3.8/site-packages/airflow/example_dags/example_local_kubernetes_executor.py
[2024-11-06T09:17:56.725+0000] {processor.py:839} INFO - DAG(s) dict_keys(['example_local_kubernetes_executor']) retrieved from /home/airflow/.local/lib/python3.8/site-packages/airflow/example_dags/example_local_kubernetes_executor.py
[2024-11-06T09:17:56.780+0000] {logging_mixin.py:154} INFO - [2024-11-06T09:17:56.780+0000] {dag.py:2941} INFO - Sync 1 DAGs
[2024-11-06T09:17:56.803+0000] {logging_mixin.py:154} INFO - [2024-11-06T09:17:56.803+0000] {dag.py:3722} INFO - Setting next_dagrun for example_local_kubernetes_executor to None, run_after=None
[2024-11-06T09:17:56.840+0000] {processor.py:179} INFO - Processing /home/airflow/.local/lib/python3.8/site-packages/airflow/example_dags/example_local_kubernetes_executor.py took 0.132 seconds
[2024-11-06T09:29:43.539+0000] {processor.py:157} INFO - Started process (PID=1786) to work on /home/airflow/.local/lib/python3.8/site-packages/airflow/example_dags/example_local_kubernetes_executor.py
[2024-11-06T09:29:43.540+0000] {processor.py:829} INFO - Processing file /home/airflow/.local/lib/python3.8/site-packages/airflow/example_dags/example_local_kubernetes_executor.py for tasks to queue
[2024-11-06T09:29:43.541+0000] {logging_mixin.py:154} INFO - [2024-11-06T09:29:43.541+0000] {dagbag.py:536} INFO - Filling up the DagBag from /home/airflow/.local/lib/python3.8/site-packages/airflow/example_dags/example_local_kubernetes_executor.py
[2024-11-06T09:29:43.545+0000] {processor.py:839} INFO - DAG(s) dict_keys(['example_local_kubernetes_executor']) retrieved from /home/airflow/.local/lib/python3.8/site-packages/airflow/example_dags/example_local_kubernetes_executor.py
[2024-11-06T09:29:43.560+0000] {logging_mixin.py:154} INFO - [2024-11-06T09:29:43.560+0000] {dag.py:2941} INFO - Sync 1 DAGs
[2024-11-06T09:29:43.568+0000] {logging_mixin.py:154} INFO - [2024-11-06T09:29:43.568+0000] {dag.py:3722} INFO - Setting next_dagrun for example_local_kubernetes_executor to None, run_after=None
[2024-11-06T09:29:43.576+0000] {processor.py:179} INFO - Processing /home/airflow/.local/lib/python3.8/site-packages/airflow/example_dags/example_local_kubernetes_executor.py took 0.038 seconds
[2024-11-06T10:28:13.159+0000] {processor.py:157} INFO - Started process (PID=1840) to work on /home/airflow/.local/lib/python3.8/site-packages/airflow/example_dags/example_local_kubernetes_executor.py
[2024-11-06T10:28:13.161+0000] {processor.py:829} INFO - Processing file /home/airflow/.local/lib/python3.8/site-packages/airflow/example_dags/example_local_kubernetes_executor.py for tasks to queue
[2024-11-06T10:28:13.165+0000] {logging_mixin.py:154} INFO - [2024-11-06T10:28:13.164+0000] {dagbag.py:536} INFO - Filling up the DagBag from /home/airflow/.local/lib/python3.8/site-packages/airflow/example_dags/example_local_kubernetes_executor.py
[2024-11-06T10:28:13.176+0000] {processor.py:839} INFO - DAG(s) dict_keys(['example_local_kubernetes_executor']) retrieved from /home/airflow/.local/lib/python3.8/site-packages/airflow/example_dags/example_local_kubernetes_executor.py
[2024-11-06T10:28:13.209+0000] {logging_mixin.py:154} INFO - [2024-11-06T10:28:13.208+0000] {dag.py:2941} INFO - Sync 1 DAGs
[2024-11-06T10:28:13.218+0000] {logging_mixin.py:154} INFO - [2024-11-06T10:28:13.217+0000] {dag.py:3722} INFO - Setting next_dagrun for example_local_kubernetes_executor to None, run_after=None
[2024-11-06T10:28:13.239+0000] {processor.py:179} INFO - Processing /home/airflow/.local/lib/python3.8/site-packages/airflow/example_dags/example_local_kubernetes_executor.py took 0.083 seconds
[2024-11-06T11:31:03.349+0000] {processor.py:157} INFO - Started process (PID=1894) to work on /home/airflow/.local/lib/python3.8/site-packages/airflow/example_dags/example_local_kubernetes_executor.py
[2024-11-06T11:31:03.349+0000] {processor.py:829} INFO - Processing file /home/airflow/.local/lib/python3.8/site-packages/airflow/example_dags/example_local_kubernetes_executor.py for tasks to queue
[2024-11-06T11:31:03.350+0000] {logging_mixin.py:154} INFO - [2024-11-06T11:31:03.350+0000] {dagbag.py:536} INFO - Filling up the DagBag from /home/airflow/.local/lib/python3.8/site-packages/airflow/example_dags/example_local_kubernetes_executor.py
[2024-11-06T11:31:03.354+0000] {processor.py:839} INFO - DAG(s) dict_keys(['example_local_kubernetes_executor']) retrieved from /home/airflow/.local/lib/python3.8/site-packages/airflow/example_dags/example_local_kubernetes_executor.py
[2024-11-06T11:31:03.370+0000] {logging_mixin.py:154} INFO - [2024-11-06T11:31:03.370+0000] {dag.py:2941} INFO - Sync 1 DAGs
[2024-11-06T11:31:03.376+0000] {logging_mixin.py:154} INFO - [2024-11-06T11:31:03.376+0000] {dag.py:3722} INFO - Setting next_dagrun for example_local_kubernetes_executor to None, run_after=None
[2024-11-06T11:31:03.384+0000] {processor.py:179} INFO - Processing /home/airflow/.local/lib/python3.8/site-packages/airflow/example_dags/example_local_kubernetes_executor.py took 0.037 seconds
[2024-11-06T11:59:50.074+0000] {processor.py:157} INFO - Started process (PID=1948) to work on /home/airflow/.local/lib/python3.8/site-packages/airflow/example_dags/example_local_kubernetes_executor.py
[2024-11-06T11:59:50.076+0000] {processor.py:829} INFO - Processing file /home/airflow/.local/lib/python3.8/site-packages/airflow/example_dags/example_local_kubernetes_executor.py for tasks to queue
[2024-11-06T11:59:50.080+0000] {logging_mixin.py:154} INFO - [2024-11-06T11:59:50.079+0000] {dagbag.py:536} INFO - Filling up the DagBag from /home/airflow/.local/lib/python3.8/site-packages/airflow/example_dags/example_local_kubernetes_executor.py
[2024-11-06T11:59:50.086+0000] {processor.py:839} INFO - DAG(s) dict_keys(['example_local_kubernetes_executor']) retrieved from /home/airflow/.local/lib/python3.8/site-packages/airflow/example_dags/example_local_kubernetes_executor.py
[2024-11-06T11:59:50.113+0000] {logging_mixin.py:154} INFO - [2024-11-06T11:59:50.113+0000] {dag.py:2941} INFO - Sync 1 DAGs
[2024-11-06T11:59:50.123+0000] {logging_mixin.py:154} INFO - [2024-11-06T11:59:50.122+0000] {dag.py:3722} INFO - Setting next_dagrun for example_local_kubernetes_executor to None, run_after=None
[2024-11-06T11:59:50.142+0000] {processor.py:179} INFO - Processing /home/airflow/.local/lib/python3.8/site-packages/airflow/example_dags/example_local_kubernetes_executor.py took 0.070 seconds
[2024-11-06T12:50:47.147+0000] {processor.py:157} INFO - Started process (PID=2002) to work on /home/airflow/.local/lib/python3.8/site-packages/airflow/example_dags/example_local_kubernetes_executor.py
[2024-11-06T12:50:47.149+0000] {processor.py:829} INFO - Processing file /home/airflow/.local/lib/python3.8/site-packages/airflow/example_dags/example_local_kubernetes_executor.py for tasks to queue
[2024-11-06T12:50:47.152+0000] {logging_mixin.py:154} INFO - [2024-11-06T12:50:47.151+0000] {dagbag.py:536} INFO - Filling up the DagBag from /home/airflow/.local/lib/python3.8/site-packages/airflow/example_dags/example_local_kubernetes_executor.py
[2024-11-06T12:50:47.160+0000] {processor.py:839} INFO - DAG(s) dict_keys(['example_local_kubernetes_executor']) retrieved from /home/airflow/.local/lib/python3.8/site-packages/airflow/example_dags/example_local_kubernetes_executor.py
[2024-11-06T12:50:47.194+0000] {logging_mixin.py:154} INFO - [2024-11-06T12:50:47.194+0000] {dag.py:2941} INFO - Sync 1 DAGs
[2024-11-06T12:50:47.210+0000] {logging_mixin.py:154} INFO - [2024-11-06T12:50:47.210+0000] {dag.py:3722} INFO - Setting next_dagrun for example_local_kubernetes_executor to None, run_after=None
[2024-11-06T12:50:47.233+0000] {processor.py:179} INFO - Processing /home/airflow/.local/lib/python3.8/site-packages/airflow/example_dags/example_local_kubernetes_executor.py took 0.090 seconds
[2024-11-06T12:52:35.298+0000] {processor.py:157} INFO - Started process (PID=2056) to work on /home/airflow/.local/lib/python3.8/site-packages/airflow/example_dags/example_local_kubernetes_executor.py
[2024-11-06T12:52:35.298+0000] {processor.py:829} INFO - Processing file /home/airflow/.local/lib/python3.8/site-packages/airflow/example_dags/example_local_kubernetes_executor.py for tasks to queue
[2024-11-06T12:52:35.299+0000] {logging_mixin.py:154} INFO - [2024-11-06T12:52:35.299+0000] {dagbag.py:536} INFO - Filling up the DagBag from /home/airflow/.local/lib/python3.8/site-packages/airflow/example_dags/example_local_kubernetes_executor.py
[2024-11-06T12:52:35.303+0000] {processor.py:839} INFO - DAG(s) dict_keys(['example_local_kubernetes_executor']) retrieved from /home/airflow/.local/lib/python3.8/site-packages/airflow/example_dags/example_local_kubernetes_executor.py
[2024-11-06T12:52:35.321+0000] {logging_mixin.py:154} INFO - [2024-11-06T12:52:35.321+0000] {dag.py:2941} INFO - Sync 1 DAGs
[2024-11-06T12:52:35.327+0000] {logging_mixin.py:154} INFO - [2024-11-06T12:52:35.327+0000] {dag.py:3722} INFO - Setting next_dagrun for example_local_kubernetes_executor to None, run_after=None
[2024-11-06T12:52:35.333+0000] {processor.py:179} INFO - Processing /home/airflow/.local/lib/python3.8/site-packages/airflow/example_dags/example_local_kubernetes_executor.py took 0.037 seconds
[2024-11-06T13:07:16.682+0000] {processor.py:157} INFO - Started process (PID=2110) to work on /home/airflow/.local/lib/python3.8/site-packages/airflow/example_dags/example_local_kubernetes_executor.py
[2024-11-06T13:07:16.683+0000] {processor.py:829} INFO - Processing file /home/airflow/.local/lib/python3.8/site-packages/airflow/example_dags/example_local_kubernetes_executor.py for tasks to queue
[2024-11-06T13:07:16.683+0000] {logging_mixin.py:154} INFO - [2024-11-06T13:07:16.683+0000] {dagbag.py:536} INFO - Filling up the DagBag from /home/airflow/.local/lib/python3.8/site-packages/airflow/example_dags/example_local_kubernetes_executor.py
[2024-11-06T13:07:16.687+0000] {processor.py:839} INFO - DAG(s) dict_keys(['example_local_kubernetes_executor']) retrieved from /home/airflow/.local/lib/python3.8/site-packages/airflow/example_dags/example_local_kubernetes_executor.py
[2024-11-06T13:07:16.705+0000] {logging_mixin.py:154} INFO - [2024-11-06T13:07:16.705+0000] {dag.py:2941} INFO - Sync 1 DAGs
[2024-11-06T13:07:16.712+0000] {logging_mixin.py:154} INFO - [2024-11-06T13:07:16.711+0000] {dag.py:3722} INFO - Setting next_dagrun for example_local_kubernetes_executor to None, run_after=None
[2024-11-06T13:07:16.723+0000] {processor.py:179} INFO - Processing /home/airflow/.local/lib/python3.8/site-packages/airflow/example_dags/example_local_kubernetes_executor.py took 0.043 seconds
[2024-11-06T13:47:31.403+0000] {processor.py:157} INFO - Started process (PID=2164) to work on /home/airflow/.local/lib/python3.8/site-packages/airflow/example_dags/example_local_kubernetes_executor.py
[2024-11-06T13:47:31.404+0000] {processor.py:829} INFO - Processing file /home/airflow/.local/lib/python3.8/site-packages/airflow/example_dags/example_local_kubernetes_executor.py for tasks to queue
[2024-11-06T13:47:31.407+0000] {logging_mixin.py:154} INFO - [2024-11-06T13:47:31.406+0000] {dagbag.py:536} INFO - Filling up the DagBag from /home/airflow/.local/lib/python3.8/site-packages/airflow/example_dags/example_local_kubernetes_executor.py
[2024-11-06T13:47:31.414+0000] {processor.py:839} INFO - DAG(s) dict_keys(['example_local_kubernetes_executor']) retrieved from /home/airflow/.local/lib/python3.8/site-packages/airflow/example_dags/example_local_kubernetes_executor.py
[2024-11-06T13:47:31.439+0000] {logging_mixin.py:154} INFO - [2024-11-06T13:47:31.439+0000] {dag.py:2941} INFO - Sync 1 DAGs
[2024-11-06T13:47:31.450+0000] {logging_mixin.py:154} INFO - [2024-11-06T13:47:31.450+0000] {dag.py:3722} INFO - Setting next_dagrun for example_local_kubernetes_executor to None, run_after=None
[2024-11-06T13:47:31.471+0000] {processor.py:179} INFO - Processing /home/airflow/.local/lib/python3.8/site-packages/airflow/example_dags/example_local_kubernetes_executor.py took 0.070 seconds
[2024-11-06T13:55:17.256+0000] {processor.py:157} INFO - Started process (PID=2218) to work on /home/airflow/.local/lib/python3.8/site-packages/airflow/example_dags/example_local_kubernetes_executor.py
[2024-11-06T13:55:17.256+0000] {processor.py:829} INFO - Processing file /home/airflow/.local/lib/python3.8/site-packages/airflow/example_dags/example_local_kubernetes_executor.py for tasks to queue
[2024-11-06T13:55:17.258+0000] {logging_mixin.py:154} INFO - [2024-11-06T13:55:17.258+0000] {dagbag.py:536} INFO - Filling up the DagBag from /home/airflow/.local/lib/python3.8/site-packages/airflow/example_dags/example_local_kubernetes_executor.py
[2024-11-06T13:55:17.261+0000] {processor.py:839} INFO - DAG(s) dict_keys(['example_local_kubernetes_executor']) retrieved from /home/airflow/.local/lib/python3.8/site-packages/airflow/example_dags/example_local_kubernetes_executor.py
[2024-11-06T13:55:17.276+0000] {logging_mixin.py:154} INFO - [2024-11-06T13:55:17.276+0000] {dag.py:2941} INFO - Sync 1 DAGs
[2024-11-06T13:55:17.281+0000] {logging_mixin.py:154} INFO - [2024-11-06T13:55:17.281+0000] {dag.py:3722} INFO - Setting next_dagrun for example_local_kubernetes_executor to None, run_after=None
[2024-11-06T13:55:17.288+0000] {processor.py:179} INFO - Processing /home/airflow/.local/lib/python3.8/site-packages/airflow/example_dags/example_local_kubernetes_executor.py took 0.033 seconds
[2024-11-06T14:00:21.521+0000] {processor.py:157} INFO - Started process (PID=2272) to work on /home/airflow/.local/lib/python3.8/site-packages/airflow/example_dags/example_local_kubernetes_executor.py
[2024-11-06T14:00:21.525+0000] {processor.py:829} INFO - Processing file /home/airflow/.local/lib/python3.8/site-packages/airflow/example_dags/example_local_kubernetes_executor.py for tasks to queue
[2024-11-06T14:00:21.527+0000] {logging_mixin.py:154} INFO - [2024-11-06T14:00:21.527+0000] {dagbag.py:536} INFO - Filling up the DagBag from /home/airflow/.local/lib/python3.8/site-packages/airflow/example_dags/example_local_kubernetes_executor.py
[2024-11-06T14:00:21.535+0000] {processor.py:839} INFO - DAG(s) dict_keys(['example_local_kubernetes_executor']) retrieved from /home/airflow/.local/lib/python3.8/site-packages/airflow/example_dags/example_local_kubernetes_executor.py
[2024-11-06T14:00:21.575+0000] {logging_mixin.py:154} INFO - [2024-11-06T14:00:21.575+0000] {dag.py:2941} INFO - Sync 1 DAGs
[2024-11-06T14:00:21.596+0000] {logging_mixin.py:154} INFO - [2024-11-06T14:00:21.596+0000] {dag.py:3722} INFO - Setting next_dagrun for example_local_kubernetes_executor to None, run_after=None
[2024-11-06T14:00:21.621+0000] {processor.py:179} INFO - Processing /home/airflow/.local/lib/python3.8/site-packages/airflow/example_dags/example_local_kubernetes_executor.py took 0.105 seconds
[2024-11-06T14:05:41.967+0000] {processor.py:157} INFO - Started process (PID=2326) to work on /home/airflow/.local/lib/python3.8/site-packages/airflow/example_dags/example_local_kubernetes_executor.py
[2024-11-06T14:05:41.970+0000] {processor.py:829} INFO - Processing file /home/airflow/.local/lib/python3.8/site-packages/airflow/example_dags/example_local_kubernetes_executor.py for tasks to queue
[2024-11-06T14:05:41.971+0000] {logging_mixin.py:154} INFO - [2024-11-06T14:05:41.971+0000] {dagbag.py:536} INFO - Filling up the DagBag from /home/airflow/.local/lib/python3.8/site-packages/airflow/example_dags/example_local_kubernetes_executor.py
[2024-11-06T14:05:41.974+0000] {processor.py:839} INFO - DAG(s) dict_keys(['example_local_kubernetes_executor']) retrieved from /home/airflow/.local/lib/python3.8/site-packages/airflow/example_dags/example_local_kubernetes_executor.py
[2024-11-06T14:05:41.989+0000] {logging_mixin.py:154} INFO - [2024-11-06T14:05:41.989+0000] {dag.py:2941} INFO - Sync 1 DAGs
[2024-11-06T14:05:41.997+0000] {logging_mixin.py:154} INFO - [2024-11-06T14:05:41.997+0000] {dag.py:3722} INFO - Setting next_dagrun for example_local_kubernetes_executor to None, run_after=None
[2024-11-06T14:05:42.006+0000] {processor.py:179} INFO - Processing /home/airflow/.local/lib/python3.8/site-packages/airflow/example_dags/example_local_kubernetes_executor.py took 0.040 seconds
[2024-11-06T14:09:56.199+0000] {processor.py:157} INFO - Started process (PID=2380) to work on /home/airflow/.local/lib/python3.8/site-packages/airflow/example_dags/example_local_kubernetes_executor.py
[2024-11-06T14:09:56.199+0000] {processor.py:829} INFO - Processing file /home/airflow/.local/lib/python3.8/site-packages/airflow/example_dags/example_local_kubernetes_executor.py for tasks to queue
[2024-11-06T14:09:56.203+0000] {logging_mixin.py:154} INFO - [2024-11-06T14:09:56.202+0000] {dagbag.py:536} INFO - Filling up the DagBag from /home/airflow/.local/lib/python3.8/site-packages/airflow/example_dags/example_local_kubernetes_executor.py
[2024-11-06T14:09:56.211+0000] {processor.py:839} INFO - DAG(s) dict_keys(['example_local_kubernetes_executor']) retrieved from /home/airflow/.local/lib/python3.8/site-packages/airflow/example_dags/example_local_kubernetes_executor.py
[2024-11-06T14:09:56.246+0000] {logging_mixin.py:154} INFO - [2024-11-06T14:09:56.246+0000] {dag.py:2941} INFO - Sync 1 DAGs
[2024-11-06T14:09:56.259+0000] {logging_mixin.py:154} INFO - [2024-11-06T14:09:56.259+0000] {dag.py:3722} INFO - Setting next_dagrun for example_local_kubernetes_executor to None, run_after=None
[2024-11-06T14:09:56.281+0000] {processor.py:179} INFO - Processing /home/airflow/.local/lib/python3.8/site-packages/airflow/example_dags/example_local_kubernetes_executor.py took 0.086 seconds
[2024-11-06T14:16:57.384+0000] {processor.py:157} INFO - Started process (PID=2434) to work on /home/airflow/.local/lib/python3.8/site-packages/airflow/example_dags/example_local_kubernetes_executor.py
[2024-11-06T14:16:57.387+0000] {processor.py:829} INFO - Processing file /home/airflow/.local/lib/python3.8/site-packages/airflow/example_dags/example_local_kubernetes_executor.py for tasks to queue
[2024-11-06T14:16:57.389+0000] {logging_mixin.py:154} INFO - [2024-11-06T14:16:57.389+0000] {dagbag.py:536} INFO - Filling up the DagBag from /home/airflow/.local/lib/python3.8/site-packages/airflow/example_dags/example_local_kubernetes_executor.py
[2024-11-06T14:16:57.394+0000] {processor.py:839} INFO - DAG(s) dict_keys(['example_local_kubernetes_executor']) retrieved from /home/airflow/.local/lib/python3.8/site-packages/airflow/example_dags/example_local_kubernetes_executor.py
[2024-11-06T14:16:57.410+0000] {logging_mixin.py:154} INFO - [2024-11-06T14:16:57.410+0000] {dag.py:2941} INFO - Sync 1 DAGs
[2024-11-06T14:16:57.415+0000] {logging_mixin.py:154} INFO - [2024-11-06T14:16:57.415+0000] {dag.py:3722} INFO - Setting next_dagrun for example_local_kubernetes_executor to None, run_after=None
[2024-11-06T14:16:57.425+0000] {processor.py:179} INFO - Processing /home/airflow/.local/lib/python3.8/site-packages/airflow/example_dags/example_local_kubernetes_executor.py took 0.043 seconds
[2024-11-06T14:23:15.091+0000] {processor.py:157} INFO - Started process (PID=2488) to work on /home/airflow/.local/lib/python3.8/site-packages/airflow/example_dags/example_local_kubernetes_executor.py
[2024-11-06T14:23:15.093+0000] {processor.py:829} INFO - Processing file /home/airflow/.local/lib/python3.8/site-packages/airflow/example_dags/example_local_kubernetes_executor.py for tasks to queue
[2024-11-06T14:23:15.096+0000] {logging_mixin.py:154} INFO - [2024-11-06T14:23:15.096+0000] {dagbag.py:536} INFO - Filling up the DagBag from /home/airflow/.local/lib/python3.8/site-packages/airflow/example_dags/example_local_kubernetes_executor.py
[2024-11-06T14:23:15.105+0000] {processor.py:839} INFO - DAG(s) dict_keys(['example_local_kubernetes_executor']) retrieved from /home/airflow/.local/lib/python3.8/site-packages/airflow/example_dags/example_local_kubernetes_executor.py
[2024-11-06T14:23:15.131+0000] {logging_mixin.py:154} INFO - [2024-11-06T14:23:15.131+0000] {dag.py:2941} INFO - Sync 1 DAGs
[2024-11-06T14:23:15.137+0000] {logging_mixin.py:154} INFO - [2024-11-06T14:23:15.137+0000] {dag.py:3722} INFO - Setting next_dagrun for example_local_kubernetes_executor to None, run_after=None
[2024-11-06T14:23:15.147+0000] {processor.py:179} INFO - Processing /home/airflow/.local/lib/python3.8/site-packages/airflow/example_dags/example_local_kubernetes_executor.py took 0.061 seconds
[2024-11-06T14:31:01.602+0000] {processor.py:157} INFO - Started process (PID=2541) to work on /home/airflow/.local/lib/python3.8/site-packages/airflow/example_dags/example_local_kubernetes_executor.py
[2024-11-06T14:31:01.603+0000] {processor.py:829} INFO - Processing file /home/airflow/.local/lib/python3.8/site-packages/airflow/example_dags/example_local_kubernetes_executor.py for tasks to queue
[2024-11-06T14:31:01.605+0000] {logging_mixin.py:154} INFO - [2024-11-06T14:31:01.605+0000] {dagbag.py:536} INFO - Filling up the DagBag from /home/airflow/.local/lib/python3.8/site-packages/airflow/example_dags/example_local_kubernetes_executor.py
[2024-11-06T14:31:01.612+0000] {processor.py:839} INFO - DAG(s) dict_keys(['example_local_kubernetes_executor']) retrieved from /home/airflow/.local/lib/python3.8/site-packages/airflow/example_dags/example_local_kubernetes_executor.py
[2024-11-06T14:31:01.646+0000] {logging_mixin.py:154} INFO - [2024-11-06T14:31:01.646+0000] {dag.py:2941} INFO - Sync 1 DAGs
[2024-11-06T14:31:01.659+0000] {logging_mixin.py:154} INFO - [2024-11-06T14:31:01.659+0000] {dag.py:3722} INFO - Setting next_dagrun for example_local_kubernetes_executor to None, run_after=None
[2024-11-06T14:31:01.678+0000] {processor.py:179} INFO - Processing /home/airflow/.local/lib/python3.8/site-packages/airflow/example_dags/example_local_kubernetes_executor.py took 0.081 seconds
[2024-11-06T14:36:36.356+0000] {processor.py:157} INFO - Started process (PID=2594) to work on /home/airflow/.local/lib/python3.8/site-packages/airflow/example_dags/example_local_kubernetes_executor.py
[2024-11-06T14:36:36.357+0000] {processor.py:829} INFO - Processing file /home/airflow/.local/lib/python3.8/site-packages/airflow/example_dags/example_local_kubernetes_executor.py for tasks to queue
[2024-11-06T14:36:36.358+0000] {logging_mixin.py:154} INFO - [2024-11-06T14:36:36.358+0000] {dagbag.py:536} INFO - Filling up the DagBag from /home/airflow/.local/lib/python3.8/site-packages/airflow/example_dags/example_local_kubernetes_executor.py
[2024-11-06T14:36:36.361+0000] {processor.py:839} INFO - DAG(s) dict_keys(['example_local_kubernetes_executor']) retrieved from /home/airflow/.local/lib/python3.8/site-packages/airflow/example_dags/example_local_kubernetes_executor.py
[2024-11-06T14:36:36.380+0000] {logging_mixin.py:154} INFO - [2024-11-06T14:36:36.380+0000] {dag.py:2941} INFO - Sync 1 DAGs
[2024-11-06T14:36:36.385+0000] {logging_mixin.py:154} INFO - [2024-11-06T14:36:36.385+0000] {dag.py:3722} INFO - Setting next_dagrun for example_local_kubernetes_executor to None, run_after=None
[2024-11-06T14:36:36.395+0000] {processor.py:179} INFO - Processing /home/airflow/.local/lib/python3.8/site-packages/airflow/example_dags/example_local_kubernetes_executor.py took 0.041 seconds
[2024-11-06T15:02:52.394+0000] {processor.py:157} INFO - Started process (PID=2648) to work on /home/airflow/.local/lib/python3.8/site-packages/airflow/example_dags/example_local_kubernetes_executor.py
[2024-11-06T15:02:52.394+0000] {processor.py:829} INFO - Processing file /home/airflow/.local/lib/python3.8/site-packages/airflow/example_dags/example_local_kubernetes_executor.py for tasks to queue
[2024-11-06T15:02:52.396+0000] {logging_mixin.py:154} INFO - [2024-11-06T15:02:52.396+0000] {dagbag.py:536} INFO - Filling up the DagBag from /home/airflow/.local/lib/python3.8/site-packages/airflow/example_dags/example_local_kubernetes_executor.py
[2024-11-06T15:02:52.403+0000] {processor.py:839} INFO - DAG(s) dict_keys(['example_local_kubernetes_executor']) retrieved from /home/airflow/.local/lib/python3.8/site-packages/airflow/example_dags/example_local_kubernetes_executor.py
[2024-11-06T15:02:52.435+0000] {logging_mixin.py:154} INFO - [2024-11-06T15:02:52.435+0000] {dag.py:2941} INFO - Sync 1 DAGs
[2024-11-06T15:02:52.450+0000] {logging_mixin.py:154} INFO - [2024-11-06T15:02:52.450+0000] {dag.py:3722} INFO - Setting next_dagrun for example_local_kubernetes_executor to None, run_after=None
[2024-11-06T15:02:52.474+0000] {processor.py:179} INFO - Processing /home/airflow/.local/lib/python3.8/site-packages/airflow/example_dags/example_local_kubernetes_executor.py took 0.083 seconds
[2024-11-06T15:37:16.828+0000] {processor.py:157} INFO - Started process (PID=2702) to work on /home/airflow/.local/lib/python3.8/site-packages/airflow/example_dags/example_local_kubernetes_executor.py
[2024-11-06T15:37:16.828+0000] {processor.py:829} INFO - Processing file /home/airflow/.local/lib/python3.8/site-packages/airflow/example_dags/example_local_kubernetes_executor.py for tasks to queue
[2024-11-06T15:37:16.830+0000] {logging_mixin.py:154} INFO - [2024-11-06T15:37:16.829+0000] {dagbag.py:536} INFO - Filling up the DagBag from /home/airflow/.local/lib/python3.8/site-packages/airflow/example_dags/example_local_kubernetes_executor.py
[2024-11-06T15:37:16.833+0000] {processor.py:839} INFO - DAG(s) dict_keys(['example_local_kubernetes_executor']) retrieved from /home/airflow/.local/lib/python3.8/site-packages/airflow/example_dags/example_local_kubernetes_executor.py
[2024-11-06T15:37:16.851+0000] {logging_mixin.py:154} INFO - [2024-11-06T15:37:16.851+0000] {dag.py:2941} INFO - Sync 1 DAGs
[2024-11-06T15:37:16.857+0000] {logging_mixin.py:154} INFO - [2024-11-06T15:37:16.857+0000] {dag.py:3722} INFO - Setting next_dagrun for example_local_kubernetes_executor to None, run_after=None
[2024-11-06T15:37:16.867+0000] {processor.py:179} INFO - Processing /home/airflow/.local/lib/python3.8/site-packages/airflow/example_dags/example_local_kubernetes_executor.py took 0.041 seconds
[2024-11-06T15:48:09.171+0000] {processor.py:157} INFO - Started process (PID=2756) to work on /home/airflow/.local/lib/python3.8/site-packages/airflow/example_dags/example_local_kubernetes_executor.py
[2024-11-06T15:48:09.172+0000] {processor.py:829} INFO - Processing file /home/airflow/.local/lib/python3.8/site-packages/airflow/example_dags/example_local_kubernetes_executor.py for tasks to queue
[2024-11-06T15:48:09.173+0000] {logging_mixin.py:154} INFO - [2024-11-06T15:48:09.173+0000] {dagbag.py:536} INFO - Filling up the DagBag from /home/airflow/.local/lib/python3.8/site-packages/airflow/example_dags/example_local_kubernetes_executor.py
[2024-11-06T15:48:09.176+0000] {processor.py:839} INFO - DAG(s) dict_keys(['example_local_kubernetes_executor']) retrieved from /home/airflow/.local/lib/python3.8/site-packages/airflow/example_dags/example_local_kubernetes_executor.py
[2024-11-06T15:48:09.192+0000] {logging_mixin.py:154} INFO - [2024-11-06T15:48:09.192+0000] {dag.py:2941} INFO - Sync 1 DAGs
[2024-11-06T15:48:09.197+0000] {logging_mixin.py:154} INFO - [2024-11-06T15:48:09.197+0000] {dag.py:3722} INFO - Setting next_dagrun for example_local_kubernetes_executor to None, run_after=None
[2024-11-06T15:48:09.204+0000] {processor.py:179} INFO - Processing /home/airflow/.local/lib/python3.8/site-packages/airflow/example_dags/example_local_kubernetes_executor.py took 0.035 seconds
[2024-11-06T16:49:03.533+0000] {processor.py:157} INFO - Started process (PID=2810) to work on /home/airflow/.local/lib/python3.8/site-packages/airflow/example_dags/example_local_kubernetes_executor.py
[2024-11-06T16:49:03.534+0000] {processor.py:829} INFO - Processing file /home/airflow/.local/lib/python3.8/site-packages/airflow/example_dags/example_local_kubernetes_executor.py for tasks to queue
[2024-11-06T16:49:03.537+0000] {logging_mixin.py:154} INFO - [2024-11-06T16:49:03.537+0000] {dagbag.py:536} INFO - Filling up the DagBag from /home/airflow/.local/lib/python3.8/site-packages/airflow/example_dags/example_local_kubernetes_executor.py
[2024-11-06T16:49:03.543+0000] {processor.py:839} INFO - DAG(s) dict_keys(['example_local_kubernetes_executor']) retrieved from /home/airflow/.local/lib/python3.8/site-packages/airflow/example_dags/example_local_kubernetes_executor.py
[2024-11-06T16:49:03.587+0000] {logging_mixin.py:154} INFO - [2024-11-06T16:49:03.586+0000] {dag.py:2941} INFO - Sync 1 DAGs
[2024-11-06T16:49:03.600+0000] {logging_mixin.py:154} INFO - [2024-11-06T16:49:03.600+0000] {dag.py:3722} INFO - Setting next_dagrun for example_local_kubernetes_executor to None, run_after=None
[2024-11-06T16:49:03.626+0000] {processor.py:179} INFO - Processing /home/airflow/.local/lib/python3.8/site-packages/airflow/example_dags/example_local_kubernetes_executor.py took 0.097 seconds
[2024-11-06T16:49:56.368+0000] {processor.py:157} INFO - Started process (PID=2864) to work on /home/airflow/.local/lib/python3.8/site-packages/airflow/example_dags/example_local_kubernetes_executor.py
[2024-11-06T16:49:56.372+0000] {processor.py:829} INFO - Processing file /home/airflow/.local/lib/python3.8/site-packages/airflow/example_dags/example_local_kubernetes_executor.py for tasks to queue
[2024-11-06T16:49:56.373+0000] {logging_mixin.py:154} INFO - [2024-11-06T16:49:56.373+0000] {dagbag.py:536} INFO - Filling up the DagBag from /home/airflow/.local/lib/python3.8/site-packages/airflow/example_dags/example_local_kubernetes_executor.py
[2024-11-06T16:49:56.376+0000] {processor.py:839} INFO - DAG(s) dict_keys(['example_local_kubernetes_executor']) retrieved from /home/airflow/.local/lib/python3.8/site-packages/airflow/example_dags/example_local_kubernetes_executor.py
[2024-11-06T16:49:56.392+0000] {logging_mixin.py:154} INFO - [2024-11-06T16:49:56.392+0000] {dag.py:2941} INFO - Sync 1 DAGs
[2024-11-06T16:49:56.398+0000] {logging_mixin.py:154} INFO - [2024-11-06T16:49:56.398+0000] {dag.py:3722} INFO - Setting next_dagrun for example_local_kubernetes_executor to None, run_after=None
[2024-11-06T16:49:56.406+0000] {processor.py:179} INFO - Processing /home/airflow/.local/lib/python3.8/site-packages/airflow/example_dags/example_local_kubernetes_executor.py took 0.039 seconds
[2024-11-06T17:40:08.080+0000] {processor.py:157} INFO - Started process (PID=2918) to work on /home/airflow/.local/lib/python3.8/site-packages/airflow/example_dags/example_local_kubernetes_executor.py
[2024-11-06T17:40:08.081+0000] {processor.py:829} INFO - Processing file /home/airflow/.local/lib/python3.8/site-packages/airflow/example_dags/example_local_kubernetes_executor.py for tasks to queue
[2024-11-06T17:40:08.083+0000] {logging_mixin.py:154} INFO - [2024-11-06T17:40:08.083+0000] {dagbag.py:536} INFO - Filling up the DagBag from /home/airflow/.local/lib/python3.8/site-packages/airflow/example_dags/example_local_kubernetes_executor.py
[2024-11-06T17:40:08.091+0000] {processor.py:839} INFO - DAG(s) dict_keys(['example_local_kubernetes_executor']) retrieved from /home/airflow/.local/lib/python3.8/site-packages/airflow/example_dags/example_local_kubernetes_executor.py
[2024-11-06T17:40:08.123+0000] {logging_mixin.py:154} INFO - [2024-11-06T17:40:08.123+0000] {dag.py:2941} INFO - Sync 1 DAGs
[2024-11-06T17:40:08.138+0000] {logging_mixin.py:154} INFO - [2024-11-06T17:40:08.138+0000] {dag.py:3722} INFO - Setting next_dagrun for example_local_kubernetes_executor to None, run_after=None
[2024-11-06T17:40:08.152+0000] {processor.py:179} INFO - Processing /home/airflow/.local/lib/python3.8/site-packages/airflow/example_dags/example_local_kubernetes_executor.py took 0.075 seconds
[2024-11-06T18:40:20.552+0000] {processor.py:157} INFO - Started process (PID=2972) to work on /home/airflow/.local/lib/python3.8/site-packages/airflow/example_dags/example_local_kubernetes_executor.py
[2024-11-06T18:40:20.554+0000] {processor.py:829} INFO - Processing file /home/airflow/.local/lib/python3.8/site-packages/airflow/example_dags/example_local_kubernetes_executor.py for tasks to queue
[2024-11-06T18:40:20.558+0000] {logging_mixin.py:154} INFO - [2024-11-06T18:40:20.558+0000] {dagbag.py:536} INFO - Filling up the DagBag from /home/airflow/.local/lib/python3.8/site-packages/airflow/example_dags/example_local_kubernetes_executor.py
[2024-11-06T18:40:20.568+0000] {processor.py:839} INFO - DAG(s) dict_keys(['example_local_kubernetes_executor']) retrieved from /home/airflow/.local/lib/python3.8/site-packages/airflow/example_dags/example_local_kubernetes_executor.py
[2024-11-06T18:40:20.603+0000] {logging_mixin.py:154} INFO - [2024-11-06T18:40:20.602+0000] {dag.py:2941} INFO - Sync 1 DAGs
[2024-11-06T18:40:20.619+0000] {logging_mixin.py:154} INFO - [2024-11-06T18:40:20.619+0000] {dag.py:3722} INFO - Setting next_dagrun for example_local_kubernetes_executor to None, run_after=None
[2024-11-06T18:40:20.646+0000] {processor.py:179} INFO - Processing /home/airflow/.local/lib/python3.8/site-packages/airflow/example_dags/example_local_kubernetes_executor.py took 0.098 seconds
[2024-11-06T19:56:54.518+0000] {processor.py:157} INFO - Started process (PID=3026) to work on /home/airflow/.local/lib/python3.8/site-packages/airflow/example_dags/example_local_kubernetes_executor.py
[2024-11-06T19:56:54.521+0000] {processor.py:829} INFO - Processing file /home/airflow/.local/lib/python3.8/site-packages/airflow/example_dags/example_local_kubernetes_executor.py for tasks to queue
[2024-11-06T19:56:54.523+0000] {logging_mixin.py:154} INFO - [2024-11-06T19:56:54.523+0000] {dagbag.py:536} INFO - Filling up the DagBag from /home/airflow/.local/lib/python3.8/site-packages/airflow/example_dags/example_local_kubernetes_executor.py
[2024-11-06T19:56:54.527+0000] {processor.py:839} INFO - DAG(s) dict_keys(['example_local_kubernetes_executor']) retrieved from /home/airflow/.local/lib/python3.8/site-packages/airflow/example_dags/example_local_kubernetes_executor.py
[2024-11-06T19:56:54.542+0000] {logging_mixin.py:154} INFO - [2024-11-06T19:56:54.542+0000] {dag.py:2941} INFO - Sync 1 DAGs
[2024-11-06T19:56:54.547+0000] {logging_mixin.py:154} INFO - [2024-11-06T19:56:54.547+0000] {dag.py:3722} INFO - Setting next_dagrun for example_local_kubernetes_executor to None, run_after=None
[2024-11-06T19:56:54.558+0000] {processor.py:179} INFO - Processing /home/airflow/.local/lib/python3.8/site-packages/airflow/example_dags/example_local_kubernetes_executor.py took 0.041 seconds
[2024-11-06T20:41:41.077+0000] {processor.py:157} INFO - Started process (PID=3080) to work on /home/airflow/.local/lib/python3.8/site-packages/airflow/example_dags/example_local_kubernetes_executor.py
[2024-11-06T20:41:41.080+0000] {processor.py:829} INFO - Processing file /home/airflow/.local/lib/python3.8/site-packages/airflow/example_dags/example_local_kubernetes_executor.py for tasks to queue
[2024-11-06T20:41:41.083+0000] {logging_mixin.py:154} INFO - [2024-11-06T20:41:41.082+0000] {dagbag.py:536} INFO - Filling up the DagBag from /home/airflow/.local/lib/python3.8/site-packages/airflow/example_dags/example_local_kubernetes_executor.py
[2024-11-06T20:41:41.088+0000] {processor.py:839} INFO - DAG(s) dict_keys(['example_local_kubernetes_executor']) retrieved from /home/airflow/.local/lib/python3.8/site-packages/airflow/example_dags/example_local_kubernetes_executor.py
[2024-11-06T20:41:41.114+0000] {logging_mixin.py:154} INFO - [2024-11-06T20:41:41.114+0000] {dag.py:2941} INFO - Sync 1 DAGs
[2024-11-06T20:41:41.123+0000] {logging_mixin.py:154} INFO - [2024-11-06T20:41:41.123+0000] {dag.py:3722} INFO - Setting next_dagrun for example_local_kubernetes_executor to None, run_after=None
[2024-11-06T20:41:41.131+0000] {processor.py:179} INFO - Processing /home/airflow/.local/lib/python3.8/site-packages/airflow/example_dags/example_local_kubernetes_executor.py took 0.059 seconds
[2024-11-06T22:09:50.213+0000] {processor.py:157} INFO - Started process (PID=3134) to work on /home/airflow/.local/lib/python3.8/site-packages/airflow/example_dags/example_local_kubernetes_executor.py
[2024-11-06T22:09:50.214+0000] {processor.py:829} INFO - Processing file /home/airflow/.local/lib/python3.8/site-packages/airflow/example_dags/example_local_kubernetes_executor.py for tasks to queue
[2024-11-06T22:09:50.216+0000] {logging_mixin.py:154} INFO - [2024-11-06T22:09:50.216+0000] {dagbag.py:536} INFO - Filling up the DagBag from /home/airflow/.local/lib/python3.8/site-packages/airflow/example_dags/example_local_kubernetes_executor.py
[2024-11-06T22:09:50.225+0000] {processor.py:839} INFO - DAG(s) dict_keys(['example_local_kubernetes_executor']) retrieved from /home/airflow/.local/lib/python3.8/site-packages/airflow/example_dags/example_local_kubernetes_executor.py
[2024-11-06T22:09:50.259+0000] {logging_mixin.py:154} INFO - [2024-11-06T22:09:50.259+0000] {dag.py:2941} INFO - Sync 1 DAGs
[2024-11-06T22:09:50.267+0000] {logging_mixin.py:154} INFO - [2024-11-06T22:09:50.267+0000] {dag.py:3722} INFO - Setting next_dagrun for example_local_kubernetes_executor to None, run_after=None
[2024-11-06T22:09:50.290+0000] {processor.py:179} INFO - Processing /home/airflow/.local/lib/python3.8/site-packages/airflow/example_dags/example_local_kubernetes_executor.py took 0.080 seconds
[2024-11-06T23:10:56.373+0000] {processor.py:157} INFO - Started process (PID=3188) to work on /home/airflow/.local/lib/python3.8/site-packages/airflow/example_dags/example_local_kubernetes_executor.py
[2024-11-06T23:10:56.374+0000] {processor.py:829} INFO - Processing file /home/airflow/.local/lib/python3.8/site-packages/airflow/example_dags/example_local_kubernetes_executor.py for tasks to queue
[2024-11-06T23:10:56.375+0000] {logging_mixin.py:154} INFO - [2024-11-06T23:10:56.375+0000] {dagbag.py:536} INFO - Filling up the DagBag from /home/airflow/.local/lib/python3.8/site-packages/airflow/example_dags/example_local_kubernetes_executor.py
[2024-11-06T23:10:56.379+0000] {processor.py:839} INFO - DAG(s) dict_keys(['example_local_kubernetes_executor']) retrieved from /home/airflow/.local/lib/python3.8/site-packages/airflow/example_dags/example_local_kubernetes_executor.py
[2024-11-06T23:10:56.395+0000] {logging_mixin.py:154} INFO - [2024-11-06T23:10:56.395+0000] {dag.py:2941} INFO - Sync 1 DAGs
[2024-11-06T23:10:56.402+0000] {logging_mixin.py:154} INFO - [2024-11-06T23:10:56.402+0000] {dag.py:3722} INFO - Setting next_dagrun for example_local_kubernetes_executor to None, run_after=None
[2024-11-06T23:10:56.411+0000] {processor.py:179} INFO - Processing /home/airflow/.local/lib/python3.8/site-packages/airflow/example_dags/example_local_kubernetes_executor.py took 0.040 seconds
[2024-11-06T23:49:21.026+0000] {processor.py:157} INFO - Started process (PID=3242) to work on /home/airflow/.local/lib/python3.8/site-packages/airflow/example_dags/example_local_kubernetes_executor.py
[2024-11-06T23:49:21.027+0000] {processor.py:829} INFO - Processing file /home/airflow/.local/lib/python3.8/site-packages/airflow/example_dags/example_local_kubernetes_executor.py for tasks to queue
[2024-11-06T23:49:21.028+0000] {logging_mixin.py:154} INFO - [2024-11-06T23:49:21.028+0000] {dagbag.py:536} INFO - Filling up the DagBag from /home/airflow/.local/lib/python3.8/site-packages/airflow/example_dags/example_local_kubernetes_executor.py
[2024-11-06T23:49:21.031+0000] {processor.py:839} INFO - DAG(s) dict_keys(['example_local_kubernetes_executor']) retrieved from /home/airflow/.local/lib/python3.8/site-packages/airflow/example_dags/example_local_kubernetes_executor.py
[2024-11-06T23:49:21.051+0000] {logging_mixin.py:154} INFO - [2024-11-06T23:49:21.051+0000] {dag.py:2941} INFO - Sync 1 DAGs
[2024-11-06T23:49:21.057+0000] {logging_mixin.py:154} INFO - [2024-11-06T23:49:21.057+0000] {dag.py:3722} INFO - Setting next_dagrun for example_local_kubernetes_executor to None, run_after=None
[2024-11-06T23:49:21.068+0000] {processor.py:179} INFO - Processing /home/airflow/.local/lib/python3.8/site-packages/airflow/example_dags/example_local_kubernetes_executor.py took 0.044 seconds
