[2024-11-06T08:43:19.119+0000] {processor.py:157} INFO - Started process (PID=54) to work on /home/airflow/.local/lib/python3.8/site-packages/airflow/example_dags/example_sla_dag.py
[2024-11-06T08:43:19.120+0000] {processor.py:829} INFO - Processing file /home/airflow/.local/lib/python3.8/site-packages/airflow/example_dags/example_sla_dag.py for tasks to queue
[2024-11-06T08:43:19.122+0000] {logging_mixin.py:154} INFO - [2024-11-06T08:43:19.122+0000] {dagbag.py:536} INFO - Filling up the DagBag from /home/airflow/.local/lib/python3.8/site-packages/airflow/example_dags/example_sla_dag.py
[2024-11-06T08:43:19.129+0000] {processor.py:839} INFO - DAG(s) dict_keys(['example_sla_dag']) retrieved from /home/airflow/.local/lib/python3.8/site-packages/airflow/example_dags/example_sla_dag.py
[2024-11-06T08:43:19.140+0000] {logging_mixin.py:154} INFO - [2024-11-06T08:43:19.140+0000] {dag.py:2941} INFO - Sync 1 DAGs
[2024-11-06T08:43:19.156+0000] {logging_mixin.py:154} INFO - [2024-11-06T08:43:19.155+0000] {dag.py:3722} INFO - Setting next_dagrun for example_sla_dag to 2024-11-06T08:40:00+00:00, run_after=2024-11-06T08:42:00+00:00
[2024-11-06T08:43:19.171+0000] {processor.py:179} INFO - Processing /home/airflow/.local/lib/python3.8/site-packages/airflow/example_dags/example_sla_dag.py took 0.054 seconds
[2024-11-06T08:43:49.549+0000] {processor.py:157} INFO - Started process (PID=108) to work on /home/airflow/.local/lib/python3.8/site-packages/airflow/example_dags/example_sla_dag.py
[2024-11-06T08:43:49.553+0000] {processor.py:829} INFO - Processing file /home/airflow/.local/lib/python3.8/site-packages/airflow/example_dags/example_sla_dag.py for tasks to queue
[2024-11-06T08:43:49.554+0000] {logging_mixin.py:154} INFO - [2024-11-06T08:43:49.554+0000] {dagbag.py:536} INFO - Filling up the DagBag from /home/airflow/.local/lib/python3.8/site-packages/airflow/example_dags/example_sla_dag.py
[2024-11-06T08:43:49.559+0000] {processor.py:839} INFO - DAG(s) dict_keys(['example_sla_dag']) retrieved from /home/airflow/.local/lib/python3.8/site-packages/airflow/example_dags/example_sla_dag.py
[2024-11-06T08:43:49.571+0000] {logging_mixin.py:154} INFO - [2024-11-06T08:43:49.571+0000] {dag.py:2941} INFO - Sync 1 DAGs
[2024-11-06T08:43:49.583+0000] {logging_mixin.py:154} INFO - [2024-11-06T08:43:49.583+0000] {dag.py:3722} INFO - Setting next_dagrun for example_sla_dag to 2024-11-06T08:40:00+00:00, run_after=2024-11-06T08:42:00+00:00
[2024-11-06T08:43:49.594+0000] {processor.py:179} INFO - Processing /home/airflow/.local/lib/python3.8/site-packages/airflow/example_dags/example_sla_dag.py took 0.047 seconds
[2024-11-06T08:44:19.956+0000] {processor.py:157} INFO - Started process (PID=162) to work on /home/airflow/.local/lib/python3.8/site-packages/airflow/example_dags/example_sla_dag.py
[2024-11-06T08:44:19.957+0000] {processor.py:829} INFO - Processing file /home/airflow/.local/lib/python3.8/site-packages/airflow/example_dags/example_sla_dag.py for tasks to queue
[2024-11-06T08:44:19.958+0000] {logging_mixin.py:154} INFO - [2024-11-06T08:44:19.958+0000] {dagbag.py:536} INFO - Filling up the DagBag from /home/airflow/.local/lib/python3.8/site-packages/airflow/example_dags/example_sla_dag.py
[2024-11-06T08:44:19.962+0000] {processor.py:839} INFO - DAG(s) dict_keys(['example_sla_dag']) retrieved from /home/airflow/.local/lib/python3.8/site-packages/airflow/example_dags/example_sla_dag.py
[2024-11-06T08:44:19.973+0000] {logging_mixin.py:154} INFO - [2024-11-06T08:44:19.973+0000] {dag.py:2941} INFO - Sync 1 DAGs
[2024-11-06T08:44:19.985+0000] {logging_mixin.py:154} INFO - [2024-11-06T08:44:19.985+0000] {dag.py:3722} INFO - Setting next_dagrun for example_sla_dag to 2024-11-06T08:42:00+00:00, run_after=2024-11-06T08:44:00+00:00
[2024-11-06T08:44:19.995+0000] {processor.py:179} INFO - Processing /home/airflow/.local/lib/python3.8/site-packages/airflow/example_dags/example_sla_dag.py took 0.041 seconds
[2024-11-06T08:44:50.352+0000] {processor.py:157} INFO - Started process (PID=216) to work on /home/airflow/.local/lib/python3.8/site-packages/airflow/example_dags/example_sla_dag.py
[2024-11-06T08:44:50.353+0000] {processor.py:829} INFO - Processing file /home/airflow/.local/lib/python3.8/site-packages/airflow/example_dags/example_sla_dag.py for tasks to queue
[2024-11-06T08:44:50.354+0000] {logging_mixin.py:154} INFO - [2024-11-06T08:44:50.353+0000] {dagbag.py:536} INFO - Filling up the DagBag from /home/airflow/.local/lib/python3.8/site-packages/airflow/example_dags/example_sla_dag.py
[2024-11-06T08:44:50.357+0000] {processor.py:839} INFO - DAG(s) dict_keys(['example_sla_dag']) retrieved from /home/airflow/.local/lib/python3.8/site-packages/airflow/example_dags/example_sla_dag.py
[2024-11-06T08:44:50.367+0000] {logging_mixin.py:154} INFO - [2024-11-06T08:44:50.367+0000] {dag.py:2941} INFO - Sync 1 DAGs
[2024-11-06T08:44:50.378+0000] {logging_mixin.py:154} INFO - [2024-11-06T08:44:50.378+0000] {dag.py:3722} INFO - Setting next_dagrun for example_sla_dag to 2024-11-06T08:42:00+00:00, run_after=2024-11-06T08:44:00+00:00
[2024-11-06T08:44:50.388+0000] {processor.py:179} INFO - Processing /home/airflow/.local/lib/python3.8/site-packages/airflow/example_dags/example_sla_dag.py took 0.038 seconds
[2024-11-06T08:45:20.722+0000] {processor.py:157} INFO - Started process (PID=270) to work on /home/airflow/.local/lib/python3.8/site-packages/airflow/example_dags/example_sla_dag.py
[2024-11-06T08:45:20.722+0000] {processor.py:829} INFO - Processing file /home/airflow/.local/lib/python3.8/site-packages/airflow/example_dags/example_sla_dag.py for tasks to queue
[2024-11-06T08:45:20.723+0000] {logging_mixin.py:154} INFO - [2024-11-06T08:45:20.723+0000] {dagbag.py:536} INFO - Filling up the DagBag from /home/airflow/.local/lib/python3.8/site-packages/airflow/example_dags/example_sla_dag.py
[2024-11-06T08:45:20.727+0000] {processor.py:839} INFO - DAG(s) dict_keys(['example_sla_dag']) retrieved from /home/airflow/.local/lib/python3.8/site-packages/airflow/example_dags/example_sla_dag.py
[2024-11-06T08:45:20.738+0000] {logging_mixin.py:154} INFO - [2024-11-06T08:45:20.738+0000] {dag.py:2941} INFO - Sync 1 DAGs
[2024-11-06T08:45:20.750+0000] {logging_mixin.py:154} INFO - [2024-11-06T08:45:20.750+0000] {dag.py:3722} INFO - Setting next_dagrun for example_sla_dag to 2024-11-06T08:42:00+00:00, run_after=2024-11-06T08:44:00+00:00
[2024-11-06T08:45:20.758+0000] {processor.py:179} INFO - Processing /home/airflow/.local/lib/python3.8/site-packages/airflow/example_dags/example_sla_dag.py took 0.038 seconds
[2024-11-06T08:45:51.139+0000] {processor.py:157} INFO - Started process (PID=324) to work on /home/airflow/.local/lib/python3.8/site-packages/airflow/example_dags/example_sla_dag.py
[2024-11-06T08:45:51.140+0000] {processor.py:829} INFO - Processing file /home/airflow/.local/lib/python3.8/site-packages/airflow/example_dags/example_sla_dag.py for tasks to queue
[2024-11-06T08:45:51.140+0000] {logging_mixin.py:154} INFO - [2024-11-06T08:45:51.140+0000] {dagbag.py:536} INFO - Filling up the DagBag from /home/airflow/.local/lib/python3.8/site-packages/airflow/example_dags/example_sla_dag.py
[2024-11-06T08:45:51.144+0000] {processor.py:839} INFO - DAG(s) dict_keys(['example_sla_dag']) retrieved from /home/airflow/.local/lib/python3.8/site-packages/airflow/example_dags/example_sla_dag.py
[2024-11-06T08:45:51.154+0000] {logging_mixin.py:154} INFO - [2024-11-06T08:45:51.154+0000] {dag.py:2941} INFO - Sync 1 DAGs
[2024-11-06T08:45:51.164+0000] {logging_mixin.py:154} INFO - [2024-11-06T08:45:51.164+0000] {dag.py:3722} INFO - Setting next_dagrun for example_sla_dag to 2024-11-06T08:42:00+00:00, run_after=2024-11-06T08:44:00+00:00
[2024-11-06T08:45:51.175+0000] {processor.py:179} INFO - Processing /home/airflow/.local/lib/python3.8/site-packages/airflow/example_dags/example_sla_dag.py took 0.038 seconds
[2024-11-06T08:46:21.462+0000] {processor.py:157} INFO - Started process (PID=378) to work on /home/airflow/.local/lib/python3.8/site-packages/airflow/example_dags/example_sla_dag.py
[2024-11-06T08:46:21.462+0000] {processor.py:829} INFO - Processing file /home/airflow/.local/lib/python3.8/site-packages/airflow/example_dags/example_sla_dag.py for tasks to queue
[2024-11-06T08:46:21.463+0000] {logging_mixin.py:154} INFO - [2024-11-06T08:46:21.463+0000] {dagbag.py:536} INFO - Filling up the DagBag from /home/airflow/.local/lib/python3.8/site-packages/airflow/example_dags/example_sla_dag.py
[2024-11-06T08:46:21.467+0000] {processor.py:839} INFO - DAG(s) dict_keys(['example_sla_dag']) retrieved from /home/airflow/.local/lib/python3.8/site-packages/airflow/example_dags/example_sla_dag.py
[2024-11-06T08:46:21.475+0000] {logging_mixin.py:154} INFO - [2024-11-06T08:46:21.475+0000] {dag.py:2941} INFO - Sync 1 DAGs
[2024-11-06T08:46:21.485+0000] {logging_mixin.py:154} INFO - [2024-11-06T08:46:21.484+0000] {dag.py:3722} INFO - Setting next_dagrun for example_sla_dag to 2024-11-06T08:44:00+00:00, run_after=2024-11-06T08:46:00+00:00
[2024-11-06T08:46:21.491+0000] {processor.py:179} INFO - Processing /home/airflow/.local/lib/python3.8/site-packages/airflow/example_dags/example_sla_dag.py took 0.030 seconds
[2024-11-06T08:46:52.210+0000] {processor.py:157} INFO - Started process (PID=432) to work on /home/airflow/.local/lib/python3.8/site-packages/airflow/example_dags/example_sla_dag.py
[2024-11-06T08:46:52.212+0000] {processor.py:829} INFO - Processing file /home/airflow/.local/lib/python3.8/site-packages/airflow/example_dags/example_sla_dag.py for tasks to queue
[2024-11-06T08:46:52.215+0000] {logging_mixin.py:154} INFO - [2024-11-06T08:46:52.215+0000] {dagbag.py:536} INFO - Filling up the DagBag from /home/airflow/.local/lib/python3.8/site-packages/airflow/example_dags/example_sla_dag.py
[2024-11-06T08:46:52.222+0000] {processor.py:839} INFO - DAG(s) dict_keys(['example_sla_dag']) retrieved from /home/airflow/.local/lib/python3.8/site-packages/airflow/example_dags/example_sla_dag.py
[2024-11-06T08:46:52.239+0000] {logging_mixin.py:154} INFO - [2024-11-06T08:46:52.239+0000] {dag.py:2941} INFO - Sync 1 DAGs
[2024-11-06T08:46:52.261+0000] {logging_mixin.py:154} INFO - [2024-11-06T08:46:52.261+0000] {dag.py:3722} INFO - Setting next_dagrun for example_sla_dag to 2024-11-06T08:44:00+00:00, run_after=2024-11-06T08:46:00+00:00
[2024-11-06T08:46:52.279+0000] {processor.py:179} INFO - Processing /home/airflow/.local/lib/python3.8/site-packages/airflow/example_dags/example_sla_dag.py took 0.071 seconds
[2024-11-06T08:47:22.732+0000] {processor.py:157} INFO - Started process (PID=486) to work on /home/airflow/.local/lib/python3.8/site-packages/airflow/example_dags/example_sla_dag.py
[2024-11-06T08:47:22.732+0000] {processor.py:829} INFO - Processing file /home/airflow/.local/lib/python3.8/site-packages/airflow/example_dags/example_sla_dag.py for tasks to queue
[2024-11-06T08:47:22.733+0000] {logging_mixin.py:154} INFO - [2024-11-06T08:47:22.733+0000] {dagbag.py:536} INFO - Filling up the DagBag from /home/airflow/.local/lib/python3.8/site-packages/airflow/example_dags/example_sla_dag.py
[2024-11-06T08:47:22.737+0000] {processor.py:839} INFO - DAG(s) dict_keys(['example_sla_dag']) retrieved from /home/airflow/.local/lib/python3.8/site-packages/airflow/example_dags/example_sla_dag.py
[2024-11-06T08:47:22.745+0000] {logging_mixin.py:154} INFO - [2024-11-06T08:47:22.745+0000] {dag.py:2941} INFO - Sync 1 DAGs
[2024-11-06T08:47:22.754+0000] {logging_mixin.py:154} INFO - [2024-11-06T08:47:22.754+0000] {dag.py:3722} INFO - Setting next_dagrun for example_sla_dag to 2024-11-06T08:44:00+00:00, run_after=2024-11-06T08:46:00+00:00
[2024-11-06T08:47:22.760+0000] {processor.py:179} INFO - Processing /home/airflow/.local/lib/python3.8/site-packages/airflow/example_dags/example_sla_dag.py took 0.030 seconds
[2024-11-06T08:47:53.065+0000] {processor.py:157} INFO - Started process (PID=548) to work on /home/airflow/.local/lib/python3.8/site-packages/airflow/example_dags/example_sla_dag.py
[2024-11-06T08:47:53.065+0000] {processor.py:829} INFO - Processing file /home/airflow/.local/lib/python3.8/site-packages/airflow/example_dags/example_sla_dag.py for tasks to queue
[2024-11-06T08:47:53.067+0000] {logging_mixin.py:154} INFO - [2024-11-06T08:47:53.067+0000] {dagbag.py:536} INFO - Filling up the DagBag from /home/airflow/.local/lib/python3.8/site-packages/airflow/example_dags/example_sla_dag.py
[2024-11-06T08:47:53.070+0000] {processor.py:839} INFO - DAG(s) dict_keys(['example_sla_dag']) retrieved from /home/airflow/.local/lib/python3.8/site-packages/airflow/example_dags/example_sla_dag.py
[2024-11-06T08:47:53.078+0000] {logging_mixin.py:154} INFO - [2024-11-06T08:47:53.078+0000] {dag.py:2941} INFO - Sync 1 DAGs
[2024-11-06T08:47:53.088+0000] {logging_mixin.py:154} INFO - [2024-11-06T08:47:53.088+0000] {dag.py:3722} INFO - Setting next_dagrun for example_sla_dag to 2024-11-06T08:44:00+00:00, run_after=2024-11-06T08:46:00+00:00
[2024-11-06T08:47:53.094+0000] {processor.py:179} INFO - Processing /home/airflow/.local/lib/python3.8/site-packages/airflow/example_dags/example_sla_dag.py took 0.031 seconds
[2024-11-06T08:48:23.423+0000] {processor.py:157} INFO - Started process (PID=602) to work on /home/airflow/.local/lib/python3.8/site-packages/airflow/example_dags/example_sla_dag.py
[2024-11-06T08:48:23.423+0000] {processor.py:829} INFO - Processing file /home/airflow/.local/lib/python3.8/site-packages/airflow/example_dags/example_sla_dag.py for tasks to queue
[2024-11-06T08:48:23.424+0000] {logging_mixin.py:154} INFO - [2024-11-06T08:48:23.424+0000] {dagbag.py:536} INFO - Filling up the DagBag from /home/airflow/.local/lib/python3.8/site-packages/airflow/example_dags/example_sla_dag.py
[2024-11-06T08:48:23.428+0000] {processor.py:839} INFO - DAG(s) dict_keys(['example_sla_dag']) retrieved from /home/airflow/.local/lib/python3.8/site-packages/airflow/example_dags/example_sla_dag.py
[2024-11-06T08:48:23.438+0000] {logging_mixin.py:154} INFO - [2024-11-06T08:48:23.438+0000] {dag.py:2941} INFO - Sync 1 DAGs
[2024-11-06T08:48:23.448+0000] {logging_mixin.py:154} INFO - [2024-11-06T08:48:23.448+0000] {dag.py:3722} INFO - Setting next_dagrun for example_sla_dag to 2024-11-06T08:46:00+00:00, run_after=2024-11-06T08:48:00+00:00
[2024-11-06T08:48:23.456+0000] {processor.py:179} INFO - Processing /home/airflow/.local/lib/python3.8/site-packages/airflow/example_dags/example_sla_dag.py took 0.035 seconds
[2024-11-06T08:48:53.773+0000] {processor.py:157} INFO - Started process (PID=656) to work on /home/airflow/.local/lib/python3.8/site-packages/airflow/example_dags/example_sla_dag.py
[2024-11-06T08:48:53.775+0000] {processor.py:829} INFO - Processing file /home/airflow/.local/lib/python3.8/site-packages/airflow/example_dags/example_sla_dag.py for tasks to queue
[2024-11-06T08:48:53.776+0000] {logging_mixin.py:154} INFO - [2024-11-06T08:48:53.776+0000] {dagbag.py:536} INFO - Filling up the DagBag from /home/airflow/.local/lib/python3.8/site-packages/airflow/example_dags/example_sla_dag.py
[2024-11-06T08:48:53.780+0000] {processor.py:839} INFO - DAG(s) dict_keys(['example_sla_dag']) retrieved from /home/airflow/.local/lib/python3.8/site-packages/airflow/example_dags/example_sla_dag.py
[2024-11-06T08:48:53.788+0000] {logging_mixin.py:154} INFO - [2024-11-06T08:48:53.788+0000] {dag.py:2941} INFO - Sync 1 DAGs
[2024-11-06T08:48:53.800+0000] {logging_mixin.py:154} INFO - [2024-11-06T08:48:53.800+0000] {dag.py:3722} INFO - Setting next_dagrun for example_sla_dag to 2024-11-06T08:46:00+00:00, run_after=2024-11-06T08:48:00+00:00
[2024-11-06T08:48:53.806+0000] {processor.py:179} INFO - Processing /home/airflow/.local/lib/python3.8/site-packages/airflow/example_dags/example_sla_dag.py took 0.035 seconds
[2024-11-06T08:49:24.008+0000] {processor.py:157} INFO - Started process (PID=710) to work on /home/airflow/.local/lib/python3.8/site-packages/airflow/example_dags/example_sla_dag.py
[2024-11-06T08:49:24.008+0000] {processor.py:829} INFO - Processing file /home/airflow/.local/lib/python3.8/site-packages/airflow/example_dags/example_sla_dag.py for tasks to queue
[2024-11-06T08:49:24.012+0000] {logging_mixin.py:154} INFO - [2024-11-06T08:49:24.012+0000] {dagbag.py:536} INFO - Filling up the DagBag from /home/airflow/.local/lib/python3.8/site-packages/airflow/example_dags/example_sla_dag.py
[2024-11-06T08:49:24.016+0000] {processor.py:839} INFO - DAG(s) dict_keys(['example_sla_dag']) retrieved from /home/airflow/.local/lib/python3.8/site-packages/airflow/example_dags/example_sla_dag.py
[2024-11-06T08:49:24.025+0000] {logging_mixin.py:154} INFO - [2024-11-06T08:49:24.025+0000] {dag.py:2941} INFO - Sync 1 DAGs
[2024-11-06T08:49:24.035+0000] {logging_mixin.py:154} INFO - [2024-11-06T08:49:24.035+0000] {dag.py:3722} INFO - Setting next_dagrun for example_sla_dag to 2024-11-06T08:46:00+00:00, run_after=2024-11-06T08:48:00+00:00
[2024-11-06T08:49:24.043+0000] {processor.py:179} INFO - Processing /home/airflow/.local/lib/python3.8/site-packages/airflow/example_dags/example_sla_dag.py took 0.037 seconds
[2024-11-06T08:49:54.255+0000] {processor.py:157} INFO - Started process (PID=763) to work on /home/airflow/.local/lib/python3.8/site-packages/airflow/example_dags/example_sla_dag.py
[2024-11-06T08:49:54.256+0000] {processor.py:829} INFO - Processing file /home/airflow/.local/lib/python3.8/site-packages/airflow/example_dags/example_sla_dag.py for tasks to queue
[2024-11-06T08:49:54.257+0000] {logging_mixin.py:154} INFO - [2024-11-06T08:49:54.257+0000] {dagbag.py:536} INFO - Filling up the DagBag from /home/airflow/.local/lib/python3.8/site-packages/airflow/example_dags/example_sla_dag.py
[2024-11-06T08:49:54.261+0000] {processor.py:839} INFO - DAG(s) dict_keys(['example_sla_dag']) retrieved from /home/airflow/.local/lib/python3.8/site-packages/airflow/example_dags/example_sla_dag.py
[2024-11-06T08:49:54.269+0000] {logging_mixin.py:154} INFO - [2024-11-06T08:49:54.269+0000] {dag.py:2941} INFO - Sync 1 DAGs
[2024-11-06T08:49:54.279+0000] {logging_mixin.py:154} INFO - [2024-11-06T08:49:54.279+0000] {dag.py:3722} INFO - Setting next_dagrun for example_sla_dag to 2024-11-06T08:46:00+00:00, run_after=2024-11-06T08:48:00+00:00
[2024-11-06T08:49:54.287+0000] {processor.py:179} INFO - Processing /home/airflow/.local/lib/python3.8/site-packages/airflow/example_dags/example_sla_dag.py took 0.034 seconds
[2024-11-06T08:50:24.480+0000] {processor.py:157} INFO - Started process (PID=817) to work on /home/airflow/.local/lib/python3.8/site-packages/airflow/example_dags/example_sla_dag.py
[2024-11-06T08:50:24.481+0000] {processor.py:829} INFO - Processing file /home/airflow/.local/lib/python3.8/site-packages/airflow/example_dags/example_sla_dag.py for tasks to queue
[2024-11-06T08:50:24.482+0000] {logging_mixin.py:154} INFO - [2024-11-06T08:50:24.482+0000] {dagbag.py:536} INFO - Filling up the DagBag from /home/airflow/.local/lib/python3.8/site-packages/airflow/example_dags/example_sla_dag.py
[2024-11-06T08:50:24.486+0000] {processor.py:839} INFO - DAG(s) dict_keys(['example_sla_dag']) retrieved from /home/airflow/.local/lib/python3.8/site-packages/airflow/example_dags/example_sla_dag.py
[2024-11-06T08:50:24.493+0000] {logging_mixin.py:154} INFO - [2024-11-06T08:50:24.493+0000] {dag.py:2941} INFO - Sync 1 DAGs
[2024-11-06T08:50:24.503+0000] {logging_mixin.py:154} INFO - [2024-11-06T08:50:24.503+0000] {dag.py:3722} INFO - Setting next_dagrun for example_sla_dag to 2024-11-06T08:48:00+00:00, run_after=2024-11-06T08:50:00+00:00
[2024-11-06T08:50:24.509+0000] {processor.py:179} INFO - Processing /home/airflow/.local/lib/python3.8/site-packages/airflow/example_dags/example_sla_dag.py took 0.030 seconds
[2024-11-06T08:50:54.743+0000] {processor.py:157} INFO - Started process (PID=871) to work on /home/airflow/.local/lib/python3.8/site-packages/airflow/example_dags/example_sla_dag.py
[2024-11-06T08:50:54.743+0000] {processor.py:829} INFO - Processing file /home/airflow/.local/lib/python3.8/site-packages/airflow/example_dags/example_sla_dag.py for tasks to queue
[2024-11-06T08:50:54.745+0000] {logging_mixin.py:154} INFO - [2024-11-06T08:50:54.745+0000] {dagbag.py:536} INFO - Filling up the DagBag from /home/airflow/.local/lib/python3.8/site-packages/airflow/example_dags/example_sla_dag.py
[2024-11-06T08:50:54.749+0000] {processor.py:839} INFO - DAG(s) dict_keys(['example_sla_dag']) retrieved from /home/airflow/.local/lib/python3.8/site-packages/airflow/example_dags/example_sla_dag.py
[2024-11-06T08:50:54.759+0000] {logging_mixin.py:154} INFO - [2024-11-06T08:50:54.759+0000] {dag.py:2941} INFO - Sync 1 DAGs
[2024-11-06T08:50:54.769+0000] {logging_mixin.py:154} INFO - [2024-11-06T08:50:54.769+0000] {dag.py:3722} INFO - Setting next_dagrun for example_sla_dag to 2024-11-06T08:48:00+00:00, run_after=2024-11-06T08:50:00+00:00
[2024-11-06T08:50:54.776+0000] {processor.py:179} INFO - Processing /home/airflow/.local/lib/python3.8/site-packages/airflow/example_dags/example_sla_dag.py took 0.034 seconds
[2024-11-06T08:51:25.060+0000] {processor.py:157} INFO - Started process (PID=925) to work on /home/airflow/.local/lib/python3.8/site-packages/airflow/example_dags/example_sla_dag.py
[2024-11-06T08:51:25.060+0000] {processor.py:829} INFO - Processing file /home/airflow/.local/lib/python3.8/site-packages/airflow/example_dags/example_sla_dag.py for tasks to queue
[2024-11-06T08:51:25.061+0000] {logging_mixin.py:154} INFO - [2024-11-06T08:51:25.061+0000] {dagbag.py:536} INFO - Filling up the DagBag from /home/airflow/.local/lib/python3.8/site-packages/airflow/example_dags/example_sla_dag.py
[2024-11-06T08:51:25.065+0000] {processor.py:839} INFO - DAG(s) dict_keys(['example_sla_dag']) retrieved from /home/airflow/.local/lib/python3.8/site-packages/airflow/example_dags/example_sla_dag.py
[2024-11-06T08:51:25.073+0000] {logging_mixin.py:154} INFO - [2024-11-06T08:51:25.073+0000] {dag.py:2941} INFO - Sync 1 DAGs
[2024-11-06T08:51:25.082+0000] {logging_mixin.py:154} INFO - [2024-11-06T08:51:25.082+0000] {dag.py:3722} INFO - Setting next_dagrun for example_sla_dag to 2024-11-06T08:48:00+00:00, run_after=2024-11-06T08:50:00+00:00
[2024-11-06T08:51:25.092+0000] {processor.py:179} INFO - Processing /home/airflow/.local/lib/python3.8/site-packages/airflow/example_dags/example_sla_dag.py took 0.034 seconds
[2024-11-06T08:51:55.393+0000] {processor.py:157} INFO - Started process (PID=979) to work on /home/airflow/.local/lib/python3.8/site-packages/airflow/example_dags/example_sla_dag.py
[2024-11-06T08:51:55.394+0000] {processor.py:829} INFO - Processing file /home/airflow/.local/lib/python3.8/site-packages/airflow/example_dags/example_sla_dag.py for tasks to queue
[2024-11-06T08:51:55.395+0000] {logging_mixin.py:154} INFO - [2024-11-06T08:51:55.395+0000] {dagbag.py:536} INFO - Filling up the DagBag from /home/airflow/.local/lib/python3.8/site-packages/airflow/example_dags/example_sla_dag.py
[2024-11-06T08:51:55.399+0000] {processor.py:839} INFO - DAG(s) dict_keys(['example_sla_dag']) retrieved from /home/airflow/.local/lib/python3.8/site-packages/airflow/example_dags/example_sla_dag.py
[2024-11-06T08:51:55.409+0000] {logging_mixin.py:154} INFO - [2024-11-06T08:51:55.409+0000] {dag.py:2941} INFO - Sync 1 DAGs
[2024-11-06T08:51:55.419+0000] {logging_mixin.py:154} INFO - [2024-11-06T08:51:55.419+0000] {dag.py:3722} INFO - Setting next_dagrun for example_sla_dag to 2024-11-06T08:48:00+00:00, run_after=2024-11-06T08:50:00+00:00
[2024-11-06T08:51:55.426+0000] {processor.py:179} INFO - Processing /home/airflow/.local/lib/python3.8/site-packages/airflow/example_dags/example_sla_dag.py took 0.034 seconds
[2024-11-06T08:52:25.805+0000] {processor.py:157} INFO - Started process (PID=1033) to work on /home/airflow/.local/lib/python3.8/site-packages/airflow/example_dags/example_sla_dag.py
[2024-11-06T08:52:25.807+0000] {processor.py:829} INFO - Processing file /home/airflow/.local/lib/python3.8/site-packages/airflow/example_dags/example_sla_dag.py for tasks to queue
[2024-11-06T08:52:25.808+0000] {logging_mixin.py:154} INFO - [2024-11-06T08:52:25.808+0000] {dagbag.py:536} INFO - Filling up the DagBag from /home/airflow/.local/lib/python3.8/site-packages/airflow/example_dags/example_sla_dag.py
[2024-11-06T08:52:25.812+0000] {processor.py:839} INFO - DAG(s) dict_keys(['example_sla_dag']) retrieved from /home/airflow/.local/lib/python3.8/site-packages/airflow/example_dags/example_sla_dag.py
[2024-11-06T08:52:25.821+0000] {logging_mixin.py:154} INFO - [2024-11-06T08:52:25.821+0000] {dag.py:2941} INFO - Sync 1 DAGs
[2024-11-06T08:52:25.831+0000] {logging_mixin.py:154} INFO - [2024-11-06T08:52:25.831+0000] {dag.py:3722} INFO - Setting next_dagrun for example_sla_dag to 2024-11-06T08:50:00+00:00, run_after=2024-11-06T08:52:00+00:00
[2024-11-06T08:52:25.838+0000] {processor.py:179} INFO - Processing /home/airflow/.local/lib/python3.8/site-packages/airflow/example_dags/example_sla_dag.py took 0.034 seconds
[2024-11-06T08:52:56.103+0000] {processor.py:157} INFO - Started process (PID=1087) to work on /home/airflow/.local/lib/python3.8/site-packages/airflow/example_dags/example_sla_dag.py
[2024-11-06T08:52:56.106+0000] {processor.py:829} INFO - Processing file /home/airflow/.local/lib/python3.8/site-packages/airflow/example_dags/example_sla_dag.py for tasks to queue
[2024-11-06T08:52:56.107+0000] {logging_mixin.py:154} INFO - [2024-11-06T08:52:56.106+0000] {dagbag.py:536} INFO - Filling up the DagBag from /home/airflow/.local/lib/python3.8/site-packages/airflow/example_dags/example_sla_dag.py
[2024-11-06T08:52:56.110+0000] {processor.py:839} INFO - DAG(s) dict_keys(['example_sla_dag']) retrieved from /home/airflow/.local/lib/python3.8/site-packages/airflow/example_dags/example_sla_dag.py
[2024-11-06T08:52:56.119+0000] {logging_mixin.py:154} INFO - [2024-11-06T08:52:56.119+0000] {dag.py:2941} INFO - Sync 1 DAGs
[2024-11-06T08:52:56.131+0000] {logging_mixin.py:154} INFO - [2024-11-06T08:52:56.131+0000] {dag.py:3722} INFO - Setting next_dagrun for example_sla_dag to 2024-11-06T08:50:00+00:00, run_after=2024-11-06T08:52:00+00:00
[2024-11-06T08:52:56.213+0000] {processor.py:179} INFO - Processing /home/airflow/.local/lib/python3.8/site-packages/airflow/example_dags/example_sla_dag.py took 0.111 seconds
[2024-11-06T08:53:26.688+0000] {processor.py:157} INFO - Started process (PID=1141) to work on /home/airflow/.local/lib/python3.8/site-packages/airflow/example_dags/example_sla_dag.py
[2024-11-06T08:53:26.689+0000] {processor.py:829} INFO - Processing file /home/airflow/.local/lib/python3.8/site-packages/airflow/example_dags/example_sla_dag.py for tasks to queue
[2024-11-06T08:53:26.692+0000] {logging_mixin.py:154} INFO - [2024-11-06T08:53:26.692+0000] {dagbag.py:536} INFO - Filling up the DagBag from /home/airflow/.local/lib/python3.8/site-packages/airflow/example_dags/example_sla_dag.py
[2024-11-06T08:53:26.696+0000] {processor.py:839} INFO - DAG(s) dict_keys(['example_sla_dag']) retrieved from /home/airflow/.local/lib/python3.8/site-packages/airflow/example_dags/example_sla_dag.py
[2024-11-06T08:53:26.704+0000] {logging_mixin.py:154} INFO - [2024-11-06T08:53:26.704+0000] {dag.py:2941} INFO - Sync 1 DAGs
[2024-11-06T08:53:26.715+0000] {logging_mixin.py:154} INFO - [2024-11-06T08:53:26.715+0000] {dag.py:3722} INFO - Setting next_dagrun for example_sla_dag to 2024-11-06T08:50:00+00:00, run_after=2024-11-06T08:52:00+00:00
[2024-11-06T08:53:26.723+0000] {processor.py:179} INFO - Processing /home/airflow/.local/lib/python3.8/site-packages/airflow/example_dags/example_sla_dag.py took 0.036 seconds
[2024-11-06T08:53:57.417+0000] {processor.py:157} INFO - Started process (PID=1195) to work on /home/airflow/.local/lib/python3.8/site-packages/airflow/example_dags/example_sla_dag.py
[2024-11-06T08:53:57.417+0000] {processor.py:829} INFO - Processing file /home/airflow/.local/lib/python3.8/site-packages/airflow/example_dags/example_sla_dag.py for tasks to queue
[2024-11-06T08:53:57.418+0000] {logging_mixin.py:154} INFO - [2024-11-06T08:53:57.418+0000] {dagbag.py:536} INFO - Filling up the DagBag from /home/airflow/.local/lib/python3.8/site-packages/airflow/example_dags/example_sla_dag.py
[2024-11-06T08:53:57.422+0000] {processor.py:839} INFO - DAG(s) dict_keys(['example_sla_dag']) retrieved from /home/airflow/.local/lib/python3.8/site-packages/airflow/example_dags/example_sla_dag.py
[2024-11-06T08:53:57.430+0000] {logging_mixin.py:154} INFO - [2024-11-06T08:53:57.430+0000] {dag.py:2941} INFO - Sync 1 DAGs
[2024-11-06T08:53:57.439+0000] {logging_mixin.py:154} INFO - [2024-11-06T08:53:57.439+0000] {dag.py:3722} INFO - Setting next_dagrun for example_sla_dag to 2024-11-06T08:50:00+00:00, run_after=2024-11-06T08:52:00+00:00
[2024-11-06T08:53:57.447+0000] {processor.py:179} INFO - Processing /home/airflow/.local/lib/python3.8/site-packages/airflow/example_dags/example_sla_dag.py took 0.031 seconds
[2024-11-06T08:54:27.844+0000] {processor.py:157} INFO - Started process (PID=1249) to work on /home/airflow/.local/lib/python3.8/site-packages/airflow/example_dags/example_sla_dag.py
[2024-11-06T08:54:27.844+0000] {processor.py:829} INFO - Processing file /home/airflow/.local/lib/python3.8/site-packages/airflow/example_dags/example_sla_dag.py for tasks to queue
[2024-11-06T08:54:27.845+0000] {logging_mixin.py:154} INFO - [2024-11-06T08:54:27.845+0000] {dagbag.py:536} INFO - Filling up the DagBag from /home/airflow/.local/lib/python3.8/site-packages/airflow/example_dags/example_sla_dag.py
[2024-11-06T08:54:27.849+0000] {processor.py:839} INFO - DAG(s) dict_keys(['example_sla_dag']) retrieved from /home/airflow/.local/lib/python3.8/site-packages/airflow/example_dags/example_sla_dag.py
[2024-11-06T08:54:27.858+0000] {logging_mixin.py:154} INFO - [2024-11-06T08:54:27.858+0000] {dag.py:2941} INFO - Sync 1 DAGs
[2024-11-06T08:54:27.868+0000] {logging_mixin.py:154} INFO - [2024-11-06T08:54:27.868+0000] {dag.py:3722} INFO - Setting next_dagrun for example_sla_dag to 2024-11-06T08:52:00+00:00, run_after=2024-11-06T08:54:00+00:00
[2024-11-06T08:54:27.953+0000] {processor.py:179} INFO - Processing /home/airflow/.local/lib/python3.8/site-packages/airflow/example_dags/example_sla_dag.py took 0.111 seconds
[2024-11-06T08:54:58.714+0000] {processor.py:157} INFO - Started process (PID=1303) to work on /home/airflow/.local/lib/python3.8/site-packages/airflow/example_dags/example_sla_dag.py
[2024-11-06T08:54:58.715+0000] {processor.py:829} INFO - Processing file /home/airflow/.local/lib/python3.8/site-packages/airflow/example_dags/example_sla_dag.py for tasks to queue
[2024-11-06T08:54:58.716+0000] {logging_mixin.py:154} INFO - [2024-11-06T08:54:58.716+0000] {dagbag.py:536} INFO - Filling up the DagBag from /home/airflow/.local/lib/python3.8/site-packages/airflow/example_dags/example_sla_dag.py
[2024-11-06T08:54:58.722+0000] {processor.py:839} INFO - DAG(s) dict_keys(['example_sla_dag']) retrieved from /home/airflow/.local/lib/python3.8/site-packages/airflow/example_dags/example_sla_dag.py
[2024-11-06T08:54:58.731+0000] {logging_mixin.py:154} INFO - [2024-11-06T08:54:58.731+0000] {dag.py:2941} INFO - Sync 1 DAGs
[2024-11-06T08:54:58.740+0000] {logging_mixin.py:154} INFO - [2024-11-06T08:54:58.740+0000] {dag.py:3722} INFO - Setting next_dagrun for example_sla_dag to 2024-11-06T08:52:00+00:00, run_after=2024-11-06T08:54:00+00:00
[2024-11-06T08:54:58.749+0000] {processor.py:179} INFO - Processing /home/airflow/.local/lib/python3.8/site-packages/airflow/example_dags/example_sla_dag.py took 0.036 seconds
[2024-11-06T08:55:29.564+0000] {processor.py:157} INFO - Started process (PID=1357) to work on /home/airflow/.local/lib/python3.8/site-packages/airflow/example_dags/example_sla_dag.py
[2024-11-06T08:55:29.565+0000] {processor.py:829} INFO - Processing file /home/airflow/.local/lib/python3.8/site-packages/airflow/example_dags/example_sla_dag.py for tasks to queue
[2024-11-06T08:55:29.569+0000] {logging_mixin.py:154} INFO - [2024-11-06T08:55:29.569+0000] {dagbag.py:536} INFO - Filling up the DagBag from /home/airflow/.local/lib/python3.8/site-packages/airflow/example_dags/example_sla_dag.py
[2024-11-06T08:55:29.572+0000] {processor.py:839} INFO - DAG(s) dict_keys(['example_sla_dag']) retrieved from /home/airflow/.local/lib/python3.8/site-packages/airflow/example_dags/example_sla_dag.py
[2024-11-06T08:55:29.582+0000] {logging_mixin.py:154} INFO - [2024-11-06T08:55:29.582+0000] {dag.py:2941} INFO - Sync 1 DAGs
[2024-11-06T08:55:29.594+0000] {logging_mixin.py:154} INFO - [2024-11-06T08:55:29.594+0000] {dag.py:3722} INFO - Setting next_dagrun for example_sla_dag to 2024-11-06T08:52:00+00:00, run_after=2024-11-06T08:54:00+00:00
[2024-11-06T08:55:29.600+0000] {processor.py:179} INFO - Processing /home/airflow/.local/lib/python3.8/site-packages/airflow/example_dags/example_sla_dag.py took 0.038 seconds
[2024-11-06T08:56:00.046+0000] {processor.py:157} INFO - Started process (PID=1411) to work on /home/airflow/.local/lib/python3.8/site-packages/airflow/example_dags/example_sla_dag.py
[2024-11-06T08:56:00.046+0000] {processor.py:829} INFO - Processing file /home/airflow/.local/lib/python3.8/site-packages/airflow/example_dags/example_sla_dag.py for tasks to queue
[2024-11-06T08:56:00.047+0000] {logging_mixin.py:154} INFO - [2024-11-06T08:56:00.047+0000] {dagbag.py:536} INFO - Filling up the DagBag from /home/airflow/.local/lib/python3.8/site-packages/airflow/example_dags/example_sla_dag.py
[2024-11-06T08:56:00.051+0000] {processor.py:839} INFO - DAG(s) dict_keys(['example_sla_dag']) retrieved from /home/airflow/.local/lib/python3.8/site-packages/airflow/example_dags/example_sla_dag.py
[2024-11-06T08:56:00.061+0000] {logging_mixin.py:154} INFO - [2024-11-06T08:56:00.060+0000] {dag.py:2941} INFO - Sync 1 DAGs
[2024-11-06T08:56:00.071+0000] {logging_mixin.py:154} INFO - [2024-11-06T08:56:00.071+0000] {dag.py:3722} INFO - Setting next_dagrun for example_sla_dag to 2024-11-06T08:54:00+00:00, run_after=2024-11-06T08:56:00+00:00
[2024-11-06T08:56:00.153+0000] {processor.py:179} INFO - Processing /home/airflow/.local/lib/python3.8/site-packages/airflow/example_dags/example_sla_dag.py took 0.108 seconds
[2024-11-06T08:56:30.437+0000] {processor.py:157} INFO - Started process (PID=1465) to work on /home/airflow/.local/lib/python3.8/site-packages/airflow/example_dags/example_sla_dag.py
[2024-11-06T08:56:30.438+0000] {processor.py:829} INFO - Processing file /home/airflow/.local/lib/python3.8/site-packages/airflow/example_dags/example_sla_dag.py for tasks to queue
[2024-11-06T08:56:30.439+0000] {logging_mixin.py:154} INFO - [2024-11-06T08:56:30.439+0000] {dagbag.py:536} INFO - Filling up the DagBag from /home/airflow/.local/lib/python3.8/site-packages/airflow/example_dags/example_sla_dag.py
[2024-11-06T08:56:30.442+0000] {processor.py:839} INFO - DAG(s) dict_keys(['example_sla_dag']) retrieved from /home/airflow/.local/lib/python3.8/site-packages/airflow/example_dags/example_sla_dag.py
[2024-11-06T08:56:30.452+0000] {logging_mixin.py:154} INFO - [2024-11-06T08:56:30.452+0000] {dag.py:2941} INFO - Sync 1 DAGs
[2024-11-06T08:56:30.462+0000] {logging_mixin.py:154} INFO - [2024-11-06T08:56:30.462+0000] {dag.py:3722} INFO - Setting next_dagrun for example_sla_dag to 2024-11-06T08:54:00+00:00, run_after=2024-11-06T08:56:00+00:00
[2024-11-06T08:56:30.471+0000] {processor.py:179} INFO - Processing /home/airflow/.local/lib/python3.8/site-packages/airflow/example_dags/example_sla_dag.py took 0.035 seconds
[2024-11-06T08:57:01.410+0000] {processor.py:157} INFO - Started process (PID=1519) to work on /home/airflow/.local/lib/python3.8/site-packages/airflow/example_dags/example_sla_dag.py
[2024-11-06T08:57:01.413+0000] {processor.py:829} INFO - Processing file /home/airflow/.local/lib/python3.8/site-packages/airflow/example_dags/example_sla_dag.py for tasks to queue
[2024-11-06T08:57:01.414+0000] {logging_mixin.py:154} INFO - [2024-11-06T08:57:01.414+0000] {dagbag.py:536} INFO - Filling up the DagBag from /home/airflow/.local/lib/python3.8/site-packages/airflow/example_dags/example_sla_dag.py
[2024-11-06T08:57:01.419+0000] {processor.py:839} INFO - DAG(s) dict_keys(['example_sla_dag']) retrieved from /home/airflow/.local/lib/python3.8/site-packages/airflow/example_dags/example_sla_dag.py
[2024-11-06T08:57:01.429+0000] {logging_mixin.py:154} INFO - [2024-11-06T08:57:01.429+0000] {dag.py:2941} INFO - Sync 1 DAGs
[2024-11-06T08:57:01.514+0000] {logging_mixin.py:154} INFO - [2024-11-06T08:57:01.514+0000] {dag.py:3722} INFO - Setting next_dagrun for example_sla_dag to 2024-11-06T08:54:00+00:00, run_after=2024-11-06T08:56:00+00:00
[2024-11-06T08:57:01.522+0000] {processor.py:179} INFO - Processing /home/airflow/.local/lib/python3.8/site-packages/airflow/example_dags/example_sla_dag.py took 0.113 seconds
[2024-11-06T08:57:31.543+0000] {processor.py:157} INFO - Started process (PID=1573) to work on /home/airflow/.local/lib/python3.8/site-packages/airflow/example_dags/example_sla_dag.py
[2024-11-06T08:57:31.543+0000] {processor.py:829} INFO - Processing file /home/airflow/.local/lib/python3.8/site-packages/airflow/example_dags/example_sla_dag.py for tasks to queue
[2024-11-06T08:57:31.544+0000] {logging_mixin.py:154} INFO - [2024-11-06T08:57:31.544+0000] {dagbag.py:536} INFO - Filling up the DagBag from /home/airflow/.local/lib/python3.8/site-packages/airflow/example_dags/example_sla_dag.py
[2024-11-06T08:57:31.547+0000] {processor.py:839} INFO - DAG(s) dict_keys(['example_sla_dag']) retrieved from /home/airflow/.local/lib/python3.8/site-packages/airflow/example_dags/example_sla_dag.py
[2024-11-06T08:57:31.557+0000] {logging_mixin.py:154} INFO - [2024-11-06T08:57:31.557+0000] {dag.py:2941} INFO - Sync 1 DAGs
[2024-11-06T08:57:31.567+0000] {logging_mixin.py:154} INFO - [2024-11-06T08:57:31.567+0000] {dag.py:3722} INFO - Setting next_dagrun for example_sla_dag to 2024-11-06T08:54:00+00:00, run_after=2024-11-06T08:56:00+00:00
[2024-11-06T08:57:31.652+0000] {processor.py:179} INFO - Processing /home/airflow/.local/lib/python3.8/site-packages/airflow/example_dags/example_sla_dag.py took 0.111 seconds
[2024-11-06T08:58:02.163+0000] {processor.py:157} INFO - Started process (PID=1626) to work on /home/airflow/.local/lib/python3.8/site-packages/airflow/example_dags/example_sla_dag.py
[2024-11-06T08:58:02.164+0000] {processor.py:829} INFO - Processing file /home/airflow/.local/lib/python3.8/site-packages/airflow/example_dags/example_sla_dag.py for tasks to queue
[2024-11-06T08:58:02.165+0000] {logging_mixin.py:154} INFO - [2024-11-06T08:58:02.165+0000] {dagbag.py:536} INFO - Filling up the DagBag from /home/airflow/.local/lib/python3.8/site-packages/airflow/example_dags/example_sla_dag.py
[2024-11-06T08:58:02.170+0000] {processor.py:839} INFO - DAG(s) dict_keys(['example_sla_dag']) retrieved from /home/airflow/.local/lib/python3.8/site-packages/airflow/example_dags/example_sla_dag.py
[2024-11-06T08:58:02.180+0000] {logging_mixin.py:154} INFO - [2024-11-06T08:58:02.179+0000] {dag.py:2941} INFO - Sync 1 DAGs
[2024-11-06T08:58:02.191+0000] {logging_mixin.py:154} INFO - [2024-11-06T08:58:02.191+0000] {dag.py:3722} INFO - Setting next_dagrun for example_sla_dag to 2024-11-06T08:56:00+00:00, run_after=2024-11-06T08:58:00+00:00
[2024-11-06T08:58:02.200+0000] {processor.py:179} INFO - Processing /home/airflow/.local/lib/python3.8/site-packages/airflow/example_dags/example_sla_dag.py took 0.039 seconds
[2024-11-06T08:58:33.016+0000] {processor.py:157} INFO - Started process (PID=1680) to work on /home/airflow/.local/lib/python3.8/site-packages/airflow/example_dags/example_sla_dag.py
[2024-11-06T08:58:33.016+0000] {processor.py:829} INFO - Processing file /home/airflow/.local/lib/python3.8/site-packages/airflow/example_dags/example_sla_dag.py for tasks to queue
[2024-11-06T08:58:33.018+0000] {logging_mixin.py:154} INFO - [2024-11-06T08:58:33.018+0000] {dagbag.py:536} INFO - Filling up the DagBag from /home/airflow/.local/lib/python3.8/site-packages/airflow/example_dags/example_sla_dag.py
[2024-11-06T08:58:33.022+0000] {processor.py:839} INFO - DAG(s) dict_keys(['example_sla_dag']) retrieved from /home/airflow/.local/lib/python3.8/site-packages/airflow/example_dags/example_sla_dag.py
[2024-11-06T08:58:33.030+0000] {logging_mixin.py:154} INFO - [2024-11-06T08:58:33.029+0000] {dag.py:2941} INFO - Sync 1 DAGs
[2024-11-06T08:58:33.114+0000] {logging_mixin.py:154} INFO - [2024-11-06T08:58:33.114+0000] {dag.py:3722} INFO - Setting next_dagrun for example_sla_dag to 2024-11-06T08:56:00+00:00, run_after=2024-11-06T08:58:00+00:00
[2024-11-06T08:58:33.120+0000] {processor.py:179} INFO - Processing /home/airflow/.local/lib/python3.8/site-packages/airflow/example_dags/example_sla_dag.py took 0.106 seconds
[2024-11-06T09:17:56.423+0000] {processor.py:157} INFO - Started process (PID=1725) to work on /home/airflow/.local/lib/python3.8/site-packages/airflow/example_dags/example_sla_dag.py
[2024-11-06T09:17:56.424+0000] {processor.py:829} INFO - Processing file /home/airflow/.local/lib/python3.8/site-packages/airflow/example_dags/example_sla_dag.py for tasks to queue
[2024-11-06T09:17:56.425+0000] {logging_mixin.py:154} INFO - [2024-11-06T09:17:56.425+0000] {dagbag.py:536} INFO - Filling up the DagBag from /home/airflow/.local/lib/python3.8/site-packages/airflow/example_dags/example_sla_dag.py
[2024-11-06T09:17:56.429+0000] {processor.py:839} INFO - DAG(s) dict_keys(['example_sla_dag']) retrieved from /home/airflow/.local/lib/python3.8/site-packages/airflow/example_dags/example_sla_dag.py
[2024-11-06T09:17:56.440+0000] {logging_mixin.py:154} INFO - [2024-11-06T09:17:56.440+0000] {dag.py:2941} INFO - Sync 1 DAGs
[2024-11-06T09:17:56.451+0000] {logging_mixin.py:154} INFO - [2024-11-06T09:17:56.451+0000] {dag.py:3722} INFO - Setting next_dagrun for example_sla_dag to 2024-11-06T09:14:00+00:00, run_after=2024-11-06T09:16:00+00:00
[2024-11-06T09:17:56.462+0000] {processor.py:179} INFO - Processing /home/airflow/.local/lib/python3.8/site-packages/airflow/example_dags/example_sla_dag.py took 0.041 seconds
[2024-11-06T09:29:43.366+0000] {processor.py:157} INFO - Started process (PID=1779) to work on /home/airflow/.local/lib/python3.8/site-packages/airflow/example_dags/example_sla_dag.py
[2024-11-06T09:29:43.366+0000] {processor.py:829} INFO - Processing file /home/airflow/.local/lib/python3.8/site-packages/airflow/example_dags/example_sla_dag.py for tasks to queue
[2024-11-06T09:29:43.367+0000] {logging_mixin.py:154} INFO - [2024-11-06T09:29:43.367+0000] {dagbag.py:536} INFO - Filling up the DagBag from /home/airflow/.local/lib/python3.8/site-packages/airflow/example_dags/example_sla_dag.py
[2024-11-06T09:29:43.372+0000] {processor.py:839} INFO - DAG(s) dict_keys(['example_sla_dag']) retrieved from /home/airflow/.local/lib/python3.8/site-packages/airflow/example_dags/example_sla_dag.py
[2024-11-06T09:29:43.381+0000] {logging_mixin.py:154} INFO - [2024-11-06T09:29:43.381+0000] {dag.py:2941} INFO - Sync 1 DAGs
[2024-11-06T09:29:43.391+0000] {logging_mixin.py:154} INFO - [2024-11-06T09:29:43.391+0000] {dag.py:3722} INFO - Setting next_dagrun for example_sla_dag to 2024-11-06T09:26:00+00:00, run_after=2024-11-06T09:28:00+00:00
[2024-11-06T09:29:43.400+0000] {processor.py:179} INFO - Processing /home/airflow/.local/lib/python3.8/site-packages/airflow/example_dags/example_sla_dag.py took 0.036 seconds
[2024-11-06T10:28:12.815+0000] {processor.py:157} INFO - Started process (PID=1833) to work on /home/airflow/.local/lib/python3.8/site-packages/airflow/example_dags/example_sla_dag.py
[2024-11-06T10:28:12.816+0000] {processor.py:829} INFO - Processing file /home/airflow/.local/lib/python3.8/site-packages/airflow/example_dags/example_sla_dag.py for tasks to queue
[2024-11-06T10:28:12.817+0000] {logging_mixin.py:154} INFO - [2024-11-06T10:28:12.817+0000] {dagbag.py:536} INFO - Filling up the DagBag from /home/airflow/.local/lib/python3.8/site-packages/airflow/example_dags/example_sla_dag.py
[2024-11-06T10:28:12.821+0000] {processor.py:839} INFO - DAG(s) dict_keys(['example_sla_dag']) retrieved from /home/airflow/.local/lib/python3.8/site-packages/airflow/example_dags/example_sla_dag.py
[2024-11-06T10:28:12.828+0000] {logging_mixin.py:154} INFO - [2024-11-06T10:28:12.828+0000] {dag.py:2941} INFO - Sync 1 DAGs
[2024-11-06T10:28:12.839+0000] {logging_mixin.py:154} INFO - [2024-11-06T10:28:12.839+0000] {dag.py:3722} INFO - Setting next_dagrun for example_sla_dag to 2024-11-06T10:26:00+00:00, run_after=2024-11-06T10:28:00+00:00
[2024-11-06T10:28:12.849+0000] {processor.py:179} INFO - Processing /home/airflow/.local/lib/python3.8/site-packages/airflow/example_dags/example_sla_dag.py took 0.035 seconds
[2024-11-06T11:31:02.971+0000] {processor.py:157} INFO - Started process (PID=1887) to work on /home/airflow/.local/lib/python3.8/site-packages/airflow/example_dags/example_sla_dag.py
[2024-11-06T11:31:02.972+0000] {processor.py:829} INFO - Processing file /home/airflow/.local/lib/python3.8/site-packages/airflow/example_dags/example_sla_dag.py for tasks to queue
[2024-11-06T11:31:02.977+0000] {logging_mixin.py:154} INFO - [2024-11-06T11:31:02.977+0000] {dagbag.py:536} INFO - Filling up the DagBag from /home/airflow/.local/lib/python3.8/site-packages/airflow/example_dags/example_sla_dag.py
[2024-11-06T11:31:02.991+0000] {processor.py:839} INFO - DAG(s) dict_keys(['example_sla_dag']) retrieved from /home/airflow/.local/lib/python3.8/site-packages/airflow/example_dags/example_sla_dag.py
[2024-11-06T11:31:03.012+0000] {logging_mixin.py:154} INFO - [2024-11-06T11:31:03.012+0000] {dag.py:2941} INFO - Sync 1 DAGs
[2024-11-06T11:31:03.037+0000] {logging_mixin.py:154} INFO - [2024-11-06T11:31:03.037+0000] {dag.py:3722} INFO - Setting next_dagrun for example_sla_dag to 2024-11-06T11:28:00+00:00, run_after=2024-11-06T11:30:00+00:00
[2024-11-06T11:31:03.061+0000] {processor.py:179} INFO - Processing /home/airflow/.local/lib/python3.8/site-packages/airflow/example_dags/example_sla_dag.py took 0.092 seconds
[2024-11-06T11:59:49.704+0000] {processor.py:157} INFO - Started process (PID=1941) to work on /home/airflow/.local/lib/python3.8/site-packages/airflow/example_dags/example_sla_dag.py
[2024-11-06T11:59:49.707+0000] {processor.py:829} INFO - Processing file /home/airflow/.local/lib/python3.8/site-packages/airflow/example_dags/example_sla_dag.py for tasks to queue
[2024-11-06T11:59:49.709+0000] {logging_mixin.py:154} INFO - [2024-11-06T11:59:49.709+0000] {dagbag.py:536} INFO - Filling up the DagBag from /home/airflow/.local/lib/python3.8/site-packages/airflow/example_dags/example_sla_dag.py
[2024-11-06T11:59:49.718+0000] {processor.py:839} INFO - DAG(s) dict_keys(['example_sla_dag']) retrieved from /home/airflow/.local/lib/python3.8/site-packages/airflow/example_dags/example_sla_dag.py
[2024-11-06T11:59:49.740+0000] {logging_mixin.py:154} INFO - [2024-11-06T11:59:49.740+0000] {dag.py:2941} INFO - Sync 1 DAGs
[2024-11-06T11:59:49.767+0000] {logging_mixin.py:154} INFO - [2024-11-06T11:59:49.767+0000] {dag.py:3722} INFO - Setting next_dagrun for example_sla_dag to 2024-11-06T11:56:00+00:00, run_after=2024-11-06T11:58:00+00:00
[2024-11-06T11:59:49.795+0000] {processor.py:179} INFO - Processing /home/airflow/.local/lib/python3.8/site-packages/airflow/example_dags/example_sla_dag.py took 0.093 seconds
[2024-11-06T12:50:46.922+0000] {processor.py:157} INFO - Started process (PID=1995) to work on /home/airflow/.local/lib/python3.8/site-packages/airflow/example_dags/example_sla_dag.py
[2024-11-06T12:50:46.922+0000] {processor.py:829} INFO - Processing file /home/airflow/.local/lib/python3.8/site-packages/airflow/example_dags/example_sla_dag.py for tasks to queue
[2024-11-06T12:50:46.923+0000] {logging_mixin.py:154} INFO - [2024-11-06T12:50:46.923+0000] {dagbag.py:536} INFO - Filling up the DagBag from /home/airflow/.local/lib/python3.8/site-packages/airflow/example_dags/example_sla_dag.py
[2024-11-06T12:50:46.927+0000] {processor.py:839} INFO - DAG(s) dict_keys(['example_sla_dag']) retrieved from /home/airflow/.local/lib/python3.8/site-packages/airflow/example_dags/example_sla_dag.py
[2024-11-06T12:50:46.935+0000] {logging_mixin.py:154} INFO - [2024-11-06T12:50:46.935+0000] {dag.py:2941} INFO - Sync 1 DAGs
[2024-11-06T12:50:46.945+0000] {logging_mixin.py:154} INFO - [2024-11-06T12:50:46.944+0000] {dag.py:3722} INFO - Setting next_dagrun for example_sla_dag to 2024-11-06T12:48:00+00:00, run_after=2024-11-06T12:50:00+00:00
[2024-11-06T12:50:46.951+0000] {processor.py:179} INFO - Processing /home/airflow/.local/lib/python3.8/site-packages/airflow/example_dags/example_sla_dag.py took 0.031 seconds
[2024-11-06T12:52:35.108+0000] {processor.py:157} INFO - Started process (PID=2049) to work on /home/airflow/.local/lib/python3.8/site-packages/airflow/example_dags/example_sla_dag.py
[2024-11-06T12:52:35.108+0000] {processor.py:829} INFO - Processing file /home/airflow/.local/lib/python3.8/site-packages/airflow/example_dags/example_sla_dag.py for tasks to queue
[2024-11-06T12:52:35.109+0000] {logging_mixin.py:154} INFO - [2024-11-06T12:52:35.109+0000] {dagbag.py:536} INFO - Filling up the DagBag from /home/airflow/.local/lib/python3.8/site-packages/airflow/example_dags/example_sla_dag.py
[2024-11-06T12:52:35.113+0000] {processor.py:839} INFO - DAG(s) dict_keys(['example_sla_dag']) retrieved from /home/airflow/.local/lib/python3.8/site-packages/airflow/example_dags/example_sla_dag.py
[2024-11-06T12:52:35.123+0000] {logging_mixin.py:154} INFO - [2024-11-06T12:52:35.123+0000] {dag.py:2941} INFO - Sync 1 DAGs
[2024-11-06T12:52:35.133+0000] {logging_mixin.py:154} INFO - [2024-11-06T12:52:35.133+0000] {dag.py:3722} INFO - Setting next_dagrun for example_sla_dag to 2024-11-06T12:50:00+00:00, run_after=2024-11-06T12:52:00+00:00
[2024-11-06T12:52:35.139+0000] {processor.py:179} INFO - Processing /home/airflow/.local/lib/python3.8/site-packages/airflow/example_dags/example_sla_dag.py took 0.033 seconds
[2024-11-06T13:07:16.437+0000] {processor.py:157} INFO - Started process (PID=2103) to work on /home/airflow/.local/lib/python3.8/site-packages/airflow/example_dags/example_sla_dag.py
[2024-11-06T13:07:16.439+0000] {processor.py:829} INFO - Processing file /home/airflow/.local/lib/python3.8/site-packages/airflow/example_dags/example_sla_dag.py for tasks to queue
[2024-11-06T13:07:16.441+0000] {logging_mixin.py:154} INFO - [2024-11-06T13:07:16.441+0000] {dagbag.py:536} INFO - Filling up the DagBag from /home/airflow/.local/lib/python3.8/site-packages/airflow/example_dags/example_sla_dag.py
[2024-11-06T13:07:16.450+0000] {processor.py:839} INFO - DAG(s) dict_keys(['example_sla_dag']) retrieved from /home/airflow/.local/lib/python3.8/site-packages/airflow/example_dags/example_sla_dag.py
[2024-11-06T13:07:16.466+0000] {logging_mixin.py:154} INFO - [2024-11-06T13:07:16.466+0000] {dag.py:2941} INFO - Sync 1 DAGs
[2024-11-06T13:07:16.489+0000] {logging_mixin.py:154} INFO - [2024-11-06T13:07:16.489+0000] {dag.py:3722} INFO - Setting next_dagrun for example_sla_dag to 2024-11-06T13:04:00+00:00, run_after=2024-11-06T13:06:00+00:00
[2024-11-06T13:07:16.502+0000] {processor.py:179} INFO - Processing /home/airflow/.local/lib/python3.8/site-packages/airflow/example_dags/example_sla_dag.py took 0.069 seconds
[2024-11-06T13:47:31.047+0000] {processor.py:157} INFO - Started process (PID=2157) to work on /home/airflow/.local/lib/python3.8/site-packages/airflow/example_dags/example_sla_dag.py
[2024-11-06T13:47:31.048+0000] {processor.py:829} INFO - Processing file /home/airflow/.local/lib/python3.8/site-packages/airflow/example_dags/example_sla_dag.py for tasks to queue
[2024-11-06T13:47:31.050+0000] {logging_mixin.py:154} INFO - [2024-11-06T13:47:31.050+0000] {dagbag.py:536} INFO - Filling up the DagBag from /home/airflow/.local/lib/python3.8/site-packages/airflow/example_dags/example_sla_dag.py
[2024-11-06T13:47:31.060+0000] {processor.py:839} INFO - DAG(s) dict_keys(['example_sla_dag']) retrieved from /home/airflow/.local/lib/python3.8/site-packages/airflow/example_dags/example_sla_dag.py
[2024-11-06T13:47:31.082+0000] {logging_mixin.py:154} INFO - [2024-11-06T13:47:31.082+0000] {dag.py:2941} INFO - Sync 1 DAGs
[2024-11-06T13:47:31.107+0000] {logging_mixin.py:154} INFO - [2024-11-06T13:47:31.107+0000] {dag.py:3722} INFO - Setting next_dagrun for example_sla_dag to 2024-11-06T13:44:00+00:00, run_after=2024-11-06T13:46:00+00:00
[2024-11-06T13:47:31.129+0000] {processor.py:179} INFO - Processing /home/airflow/.local/lib/python3.8/site-packages/airflow/example_dags/example_sla_dag.py took 0.085 seconds
[2024-11-06T13:55:16.864+0000] {processor.py:157} INFO - Started process (PID=2211) to work on /home/airflow/.local/lib/python3.8/site-packages/airflow/example_dags/example_sla_dag.py
[2024-11-06T13:55:16.868+0000] {processor.py:829} INFO - Processing file /home/airflow/.local/lib/python3.8/site-packages/airflow/example_dags/example_sla_dag.py for tasks to queue
[2024-11-06T13:55:16.871+0000] {logging_mixin.py:154} INFO - [2024-11-06T13:55:16.871+0000] {dagbag.py:536} INFO - Filling up the DagBag from /home/airflow/.local/lib/python3.8/site-packages/airflow/example_dags/example_sla_dag.py
[2024-11-06T13:55:16.878+0000] {processor.py:839} INFO - DAG(s) dict_keys(['example_sla_dag']) retrieved from /home/airflow/.local/lib/python3.8/site-packages/airflow/example_dags/example_sla_dag.py
[2024-11-06T13:55:16.897+0000] {logging_mixin.py:154} INFO - [2024-11-06T13:55:16.897+0000] {dag.py:2941} INFO - Sync 1 DAGs
[2024-11-06T13:55:16.917+0000] {logging_mixin.py:154} INFO - [2024-11-06T13:55:16.917+0000] {dag.py:3722} INFO - Setting next_dagrun for example_sla_dag to 2024-11-06T13:52:00+00:00, run_after=2024-11-06T13:54:00+00:00
[2024-11-06T13:55:16.947+0000] {processor.py:179} INFO - Processing /home/airflow/.local/lib/python3.8/site-packages/airflow/example_dags/example_sla_dag.py took 0.086 seconds
[2024-11-06T14:00:21.191+0000] {processor.py:157} INFO - Started process (PID=2265) to work on /home/airflow/.local/lib/python3.8/site-packages/airflow/example_dags/example_sla_dag.py
[2024-11-06T14:00:21.191+0000] {processor.py:829} INFO - Processing file /home/airflow/.local/lib/python3.8/site-packages/airflow/example_dags/example_sla_dag.py for tasks to queue
[2024-11-06T14:00:21.192+0000] {logging_mixin.py:154} INFO - [2024-11-06T14:00:21.192+0000] {dagbag.py:536} INFO - Filling up the DagBag from /home/airflow/.local/lib/python3.8/site-packages/airflow/example_dags/example_sla_dag.py
[2024-11-06T14:00:21.197+0000] {processor.py:839} INFO - DAG(s) dict_keys(['example_sla_dag']) retrieved from /home/airflow/.local/lib/python3.8/site-packages/airflow/example_dags/example_sla_dag.py
[2024-11-06T14:00:21.210+0000] {logging_mixin.py:154} INFO - [2024-11-06T14:00:21.210+0000] {dag.py:2941} INFO - Sync 1 DAGs
[2024-11-06T14:00:21.220+0000] {logging_mixin.py:154} INFO - [2024-11-06T14:00:21.220+0000] {dag.py:3722} INFO - Setting next_dagrun for example_sla_dag to 2024-11-06T13:58:00+00:00, run_after=2024-11-06T14:00:00+00:00
[2024-11-06T14:00:21.228+0000] {processor.py:179} INFO - Processing /home/airflow/.local/lib/python3.8/site-packages/airflow/example_dags/example_sla_dag.py took 0.039 seconds
[2024-11-06T14:05:41.651+0000] {processor.py:157} INFO - Started process (PID=2319) to work on /home/airflow/.local/lib/python3.8/site-packages/airflow/example_dags/example_sla_dag.py
[2024-11-06T14:05:41.652+0000] {processor.py:829} INFO - Processing file /home/airflow/.local/lib/python3.8/site-packages/airflow/example_dags/example_sla_dag.py for tasks to queue
[2024-11-06T14:05:41.656+0000] {logging_mixin.py:154} INFO - [2024-11-06T14:05:41.656+0000] {dagbag.py:536} INFO - Filling up the DagBag from /home/airflow/.local/lib/python3.8/site-packages/airflow/example_dags/example_sla_dag.py
[2024-11-06T14:05:41.668+0000] {processor.py:839} INFO - DAG(s) dict_keys(['example_sla_dag']) retrieved from /home/airflow/.local/lib/python3.8/site-packages/airflow/example_dags/example_sla_dag.py
[2024-11-06T14:05:41.692+0000] {logging_mixin.py:154} INFO - [2024-11-06T14:05:41.692+0000] {dag.py:2941} INFO - Sync 1 DAGs
[2024-11-06T14:05:41.719+0000] {logging_mixin.py:154} INFO - [2024-11-06T14:05:41.718+0000] {dag.py:3722} INFO - Setting next_dagrun for example_sla_dag to 2024-11-06T14:02:00+00:00, run_after=2024-11-06T14:04:00+00:00
[2024-11-06T14:05:41.747+0000] {processor.py:179} INFO - Processing /home/airflow/.local/lib/python3.8/site-packages/airflow/example_dags/example_sla_dag.py took 0.101 seconds
[2024-11-06T14:09:55.662+0000] {processor.py:157} INFO - Started process (PID=2373) to work on /home/airflow/.local/lib/python3.8/site-packages/airflow/example_dags/example_sla_dag.py
[2024-11-06T14:09:55.663+0000] {processor.py:829} INFO - Processing file /home/airflow/.local/lib/python3.8/site-packages/airflow/example_dags/example_sla_dag.py for tasks to queue
[2024-11-06T14:09:55.665+0000] {logging_mixin.py:154} INFO - [2024-11-06T14:09:55.665+0000] {dagbag.py:536} INFO - Filling up the DagBag from /home/airflow/.local/lib/python3.8/site-packages/airflow/example_dags/example_sla_dag.py
[2024-11-06T14:09:55.672+0000] {processor.py:839} INFO - DAG(s) dict_keys(['example_sla_dag']) retrieved from /home/airflow/.local/lib/python3.8/site-packages/airflow/example_dags/example_sla_dag.py
[2024-11-06T14:09:55.696+0000] {logging_mixin.py:154} INFO - [2024-11-06T14:09:55.695+0000] {dag.py:2941} INFO - Sync 1 DAGs
[2024-11-06T14:09:55.728+0000] {logging_mixin.py:154} INFO - [2024-11-06T14:09:55.727+0000] {dag.py:3722} INFO - Setting next_dagrun for example_sla_dag to 2024-11-06T14:06:00+00:00, run_after=2024-11-06T14:08:00+00:00
[2024-11-06T14:09:55.753+0000] {processor.py:179} INFO - Processing /home/airflow/.local/lib/python3.8/site-packages/airflow/example_dags/example_sla_dag.py took 0.093 seconds
[2024-11-06T14:16:57.182+0000] {processor.py:157} INFO - Started process (PID=2427) to work on /home/airflow/.local/lib/python3.8/site-packages/airflow/example_dags/example_sla_dag.py
[2024-11-06T14:16:57.184+0000] {processor.py:829} INFO - Processing file /home/airflow/.local/lib/python3.8/site-packages/airflow/example_dags/example_sla_dag.py for tasks to queue
[2024-11-06T14:16:57.186+0000] {logging_mixin.py:154} INFO - [2024-11-06T14:16:57.186+0000] {dagbag.py:536} INFO - Filling up the DagBag from /home/airflow/.local/lib/python3.8/site-packages/airflow/example_dags/example_sla_dag.py
[2024-11-06T14:16:57.192+0000] {processor.py:839} INFO - DAG(s) dict_keys(['example_sla_dag']) retrieved from /home/airflow/.local/lib/python3.8/site-packages/airflow/example_dags/example_sla_dag.py
[2024-11-06T14:16:57.204+0000] {logging_mixin.py:154} INFO - [2024-11-06T14:16:57.204+0000] {dag.py:2941} INFO - Sync 1 DAGs
[2024-11-06T14:16:57.215+0000] {logging_mixin.py:154} INFO - [2024-11-06T14:16:57.215+0000] {dag.py:3722} INFO - Setting next_dagrun for example_sla_dag to 2024-11-06T14:14:00+00:00, run_after=2024-11-06T14:16:00+00:00
[2024-11-06T14:16:57.225+0000] {processor.py:179} INFO - Processing /home/airflow/.local/lib/python3.8/site-packages/airflow/example_dags/example_sla_dag.py took 0.044 seconds
[2024-11-06T14:23:14.677+0000] {processor.py:157} INFO - Started process (PID=2481) to work on /home/airflow/.local/lib/python3.8/site-packages/airflow/example_dags/example_sla_dag.py
[2024-11-06T14:23:14.679+0000] {processor.py:829} INFO - Processing file /home/airflow/.local/lib/python3.8/site-packages/airflow/example_dags/example_sla_dag.py for tasks to queue
[2024-11-06T14:23:14.684+0000] {logging_mixin.py:154} INFO - [2024-11-06T14:23:14.684+0000] {dagbag.py:536} INFO - Filling up the DagBag from /home/airflow/.local/lib/python3.8/site-packages/airflow/example_dags/example_sla_dag.py
[2024-11-06T14:23:14.695+0000] {processor.py:839} INFO - DAG(s) dict_keys(['example_sla_dag']) retrieved from /home/airflow/.local/lib/python3.8/site-packages/airflow/example_dags/example_sla_dag.py
[2024-11-06T14:23:14.715+0000] {logging_mixin.py:154} INFO - [2024-11-06T14:23:14.715+0000] {dag.py:2941} INFO - Sync 1 DAGs
[2024-11-06T14:23:14.747+0000] {logging_mixin.py:154} INFO - [2024-11-06T14:23:14.746+0000] {dag.py:3722} INFO - Setting next_dagrun for example_sla_dag to 2024-11-06T14:20:00+00:00, run_after=2024-11-06T14:22:00+00:00
[2024-11-06T14:23:14.770+0000] {processor.py:179} INFO - Processing /home/airflow/.local/lib/python3.8/site-packages/airflow/example_dags/example_sla_dag.py took 0.098 seconds
[2024-11-06T14:31:01.222+0000] {processor.py:157} INFO - Started process (PID=2534) to work on /home/airflow/.local/lib/python3.8/site-packages/airflow/example_dags/example_sla_dag.py
[2024-11-06T14:31:01.223+0000] {processor.py:829} INFO - Processing file /home/airflow/.local/lib/python3.8/site-packages/airflow/example_dags/example_sla_dag.py for tasks to queue
[2024-11-06T14:31:01.224+0000] {logging_mixin.py:154} INFO - [2024-11-06T14:31:01.224+0000] {dagbag.py:536} INFO - Filling up the DagBag from /home/airflow/.local/lib/python3.8/site-packages/airflow/example_dags/example_sla_dag.py
[2024-11-06T14:31:01.230+0000] {processor.py:839} INFO - DAG(s) dict_keys(['example_sla_dag']) retrieved from /home/airflow/.local/lib/python3.8/site-packages/airflow/example_dags/example_sla_dag.py
[2024-11-06T14:31:01.242+0000] {logging_mixin.py:154} INFO - [2024-11-06T14:31:01.242+0000] {dag.py:2941} INFO - Sync 1 DAGs
[2024-11-06T14:31:01.256+0000] {logging_mixin.py:154} INFO - [2024-11-06T14:31:01.256+0000] {dag.py:3722} INFO - Setting next_dagrun for example_sla_dag to 2024-11-06T14:28:00+00:00, run_after=2024-11-06T14:30:00+00:00
[2024-11-06T14:31:01.268+0000] {processor.py:179} INFO - Processing /home/airflow/.local/lib/python3.8/site-packages/airflow/example_dags/example_sla_dag.py took 0.048 seconds
[2024-11-06T14:36:35.982+0000] {processor.py:157} INFO - Started process (PID=2587) to work on /home/airflow/.local/lib/python3.8/site-packages/airflow/example_dags/example_sla_dag.py
[2024-11-06T14:36:35.983+0000] {processor.py:829} INFO - Processing file /home/airflow/.local/lib/python3.8/site-packages/airflow/example_dags/example_sla_dag.py for tasks to queue
[2024-11-06T14:36:35.986+0000] {logging_mixin.py:154} INFO - [2024-11-06T14:36:35.985+0000] {dagbag.py:536} INFO - Filling up the DagBag from /home/airflow/.local/lib/python3.8/site-packages/airflow/example_dags/example_sla_dag.py
[2024-11-06T14:36:35.994+0000] {processor.py:839} INFO - DAG(s) dict_keys(['example_sla_dag']) retrieved from /home/airflow/.local/lib/python3.8/site-packages/airflow/example_dags/example_sla_dag.py
[2024-11-06T14:36:36.011+0000] {logging_mixin.py:154} INFO - [2024-11-06T14:36:36.011+0000] {dag.py:2941} INFO - Sync 1 DAGs
[2024-11-06T14:36:36.038+0000] {logging_mixin.py:154} INFO - [2024-11-06T14:36:36.038+0000] {dag.py:3722} INFO - Setting next_dagrun for example_sla_dag to 2024-11-06T14:34:00+00:00, run_after=2024-11-06T14:36:00+00:00
[2024-11-06T14:36:36.060+0000] {processor.py:179} INFO - Processing /home/airflow/.local/lib/python3.8/site-packages/airflow/example_dags/example_sla_dag.py took 0.082 seconds
[2024-11-06T15:02:52.068+0000] {processor.py:157} INFO - Started process (PID=2641) to work on /home/airflow/.local/lib/python3.8/site-packages/airflow/example_dags/example_sla_dag.py
[2024-11-06T15:02:52.069+0000] {processor.py:829} INFO - Processing file /home/airflow/.local/lib/python3.8/site-packages/airflow/example_dags/example_sla_dag.py for tasks to queue
[2024-11-06T15:02:52.070+0000] {logging_mixin.py:154} INFO - [2024-11-06T15:02:52.070+0000] {dagbag.py:536} INFO - Filling up the DagBag from /home/airflow/.local/lib/python3.8/site-packages/airflow/example_dags/example_sla_dag.py
[2024-11-06T15:02:52.074+0000] {processor.py:839} INFO - DAG(s) dict_keys(['example_sla_dag']) retrieved from /home/airflow/.local/lib/python3.8/site-packages/airflow/example_dags/example_sla_dag.py
[2024-11-06T15:02:52.083+0000] {logging_mixin.py:154} INFO - [2024-11-06T15:02:52.083+0000] {dag.py:2941} INFO - Sync 1 DAGs
[2024-11-06T15:02:52.094+0000] {logging_mixin.py:154} INFO - [2024-11-06T15:02:52.094+0000] {dag.py:3722} INFO - Setting next_dagrun for example_sla_dag to 2024-11-06T15:00:00+00:00, run_after=2024-11-06T15:02:00+00:00
[2024-11-06T15:02:52.104+0000] {processor.py:179} INFO - Processing /home/airflow/.local/lib/python3.8/site-packages/airflow/example_dags/example_sla_dag.py took 0.037 seconds
[2024-11-06T15:37:16.527+0000] {processor.py:157} INFO - Started process (PID=2695) to work on /home/airflow/.local/lib/python3.8/site-packages/airflow/example_dags/example_sla_dag.py
[2024-11-06T15:37:16.528+0000] {processor.py:829} INFO - Processing file /home/airflow/.local/lib/python3.8/site-packages/airflow/example_dags/example_sla_dag.py for tasks to queue
[2024-11-06T15:37:16.529+0000] {logging_mixin.py:154} INFO - [2024-11-06T15:37:16.529+0000] {dagbag.py:536} INFO - Filling up the DagBag from /home/airflow/.local/lib/python3.8/site-packages/airflow/example_dags/example_sla_dag.py
[2024-11-06T15:37:16.538+0000] {processor.py:839} INFO - DAG(s) dict_keys(['example_sla_dag']) retrieved from /home/airflow/.local/lib/python3.8/site-packages/airflow/example_dags/example_sla_dag.py
[2024-11-06T15:37:16.559+0000] {logging_mixin.py:154} INFO - [2024-11-06T15:37:16.559+0000] {dag.py:2941} INFO - Sync 1 DAGs
[2024-11-06T15:37:16.584+0000] {logging_mixin.py:154} INFO - [2024-11-06T15:37:16.584+0000] {dag.py:3722} INFO - Setting next_dagrun for example_sla_dag to 2024-11-06T15:34:00+00:00, run_after=2024-11-06T15:36:00+00:00
[2024-11-06T15:37:16.605+0000] {processor.py:179} INFO - Processing /home/airflow/.local/lib/python3.8/site-packages/airflow/example_dags/example_sla_dag.py took 0.081 seconds
[2024-11-06T15:48:08.992+0000] {processor.py:157} INFO - Started process (PID=2749) to work on /home/airflow/.local/lib/python3.8/site-packages/airflow/example_dags/example_sla_dag.py
[2024-11-06T15:48:08.992+0000] {processor.py:829} INFO - Processing file /home/airflow/.local/lib/python3.8/site-packages/airflow/example_dags/example_sla_dag.py for tasks to queue
[2024-11-06T15:48:08.994+0000] {logging_mixin.py:154} INFO - [2024-11-06T15:48:08.994+0000] {dagbag.py:536} INFO - Filling up the DagBag from /home/airflow/.local/lib/python3.8/site-packages/airflow/example_dags/example_sla_dag.py
[2024-11-06T15:48:08.998+0000] {processor.py:839} INFO - DAG(s) dict_keys(['example_sla_dag']) retrieved from /home/airflow/.local/lib/python3.8/site-packages/airflow/example_dags/example_sla_dag.py
[2024-11-06T15:48:09.007+0000] {logging_mixin.py:154} INFO - [2024-11-06T15:48:09.007+0000] {dag.py:2941} INFO - Sync 1 DAGs
[2024-11-06T15:48:09.019+0000] {logging_mixin.py:154} INFO - [2024-11-06T15:48:09.019+0000] {dag.py:3722} INFO - Setting next_dagrun for example_sla_dag to 2024-11-06T15:46:00+00:00, run_after=2024-11-06T15:48:00+00:00
[2024-11-06T15:48:09.027+0000] {processor.py:179} INFO - Processing /home/airflow/.local/lib/python3.8/site-packages/airflow/example_dags/example_sla_dag.py took 0.037 seconds
[2024-11-06T16:49:02.802+0000] {processor.py:157} INFO - Started process (PID=2803) to work on /home/airflow/.local/lib/python3.8/site-packages/airflow/example_dags/example_sla_dag.py
[2024-11-06T16:49:02.803+0000] {processor.py:829} INFO - Processing file /home/airflow/.local/lib/python3.8/site-packages/airflow/example_dags/example_sla_dag.py for tasks to queue
[2024-11-06T16:49:02.805+0000] {logging_mixin.py:154} INFO - [2024-11-06T16:49:02.805+0000] {dagbag.py:536} INFO - Filling up the DagBag from /home/airflow/.local/lib/python3.8/site-packages/airflow/example_dags/example_sla_dag.py
[2024-11-06T16:49:02.810+0000] {processor.py:839} INFO - DAG(s) dict_keys(['example_sla_dag']) retrieved from /home/airflow/.local/lib/python3.8/site-packages/airflow/example_dags/example_sla_dag.py
[2024-11-06T16:49:02.824+0000] {logging_mixin.py:154} INFO - [2024-11-06T16:49:02.824+0000] {dag.py:2941} INFO - Sync 1 DAGs
[2024-11-06T16:49:02.846+0000] {logging_mixin.py:154} INFO - [2024-11-06T16:49:02.845+0000] {dag.py:3722} INFO - Setting next_dagrun for example_sla_dag to 2024-11-06T16:46:00+00:00, run_after=2024-11-06T16:48:00+00:00
[2024-11-06T16:49:02.875+0000] {processor.py:179} INFO - Processing /home/airflow/.local/lib/python3.8/site-packages/airflow/example_dags/example_sla_dag.py took 0.075 seconds
[2024-11-06T16:49:56.189+0000] {processor.py:157} INFO - Started process (PID=2857) to work on /home/airflow/.local/lib/python3.8/site-packages/airflow/example_dags/example_sla_dag.py
[2024-11-06T16:49:56.193+0000] {processor.py:829} INFO - Processing file /home/airflow/.local/lib/python3.8/site-packages/airflow/example_dags/example_sla_dag.py for tasks to queue
[2024-11-06T16:49:56.195+0000] {logging_mixin.py:154} INFO - [2024-11-06T16:49:56.195+0000] {dagbag.py:536} INFO - Filling up the DagBag from /home/airflow/.local/lib/python3.8/site-packages/airflow/example_dags/example_sla_dag.py
[2024-11-06T16:49:56.202+0000] {processor.py:839} INFO - DAG(s) dict_keys(['example_sla_dag']) retrieved from /home/airflow/.local/lib/python3.8/site-packages/airflow/example_dags/example_sla_dag.py
[2024-11-06T16:49:56.212+0000] {logging_mixin.py:154} INFO - [2024-11-06T16:49:56.212+0000] {dag.py:2941} INFO - Sync 1 DAGs
[2024-11-06T16:49:56.223+0000] {logging_mixin.py:154} INFO - [2024-11-06T16:49:56.223+0000] {dag.py:3722} INFO - Setting next_dagrun for example_sla_dag to 2024-11-06T16:46:00+00:00, run_after=2024-11-06T16:48:00+00:00
[2024-11-06T16:49:56.235+0000] {processor.py:179} INFO - Processing /home/airflow/.local/lib/python3.8/site-packages/airflow/example_dags/example_sla_dag.py took 0.047 seconds
[2024-11-06T17:40:07.435+0000] {processor.py:157} INFO - Started process (PID=2911) to work on /home/airflow/.local/lib/python3.8/site-packages/airflow/example_dags/example_sla_dag.py
[2024-11-06T17:40:07.436+0000] {processor.py:829} INFO - Processing file /home/airflow/.local/lib/python3.8/site-packages/airflow/example_dags/example_sla_dag.py for tasks to queue
[2024-11-06T17:40:07.439+0000] {logging_mixin.py:154} INFO - [2024-11-06T17:40:07.439+0000] {dagbag.py:536} INFO - Filling up the DagBag from /home/airflow/.local/lib/python3.8/site-packages/airflow/example_dags/example_sla_dag.py
[2024-11-06T17:40:07.446+0000] {processor.py:839} INFO - DAG(s) dict_keys(['example_sla_dag']) retrieved from /home/airflow/.local/lib/python3.8/site-packages/airflow/example_dags/example_sla_dag.py
[2024-11-06T17:40:07.467+0000] {logging_mixin.py:154} INFO - [2024-11-06T17:40:07.467+0000] {dag.py:2941} INFO - Sync 1 DAGs
[2024-11-06T17:40:07.486+0000] {logging_mixin.py:154} INFO - [2024-11-06T17:40:07.485+0000] {dag.py:3722} INFO - Setting next_dagrun for example_sla_dag to 2024-11-06T17:38:00+00:00, run_after=2024-11-06T17:40:00+00:00
[2024-11-06T17:40:07.510+0000] {processor.py:179} INFO - Processing /home/airflow/.local/lib/python3.8/site-packages/airflow/example_dags/example_sla_dag.py took 0.078 seconds
[2024-11-06T18:40:20.135+0000] {processor.py:157} INFO - Started process (PID=2965) to work on /home/airflow/.local/lib/python3.8/site-packages/airflow/example_dags/example_sla_dag.py
[2024-11-06T18:40:20.135+0000] {processor.py:829} INFO - Processing file /home/airflow/.local/lib/python3.8/site-packages/airflow/example_dags/example_sla_dag.py for tasks to queue
[2024-11-06T18:40:20.137+0000] {logging_mixin.py:154} INFO - [2024-11-06T18:40:20.137+0000] {dagbag.py:536} INFO - Filling up the DagBag from /home/airflow/.local/lib/python3.8/site-packages/airflow/example_dags/example_sla_dag.py
[2024-11-06T18:40:20.146+0000] {processor.py:839} INFO - DAG(s) dict_keys(['example_sla_dag']) retrieved from /home/airflow/.local/lib/python3.8/site-packages/airflow/example_dags/example_sla_dag.py
[2024-11-06T18:40:20.164+0000] {logging_mixin.py:154} INFO - [2024-11-06T18:40:20.163+0000] {dag.py:2941} INFO - Sync 1 DAGs
[2024-11-06T18:40:20.185+0000] {logging_mixin.py:154} INFO - [2024-11-06T18:40:20.185+0000] {dag.py:3722} INFO - Setting next_dagrun for example_sla_dag to 2024-11-06T18:38:00+00:00, run_after=2024-11-06T18:40:00+00:00
[2024-11-06T18:40:20.207+0000] {processor.py:179} INFO - Processing /home/airflow/.local/lib/python3.8/site-packages/airflow/example_dags/example_sla_dag.py took 0.075 seconds
[2024-11-06T19:56:54.356+0000] {processor.py:157} INFO - Started process (PID=3019) to work on /home/airflow/.local/lib/python3.8/site-packages/airflow/example_dags/example_sla_dag.py
[2024-11-06T19:56:54.356+0000] {processor.py:829} INFO - Processing file /home/airflow/.local/lib/python3.8/site-packages/airflow/example_dags/example_sla_dag.py for tasks to queue
[2024-11-06T19:56:54.357+0000] {logging_mixin.py:154} INFO - [2024-11-06T19:56:54.357+0000] {dagbag.py:536} INFO - Filling up the DagBag from /home/airflow/.local/lib/python3.8/site-packages/airflow/example_dags/example_sla_dag.py
[2024-11-06T19:56:54.362+0000] {processor.py:839} INFO - DAG(s) dict_keys(['example_sla_dag']) retrieved from /home/airflow/.local/lib/python3.8/site-packages/airflow/example_dags/example_sla_dag.py
[2024-11-06T19:56:54.371+0000] {logging_mixin.py:154} INFO - [2024-11-06T19:56:54.371+0000] {dag.py:2941} INFO - Sync 1 DAGs
[2024-11-06T19:56:54.381+0000] {logging_mixin.py:154} INFO - [2024-11-06T19:56:54.381+0000] {dag.py:3722} INFO - Setting next_dagrun for example_sla_dag to 2024-11-06T19:54:00+00:00, run_after=2024-11-06T19:56:00+00:00
[2024-11-06T19:56:54.392+0000] {processor.py:179} INFO - Processing /home/airflow/.local/lib/python3.8/site-packages/airflow/example_dags/example_sla_dag.py took 0.038 seconds
[2024-11-06T20:41:40.717+0000] {processor.py:157} INFO - Started process (PID=3073) to work on /home/airflow/.local/lib/python3.8/site-packages/airflow/example_dags/example_sla_dag.py
[2024-11-06T20:41:40.718+0000] {processor.py:829} INFO - Processing file /home/airflow/.local/lib/python3.8/site-packages/airflow/example_dags/example_sla_dag.py for tasks to queue
[2024-11-06T20:41:40.720+0000] {logging_mixin.py:154} INFO - [2024-11-06T20:41:40.719+0000] {dagbag.py:536} INFO - Filling up the DagBag from /home/airflow/.local/lib/python3.8/site-packages/airflow/example_dags/example_sla_dag.py
[2024-11-06T20:41:40.724+0000] {processor.py:839} INFO - DAG(s) dict_keys(['example_sla_dag']) retrieved from /home/airflow/.local/lib/python3.8/site-packages/airflow/example_dags/example_sla_dag.py
[2024-11-06T20:41:40.744+0000] {logging_mixin.py:154} INFO - [2024-11-06T20:41:40.744+0000] {dag.py:2941} INFO - Sync 1 DAGs
[2024-11-06T20:41:40.771+0000] {logging_mixin.py:154} INFO - [2024-11-06T20:41:40.771+0000] {dag.py:3722} INFO - Setting next_dagrun for example_sla_dag to 2024-11-06T20:38:00+00:00, run_after=2024-11-06T20:40:00+00:00
[2024-11-06T20:41:40.801+0000] {processor.py:179} INFO - Processing /home/airflow/.local/lib/python3.8/site-packages/airflow/example_dags/example_sla_dag.py took 0.086 seconds
[2024-11-06T22:09:49.772+0000] {processor.py:157} INFO - Started process (PID=3127) to work on /home/airflow/.local/lib/python3.8/site-packages/airflow/example_dags/example_sla_dag.py
[2024-11-06T22:09:49.773+0000] {processor.py:829} INFO - Processing file /home/airflow/.local/lib/python3.8/site-packages/airflow/example_dags/example_sla_dag.py for tasks to queue
[2024-11-06T22:09:49.774+0000] {logging_mixin.py:154} INFO - [2024-11-06T22:09:49.773+0000] {dagbag.py:536} INFO - Filling up the DagBag from /home/airflow/.local/lib/python3.8/site-packages/airflow/example_dags/example_sla_dag.py
[2024-11-06T22:09:49.777+0000] {processor.py:839} INFO - DAG(s) dict_keys(['example_sla_dag']) retrieved from /home/airflow/.local/lib/python3.8/site-packages/airflow/example_dags/example_sla_dag.py
[2024-11-06T22:09:49.785+0000] {logging_mixin.py:154} INFO - [2024-11-06T22:09:49.785+0000] {dag.py:2941} INFO - Sync 1 DAGs
[2024-11-06T22:09:49.794+0000] {logging_mixin.py:154} INFO - [2024-11-06T22:09:49.794+0000] {dag.py:3722} INFO - Setting next_dagrun for example_sla_dag to 2024-11-06T22:06:00+00:00, run_after=2024-11-06T22:08:00+00:00
[2024-11-06T22:09:49.801+0000] {processor.py:179} INFO - Processing /home/airflow/.local/lib/python3.8/site-packages/airflow/example_dags/example_sla_dag.py took 0.031 seconds
[2024-11-06T23:10:56.157+0000] {processor.py:157} INFO - Started process (PID=3181) to work on /home/airflow/.local/lib/python3.8/site-packages/airflow/example_dags/example_sla_dag.py
[2024-11-06T23:10:56.163+0000] {processor.py:829} INFO - Processing file /home/airflow/.local/lib/python3.8/site-packages/airflow/example_dags/example_sla_dag.py for tasks to queue
[2024-11-06T23:10:56.167+0000] {logging_mixin.py:154} INFO - [2024-11-06T23:10:56.166+0000] {dagbag.py:536} INFO - Filling up the DagBag from /home/airflow/.local/lib/python3.8/site-packages/airflow/example_dags/example_sla_dag.py
[2024-11-06T23:10:56.176+0000] {processor.py:839} INFO - DAG(s) dict_keys(['example_sla_dag']) retrieved from /home/airflow/.local/lib/python3.8/site-packages/airflow/example_dags/example_sla_dag.py
[2024-11-06T23:10:56.210+0000] {logging_mixin.py:154} INFO - [2024-11-06T23:10:56.210+0000] {dag.py:2941} INFO - Sync 1 DAGs
[2024-11-06T23:10:56.225+0000] {logging_mixin.py:154} INFO - [2024-11-06T23:10:56.225+0000] {dag.py:3722} INFO - Setting next_dagrun for example_sla_dag to 2024-11-06T23:08:00+00:00, run_after=2024-11-06T23:10:00+00:00
[2024-11-06T23:10:56.234+0000] {processor.py:179} INFO - Processing /home/airflow/.local/lib/python3.8/site-packages/airflow/example_dags/example_sla_dag.py took 0.079 seconds
[2024-11-06T23:49:20.621+0000] {processor.py:157} INFO - Started process (PID=3235) to work on /home/airflow/.local/lib/python3.8/site-packages/airflow/example_dags/example_sla_dag.py
[2024-11-06T23:49:20.622+0000] {processor.py:829} INFO - Processing file /home/airflow/.local/lib/python3.8/site-packages/airflow/example_dags/example_sla_dag.py for tasks to queue
[2024-11-06T23:49:20.627+0000] {logging_mixin.py:154} INFO - [2024-11-06T23:49:20.627+0000] {dagbag.py:536} INFO - Filling up the DagBag from /home/airflow/.local/lib/python3.8/site-packages/airflow/example_dags/example_sla_dag.py
[2024-11-06T23:49:20.634+0000] {processor.py:839} INFO - DAG(s) dict_keys(['example_sla_dag']) retrieved from /home/airflow/.local/lib/python3.8/site-packages/airflow/example_dags/example_sla_dag.py
[2024-11-06T23:49:20.663+0000] {logging_mixin.py:154} INFO - [2024-11-06T23:49:20.663+0000] {dag.py:2941} INFO - Sync 1 DAGs
[2024-11-06T23:49:20.683+0000] {logging_mixin.py:154} INFO - [2024-11-06T23:49:20.683+0000] {dag.py:3722} INFO - Setting next_dagrun for example_sla_dag to 2024-11-06T23:46:00+00:00, run_after=2024-11-06T23:48:00+00:00
[2024-11-06T23:49:20.717+0000] {processor.py:179} INFO - Processing /home/airflow/.local/lib/python3.8/site-packages/airflow/example_dags/example_sla_dag.py took 0.100 seconds
