[2024-11-06T08:43:19.951+0000] {processor.py:157} INFO - Started process (PID=74) to work on /home/airflow/.local/lib/python3.8/site-packages/airflow/example_dags/example_setup_teardown_taskflow.py
[2024-11-06T08:43:19.952+0000] {processor.py:829} INFO - Processing file /home/airflow/.local/lib/python3.8/site-packages/airflow/example_dags/example_setup_teardown_taskflow.py for tasks to queue
[2024-11-06T08:43:19.955+0000] {logging_mixin.py:154} INFO - [2024-11-06T08:43:19.954+0000] {dagbag.py:536} INFO - Filling up the DagBag from /home/airflow/.local/lib/python3.8/site-packages/airflow/example_dags/example_setup_teardown_taskflow.py
[2024-11-06T08:43:19.963+0000] {processor.py:839} INFO - DAG(s) dict_keys(['example_setup_teardown_taskflow']) retrieved from /home/airflow/.local/lib/python3.8/site-packages/airflow/example_dags/example_setup_teardown_taskflow.py
[2024-11-06T08:43:19.980+0000] {logging_mixin.py:154} INFO - [2024-11-06T08:43:19.980+0000] {dag.py:2941} INFO - Sync 1 DAGs
[2024-11-06T08:43:19.997+0000] {logging_mixin.py:154} INFO - [2024-11-06T08:43:19.997+0000] {dag.py:3722} INFO - Setting next_dagrun for example_setup_teardown_taskflow to 2024-11-05T08:43:19.996813+00:00, run_after=2024-11-06T08:43:19.996813+00:00
[2024-11-06T08:43:20.018+0000] {processor.py:179} INFO - Processing /home/airflow/.local/lib/python3.8/site-packages/airflow/example_dags/example_setup_teardown_taskflow.py took 0.069 seconds
[2024-11-06T08:43:50.125+0000] {processor.py:157} INFO - Started process (PID=128) to work on /home/airflow/.local/lib/python3.8/site-packages/airflow/example_dags/example_setup_teardown_taskflow.py
[2024-11-06T08:43:50.126+0000] {processor.py:829} INFO - Processing file /home/airflow/.local/lib/python3.8/site-packages/airflow/example_dags/example_setup_teardown_taskflow.py for tasks to queue
[2024-11-06T08:43:50.127+0000] {logging_mixin.py:154} INFO - [2024-11-06T08:43:50.127+0000] {dagbag.py:536} INFO - Filling up the DagBag from /home/airflow/.local/lib/python3.8/site-packages/airflow/example_dags/example_setup_teardown_taskflow.py
[2024-11-06T08:43:50.132+0000] {processor.py:839} INFO - DAG(s) dict_keys(['example_setup_teardown_taskflow']) retrieved from /home/airflow/.local/lib/python3.8/site-packages/airflow/example_dags/example_setup_teardown_taskflow.py
[2024-11-06T08:43:50.141+0000] {logging_mixin.py:154} INFO - [2024-11-06T08:43:50.141+0000] {dag.py:2941} INFO - Sync 1 DAGs
[2024-11-06T08:43:50.150+0000] {logging_mixin.py:154} INFO - [2024-11-06T08:43:50.150+0000] {dag.py:3722} INFO - Setting next_dagrun for example_setup_teardown_taskflow to 2024-11-05T08:43:50.150113+00:00, run_after=2024-11-06T08:43:50.150113+00:00
[2024-11-06T08:43:50.156+0000] {processor.py:179} INFO - Processing /home/airflow/.local/lib/python3.8/site-packages/airflow/example_dags/example_setup_teardown_taskflow.py took 0.032 seconds
[2024-11-06T08:44:20.524+0000] {processor.py:157} INFO - Started process (PID=182) to work on /home/airflow/.local/lib/python3.8/site-packages/airflow/example_dags/example_setup_teardown_taskflow.py
[2024-11-06T08:44:20.524+0000] {processor.py:829} INFO - Processing file /home/airflow/.local/lib/python3.8/site-packages/airflow/example_dags/example_setup_teardown_taskflow.py for tasks to queue
[2024-11-06T08:44:20.525+0000] {logging_mixin.py:154} INFO - [2024-11-06T08:44:20.525+0000] {dagbag.py:536} INFO - Filling up the DagBag from /home/airflow/.local/lib/python3.8/site-packages/airflow/example_dags/example_setup_teardown_taskflow.py
[2024-11-06T08:44:20.529+0000] {processor.py:839} INFO - DAG(s) dict_keys(['example_setup_teardown_taskflow']) retrieved from /home/airflow/.local/lib/python3.8/site-packages/airflow/example_dags/example_setup_teardown_taskflow.py
[2024-11-06T08:44:20.539+0000] {logging_mixin.py:154} INFO - [2024-11-06T08:44:20.539+0000] {dag.py:2941} INFO - Sync 1 DAGs
[2024-11-06T08:44:20.550+0000] {logging_mixin.py:154} INFO - [2024-11-06T08:44:20.550+0000] {dag.py:3722} INFO - Setting next_dagrun for example_setup_teardown_taskflow to 2024-11-05T08:44:20.550607+00:00, run_after=2024-11-06T08:44:20.550607+00:00
[2024-11-06T08:44:20.563+0000] {processor.py:179} INFO - Processing /home/airflow/.local/lib/python3.8/site-packages/airflow/example_dags/example_setup_teardown_taskflow.py took 0.041 seconds
[2024-11-06T08:44:50.858+0000] {processor.py:157} INFO - Started process (PID=236) to work on /home/airflow/.local/lib/python3.8/site-packages/airflow/example_dags/example_setup_teardown_taskflow.py
[2024-11-06T08:44:50.858+0000] {processor.py:829} INFO - Processing file /home/airflow/.local/lib/python3.8/site-packages/airflow/example_dags/example_setup_teardown_taskflow.py for tasks to queue
[2024-11-06T08:44:50.859+0000] {logging_mixin.py:154} INFO - [2024-11-06T08:44:50.859+0000] {dagbag.py:536} INFO - Filling up the DagBag from /home/airflow/.local/lib/python3.8/site-packages/airflow/example_dags/example_setup_teardown_taskflow.py
[2024-11-06T08:44:50.865+0000] {processor.py:839} INFO - DAG(s) dict_keys(['example_setup_teardown_taskflow']) retrieved from /home/airflow/.local/lib/python3.8/site-packages/airflow/example_dags/example_setup_teardown_taskflow.py
[2024-11-06T08:44:50.879+0000] {logging_mixin.py:154} INFO - [2024-11-06T08:44:50.879+0000] {dag.py:2941} INFO - Sync 1 DAGs
[2024-11-06T08:44:50.891+0000] {logging_mixin.py:154} INFO - [2024-11-06T08:44:50.891+0000] {dag.py:3722} INFO - Setting next_dagrun for example_setup_teardown_taskflow to 2024-11-05T08:44:50.891453+00:00, run_after=2024-11-06T08:44:50.891453+00:00
[2024-11-06T08:44:50.901+0000] {processor.py:179} INFO - Processing /home/airflow/.local/lib/python3.8/site-packages/airflow/example_dags/example_setup_teardown_taskflow.py took 0.045 seconds
[2024-11-06T08:45:21.239+0000] {processor.py:157} INFO - Started process (PID=290) to work on /home/airflow/.local/lib/python3.8/site-packages/airflow/example_dags/example_setup_teardown_taskflow.py
[2024-11-06T08:45:21.239+0000] {processor.py:829} INFO - Processing file /home/airflow/.local/lib/python3.8/site-packages/airflow/example_dags/example_setup_teardown_taskflow.py for tasks to queue
[2024-11-06T08:45:21.240+0000] {logging_mixin.py:154} INFO - [2024-11-06T08:45:21.240+0000] {dagbag.py:536} INFO - Filling up the DagBag from /home/airflow/.local/lib/python3.8/site-packages/airflow/example_dags/example_setup_teardown_taskflow.py
[2024-11-06T08:45:21.245+0000] {processor.py:839} INFO - DAG(s) dict_keys(['example_setup_teardown_taskflow']) retrieved from /home/airflow/.local/lib/python3.8/site-packages/airflow/example_dags/example_setup_teardown_taskflow.py
[2024-11-06T08:45:21.257+0000] {logging_mixin.py:154} INFO - [2024-11-06T08:45:21.257+0000] {dag.py:2941} INFO - Sync 1 DAGs
[2024-11-06T08:45:21.266+0000] {logging_mixin.py:154} INFO - [2024-11-06T08:45:21.266+0000] {dag.py:3722} INFO - Setting next_dagrun for example_setup_teardown_taskflow to 2024-11-05T08:45:21.266082+00:00, run_after=2024-11-06T08:45:21.266082+00:00
[2024-11-06T08:45:21.273+0000] {processor.py:179} INFO - Processing /home/airflow/.local/lib/python3.8/site-packages/airflow/example_dags/example_setup_teardown_taskflow.py took 0.036 seconds
[2024-11-06T08:45:51.630+0000] {processor.py:157} INFO - Started process (PID=344) to work on /home/airflow/.local/lib/python3.8/site-packages/airflow/example_dags/example_setup_teardown_taskflow.py
[2024-11-06T08:45:51.633+0000] {processor.py:829} INFO - Processing file /home/airflow/.local/lib/python3.8/site-packages/airflow/example_dags/example_setup_teardown_taskflow.py for tasks to queue
[2024-11-06T08:45:51.634+0000] {logging_mixin.py:154} INFO - [2024-11-06T08:45:51.634+0000] {dagbag.py:536} INFO - Filling up the DagBag from /home/airflow/.local/lib/python3.8/site-packages/airflow/example_dags/example_setup_teardown_taskflow.py
[2024-11-06T08:45:51.638+0000] {processor.py:839} INFO - DAG(s) dict_keys(['example_setup_teardown_taskflow']) retrieved from /home/airflow/.local/lib/python3.8/site-packages/airflow/example_dags/example_setup_teardown_taskflow.py
[2024-11-06T08:45:51.648+0000] {logging_mixin.py:154} INFO - [2024-11-06T08:45:51.648+0000] {dag.py:2941} INFO - Sync 1 DAGs
[2024-11-06T08:45:51.659+0000] {logging_mixin.py:154} INFO - [2024-11-06T08:45:51.658+0000] {dag.py:3722} INFO - Setting next_dagrun for example_setup_teardown_taskflow to 2024-11-05T08:45:51.658850+00:00, run_after=2024-11-06T08:45:51.658850+00:00
[2024-11-06T08:45:51.667+0000] {processor.py:179} INFO - Processing /home/airflow/.local/lib/python3.8/site-packages/airflow/example_dags/example_setup_teardown_taskflow.py took 0.039 seconds
[2024-11-06T08:46:22.255+0000] {processor.py:157} INFO - Started process (PID=398) to work on /home/airflow/.local/lib/python3.8/site-packages/airflow/example_dags/example_setup_teardown_taskflow.py
[2024-11-06T08:46:22.256+0000] {processor.py:829} INFO - Processing file /home/airflow/.local/lib/python3.8/site-packages/airflow/example_dags/example_setup_teardown_taskflow.py for tasks to queue
[2024-11-06T08:46:22.256+0000] {logging_mixin.py:154} INFO - [2024-11-06T08:46:22.256+0000] {dagbag.py:536} INFO - Filling up the DagBag from /home/airflow/.local/lib/python3.8/site-packages/airflow/example_dags/example_setup_teardown_taskflow.py
[2024-11-06T08:46:22.262+0000] {processor.py:839} INFO - DAG(s) dict_keys(['example_setup_teardown_taskflow']) retrieved from /home/airflow/.local/lib/python3.8/site-packages/airflow/example_dags/example_setup_teardown_taskflow.py
[2024-11-06T08:46:22.275+0000] {logging_mixin.py:154} INFO - [2024-11-06T08:46:22.275+0000] {dag.py:2941} INFO - Sync 1 DAGs
[2024-11-06T08:46:22.286+0000] {logging_mixin.py:154} INFO - [2024-11-06T08:46:22.286+0000] {dag.py:3722} INFO - Setting next_dagrun for example_setup_teardown_taskflow to 2024-11-05T08:46:22.286062+00:00, run_after=2024-11-06T08:46:22.286062+00:00
[2024-11-06T08:46:22.296+0000] {processor.py:179} INFO - Processing /home/airflow/.local/lib/python3.8/site-packages/airflow/example_dags/example_setup_teardown_taskflow.py took 0.043 seconds
[2024-11-06T08:46:52.897+0000] {processor.py:157} INFO - Started process (PID=459) to work on /home/airflow/.local/lib/python3.8/site-packages/airflow/example_dags/example_setup_teardown_taskflow.py
[2024-11-06T08:46:52.898+0000] {processor.py:829} INFO - Processing file /home/airflow/.local/lib/python3.8/site-packages/airflow/example_dags/example_setup_teardown_taskflow.py for tasks to queue
[2024-11-06T08:46:52.898+0000] {logging_mixin.py:154} INFO - [2024-11-06T08:46:52.898+0000] {dagbag.py:536} INFO - Filling up the DagBag from /home/airflow/.local/lib/python3.8/site-packages/airflow/example_dags/example_setup_teardown_taskflow.py
[2024-11-06T08:46:52.903+0000] {processor.py:839} INFO - DAG(s) dict_keys(['example_setup_teardown_taskflow']) retrieved from /home/airflow/.local/lib/python3.8/site-packages/airflow/example_dags/example_setup_teardown_taskflow.py
[2024-11-06T08:46:52.913+0000] {logging_mixin.py:154} INFO - [2024-11-06T08:46:52.913+0000] {dag.py:2941} INFO - Sync 1 DAGs
[2024-11-06T08:46:52.922+0000] {logging_mixin.py:154} INFO - [2024-11-06T08:46:52.922+0000] {dag.py:3722} INFO - Setting next_dagrun for example_setup_teardown_taskflow to 2024-11-05T08:46:52.922301+00:00, run_after=2024-11-06T08:46:52.922301+00:00
[2024-11-06T08:46:52.931+0000] {processor.py:179} INFO - Processing /home/airflow/.local/lib/python3.8/site-packages/airflow/example_dags/example_setup_teardown_taskflow.py took 0.036 seconds
[2024-11-06T08:47:23.255+0000] {processor.py:157} INFO - Started process (PID=513) to work on /home/airflow/.local/lib/python3.8/site-packages/airflow/example_dags/example_setup_teardown_taskflow.py
[2024-11-06T08:47:23.255+0000] {processor.py:829} INFO - Processing file /home/airflow/.local/lib/python3.8/site-packages/airflow/example_dags/example_setup_teardown_taskflow.py for tasks to queue
[2024-11-06T08:47:23.256+0000] {logging_mixin.py:154} INFO - [2024-11-06T08:47:23.256+0000] {dagbag.py:536} INFO - Filling up the DagBag from /home/airflow/.local/lib/python3.8/site-packages/airflow/example_dags/example_setup_teardown_taskflow.py
[2024-11-06T08:47:23.260+0000] {processor.py:839} INFO - DAG(s) dict_keys(['example_setup_teardown_taskflow']) retrieved from /home/airflow/.local/lib/python3.8/site-packages/airflow/example_dags/example_setup_teardown_taskflow.py
[2024-11-06T08:47:23.270+0000] {logging_mixin.py:154} INFO - [2024-11-06T08:47:23.269+0000] {dag.py:2941} INFO - Sync 1 DAGs
[2024-11-06T08:47:23.279+0000] {logging_mixin.py:154} INFO - [2024-11-06T08:47:23.279+0000] {dag.py:3722} INFO - Setting next_dagrun for example_setup_teardown_taskflow to 2024-11-05T08:47:23.279003+00:00, run_after=2024-11-06T08:47:23.279003+00:00
[2024-11-06T08:47:23.287+0000] {processor.py:179} INFO - Processing /home/airflow/.local/lib/python3.8/site-packages/airflow/example_dags/example_setup_teardown_taskflow.py took 0.034 seconds
[2024-11-06T08:47:53.661+0000] {processor.py:157} INFO - Started process (PID=568) to work on /home/airflow/.local/lib/python3.8/site-packages/airflow/example_dags/example_setup_teardown_taskflow.py
[2024-11-06T08:47:53.662+0000] {processor.py:829} INFO - Processing file /home/airflow/.local/lib/python3.8/site-packages/airflow/example_dags/example_setup_teardown_taskflow.py for tasks to queue
[2024-11-06T08:47:53.663+0000] {logging_mixin.py:154} INFO - [2024-11-06T08:47:53.663+0000] {dagbag.py:536} INFO - Filling up the DagBag from /home/airflow/.local/lib/python3.8/site-packages/airflow/example_dags/example_setup_teardown_taskflow.py
[2024-11-06T08:47:53.667+0000] {processor.py:839} INFO - DAG(s) dict_keys(['example_setup_teardown_taskflow']) retrieved from /home/airflow/.local/lib/python3.8/site-packages/airflow/example_dags/example_setup_teardown_taskflow.py
[2024-11-06T08:47:53.679+0000] {logging_mixin.py:154} INFO - [2024-11-06T08:47:53.679+0000] {dag.py:2941} INFO - Sync 1 DAGs
[2024-11-06T08:47:53.689+0000] {logging_mixin.py:154} INFO - [2024-11-06T08:47:53.689+0000] {dag.py:3722} INFO - Setting next_dagrun for example_setup_teardown_taskflow to 2024-11-05T08:47:53.689167+00:00, run_after=2024-11-06T08:47:53.689167+00:00
[2024-11-06T08:47:53.696+0000] {processor.py:179} INFO - Processing /home/airflow/.local/lib/python3.8/site-packages/airflow/example_dags/example_setup_teardown_taskflow.py took 0.036 seconds
[2024-11-06T08:48:24.007+0000] {processor.py:157} INFO - Started process (PID=622) to work on /home/airflow/.local/lib/python3.8/site-packages/airflow/example_dags/example_setup_teardown_taskflow.py
[2024-11-06T08:48:24.008+0000] {processor.py:829} INFO - Processing file /home/airflow/.local/lib/python3.8/site-packages/airflow/example_dags/example_setup_teardown_taskflow.py for tasks to queue
[2024-11-06T08:48:24.009+0000] {logging_mixin.py:154} INFO - [2024-11-06T08:48:24.009+0000] {dagbag.py:536} INFO - Filling up the DagBag from /home/airflow/.local/lib/python3.8/site-packages/airflow/example_dags/example_setup_teardown_taskflow.py
[2024-11-06T08:48:24.013+0000] {processor.py:839} INFO - DAG(s) dict_keys(['example_setup_teardown_taskflow']) retrieved from /home/airflow/.local/lib/python3.8/site-packages/airflow/example_dags/example_setup_teardown_taskflow.py
[2024-11-06T08:48:24.023+0000] {logging_mixin.py:154} INFO - [2024-11-06T08:48:24.023+0000] {dag.py:2941} INFO - Sync 1 DAGs
[2024-11-06T08:48:24.033+0000] {logging_mixin.py:154} INFO - [2024-11-06T08:48:24.033+0000] {dag.py:3722} INFO - Setting next_dagrun for example_setup_teardown_taskflow to 2024-11-05T08:48:24.032988+00:00, run_after=2024-11-06T08:48:24.032988+00:00
[2024-11-06T08:48:24.041+0000] {processor.py:179} INFO - Processing /home/airflow/.local/lib/python3.8/site-packages/airflow/example_dags/example_setup_teardown_taskflow.py took 0.035 seconds
[2024-11-06T08:48:54.288+0000] {processor.py:157} INFO - Started process (PID=676) to work on /home/airflow/.local/lib/python3.8/site-packages/airflow/example_dags/example_setup_teardown_taskflow.py
[2024-11-06T08:48:54.288+0000] {processor.py:829} INFO - Processing file /home/airflow/.local/lib/python3.8/site-packages/airflow/example_dags/example_setup_teardown_taskflow.py for tasks to queue
[2024-11-06T08:48:54.289+0000] {logging_mixin.py:154} INFO - [2024-11-06T08:48:54.289+0000] {dagbag.py:536} INFO - Filling up the DagBag from /home/airflow/.local/lib/python3.8/site-packages/airflow/example_dags/example_setup_teardown_taskflow.py
[2024-11-06T08:48:54.293+0000] {processor.py:839} INFO - DAG(s) dict_keys(['example_setup_teardown_taskflow']) retrieved from /home/airflow/.local/lib/python3.8/site-packages/airflow/example_dags/example_setup_teardown_taskflow.py
[2024-11-06T08:48:54.304+0000] {logging_mixin.py:154} INFO - [2024-11-06T08:48:54.304+0000] {dag.py:2941} INFO - Sync 1 DAGs
[2024-11-06T08:48:54.313+0000] {logging_mixin.py:154} INFO - [2024-11-06T08:48:54.313+0000] {dag.py:3722} INFO - Setting next_dagrun for example_setup_teardown_taskflow to 2024-11-05T08:48:54.313687+00:00, run_after=2024-11-06T08:48:54.313687+00:00
[2024-11-06T08:48:54.321+0000] {processor.py:179} INFO - Processing /home/airflow/.local/lib/python3.8/site-packages/airflow/example_dags/example_setup_teardown_taskflow.py took 0.034 seconds
[2024-11-06T08:49:24.499+0000] {processor.py:157} INFO - Started process (PID=730) to work on /home/airflow/.local/lib/python3.8/site-packages/airflow/example_dags/example_setup_teardown_taskflow.py
[2024-11-06T08:49:24.499+0000] {processor.py:829} INFO - Processing file /home/airflow/.local/lib/python3.8/site-packages/airflow/example_dags/example_setup_teardown_taskflow.py for tasks to queue
[2024-11-06T08:49:24.500+0000] {logging_mixin.py:154} INFO - [2024-11-06T08:49:24.500+0000] {dagbag.py:536} INFO - Filling up the DagBag from /home/airflow/.local/lib/python3.8/site-packages/airflow/example_dags/example_setup_teardown_taskflow.py
[2024-11-06T08:49:24.504+0000] {processor.py:839} INFO - DAG(s) dict_keys(['example_setup_teardown_taskflow']) retrieved from /home/airflow/.local/lib/python3.8/site-packages/airflow/example_dags/example_setup_teardown_taskflow.py
[2024-11-06T08:49:24.514+0000] {logging_mixin.py:154} INFO - [2024-11-06T08:49:24.514+0000] {dag.py:2941} INFO - Sync 1 DAGs
[2024-11-06T08:49:24.523+0000] {logging_mixin.py:154} INFO - [2024-11-06T08:49:24.523+0000] {dag.py:3722} INFO - Setting next_dagrun for example_setup_teardown_taskflow to 2024-11-05T08:49:24.523538+00:00, run_after=2024-11-06T08:49:24.523538+00:00
[2024-11-06T08:49:24.531+0000] {processor.py:179} INFO - Processing /home/airflow/.local/lib/python3.8/site-packages/airflow/example_dags/example_setup_teardown_taskflow.py took 0.034 seconds
[2024-11-06T08:49:54.734+0000] {processor.py:157} INFO - Started process (PID=783) to work on /home/airflow/.local/lib/python3.8/site-packages/airflow/example_dags/example_setup_teardown_taskflow.py
[2024-11-06T08:49:54.735+0000] {processor.py:829} INFO - Processing file /home/airflow/.local/lib/python3.8/site-packages/airflow/example_dags/example_setup_teardown_taskflow.py for tasks to queue
[2024-11-06T08:49:54.736+0000] {logging_mixin.py:154} INFO - [2024-11-06T08:49:54.735+0000] {dagbag.py:536} INFO - Filling up the DagBag from /home/airflow/.local/lib/python3.8/site-packages/airflow/example_dags/example_setup_teardown_taskflow.py
[2024-11-06T08:49:54.740+0000] {processor.py:839} INFO - DAG(s) dict_keys(['example_setup_teardown_taskflow']) retrieved from /home/airflow/.local/lib/python3.8/site-packages/airflow/example_dags/example_setup_teardown_taskflow.py
[2024-11-06T08:49:54.750+0000] {logging_mixin.py:154} INFO - [2024-11-06T08:49:54.750+0000] {dag.py:2941} INFO - Sync 1 DAGs
[2024-11-06T08:49:54.759+0000] {logging_mixin.py:154} INFO - [2024-11-06T08:49:54.759+0000] {dag.py:3722} INFO - Setting next_dagrun for example_setup_teardown_taskflow to 2024-11-05T08:49:54.758930+00:00, run_after=2024-11-06T08:49:54.758930+00:00
[2024-11-06T08:49:54.769+0000] {processor.py:179} INFO - Processing /home/airflow/.local/lib/python3.8/site-packages/airflow/example_dags/example_setup_teardown_taskflow.py took 0.036 seconds
[2024-11-06T08:50:24.987+0000] {processor.py:157} INFO - Started process (PID=837) to work on /home/airflow/.local/lib/python3.8/site-packages/airflow/example_dags/example_setup_teardown_taskflow.py
[2024-11-06T08:50:24.988+0000] {processor.py:829} INFO - Processing file /home/airflow/.local/lib/python3.8/site-packages/airflow/example_dags/example_setup_teardown_taskflow.py for tasks to queue
[2024-11-06T08:50:24.988+0000] {logging_mixin.py:154} INFO - [2024-11-06T08:50:24.988+0000] {dagbag.py:536} INFO - Filling up the DagBag from /home/airflow/.local/lib/python3.8/site-packages/airflow/example_dags/example_setup_teardown_taskflow.py
[2024-11-06T08:50:24.993+0000] {processor.py:839} INFO - DAG(s) dict_keys(['example_setup_teardown_taskflow']) retrieved from /home/airflow/.local/lib/python3.8/site-packages/airflow/example_dags/example_setup_teardown_taskflow.py
[2024-11-06T08:50:25.004+0000] {logging_mixin.py:154} INFO - [2024-11-06T08:50:25.003+0000] {dag.py:2941} INFO - Sync 1 DAGs
[2024-11-06T08:50:25.012+0000] {logging_mixin.py:154} INFO - [2024-11-06T08:50:25.012+0000] {dag.py:3722} INFO - Setting next_dagrun for example_setup_teardown_taskflow to 2024-11-05T08:50:25.012714+00:00, run_after=2024-11-06T08:50:25.012714+00:00
[2024-11-06T08:50:25.020+0000] {processor.py:179} INFO - Processing /home/airflow/.local/lib/python3.8/site-packages/airflow/example_dags/example_setup_teardown_taskflow.py took 0.035 seconds
[2024-11-06T08:50:55.216+0000] {processor.py:157} INFO - Started process (PID=891) to work on /home/airflow/.local/lib/python3.8/site-packages/airflow/example_dags/example_setup_teardown_taskflow.py
[2024-11-06T08:50:55.217+0000] {processor.py:829} INFO - Processing file /home/airflow/.local/lib/python3.8/site-packages/airflow/example_dags/example_setup_teardown_taskflow.py for tasks to queue
[2024-11-06T08:50:55.221+0000] {logging_mixin.py:154} INFO - [2024-11-06T08:50:55.221+0000] {dagbag.py:536} INFO - Filling up the DagBag from /home/airflow/.local/lib/python3.8/site-packages/airflow/example_dags/example_setup_teardown_taskflow.py
[2024-11-06T08:50:55.225+0000] {processor.py:839} INFO - DAG(s) dict_keys(['example_setup_teardown_taskflow']) retrieved from /home/airflow/.local/lib/python3.8/site-packages/airflow/example_dags/example_setup_teardown_taskflow.py
[2024-11-06T08:50:55.234+0000] {logging_mixin.py:154} INFO - [2024-11-06T08:50:55.234+0000] {dag.py:2941} INFO - Sync 1 DAGs
[2024-11-06T08:50:55.243+0000] {logging_mixin.py:154} INFO - [2024-11-06T08:50:55.243+0000] {dag.py:3722} INFO - Setting next_dagrun for example_setup_teardown_taskflow to 2024-11-05T08:50:55.243328+00:00, run_after=2024-11-06T08:50:55.243328+00:00
[2024-11-06T08:50:55.251+0000] {processor.py:179} INFO - Processing /home/airflow/.local/lib/python3.8/site-packages/airflow/example_dags/example_setup_teardown_taskflow.py took 0.037 seconds
[2024-11-06T08:51:25.707+0000] {processor.py:157} INFO - Started process (PID=945) to work on /home/airflow/.local/lib/python3.8/site-packages/airflow/example_dags/example_setup_teardown_taskflow.py
[2024-11-06T08:51:25.707+0000] {processor.py:829} INFO - Processing file /home/airflow/.local/lib/python3.8/site-packages/airflow/example_dags/example_setup_teardown_taskflow.py for tasks to queue
[2024-11-06T08:51:25.708+0000] {logging_mixin.py:154} INFO - [2024-11-06T08:51:25.708+0000] {dagbag.py:536} INFO - Filling up the DagBag from /home/airflow/.local/lib/python3.8/site-packages/airflow/example_dags/example_setup_teardown_taskflow.py
[2024-11-06T08:51:25.712+0000] {processor.py:839} INFO - DAG(s) dict_keys(['example_setup_teardown_taskflow']) retrieved from /home/airflow/.local/lib/python3.8/site-packages/airflow/example_dags/example_setup_teardown_taskflow.py
[2024-11-06T08:51:25.721+0000] {logging_mixin.py:154} INFO - [2024-11-06T08:51:25.721+0000] {dag.py:2941} INFO - Sync 1 DAGs
[2024-11-06T08:51:25.729+0000] {logging_mixin.py:154} INFO - [2024-11-06T08:51:25.729+0000] {dag.py:3722} INFO - Setting next_dagrun for example_setup_teardown_taskflow to 2024-11-05T08:51:25.729503+00:00, run_after=2024-11-06T08:51:25.729503+00:00
[2024-11-06T08:51:25.735+0000] {processor.py:179} INFO - Processing /home/airflow/.local/lib/python3.8/site-packages/airflow/example_dags/example_setup_teardown_taskflow.py took 0.030 seconds
[2024-11-06T08:51:55.911+0000] {processor.py:157} INFO - Started process (PID=999) to work on /home/airflow/.local/lib/python3.8/site-packages/airflow/example_dags/example_setup_teardown_taskflow.py
[2024-11-06T08:51:55.912+0000] {processor.py:829} INFO - Processing file /home/airflow/.local/lib/python3.8/site-packages/airflow/example_dags/example_setup_teardown_taskflow.py for tasks to queue
[2024-11-06T08:51:55.913+0000] {logging_mixin.py:154} INFO - [2024-11-06T08:51:55.913+0000] {dagbag.py:536} INFO - Filling up the DagBag from /home/airflow/.local/lib/python3.8/site-packages/airflow/example_dags/example_setup_teardown_taskflow.py
[2024-11-06T08:51:55.917+0000] {processor.py:839} INFO - DAG(s) dict_keys(['example_setup_teardown_taskflow']) retrieved from /home/airflow/.local/lib/python3.8/site-packages/airflow/example_dags/example_setup_teardown_taskflow.py
[2024-11-06T08:51:55.927+0000] {logging_mixin.py:154} INFO - [2024-11-06T08:51:55.927+0000] {dag.py:2941} INFO - Sync 1 DAGs
[2024-11-06T08:51:55.937+0000] {logging_mixin.py:154} INFO - [2024-11-06T08:51:55.937+0000] {dag.py:3722} INFO - Setting next_dagrun for example_setup_teardown_taskflow to 2024-11-05T08:51:55.937215+00:00, run_after=2024-11-06T08:51:55.937215+00:00
[2024-11-06T08:51:55.945+0000] {processor.py:179} INFO - Processing /home/airflow/.local/lib/python3.8/site-packages/airflow/example_dags/example_setup_teardown_taskflow.py took 0.035 seconds
[2024-11-06T08:52:26.268+0000] {processor.py:157} INFO - Started process (PID=1053) to work on /home/airflow/.local/lib/python3.8/site-packages/airflow/example_dags/example_setup_teardown_taskflow.py
[2024-11-06T08:52:26.271+0000] {processor.py:829} INFO - Processing file /home/airflow/.local/lib/python3.8/site-packages/airflow/example_dags/example_setup_teardown_taskflow.py for tasks to queue
[2024-11-06T08:52:26.272+0000] {logging_mixin.py:154} INFO - [2024-11-06T08:52:26.272+0000] {dagbag.py:536} INFO - Filling up the DagBag from /home/airflow/.local/lib/python3.8/site-packages/airflow/example_dags/example_setup_teardown_taskflow.py
[2024-11-06T08:52:26.276+0000] {processor.py:839} INFO - DAG(s) dict_keys(['example_setup_teardown_taskflow']) retrieved from /home/airflow/.local/lib/python3.8/site-packages/airflow/example_dags/example_setup_teardown_taskflow.py
[2024-11-06T08:52:26.285+0000] {logging_mixin.py:154} INFO - [2024-11-06T08:52:26.285+0000] {dag.py:2941} INFO - Sync 1 DAGs
[2024-11-06T08:52:26.294+0000] {logging_mixin.py:154} INFO - [2024-11-06T08:52:26.294+0000] {dag.py:3722} INFO - Setting next_dagrun for example_setup_teardown_taskflow to 2024-11-05T08:52:26.294535+00:00, run_after=2024-11-06T08:52:26.294535+00:00
[2024-11-06T08:52:26.301+0000] {processor.py:179} INFO - Processing /home/airflow/.local/lib/python3.8/site-packages/airflow/example_dags/example_setup_teardown_taskflow.py took 0.035 seconds
[2024-11-06T08:52:56.979+0000] {processor.py:157} INFO - Started process (PID=1107) to work on /home/airflow/.local/lib/python3.8/site-packages/airflow/example_dags/example_setup_teardown_taskflow.py
[2024-11-06T08:52:56.979+0000] {processor.py:829} INFO - Processing file /home/airflow/.local/lib/python3.8/site-packages/airflow/example_dags/example_setup_teardown_taskflow.py for tasks to queue
[2024-11-06T08:52:56.980+0000] {logging_mixin.py:154} INFO - [2024-11-06T08:52:56.980+0000] {dagbag.py:536} INFO - Filling up the DagBag from /home/airflow/.local/lib/python3.8/site-packages/airflow/example_dags/example_setup_teardown_taskflow.py
[2024-11-06T08:52:56.984+0000] {processor.py:839} INFO - DAG(s) dict_keys(['example_setup_teardown_taskflow']) retrieved from /home/airflow/.local/lib/python3.8/site-packages/airflow/example_dags/example_setup_teardown_taskflow.py
[2024-11-06T08:52:56.994+0000] {logging_mixin.py:154} INFO - [2024-11-06T08:52:56.994+0000] {dag.py:2941} INFO - Sync 1 DAGs
[2024-11-06T08:52:57.003+0000] {logging_mixin.py:154} INFO - [2024-11-06T08:52:57.003+0000] {dag.py:3722} INFO - Setting next_dagrun for example_setup_teardown_taskflow to 2024-11-05T08:52:57.003569+00:00, run_after=2024-11-06T08:52:57.003569+00:00
[2024-11-06T08:52:57.010+0000] {processor.py:179} INFO - Processing /home/airflow/.local/lib/python3.8/site-packages/airflow/example_dags/example_setup_teardown_taskflow.py took 0.033 seconds
[2024-11-06T08:53:27.301+0000] {processor.py:157} INFO - Started process (PID=1161) to work on /home/airflow/.local/lib/python3.8/site-packages/airflow/example_dags/example_setup_teardown_taskflow.py
[2024-11-06T08:53:27.305+0000] {processor.py:829} INFO - Processing file /home/airflow/.local/lib/python3.8/site-packages/airflow/example_dags/example_setup_teardown_taskflow.py for tasks to queue
[2024-11-06T08:53:27.306+0000] {logging_mixin.py:154} INFO - [2024-11-06T08:53:27.306+0000] {dagbag.py:536} INFO - Filling up the DagBag from /home/airflow/.local/lib/python3.8/site-packages/airflow/example_dags/example_setup_teardown_taskflow.py
[2024-11-06T08:53:27.311+0000] {processor.py:839} INFO - DAG(s) dict_keys(['example_setup_teardown_taskflow']) retrieved from /home/airflow/.local/lib/python3.8/site-packages/airflow/example_dags/example_setup_teardown_taskflow.py
[2024-11-06T08:53:27.328+0000] {logging_mixin.py:154} INFO - [2024-11-06T08:53:27.328+0000] {dag.py:2941} INFO - Sync 1 DAGs
[2024-11-06T08:53:27.337+0000] {logging_mixin.py:154} INFO - [2024-11-06T08:53:27.337+0000] {dag.py:3722} INFO - Setting next_dagrun for example_setup_teardown_taskflow to 2024-11-05T08:53:27.337421+00:00, run_after=2024-11-06T08:53:27.337421+00:00
[2024-11-06T08:53:27.422+0000] {processor.py:179} INFO - Processing /home/airflow/.local/lib/python3.8/site-packages/airflow/example_dags/example_setup_teardown_taskflow.py took 0.122 seconds
[2024-11-06T08:53:57.921+0000] {processor.py:157} INFO - Started process (PID=1215) to work on /home/airflow/.local/lib/python3.8/site-packages/airflow/example_dags/example_setup_teardown_taskflow.py
[2024-11-06T08:53:57.921+0000] {processor.py:829} INFO - Processing file /home/airflow/.local/lib/python3.8/site-packages/airflow/example_dags/example_setup_teardown_taskflow.py for tasks to queue
[2024-11-06T08:53:57.922+0000] {logging_mixin.py:154} INFO - [2024-11-06T08:53:57.922+0000] {dagbag.py:536} INFO - Filling up the DagBag from /home/airflow/.local/lib/python3.8/site-packages/airflow/example_dags/example_setup_teardown_taskflow.py
[2024-11-06T08:53:57.927+0000] {processor.py:839} INFO - DAG(s) dict_keys(['example_setup_teardown_taskflow']) retrieved from /home/airflow/.local/lib/python3.8/site-packages/airflow/example_dags/example_setup_teardown_taskflow.py
[2024-11-06T08:53:57.936+0000] {logging_mixin.py:154} INFO - [2024-11-06T08:53:57.936+0000] {dag.py:2941} INFO - Sync 1 DAGs
[2024-11-06T08:53:57.947+0000] {logging_mixin.py:154} INFO - [2024-11-06T08:53:57.946+0000] {dag.py:3722} INFO - Setting next_dagrun for example_setup_teardown_taskflow to 2024-11-05T08:53:57.946884+00:00, run_after=2024-11-06T08:53:57.946884+00:00
[2024-11-06T08:53:57.953+0000] {processor.py:179} INFO - Processing /home/airflow/.local/lib/python3.8/site-packages/airflow/example_dags/example_setup_teardown_taskflow.py took 0.034 seconds
[2024-11-06T08:54:28.910+0000] {processor.py:157} INFO - Started process (PID=1269) to work on /home/airflow/.local/lib/python3.8/site-packages/airflow/example_dags/example_setup_teardown_taskflow.py
[2024-11-06T08:54:28.911+0000] {processor.py:829} INFO - Processing file /home/airflow/.local/lib/python3.8/site-packages/airflow/example_dags/example_setup_teardown_taskflow.py for tasks to queue
[2024-11-06T08:54:28.912+0000] {logging_mixin.py:154} INFO - [2024-11-06T08:54:28.911+0000] {dagbag.py:536} INFO - Filling up the DagBag from /home/airflow/.local/lib/python3.8/site-packages/airflow/example_dags/example_setup_teardown_taskflow.py
[2024-11-06T08:54:28.915+0000] {processor.py:839} INFO - DAG(s) dict_keys(['example_setup_teardown_taskflow']) retrieved from /home/airflow/.local/lib/python3.8/site-packages/airflow/example_dags/example_setup_teardown_taskflow.py
[2024-11-06T08:54:28.924+0000] {logging_mixin.py:154} INFO - [2024-11-06T08:54:28.924+0000] {dag.py:2941} INFO - Sync 1 DAGs
[2024-11-06T08:54:28.932+0000] {logging_mixin.py:154} INFO - [2024-11-06T08:54:28.932+0000] {dag.py:3722} INFO - Setting next_dagrun for example_setup_teardown_taskflow to 2024-11-05T08:54:28.932599+00:00, run_after=2024-11-06T08:54:28.932599+00:00
[2024-11-06T08:54:28.939+0000] {processor.py:179} INFO - Processing /home/airflow/.local/lib/python3.8/site-packages/airflow/example_dags/example_setup_teardown_taskflow.py took 0.030 seconds
[2024-11-06T08:54:59.392+0000] {processor.py:157} INFO - Started process (PID=1323) to work on /home/airflow/.local/lib/python3.8/site-packages/airflow/example_dags/example_setup_teardown_taskflow.py
[2024-11-06T08:54:59.393+0000] {processor.py:829} INFO - Processing file /home/airflow/.local/lib/python3.8/site-packages/airflow/example_dags/example_setup_teardown_taskflow.py for tasks to queue
[2024-11-06T08:54:59.393+0000] {logging_mixin.py:154} INFO - [2024-11-06T08:54:59.393+0000] {dagbag.py:536} INFO - Filling up the DagBag from /home/airflow/.local/lib/python3.8/site-packages/airflow/example_dags/example_setup_teardown_taskflow.py
[2024-11-06T08:54:59.397+0000] {processor.py:839} INFO - DAG(s) dict_keys(['example_setup_teardown_taskflow']) retrieved from /home/airflow/.local/lib/python3.8/site-packages/airflow/example_dags/example_setup_teardown_taskflow.py
[2024-11-06T08:54:59.406+0000] {logging_mixin.py:154} INFO - [2024-11-06T08:54:59.406+0000] {dag.py:2941} INFO - Sync 1 DAGs
[2024-11-06T08:54:59.414+0000] {logging_mixin.py:154} INFO - [2024-11-06T08:54:59.414+0000] {dag.py:3722} INFO - Setting next_dagrun for example_setup_teardown_taskflow to 2024-11-05T08:54:59.414607+00:00, run_after=2024-11-06T08:54:59.414607+00:00
[2024-11-06T08:54:59.490+0000] {processor.py:179} INFO - Processing /home/airflow/.local/lib/python3.8/site-packages/airflow/example_dags/example_setup_teardown_taskflow.py took 0.099 seconds
[2024-11-06T08:55:30.060+0000] {processor.py:157} INFO - Started process (PID=1377) to work on /home/airflow/.local/lib/python3.8/site-packages/airflow/example_dags/example_setup_teardown_taskflow.py
[2024-11-06T08:55:30.061+0000] {processor.py:829} INFO - Processing file /home/airflow/.local/lib/python3.8/site-packages/airflow/example_dags/example_setup_teardown_taskflow.py for tasks to queue
[2024-11-06T08:55:30.062+0000] {logging_mixin.py:154} INFO - [2024-11-06T08:55:30.062+0000] {dagbag.py:536} INFO - Filling up the DagBag from /home/airflow/.local/lib/python3.8/site-packages/airflow/example_dags/example_setup_teardown_taskflow.py
[2024-11-06T08:55:30.066+0000] {processor.py:839} INFO - DAG(s) dict_keys(['example_setup_teardown_taskflow']) retrieved from /home/airflow/.local/lib/python3.8/site-packages/airflow/example_dags/example_setup_teardown_taskflow.py
[2024-11-06T08:55:30.075+0000] {logging_mixin.py:154} INFO - [2024-11-06T08:55:30.075+0000] {dag.py:2941} INFO - Sync 1 DAGs
[2024-11-06T08:55:30.084+0000] {logging_mixin.py:154} INFO - [2024-11-06T08:55:30.084+0000] {dag.py:3722} INFO - Setting next_dagrun for example_setup_teardown_taskflow to 2024-11-05T08:55:30.083894+00:00, run_after=2024-11-06T08:55:30.083894+00:00
[2024-11-06T08:55:30.090+0000] {processor.py:179} INFO - Processing /home/airflow/.local/lib/python3.8/site-packages/airflow/example_dags/example_setup_teardown_taskflow.py took 0.031 seconds
[2024-11-06T08:56:01.236+0000] {processor.py:157} INFO - Started process (PID=1431) to work on /home/airflow/.local/lib/python3.8/site-packages/airflow/example_dags/example_setup_teardown_taskflow.py
[2024-11-06T08:56:01.237+0000] {processor.py:829} INFO - Processing file /home/airflow/.local/lib/python3.8/site-packages/airflow/example_dags/example_setup_teardown_taskflow.py for tasks to queue
[2024-11-06T08:56:01.238+0000] {logging_mixin.py:154} INFO - [2024-11-06T08:56:01.238+0000] {dagbag.py:536} INFO - Filling up the DagBag from /home/airflow/.local/lib/python3.8/site-packages/airflow/example_dags/example_setup_teardown_taskflow.py
[2024-11-06T08:56:01.242+0000] {processor.py:839} INFO - DAG(s) dict_keys(['example_setup_teardown_taskflow']) retrieved from /home/airflow/.local/lib/python3.8/site-packages/airflow/example_dags/example_setup_teardown_taskflow.py
[2024-11-06T08:56:01.252+0000] {logging_mixin.py:154} INFO - [2024-11-06T08:56:01.252+0000] {dag.py:2941} INFO - Sync 1 DAGs
[2024-11-06T08:56:01.336+0000] {logging_mixin.py:154} INFO - [2024-11-06T08:56:01.336+0000] {dag.py:3722} INFO - Setting next_dagrun for example_setup_teardown_taskflow to 2024-11-05T08:56:01.336663+00:00, run_after=2024-11-06T08:56:01.336663+00:00
[2024-11-06T08:56:01.343+0000] {processor.py:179} INFO - Processing /home/airflow/.local/lib/python3.8/site-packages/airflow/example_dags/example_setup_teardown_taskflow.py took 0.108 seconds
[2024-11-06T08:56:32.032+0000] {processor.py:157} INFO - Started process (PID=1485) to work on /home/airflow/.local/lib/python3.8/site-packages/airflow/example_dags/example_setup_teardown_taskflow.py
[2024-11-06T08:56:32.033+0000] {processor.py:829} INFO - Processing file /home/airflow/.local/lib/python3.8/site-packages/airflow/example_dags/example_setup_teardown_taskflow.py for tasks to queue
[2024-11-06T08:56:32.034+0000] {logging_mixin.py:154} INFO - [2024-11-06T08:56:32.034+0000] {dagbag.py:536} INFO - Filling up the DagBag from /home/airflow/.local/lib/python3.8/site-packages/airflow/example_dags/example_setup_teardown_taskflow.py
[2024-11-06T08:56:32.038+0000] {processor.py:839} INFO - DAG(s) dict_keys(['example_setup_teardown_taskflow']) retrieved from /home/airflow/.local/lib/python3.8/site-packages/airflow/example_dags/example_setup_teardown_taskflow.py
[2024-11-06T08:56:32.052+0000] {logging_mixin.py:154} INFO - [2024-11-06T08:56:32.051+0000] {dag.py:2941} INFO - Sync 1 DAGs
[2024-11-06T08:56:32.060+0000] {logging_mixin.py:154} INFO - [2024-11-06T08:56:32.060+0000] {dag.py:3722} INFO - Setting next_dagrun for example_setup_teardown_taskflow to 2024-11-05T08:56:32.060625+00:00, run_after=2024-11-06T08:56:32.060625+00:00
[2024-11-06T08:56:32.144+0000] {processor.py:179} INFO - Processing /home/airflow/.local/lib/python3.8/site-packages/airflow/example_dags/example_setup_teardown_taskflow.py took 0.113 seconds
[2024-11-06T08:57:02.401+0000] {processor.py:157} INFO - Started process (PID=1539) to work on /home/airflow/.local/lib/python3.8/site-packages/airflow/example_dags/example_setup_teardown_taskflow.py
[2024-11-06T08:57:02.402+0000] {processor.py:829} INFO - Processing file /home/airflow/.local/lib/python3.8/site-packages/airflow/example_dags/example_setup_teardown_taskflow.py for tasks to queue
[2024-11-06T08:57:02.403+0000] {logging_mixin.py:154} INFO - [2024-11-06T08:57:02.403+0000] {dagbag.py:536} INFO - Filling up the DagBag from /home/airflow/.local/lib/python3.8/site-packages/airflow/example_dags/example_setup_teardown_taskflow.py
[2024-11-06T08:57:02.409+0000] {processor.py:839} INFO - DAG(s) dict_keys(['example_setup_teardown_taskflow']) retrieved from /home/airflow/.local/lib/python3.8/site-packages/airflow/example_dags/example_setup_teardown_taskflow.py
[2024-11-06T08:57:02.420+0000] {logging_mixin.py:154} INFO - [2024-11-06T08:57:02.420+0000] {dag.py:2941} INFO - Sync 1 DAGs
[2024-11-06T08:57:02.429+0000] {logging_mixin.py:154} INFO - [2024-11-06T08:57:02.429+0000] {dag.py:3722} INFO - Setting next_dagrun for example_setup_teardown_taskflow to 2024-11-05T08:57:02.429090+00:00, run_after=2024-11-06T08:57:02.429090+00:00
[2024-11-06T08:57:02.436+0000] {processor.py:179} INFO - Processing /home/airflow/.local/lib/python3.8/site-packages/airflow/example_dags/example_setup_teardown_taskflow.py took 0.037 seconds
[2024-11-06T08:57:32.848+0000] {processor.py:157} INFO - Started process (PID=1593) to work on /home/airflow/.local/lib/python3.8/site-packages/airflow/example_dags/example_setup_teardown_taskflow.py
[2024-11-06T08:57:32.848+0000] {processor.py:829} INFO - Processing file /home/airflow/.local/lib/python3.8/site-packages/airflow/example_dags/example_setup_teardown_taskflow.py for tasks to queue
[2024-11-06T08:57:32.849+0000] {logging_mixin.py:154} INFO - [2024-11-06T08:57:32.849+0000] {dagbag.py:536} INFO - Filling up the DagBag from /home/airflow/.local/lib/python3.8/site-packages/airflow/example_dags/example_setup_teardown_taskflow.py
[2024-11-06T08:57:32.853+0000] {processor.py:839} INFO - DAG(s) dict_keys(['example_setup_teardown_taskflow']) retrieved from /home/airflow/.local/lib/python3.8/site-packages/airflow/example_dags/example_setup_teardown_taskflow.py
[2024-11-06T08:57:32.864+0000] {logging_mixin.py:154} INFO - [2024-11-06T08:57:32.864+0000] {dag.py:2941} INFO - Sync 1 DAGs
[2024-11-06T08:57:32.955+0000] {logging_mixin.py:154} INFO - [2024-11-06T08:57:32.955+0000] {dag.py:3722} INFO - Setting next_dagrun for example_setup_teardown_taskflow to 2024-11-05T08:57:32.955280+00:00, run_after=2024-11-06T08:57:32.955280+00:00
[2024-11-06T08:57:32.962+0000] {processor.py:179} INFO - Processing /home/airflow/.local/lib/python3.8/site-packages/airflow/example_dags/example_setup_teardown_taskflow.py took 0.116 seconds
[2024-11-06T08:58:03.755+0000] {processor.py:157} INFO - Started process (PID=1646) to work on /home/airflow/.local/lib/python3.8/site-packages/airflow/example_dags/example_setup_teardown_taskflow.py
[2024-11-06T08:58:03.755+0000] {processor.py:829} INFO - Processing file /home/airflow/.local/lib/python3.8/site-packages/airflow/example_dags/example_setup_teardown_taskflow.py for tasks to queue
[2024-11-06T08:58:03.756+0000] {logging_mixin.py:154} INFO - [2024-11-06T08:58:03.756+0000] {dagbag.py:536} INFO - Filling up the DagBag from /home/airflow/.local/lib/python3.8/site-packages/airflow/example_dags/example_setup_teardown_taskflow.py
[2024-11-06T08:58:03.760+0000] {processor.py:839} INFO - DAG(s) dict_keys(['example_setup_teardown_taskflow']) retrieved from /home/airflow/.local/lib/python3.8/site-packages/airflow/example_dags/example_setup_teardown_taskflow.py
[2024-11-06T08:58:03.770+0000] {logging_mixin.py:154} INFO - [2024-11-06T08:58:03.770+0000] {dag.py:2941} INFO - Sync 1 DAGs
[2024-11-06T08:58:03.779+0000] {logging_mixin.py:154} INFO - [2024-11-06T08:58:03.779+0000] {dag.py:3722} INFO - Setting next_dagrun for example_setup_teardown_taskflow to 2024-11-05T08:58:03.779363+00:00, run_after=2024-11-06T08:58:03.779363+00:00
[2024-11-06T08:58:03.787+0000] {processor.py:179} INFO - Processing /home/airflow/.local/lib/python3.8/site-packages/airflow/example_dags/example_setup_teardown_taskflow.py took 0.034 seconds
[2024-11-06T08:58:34.230+0000] {processor.py:157} INFO - Started process (PID=1700) to work on /home/airflow/.local/lib/python3.8/site-packages/airflow/example_dags/example_setup_teardown_taskflow.py
[2024-11-06T08:58:34.231+0000] {processor.py:829} INFO - Processing file /home/airflow/.local/lib/python3.8/site-packages/airflow/example_dags/example_setup_teardown_taskflow.py for tasks to queue
[2024-11-06T08:58:34.232+0000] {logging_mixin.py:154} INFO - [2024-11-06T08:58:34.232+0000] {dagbag.py:536} INFO - Filling up the DagBag from /home/airflow/.local/lib/python3.8/site-packages/airflow/example_dags/example_setup_teardown_taskflow.py
[2024-11-06T08:58:34.315+0000] {processor.py:839} INFO - DAG(s) dict_keys(['example_setup_teardown_taskflow']) retrieved from /home/airflow/.local/lib/python3.8/site-packages/airflow/example_dags/example_setup_teardown_taskflow.py
[2024-11-06T08:58:34.322+0000] {logging_mixin.py:154} INFO - [2024-11-06T08:58:34.322+0000] {dag.py:2941} INFO - Sync 1 DAGs
[2024-11-06T08:58:34.330+0000] {logging_mixin.py:154} INFO - [2024-11-06T08:58:34.330+0000] {dag.py:3722} INFO - Setting next_dagrun for example_setup_teardown_taskflow to 2024-11-05T08:58:34.330174+00:00, run_after=2024-11-06T08:58:34.330174+00:00
[2024-11-06T08:58:34.337+0000] {processor.py:179} INFO - Processing /home/airflow/.local/lib/python3.8/site-packages/airflow/example_dags/example_setup_teardown_taskflow.py took 0.108 seconds
[2024-11-06T09:17:57.569+0000] {processor.py:157} INFO - Started process (PID=1745) to work on /home/airflow/.local/lib/python3.8/site-packages/airflow/example_dags/example_setup_teardown_taskflow.py
[2024-11-06T09:17:57.570+0000] {processor.py:829} INFO - Processing file /home/airflow/.local/lib/python3.8/site-packages/airflow/example_dags/example_setup_teardown_taskflow.py for tasks to queue
[2024-11-06T09:17:57.571+0000] {logging_mixin.py:154} INFO - [2024-11-06T09:17:57.571+0000] {dagbag.py:536} INFO - Filling up the DagBag from /home/airflow/.local/lib/python3.8/site-packages/airflow/example_dags/example_setup_teardown_taskflow.py
[2024-11-06T09:17:57.575+0000] {processor.py:839} INFO - DAG(s) dict_keys(['example_setup_teardown_taskflow']) retrieved from /home/airflow/.local/lib/python3.8/site-packages/airflow/example_dags/example_setup_teardown_taskflow.py
[2024-11-06T09:17:57.585+0000] {logging_mixin.py:154} INFO - [2024-11-06T09:17:57.585+0000] {dag.py:2941} INFO - Sync 1 DAGs
[2024-11-06T09:17:57.598+0000] {logging_mixin.py:154} INFO - [2024-11-06T09:17:57.598+0000] {dag.py:3722} INFO - Setting next_dagrun for example_setup_teardown_taskflow to 2024-11-05T09:17:57.598016+00:00, run_after=2024-11-06T09:17:57.598016+00:00
[2024-11-06T09:17:57.613+0000] {processor.py:179} INFO - Processing /home/airflow/.local/lib/python3.8/site-packages/airflow/example_dags/example_setup_teardown_taskflow.py took 0.046 seconds
[2024-11-06T09:29:44.009+0000] {processor.py:157} INFO - Started process (PID=1799) to work on /home/airflow/.local/lib/python3.8/site-packages/airflow/example_dags/example_setup_teardown_taskflow.py
[2024-11-06T09:29:44.009+0000] {processor.py:829} INFO - Processing file /home/airflow/.local/lib/python3.8/site-packages/airflow/example_dags/example_setup_teardown_taskflow.py for tasks to queue
[2024-11-06T09:29:44.011+0000] {logging_mixin.py:154} INFO - [2024-11-06T09:29:44.011+0000] {dagbag.py:536} INFO - Filling up the DagBag from /home/airflow/.local/lib/python3.8/site-packages/airflow/example_dags/example_setup_teardown_taskflow.py
[2024-11-06T09:29:44.020+0000] {processor.py:839} INFO - DAG(s) dict_keys(['example_setup_teardown_taskflow']) retrieved from /home/airflow/.local/lib/python3.8/site-packages/airflow/example_dags/example_setup_teardown_taskflow.py
[2024-11-06T09:29:44.036+0000] {logging_mixin.py:154} INFO - [2024-11-06T09:29:44.036+0000] {dag.py:2941} INFO - Sync 1 DAGs
[2024-11-06T09:29:44.056+0000] {logging_mixin.py:154} INFO - [2024-11-06T09:29:44.055+0000] {dag.py:3722} INFO - Setting next_dagrun for example_setup_teardown_taskflow to 2024-11-05T09:29:44.055521+00:00, run_after=2024-11-06T09:29:44.055521+00:00
[2024-11-06T09:29:44.074+0000] {processor.py:179} INFO - Processing /home/airflow/.local/lib/python3.8/site-packages/airflow/example_dags/example_setup_teardown_taskflow.py took 0.068 seconds
[2024-11-06T10:28:13.855+0000] {processor.py:157} INFO - Started process (PID=1853) to work on /home/airflow/.local/lib/python3.8/site-packages/airflow/example_dags/example_setup_teardown_taskflow.py
[2024-11-06T10:28:13.857+0000] {processor.py:829} INFO - Processing file /home/airflow/.local/lib/python3.8/site-packages/airflow/example_dags/example_setup_teardown_taskflow.py for tasks to queue
[2024-11-06T10:28:13.859+0000] {logging_mixin.py:154} INFO - [2024-11-06T10:28:13.859+0000] {dagbag.py:536} INFO - Filling up the DagBag from /home/airflow/.local/lib/python3.8/site-packages/airflow/example_dags/example_setup_teardown_taskflow.py
[2024-11-06T10:28:13.866+0000] {processor.py:839} INFO - DAG(s) dict_keys(['example_setup_teardown_taskflow']) retrieved from /home/airflow/.local/lib/python3.8/site-packages/airflow/example_dags/example_setup_teardown_taskflow.py
[2024-11-06T10:28:13.879+0000] {logging_mixin.py:154} INFO - [2024-11-06T10:28:13.878+0000] {dag.py:2941} INFO - Sync 1 DAGs
[2024-11-06T10:28:13.888+0000] {logging_mixin.py:154} INFO - [2024-11-06T10:28:13.888+0000] {dag.py:3722} INFO - Setting next_dagrun for example_setup_teardown_taskflow to 2024-11-05T10:28:13.888180+00:00, run_after=2024-11-06T10:28:13.888180+00:00
[2024-11-06T10:28:13.901+0000] {processor.py:179} INFO - Processing /home/airflow/.local/lib/python3.8/site-packages/airflow/example_dags/example_setup_teardown_taskflow.py took 0.049 seconds
[2024-11-06T11:31:03.914+0000] {processor.py:157} INFO - Started process (PID=1907) to work on /home/airflow/.local/lib/python3.8/site-packages/airflow/example_dags/example_setup_teardown_taskflow.py
[2024-11-06T11:31:03.915+0000] {processor.py:829} INFO - Processing file /home/airflow/.local/lib/python3.8/site-packages/airflow/example_dags/example_setup_teardown_taskflow.py for tasks to queue
[2024-11-06T11:31:03.916+0000] {logging_mixin.py:154} INFO - [2024-11-06T11:31:03.915+0000] {dagbag.py:536} INFO - Filling up the DagBag from /home/airflow/.local/lib/python3.8/site-packages/airflow/example_dags/example_setup_teardown_taskflow.py
[2024-11-06T11:31:03.920+0000] {processor.py:839} INFO - DAG(s) dict_keys(['example_setup_teardown_taskflow']) retrieved from /home/airflow/.local/lib/python3.8/site-packages/airflow/example_dags/example_setup_teardown_taskflow.py
[2024-11-06T11:31:03.929+0000] {logging_mixin.py:154} INFO - [2024-11-06T11:31:03.929+0000] {dag.py:2941} INFO - Sync 1 DAGs
[2024-11-06T11:31:03.938+0000] {logging_mixin.py:154} INFO - [2024-11-06T11:31:03.938+0000] {dag.py:3722} INFO - Setting next_dagrun for example_setup_teardown_taskflow to 2024-11-05T11:31:03.938590+00:00, run_after=2024-11-06T11:31:03.938590+00:00
[2024-11-06T11:31:03.945+0000] {processor.py:179} INFO - Processing /home/airflow/.local/lib/python3.8/site-packages/airflow/example_dags/example_setup_teardown_taskflow.py took 0.032 seconds
[2024-11-06T11:59:50.455+0000] {processor.py:157} INFO - Started process (PID=1961) to work on /home/airflow/.local/lib/python3.8/site-packages/airflow/example_dags/example_setup_teardown_taskflow.py
[2024-11-06T11:59:50.457+0000] {processor.py:829} INFO - Processing file /home/airflow/.local/lib/python3.8/site-packages/airflow/example_dags/example_setup_teardown_taskflow.py for tasks to queue
[2024-11-06T11:59:50.458+0000] {logging_mixin.py:154} INFO - [2024-11-06T11:59:50.458+0000] {dagbag.py:536} INFO - Filling up the DagBag from /home/airflow/.local/lib/python3.8/site-packages/airflow/example_dags/example_setup_teardown_taskflow.py
[2024-11-06T11:59:50.462+0000] {processor.py:839} INFO - DAG(s) dict_keys(['example_setup_teardown_taskflow']) retrieved from /home/airflow/.local/lib/python3.8/site-packages/airflow/example_dags/example_setup_teardown_taskflow.py
[2024-11-06T11:59:50.471+0000] {logging_mixin.py:154} INFO - [2024-11-06T11:59:50.471+0000] {dag.py:2941} INFO - Sync 1 DAGs
[2024-11-06T11:59:50.480+0000] {logging_mixin.py:154} INFO - [2024-11-06T11:59:50.480+0000] {dag.py:3722} INFO - Setting next_dagrun for example_setup_teardown_taskflow to 2024-11-05T11:59:50.480052+00:00, run_after=2024-11-06T11:59:50.480052+00:00
[2024-11-06T11:59:50.490+0000] {processor.py:179} INFO - Processing /home/airflow/.local/lib/python3.8/site-packages/airflow/example_dags/example_setup_teardown_taskflow.py took 0.036 seconds
[2024-11-06T12:50:47.877+0000] {processor.py:157} INFO - Started process (PID=2015) to work on /home/airflow/.local/lib/python3.8/site-packages/airflow/example_dags/example_setup_teardown_taskflow.py
[2024-11-06T12:50:47.878+0000] {processor.py:829} INFO - Processing file /home/airflow/.local/lib/python3.8/site-packages/airflow/example_dags/example_setup_teardown_taskflow.py for tasks to queue
[2024-11-06T12:50:47.880+0000] {logging_mixin.py:154} INFO - [2024-11-06T12:50:47.880+0000] {dagbag.py:536} INFO - Filling up the DagBag from /home/airflow/.local/lib/python3.8/site-packages/airflow/example_dags/example_setup_teardown_taskflow.py
[2024-11-06T12:50:47.907+0000] {processor.py:839} INFO - DAG(s) dict_keys(['example_setup_teardown_taskflow']) retrieved from /home/airflow/.local/lib/python3.8/site-packages/airflow/example_dags/example_setup_teardown_taskflow.py
[2024-11-06T12:50:47.948+0000] {logging_mixin.py:154} INFO - [2024-11-06T12:50:47.947+0000] {dag.py:2941} INFO - Sync 1 DAGs
[2024-11-06T12:50:47.967+0000] {logging_mixin.py:154} INFO - [2024-11-06T12:50:47.967+0000] {dag.py:3722} INFO - Setting next_dagrun for example_setup_teardown_taskflow to 2024-11-05T12:50:47.967322+00:00, run_after=2024-11-06T12:50:47.967322+00:00
[2024-11-06T12:50:48.012+0000] {processor.py:179} INFO - Processing /home/airflow/.local/lib/python3.8/site-packages/airflow/example_dags/example_setup_teardown_taskflow.py took 0.138 seconds
[2024-11-06T12:52:35.685+0000] {processor.py:157} INFO - Started process (PID=2069) to work on /home/airflow/.local/lib/python3.8/site-packages/airflow/example_dags/example_setup_teardown_taskflow.py
[2024-11-06T12:52:35.686+0000] {processor.py:829} INFO - Processing file /home/airflow/.local/lib/python3.8/site-packages/airflow/example_dags/example_setup_teardown_taskflow.py for tasks to queue
[2024-11-06T12:52:35.687+0000] {logging_mixin.py:154} INFO - [2024-11-06T12:52:35.687+0000] {dagbag.py:536} INFO - Filling up the DagBag from /home/airflow/.local/lib/python3.8/site-packages/airflow/example_dags/example_setup_teardown_taskflow.py
[2024-11-06T12:52:35.690+0000] {processor.py:839} INFO - DAG(s) dict_keys(['example_setup_teardown_taskflow']) retrieved from /home/airflow/.local/lib/python3.8/site-packages/airflow/example_dags/example_setup_teardown_taskflow.py
[2024-11-06T12:52:35.700+0000] {logging_mixin.py:154} INFO - [2024-11-06T12:52:35.699+0000] {dag.py:2941} INFO - Sync 1 DAGs
[2024-11-06T12:52:35.708+0000] {logging_mixin.py:154} INFO - [2024-11-06T12:52:35.708+0000] {dag.py:3722} INFO - Setting next_dagrun for example_setup_teardown_taskflow to 2024-11-05T12:52:35.708124+00:00, run_after=2024-11-06T12:52:35.708124+00:00
[2024-11-06T12:52:35.714+0000] {processor.py:179} INFO - Processing /home/airflow/.local/lib/python3.8/site-packages/airflow/example_dags/example_setup_teardown_taskflow.py took 0.030 seconds
[2024-11-06T13:07:17.111+0000] {processor.py:157} INFO - Started process (PID=2123) to work on /home/airflow/.local/lib/python3.8/site-packages/airflow/example_dags/example_setup_teardown_taskflow.py
[2024-11-06T13:07:17.111+0000] {processor.py:829} INFO - Processing file /home/airflow/.local/lib/python3.8/site-packages/airflow/example_dags/example_setup_teardown_taskflow.py for tasks to queue
[2024-11-06T13:07:17.112+0000] {logging_mixin.py:154} INFO - [2024-11-06T13:07:17.112+0000] {dagbag.py:536} INFO - Filling up the DagBag from /home/airflow/.local/lib/python3.8/site-packages/airflow/example_dags/example_setup_teardown_taskflow.py
[2024-11-06T13:07:17.116+0000] {processor.py:839} INFO - DAG(s) dict_keys(['example_setup_teardown_taskflow']) retrieved from /home/airflow/.local/lib/python3.8/site-packages/airflow/example_dags/example_setup_teardown_taskflow.py
[2024-11-06T13:07:17.125+0000] {logging_mixin.py:154} INFO - [2024-11-06T13:07:17.124+0000] {dag.py:2941} INFO - Sync 1 DAGs
[2024-11-06T13:07:17.133+0000] {logging_mixin.py:154} INFO - [2024-11-06T13:07:17.133+0000] {dag.py:3722} INFO - Setting next_dagrun for example_setup_teardown_taskflow to 2024-11-05T13:07:17.133532+00:00, run_after=2024-11-06T13:07:17.133532+00:00
[2024-11-06T13:07:17.139+0000] {processor.py:179} INFO - Processing /home/airflow/.local/lib/python3.8/site-packages/airflow/example_dags/example_setup_teardown_taskflow.py took 0.030 seconds
[2024-11-06T13:47:32.067+0000] {processor.py:157} INFO - Started process (PID=2177) to work on /home/airflow/.local/lib/python3.8/site-packages/airflow/example_dags/example_setup_teardown_taskflow.py
[2024-11-06T13:47:32.068+0000] {processor.py:829} INFO - Processing file /home/airflow/.local/lib/python3.8/site-packages/airflow/example_dags/example_setup_teardown_taskflow.py for tasks to queue
[2024-11-06T13:47:32.069+0000] {logging_mixin.py:154} INFO - [2024-11-06T13:47:32.069+0000] {dagbag.py:536} INFO - Filling up the DagBag from /home/airflow/.local/lib/python3.8/site-packages/airflow/example_dags/example_setup_teardown_taskflow.py
[2024-11-06T13:47:32.073+0000] {processor.py:839} INFO - DAG(s) dict_keys(['example_setup_teardown_taskflow']) retrieved from /home/airflow/.local/lib/python3.8/site-packages/airflow/example_dags/example_setup_teardown_taskflow.py
[2024-11-06T13:47:32.082+0000] {logging_mixin.py:154} INFO - [2024-11-06T13:47:32.082+0000] {dag.py:2941} INFO - Sync 1 DAGs
[2024-11-06T13:47:32.091+0000] {logging_mixin.py:154} INFO - [2024-11-06T13:47:32.091+0000] {dag.py:3722} INFO - Setting next_dagrun for example_setup_teardown_taskflow to 2024-11-05T13:47:32.091491+00:00, run_after=2024-11-06T13:47:32.091491+00:00
[2024-11-06T13:47:32.104+0000] {processor.py:179} INFO - Processing /home/airflow/.local/lib/python3.8/site-packages/airflow/example_dags/example_setup_teardown_taskflow.py took 0.039 seconds
[2024-11-06T13:55:17.624+0000] {processor.py:157} INFO - Started process (PID=2231) to work on /home/airflow/.local/lib/python3.8/site-packages/airflow/example_dags/example_setup_teardown_taskflow.py
[2024-11-06T13:55:17.624+0000] {processor.py:829} INFO - Processing file /home/airflow/.local/lib/python3.8/site-packages/airflow/example_dags/example_setup_teardown_taskflow.py for tasks to queue
[2024-11-06T13:55:17.626+0000] {logging_mixin.py:154} INFO - [2024-11-06T13:55:17.626+0000] {dagbag.py:536} INFO - Filling up the DagBag from /home/airflow/.local/lib/python3.8/site-packages/airflow/example_dags/example_setup_teardown_taskflow.py
[2024-11-06T13:55:17.632+0000] {processor.py:839} INFO - DAG(s) dict_keys(['example_setup_teardown_taskflow']) retrieved from /home/airflow/.local/lib/python3.8/site-packages/airflow/example_dags/example_setup_teardown_taskflow.py
[2024-11-06T13:55:17.641+0000] {logging_mixin.py:154} INFO - [2024-11-06T13:55:17.641+0000] {dag.py:2941} INFO - Sync 1 DAGs
[2024-11-06T13:55:17.650+0000] {logging_mixin.py:154} INFO - [2024-11-06T13:55:17.650+0000] {dag.py:3722} INFO - Setting next_dagrun for example_setup_teardown_taskflow to 2024-11-05T13:55:17.649952+00:00, run_after=2024-11-06T13:55:17.649952+00:00
[2024-11-06T13:55:17.656+0000] {processor.py:179} INFO - Processing /home/airflow/.local/lib/python3.8/site-packages/airflow/example_dags/example_setup_teardown_taskflow.py took 0.034 seconds
[2024-11-06T14:00:22.407+0000] {processor.py:157} INFO - Started process (PID=2285) to work on /home/airflow/.local/lib/python3.8/site-packages/airflow/example_dags/example_setup_teardown_taskflow.py
[2024-11-06T14:00:22.407+0000] {processor.py:829} INFO - Processing file /home/airflow/.local/lib/python3.8/site-packages/airflow/example_dags/example_setup_teardown_taskflow.py for tasks to queue
[2024-11-06T14:00:22.408+0000] {logging_mixin.py:154} INFO - [2024-11-06T14:00:22.408+0000] {dagbag.py:536} INFO - Filling up the DagBag from /home/airflow/.local/lib/python3.8/site-packages/airflow/example_dags/example_setup_teardown_taskflow.py
[2024-11-06T14:00:22.412+0000] {processor.py:839} INFO - DAG(s) dict_keys(['example_setup_teardown_taskflow']) retrieved from /home/airflow/.local/lib/python3.8/site-packages/airflow/example_dags/example_setup_teardown_taskflow.py
[2024-11-06T14:00:22.421+0000] {logging_mixin.py:154} INFO - [2024-11-06T14:00:22.421+0000] {dag.py:2941} INFO - Sync 1 DAGs
[2024-11-06T14:00:22.430+0000] {logging_mixin.py:154} INFO - [2024-11-06T14:00:22.430+0000] {dag.py:3722} INFO - Setting next_dagrun for example_setup_teardown_taskflow to 2024-11-05T14:00:22.430450+00:00, run_after=2024-11-06T14:00:22.430450+00:00
[2024-11-06T14:00:22.437+0000] {processor.py:179} INFO - Processing /home/airflow/.local/lib/python3.8/site-packages/airflow/example_dags/example_setup_teardown_taskflow.py took 0.032 seconds
[2024-11-06T14:05:42.375+0000] {processor.py:157} INFO - Started process (PID=2339) to work on /home/airflow/.local/lib/python3.8/site-packages/airflow/example_dags/example_setup_teardown_taskflow.py
[2024-11-06T14:05:42.376+0000] {processor.py:829} INFO - Processing file /home/airflow/.local/lib/python3.8/site-packages/airflow/example_dags/example_setup_teardown_taskflow.py for tasks to queue
[2024-11-06T14:05:42.377+0000] {logging_mixin.py:154} INFO - [2024-11-06T14:05:42.377+0000] {dagbag.py:536} INFO - Filling up the DagBag from /home/airflow/.local/lib/python3.8/site-packages/airflow/example_dags/example_setup_teardown_taskflow.py
[2024-11-06T14:05:42.381+0000] {processor.py:839} INFO - DAG(s) dict_keys(['example_setup_teardown_taskflow']) retrieved from /home/airflow/.local/lib/python3.8/site-packages/airflow/example_dags/example_setup_teardown_taskflow.py
[2024-11-06T14:05:42.390+0000] {logging_mixin.py:154} INFO - [2024-11-06T14:05:42.390+0000] {dag.py:2941} INFO - Sync 1 DAGs
[2024-11-06T14:05:42.398+0000] {logging_mixin.py:154} INFO - [2024-11-06T14:05:42.398+0000] {dag.py:3722} INFO - Setting next_dagrun for example_setup_teardown_taskflow to 2024-11-05T14:05:42.398157+00:00, run_after=2024-11-06T14:05:42.398157+00:00
[2024-11-06T14:05:42.404+0000] {processor.py:179} INFO - Processing /home/airflow/.local/lib/python3.8/site-packages/airflow/example_dags/example_setup_teardown_taskflow.py took 0.030 seconds
[2024-11-06T14:09:56.795+0000] {processor.py:157} INFO - Started process (PID=2393) to work on /home/airflow/.local/lib/python3.8/site-packages/airflow/example_dags/example_setup_teardown_taskflow.py
[2024-11-06T14:09:56.796+0000] {processor.py:829} INFO - Processing file /home/airflow/.local/lib/python3.8/site-packages/airflow/example_dags/example_setup_teardown_taskflow.py for tasks to queue
[2024-11-06T14:09:56.797+0000] {logging_mixin.py:154} INFO - [2024-11-06T14:09:56.797+0000] {dagbag.py:536} INFO - Filling up the DagBag from /home/airflow/.local/lib/python3.8/site-packages/airflow/example_dags/example_setup_teardown_taskflow.py
[2024-11-06T14:09:56.801+0000] {processor.py:839} INFO - DAG(s) dict_keys(['example_setup_teardown_taskflow']) retrieved from /home/airflow/.local/lib/python3.8/site-packages/airflow/example_dags/example_setup_teardown_taskflow.py
[2024-11-06T14:09:56.816+0000] {logging_mixin.py:154} INFO - [2024-11-06T14:09:56.816+0000] {dag.py:2941} INFO - Sync 1 DAGs
[2024-11-06T14:09:56.829+0000] {logging_mixin.py:154} INFO - [2024-11-06T14:09:56.829+0000] {dag.py:3722} INFO - Setting next_dagrun for example_setup_teardown_taskflow to 2024-11-05T14:09:56.828848+00:00, run_after=2024-11-06T14:09:56.828848+00:00
[2024-11-06T14:09:56.842+0000] {processor.py:179} INFO - Processing /home/airflow/.local/lib/python3.8/site-packages/airflow/example_dags/example_setup_teardown_taskflow.py took 0.048 seconds
[2024-11-06T14:16:57.844+0000] {processor.py:157} INFO - Started process (PID=2447) to work on /home/airflow/.local/lib/python3.8/site-packages/airflow/example_dags/example_setup_teardown_taskflow.py
[2024-11-06T14:16:57.845+0000] {processor.py:829} INFO - Processing file /home/airflow/.local/lib/python3.8/site-packages/airflow/example_dags/example_setup_teardown_taskflow.py for tasks to queue
[2024-11-06T14:16:57.846+0000] {logging_mixin.py:154} INFO - [2024-11-06T14:16:57.846+0000] {dagbag.py:536} INFO - Filling up the DagBag from /home/airflow/.local/lib/python3.8/site-packages/airflow/example_dags/example_setup_teardown_taskflow.py
[2024-11-06T14:16:57.851+0000] {processor.py:839} INFO - DAG(s) dict_keys(['example_setup_teardown_taskflow']) retrieved from /home/airflow/.local/lib/python3.8/site-packages/airflow/example_dags/example_setup_teardown_taskflow.py
[2024-11-06T14:16:57.862+0000] {logging_mixin.py:154} INFO - [2024-11-06T14:16:57.862+0000] {dag.py:2941} INFO - Sync 1 DAGs
[2024-11-06T14:16:57.872+0000] {logging_mixin.py:154} INFO - [2024-11-06T14:16:57.872+0000] {dag.py:3722} INFO - Setting next_dagrun for example_setup_teardown_taskflow to 2024-11-05T14:16:57.872411+00:00, run_after=2024-11-06T14:16:57.872411+00:00
[2024-11-06T14:16:57.882+0000] {processor.py:179} INFO - Processing /home/airflow/.local/lib/python3.8/site-packages/airflow/example_dags/example_setup_teardown_taskflow.py took 0.040 seconds
[2024-11-06T14:23:15.496+0000] {processor.py:157} INFO - Started process (PID=2501) to work on /home/airflow/.local/lib/python3.8/site-packages/airflow/example_dags/example_setup_teardown_taskflow.py
[2024-11-06T14:23:15.498+0000] {processor.py:829} INFO - Processing file /home/airflow/.local/lib/python3.8/site-packages/airflow/example_dags/example_setup_teardown_taskflow.py for tasks to queue
[2024-11-06T14:23:15.500+0000] {logging_mixin.py:154} INFO - [2024-11-06T14:23:15.499+0000] {dagbag.py:536} INFO - Filling up the DagBag from /home/airflow/.local/lib/python3.8/site-packages/airflow/example_dags/example_setup_teardown_taskflow.py
[2024-11-06T14:23:15.505+0000] {processor.py:839} INFO - DAG(s) dict_keys(['example_setup_teardown_taskflow']) retrieved from /home/airflow/.local/lib/python3.8/site-packages/airflow/example_dags/example_setup_teardown_taskflow.py
[2024-11-06T14:23:15.517+0000] {logging_mixin.py:154} INFO - [2024-11-06T14:23:15.517+0000] {dag.py:2941} INFO - Sync 1 DAGs
[2024-11-06T14:23:15.527+0000] {logging_mixin.py:154} INFO - [2024-11-06T14:23:15.526+0000] {dag.py:3722} INFO - Setting next_dagrun for example_setup_teardown_taskflow to 2024-11-05T14:23:15.526882+00:00, run_after=2024-11-06T14:23:15.526882+00:00
[2024-11-06T14:23:15.535+0000] {processor.py:179} INFO - Processing /home/airflow/.local/lib/python3.8/site-packages/airflow/example_dags/example_setup_teardown_taskflow.py took 0.041 seconds
[2024-11-06T14:31:02.327+0000] {processor.py:157} INFO - Started process (PID=2554) to work on /home/airflow/.local/lib/python3.8/site-packages/airflow/example_dags/example_setup_teardown_taskflow.py
[2024-11-06T14:31:02.328+0000] {processor.py:829} INFO - Processing file /home/airflow/.local/lib/python3.8/site-packages/airflow/example_dags/example_setup_teardown_taskflow.py for tasks to queue
[2024-11-06T14:31:02.329+0000] {logging_mixin.py:154} INFO - [2024-11-06T14:31:02.329+0000] {dagbag.py:536} INFO - Filling up the DagBag from /home/airflow/.local/lib/python3.8/site-packages/airflow/example_dags/example_setup_teardown_taskflow.py
[2024-11-06T14:31:02.334+0000] {processor.py:839} INFO - DAG(s) dict_keys(['example_setup_teardown_taskflow']) retrieved from /home/airflow/.local/lib/python3.8/site-packages/airflow/example_dags/example_setup_teardown_taskflow.py
[2024-11-06T14:31:02.344+0000] {logging_mixin.py:154} INFO - [2024-11-06T14:31:02.344+0000] {dag.py:2941} INFO - Sync 1 DAGs
[2024-11-06T14:31:02.354+0000] {logging_mixin.py:154} INFO - [2024-11-06T14:31:02.354+0000] {dag.py:3722} INFO - Setting next_dagrun for example_setup_teardown_taskflow to 2024-11-05T14:31:02.354112+00:00, run_after=2024-11-06T14:31:02.354112+00:00
[2024-11-06T14:31:02.361+0000] {processor.py:179} INFO - Processing /home/airflow/.local/lib/python3.8/site-packages/airflow/example_dags/example_setup_teardown_taskflow.py took 0.036 seconds
[2024-11-06T14:36:36.748+0000] {processor.py:157} INFO - Started process (PID=2607) to work on /home/airflow/.local/lib/python3.8/site-packages/airflow/example_dags/example_setup_teardown_taskflow.py
[2024-11-06T14:36:36.749+0000] {processor.py:829} INFO - Processing file /home/airflow/.local/lib/python3.8/site-packages/airflow/example_dags/example_setup_teardown_taskflow.py for tasks to queue
[2024-11-06T14:36:36.750+0000] {logging_mixin.py:154} INFO - [2024-11-06T14:36:36.750+0000] {dagbag.py:536} INFO - Filling up the DagBag from /home/airflow/.local/lib/python3.8/site-packages/airflow/example_dags/example_setup_teardown_taskflow.py
[2024-11-06T14:36:36.754+0000] {processor.py:839} INFO - DAG(s) dict_keys(['example_setup_teardown_taskflow']) retrieved from /home/airflow/.local/lib/python3.8/site-packages/airflow/example_dags/example_setup_teardown_taskflow.py
[2024-11-06T14:36:36.767+0000] {logging_mixin.py:154} INFO - [2024-11-06T14:36:36.766+0000] {dag.py:2941} INFO - Sync 1 DAGs
[2024-11-06T14:36:36.777+0000] {logging_mixin.py:154} INFO - [2024-11-06T14:36:36.776+0000] {dag.py:3722} INFO - Setting next_dagrun for example_setup_teardown_taskflow to 2024-11-05T14:36:36.776884+00:00, run_after=2024-11-06T14:36:36.776884+00:00
[2024-11-06T14:36:36.788+0000] {processor.py:179} INFO - Processing /home/airflow/.local/lib/python3.8/site-packages/airflow/example_dags/example_setup_teardown_taskflow.py took 0.042 seconds
[2024-11-06T15:02:53.222+0000] {processor.py:157} INFO - Started process (PID=2661) to work on /home/airflow/.local/lib/python3.8/site-packages/airflow/example_dags/example_setup_teardown_taskflow.py
[2024-11-06T15:02:53.223+0000] {processor.py:829} INFO - Processing file /home/airflow/.local/lib/python3.8/site-packages/airflow/example_dags/example_setup_teardown_taskflow.py for tasks to queue
[2024-11-06T15:02:53.225+0000] {logging_mixin.py:154} INFO - [2024-11-06T15:02:53.224+0000] {dagbag.py:536} INFO - Filling up the DagBag from /home/airflow/.local/lib/python3.8/site-packages/airflow/example_dags/example_setup_teardown_taskflow.py
[2024-11-06T15:02:53.229+0000] {processor.py:839} INFO - DAG(s) dict_keys(['example_setup_teardown_taskflow']) retrieved from /home/airflow/.local/lib/python3.8/site-packages/airflow/example_dags/example_setup_teardown_taskflow.py
[2024-11-06T15:02:53.240+0000] {logging_mixin.py:154} INFO - [2024-11-06T15:02:53.240+0000] {dag.py:2941} INFO - Sync 1 DAGs
[2024-11-06T15:02:53.249+0000] {logging_mixin.py:154} INFO - [2024-11-06T15:02:53.249+0000] {dag.py:3722} INFO - Setting next_dagrun for example_setup_teardown_taskflow to 2024-11-05T15:02:53.249674+00:00, run_after=2024-11-06T15:02:53.249674+00:00
[2024-11-06T15:02:53.258+0000] {processor.py:179} INFO - Processing /home/airflow/.local/lib/python3.8/site-packages/airflow/example_dags/example_setup_teardown_taskflow.py took 0.038 seconds
[2024-11-06T15:37:17.189+0000] {processor.py:157} INFO - Started process (PID=2715) to work on /home/airflow/.local/lib/python3.8/site-packages/airflow/example_dags/example_setup_teardown_taskflow.py
[2024-11-06T15:37:17.189+0000] {processor.py:829} INFO - Processing file /home/airflow/.local/lib/python3.8/site-packages/airflow/example_dags/example_setup_teardown_taskflow.py for tasks to queue
[2024-11-06T15:37:17.190+0000] {logging_mixin.py:154} INFO - [2024-11-06T15:37:17.190+0000] {dagbag.py:536} INFO - Filling up the DagBag from /home/airflow/.local/lib/python3.8/site-packages/airflow/example_dags/example_setup_teardown_taskflow.py
[2024-11-06T15:37:17.194+0000] {processor.py:839} INFO - DAG(s) dict_keys(['example_setup_teardown_taskflow']) retrieved from /home/airflow/.local/lib/python3.8/site-packages/airflow/example_dags/example_setup_teardown_taskflow.py
[2024-11-06T15:37:17.207+0000] {logging_mixin.py:154} INFO - [2024-11-06T15:37:17.207+0000] {dag.py:2941} INFO - Sync 1 DAGs
[2024-11-06T15:37:17.215+0000] {logging_mixin.py:154} INFO - [2024-11-06T15:37:17.215+0000] {dag.py:3722} INFO - Setting next_dagrun for example_setup_teardown_taskflow to 2024-11-05T15:37:17.215270+00:00, run_after=2024-11-06T15:37:17.215270+00:00
[2024-11-06T15:37:17.224+0000] {processor.py:179} INFO - Processing /home/airflow/.local/lib/python3.8/site-packages/airflow/example_dags/example_setup_teardown_taskflow.py took 0.037 seconds
[2024-11-06T15:48:09.612+0000] {processor.py:157} INFO - Started process (PID=2769) to work on /home/airflow/.local/lib/python3.8/site-packages/airflow/example_dags/example_setup_teardown_taskflow.py
[2024-11-06T15:48:09.613+0000] {processor.py:829} INFO - Processing file /home/airflow/.local/lib/python3.8/site-packages/airflow/example_dags/example_setup_teardown_taskflow.py for tasks to queue
[2024-11-06T15:48:09.615+0000] {logging_mixin.py:154} INFO - [2024-11-06T15:48:09.614+0000] {dagbag.py:536} INFO - Filling up the DagBag from /home/airflow/.local/lib/python3.8/site-packages/airflow/example_dags/example_setup_teardown_taskflow.py
[2024-11-06T15:48:09.621+0000] {processor.py:839} INFO - DAG(s) dict_keys(['example_setup_teardown_taskflow']) retrieved from /home/airflow/.local/lib/python3.8/site-packages/airflow/example_dags/example_setup_teardown_taskflow.py
[2024-11-06T15:48:09.642+0000] {logging_mixin.py:154} INFO - [2024-11-06T15:48:09.641+0000] {dag.py:2941} INFO - Sync 1 DAGs
[2024-11-06T15:48:09.663+0000] {logging_mixin.py:154} INFO - [2024-11-06T15:48:09.662+0000] {dag.py:3722} INFO - Setting next_dagrun for example_setup_teardown_taskflow to 2024-11-05T15:48:09.662591+00:00, run_after=2024-11-06T15:48:09.662591+00:00
[2024-11-06T15:48:09.686+0000] {processor.py:179} INFO - Processing /home/airflow/.local/lib/python3.8/site-packages/airflow/example_dags/example_setup_teardown_taskflow.py took 0.078 seconds
[2024-11-06T16:49:03.985+0000] {processor.py:157} INFO - Started process (PID=2823) to work on /home/airflow/.local/lib/python3.8/site-packages/airflow/example_dags/example_setup_teardown_taskflow.py
[2024-11-06T16:49:03.986+0000] {processor.py:829} INFO - Processing file /home/airflow/.local/lib/python3.8/site-packages/airflow/example_dags/example_setup_teardown_taskflow.py for tasks to queue
[2024-11-06T16:49:03.987+0000] {logging_mixin.py:154} INFO - [2024-11-06T16:49:03.987+0000] {dagbag.py:536} INFO - Filling up the DagBag from /home/airflow/.local/lib/python3.8/site-packages/airflow/example_dags/example_setup_teardown_taskflow.py
[2024-11-06T16:49:03.991+0000] {processor.py:839} INFO - DAG(s) dict_keys(['example_setup_teardown_taskflow']) retrieved from /home/airflow/.local/lib/python3.8/site-packages/airflow/example_dags/example_setup_teardown_taskflow.py
[2024-11-06T16:49:04.003+0000] {logging_mixin.py:154} INFO - [2024-11-06T16:49:04.003+0000] {dag.py:2941} INFO - Sync 1 DAGs
[2024-11-06T16:49:04.016+0000] {logging_mixin.py:154} INFO - [2024-11-06T16:49:04.016+0000] {dag.py:3722} INFO - Setting next_dagrun for example_setup_teardown_taskflow to 2024-11-05T16:49:04.016403+00:00, run_after=2024-11-06T16:49:04.016403+00:00
[2024-11-06T16:49:04.027+0000] {processor.py:179} INFO - Processing /home/airflow/.local/lib/python3.8/site-packages/airflow/example_dags/example_setup_teardown_taskflow.py took 0.043 seconds
[2024-11-06T16:49:56.764+0000] {processor.py:157} INFO - Started process (PID=2877) to work on /home/airflow/.local/lib/python3.8/site-packages/airflow/example_dags/example_setup_teardown_taskflow.py
[2024-11-06T16:49:56.764+0000] {processor.py:829} INFO - Processing file /home/airflow/.local/lib/python3.8/site-packages/airflow/example_dags/example_setup_teardown_taskflow.py for tasks to queue
[2024-11-06T16:49:56.766+0000] {logging_mixin.py:154} INFO - [2024-11-06T16:49:56.766+0000] {dagbag.py:536} INFO - Filling up the DagBag from /home/airflow/.local/lib/python3.8/site-packages/airflow/example_dags/example_setup_teardown_taskflow.py
[2024-11-06T16:49:56.771+0000] {processor.py:839} INFO - DAG(s) dict_keys(['example_setup_teardown_taskflow']) retrieved from /home/airflow/.local/lib/python3.8/site-packages/airflow/example_dags/example_setup_teardown_taskflow.py
[2024-11-06T16:49:56.780+0000] {logging_mixin.py:154} INFO - [2024-11-06T16:49:56.780+0000] {dag.py:2941} INFO - Sync 1 DAGs
[2024-11-06T16:49:56.789+0000] {logging_mixin.py:154} INFO - [2024-11-06T16:49:56.789+0000] {dag.py:3722} INFO - Setting next_dagrun for example_setup_teardown_taskflow to 2024-11-05T16:49:56.789626+00:00, run_after=2024-11-06T16:49:56.789626+00:00
[2024-11-06T16:49:56.800+0000] {processor.py:179} INFO - Processing /home/airflow/.local/lib/python3.8/site-packages/airflow/example_dags/example_setup_teardown_taskflow.py took 0.038 seconds
[2024-11-06T17:40:08.763+0000] {processor.py:157} INFO - Started process (PID=2931) to work on /home/airflow/.local/lib/python3.8/site-packages/airflow/example_dags/example_setup_teardown_taskflow.py
[2024-11-06T17:40:08.765+0000] {processor.py:829} INFO - Processing file /home/airflow/.local/lib/python3.8/site-packages/airflow/example_dags/example_setup_teardown_taskflow.py for tasks to queue
[2024-11-06T17:40:08.766+0000] {logging_mixin.py:154} INFO - [2024-11-06T17:40:08.766+0000] {dagbag.py:536} INFO - Filling up the DagBag from /home/airflow/.local/lib/python3.8/site-packages/airflow/example_dags/example_setup_teardown_taskflow.py
[2024-11-06T17:40:08.770+0000] {processor.py:839} INFO - DAG(s) dict_keys(['example_setup_teardown_taskflow']) retrieved from /home/airflow/.local/lib/python3.8/site-packages/airflow/example_dags/example_setup_teardown_taskflow.py
[2024-11-06T17:40:08.782+0000] {logging_mixin.py:154} INFO - [2024-11-06T17:40:08.782+0000] {dag.py:2941} INFO - Sync 1 DAGs
[2024-11-06T17:40:08.792+0000] {logging_mixin.py:154} INFO - [2024-11-06T17:40:08.792+0000] {dag.py:3722} INFO - Setting next_dagrun for example_setup_teardown_taskflow to 2024-11-05T17:40:08.792444+00:00, run_after=2024-11-06T17:40:08.792444+00:00
[2024-11-06T17:40:08.802+0000] {processor.py:179} INFO - Processing /home/airflow/.local/lib/python3.8/site-packages/airflow/example_dags/example_setup_teardown_taskflow.py took 0.040 seconds
[2024-11-06T18:40:21.077+0000] {processor.py:157} INFO - Started process (PID=2985) to work on /home/airflow/.local/lib/python3.8/site-packages/airflow/example_dags/example_setup_teardown_taskflow.py
[2024-11-06T18:40:21.077+0000] {processor.py:829} INFO - Processing file /home/airflow/.local/lib/python3.8/site-packages/airflow/example_dags/example_setup_teardown_taskflow.py for tasks to queue
[2024-11-06T18:40:21.078+0000] {logging_mixin.py:154} INFO - [2024-11-06T18:40:21.078+0000] {dagbag.py:536} INFO - Filling up the DagBag from /home/airflow/.local/lib/python3.8/site-packages/airflow/example_dags/example_setup_teardown_taskflow.py
[2024-11-06T18:40:21.082+0000] {processor.py:839} INFO - DAG(s) dict_keys(['example_setup_teardown_taskflow']) retrieved from /home/airflow/.local/lib/python3.8/site-packages/airflow/example_dags/example_setup_teardown_taskflow.py
[2024-11-06T18:40:21.093+0000] {logging_mixin.py:154} INFO - [2024-11-06T18:40:21.093+0000] {dag.py:2941} INFO - Sync 1 DAGs
[2024-11-06T18:40:21.103+0000] {logging_mixin.py:154} INFO - [2024-11-06T18:40:21.103+0000] {dag.py:3722} INFO - Setting next_dagrun for example_setup_teardown_taskflow to 2024-11-05T18:40:21.102899+00:00, run_after=2024-11-06T18:40:21.102899+00:00
[2024-11-06T18:40:21.111+0000] {processor.py:179} INFO - Processing /home/airflow/.local/lib/python3.8/site-packages/airflow/example_dags/example_setup_teardown_taskflow.py took 0.036 seconds
[2024-11-06T19:56:54.879+0000] {processor.py:157} INFO - Started process (PID=3039) to work on /home/airflow/.local/lib/python3.8/site-packages/airflow/example_dags/example_setup_teardown_taskflow.py
[2024-11-06T19:56:54.879+0000] {processor.py:829} INFO - Processing file /home/airflow/.local/lib/python3.8/site-packages/airflow/example_dags/example_setup_teardown_taskflow.py for tasks to queue
[2024-11-06T19:56:54.880+0000] {logging_mixin.py:154} INFO - [2024-11-06T19:56:54.880+0000] {dagbag.py:536} INFO - Filling up the DagBag from /home/airflow/.local/lib/python3.8/site-packages/airflow/example_dags/example_setup_teardown_taskflow.py
[2024-11-06T19:56:54.884+0000] {processor.py:839} INFO - DAG(s) dict_keys(['example_setup_teardown_taskflow']) retrieved from /home/airflow/.local/lib/python3.8/site-packages/airflow/example_dags/example_setup_teardown_taskflow.py
[2024-11-06T19:56:54.893+0000] {logging_mixin.py:154} INFO - [2024-11-06T19:56:54.893+0000] {dag.py:2941} INFO - Sync 1 DAGs
[2024-11-06T19:56:54.901+0000] {logging_mixin.py:154} INFO - [2024-11-06T19:56:54.901+0000] {dag.py:3722} INFO - Setting next_dagrun for example_setup_teardown_taskflow to 2024-11-05T19:56:54.901275+00:00, run_after=2024-11-06T19:56:54.901275+00:00
[2024-11-06T19:56:54.907+0000] {processor.py:179} INFO - Processing /home/airflow/.local/lib/python3.8/site-packages/airflow/example_dags/example_setup_teardown_taskflow.py took 0.030 seconds
[2024-11-06T20:41:41.509+0000] {processor.py:157} INFO - Started process (PID=3093) to work on /home/airflow/.local/lib/python3.8/site-packages/airflow/example_dags/example_setup_teardown_taskflow.py
[2024-11-06T20:41:41.509+0000] {processor.py:829} INFO - Processing file /home/airflow/.local/lib/python3.8/site-packages/airflow/example_dags/example_setup_teardown_taskflow.py for tasks to queue
[2024-11-06T20:41:41.510+0000] {logging_mixin.py:154} INFO - [2024-11-06T20:41:41.510+0000] {dagbag.py:536} INFO - Filling up the DagBag from /home/airflow/.local/lib/python3.8/site-packages/airflow/example_dags/example_setup_teardown_taskflow.py
[2024-11-06T20:41:41.514+0000] {processor.py:839} INFO - DAG(s) dict_keys(['example_setup_teardown_taskflow']) retrieved from /home/airflow/.local/lib/python3.8/site-packages/airflow/example_dags/example_setup_teardown_taskflow.py
[2024-11-06T20:41:41.524+0000] {logging_mixin.py:154} INFO - [2024-11-06T20:41:41.523+0000] {dag.py:2941} INFO - Sync 1 DAGs
[2024-11-06T20:41:41.531+0000] {logging_mixin.py:154} INFO - [2024-11-06T20:41:41.531+0000] {dag.py:3722} INFO - Setting next_dagrun for example_setup_teardown_taskflow to 2024-11-05T20:41:41.531812+00:00, run_after=2024-11-06T20:41:41.531812+00:00
[2024-11-06T20:41:41.538+0000] {processor.py:179} INFO - Processing /home/airflow/.local/lib/python3.8/site-packages/airflow/example_dags/example_setup_teardown_taskflow.py took 0.030 seconds
[2024-11-06T22:09:50.980+0000] {processor.py:157} INFO - Started process (PID=3147) to work on /home/airflow/.local/lib/python3.8/site-packages/airflow/example_dags/example_setup_teardown_taskflow.py
[2024-11-06T22:09:50.980+0000] {processor.py:829} INFO - Processing file /home/airflow/.local/lib/python3.8/site-packages/airflow/example_dags/example_setup_teardown_taskflow.py for tasks to queue
[2024-11-06T22:09:50.981+0000] {logging_mixin.py:154} INFO - [2024-11-06T22:09:50.981+0000] {dagbag.py:536} INFO - Filling up the DagBag from /home/airflow/.local/lib/python3.8/site-packages/airflow/example_dags/example_setup_teardown_taskflow.py
[2024-11-06T22:09:50.985+0000] {processor.py:839} INFO - DAG(s) dict_keys(['example_setup_teardown_taskflow']) retrieved from /home/airflow/.local/lib/python3.8/site-packages/airflow/example_dags/example_setup_teardown_taskflow.py
[2024-11-06T22:09:50.995+0000] {logging_mixin.py:154} INFO - [2024-11-06T22:09:50.995+0000] {dag.py:2941} INFO - Sync 1 DAGs
[2024-11-06T22:09:51.004+0000] {logging_mixin.py:154} INFO - [2024-11-06T22:09:51.004+0000] {dag.py:3722} INFO - Setting next_dagrun for example_setup_teardown_taskflow to 2024-11-05T22:09:51.004281+00:00, run_after=2024-11-06T22:09:51.004281+00:00
[2024-11-06T22:09:51.010+0000] {processor.py:179} INFO - Processing /home/airflow/.local/lib/python3.8/site-packages/airflow/example_dags/example_setup_teardown_taskflow.py took 0.032 seconds
[2024-11-06T23:10:56.726+0000] {processor.py:157} INFO - Started process (PID=3201) to work on /home/airflow/.local/lib/python3.8/site-packages/airflow/example_dags/example_setup_teardown_taskflow.py
[2024-11-06T23:10:56.726+0000] {processor.py:829} INFO - Processing file /home/airflow/.local/lib/python3.8/site-packages/airflow/example_dags/example_setup_teardown_taskflow.py for tasks to queue
[2024-11-06T23:10:56.727+0000] {logging_mixin.py:154} INFO - [2024-11-06T23:10:56.727+0000] {dagbag.py:536} INFO - Filling up the DagBag from /home/airflow/.local/lib/python3.8/site-packages/airflow/example_dags/example_setup_teardown_taskflow.py
[2024-11-06T23:10:56.731+0000] {processor.py:839} INFO - DAG(s) dict_keys(['example_setup_teardown_taskflow']) retrieved from /home/airflow/.local/lib/python3.8/site-packages/airflow/example_dags/example_setup_teardown_taskflow.py
[2024-11-06T23:10:56.740+0000] {logging_mixin.py:154} INFO - [2024-11-06T23:10:56.740+0000] {dag.py:2941} INFO - Sync 1 DAGs
[2024-11-06T23:10:56.748+0000] {logging_mixin.py:154} INFO - [2024-11-06T23:10:56.748+0000] {dag.py:3722} INFO - Setting next_dagrun for example_setup_teardown_taskflow to 2024-11-05T23:10:56.747912+00:00, run_after=2024-11-06T23:10:56.747912+00:00
[2024-11-06T23:10:56.754+0000] {processor.py:179} INFO - Processing /home/airflow/.local/lib/python3.8/site-packages/airflow/example_dags/example_setup_teardown_taskflow.py took 0.029 seconds
[2024-11-06T23:49:21.447+0000] {processor.py:157} INFO - Started process (PID=3255) to work on /home/airflow/.local/lib/python3.8/site-packages/airflow/example_dags/example_setup_teardown_taskflow.py
[2024-11-06T23:49:21.449+0000] {processor.py:829} INFO - Processing file /home/airflow/.local/lib/python3.8/site-packages/airflow/example_dags/example_setup_teardown_taskflow.py for tasks to queue
[2024-11-06T23:49:21.450+0000] {logging_mixin.py:154} INFO - [2024-11-06T23:49:21.450+0000] {dagbag.py:536} INFO - Filling up the DagBag from /home/airflow/.local/lib/python3.8/site-packages/airflow/example_dags/example_setup_teardown_taskflow.py
[2024-11-06T23:49:21.454+0000] {processor.py:839} INFO - DAG(s) dict_keys(['example_setup_teardown_taskflow']) retrieved from /home/airflow/.local/lib/python3.8/site-packages/airflow/example_dags/example_setup_teardown_taskflow.py
[2024-11-06T23:49:21.465+0000] {logging_mixin.py:154} INFO - [2024-11-06T23:49:21.465+0000] {dag.py:2941} INFO - Sync 1 DAGs
[2024-11-06T23:49:21.476+0000] {logging_mixin.py:154} INFO - [2024-11-06T23:49:21.476+0000] {dag.py:3722} INFO - Setting next_dagrun for example_setup_teardown_taskflow to 2024-11-05T23:49:21.476152+00:00, run_after=2024-11-06T23:49:21.476152+00:00
[2024-11-06T23:49:21.494+0000] {processor.py:179} INFO - Processing /home/airflow/.local/lib/python3.8/site-packages/airflow/example_dags/example_setup_teardown_taskflow.py took 0.048 seconds
