[2024-11-06T08:43:19.341+0000] {processor.py:157} INFO - Started process (PID=60) to work on /home/airflow/.local/lib/python3.8/site-packages/airflow/example_dags/example_short_circuit_decorator.py
[2024-11-06T08:43:19.342+0000] {processor.py:829} INFO - Processing file /home/airflow/.local/lib/python3.8/site-packages/airflow/example_dags/example_short_circuit_decorator.py for tasks to queue
[2024-11-06T08:43:19.344+0000] {logging_mixin.py:154} INFO - [2024-11-06T08:43:19.343+0000] {dagbag.py:536} INFO - Filling up the DagBag from /home/airflow/.local/lib/python3.8/site-packages/airflow/example_dags/example_short_circuit_decorator.py
[2024-11-06T08:43:19.350+0000] {processor.py:839} INFO - DAG(s) dict_keys(['example_short_circuit_decorator']) retrieved from /home/airflow/.local/lib/python3.8/site-packages/airflow/example_dags/example_short_circuit_decorator.py
[2024-11-06T08:43:19.361+0000] {logging_mixin.py:154} INFO - [2024-11-06T08:43:19.361+0000] {dag.py:2941} INFO - Sync 1 DAGs
[2024-11-06T08:43:19.379+0000] {logging_mixin.py:154} INFO - [2024-11-06T08:43:19.379+0000] {dag.py:3722} INFO - Setting next_dagrun for example_short_circuit_decorator to 2024-11-05T08:43:19.378917+00:00, run_after=2024-11-06T08:43:19.378917+00:00
[2024-11-06T08:43:19.399+0000] {processor.py:179} INFO - Processing /home/airflow/.local/lib/python3.8/site-packages/airflow/example_dags/example_short_circuit_decorator.py took 0.060 seconds
[2024-11-06T08:43:49.707+0000] {processor.py:157} INFO - Started process (PID=114) to work on /home/airflow/.local/lib/python3.8/site-packages/airflow/example_dags/example_short_circuit_decorator.py
[2024-11-06T08:43:49.709+0000] {processor.py:829} INFO - Processing file /home/airflow/.local/lib/python3.8/site-packages/airflow/example_dags/example_short_circuit_decorator.py for tasks to queue
[2024-11-06T08:43:49.710+0000] {logging_mixin.py:154} INFO - [2024-11-06T08:43:49.710+0000] {dagbag.py:536} INFO - Filling up the DagBag from /home/airflow/.local/lib/python3.8/site-packages/airflow/example_dags/example_short_circuit_decorator.py
[2024-11-06T08:43:49.715+0000] {processor.py:839} INFO - DAG(s) dict_keys(['example_short_circuit_decorator']) retrieved from /home/airflow/.local/lib/python3.8/site-packages/airflow/example_dags/example_short_circuit_decorator.py
[2024-11-06T08:43:49.729+0000] {logging_mixin.py:154} INFO - [2024-11-06T08:43:49.729+0000] {dag.py:2941} INFO - Sync 1 DAGs
[2024-11-06T08:43:49.738+0000] {logging_mixin.py:154} INFO - [2024-11-06T08:43:49.738+0000] {dag.py:3722} INFO - Setting next_dagrun for example_short_circuit_decorator to 2024-11-05T08:43:49.738318+00:00, run_after=2024-11-06T08:43:49.738318+00:00
[2024-11-06T08:43:49.747+0000] {processor.py:179} INFO - Processing /home/airflow/.local/lib/python3.8/site-packages/airflow/example_dags/example_short_circuit_decorator.py took 0.042 seconds
[2024-11-06T08:44:20.108+0000] {processor.py:157} INFO - Started process (PID=168) to work on /home/airflow/.local/lib/python3.8/site-packages/airflow/example_dags/example_short_circuit_decorator.py
[2024-11-06T08:44:20.109+0000] {processor.py:829} INFO - Processing file /home/airflow/.local/lib/python3.8/site-packages/airflow/example_dags/example_short_circuit_decorator.py for tasks to queue
[2024-11-06T08:44:20.110+0000] {logging_mixin.py:154} INFO - [2024-11-06T08:44:20.110+0000] {dagbag.py:536} INFO - Filling up the DagBag from /home/airflow/.local/lib/python3.8/site-packages/airflow/example_dags/example_short_circuit_decorator.py
[2024-11-06T08:44:20.114+0000] {processor.py:839} INFO - DAG(s) dict_keys(['example_short_circuit_decorator']) retrieved from /home/airflow/.local/lib/python3.8/site-packages/airflow/example_dags/example_short_circuit_decorator.py
[2024-11-06T08:44:20.126+0000] {logging_mixin.py:154} INFO - [2024-11-06T08:44:20.126+0000] {dag.py:2941} INFO - Sync 1 DAGs
[2024-11-06T08:44:20.137+0000] {logging_mixin.py:154} INFO - [2024-11-06T08:44:20.137+0000] {dag.py:3722} INFO - Setting next_dagrun for example_short_circuit_decorator to 2024-11-05T08:44:20.137072+00:00, run_after=2024-11-06T08:44:20.137072+00:00
[2024-11-06T08:44:20.146+0000] {processor.py:179} INFO - Processing /home/airflow/.local/lib/python3.8/site-packages/airflow/example_dags/example_short_circuit_decorator.py took 0.040 seconds
[2024-11-06T08:44:50.482+0000] {processor.py:157} INFO - Started process (PID=222) to work on /home/airflow/.local/lib/python3.8/site-packages/airflow/example_dags/example_short_circuit_decorator.py
[2024-11-06T08:44:50.482+0000] {processor.py:829} INFO - Processing file /home/airflow/.local/lib/python3.8/site-packages/airflow/example_dags/example_short_circuit_decorator.py for tasks to queue
[2024-11-06T08:44:50.483+0000] {logging_mixin.py:154} INFO - [2024-11-06T08:44:50.483+0000] {dagbag.py:536} INFO - Filling up the DagBag from /home/airflow/.local/lib/python3.8/site-packages/airflow/example_dags/example_short_circuit_decorator.py
[2024-11-06T08:44:50.487+0000] {processor.py:839} INFO - DAG(s) dict_keys(['example_short_circuit_decorator']) retrieved from /home/airflow/.local/lib/python3.8/site-packages/airflow/example_dags/example_short_circuit_decorator.py
[2024-11-06T08:44:50.497+0000] {logging_mixin.py:154} INFO - [2024-11-06T08:44:50.497+0000] {dag.py:2941} INFO - Sync 1 DAGs
[2024-11-06T08:44:50.506+0000] {logging_mixin.py:154} INFO - [2024-11-06T08:44:50.506+0000] {dag.py:3722} INFO - Setting next_dagrun for example_short_circuit_decorator to 2024-11-05T08:44:50.506404+00:00, run_after=2024-11-06T08:44:50.506404+00:00
[2024-11-06T08:44:50.514+0000] {processor.py:179} INFO - Processing /home/airflow/.local/lib/python3.8/site-packages/airflow/example_dags/example_short_circuit_decorator.py took 0.034 seconds
[2024-11-06T08:45:20.847+0000] {processor.py:157} INFO - Started process (PID=276) to work on /home/airflow/.local/lib/python3.8/site-packages/airflow/example_dags/example_short_circuit_decorator.py
[2024-11-06T08:45:20.851+0000] {processor.py:829} INFO - Processing file /home/airflow/.local/lib/python3.8/site-packages/airflow/example_dags/example_short_circuit_decorator.py for tasks to queue
[2024-11-06T08:45:20.854+0000] {logging_mixin.py:154} INFO - [2024-11-06T08:45:20.854+0000] {dagbag.py:536} INFO - Filling up the DagBag from /home/airflow/.local/lib/python3.8/site-packages/airflow/example_dags/example_short_circuit_decorator.py
[2024-11-06T08:45:20.859+0000] {processor.py:839} INFO - DAG(s) dict_keys(['example_short_circuit_decorator']) retrieved from /home/airflow/.local/lib/python3.8/site-packages/airflow/example_dags/example_short_circuit_decorator.py
[2024-11-06T08:45:20.870+0000] {logging_mixin.py:154} INFO - [2024-11-06T08:45:20.870+0000] {dag.py:2941} INFO - Sync 1 DAGs
[2024-11-06T08:45:20.880+0000] {logging_mixin.py:154} INFO - [2024-11-06T08:45:20.880+0000] {dag.py:3722} INFO - Setting next_dagrun for example_short_circuit_decorator to 2024-11-05T08:45:20.880335+00:00, run_after=2024-11-06T08:45:20.880335+00:00
[2024-11-06T08:45:20.888+0000] {processor.py:179} INFO - Processing /home/airflow/.local/lib/python3.8/site-packages/airflow/example_dags/example_short_circuit_decorator.py took 0.043 seconds
[2024-11-06T08:45:51.271+0000] {processor.py:157} INFO - Started process (PID=330) to work on /home/airflow/.local/lib/python3.8/site-packages/airflow/example_dags/example_short_circuit_decorator.py
[2024-11-06T08:45:51.272+0000] {processor.py:829} INFO - Processing file /home/airflow/.local/lib/python3.8/site-packages/airflow/example_dags/example_short_circuit_decorator.py for tasks to queue
[2024-11-06T08:45:51.273+0000] {logging_mixin.py:154} INFO - [2024-11-06T08:45:51.272+0000] {dagbag.py:536} INFO - Filling up the DagBag from /home/airflow/.local/lib/python3.8/site-packages/airflow/example_dags/example_short_circuit_decorator.py
[2024-11-06T08:45:51.277+0000] {processor.py:839} INFO - DAG(s) dict_keys(['example_short_circuit_decorator']) retrieved from /home/airflow/.local/lib/python3.8/site-packages/airflow/example_dags/example_short_circuit_decorator.py
[2024-11-06T08:45:51.287+0000] {logging_mixin.py:154} INFO - [2024-11-06T08:45:51.287+0000] {dag.py:2941} INFO - Sync 1 DAGs
[2024-11-06T08:45:51.298+0000] {logging_mixin.py:154} INFO - [2024-11-06T08:45:51.298+0000] {dag.py:3722} INFO - Setting next_dagrun for example_short_circuit_decorator to 2024-11-05T08:45:51.297975+00:00, run_after=2024-11-06T08:45:51.297975+00:00
[2024-11-06T08:45:51.306+0000] {processor.py:179} INFO - Processing /home/airflow/.local/lib/python3.8/site-packages/airflow/example_dags/example_short_circuit_decorator.py took 0.036 seconds
[2024-11-06T08:46:21.629+0000] {processor.py:157} INFO - Started process (PID=384) to work on /home/airflow/.local/lib/python3.8/site-packages/airflow/example_dags/example_short_circuit_decorator.py
[2024-11-06T08:46:21.630+0000] {processor.py:829} INFO - Processing file /home/airflow/.local/lib/python3.8/site-packages/airflow/example_dags/example_short_circuit_decorator.py for tasks to queue
[2024-11-06T08:46:21.631+0000] {logging_mixin.py:154} INFO - [2024-11-06T08:46:21.630+0000] {dagbag.py:536} INFO - Filling up the DagBag from /home/airflow/.local/lib/python3.8/site-packages/airflow/example_dags/example_short_circuit_decorator.py
[2024-11-06T08:46:21.634+0000] {processor.py:839} INFO - DAG(s) dict_keys(['example_short_circuit_decorator']) retrieved from /home/airflow/.local/lib/python3.8/site-packages/airflow/example_dags/example_short_circuit_decorator.py
[2024-11-06T08:46:21.644+0000] {logging_mixin.py:154} INFO - [2024-11-06T08:46:21.644+0000] {dag.py:2941} INFO - Sync 1 DAGs
[2024-11-06T08:46:21.652+0000] {logging_mixin.py:154} INFO - [2024-11-06T08:46:21.652+0000] {dag.py:3722} INFO - Setting next_dagrun for example_short_circuit_decorator to 2024-11-05T08:46:21.652127+00:00, run_after=2024-11-06T08:46:21.652127+00:00
[2024-11-06T08:46:21.658+0000] {processor.py:179} INFO - Processing /home/airflow/.local/lib/python3.8/site-packages/airflow/example_dags/example_short_circuit_decorator.py took 0.030 seconds
[2024-11-06T08:46:52.482+0000] {processor.py:157} INFO - Started process (PID=438) to work on /home/airflow/.local/lib/python3.8/site-packages/airflow/example_dags/example_short_circuit_decorator.py
[2024-11-06T08:46:52.483+0000] {processor.py:829} INFO - Processing file /home/airflow/.local/lib/python3.8/site-packages/airflow/example_dags/example_short_circuit_decorator.py for tasks to queue
[2024-11-06T08:46:52.484+0000] {logging_mixin.py:154} INFO - [2024-11-06T08:46:52.484+0000] {dagbag.py:536} INFO - Filling up the DagBag from /home/airflow/.local/lib/python3.8/site-packages/airflow/example_dags/example_short_circuit_decorator.py
[2024-11-06T08:46:52.488+0000] {processor.py:839} INFO - DAG(s) dict_keys(['example_short_circuit_decorator']) retrieved from /home/airflow/.local/lib/python3.8/site-packages/airflow/example_dags/example_short_circuit_decorator.py
[2024-11-06T08:46:52.501+0000] {logging_mixin.py:154} INFO - [2024-11-06T08:46:52.501+0000] {dag.py:2941} INFO - Sync 1 DAGs
[2024-11-06T08:46:52.513+0000] {logging_mixin.py:154} INFO - [2024-11-06T08:46:52.513+0000] {dag.py:3722} INFO - Setting next_dagrun for example_short_circuit_decorator to 2024-11-05T08:46:52.513382+00:00, run_after=2024-11-06T08:46:52.513382+00:00
[2024-11-06T08:46:52.524+0000] {processor.py:179} INFO - Processing /home/airflow/.local/lib/python3.8/site-packages/airflow/example_dags/example_short_circuit_decorator.py took 0.043 seconds
[2024-11-06T08:47:22.901+0000] {processor.py:157} INFO - Started process (PID=499) to work on /home/airflow/.local/lib/python3.8/site-packages/airflow/example_dags/example_short_circuit_decorator.py
[2024-11-06T08:47:22.902+0000] {processor.py:829} INFO - Processing file /home/airflow/.local/lib/python3.8/site-packages/airflow/example_dags/example_short_circuit_decorator.py for tasks to queue
[2024-11-06T08:47:22.904+0000] {logging_mixin.py:154} INFO - [2024-11-06T08:47:22.904+0000] {dagbag.py:536} INFO - Filling up the DagBag from /home/airflow/.local/lib/python3.8/site-packages/airflow/example_dags/example_short_circuit_decorator.py
[2024-11-06T08:47:22.908+0000] {processor.py:839} INFO - DAG(s) dict_keys(['example_short_circuit_decorator']) retrieved from /home/airflow/.local/lib/python3.8/site-packages/airflow/example_dags/example_short_circuit_decorator.py
[2024-11-06T08:47:22.921+0000] {logging_mixin.py:154} INFO - [2024-11-06T08:47:22.921+0000] {dag.py:2941} INFO - Sync 1 DAGs
[2024-11-06T08:47:22.931+0000] {logging_mixin.py:154} INFO - [2024-11-06T08:47:22.931+0000] {dag.py:3722} INFO - Setting next_dagrun for example_short_circuit_decorator to 2024-11-05T08:47:22.931084+00:00, run_after=2024-11-06T08:47:22.931084+00:00
[2024-11-06T08:47:22.943+0000] {processor.py:179} INFO - Processing /home/airflow/.local/lib/python3.8/site-packages/airflow/example_dags/example_short_circuit_decorator.py took 0.044 seconds
[2024-11-06T08:47:53.234+0000] {processor.py:157} INFO - Started process (PID=554) to work on /home/airflow/.local/lib/python3.8/site-packages/airflow/example_dags/example_short_circuit_decorator.py
[2024-11-06T08:47:53.234+0000] {processor.py:829} INFO - Processing file /home/airflow/.local/lib/python3.8/site-packages/airflow/example_dags/example_short_circuit_decorator.py for tasks to queue
[2024-11-06T08:47:53.235+0000] {logging_mixin.py:154} INFO - [2024-11-06T08:47:53.235+0000] {dagbag.py:536} INFO - Filling up the DagBag from /home/airflow/.local/lib/python3.8/site-packages/airflow/example_dags/example_short_circuit_decorator.py
[2024-11-06T08:47:53.238+0000] {processor.py:839} INFO - DAG(s) dict_keys(['example_short_circuit_decorator']) retrieved from /home/airflow/.local/lib/python3.8/site-packages/airflow/example_dags/example_short_circuit_decorator.py
[2024-11-06T08:47:53.248+0000] {logging_mixin.py:154} INFO - [2024-11-06T08:47:53.248+0000] {dag.py:2941} INFO - Sync 1 DAGs
[2024-11-06T08:47:53.256+0000] {logging_mixin.py:154} INFO - [2024-11-06T08:47:53.256+0000] {dag.py:3722} INFO - Setting next_dagrun for example_short_circuit_decorator to 2024-11-05T08:47:53.256436+00:00, run_after=2024-11-06T08:47:53.256436+00:00
[2024-11-06T08:47:53.262+0000] {processor.py:179} INFO - Processing /home/airflow/.local/lib/python3.8/site-packages/airflow/example_dags/example_short_circuit_decorator.py took 0.030 seconds
[2024-11-06T08:48:23.546+0000] {processor.py:157} INFO - Started process (PID=608) to work on /home/airflow/.local/lib/python3.8/site-packages/airflow/example_dags/example_short_circuit_decorator.py
[2024-11-06T08:48:23.547+0000] {processor.py:829} INFO - Processing file /home/airflow/.local/lib/python3.8/site-packages/airflow/example_dags/example_short_circuit_decorator.py for tasks to queue
[2024-11-06T08:48:23.548+0000] {logging_mixin.py:154} INFO - [2024-11-06T08:48:23.548+0000] {dagbag.py:536} INFO - Filling up the DagBag from /home/airflow/.local/lib/python3.8/site-packages/airflow/example_dags/example_short_circuit_decorator.py
[2024-11-06T08:48:23.551+0000] {processor.py:839} INFO - DAG(s) dict_keys(['example_short_circuit_decorator']) retrieved from /home/airflow/.local/lib/python3.8/site-packages/airflow/example_dags/example_short_circuit_decorator.py
[2024-11-06T08:48:23.561+0000] {logging_mixin.py:154} INFO - [2024-11-06T08:48:23.561+0000] {dag.py:2941} INFO - Sync 1 DAGs
[2024-11-06T08:48:23.570+0000] {logging_mixin.py:154} INFO - [2024-11-06T08:48:23.570+0000] {dag.py:3722} INFO - Setting next_dagrun for example_short_circuit_decorator to 2024-11-05T08:48:23.570275+00:00, run_after=2024-11-06T08:48:23.570275+00:00
[2024-11-06T08:48:23.579+0000] {processor.py:179} INFO - Processing /home/airflow/.local/lib/python3.8/site-packages/airflow/example_dags/example_short_circuit_decorator.py took 0.034 seconds
[2024-11-06T08:48:53.930+0000] {processor.py:157} INFO - Started process (PID=662) to work on /home/airflow/.local/lib/python3.8/site-packages/airflow/example_dags/example_short_circuit_decorator.py
[2024-11-06T08:48:53.932+0000] {processor.py:829} INFO - Processing file /home/airflow/.local/lib/python3.8/site-packages/airflow/example_dags/example_short_circuit_decorator.py for tasks to queue
[2024-11-06T08:48:53.933+0000] {logging_mixin.py:154} INFO - [2024-11-06T08:48:53.933+0000] {dagbag.py:536} INFO - Filling up the DagBag from /home/airflow/.local/lib/python3.8/site-packages/airflow/example_dags/example_short_circuit_decorator.py
[2024-11-06T08:48:53.937+0000] {processor.py:839} INFO - DAG(s) dict_keys(['example_short_circuit_decorator']) retrieved from /home/airflow/.local/lib/python3.8/site-packages/airflow/example_dags/example_short_circuit_decorator.py
[2024-11-06T08:48:53.947+0000] {logging_mixin.py:154} INFO - [2024-11-06T08:48:53.947+0000] {dag.py:2941} INFO - Sync 1 DAGs
[2024-11-06T08:48:53.957+0000] {logging_mixin.py:154} INFO - [2024-11-06T08:48:53.957+0000] {dag.py:3722} INFO - Setting next_dagrun for example_short_circuit_decorator to 2024-11-05T08:48:53.957709+00:00, run_after=2024-11-06T08:48:53.957709+00:00
[2024-11-06T08:48:53.964+0000] {processor.py:179} INFO - Processing /home/airflow/.local/lib/python3.8/site-packages/airflow/example_dags/example_short_circuit_decorator.py took 0.035 seconds
[2024-11-06T08:49:24.147+0000] {processor.py:157} INFO - Started process (PID=716) to work on /home/airflow/.local/lib/python3.8/site-packages/airflow/example_dags/example_short_circuit_decorator.py
[2024-11-06T08:49:24.148+0000] {processor.py:829} INFO - Processing file /home/airflow/.local/lib/python3.8/site-packages/airflow/example_dags/example_short_circuit_decorator.py for tasks to queue
[2024-11-06T08:49:24.148+0000] {logging_mixin.py:154} INFO - [2024-11-06T08:49:24.148+0000] {dagbag.py:536} INFO - Filling up the DagBag from /home/airflow/.local/lib/python3.8/site-packages/airflow/example_dags/example_short_circuit_decorator.py
[2024-11-06T08:49:24.153+0000] {processor.py:839} INFO - DAG(s) dict_keys(['example_short_circuit_decorator']) retrieved from /home/airflow/.local/lib/python3.8/site-packages/airflow/example_dags/example_short_circuit_decorator.py
[2024-11-06T08:49:24.164+0000] {logging_mixin.py:154} INFO - [2024-11-06T08:49:24.164+0000] {dag.py:2941} INFO - Sync 1 DAGs
[2024-11-06T08:49:24.174+0000] {logging_mixin.py:154} INFO - [2024-11-06T08:49:24.174+0000] {dag.py:3722} INFO - Setting next_dagrun for example_short_circuit_decorator to 2024-11-05T08:49:24.173890+00:00, run_after=2024-11-06T08:49:24.173890+00:00
[2024-11-06T08:49:24.180+0000] {processor.py:179} INFO - Processing /home/airflow/.local/lib/python3.8/site-packages/airflow/example_dags/example_short_circuit_decorator.py took 0.035 seconds
[2024-11-06T08:49:54.378+0000] {processor.py:157} INFO - Started process (PID=769) to work on /home/airflow/.local/lib/python3.8/site-packages/airflow/example_dags/example_short_circuit_decorator.py
[2024-11-06T08:49:54.380+0000] {processor.py:829} INFO - Processing file /home/airflow/.local/lib/python3.8/site-packages/airflow/example_dags/example_short_circuit_decorator.py for tasks to queue
[2024-11-06T08:49:54.381+0000] {logging_mixin.py:154} INFO - [2024-11-06T08:49:54.381+0000] {dagbag.py:536} INFO - Filling up the DagBag from /home/airflow/.local/lib/python3.8/site-packages/airflow/example_dags/example_short_circuit_decorator.py
[2024-11-06T08:49:54.388+0000] {processor.py:839} INFO - DAG(s) dict_keys(['example_short_circuit_decorator']) retrieved from /home/airflow/.local/lib/python3.8/site-packages/airflow/example_dags/example_short_circuit_decorator.py
[2024-11-06T08:49:54.398+0000] {logging_mixin.py:154} INFO - [2024-11-06T08:49:54.398+0000] {dag.py:2941} INFO - Sync 1 DAGs
[2024-11-06T08:49:54.408+0000] {logging_mixin.py:154} INFO - [2024-11-06T08:49:54.408+0000] {dag.py:3722} INFO - Setting next_dagrun for example_short_circuit_decorator to 2024-11-05T08:49:54.408373+00:00, run_after=2024-11-06T08:49:54.408373+00:00
[2024-11-06T08:49:54.418+0000] {processor.py:179} INFO - Processing /home/airflow/.local/lib/python3.8/site-packages/airflow/example_dags/example_short_circuit_decorator.py took 0.042 seconds
[2024-11-06T08:50:24.636+0000] {processor.py:157} INFO - Started process (PID=823) to work on /home/airflow/.local/lib/python3.8/site-packages/airflow/example_dags/example_short_circuit_decorator.py
[2024-11-06T08:50:24.636+0000] {processor.py:829} INFO - Processing file /home/airflow/.local/lib/python3.8/site-packages/airflow/example_dags/example_short_circuit_decorator.py for tasks to queue
[2024-11-06T08:50:24.637+0000] {logging_mixin.py:154} INFO - [2024-11-06T08:50:24.637+0000] {dagbag.py:536} INFO - Filling up the DagBag from /home/airflow/.local/lib/python3.8/site-packages/airflow/example_dags/example_short_circuit_decorator.py
[2024-11-06T08:50:24.641+0000] {processor.py:839} INFO - DAG(s) dict_keys(['example_short_circuit_decorator']) retrieved from /home/airflow/.local/lib/python3.8/site-packages/airflow/example_dags/example_short_circuit_decorator.py
[2024-11-06T08:50:24.651+0000] {logging_mixin.py:154} INFO - [2024-11-06T08:50:24.651+0000] {dag.py:2941} INFO - Sync 1 DAGs
[2024-11-06T08:50:24.659+0000] {logging_mixin.py:154} INFO - [2024-11-06T08:50:24.659+0000] {dag.py:3722} INFO - Setting next_dagrun for example_short_circuit_decorator to 2024-11-05T08:50:24.659753+00:00, run_after=2024-11-06T08:50:24.659753+00:00
[2024-11-06T08:50:24.667+0000] {processor.py:179} INFO - Processing /home/airflow/.local/lib/python3.8/site-packages/airflow/example_dags/example_short_circuit_decorator.py took 0.033 seconds
[2024-11-06T08:50:54.870+0000] {processor.py:157} INFO - Started process (PID=877) to work on /home/airflow/.local/lib/python3.8/site-packages/airflow/example_dags/example_short_circuit_decorator.py
[2024-11-06T08:50:54.870+0000] {processor.py:829} INFO - Processing file /home/airflow/.local/lib/python3.8/site-packages/airflow/example_dags/example_short_circuit_decorator.py for tasks to queue
[2024-11-06T08:50:54.874+0000] {logging_mixin.py:154} INFO - [2024-11-06T08:50:54.873+0000] {dagbag.py:536} INFO - Filling up the DagBag from /home/airflow/.local/lib/python3.8/site-packages/airflow/example_dags/example_short_circuit_decorator.py
[2024-11-06T08:50:54.877+0000] {processor.py:839} INFO - DAG(s) dict_keys(['example_short_circuit_decorator']) retrieved from /home/airflow/.local/lib/python3.8/site-packages/airflow/example_dags/example_short_circuit_decorator.py
[2024-11-06T08:50:54.887+0000] {logging_mixin.py:154} INFO - [2024-11-06T08:50:54.887+0000] {dag.py:2941} INFO - Sync 1 DAGs
[2024-11-06T08:50:54.896+0000] {logging_mixin.py:154} INFO - [2024-11-06T08:50:54.896+0000] {dag.py:3722} INFO - Setting next_dagrun for example_short_circuit_decorator to 2024-11-05T08:50:54.896542+00:00, run_after=2024-11-06T08:50:54.896542+00:00
[2024-11-06T08:50:54.902+0000] {processor.py:179} INFO - Processing /home/airflow/.local/lib/python3.8/site-packages/airflow/example_dags/example_short_circuit_decorator.py took 0.034 seconds
[2024-11-06T08:51:25.238+0000] {processor.py:157} INFO - Started process (PID=931) to work on /home/airflow/.local/lib/python3.8/site-packages/airflow/example_dags/example_short_circuit_decorator.py
[2024-11-06T08:51:25.240+0000] {processor.py:829} INFO - Processing file /home/airflow/.local/lib/python3.8/site-packages/airflow/example_dags/example_short_circuit_decorator.py for tasks to queue
[2024-11-06T08:51:25.241+0000] {logging_mixin.py:154} INFO - [2024-11-06T08:51:25.241+0000] {dagbag.py:536} INFO - Filling up the DagBag from /home/airflow/.local/lib/python3.8/site-packages/airflow/example_dags/example_short_circuit_decorator.py
[2024-11-06T08:51:25.245+0000] {processor.py:839} INFO - DAG(s) dict_keys(['example_short_circuit_decorator']) retrieved from /home/airflow/.local/lib/python3.8/site-packages/airflow/example_dags/example_short_circuit_decorator.py
[2024-11-06T08:51:25.255+0000] {logging_mixin.py:154} INFO - [2024-11-06T08:51:25.255+0000] {dag.py:2941} INFO - Sync 1 DAGs
[2024-11-06T08:51:25.267+0000] {logging_mixin.py:154} INFO - [2024-11-06T08:51:25.266+0000] {dag.py:3722} INFO - Setting next_dagrun for example_short_circuit_decorator to 2024-11-05T08:51:25.266823+00:00, run_after=2024-11-06T08:51:25.266823+00:00
[2024-11-06T08:51:25.274+0000] {processor.py:179} INFO - Processing /home/airflow/.local/lib/python3.8/site-packages/airflow/example_dags/example_short_circuit_decorator.py took 0.037 seconds
[2024-11-06T08:51:55.538+0000] {processor.py:157} INFO - Started process (PID=985) to work on /home/airflow/.local/lib/python3.8/site-packages/airflow/example_dags/example_short_circuit_decorator.py
[2024-11-06T08:51:55.539+0000] {processor.py:829} INFO - Processing file /home/airflow/.local/lib/python3.8/site-packages/airflow/example_dags/example_short_circuit_decorator.py for tasks to queue
[2024-11-06T08:51:55.539+0000] {logging_mixin.py:154} INFO - [2024-11-06T08:51:55.539+0000] {dagbag.py:536} INFO - Filling up the DagBag from /home/airflow/.local/lib/python3.8/site-packages/airflow/example_dags/example_short_circuit_decorator.py
[2024-11-06T08:51:55.543+0000] {processor.py:839} INFO - DAG(s) dict_keys(['example_short_circuit_decorator']) retrieved from /home/airflow/.local/lib/python3.8/site-packages/airflow/example_dags/example_short_circuit_decorator.py
[2024-11-06T08:51:55.553+0000] {logging_mixin.py:154} INFO - [2024-11-06T08:51:55.553+0000] {dag.py:2941} INFO - Sync 1 DAGs
[2024-11-06T08:51:55.563+0000] {logging_mixin.py:154} INFO - [2024-11-06T08:51:55.563+0000] {dag.py:3722} INFO - Setting next_dagrun for example_short_circuit_decorator to 2024-11-05T08:51:55.563080+00:00, run_after=2024-11-06T08:51:55.563080+00:00
[2024-11-06T08:51:55.572+0000] {processor.py:179} INFO - Processing /home/airflow/.local/lib/python3.8/site-packages/airflow/example_dags/example_short_circuit_decorator.py took 0.035 seconds
[2024-11-06T08:52:25.927+0000] {processor.py:157} INFO - Started process (PID=1039) to work on /home/airflow/.local/lib/python3.8/site-packages/airflow/example_dags/example_short_circuit_decorator.py
[2024-11-06T08:52:25.928+0000] {processor.py:829} INFO - Processing file /home/airflow/.local/lib/python3.8/site-packages/airflow/example_dags/example_short_circuit_decorator.py for tasks to queue
[2024-11-06T08:52:25.929+0000] {logging_mixin.py:154} INFO - [2024-11-06T08:52:25.929+0000] {dagbag.py:536} INFO - Filling up the DagBag from /home/airflow/.local/lib/python3.8/site-packages/airflow/example_dags/example_short_circuit_decorator.py
[2024-11-06T08:52:25.934+0000] {processor.py:839} INFO - DAG(s) dict_keys(['example_short_circuit_decorator']) retrieved from /home/airflow/.local/lib/python3.8/site-packages/airflow/example_dags/example_short_circuit_decorator.py
[2024-11-06T08:52:25.944+0000] {logging_mixin.py:154} INFO - [2024-11-06T08:52:25.944+0000] {dag.py:2941} INFO - Sync 1 DAGs
[2024-11-06T08:52:25.953+0000] {logging_mixin.py:154} INFO - [2024-11-06T08:52:25.953+0000] {dag.py:3722} INFO - Setting next_dagrun for example_short_circuit_decorator to 2024-11-05T08:52:25.953614+00:00, run_after=2024-11-06T08:52:25.953614+00:00
[2024-11-06T08:52:25.961+0000] {processor.py:179} INFO - Processing /home/airflow/.local/lib/python3.8/site-packages/airflow/example_dags/example_short_circuit_decorator.py took 0.035 seconds
[2024-11-06T08:52:56.380+0000] {processor.py:157} INFO - Started process (PID=1093) to work on /home/airflow/.local/lib/python3.8/site-packages/airflow/example_dags/example_short_circuit_decorator.py
[2024-11-06T08:52:56.381+0000] {processor.py:829} INFO - Processing file /home/airflow/.local/lib/python3.8/site-packages/airflow/example_dags/example_short_circuit_decorator.py for tasks to queue
[2024-11-06T08:52:56.382+0000] {logging_mixin.py:154} INFO - [2024-11-06T08:52:56.382+0000] {dagbag.py:536} INFO - Filling up the DagBag from /home/airflow/.local/lib/python3.8/site-packages/airflow/example_dags/example_short_circuit_decorator.py
[2024-11-06T08:52:56.386+0000] {processor.py:839} INFO - DAG(s) dict_keys(['example_short_circuit_decorator']) retrieved from /home/airflow/.local/lib/python3.8/site-packages/airflow/example_dags/example_short_circuit_decorator.py
[2024-11-06T08:52:56.397+0000] {logging_mixin.py:154} INFO - [2024-11-06T08:52:56.397+0000] {dag.py:2941} INFO - Sync 1 DAGs
[2024-11-06T08:52:56.406+0000] {logging_mixin.py:154} INFO - [2024-11-06T08:52:56.406+0000] {dag.py:3722} INFO - Setting next_dagrun for example_short_circuit_decorator to 2024-11-05T08:52:56.406603+00:00, run_after=2024-11-06T08:52:56.406603+00:00
[2024-11-06T08:52:56.490+0000] {processor.py:179} INFO - Processing /home/airflow/.local/lib/python3.8/site-packages/airflow/example_dags/example_short_circuit_decorator.py took 0.111 seconds
[2024-11-06T08:53:26.849+0000] {processor.py:157} INFO - Started process (PID=1148) to work on /home/airflow/.local/lib/python3.8/site-packages/airflow/example_dags/example_short_circuit_decorator.py
[2024-11-06T08:53:26.849+0000] {processor.py:829} INFO - Processing file /home/airflow/.local/lib/python3.8/site-packages/airflow/example_dags/example_short_circuit_decorator.py for tasks to queue
[2024-11-06T08:53:26.850+0000] {logging_mixin.py:154} INFO - [2024-11-06T08:53:26.850+0000] {dagbag.py:536} INFO - Filling up the DagBag from /home/airflow/.local/lib/python3.8/site-packages/airflow/example_dags/example_short_circuit_decorator.py
[2024-11-06T08:53:26.854+0000] {processor.py:839} INFO - DAG(s) dict_keys(['example_short_circuit_decorator']) retrieved from /home/airflow/.local/lib/python3.8/site-packages/airflow/example_dags/example_short_circuit_decorator.py
[2024-11-06T08:53:26.864+0000] {logging_mixin.py:154} INFO - [2024-11-06T08:53:26.863+0000] {dag.py:2941} INFO - Sync 1 DAGs
[2024-11-06T08:53:26.872+0000] {logging_mixin.py:154} INFO - [2024-11-06T08:53:26.872+0000] {dag.py:3722} INFO - Setting next_dagrun for example_short_circuit_decorator to 2024-11-05T08:53:26.872050+00:00, run_after=2024-11-06T08:53:26.872050+00:00
[2024-11-06T08:53:26.879+0000] {processor.py:179} INFO - Processing /home/airflow/.local/lib/python3.8/site-packages/airflow/example_dags/example_short_circuit_decorator.py took 0.032 seconds
[2024-11-06T08:53:57.572+0000] {processor.py:157} INFO - Started process (PID=1201) to work on /home/airflow/.local/lib/python3.8/site-packages/airflow/example_dags/example_short_circuit_decorator.py
[2024-11-06T08:53:57.573+0000] {processor.py:829} INFO - Processing file /home/airflow/.local/lib/python3.8/site-packages/airflow/example_dags/example_short_circuit_decorator.py for tasks to queue
[2024-11-06T08:53:57.574+0000] {logging_mixin.py:154} INFO - [2024-11-06T08:53:57.574+0000] {dagbag.py:536} INFO - Filling up the DagBag from /home/airflow/.local/lib/python3.8/site-packages/airflow/example_dags/example_short_circuit_decorator.py
[2024-11-06T08:53:57.577+0000] {processor.py:839} INFO - DAG(s) dict_keys(['example_short_circuit_decorator']) retrieved from /home/airflow/.local/lib/python3.8/site-packages/airflow/example_dags/example_short_circuit_decorator.py
[2024-11-06T08:53:57.587+0000] {logging_mixin.py:154} INFO - [2024-11-06T08:53:57.587+0000] {dag.py:2941} INFO - Sync 1 DAGs
[2024-11-06T08:53:57.596+0000] {logging_mixin.py:154} INFO - [2024-11-06T08:53:57.596+0000] {dag.py:3722} INFO - Setting next_dagrun for example_short_circuit_decorator to 2024-11-05T08:53:57.596182+00:00, run_after=2024-11-06T08:53:57.596182+00:00
[2024-11-06T08:53:57.604+0000] {processor.py:179} INFO - Processing /home/airflow/.local/lib/python3.8/site-packages/airflow/example_dags/example_short_circuit_decorator.py took 0.033 seconds
[2024-11-06T08:54:28.124+0000] {processor.py:157} INFO - Started process (PID=1255) to work on /home/airflow/.local/lib/python3.8/site-packages/airflow/example_dags/example_short_circuit_decorator.py
[2024-11-06T08:54:28.127+0000] {processor.py:829} INFO - Processing file /home/airflow/.local/lib/python3.8/site-packages/airflow/example_dags/example_short_circuit_decorator.py for tasks to queue
[2024-11-06T08:54:28.127+0000] {logging_mixin.py:154} INFO - [2024-11-06T08:54:28.127+0000] {dagbag.py:536} INFO - Filling up the DagBag from /home/airflow/.local/lib/python3.8/site-packages/airflow/example_dags/example_short_circuit_decorator.py
[2024-11-06T08:54:28.132+0000] {processor.py:839} INFO - DAG(s) dict_keys(['example_short_circuit_decorator']) retrieved from /home/airflow/.local/lib/python3.8/site-packages/airflow/example_dags/example_short_circuit_decorator.py
[2024-11-06T08:54:28.142+0000] {logging_mixin.py:154} INFO - [2024-11-06T08:54:28.142+0000] {dag.py:2941} INFO - Sync 1 DAGs
[2024-11-06T08:54:28.154+0000] {logging_mixin.py:154} INFO - [2024-11-06T08:54:28.154+0000] {dag.py:3722} INFO - Setting next_dagrun for example_short_circuit_decorator to 2024-11-05T08:54:28.154011+00:00, run_after=2024-11-06T08:54:28.154011+00:00
[2024-11-06T08:54:28.240+0000] {processor.py:179} INFO - Processing /home/airflow/.local/lib/python3.8/site-packages/airflow/example_dags/example_short_circuit_decorator.py took 0.117 seconds
[2024-11-06T08:54:58.837+0000] {processor.py:157} INFO - Started process (PID=1309) to work on /home/airflow/.local/lib/python3.8/site-packages/airflow/example_dags/example_short_circuit_decorator.py
[2024-11-06T08:54:58.838+0000] {processor.py:829} INFO - Processing file /home/airflow/.local/lib/python3.8/site-packages/airflow/example_dags/example_short_circuit_decorator.py for tasks to queue
[2024-11-06T08:54:58.843+0000] {logging_mixin.py:154} INFO - [2024-11-06T08:54:58.843+0000] {dagbag.py:536} INFO - Filling up the DagBag from /home/airflow/.local/lib/python3.8/site-packages/airflow/example_dags/example_short_circuit_decorator.py
[2024-11-06T08:54:58.847+0000] {processor.py:839} INFO - DAG(s) dict_keys(['example_short_circuit_decorator']) retrieved from /home/airflow/.local/lib/python3.8/site-packages/airflow/example_dags/example_short_circuit_decorator.py
[2024-11-06T08:54:58.857+0000] {logging_mixin.py:154} INFO - [2024-11-06T08:54:58.857+0000] {dag.py:2941} INFO - Sync 1 DAGs
[2024-11-06T08:54:58.865+0000] {logging_mixin.py:154} INFO - [2024-11-06T08:54:58.865+0000] {dag.py:3722} INFO - Setting next_dagrun for example_short_circuit_decorator to 2024-11-05T08:54:58.865712+00:00, run_after=2024-11-06T08:54:58.865712+00:00
[2024-11-06T08:54:58.872+0000] {processor.py:179} INFO - Processing /home/airflow/.local/lib/python3.8/site-packages/airflow/example_dags/example_short_circuit_decorator.py took 0.036 seconds
[2024-11-06T08:55:29.691+0000] {processor.py:157} INFO - Started process (PID=1363) to work on /home/airflow/.local/lib/python3.8/site-packages/airflow/example_dags/example_short_circuit_decorator.py
[2024-11-06T08:55:29.692+0000] {processor.py:829} INFO - Processing file /home/airflow/.local/lib/python3.8/site-packages/airflow/example_dags/example_short_circuit_decorator.py for tasks to queue
[2024-11-06T08:55:29.693+0000] {logging_mixin.py:154} INFO - [2024-11-06T08:55:29.693+0000] {dagbag.py:536} INFO - Filling up the DagBag from /home/airflow/.local/lib/python3.8/site-packages/airflow/example_dags/example_short_circuit_decorator.py
[2024-11-06T08:55:29.697+0000] {processor.py:839} INFO - DAG(s) dict_keys(['example_short_circuit_decorator']) retrieved from /home/airflow/.local/lib/python3.8/site-packages/airflow/example_dags/example_short_circuit_decorator.py
[2024-11-06T08:55:29.707+0000] {logging_mixin.py:154} INFO - [2024-11-06T08:55:29.707+0000] {dag.py:2941} INFO - Sync 1 DAGs
[2024-11-06T08:55:29.716+0000] {logging_mixin.py:154} INFO - [2024-11-06T08:55:29.716+0000] {dag.py:3722} INFO - Setting next_dagrun for example_short_circuit_decorator to 2024-11-05T08:55:29.716116+00:00, run_after=2024-11-06T08:55:29.716116+00:00
[2024-11-06T08:55:29.722+0000] {processor.py:179} INFO - Processing /home/airflow/.local/lib/python3.8/site-packages/airflow/example_dags/example_short_circuit_decorator.py took 0.033 seconds
[2024-11-06T08:56:00.359+0000] {processor.py:157} INFO - Started process (PID=1417) to work on /home/airflow/.local/lib/python3.8/site-packages/airflow/example_dags/example_short_circuit_decorator.py
[2024-11-06T08:56:00.360+0000] {processor.py:829} INFO - Processing file /home/airflow/.local/lib/python3.8/site-packages/airflow/example_dags/example_short_circuit_decorator.py for tasks to queue
[2024-11-06T08:56:00.361+0000] {logging_mixin.py:154} INFO - [2024-11-06T08:56:00.361+0000] {dagbag.py:536} INFO - Filling up the DagBag from /home/airflow/.local/lib/python3.8/site-packages/airflow/example_dags/example_short_circuit_decorator.py
[2024-11-06T08:56:00.365+0000] {processor.py:839} INFO - DAG(s) dict_keys(['example_short_circuit_decorator']) retrieved from /home/airflow/.local/lib/python3.8/site-packages/airflow/example_dags/example_short_circuit_decorator.py
[2024-11-06T08:56:00.377+0000] {logging_mixin.py:154} INFO - [2024-11-06T08:56:00.377+0000] {dag.py:2941} INFO - Sync 1 DAGs
[2024-11-06T08:56:00.386+0000] {logging_mixin.py:154} INFO - [2024-11-06T08:56:00.386+0000] {dag.py:3722} INFO - Setting next_dagrun for example_short_circuit_decorator to 2024-11-05T08:56:00.386431+00:00, run_after=2024-11-06T08:56:00.386431+00:00
[2024-11-06T08:56:00.470+0000] {processor.py:179} INFO - Processing /home/airflow/.local/lib/python3.8/site-packages/airflow/example_dags/example_short_circuit_decorator.py took 0.112 seconds
[2024-11-06T08:56:30.586+0000] {processor.py:157} INFO - Started process (PID=1471) to work on /home/airflow/.local/lib/python3.8/site-packages/airflow/example_dags/example_short_circuit_decorator.py
[2024-11-06T08:56:30.587+0000] {processor.py:829} INFO - Processing file /home/airflow/.local/lib/python3.8/site-packages/airflow/example_dags/example_short_circuit_decorator.py for tasks to queue
[2024-11-06T08:56:30.588+0000] {logging_mixin.py:154} INFO - [2024-11-06T08:56:30.588+0000] {dagbag.py:536} INFO - Filling up the DagBag from /home/airflow/.local/lib/python3.8/site-packages/airflow/example_dags/example_short_circuit_decorator.py
[2024-11-06T08:56:30.593+0000] {processor.py:839} INFO - DAG(s) dict_keys(['example_short_circuit_decorator']) retrieved from /home/airflow/.local/lib/python3.8/site-packages/airflow/example_dags/example_short_circuit_decorator.py
[2024-11-06T08:56:30.602+0000] {logging_mixin.py:154} INFO - [2024-11-06T08:56:30.602+0000] {dag.py:2941} INFO - Sync 1 DAGs
[2024-11-06T08:56:30.610+0000] {logging_mixin.py:154} INFO - [2024-11-06T08:56:30.610+0000] {dag.py:3722} INFO - Setting next_dagrun for example_short_circuit_decorator to 2024-11-05T08:56:30.610137+00:00, run_after=2024-11-06T08:56:30.610137+00:00
[2024-11-06T08:56:30.616+0000] {processor.py:179} INFO - Processing /home/airflow/.local/lib/python3.8/site-packages/airflow/example_dags/example_short_circuit_decorator.py took 0.031 seconds
[2024-11-06T08:57:01.784+0000] {processor.py:157} INFO - Started process (PID=1525) to work on /home/airflow/.local/lib/python3.8/site-packages/airflow/example_dags/example_short_circuit_decorator.py
[2024-11-06T08:57:01.784+0000] {processor.py:829} INFO - Processing file /home/airflow/.local/lib/python3.8/site-packages/airflow/example_dags/example_short_circuit_decorator.py for tasks to queue
[2024-11-06T08:57:01.785+0000] {logging_mixin.py:154} INFO - [2024-11-06T08:57:01.785+0000] {dagbag.py:536} INFO - Filling up the DagBag from /home/airflow/.local/lib/python3.8/site-packages/airflow/example_dags/example_short_circuit_decorator.py
[2024-11-06T08:57:01.790+0000] {processor.py:839} INFO - DAG(s) dict_keys(['example_short_circuit_decorator']) retrieved from /home/airflow/.local/lib/python3.8/site-packages/airflow/example_dags/example_short_circuit_decorator.py
[2024-11-06T08:57:01.879+0000] {logging_mixin.py:154} INFO - [2024-11-06T08:57:01.878+0000] {dag.py:2941} INFO - Sync 1 DAGs
[2024-11-06T08:57:01.887+0000] {logging_mixin.py:154} INFO - [2024-11-06T08:57:01.887+0000] {dag.py:3722} INFO - Setting next_dagrun for example_short_circuit_decorator to 2024-11-05T08:57:01.886917+00:00, run_after=2024-11-06T08:57:01.886917+00:00
[2024-11-06T08:57:01.894+0000] {processor.py:179} INFO - Processing /home/airflow/.local/lib/python3.8/site-packages/airflow/example_dags/example_short_circuit_decorator.py took 0.111 seconds
[2024-11-06T08:57:31.915+0000] {processor.py:157} INFO - Started process (PID=1579) to work on /home/airflow/.local/lib/python3.8/site-packages/airflow/example_dags/example_short_circuit_decorator.py
[2024-11-06T08:57:31.918+0000] {processor.py:829} INFO - Processing file /home/airflow/.local/lib/python3.8/site-packages/airflow/example_dags/example_short_circuit_decorator.py for tasks to queue
[2024-11-06T08:57:31.919+0000] {logging_mixin.py:154} INFO - [2024-11-06T08:57:31.919+0000] {dagbag.py:536} INFO - Filling up the DagBag from /home/airflow/.local/lib/python3.8/site-packages/airflow/example_dags/example_short_circuit_decorator.py
[2024-11-06T08:57:31.923+0000] {processor.py:839} INFO - DAG(s) dict_keys(['example_short_circuit_decorator']) retrieved from /home/airflow/.local/lib/python3.8/site-packages/airflow/example_dags/example_short_circuit_decorator.py
[2024-11-06T08:57:31.934+0000] {logging_mixin.py:154} INFO - [2024-11-06T08:57:31.934+0000] {dag.py:2941} INFO - Sync 1 DAGs
[2024-11-06T08:57:32.018+0000] {logging_mixin.py:154} INFO - [2024-11-06T08:57:31.943+0000] {dag.py:3722} INFO - Setting next_dagrun for example_short_circuit_decorator to 2024-11-05T08:57:31.943343+00:00, run_after=2024-11-06T08:57:31.943343+00:00
[2024-11-06T08:57:32.026+0000] {processor.py:179} INFO - Processing /home/airflow/.local/lib/python3.8/site-packages/airflow/example_dags/example_short_circuit_decorator.py took 0.112 seconds
[2024-11-06T08:58:02.298+0000] {processor.py:157} INFO - Started process (PID=1632) to work on /home/airflow/.local/lib/python3.8/site-packages/airflow/example_dags/example_short_circuit_decorator.py
[2024-11-06T08:58:02.299+0000] {processor.py:829} INFO - Processing file /home/airflow/.local/lib/python3.8/site-packages/airflow/example_dags/example_short_circuit_decorator.py for tasks to queue
[2024-11-06T08:58:02.300+0000] {logging_mixin.py:154} INFO - [2024-11-06T08:58:02.300+0000] {dagbag.py:536} INFO - Filling up the DagBag from /home/airflow/.local/lib/python3.8/site-packages/airflow/example_dags/example_short_circuit_decorator.py
[2024-11-06T08:58:02.308+0000] {processor.py:839} INFO - DAG(s) dict_keys(['example_short_circuit_decorator']) retrieved from /home/airflow/.local/lib/python3.8/site-packages/airflow/example_dags/example_short_circuit_decorator.py
[2024-11-06T08:58:02.319+0000] {logging_mixin.py:154} INFO - [2024-11-06T08:58:02.319+0000] {dag.py:2941} INFO - Sync 1 DAGs
[2024-11-06T08:58:02.329+0000] {logging_mixin.py:154} INFO - [2024-11-06T08:58:02.329+0000] {dag.py:3722} INFO - Setting next_dagrun for example_short_circuit_decorator to 2024-11-05T08:58:02.328925+00:00, run_after=2024-11-06T08:58:02.328925+00:00
[2024-11-06T08:58:02.335+0000] {processor.py:179} INFO - Processing /home/airflow/.local/lib/python3.8/site-packages/airflow/example_dags/example_short_circuit_decorator.py took 0.039 seconds
[2024-11-06T08:58:33.364+0000] {processor.py:157} INFO - Started process (PID=1686) to work on /home/airflow/.local/lib/python3.8/site-packages/airflow/example_dags/example_short_circuit_decorator.py
[2024-11-06T08:58:33.367+0000] {processor.py:829} INFO - Processing file /home/airflow/.local/lib/python3.8/site-packages/airflow/example_dags/example_short_circuit_decorator.py for tasks to queue
[2024-11-06T08:58:33.367+0000] {logging_mixin.py:154} INFO - [2024-11-06T08:58:33.367+0000] {dagbag.py:536} INFO - Filling up the DagBag from /home/airflow/.local/lib/python3.8/site-packages/airflow/example_dags/example_short_circuit_decorator.py
[2024-11-06T08:58:33.371+0000] {processor.py:839} INFO - DAG(s) dict_keys(['example_short_circuit_decorator']) retrieved from /home/airflow/.local/lib/python3.8/site-packages/airflow/example_dags/example_short_circuit_decorator.py
[2024-11-06T08:58:33.456+0000] {logging_mixin.py:154} INFO - [2024-11-06T08:58:33.456+0000] {dag.py:2941} INFO - Sync 1 DAGs
[2024-11-06T08:58:33.470+0000] {logging_mixin.py:154} INFO - [2024-11-06T08:58:33.470+0000] {dag.py:3722} INFO - Setting next_dagrun for example_short_circuit_decorator to 2024-11-05T08:58:33.469921+00:00, run_after=2024-11-06T08:58:33.469921+00:00
[2024-11-06T08:58:33.480+0000] {processor.py:179} INFO - Processing /home/airflow/.local/lib/python3.8/site-packages/airflow/example_dags/example_short_circuit_decorator.py took 0.117 seconds
[2024-11-06T09:17:56.621+0000] {processor.py:157} INFO - Started process (PID=1731) to work on /home/airflow/.local/lib/python3.8/site-packages/airflow/example_dags/example_short_circuit_decorator.py
[2024-11-06T09:17:56.622+0000] {processor.py:829} INFO - Processing file /home/airflow/.local/lib/python3.8/site-packages/airflow/example_dags/example_short_circuit_decorator.py for tasks to queue
[2024-11-06T09:17:56.627+0000] {logging_mixin.py:154} INFO - [2024-11-06T09:17:56.626+0000] {dagbag.py:536} INFO - Filling up the DagBag from /home/airflow/.local/lib/python3.8/site-packages/airflow/example_dags/example_short_circuit_decorator.py
[2024-11-06T09:17:56.641+0000] {processor.py:839} INFO - DAG(s) dict_keys(['example_short_circuit_decorator']) retrieved from /home/airflow/.local/lib/python3.8/site-packages/airflow/example_dags/example_short_circuit_decorator.py
[2024-11-06T09:17:56.674+0000] {logging_mixin.py:154} INFO - [2024-11-06T09:17:56.674+0000] {dag.py:2941} INFO - Sync 1 DAGs
[2024-11-06T09:17:56.711+0000] {logging_mixin.py:154} INFO - [2024-11-06T09:17:56.711+0000] {dag.py:3722} INFO - Setting next_dagrun for example_short_circuit_decorator to 2024-11-05T09:17:56.710966+00:00, run_after=2024-11-06T09:17:56.710966+00:00
[2024-11-06T09:17:56.736+0000] {processor.py:179} INFO - Processing /home/airflow/.local/lib/python3.8/site-packages/airflow/example_dags/example_short_circuit_decorator.py took 0.119 seconds
[2024-11-06T09:29:43.538+0000] {processor.py:157} INFO - Started process (PID=1785) to work on /home/airflow/.local/lib/python3.8/site-packages/airflow/example_dags/example_short_circuit_decorator.py
[2024-11-06T09:29:43.540+0000] {processor.py:829} INFO - Processing file /home/airflow/.local/lib/python3.8/site-packages/airflow/example_dags/example_short_circuit_decorator.py for tasks to queue
[2024-11-06T09:29:43.541+0000] {logging_mixin.py:154} INFO - [2024-11-06T09:29:43.541+0000] {dagbag.py:536} INFO - Filling up the DagBag from /home/airflow/.local/lib/python3.8/site-packages/airflow/example_dags/example_short_circuit_decorator.py
[2024-11-06T09:29:43.547+0000] {processor.py:839} INFO - DAG(s) dict_keys(['example_short_circuit_decorator']) retrieved from /home/airflow/.local/lib/python3.8/site-packages/airflow/example_dags/example_short_circuit_decorator.py
[2024-11-06T09:29:43.556+0000] {logging_mixin.py:154} INFO - [2024-11-06T09:29:43.556+0000] {dag.py:2941} INFO - Sync 1 DAGs
[2024-11-06T09:29:43.567+0000] {logging_mixin.py:154} INFO - [2024-11-06T09:29:43.567+0000] {dag.py:3722} INFO - Setting next_dagrun for example_short_circuit_decorator to 2024-11-05T09:29:43.567315+00:00, run_after=2024-11-06T09:29:43.567315+00:00
[2024-11-06T09:29:43.576+0000] {processor.py:179} INFO - Processing /home/airflow/.local/lib/python3.8/site-packages/airflow/example_dags/example_short_circuit_decorator.py took 0.040 seconds
[2024-11-06T10:28:13.073+0000] {processor.py:157} INFO - Started process (PID=1839) to work on /home/airflow/.local/lib/python3.8/site-packages/airflow/example_dags/example_short_circuit_decorator.py
[2024-11-06T10:28:13.075+0000] {processor.py:829} INFO - Processing file /home/airflow/.local/lib/python3.8/site-packages/airflow/example_dags/example_short_circuit_decorator.py for tasks to queue
[2024-11-06T10:28:13.078+0000] {logging_mixin.py:154} INFO - [2024-11-06T10:28:13.078+0000] {dagbag.py:536} INFO - Filling up the DagBag from /home/airflow/.local/lib/python3.8/site-packages/airflow/example_dags/example_short_circuit_decorator.py
[2024-11-06T10:28:13.087+0000] {processor.py:839} INFO - DAG(s) dict_keys(['example_short_circuit_decorator']) retrieved from /home/airflow/.local/lib/python3.8/site-packages/airflow/example_dags/example_short_circuit_decorator.py
[2024-11-06T10:28:13.110+0000] {logging_mixin.py:154} INFO - [2024-11-06T10:28:13.109+0000] {dag.py:2941} INFO - Sync 1 DAGs
[2024-11-06T10:28:13.133+0000] {logging_mixin.py:154} INFO - [2024-11-06T10:28:13.133+0000] {dag.py:3722} INFO - Setting next_dagrun for example_short_circuit_decorator to 2024-11-05T10:28:13.133188+00:00, run_after=2024-11-06T10:28:13.133188+00:00
[2024-11-06T10:28:13.154+0000] {processor.py:179} INFO - Processing /home/airflow/.local/lib/python3.8/site-packages/airflow/example_dags/example_short_circuit_decorator.py took 0.086 seconds
[2024-11-06T11:31:03.269+0000] {processor.py:157} INFO - Started process (PID=1893) to work on /home/airflow/.local/lib/python3.8/site-packages/airflow/example_dags/example_short_circuit_decorator.py
[2024-11-06T11:31:03.270+0000] {processor.py:829} INFO - Processing file /home/airflow/.local/lib/python3.8/site-packages/airflow/example_dags/example_short_circuit_decorator.py for tasks to queue
[2024-11-06T11:31:03.272+0000] {logging_mixin.py:154} INFO - [2024-11-06T11:31:03.272+0000] {dagbag.py:536} INFO - Filling up the DagBag from /home/airflow/.local/lib/python3.8/site-packages/airflow/example_dags/example_short_circuit_decorator.py
[2024-11-06T11:31:03.281+0000] {processor.py:839} INFO - DAG(s) dict_keys(['example_short_circuit_decorator']) retrieved from /home/airflow/.local/lib/python3.8/site-packages/airflow/example_dags/example_short_circuit_decorator.py
[2024-11-06T11:31:03.305+0000] {logging_mixin.py:154} INFO - [2024-11-06T11:31:03.304+0000] {dag.py:2941} INFO - Sync 1 DAGs
[2024-11-06T11:31:03.326+0000] {logging_mixin.py:154} INFO - [2024-11-06T11:31:03.326+0000] {dag.py:3722} INFO - Setting next_dagrun for example_short_circuit_decorator to 2024-11-05T11:31:03.326259+00:00, run_after=2024-11-06T11:31:03.326259+00:00
[2024-11-06T11:31:03.344+0000] {processor.py:179} INFO - Processing /home/airflow/.local/lib/python3.8/site-packages/airflow/example_dags/example_short_circuit_decorator.py took 0.080 seconds
[2024-11-06T11:59:50.018+0000] {processor.py:157} INFO - Started process (PID=1947) to work on /home/airflow/.local/lib/python3.8/site-packages/airflow/example_dags/example_short_circuit_decorator.py
[2024-11-06T11:59:50.020+0000] {processor.py:829} INFO - Processing file /home/airflow/.local/lib/python3.8/site-packages/airflow/example_dags/example_short_circuit_decorator.py for tasks to queue
[2024-11-06T11:59:50.022+0000] {logging_mixin.py:154} INFO - [2024-11-06T11:59:50.022+0000] {dagbag.py:536} INFO - Filling up the DagBag from /home/airflow/.local/lib/python3.8/site-packages/airflow/example_dags/example_short_circuit_decorator.py
[2024-11-06T11:59:50.028+0000] {processor.py:839} INFO - DAG(s) dict_keys(['example_short_circuit_decorator']) retrieved from /home/airflow/.local/lib/python3.8/site-packages/airflow/example_dags/example_short_circuit_decorator.py
[2024-11-06T11:59:50.051+0000] {logging_mixin.py:154} INFO - [2024-11-06T11:59:50.051+0000] {dag.py:2941} INFO - Sync 1 DAGs
[2024-11-06T11:59:50.070+0000] {logging_mixin.py:154} INFO - [2024-11-06T11:59:50.070+0000] {dag.py:3722} INFO - Setting next_dagrun for example_short_circuit_decorator to 2024-11-05T11:59:50.069796+00:00, run_after=2024-11-06T11:59:50.069796+00:00
[2024-11-06T11:59:50.096+0000] {processor.py:179} INFO - Processing /home/airflow/.local/lib/python3.8/site-packages/airflow/example_dags/example_short_circuit_decorator.py took 0.080 seconds
[2024-11-06T12:50:47.095+0000] {processor.py:157} INFO - Started process (PID=2001) to work on /home/airflow/.local/lib/python3.8/site-packages/airflow/example_dags/example_short_circuit_decorator.py
[2024-11-06T12:50:47.095+0000] {processor.py:829} INFO - Processing file /home/airflow/.local/lib/python3.8/site-packages/airflow/example_dags/example_short_circuit_decorator.py for tasks to queue
[2024-11-06T12:50:47.096+0000] {logging_mixin.py:154} INFO - [2024-11-06T12:50:47.096+0000] {dagbag.py:536} INFO - Filling up the DagBag from /home/airflow/.local/lib/python3.8/site-packages/airflow/example_dags/example_short_circuit_decorator.py
[2024-11-06T12:50:47.101+0000] {processor.py:839} INFO - DAG(s) dict_keys(['example_short_circuit_decorator']) retrieved from /home/airflow/.local/lib/python3.8/site-packages/airflow/example_dags/example_short_circuit_decorator.py
[2024-11-06T12:50:47.118+0000] {logging_mixin.py:154} INFO - [2024-11-06T12:50:47.118+0000] {dag.py:2941} INFO - Sync 1 DAGs
[2024-11-06T12:50:47.126+0000] {logging_mixin.py:154} INFO - [2024-11-06T12:50:47.126+0000] {dag.py:3722} INFO - Setting next_dagrun for example_short_circuit_decorator to 2024-11-05T12:50:47.126198+00:00, run_after=2024-11-06T12:50:47.126198+00:00
[2024-11-06T12:50:47.132+0000] {processor.py:179} INFO - Processing /home/airflow/.local/lib/python3.8/site-packages/airflow/example_dags/example_short_circuit_decorator.py took 0.038 seconds
[2024-11-06T12:52:35.290+0000] {processor.py:157} INFO - Started process (PID=2055) to work on /home/airflow/.local/lib/python3.8/site-packages/airflow/example_dags/example_short_circuit_decorator.py
[2024-11-06T12:52:35.290+0000] {processor.py:829} INFO - Processing file /home/airflow/.local/lib/python3.8/site-packages/airflow/example_dags/example_short_circuit_decorator.py for tasks to queue
[2024-11-06T12:52:35.291+0000] {logging_mixin.py:154} INFO - [2024-11-06T12:52:35.291+0000] {dagbag.py:536} INFO - Filling up the DagBag from /home/airflow/.local/lib/python3.8/site-packages/airflow/example_dags/example_short_circuit_decorator.py
[2024-11-06T12:52:35.295+0000] {processor.py:839} INFO - DAG(s) dict_keys(['example_short_circuit_decorator']) retrieved from /home/airflow/.local/lib/python3.8/site-packages/airflow/example_dags/example_short_circuit_decorator.py
[2024-11-06T12:52:35.307+0000] {logging_mixin.py:154} INFO - [2024-11-06T12:52:35.307+0000] {dag.py:2941} INFO - Sync 1 DAGs
[2024-11-06T12:52:35.317+0000] {logging_mixin.py:154} INFO - [2024-11-06T12:52:35.317+0000] {dag.py:3722} INFO - Setting next_dagrun for example_short_circuit_decorator to 2024-11-05T12:52:35.317298+00:00, run_after=2024-11-06T12:52:35.317298+00:00
[2024-11-06T12:52:35.325+0000] {processor.py:179} INFO - Processing /home/airflow/.local/lib/python3.8/site-packages/airflow/example_dags/example_short_circuit_decorator.py took 0.036 seconds
[2024-11-06T13:07:16.644+0000] {processor.py:157} INFO - Started process (PID=2109) to work on /home/airflow/.local/lib/python3.8/site-packages/airflow/example_dags/example_short_circuit_decorator.py
[2024-11-06T13:07:16.644+0000] {processor.py:829} INFO - Processing file /home/airflow/.local/lib/python3.8/site-packages/airflow/example_dags/example_short_circuit_decorator.py for tasks to queue
[2024-11-06T13:07:16.645+0000] {logging_mixin.py:154} INFO - [2024-11-06T13:07:16.645+0000] {dagbag.py:536} INFO - Filling up the DagBag from /home/airflow/.local/lib/python3.8/site-packages/airflow/example_dags/example_short_circuit_decorator.py
[2024-11-06T13:07:16.649+0000] {processor.py:839} INFO - DAG(s) dict_keys(['example_short_circuit_decorator']) retrieved from /home/airflow/.local/lib/python3.8/site-packages/airflow/example_dags/example_short_circuit_decorator.py
[2024-11-06T13:07:16.658+0000] {logging_mixin.py:154} INFO - [2024-11-06T13:07:16.658+0000] {dag.py:2941} INFO - Sync 1 DAGs
[2024-11-06T13:07:16.667+0000] {logging_mixin.py:154} INFO - [2024-11-06T13:07:16.667+0000] {dag.py:3722} INFO - Setting next_dagrun for example_short_circuit_decorator to 2024-11-05T13:07:16.667410+00:00, run_after=2024-11-06T13:07:16.667410+00:00
[2024-11-06T13:07:16.673+0000] {processor.py:179} INFO - Processing /home/airflow/.local/lib/python3.8/site-packages/airflow/example_dags/example_short_circuit_decorator.py took 0.031 seconds
[2024-11-06T13:47:31.335+0000] {processor.py:157} INFO - Started process (PID=2163) to work on /home/airflow/.local/lib/python3.8/site-packages/airflow/example_dags/example_short_circuit_decorator.py
[2024-11-06T13:47:31.337+0000] {processor.py:829} INFO - Processing file /home/airflow/.local/lib/python3.8/site-packages/airflow/example_dags/example_short_circuit_decorator.py for tasks to queue
[2024-11-06T13:47:31.340+0000] {logging_mixin.py:154} INFO - [2024-11-06T13:47:31.340+0000] {dagbag.py:536} INFO - Filling up the DagBag from /home/airflow/.local/lib/python3.8/site-packages/airflow/example_dags/example_short_circuit_decorator.py
[2024-11-06T13:47:31.350+0000] {processor.py:839} INFO - DAG(s) dict_keys(['example_short_circuit_decorator']) retrieved from /home/airflow/.local/lib/python3.8/site-packages/airflow/example_dags/example_short_circuit_decorator.py
[2024-11-06T13:47:31.372+0000] {logging_mixin.py:154} INFO - [2024-11-06T13:47:31.372+0000] {dag.py:2941} INFO - Sync 1 DAGs
[2024-11-06T13:47:31.389+0000] {logging_mixin.py:154} INFO - [2024-11-06T13:47:31.389+0000] {dag.py:3722} INFO - Setting next_dagrun for example_short_circuit_decorator to 2024-11-05T13:47:31.389126+00:00, run_after=2024-11-06T13:47:31.389126+00:00
[2024-11-06T13:47:31.410+0000] {processor.py:179} INFO - Processing /home/airflow/.local/lib/python3.8/site-packages/airflow/example_dags/example_short_circuit_decorator.py took 0.078 seconds
[2024-11-06T13:55:17.184+0000] {processor.py:157} INFO - Started process (PID=2217) to work on /home/airflow/.local/lib/python3.8/site-packages/airflow/example_dags/example_short_circuit_decorator.py
[2024-11-06T13:55:17.185+0000] {processor.py:829} INFO - Processing file /home/airflow/.local/lib/python3.8/site-packages/airflow/example_dags/example_short_circuit_decorator.py for tasks to queue
[2024-11-06T13:55:17.187+0000] {logging_mixin.py:154} INFO - [2024-11-06T13:55:17.187+0000] {dagbag.py:536} INFO - Filling up the DagBag from /home/airflow/.local/lib/python3.8/site-packages/airflow/example_dags/example_short_circuit_decorator.py
[2024-11-06T13:55:17.196+0000] {processor.py:839} INFO - DAG(s) dict_keys(['example_short_circuit_decorator']) retrieved from /home/airflow/.local/lib/python3.8/site-packages/airflow/example_dags/example_short_circuit_decorator.py
[2024-11-06T13:55:17.220+0000] {logging_mixin.py:154} INFO - [2024-11-06T13:55:17.220+0000] {dag.py:2941} INFO - Sync 1 DAGs
[2024-11-06T13:55:17.237+0000] {logging_mixin.py:154} INFO - [2024-11-06T13:55:17.237+0000] {dag.py:3722} INFO - Setting next_dagrun for example_short_circuit_decorator to 2024-11-05T13:55:17.237684+00:00, run_after=2024-11-06T13:55:17.237684+00:00
[2024-11-06T13:55:17.250+0000] {processor.py:179} INFO - Processing /home/airflow/.local/lib/python3.8/site-packages/airflow/example_dags/example_short_circuit_decorator.py took 0.068 seconds
[2024-11-06T14:00:21.517+0000] {processor.py:157} INFO - Started process (PID=2271) to work on /home/airflow/.local/lib/python3.8/site-packages/airflow/example_dags/example_short_circuit_decorator.py
[2024-11-06T14:00:21.518+0000] {processor.py:829} INFO - Processing file /home/airflow/.local/lib/python3.8/site-packages/airflow/example_dags/example_short_circuit_decorator.py for tasks to queue
[2024-11-06T14:00:21.521+0000] {logging_mixin.py:154} INFO - [2024-11-06T14:00:21.520+0000] {dagbag.py:536} INFO - Filling up the DagBag from /home/airflow/.local/lib/python3.8/site-packages/airflow/example_dags/example_short_circuit_decorator.py
[2024-11-06T14:00:21.529+0000] {processor.py:839} INFO - DAG(s) dict_keys(['example_short_circuit_decorator']) retrieved from /home/airflow/.local/lib/python3.8/site-packages/airflow/example_dags/example_short_circuit_decorator.py
[2024-11-06T14:00:21.553+0000] {logging_mixin.py:154} INFO - [2024-11-06T14:00:21.553+0000] {dag.py:2941} INFO - Sync 1 DAGs
[2024-11-06T14:00:21.585+0000] {logging_mixin.py:154} INFO - [2024-11-06T14:00:21.584+0000] {dag.py:3722} INFO - Setting next_dagrun for example_short_circuit_decorator to 2024-11-05T14:00:21.581097+00:00, run_after=2024-11-06T14:00:21.581097+00:00
[2024-11-06T14:00:21.619+0000] {processor.py:179} INFO - Processing /home/airflow/.local/lib/python3.8/site-packages/airflow/example_dags/example_short_circuit_decorator.py took 0.106 seconds
[2024-11-06T14:05:41.925+0000] {processor.py:157} INFO - Started process (PID=2325) to work on /home/airflow/.local/lib/python3.8/site-packages/airflow/example_dags/example_short_circuit_decorator.py
[2024-11-06T14:05:41.926+0000] {processor.py:829} INFO - Processing file /home/airflow/.local/lib/python3.8/site-packages/airflow/example_dags/example_short_circuit_decorator.py for tasks to queue
[2024-11-06T14:05:41.927+0000] {logging_mixin.py:154} INFO - [2024-11-06T14:05:41.927+0000] {dagbag.py:536} INFO - Filling up the DagBag from /home/airflow/.local/lib/python3.8/site-packages/airflow/example_dags/example_short_circuit_decorator.py
[2024-11-06T14:05:41.931+0000] {processor.py:839} INFO - DAG(s) dict_keys(['example_short_circuit_decorator']) retrieved from /home/airflow/.local/lib/python3.8/site-packages/airflow/example_dags/example_short_circuit_decorator.py
[2024-11-06T14:05:41.942+0000] {logging_mixin.py:154} INFO - [2024-11-06T14:05:41.941+0000] {dag.py:2941} INFO - Sync 1 DAGs
[2024-11-06T14:05:41.958+0000] {logging_mixin.py:154} INFO - [2024-11-06T14:05:41.958+0000] {dag.py:3722} INFO - Setting next_dagrun for example_short_circuit_decorator to 2024-11-05T14:05:41.958164+00:00, run_after=2024-11-06T14:05:41.958164+00:00
[2024-11-06T14:05:41.967+0000] {processor.py:179} INFO - Processing /home/airflow/.local/lib/python3.8/site-packages/airflow/example_dags/example_short_circuit_decorator.py took 0.043 seconds
[2024-11-06T14:09:56.108+0000] {processor.py:157} INFO - Started process (PID=2379) to work on /home/airflow/.local/lib/python3.8/site-packages/airflow/example_dags/example_short_circuit_decorator.py
[2024-11-06T14:09:56.109+0000] {processor.py:829} INFO - Processing file /home/airflow/.local/lib/python3.8/site-packages/airflow/example_dags/example_short_circuit_decorator.py for tasks to queue
[2024-11-06T14:09:56.113+0000] {logging_mixin.py:154} INFO - [2024-11-06T14:09:56.112+0000] {dagbag.py:536} INFO - Filling up the DagBag from /home/airflow/.local/lib/python3.8/site-packages/airflow/example_dags/example_short_circuit_decorator.py
[2024-11-06T14:09:56.120+0000] {processor.py:839} INFO - DAG(s) dict_keys(['example_short_circuit_decorator']) retrieved from /home/airflow/.local/lib/python3.8/site-packages/airflow/example_dags/example_short_circuit_decorator.py
[2024-11-06T14:09:56.141+0000] {logging_mixin.py:154} INFO - [2024-11-06T14:09:56.141+0000] {dag.py:2941} INFO - Sync 1 DAGs
[2024-11-06T14:09:56.159+0000] {logging_mixin.py:154} INFO - [2024-11-06T14:09:56.158+0000] {dag.py:3722} INFO - Setting next_dagrun for example_short_circuit_decorator to 2024-11-05T14:09:56.158773+00:00, run_after=2024-11-06T14:09:56.158773+00:00
[2024-11-06T14:09:56.181+0000] {processor.py:179} INFO - Processing /home/airflow/.local/lib/python3.8/site-packages/airflow/example_dags/example_short_circuit_decorator.py took 0.075 seconds
[2024-11-06T14:16:57.382+0000] {processor.py:157} INFO - Started process (PID=2433) to work on /home/airflow/.local/lib/python3.8/site-packages/airflow/example_dags/example_short_circuit_decorator.py
[2024-11-06T14:16:57.382+0000] {processor.py:829} INFO - Processing file /home/airflow/.local/lib/python3.8/site-packages/airflow/example_dags/example_short_circuit_decorator.py for tasks to queue
[2024-11-06T14:16:57.383+0000] {logging_mixin.py:154} INFO - [2024-11-06T14:16:57.383+0000] {dagbag.py:536} INFO - Filling up the DagBag from /home/airflow/.local/lib/python3.8/site-packages/airflow/example_dags/example_short_circuit_decorator.py
[2024-11-06T14:16:57.388+0000] {processor.py:839} INFO - DAG(s) dict_keys(['example_short_circuit_decorator']) retrieved from /home/airflow/.local/lib/python3.8/site-packages/airflow/example_dags/example_short_circuit_decorator.py
[2024-11-06T14:16:57.401+0000] {logging_mixin.py:154} INFO - [2024-11-06T14:16:57.401+0000] {dag.py:2941} INFO - Sync 1 DAGs
[2024-11-06T14:16:57.412+0000] {logging_mixin.py:154} INFO - [2024-11-06T14:16:57.412+0000] {dag.py:3722} INFO - Setting next_dagrun for example_short_circuit_decorator to 2024-11-05T14:16:57.412678+00:00, run_after=2024-11-06T14:16:57.412678+00:00
[2024-11-06T14:16:57.424+0000] {processor.py:179} INFO - Processing /home/airflow/.local/lib/python3.8/site-packages/airflow/example_dags/example_short_circuit_decorator.py took 0.043 seconds
[2024-11-06T14:23:15.000+0000] {processor.py:157} INFO - Started process (PID=2487) to work on /home/airflow/.local/lib/python3.8/site-packages/airflow/example_dags/example_short_circuit_decorator.py
[2024-11-06T14:23:15.001+0000] {processor.py:829} INFO - Processing file /home/airflow/.local/lib/python3.8/site-packages/airflow/example_dags/example_short_circuit_decorator.py for tasks to queue
[2024-11-06T14:23:15.004+0000] {logging_mixin.py:154} INFO - [2024-11-06T14:23:15.004+0000] {dagbag.py:536} INFO - Filling up the DagBag from /home/airflow/.local/lib/python3.8/site-packages/airflow/example_dags/example_short_circuit_decorator.py
[2024-11-06T14:23:15.014+0000] {processor.py:839} INFO - DAG(s) dict_keys(['example_short_circuit_decorator']) retrieved from /home/airflow/.local/lib/python3.8/site-packages/airflow/example_dags/example_short_circuit_decorator.py
[2024-11-06T14:23:15.047+0000] {logging_mixin.py:154} INFO - [2024-11-06T14:23:15.047+0000] {dag.py:2941} INFO - Sync 1 DAGs
[2024-11-06T14:23:15.075+0000] {logging_mixin.py:154} INFO - [2024-11-06T14:23:15.075+0000] {dag.py:3722} INFO - Setting next_dagrun for example_short_circuit_decorator to 2024-11-05T14:23:15.074968+00:00, run_after=2024-11-06T14:23:15.074968+00:00
[2024-11-06T14:23:15.100+0000] {processor.py:179} INFO - Processing /home/airflow/.local/lib/python3.8/site-packages/airflow/example_dags/example_short_circuit_decorator.py took 0.102 seconds
[2024-11-06T14:31:01.532+0000] {processor.py:157} INFO - Started process (PID=2540) to work on /home/airflow/.local/lib/python3.8/site-packages/airflow/example_dags/example_short_circuit_decorator.py
[2024-11-06T14:31:01.533+0000] {processor.py:829} INFO - Processing file /home/airflow/.local/lib/python3.8/site-packages/airflow/example_dags/example_short_circuit_decorator.py for tasks to queue
[2024-11-06T14:31:01.536+0000] {logging_mixin.py:154} INFO - [2024-11-06T14:31:01.536+0000] {dagbag.py:536} INFO - Filling up the DagBag from /home/airflow/.local/lib/python3.8/site-packages/airflow/example_dags/example_short_circuit_decorator.py
[2024-11-06T14:31:01.545+0000] {processor.py:839} INFO - DAG(s) dict_keys(['example_short_circuit_decorator']) retrieved from /home/airflow/.local/lib/python3.8/site-packages/airflow/example_dags/example_short_circuit_decorator.py
[2024-11-06T14:31:01.564+0000] {logging_mixin.py:154} INFO - [2024-11-06T14:31:01.564+0000] {dag.py:2941} INFO - Sync 1 DAGs
[2024-11-06T14:31:01.588+0000] {logging_mixin.py:154} INFO - [2024-11-06T14:31:01.588+0000] {dag.py:3722} INFO - Setting next_dagrun for example_short_circuit_decorator to 2024-11-05T14:31:01.588301+00:00, run_after=2024-11-06T14:31:01.588301+00:00
[2024-11-06T14:31:01.614+0000] {processor.py:179} INFO - Processing /home/airflow/.local/lib/python3.8/site-packages/airflow/example_dags/example_short_circuit_decorator.py took 0.085 seconds
[2024-11-06T14:36:36.348+0000] {processor.py:157} INFO - Started process (PID=2593) to work on /home/airflow/.local/lib/python3.8/site-packages/airflow/example_dags/example_short_circuit_decorator.py
[2024-11-06T14:36:36.348+0000] {processor.py:829} INFO - Processing file /home/airflow/.local/lib/python3.8/site-packages/airflow/example_dags/example_short_circuit_decorator.py for tasks to queue
[2024-11-06T14:36:36.350+0000] {logging_mixin.py:154} INFO - [2024-11-06T14:36:36.350+0000] {dagbag.py:536} INFO - Filling up the DagBag from /home/airflow/.local/lib/python3.8/site-packages/airflow/example_dags/example_short_circuit_decorator.py
[2024-11-06T14:36:36.355+0000] {processor.py:839} INFO - DAG(s) dict_keys(['example_short_circuit_decorator']) retrieved from /home/airflow/.local/lib/python3.8/site-packages/airflow/example_dags/example_short_circuit_decorator.py
[2024-11-06T14:36:36.369+0000] {logging_mixin.py:154} INFO - [2024-11-06T14:36:36.369+0000] {dag.py:2941} INFO - Sync 1 DAGs
[2024-11-06T14:36:36.378+0000] {logging_mixin.py:154} INFO - [2024-11-06T14:36:36.378+0000] {dag.py:3722} INFO - Setting next_dagrun for example_short_circuit_decorator to 2024-11-05T14:36:36.378486+00:00, run_after=2024-11-06T14:36:36.378486+00:00
[2024-11-06T14:36:36.390+0000] {processor.py:179} INFO - Processing /home/airflow/.local/lib/python3.8/site-packages/airflow/example_dags/example_short_circuit_decorator.py took 0.044 seconds
[2024-11-06T15:02:52.315+0000] {processor.py:157} INFO - Started process (PID=2647) to work on /home/airflow/.local/lib/python3.8/site-packages/airflow/example_dags/example_short_circuit_decorator.py
[2024-11-06T15:02:52.316+0000] {processor.py:829} INFO - Processing file /home/airflow/.local/lib/python3.8/site-packages/airflow/example_dags/example_short_circuit_decorator.py for tasks to queue
[2024-11-06T15:02:52.318+0000] {logging_mixin.py:154} INFO - [2024-11-06T15:02:52.318+0000] {dagbag.py:536} INFO - Filling up the DagBag from /home/airflow/.local/lib/python3.8/site-packages/airflow/example_dags/example_short_circuit_decorator.py
[2024-11-06T15:02:52.324+0000] {processor.py:839} INFO - DAG(s) dict_keys(['example_short_circuit_decorator']) retrieved from /home/airflow/.local/lib/python3.8/site-packages/airflow/example_dags/example_short_circuit_decorator.py
[2024-11-06T15:02:52.342+0000] {logging_mixin.py:154} INFO - [2024-11-06T15:02:52.342+0000] {dag.py:2941} INFO - Sync 1 DAGs
[2024-11-06T15:02:52.367+0000] {logging_mixin.py:154} INFO - [2024-11-06T15:02:52.366+0000] {dag.py:3722} INFO - Setting next_dagrun for example_short_circuit_decorator to 2024-11-05T15:02:52.366722+00:00, run_after=2024-11-06T15:02:52.366722+00:00
[2024-11-06T15:02:52.389+0000] {processor.py:179} INFO - Processing /home/airflow/.local/lib/python3.8/site-packages/airflow/example_dags/example_short_circuit_decorator.py took 0.079 seconds
[2024-11-06T15:37:16.788+0000] {processor.py:157} INFO - Started process (PID=2701) to work on /home/airflow/.local/lib/python3.8/site-packages/airflow/example_dags/example_short_circuit_decorator.py
[2024-11-06T15:37:16.788+0000] {processor.py:829} INFO - Processing file /home/airflow/.local/lib/python3.8/site-packages/airflow/example_dags/example_short_circuit_decorator.py for tasks to queue
[2024-11-06T15:37:16.789+0000] {logging_mixin.py:154} INFO - [2024-11-06T15:37:16.789+0000] {dagbag.py:536} INFO - Filling up the DagBag from /home/airflow/.local/lib/python3.8/site-packages/airflow/example_dags/example_short_circuit_decorator.py
[2024-11-06T15:37:16.794+0000] {processor.py:839} INFO - DAG(s) dict_keys(['example_short_circuit_decorator']) retrieved from /home/airflow/.local/lib/python3.8/site-packages/airflow/example_dags/example_short_circuit_decorator.py
[2024-11-06T15:37:16.804+0000] {logging_mixin.py:154} INFO - [2024-11-06T15:37:16.804+0000] {dag.py:2941} INFO - Sync 1 DAGs
[2024-11-06T15:37:16.813+0000] {logging_mixin.py:154} INFO - [2024-11-06T15:37:16.813+0000] {dag.py:3722} INFO - Setting next_dagrun for example_short_circuit_decorator to 2024-11-05T15:37:16.813572+00:00, run_after=2024-11-06T15:37:16.813572+00:00
[2024-11-06T15:37:16.822+0000] {processor.py:179} INFO - Processing /home/airflow/.local/lib/python3.8/site-packages/airflow/example_dags/example_short_circuit_decorator.py took 0.036 seconds
[2024-11-06T15:48:09.164+0000] {processor.py:157} INFO - Started process (PID=2755) to work on /home/airflow/.local/lib/python3.8/site-packages/airflow/example_dags/example_short_circuit_decorator.py
[2024-11-06T15:48:09.165+0000] {processor.py:829} INFO - Processing file /home/airflow/.local/lib/python3.8/site-packages/airflow/example_dags/example_short_circuit_decorator.py for tasks to queue
[2024-11-06T15:48:09.166+0000] {logging_mixin.py:154} INFO - [2024-11-06T15:48:09.165+0000] {dagbag.py:536} INFO - Filling up the DagBag from /home/airflow/.local/lib/python3.8/site-packages/airflow/example_dags/example_short_circuit_decorator.py
[2024-11-06T15:48:09.170+0000] {processor.py:839} INFO - DAG(s) dict_keys(['example_short_circuit_decorator']) retrieved from /home/airflow/.local/lib/python3.8/site-packages/airflow/example_dags/example_short_circuit_decorator.py
[2024-11-06T15:48:09.180+0000] {logging_mixin.py:154} INFO - [2024-11-06T15:48:09.180+0000] {dag.py:2941} INFO - Sync 1 DAGs
[2024-11-06T15:48:09.188+0000] {logging_mixin.py:154} INFO - [2024-11-06T15:48:09.188+0000] {dag.py:3722} INFO - Setting next_dagrun for example_short_circuit_decorator to 2024-11-05T15:48:09.188422+00:00, run_after=2024-11-06T15:48:09.188422+00:00
[2024-11-06T15:48:09.195+0000] {processor.py:179} INFO - Processing /home/airflow/.local/lib/python3.8/site-packages/airflow/example_dags/example_short_circuit_decorator.py took 0.032 seconds
[2024-11-06T16:49:03.415+0000] {processor.py:157} INFO - Started process (PID=2809) to work on /home/airflow/.local/lib/python3.8/site-packages/airflow/example_dags/example_short_circuit_decorator.py
[2024-11-06T16:49:03.416+0000] {processor.py:829} INFO - Processing file /home/airflow/.local/lib/python3.8/site-packages/airflow/example_dags/example_short_circuit_decorator.py for tasks to queue
[2024-11-06T16:49:03.420+0000] {logging_mixin.py:154} INFO - [2024-11-06T16:49:03.419+0000] {dagbag.py:536} INFO - Filling up the DagBag from /home/airflow/.local/lib/python3.8/site-packages/airflow/example_dags/example_short_circuit_decorator.py
[2024-11-06T16:49:03.431+0000] {processor.py:839} INFO - DAG(s) dict_keys(['example_short_circuit_decorator']) retrieved from /home/airflow/.local/lib/python3.8/site-packages/airflow/example_dags/example_short_circuit_decorator.py
[2024-11-06T16:49:03.457+0000] {logging_mixin.py:154} INFO - [2024-11-06T16:49:03.456+0000] {dag.py:2941} INFO - Sync 1 DAGs
[2024-11-06T16:49:03.481+0000] {logging_mixin.py:154} INFO - [2024-11-06T16:49:03.481+0000] {dag.py:3722} INFO - Setting next_dagrun for example_short_circuit_decorator to 2024-11-05T16:49:03.480857+00:00, run_after=2024-11-06T16:49:03.480857+00:00
[2024-11-06T16:49:03.509+0000] {processor.py:179} INFO - Processing /home/airflow/.local/lib/python3.8/site-packages/airflow/example_dags/example_short_circuit_decorator.py took 0.098 seconds
[2024-11-06T16:49:56.365+0000] {processor.py:157} INFO - Started process (PID=2863) to work on /home/airflow/.local/lib/python3.8/site-packages/airflow/example_dags/example_short_circuit_decorator.py
[2024-11-06T16:49:56.366+0000] {processor.py:829} INFO - Processing file /home/airflow/.local/lib/python3.8/site-packages/airflow/example_dags/example_short_circuit_decorator.py for tasks to queue
[2024-11-06T16:49:56.367+0000] {logging_mixin.py:154} INFO - [2024-11-06T16:49:56.367+0000] {dagbag.py:536} INFO - Filling up the DagBag from /home/airflow/.local/lib/python3.8/site-packages/airflow/example_dags/example_short_circuit_decorator.py
[2024-11-06T16:49:56.373+0000] {processor.py:839} INFO - DAG(s) dict_keys(['example_short_circuit_decorator']) retrieved from /home/airflow/.local/lib/python3.8/site-packages/airflow/example_dags/example_short_circuit_decorator.py
[2024-11-06T16:49:56.386+0000] {logging_mixin.py:154} INFO - [2024-11-06T16:49:56.386+0000] {dag.py:2941} INFO - Sync 1 DAGs
[2024-11-06T16:49:56.396+0000] {logging_mixin.py:154} INFO - [2024-11-06T16:49:56.396+0000] {dag.py:3722} INFO - Setting next_dagrun for example_short_circuit_decorator to 2024-11-05T16:49:56.396247+00:00, run_after=2024-11-06T16:49:56.396247+00:00
[2024-11-06T16:49:56.404+0000] {processor.py:179} INFO - Processing /home/airflow/.local/lib/python3.8/site-packages/airflow/example_dags/example_short_circuit_decorator.py took 0.041 seconds
[2024-11-06T17:40:07.988+0000] {processor.py:157} INFO - Started process (PID=2917) to work on /home/airflow/.local/lib/python3.8/site-packages/airflow/example_dags/example_short_circuit_decorator.py
[2024-11-06T17:40:07.989+0000] {processor.py:829} INFO - Processing file /home/airflow/.local/lib/python3.8/site-packages/airflow/example_dags/example_short_circuit_decorator.py for tasks to queue
[2024-11-06T17:40:07.992+0000] {logging_mixin.py:154} INFO - [2024-11-06T17:40:07.991+0000] {dagbag.py:536} INFO - Filling up the DagBag from /home/airflow/.local/lib/python3.8/site-packages/airflow/example_dags/example_short_circuit_decorator.py
[2024-11-06T17:40:08.001+0000] {processor.py:839} INFO - DAG(s) dict_keys(['example_short_circuit_decorator']) retrieved from /home/airflow/.local/lib/python3.8/site-packages/airflow/example_dags/example_short_circuit_decorator.py
[2024-11-06T17:40:08.025+0000] {logging_mixin.py:154} INFO - [2024-11-06T17:40:08.025+0000] {dag.py:2941} INFO - Sync 1 DAGs
[2024-11-06T17:40:08.041+0000] {logging_mixin.py:154} INFO - [2024-11-06T17:40:08.041+0000] {dag.py:3722} INFO - Setting next_dagrun for example_short_circuit_decorator to 2024-11-05T17:40:08.041050+00:00, run_after=2024-11-06T17:40:08.041050+00:00
[2024-11-06T17:40:08.061+0000] {processor.py:179} INFO - Processing /home/airflow/.local/lib/python3.8/site-packages/airflow/example_dags/example_short_circuit_decorator.py took 0.078 seconds
[2024-11-06T18:40:20.453+0000] {processor.py:157} INFO - Started process (PID=2971) to work on /home/airflow/.local/lib/python3.8/site-packages/airflow/example_dags/example_short_circuit_decorator.py
[2024-11-06T18:40:20.454+0000] {processor.py:829} INFO - Processing file /home/airflow/.local/lib/python3.8/site-packages/airflow/example_dags/example_short_circuit_decorator.py for tasks to queue
[2024-11-06T18:40:20.455+0000] {logging_mixin.py:154} INFO - [2024-11-06T18:40:20.455+0000] {dagbag.py:536} INFO - Filling up the DagBag from /home/airflow/.local/lib/python3.8/site-packages/airflow/example_dags/example_short_circuit_decorator.py
[2024-11-06T18:40:20.465+0000] {processor.py:839} INFO - DAG(s) dict_keys(['example_short_circuit_decorator']) retrieved from /home/airflow/.local/lib/python3.8/site-packages/airflow/example_dags/example_short_circuit_decorator.py
[2024-11-06T18:40:20.498+0000] {logging_mixin.py:154} INFO - [2024-11-06T18:40:20.497+0000] {dag.py:2941} INFO - Sync 1 DAGs
[2024-11-06T18:40:20.524+0000] {logging_mixin.py:154} INFO - [2024-11-06T18:40:20.524+0000] {dag.py:3722} INFO - Setting next_dagrun for example_short_circuit_decorator to 2024-11-05T18:40:20.524529+00:00, run_after=2024-11-06T18:40:20.524529+00:00
[2024-11-06T18:40:20.562+0000] {processor.py:179} INFO - Processing /home/airflow/.local/lib/python3.8/site-packages/airflow/example_dags/example_short_circuit_decorator.py took 0.111 seconds
[2024-11-06T19:56:54.499+0000] {processor.py:157} INFO - Started process (PID=3025) to work on /home/airflow/.local/lib/python3.8/site-packages/airflow/example_dags/example_short_circuit_decorator.py
[2024-11-06T19:56:54.500+0000] {processor.py:829} INFO - Processing file /home/airflow/.local/lib/python3.8/site-packages/airflow/example_dags/example_short_circuit_decorator.py for tasks to queue
[2024-11-06T19:56:54.502+0000] {logging_mixin.py:154} INFO - [2024-11-06T19:56:54.501+0000] {dagbag.py:536} INFO - Filling up the DagBag from /home/airflow/.local/lib/python3.8/site-packages/airflow/example_dags/example_short_circuit_decorator.py
[2024-11-06T19:56:54.506+0000] {processor.py:839} INFO - DAG(s) dict_keys(['example_short_circuit_decorator']) retrieved from /home/airflow/.local/lib/python3.8/site-packages/airflow/example_dags/example_short_circuit_decorator.py
[2024-11-06T19:56:54.517+0000] {logging_mixin.py:154} INFO - [2024-11-06T19:56:54.517+0000] {dag.py:2941} INFO - Sync 1 DAGs
[2024-11-06T19:56:54.527+0000] {logging_mixin.py:154} INFO - [2024-11-06T19:56:54.527+0000] {dag.py:3722} INFO - Setting next_dagrun for example_short_circuit_decorator to 2024-11-05T19:56:54.527246+00:00, run_after=2024-11-06T19:56:54.527246+00:00
[2024-11-06T19:56:54.535+0000] {processor.py:179} INFO - Processing /home/airflow/.local/lib/python3.8/site-packages/airflow/example_dags/example_short_circuit_decorator.py took 0.038 seconds
[2024-11-06T20:41:41.043+0000] {processor.py:157} INFO - Started process (PID=3079) to work on /home/airflow/.local/lib/python3.8/site-packages/airflow/example_dags/example_short_circuit_decorator.py
[2024-11-06T20:41:41.044+0000] {processor.py:829} INFO - Processing file /home/airflow/.local/lib/python3.8/site-packages/airflow/example_dags/example_short_circuit_decorator.py for tasks to queue
[2024-11-06T20:41:41.047+0000] {logging_mixin.py:154} INFO - [2024-11-06T20:41:41.047+0000] {dagbag.py:536} INFO - Filling up the DagBag from /home/airflow/.local/lib/python3.8/site-packages/airflow/example_dags/example_short_circuit_decorator.py
[2024-11-06T20:41:41.054+0000] {processor.py:839} INFO - DAG(s) dict_keys(['example_short_circuit_decorator']) retrieved from /home/airflow/.local/lib/python3.8/site-packages/airflow/example_dags/example_short_circuit_decorator.py
[2024-11-06T20:41:41.074+0000] {logging_mixin.py:154} INFO - [2024-11-06T20:41:41.074+0000] {dag.py:2941} INFO - Sync 1 DAGs
[2024-11-06T20:41:41.092+0000] {logging_mixin.py:154} INFO - [2024-11-06T20:41:41.092+0000] {dag.py:3722} INFO - Setting next_dagrun for example_short_circuit_decorator to 2024-11-05T20:41:41.091941+00:00, run_after=2024-11-06T20:41:41.091941+00:00
[2024-11-06T20:41:41.118+0000] {processor.py:179} INFO - Processing /home/airflow/.local/lib/python3.8/site-packages/airflow/example_dags/example_short_circuit_decorator.py took 0.077 seconds
[2024-11-06T22:09:50.113+0000] {processor.py:157} INFO - Started process (PID=3133) to work on /home/airflow/.local/lib/python3.8/site-packages/airflow/example_dags/example_short_circuit_decorator.py
[2024-11-06T22:09:50.114+0000] {processor.py:829} INFO - Processing file /home/airflow/.local/lib/python3.8/site-packages/airflow/example_dags/example_short_circuit_decorator.py for tasks to queue
[2024-11-06T22:09:50.117+0000] {logging_mixin.py:154} INFO - [2024-11-06T22:09:50.116+0000] {dagbag.py:536} INFO - Filling up the DagBag from /home/airflow/.local/lib/python3.8/site-packages/airflow/example_dags/example_short_circuit_decorator.py
[2024-11-06T22:09:50.126+0000] {processor.py:839} INFO - DAG(s) dict_keys(['example_short_circuit_decorator']) retrieved from /home/airflow/.local/lib/python3.8/site-packages/airflow/example_dags/example_short_circuit_decorator.py
[2024-11-06T22:09:50.150+0000] {logging_mixin.py:154} INFO - [2024-11-06T22:09:50.150+0000] {dag.py:2941} INFO - Sync 1 DAGs
[2024-11-06T22:09:50.169+0000] {logging_mixin.py:154} INFO - [2024-11-06T22:09:50.169+0000] {dag.py:3722} INFO - Setting next_dagrun for example_short_circuit_decorator to 2024-11-05T22:09:50.169370+00:00, run_after=2024-11-06T22:09:50.169370+00:00
[2024-11-06T22:09:50.189+0000] {processor.py:179} INFO - Processing /home/airflow/.local/lib/python3.8/site-packages/airflow/example_dags/example_short_circuit_decorator.py took 0.080 seconds
[2024-11-06T23:10:56.338+0000] {processor.py:157} INFO - Started process (PID=3187) to work on /home/airflow/.local/lib/python3.8/site-packages/airflow/example_dags/example_short_circuit_decorator.py
[2024-11-06T23:10:56.338+0000] {processor.py:829} INFO - Processing file /home/airflow/.local/lib/python3.8/site-packages/airflow/example_dags/example_short_circuit_decorator.py for tasks to queue
[2024-11-06T23:10:56.339+0000] {logging_mixin.py:154} INFO - [2024-11-06T23:10:56.339+0000] {dagbag.py:536} INFO - Filling up the DagBag from /home/airflow/.local/lib/python3.8/site-packages/airflow/example_dags/example_short_circuit_decorator.py
[2024-11-06T23:10:56.343+0000] {processor.py:839} INFO - DAG(s) dict_keys(['example_short_circuit_decorator']) retrieved from /home/airflow/.local/lib/python3.8/site-packages/airflow/example_dags/example_short_circuit_decorator.py
[2024-11-06T23:10:56.354+0000] {logging_mixin.py:154} INFO - [2024-11-06T23:10:56.354+0000] {dag.py:2941} INFO - Sync 1 DAGs
[2024-11-06T23:10:56.364+0000] {logging_mixin.py:154} INFO - [2024-11-06T23:10:56.364+0000] {dag.py:3722} INFO - Setting next_dagrun for example_short_circuit_decorator to 2024-11-05T23:10:56.364586+00:00, run_after=2024-11-06T23:10:56.364586+00:00
[2024-11-06T23:10:56.371+0000] {processor.py:179} INFO - Processing /home/airflow/.local/lib/python3.8/site-packages/airflow/example_dags/example_short_circuit_decorator.py took 0.035 seconds
[2024-11-06T23:49:20.963+0000] {processor.py:157} INFO - Started process (PID=3241) to work on /home/airflow/.local/lib/python3.8/site-packages/airflow/example_dags/example_short_circuit_decorator.py
[2024-11-06T23:49:20.964+0000] {processor.py:829} INFO - Processing file /home/airflow/.local/lib/python3.8/site-packages/airflow/example_dags/example_short_circuit_decorator.py for tasks to queue
[2024-11-06T23:49:20.967+0000] {logging_mixin.py:154} INFO - [2024-11-06T23:49:20.967+0000] {dagbag.py:536} INFO - Filling up the DagBag from /home/airflow/.local/lib/python3.8/site-packages/airflow/example_dags/example_short_circuit_decorator.py
[2024-11-06T23:49:20.978+0000] {processor.py:839} INFO - DAG(s) dict_keys(['example_short_circuit_decorator']) retrieved from /home/airflow/.local/lib/python3.8/site-packages/airflow/example_dags/example_short_circuit_decorator.py
[2024-11-06T23:49:21.001+0000] {logging_mixin.py:154} INFO - [2024-11-06T23:49:21.001+0000] {dag.py:2941} INFO - Sync 1 DAGs
[2024-11-06T23:49:21.011+0000] {logging_mixin.py:154} INFO - [2024-11-06T23:49:21.011+0000] {dag.py:3722} INFO - Setting next_dagrun for example_short_circuit_decorator to 2024-11-05T23:49:21.010805+00:00, run_after=2024-11-06T23:49:21.010805+00:00
[2024-11-06T23:49:21.022+0000] {processor.py:179} INFO - Processing /home/airflow/.local/lib/python3.8/site-packages/airflow/example_dags/example_short_circuit_decorator.py took 0.061 seconds
