[2024-11-06T08:43:18.683+0000] {processor.py:157} INFO - Started process (PID=45) to work on /home/airflow/.local/lib/python3.8/site-packages/airflow/example_dags/example_branch_python_dop_operator_3.py
[2024-11-06T08:43:18.685+0000] {processor.py:829} INFO - Processing file /home/airflow/.local/lib/python3.8/site-packages/airflow/example_dags/example_branch_python_dop_operator_3.py for tasks to queue
[2024-11-06T08:43:18.687+0000] {logging_mixin.py:154} INFO - [2024-11-06T08:43:18.687+0000] {dagbag.py:536} INFO - Filling up the DagBag from /home/airflow/.local/lib/python3.8/site-packages/airflow/example_dags/example_branch_python_dop_operator_3.py
[2024-11-06T08:43:18.698+0000] {processor.py:839} INFO - DAG(s) dict_keys(['example_branch_dop_operator_v3']) retrieved from /home/airflow/.local/lib/python3.8/site-packages/airflow/example_dags/example_branch_python_dop_operator_3.py
[2024-11-06T08:43:18.725+0000] {logging_mixin.py:154} INFO - [2024-11-06T08:43:18.724+0000] {dag.py:2941} INFO - Sync 1 DAGs
[2024-11-06T08:43:18.762+0000] {logging_mixin.py:154} INFO - [2024-11-06T08:43:18.762+0000] {dag.py:3722} INFO - Setting next_dagrun for example_branch_dop_operator_v3 to 2024-11-06T08:42:00+00:00, run_after=2024-11-06T08:43:00+00:00
[2024-11-06T08:43:18.782+0000] {processor.py:179} INFO - Processing /home/airflow/.local/lib/python3.8/site-packages/airflow/example_dags/example_branch_python_dop_operator_3.py took 0.101 seconds
[2024-11-06T08:43:49.306+0000] {processor.py:157} INFO - Started process (PID=99) to work on /home/airflow/.local/lib/python3.8/site-packages/airflow/example_dags/example_branch_python_dop_operator_3.py
[2024-11-06T08:43:49.306+0000] {processor.py:829} INFO - Processing file /home/airflow/.local/lib/python3.8/site-packages/airflow/example_dags/example_branch_python_dop_operator_3.py for tasks to queue
[2024-11-06T08:43:49.308+0000] {logging_mixin.py:154} INFO - [2024-11-06T08:43:49.308+0000] {dagbag.py:536} INFO - Filling up the DagBag from /home/airflow/.local/lib/python3.8/site-packages/airflow/example_dags/example_branch_python_dop_operator_3.py
[2024-11-06T08:43:49.316+0000] {processor.py:839} INFO - DAG(s) dict_keys(['example_branch_dop_operator_v3']) retrieved from /home/airflow/.local/lib/python3.8/site-packages/airflow/example_dags/example_branch_python_dop_operator_3.py
[2024-11-06T08:43:49.330+0000] {logging_mixin.py:154} INFO - [2024-11-06T08:43:49.330+0000] {dag.py:2941} INFO - Sync 1 DAGs
[2024-11-06T08:43:49.349+0000] {logging_mixin.py:154} INFO - [2024-11-06T08:43:49.349+0000] {dag.py:3722} INFO - Setting next_dagrun for example_branch_dop_operator_v3 to 2024-11-06T08:42:00+00:00, run_after=2024-11-06T08:43:00+00:00
[2024-11-06T08:43:49.359+0000] {processor.py:179} INFO - Processing /home/airflow/.local/lib/python3.8/site-packages/airflow/example_dags/example_branch_python_dop_operator_3.py took 0.056 seconds
[2024-11-06T08:44:19.733+0000] {processor.py:157} INFO - Started process (PID=153) to work on /home/airflow/.local/lib/python3.8/site-packages/airflow/example_dags/example_branch_python_dop_operator_3.py
[2024-11-06T08:44:19.734+0000] {processor.py:829} INFO - Processing file /home/airflow/.local/lib/python3.8/site-packages/airflow/example_dags/example_branch_python_dop_operator_3.py for tasks to queue
[2024-11-06T08:44:19.736+0000] {logging_mixin.py:154} INFO - [2024-11-06T08:44:19.735+0000] {dagbag.py:536} INFO - Filling up the DagBag from /home/airflow/.local/lib/python3.8/site-packages/airflow/example_dags/example_branch_python_dop_operator_3.py
[2024-11-06T08:44:19.740+0000] {processor.py:839} INFO - DAG(s) dict_keys(['example_branch_dop_operator_v3']) retrieved from /home/airflow/.local/lib/python3.8/site-packages/airflow/example_dags/example_branch_python_dop_operator_3.py
[2024-11-06T08:44:19.752+0000] {logging_mixin.py:154} INFO - [2024-11-06T08:44:19.752+0000] {dag.py:2941} INFO - Sync 1 DAGs
[2024-11-06T08:44:19.763+0000] {logging_mixin.py:154} INFO - [2024-11-06T08:44:19.763+0000] {dag.py:3722} INFO - Setting next_dagrun for example_branch_dop_operator_v3 to 2024-11-06T08:43:00+00:00, run_after=2024-11-06T08:44:00+00:00
[2024-11-06T08:44:19.774+0000] {processor.py:179} INFO - Processing /home/airflow/.local/lib/python3.8/site-packages/airflow/example_dags/example_branch_python_dop_operator_3.py took 0.042 seconds
[2024-11-06T08:44:50.114+0000] {processor.py:157} INFO - Started process (PID=207) to work on /home/airflow/.local/lib/python3.8/site-packages/airflow/example_dags/example_branch_python_dop_operator_3.py
[2024-11-06T08:44:50.115+0000] {processor.py:829} INFO - Processing file /home/airflow/.local/lib/python3.8/site-packages/airflow/example_dags/example_branch_python_dop_operator_3.py for tasks to queue
[2024-11-06T08:44:50.117+0000] {logging_mixin.py:154} INFO - [2024-11-06T08:44:50.117+0000] {dagbag.py:536} INFO - Filling up the DagBag from /home/airflow/.local/lib/python3.8/site-packages/airflow/example_dags/example_branch_python_dop_operator_3.py
[2024-11-06T08:44:50.122+0000] {processor.py:839} INFO - DAG(s) dict_keys(['example_branch_dop_operator_v3']) retrieved from /home/airflow/.local/lib/python3.8/site-packages/airflow/example_dags/example_branch_python_dop_operator_3.py
[2024-11-06T08:44:50.135+0000] {logging_mixin.py:154} INFO - [2024-11-06T08:44:50.135+0000] {dag.py:2941} INFO - Sync 1 DAGs
[2024-11-06T08:44:50.152+0000] {logging_mixin.py:154} INFO - [2024-11-06T08:44:50.152+0000] {dag.py:3722} INFO - Setting next_dagrun for example_branch_dop_operator_v3 to 2024-11-06T08:43:00+00:00, run_after=2024-11-06T08:44:00+00:00
[2024-11-06T08:44:50.162+0000] {processor.py:179} INFO - Processing /home/airflow/.local/lib/python3.8/site-packages/airflow/example_dags/example_branch_python_dop_operator_3.py took 0.049 seconds
[2024-11-06T08:45:20.473+0000] {processor.py:157} INFO - Started process (PID=261) to work on /home/airflow/.local/lib/python3.8/site-packages/airflow/example_dags/example_branch_python_dop_operator_3.py
[2024-11-06T08:45:20.473+0000] {processor.py:829} INFO - Processing file /home/airflow/.local/lib/python3.8/site-packages/airflow/example_dags/example_branch_python_dop_operator_3.py for tasks to queue
[2024-11-06T08:45:20.475+0000] {logging_mixin.py:154} INFO - [2024-11-06T08:45:20.475+0000] {dagbag.py:536} INFO - Filling up the DagBag from /home/airflow/.local/lib/python3.8/site-packages/airflow/example_dags/example_branch_python_dop_operator_3.py
[2024-11-06T08:45:20.481+0000] {processor.py:839} INFO - DAG(s) dict_keys(['example_branch_dop_operator_v3']) retrieved from /home/airflow/.local/lib/python3.8/site-packages/airflow/example_dags/example_branch_python_dop_operator_3.py
[2024-11-06T08:45:20.492+0000] {logging_mixin.py:154} INFO - [2024-11-06T08:45:20.492+0000] {dag.py:2941} INFO - Sync 1 DAGs
[2024-11-06T08:45:20.506+0000] {logging_mixin.py:154} INFO - [2024-11-06T08:45:20.506+0000] {dag.py:3722} INFO - Setting next_dagrun for example_branch_dop_operator_v3 to 2024-11-06T08:44:00+00:00, run_after=2024-11-06T08:45:00+00:00
[2024-11-06T08:45:20.517+0000] {processor.py:179} INFO - Processing /home/airflow/.local/lib/python3.8/site-packages/airflow/example_dags/example_branch_python_dop_operator_3.py took 0.047 seconds
[2024-11-06T08:45:50.853+0000] {processor.py:157} INFO - Started process (PID=315) to work on /home/airflow/.local/lib/python3.8/site-packages/airflow/example_dags/example_branch_python_dop_operator_3.py
[2024-11-06T08:45:50.854+0000] {processor.py:829} INFO - Processing file /home/airflow/.local/lib/python3.8/site-packages/airflow/example_dags/example_branch_python_dop_operator_3.py for tasks to queue
[2024-11-06T08:45:50.855+0000] {logging_mixin.py:154} INFO - [2024-11-06T08:45:50.855+0000] {dagbag.py:536} INFO - Filling up the DagBag from /home/airflow/.local/lib/python3.8/site-packages/airflow/example_dags/example_branch_python_dop_operator_3.py
[2024-11-06T08:45:50.861+0000] {processor.py:839} INFO - DAG(s) dict_keys(['example_branch_dop_operator_v3']) retrieved from /home/airflow/.local/lib/python3.8/site-packages/airflow/example_dags/example_branch_python_dop_operator_3.py
[2024-11-06T08:45:50.870+0000] {logging_mixin.py:154} INFO - [2024-11-06T08:45:50.870+0000] {dag.py:2941} INFO - Sync 1 DAGs
[2024-11-06T08:45:50.886+0000] {logging_mixin.py:154} INFO - [2024-11-06T08:45:50.886+0000] {dag.py:3722} INFO - Setting next_dagrun for example_branch_dop_operator_v3 to 2024-11-06T08:44:00+00:00, run_after=2024-11-06T08:45:00+00:00
[2024-11-06T08:45:50.895+0000] {processor.py:179} INFO - Processing /home/airflow/.local/lib/python3.8/site-packages/airflow/example_dags/example_branch_python_dop_operator_3.py took 0.043 seconds
[2024-11-06T08:46:21.234+0000] {processor.py:157} INFO - Started process (PID=369) to work on /home/airflow/.local/lib/python3.8/site-packages/airflow/example_dags/example_branch_python_dop_operator_3.py
[2024-11-06T08:46:21.234+0000] {processor.py:829} INFO - Processing file /home/airflow/.local/lib/python3.8/site-packages/airflow/example_dags/example_branch_python_dop_operator_3.py for tasks to queue
[2024-11-06T08:46:21.236+0000] {logging_mixin.py:154} INFO - [2024-11-06T08:46:21.236+0000] {dagbag.py:536} INFO - Filling up the DagBag from /home/airflow/.local/lib/python3.8/site-packages/airflow/example_dags/example_branch_python_dop_operator_3.py
[2024-11-06T08:46:21.243+0000] {processor.py:839} INFO - DAG(s) dict_keys(['example_branch_dop_operator_v3']) retrieved from /home/airflow/.local/lib/python3.8/site-packages/airflow/example_dags/example_branch_python_dop_operator_3.py
[2024-11-06T08:46:21.254+0000] {logging_mixin.py:154} INFO - [2024-11-06T08:46:21.254+0000] {dag.py:2941} INFO - Sync 1 DAGs
[2024-11-06T08:46:21.266+0000] {logging_mixin.py:154} INFO - [2024-11-06T08:46:21.266+0000] {dag.py:3722} INFO - Setting next_dagrun for example_branch_dop_operator_v3 to 2024-11-06T08:45:00+00:00, run_after=2024-11-06T08:46:00+00:00
[2024-11-06T08:46:21.275+0000] {processor.py:179} INFO - Processing /home/airflow/.local/lib/python3.8/site-packages/airflow/example_dags/example_branch_python_dop_operator_3.py took 0.043 seconds
[2024-11-06T08:46:51.960+0000] {processor.py:157} INFO - Started process (PID=423) to work on /home/airflow/.local/lib/python3.8/site-packages/airflow/example_dags/example_branch_python_dop_operator_3.py
[2024-11-06T08:46:51.961+0000] {processor.py:829} INFO - Processing file /home/airflow/.local/lib/python3.8/site-packages/airflow/example_dags/example_branch_python_dop_operator_3.py for tasks to queue
[2024-11-06T08:46:51.962+0000] {logging_mixin.py:154} INFO - [2024-11-06T08:46:51.962+0000] {dagbag.py:536} INFO - Filling up the DagBag from /home/airflow/.local/lib/python3.8/site-packages/airflow/example_dags/example_branch_python_dop_operator_3.py
[2024-11-06T08:46:51.970+0000] {processor.py:839} INFO - DAG(s) dict_keys(['example_branch_dop_operator_v3']) retrieved from /home/airflow/.local/lib/python3.8/site-packages/airflow/example_dags/example_branch_python_dop_operator_3.py
[2024-11-06T08:46:51.983+0000] {logging_mixin.py:154} INFO - [2024-11-06T08:46:51.983+0000] {dag.py:2941} INFO - Sync 1 DAGs
[2024-11-06T08:46:51.994+0000] {logging_mixin.py:154} INFO - [2024-11-06T08:46:51.994+0000] {dag.py:3722} INFO - Setting next_dagrun for example_branch_dop_operator_v3 to 2024-11-06T08:45:00+00:00, run_after=2024-11-06T08:46:00+00:00
[2024-11-06T08:46:52.003+0000] {processor.py:179} INFO - Processing /home/airflow/.local/lib/python3.8/site-packages/airflow/example_dags/example_branch_python_dop_operator_3.py took 0.045 seconds
[2024-11-06T08:47:22.502+0000] {processor.py:157} INFO - Started process (PID=477) to work on /home/airflow/.local/lib/python3.8/site-packages/airflow/example_dags/example_branch_python_dop_operator_3.py
[2024-11-06T08:47:22.503+0000] {processor.py:829} INFO - Processing file /home/airflow/.local/lib/python3.8/site-packages/airflow/example_dags/example_branch_python_dop_operator_3.py for tasks to queue
[2024-11-06T08:47:22.504+0000] {logging_mixin.py:154} INFO - [2024-11-06T08:47:22.504+0000] {dagbag.py:536} INFO - Filling up the DagBag from /home/airflow/.local/lib/python3.8/site-packages/airflow/example_dags/example_branch_python_dop_operator_3.py
[2024-11-06T08:47:22.510+0000] {processor.py:839} INFO - DAG(s) dict_keys(['example_branch_dop_operator_v3']) retrieved from /home/airflow/.local/lib/python3.8/site-packages/airflow/example_dags/example_branch_python_dop_operator_3.py
[2024-11-06T08:47:22.520+0000] {logging_mixin.py:154} INFO - [2024-11-06T08:47:22.520+0000] {dag.py:2941} INFO - Sync 1 DAGs
[2024-11-06T08:47:22.537+0000] {logging_mixin.py:154} INFO - [2024-11-06T08:47:22.537+0000] {dag.py:3722} INFO - Setting next_dagrun for example_branch_dop_operator_v3 to 2024-11-06T08:46:00+00:00, run_after=2024-11-06T08:47:00+00:00
[2024-11-06T08:47:22.545+0000] {processor.py:179} INFO - Processing /home/airflow/.local/lib/python3.8/site-packages/airflow/example_dags/example_branch_python_dop_operator_3.py took 0.044 seconds
[2024-11-06T08:47:52.844+0000] {processor.py:157} INFO - Started process (PID=539) to work on /home/airflow/.local/lib/python3.8/site-packages/airflow/example_dags/example_branch_python_dop_operator_3.py
[2024-11-06T08:47:52.844+0000] {processor.py:829} INFO - Processing file /home/airflow/.local/lib/python3.8/site-packages/airflow/example_dags/example_branch_python_dop_operator_3.py for tasks to queue
[2024-11-06T08:47:52.845+0000] {logging_mixin.py:154} INFO - [2024-11-06T08:47:52.845+0000] {dagbag.py:536} INFO - Filling up the DagBag from /home/airflow/.local/lib/python3.8/site-packages/airflow/example_dags/example_branch_python_dop_operator_3.py
[2024-11-06T08:47:52.849+0000] {processor.py:839} INFO - DAG(s) dict_keys(['example_branch_dop_operator_v3']) retrieved from /home/airflow/.local/lib/python3.8/site-packages/airflow/example_dags/example_branch_python_dop_operator_3.py
[2024-11-06T08:47:52.859+0000] {logging_mixin.py:154} INFO - [2024-11-06T08:47:52.859+0000] {dag.py:2941} INFO - Sync 1 DAGs
[2024-11-06T08:47:52.870+0000] {logging_mixin.py:154} INFO - [2024-11-06T08:47:52.870+0000] {dag.py:3722} INFO - Setting next_dagrun for example_branch_dop_operator_v3 to 2024-11-06T08:46:00+00:00, run_after=2024-11-06T08:47:00+00:00
[2024-11-06T08:47:52.879+0000] {processor.py:179} INFO - Processing /home/airflow/.local/lib/python3.8/site-packages/airflow/example_dags/example_branch_python_dop_operator_3.py took 0.037 seconds
[2024-11-06T08:48:23.226+0000] {processor.py:157} INFO - Started process (PID=593) to work on /home/airflow/.local/lib/python3.8/site-packages/airflow/example_dags/example_branch_python_dop_operator_3.py
[2024-11-06T08:48:23.226+0000] {processor.py:829} INFO - Processing file /home/airflow/.local/lib/python3.8/site-packages/airflow/example_dags/example_branch_python_dop_operator_3.py for tasks to queue
[2024-11-06T08:48:23.227+0000] {logging_mixin.py:154} INFO - [2024-11-06T08:48:23.227+0000] {dagbag.py:536} INFO - Filling up the DagBag from /home/airflow/.local/lib/python3.8/site-packages/airflow/example_dags/example_branch_python_dop_operator_3.py
[2024-11-06T08:48:23.231+0000] {processor.py:839} INFO - DAG(s) dict_keys(['example_branch_dop_operator_v3']) retrieved from /home/airflow/.local/lib/python3.8/site-packages/airflow/example_dags/example_branch_python_dop_operator_3.py
[2024-11-06T08:48:23.240+0000] {logging_mixin.py:154} INFO - [2024-11-06T08:48:23.240+0000] {dag.py:2941} INFO - Sync 1 DAGs
[2024-11-06T08:48:23.251+0000] {logging_mixin.py:154} INFO - [2024-11-06T08:48:23.251+0000] {dag.py:3722} INFO - Setting next_dagrun for example_branch_dop_operator_v3 to 2024-11-06T08:47:00+00:00, run_after=2024-11-06T08:48:00+00:00
[2024-11-06T08:48:23.260+0000] {processor.py:179} INFO - Processing /home/airflow/.local/lib/python3.8/site-packages/airflow/example_dags/example_branch_python_dop_operator_3.py took 0.035 seconds
[2024-11-06T08:48:53.550+0000] {processor.py:157} INFO - Started process (PID=647) to work on /home/airflow/.local/lib/python3.8/site-packages/airflow/example_dags/example_branch_python_dop_operator_3.py
[2024-11-06T08:48:53.551+0000] {processor.py:829} INFO - Processing file /home/airflow/.local/lib/python3.8/site-packages/airflow/example_dags/example_branch_python_dop_operator_3.py for tasks to queue
[2024-11-06T08:48:53.552+0000] {logging_mixin.py:154} INFO - [2024-11-06T08:48:53.552+0000] {dagbag.py:536} INFO - Filling up the DagBag from /home/airflow/.local/lib/python3.8/site-packages/airflow/example_dags/example_branch_python_dop_operator_3.py
[2024-11-06T08:48:53.556+0000] {processor.py:839} INFO - DAG(s) dict_keys(['example_branch_dop_operator_v3']) retrieved from /home/airflow/.local/lib/python3.8/site-packages/airflow/example_dags/example_branch_python_dop_operator_3.py
[2024-11-06T08:48:53.565+0000] {logging_mixin.py:154} INFO - [2024-11-06T08:48:53.565+0000] {dag.py:2941} INFO - Sync 1 DAGs
[2024-11-06T08:48:53.575+0000] {logging_mixin.py:154} INFO - [2024-11-06T08:48:53.575+0000] {dag.py:3722} INFO - Setting next_dagrun for example_branch_dop_operator_v3 to 2024-11-06T08:47:00+00:00, run_after=2024-11-06T08:48:00+00:00
[2024-11-06T08:48:53.585+0000] {processor.py:179} INFO - Processing /home/airflow/.local/lib/python3.8/site-packages/airflow/example_dags/example_branch_python_dop_operator_3.py took 0.036 seconds
[2024-11-06T08:49:23.816+0000] {processor.py:157} INFO - Started process (PID=701) to work on /home/airflow/.local/lib/python3.8/site-packages/airflow/example_dags/example_branch_python_dop_operator_3.py
[2024-11-06T08:49:23.816+0000] {processor.py:829} INFO - Processing file /home/airflow/.local/lib/python3.8/site-packages/airflow/example_dags/example_branch_python_dop_operator_3.py for tasks to queue
[2024-11-06T08:49:23.817+0000] {logging_mixin.py:154} INFO - [2024-11-06T08:49:23.817+0000] {dagbag.py:536} INFO - Filling up the DagBag from /home/airflow/.local/lib/python3.8/site-packages/airflow/example_dags/example_branch_python_dop_operator_3.py
[2024-11-06T08:49:23.821+0000] {processor.py:839} INFO - DAG(s) dict_keys(['example_branch_dop_operator_v3']) retrieved from /home/airflow/.local/lib/python3.8/site-packages/airflow/example_dags/example_branch_python_dop_operator_3.py
[2024-11-06T08:49:23.830+0000] {logging_mixin.py:154} INFO - [2024-11-06T08:49:23.830+0000] {dag.py:2941} INFO - Sync 1 DAGs
[2024-11-06T08:49:23.842+0000] {logging_mixin.py:154} INFO - [2024-11-06T08:49:23.842+0000] {dag.py:3722} INFO - Setting next_dagrun for example_branch_dop_operator_v3 to 2024-11-06T08:48:00+00:00, run_after=2024-11-06T08:49:00+00:00
[2024-11-06T08:49:23.851+0000] {processor.py:179} INFO - Processing /home/airflow/.local/lib/python3.8/site-packages/airflow/example_dags/example_branch_python_dop_operator_3.py took 0.037 seconds
[2024-11-06T08:49:54.041+0000] {processor.py:157} INFO - Started process (PID=754) to work on /home/airflow/.local/lib/python3.8/site-packages/airflow/example_dags/example_branch_python_dop_operator_3.py
[2024-11-06T08:49:54.041+0000] {processor.py:829} INFO - Processing file /home/airflow/.local/lib/python3.8/site-packages/airflow/example_dags/example_branch_python_dop_operator_3.py for tasks to queue
[2024-11-06T08:49:54.042+0000] {logging_mixin.py:154} INFO - [2024-11-06T08:49:54.042+0000] {dagbag.py:536} INFO - Filling up the DagBag from /home/airflow/.local/lib/python3.8/site-packages/airflow/example_dags/example_branch_python_dop_operator_3.py
[2024-11-06T08:49:54.048+0000] {processor.py:839} INFO - DAG(s) dict_keys(['example_branch_dop_operator_v3']) retrieved from /home/airflow/.local/lib/python3.8/site-packages/airflow/example_dags/example_branch_python_dop_operator_3.py
[2024-11-06T08:49:54.057+0000] {logging_mixin.py:154} INFO - [2024-11-06T08:49:54.057+0000] {dag.py:2941} INFO - Sync 1 DAGs
[2024-11-06T08:49:54.067+0000] {logging_mixin.py:154} INFO - [2024-11-06T08:49:54.067+0000] {dag.py:3722} INFO - Setting next_dagrun for example_branch_dop_operator_v3 to 2024-11-06T08:48:00+00:00, run_after=2024-11-06T08:49:00+00:00
[2024-11-06T08:49:54.076+0000] {processor.py:179} INFO - Processing /home/airflow/.local/lib/python3.8/site-packages/airflow/example_dags/example_branch_python_dop_operator_3.py took 0.037 seconds
[2024-11-06T08:50:24.267+0000] {processor.py:157} INFO - Started process (PID=808) to work on /home/airflow/.local/lib/python3.8/site-packages/airflow/example_dags/example_branch_python_dop_operator_3.py
[2024-11-06T08:50:24.268+0000] {processor.py:829} INFO - Processing file /home/airflow/.local/lib/python3.8/site-packages/airflow/example_dags/example_branch_python_dop_operator_3.py for tasks to queue
[2024-11-06T08:50:24.268+0000] {logging_mixin.py:154} INFO - [2024-11-06T08:50:24.268+0000] {dagbag.py:536} INFO - Filling up the DagBag from /home/airflow/.local/lib/python3.8/site-packages/airflow/example_dags/example_branch_python_dop_operator_3.py
[2024-11-06T08:50:24.272+0000] {processor.py:839} INFO - DAG(s) dict_keys(['example_branch_dop_operator_v3']) retrieved from /home/airflow/.local/lib/python3.8/site-packages/airflow/example_dags/example_branch_python_dop_operator_3.py
[2024-11-06T08:50:24.281+0000] {logging_mixin.py:154} INFO - [2024-11-06T08:50:24.281+0000] {dag.py:2941} INFO - Sync 1 DAGs
[2024-11-06T08:50:24.292+0000] {logging_mixin.py:154} INFO - [2024-11-06T08:50:24.292+0000] {dag.py:3722} INFO - Setting next_dagrun for example_branch_dop_operator_v3 to 2024-11-06T08:49:00+00:00, run_after=2024-11-06T08:50:00+00:00
[2024-11-06T08:50:24.299+0000] {processor.py:179} INFO - Processing /home/airflow/.local/lib/python3.8/site-packages/airflow/example_dags/example_branch_python_dop_operator_3.py took 0.033 seconds
[2024-11-06T08:50:54.531+0000] {processor.py:157} INFO - Started process (PID=862) to work on /home/airflow/.local/lib/python3.8/site-packages/airflow/example_dags/example_branch_python_dop_operator_3.py
[2024-11-06T08:50:54.532+0000] {processor.py:829} INFO - Processing file /home/airflow/.local/lib/python3.8/site-packages/airflow/example_dags/example_branch_python_dop_operator_3.py for tasks to queue
[2024-11-06T08:50:54.533+0000] {logging_mixin.py:154} INFO - [2024-11-06T08:50:54.533+0000] {dagbag.py:536} INFO - Filling up the DagBag from /home/airflow/.local/lib/python3.8/site-packages/airflow/example_dags/example_branch_python_dop_operator_3.py
[2024-11-06T08:50:54.537+0000] {processor.py:839} INFO - DAG(s) dict_keys(['example_branch_dop_operator_v3']) retrieved from /home/airflow/.local/lib/python3.8/site-packages/airflow/example_dags/example_branch_python_dop_operator_3.py
[2024-11-06T08:50:54.546+0000] {logging_mixin.py:154} INFO - [2024-11-06T08:50:54.546+0000] {dag.py:2941} INFO - Sync 1 DAGs
[2024-11-06T08:50:54.558+0000] {logging_mixin.py:154} INFO - [2024-11-06T08:50:54.558+0000] {dag.py:3722} INFO - Setting next_dagrun for example_branch_dop_operator_v3 to 2024-11-06T08:49:00+00:00, run_after=2024-11-06T08:50:00+00:00
[2024-11-06T08:50:54.565+0000] {processor.py:179} INFO - Processing /home/airflow/.local/lib/python3.8/site-packages/airflow/example_dags/example_branch_python_dop_operator_3.py took 0.036 seconds
[2024-11-06T08:51:24.761+0000] {processor.py:157} INFO - Started process (PID=916) to work on /home/airflow/.local/lib/python3.8/site-packages/airflow/example_dags/example_branch_python_dop_operator_3.py
[2024-11-06T08:51:24.761+0000] {processor.py:829} INFO - Processing file /home/airflow/.local/lib/python3.8/site-packages/airflow/example_dags/example_branch_python_dop_operator_3.py for tasks to queue
[2024-11-06T08:51:24.762+0000] {logging_mixin.py:154} INFO - [2024-11-06T08:51:24.762+0000] {dagbag.py:536} INFO - Filling up the DagBag from /home/airflow/.local/lib/python3.8/site-packages/airflow/example_dags/example_branch_python_dop_operator_3.py
[2024-11-06T08:51:24.767+0000] {processor.py:839} INFO - DAG(s) dict_keys(['example_branch_dop_operator_v3']) retrieved from /home/airflow/.local/lib/python3.8/site-packages/airflow/example_dags/example_branch_python_dop_operator_3.py
[2024-11-06T08:51:24.775+0000] {logging_mixin.py:154} INFO - [2024-11-06T08:51:24.775+0000] {dag.py:2941} INFO - Sync 1 DAGs
[2024-11-06T08:51:24.786+0000] {logging_mixin.py:154} INFO - [2024-11-06T08:51:24.786+0000] {dag.py:3722} INFO - Setting next_dagrun for example_branch_dop_operator_v3 to 2024-11-06T08:50:00+00:00, run_after=2024-11-06T08:51:00+00:00
[2024-11-06T08:51:24.796+0000] {processor.py:179} INFO - Processing /home/airflow/.local/lib/python3.8/site-packages/airflow/example_dags/example_branch_python_dop_operator_3.py took 0.037 seconds
[2024-11-06T08:51:55.206+0000] {processor.py:157} INFO - Started process (PID=970) to work on /home/airflow/.local/lib/python3.8/site-packages/airflow/example_dags/example_branch_python_dop_operator_3.py
[2024-11-06T08:51:55.207+0000] {processor.py:829} INFO - Processing file /home/airflow/.local/lib/python3.8/site-packages/airflow/example_dags/example_branch_python_dop_operator_3.py for tasks to queue
[2024-11-06T08:51:55.208+0000] {logging_mixin.py:154} INFO - [2024-11-06T08:51:55.208+0000] {dagbag.py:536} INFO - Filling up the DagBag from /home/airflow/.local/lib/python3.8/site-packages/airflow/example_dags/example_branch_python_dop_operator_3.py
[2024-11-06T08:51:55.212+0000] {processor.py:839} INFO - DAG(s) dict_keys(['example_branch_dop_operator_v3']) retrieved from /home/airflow/.local/lib/python3.8/site-packages/airflow/example_dags/example_branch_python_dop_operator_3.py
[2024-11-06T08:51:55.220+0000] {logging_mixin.py:154} INFO - [2024-11-06T08:51:55.220+0000] {dag.py:2941} INFO - Sync 1 DAGs
[2024-11-06T08:51:55.233+0000] {logging_mixin.py:154} INFO - [2024-11-06T08:51:55.233+0000] {dag.py:3722} INFO - Setting next_dagrun for example_branch_dop_operator_v3 to 2024-11-06T08:50:00+00:00, run_after=2024-11-06T08:51:00+00:00
[2024-11-06T08:51:55.242+0000] {processor.py:179} INFO - Processing /home/airflow/.local/lib/python3.8/site-packages/airflow/example_dags/example_branch_python_dop_operator_3.py took 0.037 seconds
[2024-11-06T08:52:25.589+0000] {processor.py:157} INFO - Started process (PID=1024) to work on /home/airflow/.local/lib/python3.8/site-packages/airflow/example_dags/example_branch_python_dop_operator_3.py
[2024-11-06T08:52:25.590+0000] {processor.py:829} INFO - Processing file /home/airflow/.local/lib/python3.8/site-packages/airflow/example_dags/example_branch_python_dop_operator_3.py for tasks to queue
[2024-11-06T08:52:25.591+0000] {logging_mixin.py:154} INFO - [2024-11-06T08:52:25.591+0000] {dagbag.py:536} INFO - Filling up the DagBag from /home/airflow/.local/lib/python3.8/site-packages/airflow/example_dags/example_branch_python_dop_operator_3.py
[2024-11-06T08:52:25.595+0000] {processor.py:839} INFO - DAG(s) dict_keys(['example_branch_dop_operator_v3']) retrieved from /home/airflow/.local/lib/python3.8/site-packages/airflow/example_dags/example_branch_python_dop_operator_3.py
[2024-11-06T08:52:25.603+0000] {logging_mixin.py:154} INFO - [2024-11-06T08:52:25.602+0000] {dag.py:2941} INFO - Sync 1 DAGs
[2024-11-06T08:52:25.615+0000] {logging_mixin.py:154} INFO - [2024-11-06T08:52:25.615+0000] {dag.py:3722} INFO - Setting next_dagrun for example_branch_dop_operator_v3 to 2024-11-06T08:51:00+00:00, run_after=2024-11-06T08:52:00+00:00
[2024-11-06T08:52:25.623+0000] {processor.py:179} INFO - Processing /home/airflow/.local/lib/python3.8/site-packages/airflow/example_dags/example_branch_python_dop_operator_3.py took 0.036 seconds
[2024-11-06T08:52:55.784+0000] {processor.py:157} INFO - Started process (PID=1078) to work on /home/airflow/.local/lib/python3.8/site-packages/airflow/example_dags/example_branch_python_dop_operator_3.py
[2024-11-06T08:52:55.785+0000] {processor.py:829} INFO - Processing file /home/airflow/.local/lib/python3.8/site-packages/airflow/example_dags/example_branch_python_dop_operator_3.py for tasks to queue
[2024-11-06T08:52:55.786+0000] {logging_mixin.py:154} INFO - [2024-11-06T08:52:55.786+0000] {dagbag.py:536} INFO - Filling up the DagBag from /home/airflow/.local/lib/python3.8/site-packages/airflow/example_dags/example_branch_python_dop_operator_3.py
[2024-11-06T08:52:55.789+0000] {processor.py:839} INFO - DAG(s) dict_keys(['example_branch_dop_operator_v3']) retrieved from /home/airflow/.local/lib/python3.8/site-packages/airflow/example_dags/example_branch_python_dop_operator_3.py
[2024-11-06T08:52:55.798+0000] {logging_mixin.py:154} INFO - [2024-11-06T08:52:55.798+0000] {dag.py:2941} INFO - Sync 1 DAGs
[2024-11-06T08:52:55.809+0000] {logging_mixin.py:154} INFO - [2024-11-06T08:52:55.808+0000] {dag.py:3722} INFO - Setting next_dagrun for example_branch_dop_operator_v3 to 2024-11-06T08:51:00+00:00, run_after=2024-11-06T08:52:00+00:00
[2024-11-06T08:52:55.817+0000] {processor.py:179} INFO - Processing /home/airflow/.local/lib/python3.8/site-packages/airflow/example_dags/example_branch_python_dop_operator_3.py took 0.034 seconds
[2024-11-06T08:53:26.477+0000] {processor.py:157} INFO - Started process (PID=1132) to work on /home/airflow/.local/lib/python3.8/site-packages/airflow/example_dags/example_branch_python_dop_operator_3.py
[2024-11-06T08:53:26.478+0000] {processor.py:829} INFO - Processing file /home/airflow/.local/lib/python3.8/site-packages/airflow/example_dags/example_branch_python_dop_operator_3.py for tasks to queue
[2024-11-06T08:53:26.479+0000] {logging_mixin.py:154} INFO - [2024-11-06T08:53:26.479+0000] {dagbag.py:536} INFO - Filling up the DagBag from /home/airflow/.local/lib/python3.8/site-packages/airflow/example_dags/example_branch_python_dop_operator_3.py
[2024-11-06T08:53:26.482+0000] {processor.py:839} INFO - DAG(s) dict_keys(['example_branch_dop_operator_v3']) retrieved from /home/airflow/.local/lib/python3.8/site-packages/airflow/example_dags/example_branch_python_dop_operator_3.py
[2024-11-06T08:53:26.491+0000] {logging_mixin.py:154} INFO - [2024-11-06T08:53:26.491+0000] {dag.py:2941} INFO - Sync 1 DAGs
[2024-11-06T08:53:26.502+0000] {logging_mixin.py:154} INFO - [2024-11-06T08:53:26.502+0000] {dag.py:3722} INFO - Setting next_dagrun for example_branch_dop_operator_v3 to 2024-11-06T08:52:00+00:00, run_after=2024-11-06T08:53:00+00:00
[2024-11-06T08:53:26.509+0000] {processor.py:179} INFO - Processing /home/airflow/.local/lib/python3.8/site-packages/airflow/example_dags/example_branch_python_dop_operator_3.py took 0.033 seconds
[2024-11-06T08:53:57.201+0000] {processor.py:157} INFO - Started process (PID=1186) to work on /home/airflow/.local/lib/python3.8/site-packages/airflow/example_dags/example_branch_python_dop_operator_3.py
[2024-11-06T08:53:57.201+0000] {processor.py:829} INFO - Processing file /home/airflow/.local/lib/python3.8/site-packages/airflow/example_dags/example_branch_python_dop_operator_3.py for tasks to queue
[2024-11-06T08:53:57.202+0000] {logging_mixin.py:154} INFO - [2024-11-06T08:53:57.202+0000] {dagbag.py:536} INFO - Filling up the DagBag from /home/airflow/.local/lib/python3.8/site-packages/airflow/example_dags/example_branch_python_dop_operator_3.py
[2024-11-06T08:53:57.206+0000] {processor.py:839} INFO - DAG(s) dict_keys(['example_branch_dop_operator_v3']) retrieved from /home/airflow/.local/lib/python3.8/site-packages/airflow/example_dags/example_branch_python_dop_operator_3.py
[2024-11-06T08:53:57.217+0000] {logging_mixin.py:154} INFO - [2024-11-06T08:53:57.217+0000] {dag.py:2941} INFO - Sync 1 DAGs
[2024-11-06T08:53:57.230+0000] {logging_mixin.py:154} INFO - [2024-11-06T08:53:57.229+0000] {dag.py:3722} INFO - Setting next_dagrun for example_branch_dop_operator_v3 to 2024-11-06T08:52:00+00:00, run_after=2024-11-06T08:53:00+00:00
[2024-11-06T08:53:57.237+0000] {processor.py:179} INFO - Processing /home/airflow/.local/lib/python3.8/site-packages/airflow/example_dags/example_branch_python_dop_operator_3.py took 0.038 seconds
[2024-11-06T08:54:27.380+0000] {processor.py:157} INFO - Started process (PID=1240) to work on /home/airflow/.local/lib/python3.8/site-packages/airflow/example_dags/example_branch_python_dop_operator_3.py
[2024-11-06T08:54:27.381+0000] {processor.py:829} INFO - Processing file /home/airflow/.local/lib/python3.8/site-packages/airflow/example_dags/example_branch_python_dop_operator_3.py for tasks to queue
[2024-11-06T08:54:27.382+0000] {logging_mixin.py:154} INFO - [2024-11-06T08:54:27.381+0000] {dagbag.py:536} INFO - Filling up the DagBag from /home/airflow/.local/lib/python3.8/site-packages/airflow/example_dags/example_branch_python_dop_operator_3.py
[2024-11-06T08:54:27.386+0000] {processor.py:839} INFO - DAG(s) dict_keys(['example_branch_dop_operator_v3']) retrieved from /home/airflow/.local/lib/python3.8/site-packages/airflow/example_dags/example_branch_python_dop_operator_3.py
[2024-11-06T08:54:27.396+0000] {logging_mixin.py:154} INFO - [2024-11-06T08:54:27.396+0000] {dag.py:2941} INFO - Sync 1 DAGs
[2024-11-06T08:54:27.407+0000] {logging_mixin.py:154} INFO - [2024-11-06T08:54:27.407+0000] {dag.py:3722} INFO - Setting next_dagrun for example_branch_dop_operator_v3 to 2024-11-06T08:53:00+00:00, run_after=2024-11-06T08:54:00+00:00
[2024-11-06T08:54:27.495+0000] {processor.py:179} INFO - Processing /home/airflow/.local/lib/python3.8/site-packages/airflow/example_dags/example_branch_python_dop_operator_3.py took 0.117 seconds
[2024-11-06T08:54:57.536+0000] {processor.py:157} INFO - Started process (PID=1294) to work on /home/airflow/.local/lib/python3.8/site-packages/airflow/example_dags/example_branch_python_dop_operator_3.py
[2024-11-06T08:54:57.537+0000] {processor.py:829} INFO - Processing file /home/airflow/.local/lib/python3.8/site-packages/airflow/example_dags/example_branch_python_dop_operator_3.py for tasks to queue
[2024-11-06T08:54:57.538+0000] {logging_mixin.py:154} INFO - [2024-11-06T08:54:57.537+0000] {dagbag.py:536} INFO - Filling up the DagBag from /home/airflow/.local/lib/python3.8/site-packages/airflow/example_dags/example_branch_python_dop_operator_3.py
[2024-11-06T08:54:57.541+0000] {processor.py:839} INFO - DAG(s) dict_keys(['example_branch_dop_operator_v3']) retrieved from /home/airflow/.local/lib/python3.8/site-packages/airflow/example_dags/example_branch_python_dop_operator_3.py
[2024-11-06T08:54:57.551+0000] {logging_mixin.py:154} INFO - [2024-11-06T08:54:57.551+0000] {dag.py:2941} INFO - Sync 1 DAGs
[2024-11-06T08:54:57.561+0000] {logging_mixin.py:154} INFO - [2024-11-06T08:54:57.561+0000] {dag.py:3722} INFO - Setting next_dagrun for example_branch_dop_operator_v3 to 2024-11-06T08:53:00+00:00, run_after=2024-11-06T08:54:00+00:00
[2024-11-06T08:54:57.568+0000] {processor.py:179} INFO - Processing /home/airflow/.local/lib/python3.8/site-packages/airflow/example_dags/example_branch_python_dop_operator_3.py took 0.034 seconds
[2024-11-06T08:55:28.270+0000] {processor.py:157} INFO - Started process (PID=1348) to work on /home/airflow/.local/lib/python3.8/site-packages/airflow/example_dags/example_branch_python_dop_operator_3.py
[2024-11-06T08:55:28.270+0000] {processor.py:829} INFO - Processing file /home/airflow/.local/lib/python3.8/site-packages/airflow/example_dags/example_branch_python_dop_operator_3.py for tasks to queue
[2024-11-06T08:55:28.271+0000] {logging_mixin.py:154} INFO - [2024-11-06T08:55:28.271+0000] {dagbag.py:536} INFO - Filling up the DagBag from /home/airflow/.local/lib/python3.8/site-packages/airflow/example_dags/example_branch_python_dop_operator_3.py
[2024-11-06T08:55:28.275+0000] {processor.py:839} INFO - DAG(s) dict_keys(['example_branch_dop_operator_v3']) retrieved from /home/airflow/.local/lib/python3.8/site-packages/airflow/example_dags/example_branch_python_dop_operator_3.py
[2024-11-06T08:55:28.284+0000] {logging_mixin.py:154} INFO - [2024-11-06T08:55:28.284+0000] {dag.py:2941} INFO - Sync 1 DAGs
[2024-11-06T08:55:28.371+0000] {logging_mixin.py:154} INFO - [2024-11-06T08:55:28.371+0000] {dag.py:3722} INFO - Setting next_dagrun for example_branch_dop_operator_v3 to 2024-11-06T08:54:00+00:00, run_after=2024-11-06T08:55:00+00:00
[2024-11-06T08:55:28.382+0000] {processor.py:179} INFO - Processing /home/airflow/.local/lib/python3.8/site-packages/airflow/example_dags/example_branch_python_dop_operator_3.py took 0.113 seconds
[2024-11-06T08:55:58.615+0000] {processor.py:157} INFO - Started process (PID=1402) to work on /home/airflow/.local/lib/python3.8/site-packages/airflow/example_dags/example_branch_python_dop_operator_3.py
[2024-11-06T08:55:58.616+0000] {processor.py:829} INFO - Processing file /home/airflow/.local/lib/python3.8/site-packages/airflow/example_dags/example_branch_python_dop_operator_3.py for tasks to queue
[2024-11-06T08:55:58.617+0000] {logging_mixin.py:154} INFO - [2024-11-06T08:55:58.617+0000] {dagbag.py:536} INFO - Filling up the DagBag from /home/airflow/.local/lib/python3.8/site-packages/airflow/example_dags/example_branch_python_dop_operator_3.py
[2024-11-06T08:55:58.621+0000] {processor.py:839} INFO - DAG(s) dict_keys(['example_branch_dop_operator_v3']) retrieved from /home/airflow/.local/lib/python3.8/site-packages/airflow/example_dags/example_branch_python_dop_operator_3.py
[2024-11-06T08:55:58.630+0000] {logging_mixin.py:154} INFO - [2024-11-06T08:55:58.630+0000] {dag.py:2941} INFO - Sync 1 DAGs
[2024-11-06T08:55:58.642+0000] {logging_mixin.py:154} INFO - [2024-11-06T08:55:58.642+0000] {dag.py:3722} INFO - Setting next_dagrun for example_branch_dop_operator_v3 to 2024-11-06T08:54:00+00:00, run_after=2024-11-06T08:55:00+00:00
[2024-11-06T08:55:58.728+0000] {processor.py:179} INFO - Processing /home/airflow/.local/lib/python3.8/site-packages/airflow/example_dags/example_branch_python_dop_operator_3.py took 0.114 seconds
[2024-11-06T08:56:29.244+0000] {processor.py:157} INFO - Started process (PID=1456) to work on /home/airflow/.local/lib/python3.8/site-packages/airflow/example_dags/example_branch_python_dop_operator_3.py
[2024-11-06T08:56:29.244+0000] {processor.py:829} INFO - Processing file /home/airflow/.local/lib/python3.8/site-packages/airflow/example_dags/example_branch_python_dop_operator_3.py for tasks to queue
[2024-11-06T08:56:29.245+0000] {logging_mixin.py:154} INFO - [2024-11-06T08:56:29.245+0000] {dagbag.py:536} INFO - Filling up the DagBag from /home/airflow/.local/lib/python3.8/site-packages/airflow/example_dags/example_branch_python_dop_operator_3.py
[2024-11-06T08:56:29.250+0000] {processor.py:839} INFO - DAG(s) dict_keys(['example_branch_dop_operator_v3']) retrieved from /home/airflow/.local/lib/python3.8/site-packages/airflow/example_dags/example_branch_python_dop_operator_3.py
[2024-11-06T08:56:29.258+0000] {logging_mixin.py:154} INFO - [2024-11-06T08:56:29.258+0000] {dag.py:2941} INFO - Sync 1 DAGs
[2024-11-06T08:56:29.270+0000] {logging_mixin.py:154} INFO - [2024-11-06T08:56:29.270+0000] {dag.py:3722} INFO - Setting next_dagrun for example_branch_dop_operator_v3 to 2024-11-06T08:55:00+00:00, run_after=2024-11-06T08:56:00+00:00
[2024-11-06T08:56:29.281+0000] {processor.py:179} INFO - Processing /home/airflow/.local/lib/python3.8/site-packages/airflow/example_dags/example_branch_python_dop_operator_3.py took 0.039 seconds
[2024-11-06T08:56:59.917+0000] {processor.py:157} INFO - Started process (PID=1510) to work on /home/airflow/.local/lib/python3.8/site-packages/airflow/example_dags/example_branch_python_dop_operator_3.py
[2024-11-06T08:56:59.918+0000] {processor.py:829} INFO - Processing file /home/airflow/.local/lib/python3.8/site-packages/airflow/example_dags/example_branch_python_dop_operator_3.py for tasks to queue
[2024-11-06T08:56:59.919+0000] {logging_mixin.py:154} INFO - [2024-11-06T08:56:59.919+0000] {dagbag.py:536} INFO - Filling up the DagBag from /home/airflow/.local/lib/python3.8/site-packages/airflow/example_dags/example_branch_python_dop_operator_3.py
[2024-11-06T08:56:59.923+0000] {processor.py:839} INFO - DAG(s) dict_keys(['example_branch_dop_operator_v3']) retrieved from /home/airflow/.local/lib/python3.8/site-packages/airflow/example_dags/example_branch_python_dop_operator_3.py
[2024-11-06T08:56:59.932+0000] {logging_mixin.py:154} INFO - [2024-11-06T08:56:59.932+0000] {dag.py:2941} INFO - Sync 1 DAGs
[2024-11-06T08:57:00.020+0000] {logging_mixin.py:154} INFO - [2024-11-06T08:57:00.020+0000] {dag.py:3722} INFO - Setting next_dagrun for example_branch_dop_operator_v3 to 2024-11-06T08:56:00+00:00, run_after=2024-11-06T08:57:00+00:00
[2024-11-06T08:57:00.028+0000] {processor.py:179} INFO - Processing /home/airflow/.local/lib/python3.8/site-packages/airflow/example_dags/example_branch_python_dop_operator_3.py took 0.113 seconds
[2024-11-06T08:57:30.059+0000] {processor.py:157} INFO - Started process (PID=1564) to work on /home/airflow/.local/lib/python3.8/site-packages/airflow/example_dags/example_branch_python_dop_operator_3.py
[2024-11-06T08:57:30.059+0000] {processor.py:829} INFO - Processing file /home/airflow/.local/lib/python3.8/site-packages/airflow/example_dags/example_branch_python_dop_operator_3.py for tasks to queue
[2024-11-06T08:57:30.060+0000] {logging_mixin.py:154} INFO - [2024-11-06T08:57:30.060+0000] {dagbag.py:536} INFO - Filling up the DagBag from /home/airflow/.local/lib/python3.8/site-packages/airflow/example_dags/example_branch_python_dop_operator_3.py
[2024-11-06T08:57:30.064+0000] {processor.py:839} INFO - DAG(s) dict_keys(['example_branch_dop_operator_v3']) retrieved from /home/airflow/.local/lib/python3.8/site-packages/airflow/example_dags/example_branch_python_dop_operator_3.py
[2024-11-06T08:57:30.073+0000] {logging_mixin.py:154} INFO - [2024-11-06T08:57:30.073+0000] {dag.py:2941} INFO - Sync 1 DAGs
[2024-11-06T08:57:30.084+0000] {logging_mixin.py:154} INFO - [2024-11-06T08:57:30.083+0000] {dag.py:3722} INFO - Setting next_dagrun for example_branch_dop_operator_v3 to 2024-11-06T08:56:00+00:00, run_after=2024-11-06T08:57:00+00:00
[2024-11-06T08:57:30.160+0000] {processor.py:179} INFO - Processing /home/airflow/.local/lib/python3.8/site-packages/airflow/example_dags/example_branch_python_dop_operator_3.py took 0.103 seconds
[2024-11-06T08:58:00.872+0000] {processor.py:157} INFO - Started process (PID=1617) to work on /home/airflow/.local/lib/python3.8/site-packages/airflow/example_dags/example_branch_python_dop_operator_3.py
[2024-11-06T08:58:00.873+0000] {processor.py:829} INFO - Processing file /home/airflow/.local/lib/python3.8/site-packages/airflow/example_dags/example_branch_python_dop_operator_3.py for tasks to queue
[2024-11-06T08:58:00.876+0000] {logging_mixin.py:154} INFO - [2024-11-06T08:58:00.876+0000] {dagbag.py:536} INFO - Filling up the DagBag from /home/airflow/.local/lib/python3.8/site-packages/airflow/example_dags/example_branch_python_dop_operator_3.py
[2024-11-06T08:58:00.898+0000] {processor.py:839} INFO - DAG(s) dict_keys(['example_branch_dop_operator_v3']) retrieved from /home/airflow/.local/lib/python3.8/site-packages/airflow/example_dags/example_branch_python_dop_operator_3.py
[2024-11-06T08:58:00.917+0000] {logging_mixin.py:154} INFO - [2024-11-06T08:58:00.917+0000] {dag.py:2941} INFO - Sync 1 DAGs
[2024-11-06T08:58:00.952+0000] {logging_mixin.py:154} INFO - [2024-11-06T08:58:00.951+0000] {dag.py:3722} INFO - Setting next_dagrun for example_branch_dop_operator_v3 to 2024-11-06T08:57:00+00:00, run_after=2024-11-06T08:58:00+00:00
[2024-11-06T08:58:00.973+0000] {processor.py:179} INFO - Processing /home/airflow/.local/lib/python3.8/site-packages/airflow/example_dags/example_branch_python_dop_operator_3.py took 0.107 seconds
[2024-11-06T08:58:31.533+0000] {processor.py:157} INFO - Started process (PID=1671) to work on /home/airflow/.local/lib/python3.8/site-packages/airflow/example_dags/example_branch_python_dop_operator_3.py
[2024-11-06T08:58:31.533+0000] {processor.py:829} INFO - Processing file /home/airflow/.local/lib/python3.8/site-packages/airflow/example_dags/example_branch_python_dop_operator_3.py for tasks to queue
[2024-11-06T08:58:31.535+0000] {logging_mixin.py:154} INFO - [2024-11-06T08:58:31.535+0000] {dagbag.py:536} INFO - Filling up the DagBag from /home/airflow/.local/lib/python3.8/site-packages/airflow/example_dags/example_branch_python_dop_operator_3.py
[2024-11-06T08:58:31.539+0000] {processor.py:839} INFO - DAG(s) dict_keys(['example_branch_dop_operator_v3']) retrieved from /home/airflow/.local/lib/python3.8/site-packages/airflow/example_dags/example_branch_python_dop_operator_3.py
[2024-11-06T08:58:31.547+0000] {logging_mixin.py:154} INFO - [2024-11-06T08:58:31.547+0000] {dag.py:2941} INFO - Sync 1 DAGs
[2024-11-06T08:58:31.630+0000] {logging_mixin.py:154} INFO - [2024-11-06T08:58:31.630+0000] {dag.py:3722} INFO - Setting next_dagrun for example_branch_dop_operator_v3 to 2024-11-06T08:57:00+00:00, run_after=2024-11-06T08:58:00+00:00
[2024-11-06T08:58:31.638+0000] {processor.py:179} INFO - Processing /home/airflow/.local/lib/python3.8/site-packages/airflow/example_dags/example_branch_python_dop_operator_3.py took 0.107 seconds
[2024-11-06T09:17:56.185+0000] {processor.py:157} INFO - Started process (PID=1716) to work on /home/airflow/.local/lib/python3.8/site-packages/airflow/example_dags/example_branch_python_dop_operator_3.py
[2024-11-06T09:17:56.185+0000] {processor.py:829} INFO - Processing file /home/airflow/.local/lib/python3.8/site-packages/airflow/example_dags/example_branch_python_dop_operator_3.py for tasks to queue
[2024-11-06T09:17:56.186+0000] {logging_mixin.py:154} INFO - [2024-11-06T09:17:56.186+0000] {dagbag.py:536} INFO - Filling up the DagBag from /home/airflow/.local/lib/python3.8/site-packages/airflow/example_dags/example_branch_python_dop_operator_3.py
[2024-11-06T09:17:56.191+0000] {processor.py:839} INFO - DAG(s) dict_keys(['example_branch_dop_operator_v3']) retrieved from /home/airflow/.local/lib/python3.8/site-packages/airflow/example_dags/example_branch_python_dop_operator_3.py
[2024-11-06T09:17:56.203+0000] {logging_mixin.py:154} INFO - [2024-11-06T09:17:56.203+0000] {dag.py:2941} INFO - Sync 1 DAGs
[2024-11-06T09:17:56.215+0000] {logging_mixin.py:154} INFO - [2024-11-06T09:17:56.215+0000] {dag.py:3722} INFO - Setting next_dagrun for example_branch_dop_operator_v3 to 2024-11-06T09:16:00+00:00, run_after=2024-11-06T09:17:00+00:00
[2024-11-06T09:17:56.226+0000] {processor.py:179} INFO - Processing /home/airflow/.local/lib/python3.8/site-packages/airflow/example_dags/example_branch_python_dop_operator_3.py took 0.043 seconds
[2024-11-06T09:29:43.159+0000] {processor.py:157} INFO - Started process (PID=1770) to work on /home/airflow/.local/lib/python3.8/site-packages/airflow/example_dags/example_branch_python_dop_operator_3.py
[2024-11-06T09:29:43.160+0000] {processor.py:829} INFO - Processing file /home/airflow/.local/lib/python3.8/site-packages/airflow/example_dags/example_branch_python_dop_operator_3.py for tasks to queue
[2024-11-06T09:29:43.162+0000] {logging_mixin.py:154} INFO - [2024-11-06T09:29:43.161+0000] {dagbag.py:536} INFO - Filling up the DagBag from /home/airflow/.local/lib/python3.8/site-packages/airflow/example_dags/example_branch_python_dop_operator_3.py
[2024-11-06T09:29:43.166+0000] {processor.py:839} INFO - DAG(s) dict_keys(['example_branch_dop_operator_v3']) retrieved from /home/airflow/.local/lib/python3.8/site-packages/airflow/example_dags/example_branch_python_dop_operator_3.py
[2024-11-06T09:29:43.177+0000] {logging_mixin.py:154} INFO - [2024-11-06T09:29:43.177+0000] {dag.py:2941} INFO - Sync 1 DAGs
[2024-11-06T09:29:43.189+0000] {logging_mixin.py:154} INFO - [2024-11-06T09:29:43.189+0000] {dag.py:3722} INFO - Setting next_dagrun for example_branch_dop_operator_v3 to 2024-11-06T09:28:00+00:00, run_after=2024-11-06T09:29:00+00:00
[2024-11-06T09:29:43.198+0000] {processor.py:179} INFO - Processing /home/airflow/.local/lib/python3.8/site-packages/airflow/example_dags/example_branch_python_dop_operator_3.py took 0.040 seconds
[2024-11-06T10:28:12.611+0000] {processor.py:157} INFO - Started process (PID=1824) to work on /home/airflow/.local/lib/python3.8/site-packages/airflow/example_dags/example_branch_python_dop_operator_3.py
[2024-11-06T10:28:12.612+0000] {processor.py:829} INFO - Processing file /home/airflow/.local/lib/python3.8/site-packages/airflow/example_dags/example_branch_python_dop_operator_3.py for tasks to queue
[2024-11-06T10:28:12.613+0000] {logging_mixin.py:154} INFO - [2024-11-06T10:28:12.613+0000] {dagbag.py:536} INFO - Filling up the DagBag from /home/airflow/.local/lib/python3.8/site-packages/airflow/example_dags/example_branch_python_dop_operator_3.py
[2024-11-06T10:28:12.617+0000] {processor.py:839} INFO - DAG(s) dict_keys(['example_branch_dop_operator_v3']) retrieved from /home/airflow/.local/lib/python3.8/site-packages/airflow/example_dags/example_branch_python_dop_operator_3.py
[2024-11-06T10:28:12.630+0000] {logging_mixin.py:154} INFO - [2024-11-06T10:28:12.630+0000] {dag.py:2941} INFO - Sync 1 DAGs
[2024-11-06T10:28:12.642+0000] {logging_mixin.py:154} INFO - [2024-11-06T10:28:12.642+0000] {dag.py:3722} INFO - Setting next_dagrun for example_branch_dop_operator_v3 to 2024-11-06T10:27:00+00:00, run_after=2024-11-06T10:28:00+00:00
[2024-11-06T10:28:12.652+0000] {processor.py:179} INFO - Processing /home/airflow/.local/lib/python3.8/site-packages/airflow/example_dags/example_branch_python_dop_operator_3.py took 0.043 seconds
[2024-11-06T11:31:02.526+0000] {processor.py:157} INFO - Started process (PID=1878) to work on /home/airflow/.local/lib/python3.8/site-packages/airflow/example_dags/example_branch_python_dop_operator_3.py
[2024-11-06T11:31:02.526+0000] {processor.py:829} INFO - Processing file /home/airflow/.local/lib/python3.8/site-packages/airflow/example_dags/example_branch_python_dop_operator_3.py for tasks to queue
[2024-11-06T11:31:02.529+0000] {logging_mixin.py:154} INFO - [2024-11-06T11:31:02.529+0000] {dagbag.py:536} INFO - Filling up the DagBag from /home/airflow/.local/lib/python3.8/site-packages/airflow/example_dags/example_branch_python_dop_operator_3.py
[2024-11-06T11:31:02.542+0000] {processor.py:839} INFO - DAG(s) dict_keys(['example_branch_dop_operator_v3']) retrieved from /home/airflow/.local/lib/python3.8/site-packages/airflow/example_dags/example_branch_python_dop_operator_3.py
[2024-11-06T11:31:02.564+0000] {logging_mixin.py:154} INFO - [2024-11-06T11:31:02.564+0000] {dag.py:2941} INFO - Sync 1 DAGs
[2024-11-06T11:31:02.594+0000] {logging_mixin.py:154} INFO - [2024-11-06T11:31:02.594+0000] {dag.py:3722} INFO - Setting next_dagrun for example_branch_dop_operator_v3 to 2024-11-06T11:30:00+00:00, run_after=2024-11-06T11:31:00+00:00
[2024-11-06T11:31:02.615+0000] {processor.py:179} INFO - Processing /home/airflow/.local/lib/python3.8/site-packages/airflow/example_dags/example_branch_python_dop_operator_3.py took 0.092 seconds
[2024-11-06T11:59:49.211+0000] {processor.py:157} INFO - Started process (PID=1932) to work on /home/airflow/.local/lib/python3.8/site-packages/airflow/example_dags/example_branch_python_dop_operator_3.py
[2024-11-06T11:59:49.211+0000] {processor.py:829} INFO - Processing file /home/airflow/.local/lib/python3.8/site-packages/airflow/example_dags/example_branch_python_dop_operator_3.py for tasks to queue
[2024-11-06T11:59:49.214+0000] {logging_mixin.py:154} INFO - [2024-11-06T11:59:49.213+0000] {dagbag.py:536} INFO - Filling up the DagBag from /home/airflow/.local/lib/python3.8/site-packages/airflow/example_dags/example_branch_python_dop_operator_3.py
[2024-11-06T11:59:49.224+0000] {processor.py:839} INFO - DAG(s) dict_keys(['example_branch_dop_operator_v3']) retrieved from /home/airflow/.local/lib/python3.8/site-packages/airflow/example_dags/example_branch_python_dop_operator_3.py
[2024-11-06T11:59:49.245+0000] {logging_mixin.py:154} INFO - [2024-11-06T11:59:49.244+0000] {dag.py:2941} INFO - Sync 1 DAGs
[2024-11-06T11:59:49.270+0000] {logging_mixin.py:154} INFO - [2024-11-06T11:59:49.270+0000] {dag.py:3722} INFO - Setting next_dagrun for example_branch_dop_operator_v3 to 2024-11-06T11:58:00+00:00, run_after=2024-11-06T11:59:00+00:00
[2024-11-06T11:59:49.298+0000] {processor.py:179} INFO - Processing /home/airflow/.local/lib/python3.8/site-packages/airflow/example_dags/example_branch_python_dop_operator_3.py took 0.090 seconds
[2024-11-06T12:50:46.672+0000] {processor.py:157} INFO - Started process (PID=1986) to work on /home/airflow/.local/lib/python3.8/site-packages/airflow/example_dags/example_branch_python_dop_operator_3.py
[2024-11-06T12:50:46.672+0000] {processor.py:829} INFO - Processing file /home/airflow/.local/lib/python3.8/site-packages/airflow/example_dags/example_branch_python_dop_operator_3.py for tasks to queue
[2024-11-06T12:50:46.674+0000] {logging_mixin.py:154} INFO - [2024-11-06T12:50:46.674+0000] {dagbag.py:536} INFO - Filling up the DagBag from /home/airflow/.local/lib/python3.8/site-packages/airflow/example_dags/example_branch_python_dop_operator_3.py
[2024-11-06T12:50:46.679+0000] {processor.py:839} INFO - DAG(s) dict_keys(['example_branch_dop_operator_v3']) retrieved from /home/airflow/.local/lib/python3.8/site-packages/airflow/example_dags/example_branch_python_dop_operator_3.py
[2024-11-06T12:50:46.690+0000] {logging_mixin.py:154} INFO - [2024-11-06T12:50:46.690+0000] {dag.py:2941} INFO - Sync 1 DAGs
[2024-11-06T12:50:46.704+0000] {logging_mixin.py:154} INFO - [2024-11-06T12:50:46.704+0000] {dag.py:3722} INFO - Setting next_dagrun for example_branch_dop_operator_v3 to 2024-11-06T12:49:00+00:00, run_after=2024-11-06T12:50:00+00:00
[2024-11-06T12:50:46.712+0000] {processor.py:179} INFO - Processing /home/airflow/.local/lib/python3.8/site-packages/airflow/example_dags/example_branch_python_dop_operator_3.py took 0.042 seconds
[2024-11-06T12:52:34.762+0000] {processor.py:157} INFO - Started process (PID=2040) to work on /home/airflow/.local/lib/python3.8/site-packages/airflow/example_dags/example_branch_python_dop_operator_3.py
[2024-11-06T12:52:34.765+0000] {processor.py:829} INFO - Processing file /home/airflow/.local/lib/python3.8/site-packages/airflow/example_dags/example_branch_python_dop_operator_3.py for tasks to queue
[2024-11-06T12:52:34.771+0000] {logging_mixin.py:154} INFO - [2024-11-06T12:52:34.771+0000] {dagbag.py:536} INFO - Filling up the DagBag from /home/airflow/.local/lib/python3.8/site-packages/airflow/example_dags/example_branch_python_dop_operator_3.py
[2024-11-06T12:52:34.786+0000] {processor.py:839} INFO - DAG(s) dict_keys(['example_branch_dop_operator_v3']) retrieved from /home/airflow/.local/lib/python3.8/site-packages/airflow/example_dags/example_branch_python_dop_operator_3.py
[2024-11-06T12:52:34.815+0000] {logging_mixin.py:154} INFO - [2024-11-06T12:52:34.815+0000] {dag.py:2941} INFO - Sync 1 DAGs
[2024-11-06T12:52:34.849+0000] {logging_mixin.py:154} INFO - [2024-11-06T12:52:34.849+0000] {dag.py:3722} INFO - Setting next_dagrun for example_branch_dop_operator_v3 to 2024-11-06T12:51:00+00:00, run_after=2024-11-06T12:52:00+00:00
[2024-11-06T12:52:34.861+0000] {processor.py:179} INFO - Processing /home/airflow/.local/lib/python3.8/site-packages/airflow/example_dags/example_branch_python_dop_operator_3.py took 0.107 seconds
[2024-11-06T13:07:15.952+0000] {processor.py:157} INFO - Started process (PID=2094) to work on /home/airflow/.local/lib/python3.8/site-packages/airflow/example_dags/example_branch_python_dop_operator_3.py
[2024-11-06T13:07:15.954+0000] {processor.py:829} INFO - Processing file /home/airflow/.local/lib/python3.8/site-packages/airflow/example_dags/example_branch_python_dop_operator_3.py for tasks to queue
[2024-11-06T13:07:15.957+0000] {logging_mixin.py:154} INFO - [2024-11-06T13:07:15.956+0000] {dagbag.py:536} INFO - Filling up the DagBag from /home/airflow/.local/lib/python3.8/site-packages/airflow/example_dags/example_branch_python_dop_operator_3.py
[2024-11-06T13:07:15.966+0000] {processor.py:839} INFO - DAG(s) dict_keys(['example_branch_dop_operator_v3']) retrieved from /home/airflow/.local/lib/python3.8/site-packages/airflow/example_dags/example_branch_python_dop_operator_3.py
[2024-11-06T13:07:15.994+0000] {logging_mixin.py:154} INFO - [2024-11-06T13:07:15.994+0000] {dag.py:2941} INFO - Sync 1 DAGs
[2024-11-06T13:07:16.021+0000] {logging_mixin.py:154} INFO - [2024-11-06T13:07:16.021+0000] {dag.py:3722} INFO - Setting next_dagrun for example_branch_dop_operator_v3 to 2024-11-06T13:06:00+00:00, run_after=2024-11-06T13:07:00+00:00
[2024-11-06T13:07:16.041+0000] {processor.py:179} INFO - Processing /home/airflow/.local/lib/python3.8/site-packages/airflow/example_dags/example_branch_python_dop_operator_3.py took 0.093 seconds
[2024-11-06T13:47:30.788+0000] {processor.py:157} INFO - Started process (PID=2148) to work on /home/airflow/.local/lib/python3.8/site-packages/airflow/example_dags/example_branch_python_dop_operator_3.py
[2024-11-06T13:47:30.790+0000] {processor.py:829} INFO - Processing file /home/airflow/.local/lib/python3.8/site-packages/airflow/example_dags/example_branch_python_dop_operator_3.py for tasks to queue
[2024-11-06T13:47:30.791+0000] {logging_mixin.py:154} INFO - [2024-11-06T13:47:30.791+0000] {dagbag.py:536} INFO - Filling up the DagBag from /home/airflow/.local/lib/python3.8/site-packages/airflow/example_dags/example_branch_python_dop_operator_3.py
[2024-11-06T13:47:30.797+0000] {processor.py:839} INFO - DAG(s) dict_keys(['example_branch_dop_operator_v3']) retrieved from /home/airflow/.local/lib/python3.8/site-packages/airflow/example_dags/example_branch_python_dop_operator_3.py
[2024-11-06T13:47:30.809+0000] {logging_mixin.py:154} INFO - [2024-11-06T13:47:30.809+0000] {dag.py:2941} INFO - Sync 1 DAGs
[2024-11-06T13:47:30.822+0000] {logging_mixin.py:154} INFO - [2024-11-06T13:47:30.821+0000] {dag.py:3722} INFO - Setting next_dagrun for example_branch_dop_operator_v3 to 2024-11-06T13:46:00+00:00, run_after=2024-11-06T13:47:00+00:00
[2024-11-06T13:47:30.829+0000] {processor.py:179} INFO - Processing /home/airflow/.local/lib/python3.8/site-packages/airflow/example_dags/example_branch_python_dop_operator_3.py took 0.043 seconds
[2024-11-06T13:55:16.366+0000] {processor.py:157} INFO - Started process (PID=2202) to work on /home/airflow/.local/lib/python3.8/site-packages/airflow/example_dags/example_branch_python_dop_operator_3.py
[2024-11-06T13:55:16.368+0000] {processor.py:829} INFO - Processing file /home/airflow/.local/lib/python3.8/site-packages/airflow/example_dags/example_branch_python_dop_operator_3.py for tasks to queue
[2024-11-06T13:55:16.370+0000] {logging_mixin.py:154} INFO - [2024-11-06T13:55:16.370+0000] {dagbag.py:536} INFO - Filling up the DagBag from /home/airflow/.local/lib/python3.8/site-packages/airflow/example_dags/example_branch_python_dop_operator_3.py
[2024-11-06T13:55:16.381+0000] {processor.py:839} INFO - DAG(s) dict_keys(['example_branch_dop_operator_v3']) retrieved from /home/airflow/.local/lib/python3.8/site-packages/airflow/example_dags/example_branch_python_dop_operator_3.py
[2024-11-06T13:55:16.410+0000] {logging_mixin.py:154} INFO - [2024-11-06T13:55:16.409+0000] {dag.py:2941} INFO - Sync 1 DAGs
[2024-11-06T13:55:16.437+0000] {logging_mixin.py:154} INFO - [2024-11-06T13:55:16.437+0000] {dag.py:3722} INFO - Setting next_dagrun for example_branch_dop_operator_v3 to 2024-11-06T13:54:00+00:00, run_after=2024-11-06T13:55:00+00:00
[2024-11-06T13:55:16.463+0000] {processor.py:179} INFO - Processing /home/airflow/.local/lib/python3.8/site-packages/airflow/example_dags/example_branch_python_dop_operator_3.py took 0.101 seconds
[2024-11-06T14:00:20.993+0000] {processor.py:157} INFO - Started process (PID=2256) to work on /home/airflow/.local/lib/python3.8/site-packages/airflow/example_dags/example_branch_python_dop_operator_3.py
[2024-11-06T14:00:20.994+0000] {processor.py:829} INFO - Processing file /home/airflow/.local/lib/python3.8/site-packages/airflow/example_dags/example_branch_python_dop_operator_3.py for tasks to queue
[2024-11-06T14:00:20.995+0000] {logging_mixin.py:154} INFO - [2024-11-06T14:00:20.995+0000] {dagbag.py:536} INFO - Filling up the DagBag from /home/airflow/.local/lib/python3.8/site-packages/airflow/example_dags/example_branch_python_dop_operator_3.py
[2024-11-06T14:00:21.001+0000] {processor.py:839} INFO - DAG(s) dict_keys(['example_branch_dop_operator_v3']) retrieved from /home/airflow/.local/lib/python3.8/site-packages/airflow/example_dags/example_branch_python_dop_operator_3.py
[2024-11-06T14:00:21.011+0000] {logging_mixin.py:154} INFO - [2024-11-06T14:00:21.011+0000] {dag.py:2941} INFO - Sync 1 DAGs
[2024-11-06T14:00:21.026+0000] {logging_mixin.py:154} INFO - [2024-11-06T14:00:21.026+0000] {dag.py:3722} INFO - Setting next_dagrun for example_branch_dop_operator_v3 to 2024-11-06T13:59:00+00:00, run_after=2024-11-06T14:00:00+00:00
[2024-11-06T14:00:21.035+0000] {processor.py:179} INFO - Processing /home/airflow/.local/lib/python3.8/site-packages/airflow/example_dags/example_branch_python_dop_operator_3.py took 0.043 seconds
[2024-11-06T14:05:41.100+0000] {processor.py:157} INFO - Started process (PID=2310) to work on /home/airflow/.local/lib/python3.8/site-packages/airflow/example_dags/example_branch_python_dop_operator_3.py
[2024-11-06T14:05:41.102+0000] {processor.py:829} INFO - Processing file /home/airflow/.local/lib/python3.8/site-packages/airflow/example_dags/example_branch_python_dop_operator_3.py for tasks to queue
[2024-11-06T14:05:41.106+0000] {logging_mixin.py:154} INFO - [2024-11-06T14:05:41.106+0000] {dagbag.py:536} INFO - Filling up the DagBag from /home/airflow/.local/lib/python3.8/site-packages/airflow/example_dags/example_branch_python_dop_operator_3.py
[2024-11-06T14:05:41.124+0000] {processor.py:839} INFO - DAG(s) dict_keys(['example_branch_dop_operator_v3']) retrieved from /home/airflow/.local/lib/python3.8/site-packages/airflow/example_dags/example_branch_python_dop_operator_3.py
[2024-11-06T14:05:41.149+0000] {logging_mixin.py:154} INFO - [2024-11-06T14:05:41.149+0000] {dag.py:2941} INFO - Sync 1 DAGs
[2024-11-06T14:05:41.176+0000] {logging_mixin.py:154} INFO - [2024-11-06T14:05:41.176+0000] {dag.py:3722} INFO - Setting next_dagrun for example_branch_dop_operator_v3 to 2024-11-06T14:04:00+00:00, run_after=2024-11-06T14:05:00+00:00
[2024-11-06T14:05:41.197+0000] {processor.py:179} INFO - Processing /home/airflow/.local/lib/python3.8/site-packages/airflow/example_dags/example_branch_python_dop_operator_3.py took 0.101 seconds
[2024-11-06T14:09:55.276+0000] {processor.py:157} INFO - Started process (PID=2364) to work on /home/airflow/.local/lib/python3.8/site-packages/airflow/example_dags/example_branch_python_dop_operator_3.py
[2024-11-06T14:09:55.277+0000] {processor.py:829} INFO - Processing file /home/airflow/.local/lib/python3.8/site-packages/airflow/example_dags/example_branch_python_dop_operator_3.py for tasks to queue
[2024-11-06T14:09:55.279+0000] {logging_mixin.py:154} INFO - [2024-11-06T14:09:55.279+0000] {dagbag.py:536} INFO - Filling up the DagBag from /home/airflow/.local/lib/python3.8/site-packages/airflow/example_dags/example_branch_python_dop_operator_3.py
[2024-11-06T14:09:55.292+0000] {processor.py:839} INFO - DAG(s) dict_keys(['example_branch_dop_operator_v3']) retrieved from /home/airflow/.local/lib/python3.8/site-packages/airflow/example_dags/example_branch_python_dop_operator_3.py
[2024-11-06T14:09:55.308+0000] {logging_mixin.py:154} INFO - [2024-11-06T14:09:55.308+0000] {dag.py:2941} INFO - Sync 1 DAGs
[2024-11-06T14:09:55.323+0000] {logging_mixin.py:154} INFO - [2024-11-06T14:09:55.323+0000] {dag.py:3722} INFO - Setting next_dagrun for example_branch_dop_operator_v3 to 2024-11-06T14:08:00+00:00, run_after=2024-11-06T14:09:00+00:00
[2024-11-06T14:09:55.336+0000] {processor.py:179} INFO - Processing /home/airflow/.local/lib/python3.8/site-packages/airflow/example_dags/example_branch_python_dop_operator_3.py took 0.061 seconds
[2024-11-06T14:16:56.657+0000] {processor.py:157} INFO - Started process (PID=2418) to work on /home/airflow/.local/lib/python3.8/site-packages/airflow/example_dags/example_branch_python_dop_operator_3.py
[2024-11-06T14:16:56.660+0000] {processor.py:829} INFO - Processing file /home/airflow/.local/lib/python3.8/site-packages/airflow/example_dags/example_branch_python_dop_operator_3.py for tasks to queue
[2024-11-06T14:16:56.665+0000] {logging_mixin.py:154} INFO - [2024-11-06T14:16:56.664+0000] {dagbag.py:536} INFO - Filling up the DagBag from /home/airflow/.local/lib/python3.8/site-packages/airflow/example_dags/example_branch_python_dop_operator_3.py
[2024-11-06T14:16:56.678+0000] {processor.py:839} INFO - DAG(s) dict_keys(['example_branch_dop_operator_v3']) retrieved from /home/airflow/.local/lib/python3.8/site-packages/airflow/example_dags/example_branch_python_dop_operator_3.py
[2024-11-06T14:16:56.700+0000] {logging_mixin.py:154} INFO - [2024-11-06T14:16:56.699+0000] {dag.py:2941} INFO - Sync 1 DAGs
[2024-11-06T14:16:56.721+0000] {logging_mixin.py:154} INFO - [2024-11-06T14:16:56.721+0000] {dag.py:3722} INFO - Setting next_dagrun for example_branch_dop_operator_v3 to 2024-11-06T14:15:00+00:00, run_after=2024-11-06T14:16:00+00:00
[2024-11-06T14:16:56.737+0000] {processor.py:179} INFO - Processing /home/airflow/.local/lib/python3.8/site-packages/airflow/example_dags/example_branch_python_dop_operator_3.py took 0.085 seconds
[2024-11-06T14:23:14.196+0000] {processor.py:157} INFO - Started process (PID=2472) to work on /home/airflow/.local/lib/python3.8/site-packages/airflow/example_dags/example_branch_python_dop_operator_3.py
[2024-11-06T14:23:14.197+0000] {processor.py:829} INFO - Processing file /home/airflow/.local/lib/python3.8/site-packages/airflow/example_dags/example_branch_python_dop_operator_3.py for tasks to queue
[2024-11-06T14:23:14.200+0000] {logging_mixin.py:154} INFO - [2024-11-06T14:23:14.200+0000] {dagbag.py:536} INFO - Filling up the DagBag from /home/airflow/.local/lib/python3.8/site-packages/airflow/example_dags/example_branch_python_dop_operator_3.py
[2024-11-06T14:23:14.206+0000] {processor.py:839} INFO - DAG(s) dict_keys(['example_branch_dop_operator_v3']) retrieved from /home/airflow/.local/lib/python3.8/site-packages/airflow/example_dags/example_branch_python_dop_operator_3.py
[2024-11-06T14:23:14.231+0000] {logging_mixin.py:154} INFO - [2024-11-06T14:23:14.231+0000] {dag.py:2941} INFO - Sync 1 DAGs
[2024-11-06T14:23:14.261+0000] {logging_mixin.py:154} INFO - [2024-11-06T14:23:14.261+0000] {dag.py:3722} INFO - Setting next_dagrun for example_branch_dop_operator_v3 to 2024-11-06T14:22:00+00:00, run_after=2024-11-06T14:23:00+00:00
[2024-11-06T14:23:14.284+0000] {processor.py:179} INFO - Processing /home/airflow/.local/lib/python3.8/site-packages/airflow/example_dags/example_branch_python_dop_operator_3.py took 0.090 seconds
[2024-11-06T14:31:00.912+0000] {processor.py:157} INFO - Started process (PID=2525) to work on /home/airflow/.local/lib/python3.8/site-packages/airflow/example_dags/example_branch_python_dop_operator_3.py
[2024-11-06T14:31:00.913+0000] {processor.py:829} INFO - Processing file /home/airflow/.local/lib/python3.8/site-packages/airflow/example_dags/example_branch_python_dop_operator_3.py for tasks to queue
[2024-11-06T14:31:00.914+0000] {logging_mixin.py:154} INFO - [2024-11-06T14:31:00.914+0000] {dagbag.py:536} INFO - Filling up the DagBag from /home/airflow/.local/lib/python3.8/site-packages/airflow/example_dags/example_branch_python_dop_operator_3.py
[2024-11-06T14:31:00.920+0000] {processor.py:839} INFO - DAG(s) dict_keys(['example_branch_dop_operator_v3']) retrieved from /home/airflow/.local/lib/python3.8/site-packages/airflow/example_dags/example_branch_python_dop_operator_3.py
[2024-11-06T14:31:00.937+0000] {logging_mixin.py:154} INFO - [2024-11-06T14:31:00.937+0000] {dag.py:2941} INFO - Sync 1 DAGs
[2024-11-06T14:31:00.954+0000] {logging_mixin.py:154} INFO - [2024-11-06T14:31:00.954+0000] {dag.py:3722} INFO - Setting next_dagrun for example_branch_dop_operator_v3 to 2024-11-06T14:30:00+00:00, run_after=2024-11-06T14:31:00+00:00
[2024-11-06T14:31:00.965+0000] {processor.py:179} INFO - Processing /home/airflow/.local/lib/python3.8/site-packages/airflow/example_dags/example_branch_python_dop_operator_3.py took 0.056 seconds
[2024-11-06T14:36:35.552+0000] {processor.py:157} INFO - Started process (PID=2578) to work on /home/airflow/.local/lib/python3.8/site-packages/airflow/example_dags/example_branch_python_dop_operator_3.py
[2024-11-06T14:36:35.553+0000] {processor.py:829} INFO - Processing file /home/airflow/.local/lib/python3.8/site-packages/airflow/example_dags/example_branch_python_dop_operator_3.py for tasks to queue
[2024-11-06T14:36:35.555+0000] {logging_mixin.py:154} INFO - [2024-11-06T14:36:35.555+0000] {dagbag.py:536} INFO - Filling up the DagBag from /home/airflow/.local/lib/python3.8/site-packages/airflow/example_dags/example_branch_python_dop_operator_3.py
[2024-11-06T14:36:35.563+0000] {processor.py:839} INFO - DAG(s) dict_keys(['example_branch_dop_operator_v3']) retrieved from /home/airflow/.local/lib/python3.8/site-packages/airflow/example_dags/example_branch_python_dop_operator_3.py
[2024-11-06T14:36:35.583+0000] {logging_mixin.py:154} INFO - [2024-11-06T14:36:35.583+0000] {dag.py:2941} INFO - Sync 1 DAGs
[2024-11-06T14:36:35.608+0000] {logging_mixin.py:154} INFO - [2024-11-06T14:36:35.608+0000] {dag.py:3722} INFO - Setting next_dagrun for example_branch_dop_operator_v3 to 2024-11-06T14:35:00+00:00, run_after=2024-11-06T14:36:00+00:00
[2024-11-06T14:36:35.633+0000] {processor.py:179} INFO - Processing /home/airflow/.local/lib/python3.8/site-packages/airflow/example_dags/example_branch_python_dop_operator_3.py took 0.084 seconds
[2024-11-06T15:02:51.829+0000] {processor.py:157} INFO - Started process (PID=2632) to work on /home/airflow/.local/lib/python3.8/site-packages/airflow/example_dags/example_branch_python_dop_operator_3.py
[2024-11-06T15:02:51.829+0000] {processor.py:829} INFO - Processing file /home/airflow/.local/lib/python3.8/site-packages/airflow/example_dags/example_branch_python_dop_operator_3.py for tasks to queue
[2024-11-06T15:02:51.832+0000] {logging_mixin.py:154} INFO - [2024-11-06T15:02:51.831+0000] {dagbag.py:536} INFO - Filling up the DagBag from /home/airflow/.local/lib/python3.8/site-packages/airflow/example_dags/example_branch_python_dop_operator_3.py
[2024-11-06T15:02:51.838+0000] {processor.py:839} INFO - DAG(s) dict_keys(['example_branch_dop_operator_v3']) retrieved from /home/airflow/.local/lib/python3.8/site-packages/airflow/example_dags/example_branch_python_dop_operator_3.py
[2024-11-06T15:02:51.849+0000] {logging_mixin.py:154} INFO - [2024-11-06T15:02:51.849+0000] {dag.py:2941} INFO - Sync 1 DAGs
[2024-11-06T15:02:51.864+0000] {logging_mixin.py:154} INFO - [2024-11-06T15:02:51.864+0000] {dag.py:3722} INFO - Setting next_dagrun for example_branch_dop_operator_v3 to 2024-11-06T15:01:00+00:00, run_after=2024-11-06T15:02:00+00:00
[2024-11-06T15:02:51.874+0000] {processor.py:179} INFO - Processing /home/airflow/.local/lib/python3.8/site-packages/airflow/example_dags/example_branch_python_dop_operator_3.py took 0.047 seconds
[2024-11-06T15:37:16.100+0000] {processor.py:157} INFO - Started process (PID=2686) to work on /home/airflow/.local/lib/python3.8/site-packages/airflow/example_dags/example_branch_python_dop_operator_3.py
[2024-11-06T15:37:16.101+0000] {processor.py:829} INFO - Processing file /home/airflow/.local/lib/python3.8/site-packages/airflow/example_dags/example_branch_python_dop_operator_3.py for tasks to queue
[2024-11-06T15:37:16.105+0000] {logging_mixin.py:154} INFO - [2024-11-06T15:37:16.104+0000] {dagbag.py:536} INFO - Filling up the DagBag from /home/airflow/.local/lib/python3.8/site-packages/airflow/example_dags/example_branch_python_dop_operator_3.py
[2024-11-06T15:37:16.111+0000] {processor.py:839} INFO - DAG(s) dict_keys(['example_branch_dop_operator_v3']) retrieved from /home/airflow/.local/lib/python3.8/site-packages/airflow/example_dags/example_branch_python_dop_operator_3.py
[2024-11-06T15:37:16.131+0000] {logging_mixin.py:154} INFO - [2024-11-06T15:37:16.130+0000] {dag.py:2941} INFO - Sync 1 DAGs
[2024-11-06T15:37:16.154+0000] {logging_mixin.py:154} INFO - [2024-11-06T15:37:16.154+0000] {dag.py:3722} INFO - Setting next_dagrun for example_branch_dop_operator_v3 to 2024-11-06T15:36:00+00:00, run_after=2024-11-06T15:37:00+00:00
[2024-11-06T15:37:16.175+0000] {processor.py:179} INFO - Processing /home/airflow/.local/lib/python3.8/site-packages/airflow/example_dags/example_branch_python_dop_operator_3.py took 0.080 seconds
[2024-11-06T15:48:08.794+0000] {processor.py:157} INFO - Started process (PID=2740) to work on /home/airflow/.local/lib/python3.8/site-packages/airflow/example_dags/example_branch_python_dop_operator_3.py
[2024-11-06T15:48:08.795+0000] {processor.py:829} INFO - Processing file /home/airflow/.local/lib/python3.8/site-packages/airflow/example_dags/example_branch_python_dop_operator_3.py for tasks to queue
[2024-11-06T15:48:08.796+0000] {logging_mixin.py:154} INFO - [2024-11-06T15:48:08.796+0000] {dagbag.py:536} INFO - Filling up the DagBag from /home/airflow/.local/lib/python3.8/site-packages/airflow/example_dags/example_branch_python_dop_operator_3.py
[2024-11-06T15:48:08.801+0000] {processor.py:839} INFO - DAG(s) dict_keys(['example_branch_dop_operator_v3']) retrieved from /home/airflow/.local/lib/python3.8/site-packages/airflow/example_dags/example_branch_python_dop_operator_3.py
[2024-11-06T15:48:08.812+0000] {logging_mixin.py:154} INFO - [2024-11-06T15:48:08.812+0000] {dag.py:2941} INFO - Sync 1 DAGs
[2024-11-06T15:48:08.824+0000] {logging_mixin.py:154} INFO - [2024-11-06T15:48:08.824+0000] {dag.py:3722} INFO - Setting next_dagrun for example_branch_dop_operator_v3 to 2024-11-06T15:47:00+00:00, run_after=2024-11-06T15:48:00+00:00
[2024-11-06T15:48:08.833+0000] {processor.py:179} INFO - Processing /home/airflow/.local/lib/python3.8/site-packages/airflow/example_dags/example_branch_python_dop_operator_3.py took 0.040 seconds
[2024-11-06T16:49:02.424+0000] {processor.py:157} INFO - Started process (PID=2794) to work on /home/airflow/.local/lib/python3.8/site-packages/airflow/example_dags/example_branch_python_dop_operator_3.py
[2024-11-06T16:49:02.425+0000] {processor.py:829} INFO - Processing file /home/airflow/.local/lib/python3.8/site-packages/airflow/example_dags/example_branch_python_dop_operator_3.py for tasks to queue
[2024-11-06T16:49:02.427+0000] {logging_mixin.py:154} INFO - [2024-11-06T16:49:02.427+0000] {dagbag.py:536} INFO - Filling up the DagBag from /home/airflow/.local/lib/python3.8/site-packages/airflow/example_dags/example_branch_python_dop_operator_3.py
[2024-11-06T16:49:02.438+0000] {processor.py:839} INFO - DAG(s) dict_keys(['example_branch_dop_operator_v3']) retrieved from /home/airflow/.local/lib/python3.8/site-packages/airflow/example_dags/example_branch_python_dop_operator_3.py
[2024-11-06T16:49:02.451+0000] {logging_mixin.py:154} INFO - [2024-11-06T16:49:02.451+0000] {dag.py:2941} INFO - Sync 1 DAGs
[2024-11-06T16:49:02.466+0000] {logging_mixin.py:154} INFO - [2024-11-06T16:49:02.466+0000] {dag.py:3722} INFO - Setting next_dagrun for example_branch_dop_operator_v3 to 2024-11-06T16:48:00+00:00, run_after=2024-11-06T16:49:00+00:00
[2024-11-06T16:49:02.477+0000] {processor.py:179} INFO - Processing /home/airflow/.local/lib/python3.8/site-packages/airflow/example_dags/example_branch_python_dop_operator_3.py took 0.055 seconds
[2024-11-06T16:49:55.991+0000] {processor.py:157} INFO - Started process (PID=2848) to work on /home/airflow/.local/lib/python3.8/site-packages/airflow/example_dags/example_branch_python_dop_operator_3.py
[2024-11-06T16:49:55.991+0000] {processor.py:829} INFO - Processing file /home/airflow/.local/lib/python3.8/site-packages/airflow/example_dags/example_branch_python_dop_operator_3.py for tasks to queue
[2024-11-06T16:49:55.994+0000] {logging_mixin.py:154} INFO - [2024-11-06T16:49:55.993+0000] {dagbag.py:536} INFO - Filling up the DagBag from /home/airflow/.local/lib/python3.8/site-packages/airflow/example_dags/example_branch_python_dop_operator_3.py
[2024-11-06T16:49:55.998+0000] {processor.py:839} INFO - DAG(s) dict_keys(['example_branch_dop_operator_v3']) retrieved from /home/airflow/.local/lib/python3.8/site-packages/airflow/example_dags/example_branch_python_dop_operator_3.py
[2024-11-06T16:49:56.008+0000] {logging_mixin.py:154} INFO - [2024-11-06T16:49:56.008+0000] {dag.py:2941} INFO - Sync 1 DAGs
[2024-11-06T16:49:56.023+0000] {logging_mixin.py:154} INFO - [2024-11-06T16:49:56.023+0000] {dag.py:3722} INFO - Setting next_dagrun for example_branch_dop_operator_v3 to 2024-11-06T16:48:00+00:00, run_after=2024-11-06T16:49:00+00:00
[2024-11-06T16:49:56.031+0000] {processor.py:179} INFO - Processing /home/airflow/.local/lib/python3.8/site-packages/airflow/example_dags/example_branch_python_dop_operator_3.py took 0.041 seconds
[2024-11-06T17:40:07.042+0000] {processor.py:157} INFO - Started process (PID=2902) to work on /home/airflow/.local/lib/python3.8/site-packages/airflow/example_dags/example_branch_python_dop_operator_3.py
[2024-11-06T17:40:07.042+0000] {processor.py:829} INFO - Processing file /home/airflow/.local/lib/python3.8/site-packages/airflow/example_dags/example_branch_python_dop_operator_3.py for tasks to queue
[2024-11-06T17:40:07.044+0000] {logging_mixin.py:154} INFO - [2024-11-06T17:40:07.043+0000] {dagbag.py:536} INFO - Filling up the DagBag from /home/airflow/.local/lib/python3.8/site-packages/airflow/example_dags/example_branch_python_dop_operator_3.py
[2024-11-06T17:40:07.049+0000] {processor.py:839} INFO - DAG(s) dict_keys(['example_branch_dop_operator_v3']) retrieved from /home/airflow/.local/lib/python3.8/site-packages/airflow/example_dags/example_branch_python_dop_operator_3.py
[2024-11-06T17:40:07.066+0000] {logging_mixin.py:154} INFO - [2024-11-06T17:40:07.065+0000] {dag.py:2941} INFO - Sync 1 DAGs
[2024-11-06T17:40:07.078+0000] {logging_mixin.py:154} INFO - [2024-11-06T17:40:07.078+0000] {dag.py:3722} INFO - Setting next_dagrun for example_branch_dop_operator_v3 to 2024-11-06T17:39:00+00:00, run_after=2024-11-06T17:40:00+00:00
[2024-11-06T17:40:07.089+0000] {processor.py:179} INFO - Processing /home/airflow/.local/lib/python3.8/site-packages/airflow/example_dags/example_branch_python_dop_operator_3.py took 0.050 seconds
[2024-11-06T18:40:19.747+0000] {processor.py:157} INFO - Started process (PID=2956) to work on /home/airflow/.local/lib/python3.8/site-packages/airflow/example_dags/example_branch_python_dop_operator_3.py
[2024-11-06T18:40:19.747+0000] {processor.py:829} INFO - Processing file /home/airflow/.local/lib/python3.8/site-packages/airflow/example_dags/example_branch_python_dop_operator_3.py for tasks to queue
[2024-11-06T18:40:19.748+0000] {logging_mixin.py:154} INFO - [2024-11-06T18:40:19.748+0000] {dagbag.py:536} INFO - Filling up the DagBag from /home/airflow/.local/lib/python3.8/site-packages/airflow/example_dags/example_branch_python_dop_operator_3.py
[2024-11-06T18:40:19.753+0000] {processor.py:839} INFO - DAG(s) dict_keys(['example_branch_dop_operator_v3']) retrieved from /home/airflow/.local/lib/python3.8/site-packages/airflow/example_dags/example_branch_python_dop_operator_3.py
[2024-11-06T18:40:19.762+0000] {logging_mixin.py:154} INFO - [2024-11-06T18:40:19.762+0000] {dag.py:2941} INFO - Sync 1 DAGs
[2024-11-06T18:40:19.775+0000] {logging_mixin.py:154} INFO - [2024-11-06T18:40:19.774+0000] {dag.py:3722} INFO - Setting next_dagrun for example_branch_dop_operator_v3 to 2024-11-06T18:39:00+00:00, run_after=2024-11-06T18:40:00+00:00
[2024-11-06T18:40:19.784+0000] {processor.py:179} INFO - Processing /home/airflow/.local/lib/python3.8/site-packages/airflow/example_dags/example_branch_python_dop_operator_3.py took 0.039 seconds
[2024-11-06T19:56:53.896+0000] {processor.py:157} INFO - Started process (PID=3010) to work on /home/airflow/.local/lib/python3.8/site-packages/airflow/example_dags/example_branch_python_dop_operator_3.py
[2024-11-06T19:56:53.897+0000] {processor.py:829} INFO - Processing file /home/airflow/.local/lib/python3.8/site-packages/airflow/example_dags/example_branch_python_dop_operator_3.py for tasks to queue
[2024-11-06T19:56:53.902+0000] {logging_mixin.py:154} INFO - [2024-11-06T19:56:53.902+0000] {dagbag.py:536} INFO - Filling up the DagBag from /home/airflow/.local/lib/python3.8/site-packages/airflow/example_dags/example_branch_python_dop_operator_3.py
[2024-11-06T19:56:53.915+0000] {processor.py:839} INFO - DAG(s) dict_keys(['example_branch_dop_operator_v3']) retrieved from /home/airflow/.local/lib/python3.8/site-packages/airflow/example_dags/example_branch_python_dop_operator_3.py
[2024-11-06T19:56:53.937+0000] {logging_mixin.py:154} INFO - [2024-11-06T19:56:53.937+0000] {dag.py:2941} INFO - Sync 1 DAGs
[2024-11-06T19:56:53.961+0000] {logging_mixin.py:154} INFO - [2024-11-06T19:56:53.961+0000] {dag.py:3722} INFO - Setting next_dagrun for example_branch_dop_operator_v3 to 2024-11-06T19:55:00+00:00, run_after=2024-11-06T19:56:00+00:00
[2024-11-06T19:56:53.985+0000] {processor.py:179} INFO - Processing /home/airflow/.local/lib/python3.8/site-packages/airflow/example_dags/example_branch_python_dop_operator_3.py took 0.092 seconds
[2024-11-06T20:41:40.096+0000] {processor.py:157} INFO - Started process (PID=3064) to work on /home/airflow/.local/lib/python3.8/site-packages/airflow/example_dags/example_branch_python_dop_operator_3.py
[2024-11-06T20:41:40.097+0000] {processor.py:829} INFO - Processing file /home/airflow/.local/lib/python3.8/site-packages/airflow/example_dags/example_branch_python_dop_operator_3.py for tasks to queue
[2024-11-06T20:41:40.100+0000] {logging_mixin.py:154} INFO - [2024-11-06T20:41:40.100+0000] {dagbag.py:536} INFO - Filling up the DagBag from /home/airflow/.local/lib/python3.8/site-packages/airflow/example_dags/example_branch_python_dop_operator_3.py
[2024-11-06T20:41:40.115+0000] {processor.py:839} INFO - DAG(s) dict_keys(['example_branch_dop_operator_v3']) retrieved from /home/airflow/.local/lib/python3.8/site-packages/airflow/example_dags/example_branch_python_dop_operator_3.py
[2024-11-06T20:41:40.154+0000] {logging_mixin.py:154} INFO - [2024-11-06T20:41:40.154+0000] {dag.py:2941} INFO - Sync 1 DAGs
[2024-11-06T20:41:40.196+0000] {logging_mixin.py:154} INFO - [2024-11-06T20:41:40.195+0000] {dag.py:3722} INFO - Setting next_dagrun for example_branch_dop_operator_v3 to 2024-11-06T20:40:00+00:00, run_after=2024-11-06T20:41:00+00:00
[2024-11-06T20:41:40.222+0000] {processor.py:179} INFO - Processing /home/airflow/.local/lib/python3.8/site-packages/airflow/example_dags/example_branch_python_dop_operator_3.py took 0.130 seconds
[2024-11-06T22:09:49.527+0000] {processor.py:157} INFO - Started process (PID=3118) to work on /home/airflow/.local/lib/python3.8/site-packages/airflow/example_dags/example_branch_python_dop_operator_3.py
[2024-11-06T22:09:49.527+0000] {processor.py:829} INFO - Processing file /home/airflow/.local/lib/python3.8/site-packages/airflow/example_dags/example_branch_python_dop_operator_3.py for tasks to queue
[2024-11-06T22:09:49.529+0000] {logging_mixin.py:154} INFO - [2024-11-06T22:09:49.529+0000] {dagbag.py:536} INFO - Filling up the DagBag from /home/airflow/.local/lib/python3.8/site-packages/airflow/example_dags/example_branch_python_dop_operator_3.py
[2024-11-06T22:09:49.535+0000] {processor.py:839} INFO - DAG(s) dict_keys(['example_branch_dop_operator_v3']) retrieved from /home/airflow/.local/lib/python3.8/site-packages/airflow/example_dags/example_branch_python_dop_operator_3.py
[2024-11-06T22:09:49.548+0000] {logging_mixin.py:154} INFO - [2024-11-06T22:09:49.548+0000] {dag.py:2941} INFO - Sync 1 DAGs
[2024-11-06T22:09:49.561+0000] {logging_mixin.py:154} INFO - [2024-11-06T22:09:49.561+0000] {dag.py:3722} INFO - Setting next_dagrun for example_branch_dop_operator_v3 to 2024-11-06T22:08:00+00:00, run_after=2024-11-06T22:09:00+00:00
[2024-11-06T22:09:49.571+0000] {processor.py:179} INFO - Processing /home/airflow/.local/lib/python3.8/site-packages/airflow/example_dags/example_branch_python_dop_operator_3.py took 0.047 seconds
[2024-11-06T23:10:55.589+0000] {processor.py:157} INFO - Started process (PID=3172) to work on /home/airflow/.local/lib/python3.8/site-packages/airflow/example_dags/example_branch_python_dop_operator_3.py
[2024-11-06T23:10:55.590+0000] {processor.py:829} INFO - Processing file /home/airflow/.local/lib/python3.8/site-packages/airflow/example_dags/example_branch_python_dop_operator_3.py for tasks to queue
[2024-11-06T23:10:55.593+0000] {logging_mixin.py:154} INFO - [2024-11-06T23:10:55.593+0000] {dagbag.py:536} INFO - Filling up the DagBag from /home/airflow/.local/lib/python3.8/site-packages/airflow/example_dags/example_branch_python_dop_operator_3.py
[2024-11-06T23:10:55.602+0000] {processor.py:839} INFO - DAG(s) dict_keys(['example_branch_dop_operator_v3']) retrieved from /home/airflow/.local/lib/python3.8/site-packages/airflow/example_dags/example_branch_python_dop_operator_3.py
[2024-11-06T23:10:55.622+0000] {logging_mixin.py:154} INFO - [2024-11-06T23:10:55.621+0000] {dag.py:2941} INFO - Sync 1 DAGs
[2024-11-06T23:10:55.648+0000] {logging_mixin.py:154} INFO - [2024-11-06T23:10:55.648+0000] {dag.py:3722} INFO - Setting next_dagrun for example_branch_dop_operator_v3 to 2024-11-06T23:09:00+00:00, run_after=2024-11-06T23:10:00+00:00
[2024-11-06T23:10:55.666+0000] {processor.py:179} INFO - Processing /home/airflow/.local/lib/python3.8/site-packages/airflow/example_dags/example_branch_python_dop_operator_3.py took 0.080 seconds
[2024-11-06T23:49:20.042+0000] {processor.py:157} INFO - Started process (PID=3226) to work on /home/airflow/.local/lib/python3.8/site-packages/airflow/example_dags/example_branch_python_dop_operator_3.py
[2024-11-06T23:49:20.043+0000] {processor.py:829} INFO - Processing file /home/airflow/.local/lib/python3.8/site-packages/airflow/example_dags/example_branch_python_dop_operator_3.py for tasks to queue
[2024-11-06T23:49:20.048+0000] {logging_mixin.py:154} INFO - [2024-11-06T23:49:20.048+0000] {dagbag.py:536} INFO - Filling up the DagBag from /home/airflow/.local/lib/python3.8/site-packages/airflow/example_dags/example_branch_python_dop_operator_3.py
[2024-11-06T23:49:20.058+0000] {processor.py:839} INFO - DAG(s) dict_keys(['example_branch_dop_operator_v3']) retrieved from /home/airflow/.local/lib/python3.8/site-packages/airflow/example_dags/example_branch_python_dop_operator_3.py
[2024-11-06T23:49:20.099+0000] {logging_mixin.py:154} INFO - [2024-11-06T23:49:20.099+0000] {dag.py:2941} INFO - Sync 1 DAGs
[2024-11-06T23:49:20.126+0000] {logging_mixin.py:154} INFO - [2024-11-06T23:49:20.126+0000] {dag.py:3722} INFO - Setting next_dagrun for example_branch_dop_operator_v3 to 2024-11-06T23:48:00+00:00, run_after=2024-11-06T23:49:00+00:00
[2024-11-06T23:49:20.156+0000] {processor.py:179} INFO - Processing /home/airflow/.local/lib/python3.8/site-packages/airflow/example_dags/example_branch_python_dop_operator_3.py took 0.117 seconds
