[2024-11-06T08:43:19.558+0000] {processor.py:157} INFO - Started process (PID=66) to work on /home/airflow/.local/lib/python3.8/site-packages/airflow/example_dags/example_branch_operator.py
[2024-11-06T08:43:19.559+0000] {processor.py:829} INFO - Processing file /home/airflow/.local/lib/python3.8/site-packages/airflow/example_dags/example_branch_operator.py for tasks to queue
[2024-11-06T08:43:19.561+0000] {logging_mixin.py:154} INFO - [2024-11-06T08:43:19.561+0000] {dagbag.py:536} INFO - Filling up the DagBag from /home/airflow/.local/lib/python3.8/site-packages/airflow/example_dags/example_branch_operator.py
[2024-11-06T08:43:19.575+0000] {processor.py:839} INFO - DAG(s) dict_keys(['example_branch_operator']) retrieved from /home/airflow/.local/lib/python3.8/site-packages/airflow/example_dags/example_branch_operator.py
[2024-11-06T08:43:19.587+0000] {logging_mixin.py:154} INFO - [2024-11-06T08:43:19.587+0000] {dag.py:2941} INFO - Sync 1 DAGs
[2024-11-06T08:43:19.604+0000] {logging_mixin.py:154} INFO - [2024-11-06T08:43:19.604+0000] {dag.py:3722} INFO - Setting next_dagrun for example_branch_operator to 2024-11-05T00:00:00+00:00, run_after=2024-11-06T00:00:00+00:00
[2024-11-06T08:43:19.616+0000] {processor.py:179} INFO - Processing /home/airflow/.local/lib/python3.8/site-packages/airflow/example_dags/example_branch_operator.py took 0.061 seconds
[2024-11-06T08:43:49.863+0000] {processor.py:157} INFO - Started process (PID=120) to work on /home/airflow/.local/lib/python3.8/site-packages/airflow/example_dags/example_branch_operator.py
[2024-11-06T08:43:49.867+0000] {processor.py:829} INFO - Processing file /home/airflow/.local/lib/python3.8/site-packages/airflow/example_dags/example_branch_operator.py for tasks to queue
[2024-11-06T08:43:49.868+0000] {logging_mixin.py:154} INFO - [2024-11-06T08:43:49.868+0000] {dagbag.py:536} INFO - Filling up the DagBag from /home/airflow/.local/lib/python3.8/site-packages/airflow/example_dags/example_branch_operator.py
[2024-11-06T08:43:49.873+0000] {processor.py:839} INFO - DAG(s) dict_keys(['example_branch_operator']) retrieved from /home/airflow/.local/lib/python3.8/site-packages/airflow/example_dags/example_branch_operator.py
[2024-11-06T08:43:49.885+0000] {logging_mixin.py:154} INFO - [2024-11-06T08:43:49.885+0000] {dag.py:2941} INFO - Sync 1 DAGs
[2024-11-06T08:43:49.896+0000] {logging_mixin.py:154} INFO - [2024-11-06T08:43:49.896+0000] {dag.py:3722} INFO - Setting next_dagrun for example_branch_operator to 2024-11-05T00:00:00+00:00, run_after=2024-11-06T00:00:00+00:00
[2024-11-06T08:43:49.906+0000] {processor.py:179} INFO - Processing /home/airflow/.local/lib/python3.8/site-packages/airflow/example_dags/example_branch_operator.py took 0.044 seconds
[2024-11-06T08:44:20.260+0000] {processor.py:157} INFO - Started process (PID=174) to work on /home/airflow/.local/lib/python3.8/site-packages/airflow/example_dags/example_branch_operator.py
[2024-11-06T08:44:20.260+0000] {processor.py:829} INFO - Processing file /home/airflow/.local/lib/python3.8/site-packages/airflow/example_dags/example_branch_operator.py for tasks to queue
[2024-11-06T08:44:20.261+0000] {logging_mixin.py:154} INFO - [2024-11-06T08:44:20.261+0000] {dagbag.py:536} INFO - Filling up the DagBag from /home/airflow/.local/lib/python3.8/site-packages/airflow/example_dags/example_branch_operator.py
[2024-11-06T08:44:20.266+0000] {processor.py:839} INFO - DAG(s) dict_keys(['example_branch_operator']) retrieved from /home/airflow/.local/lib/python3.8/site-packages/airflow/example_dags/example_branch_operator.py
[2024-11-06T08:44:20.278+0000] {logging_mixin.py:154} INFO - [2024-11-06T08:44:20.278+0000] {dag.py:2941} INFO - Sync 1 DAGs
[2024-11-06T08:44:20.288+0000] {logging_mixin.py:154} INFO - [2024-11-06T08:44:20.288+0000] {dag.py:3722} INFO - Setting next_dagrun for example_branch_operator to 2024-11-05T00:00:00+00:00, run_after=2024-11-06T00:00:00+00:00
[2024-11-06T08:44:20.296+0000] {processor.py:179} INFO - Processing /home/airflow/.local/lib/python3.8/site-packages/airflow/example_dags/example_branch_operator.py took 0.038 seconds
[2024-11-06T08:44:50.637+0000] {processor.py:157} INFO - Started process (PID=228) to work on /home/airflow/.local/lib/python3.8/site-packages/airflow/example_dags/example_branch_operator.py
[2024-11-06T08:44:50.638+0000] {processor.py:829} INFO - Processing file /home/airflow/.local/lib/python3.8/site-packages/airflow/example_dags/example_branch_operator.py for tasks to queue
[2024-11-06T08:44:50.639+0000] {logging_mixin.py:154} INFO - [2024-11-06T08:44:50.639+0000] {dagbag.py:536} INFO - Filling up the DagBag from /home/airflow/.local/lib/python3.8/site-packages/airflow/example_dags/example_branch_operator.py
[2024-11-06T08:44:50.643+0000] {processor.py:839} INFO - DAG(s) dict_keys(['example_branch_operator']) retrieved from /home/airflow/.local/lib/python3.8/site-packages/airflow/example_dags/example_branch_operator.py
[2024-11-06T08:44:50.655+0000] {logging_mixin.py:154} INFO - [2024-11-06T08:44:50.655+0000] {dag.py:2941} INFO - Sync 1 DAGs
[2024-11-06T08:44:50.665+0000] {logging_mixin.py:154} INFO - [2024-11-06T08:44:50.665+0000] {dag.py:3722} INFO - Setting next_dagrun for example_branch_operator to 2024-11-05T00:00:00+00:00, run_after=2024-11-06T00:00:00+00:00
[2024-11-06T08:44:50.674+0000] {processor.py:179} INFO - Processing /home/airflow/.local/lib/python3.8/site-packages/airflow/example_dags/example_branch_operator.py took 0.038 seconds
[2024-11-06T08:45:20.994+0000] {processor.py:157} INFO - Started process (PID=282) to work on /home/airflow/.local/lib/python3.8/site-packages/airflow/example_dags/example_branch_operator.py
[2024-11-06T08:45:20.994+0000] {processor.py:829} INFO - Processing file /home/airflow/.local/lib/python3.8/site-packages/airflow/example_dags/example_branch_operator.py for tasks to queue
[2024-11-06T08:45:20.996+0000] {logging_mixin.py:154} INFO - [2024-11-06T08:45:20.996+0000] {dagbag.py:536} INFO - Filling up the DagBag from /home/airflow/.local/lib/python3.8/site-packages/airflow/example_dags/example_branch_operator.py
[2024-11-06T08:45:21.000+0000] {processor.py:839} INFO - DAG(s) dict_keys(['example_branch_operator']) retrieved from /home/airflow/.local/lib/python3.8/site-packages/airflow/example_dags/example_branch_operator.py
[2024-11-06T08:45:21.012+0000] {logging_mixin.py:154} INFO - [2024-11-06T08:45:21.012+0000] {dag.py:2941} INFO - Sync 1 DAGs
[2024-11-06T08:45:21.022+0000] {logging_mixin.py:154} INFO - [2024-11-06T08:45:21.022+0000] {dag.py:3722} INFO - Setting next_dagrun for example_branch_operator to 2024-11-05T00:00:00+00:00, run_after=2024-11-06T00:00:00+00:00
[2024-11-06T08:45:21.029+0000] {processor.py:179} INFO - Processing /home/airflow/.local/lib/python3.8/site-packages/airflow/example_dags/example_branch_operator.py took 0.036 seconds
[2024-11-06T08:45:51.409+0000] {processor.py:157} INFO - Started process (PID=336) to work on /home/airflow/.local/lib/python3.8/site-packages/airflow/example_dags/example_branch_operator.py
[2024-11-06T08:45:51.409+0000] {processor.py:829} INFO - Processing file /home/airflow/.local/lib/python3.8/site-packages/airflow/example_dags/example_branch_operator.py for tasks to queue
[2024-11-06T08:45:51.411+0000] {logging_mixin.py:154} INFO - [2024-11-06T08:45:51.411+0000] {dagbag.py:536} INFO - Filling up the DagBag from /home/airflow/.local/lib/python3.8/site-packages/airflow/example_dags/example_branch_operator.py
[2024-11-06T08:45:51.416+0000] {processor.py:839} INFO - DAG(s) dict_keys(['example_branch_operator']) retrieved from /home/airflow/.local/lib/python3.8/site-packages/airflow/example_dags/example_branch_operator.py
[2024-11-06T08:45:51.426+0000] {logging_mixin.py:154} INFO - [2024-11-06T08:45:51.425+0000] {dag.py:2941} INFO - Sync 1 DAGs
[2024-11-06T08:45:51.436+0000] {logging_mixin.py:154} INFO - [2024-11-06T08:45:51.435+0000] {dag.py:3722} INFO - Setting next_dagrun for example_branch_operator to 2024-11-05T00:00:00+00:00, run_after=2024-11-06T00:00:00+00:00
[2024-11-06T08:45:51.442+0000] {processor.py:179} INFO - Processing /home/airflow/.local/lib/python3.8/site-packages/airflow/example_dags/example_branch_operator.py took 0.035 seconds
[2024-11-06T08:46:21.792+0000] {processor.py:157} INFO - Started process (PID=390) to work on /home/airflow/.local/lib/python3.8/site-packages/airflow/example_dags/example_branch_operator.py
[2024-11-06T08:46:21.792+0000] {processor.py:829} INFO - Processing file /home/airflow/.local/lib/python3.8/site-packages/airflow/example_dags/example_branch_operator.py for tasks to queue
[2024-11-06T08:46:21.793+0000] {logging_mixin.py:154} INFO - [2024-11-06T08:46:21.793+0000] {dagbag.py:536} INFO - Filling up the DagBag from /home/airflow/.local/lib/python3.8/site-packages/airflow/example_dags/example_branch_operator.py
[2024-11-06T08:46:21.797+0000] {processor.py:839} INFO - DAG(s) dict_keys(['example_branch_operator']) retrieved from /home/airflow/.local/lib/python3.8/site-packages/airflow/example_dags/example_branch_operator.py
[2024-11-06T08:46:21.806+0000] {logging_mixin.py:154} INFO - [2024-11-06T08:46:21.806+0000] {dag.py:2941} INFO - Sync 1 DAGs
[2024-11-06T08:46:21.815+0000] {logging_mixin.py:154} INFO - [2024-11-06T08:46:21.815+0000] {dag.py:3722} INFO - Setting next_dagrun for example_branch_operator to 2024-11-05T00:00:00+00:00, run_after=2024-11-06T00:00:00+00:00
[2024-11-06T08:46:21.822+0000] {processor.py:179} INFO - Processing /home/airflow/.local/lib/python3.8/site-packages/airflow/example_dags/example_branch_operator.py took 0.031 seconds
[2024-11-06T08:46:52.621+0000] {processor.py:157} INFO - Started process (PID=444) to work on /home/airflow/.local/lib/python3.8/site-packages/airflow/example_dags/example_branch_operator.py
[2024-11-06T08:46:52.621+0000] {processor.py:829} INFO - Processing file /home/airflow/.local/lib/python3.8/site-packages/airflow/example_dags/example_branch_operator.py for tasks to queue
[2024-11-06T08:46:52.623+0000] {logging_mixin.py:154} INFO - [2024-11-06T08:46:52.622+0000] {dagbag.py:536} INFO - Filling up the DagBag from /home/airflow/.local/lib/python3.8/site-packages/airflow/example_dags/example_branch_operator.py
[2024-11-06T08:46:52.628+0000] {processor.py:839} INFO - DAG(s) dict_keys(['example_branch_operator']) retrieved from /home/airflow/.local/lib/python3.8/site-packages/airflow/example_dags/example_branch_operator.py
[2024-11-06T08:46:52.638+0000] {logging_mixin.py:154} INFO - [2024-11-06T08:46:52.638+0000] {dag.py:2941} INFO - Sync 1 DAGs
[2024-11-06T08:46:52.649+0000] {logging_mixin.py:154} INFO - [2024-11-06T08:46:52.649+0000] {dag.py:3722} INFO - Setting next_dagrun for example_branch_operator to 2024-11-05T00:00:00+00:00, run_after=2024-11-06T00:00:00+00:00
[2024-11-06T08:46:52.655+0000] {processor.py:179} INFO - Processing /home/airflow/.local/lib/python3.8/site-packages/airflow/example_dags/example_branch_operator.py took 0.036 seconds
[2024-11-06T08:47:23.033+0000] {processor.py:157} INFO - Started process (PID=505) to work on /home/airflow/.local/lib/python3.8/site-packages/airflow/example_dags/example_branch_operator.py
[2024-11-06T08:47:23.035+0000] {processor.py:829} INFO - Processing file /home/airflow/.local/lib/python3.8/site-packages/airflow/example_dags/example_branch_operator.py for tasks to queue
[2024-11-06T08:47:23.036+0000] {logging_mixin.py:154} INFO - [2024-11-06T08:47:23.035+0000] {dagbag.py:536} INFO - Filling up the DagBag from /home/airflow/.local/lib/python3.8/site-packages/airflow/example_dags/example_branch_operator.py
[2024-11-06T08:47:23.040+0000] {processor.py:839} INFO - DAG(s) dict_keys(['example_branch_operator']) retrieved from /home/airflow/.local/lib/python3.8/site-packages/airflow/example_dags/example_branch_operator.py
[2024-11-06T08:47:23.049+0000] {logging_mixin.py:154} INFO - [2024-11-06T08:47:23.049+0000] {dag.py:2941} INFO - Sync 1 DAGs
[2024-11-06T08:47:23.059+0000] {logging_mixin.py:154} INFO - [2024-11-06T08:47:23.059+0000] {dag.py:3722} INFO - Setting next_dagrun for example_branch_operator to 2024-11-05T00:00:00+00:00, run_after=2024-11-06T00:00:00+00:00
[2024-11-06T08:47:23.068+0000] {processor.py:179} INFO - Processing /home/airflow/.local/lib/python3.8/site-packages/airflow/example_dags/example_branch_operator.py took 0.037 seconds
[2024-11-06T08:47:53.395+0000] {processor.py:157} INFO - Started process (PID=560) to work on /home/airflow/.local/lib/python3.8/site-packages/airflow/example_dags/example_branch_operator.py
[2024-11-06T08:47:53.396+0000] {processor.py:829} INFO - Processing file /home/airflow/.local/lib/python3.8/site-packages/airflow/example_dags/example_branch_operator.py for tasks to queue
[2024-11-06T08:47:53.397+0000] {logging_mixin.py:154} INFO - [2024-11-06T08:47:53.397+0000] {dagbag.py:536} INFO - Filling up the DagBag from /home/airflow/.local/lib/python3.8/site-packages/airflow/example_dags/example_branch_operator.py
[2024-11-06T08:47:53.401+0000] {processor.py:839} INFO - DAG(s) dict_keys(['example_branch_operator']) retrieved from /home/airflow/.local/lib/python3.8/site-packages/airflow/example_dags/example_branch_operator.py
[2024-11-06T08:47:53.410+0000] {logging_mixin.py:154} INFO - [2024-11-06T08:47:53.410+0000] {dag.py:2941} INFO - Sync 1 DAGs
[2024-11-06T08:47:53.419+0000] {logging_mixin.py:154} INFO - [2024-11-06T08:47:53.419+0000] {dag.py:3722} INFO - Setting next_dagrun for example_branch_operator to 2024-11-05T00:00:00+00:00, run_after=2024-11-06T00:00:00+00:00
[2024-11-06T08:47:53.426+0000] {processor.py:179} INFO - Processing /home/airflow/.local/lib/python3.8/site-packages/airflow/example_dags/example_branch_operator.py took 0.032 seconds
[2024-11-06T08:48:23.721+0000] {processor.py:157} INFO - Started process (PID=614) to work on /home/airflow/.local/lib/python3.8/site-packages/airflow/example_dags/example_branch_operator.py
[2024-11-06T08:48:23.722+0000] {processor.py:829} INFO - Processing file /home/airflow/.local/lib/python3.8/site-packages/airflow/example_dags/example_branch_operator.py for tasks to queue
[2024-11-06T08:48:23.726+0000] {logging_mixin.py:154} INFO - [2024-11-06T08:48:23.726+0000] {dagbag.py:536} INFO - Filling up the DagBag from /home/airflow/.local/lib/python3.8/site-packages/airflow/example_dags/example_branch_operator.py
[2024-11-06T08:48:23.731+0000] {processor.py:839} INFO - DAG(s) dict_keys(['example_branch_operator']) retrieved from /home/airflow/.local/lib/python3.8/site-packages/airflow/example_dags/example_branch_operator.py
[2024-11-06T08:48:23.756+0000] {logging_mixin.py:154} INFO - [2024-11-06T08:48:23.756+0000] {dag.py:2941} INFO - Sync 1 DAGs
[2024-11-06T08:48:23.778+0000] {logging_mixin.py:154} INFO - [2024-11-06T08:48:23.778+0000] {dag.py:3722} INFO - Setting next_dagrun for example_branch_operator to 2024-11-05T00:00:00+00:00, run_after=2024-11-06T00:00:00+00:00
[2024-11-06T08:48:23.792+0000] {processor.py:179} INFO - Processing /home/airflow/.local/lib/python3.8/site-packages/airflow/example_dags/example_branch_operator.py took 0.073 seconds
[2024-11-06T08:48:54.063+0000] {processor.py:157} INFO - Started process (PID=668) to work on /home/airflow/.local/lib/python3.8/site-packages/airflow/example_dags/example_branch_operator.py
[2024-11-06T08:48:54.063+0000] {processor.py:829} INFO - Processing file /home/airflow/.local/lib/python3.8/site-packages/airflow/example_dags/example_branch_operator.py for tasks to queue
[2024-11-06T08:48:54.064+0000] {logging_mixin.py:154} INFO - [2024-11-06T08:48:54.064+0000] {dagbag.py:536} INFO - Filling up the DagBag from /home/airflow/.local/lib/python3.8/site-packages/airflow/example_dags/example_branch_operator.py
[2024-11-06T08:48:54.068+0000] {processor.py:839} INFO - DAG(s) dict_keys(['example_branch_operator']) retrieved from /home/airflow/.local/lib/python3.8/site-packages/airflow/example_dags/example_branch_operator.py
[2024-11-06T08:48:54.080+0000] {logging_mixin.py:154} INFO - [2024-11-06T08:48:54.080+0000] {dag.py:2941} INFO - Sync 1 DAGs
[2024-11-06T08:48:54.090+0000] {logging_mixin.py:154} INFO - [2024-11-06T08:48:54.089+0000] {dag.py:3722} INFO - Setting next_dagrun for example_branch_operator to 2024-11-05T00:00:00+00:00, run_after=2024-11-06T00:00:00+00:00
[2024-11-06T08:48:54.096+0000] {processor.py:179} INFO - Processing /home/airflow/.local/lib/python3.8/site-packages/airflow/example_dags/example_branch_operator.py took 0.035 seconds
[2024-11-06T08:49:24.278+0000] {processor.py:157} INFO - Started process (PID=722) to work on /home/airflow/.local/lib/python3.8/site-packages/airflow/example_dags/example_branch_operator.py
[2024-11-06T08:49:24.279+0000] {processor.py:829} INFO - Processing file /home/airflow/.local/lib/python3.8/site-packages/airflow/example_dags/example_branch_operator.py for tasks to queue
[2024-11-06T08:49:24.280+0000] {logging_mixin.py:154} INFO - [2024-11-06T08:49:24.280+0000] {dagbag.py:536} INFO - Filling up the DagBag from /home/airflow/.local/lib/python3.8/site-packages/airflow/example_dags/example_branch_operator.py
[2024-11-06T08:49:24.284+0000] {processor.py:839} INFO - DAG(s) dict_keys(['example_branch_operator']) retrieved from /home/airflow/.local/lib/python3.8/site-packages/airflow/example_dags/example_branch_operator.py
[2024-11-06T08:49:24.297+0000] {logging_mixin.py:154} INFO - [2024-11-06T08:49:24.297+0000] {dag.py:2941} INFO - Sync 1 DAGs
[2024-11-06T08:49:24.306+0000] {logging_mixin.py:154} INFO - [2024-11-06T08:49:24.306+0000] {dag.py:3722} INFO - Setting next_dagrun for example_branch_operator to 2024-11-05T00:00:00+00:00, run_after=2024-11-06T00:00:00+00:00
[2024-11-06T08:49:24.313+0000] {processor.py:179} INFO - Processing /home/airflow/.local/lib/python3.8/site-packages/airflow/example_dags/example_branch_operator.py took 0.036 seconds
[2024-11-06T08:49:54.518+0000] {processor.py:157} INFO - Started process (PID=775) to work on /home/airflow/.local/lib/python3.8/site-packages/airflow/example_dags/example_branch_operator.py
[2024-11-06T08:49:54.521+0000] {processor.py:829} INFO - Processing file /home/airflow/.local/lib/python3.8/site-packages/airflow/example_dags/example_branch_operator.py for tasks to queue
[2024-11-06T08:49:54.523+0000] {logging_mixin.py:154} INFO - [2024-11-06T08:49:54.523+0000] {dagbag.py:536} INFO - Filling up the DagBag from /home/airflow/.local/lib/python3.8/site-packages/airflow/example_dags/example_branch_operator.py
[2024-11-06T08:49:54.529+0000] {processor.py:839} INFO - DAG(s) dict_keys(['example_branch_operator']) retrieved from /home/airflow/.local/lib/python3.8/site-packages/airflow/example_dags/example_branch_operator.py
[2024-11-06T08:49:54.538+0000] {logging_mixin.py:154} INFO - [2024-11-06T08:49:54.538+0000] {dag.py:2941} INFO - Sync 1 DAGs
[2024-11-06T08:49:54.547+0000] {logging_mixin.py:154} INFO - [2024-11-06T08:49:54.547+0000] {dag.py:3722} INFO - Setting next_dagrun for example_branch_operator to 2024-11-05T00:00:00+00:00, run_after=2024-11-06T00:00:00+00:00
[2024-11-06T08:49:54.555+0000] {processor.py:179} INFO - Processing /home/airflow/.local/lib/python3.8/site-packages/airflow/example_dags/example_branch_operator.py took 0.039 seconds
[2024-11-06T08:50:24.759+0000] {processor.py:157} INFO - Started process (PID=829) to work on /home/airflow/.local/lib/python3.8/site-packages/airflow/example_dags/example_branch_operator.py
[2024-11-06T08:50:24.760+0000] {processor.py:829} INFO - Processing file /home/airflow/.local/lib/python3.8/site-packages/airflow/example_dags/example_branch_operator.py for tasks to queue
[2024-11-06T08:50:24.762+0000] {logging_mixin.py:154} INFO - [2024-11-06T08:50:24.762+0000] {dagbag.py:536} INFO - Filling up the DagBag from /home/airflow/.local/lib/python3.8/site-packages/airflow/example_dags/example_branch_operator.py
[2024-11-06T08:50:24.766+0000] {processor.py:839} INFO - DAG(s) dict_keys(['example_branch_operator']) retrieved from /home/airflow/.local/lib/python3.8/site-packages/airflow/example_dags/example_branch_operator.py
[2024-11-06T08:50:24.776+0000] {logging_mixin.py:154} INFO - [2024-11-06T08:50:24.776+0000] {dag.py:2941} INFO - Sync 1 DAGs
[2024-11-06T08:50:24.785+0000] {logging_mixin.py:154} INFO - [2024-11-06T08:50:24.785+0000] {dag.py:3722} INFO - Setting next_dagrun for example_branch_operator to 2024-11-05T00:00:00+00:00, run_after=2024-11-06T00:00:00+00:00
[2024-11-06T08:50:24.792+0000] {processor.py:179} INFO - Processing /home/airflow/.local/lib/python3.8/site-packages/airflow/example_dags/example_branch_operator.py took 0.034 seconds
[2024-11-06T08:50:55.003+0000] {processor.py:157} INFO - Started process (PID=883) to work on /home/airflow/.local/lib/python3.8/site-packages/airflow/example_dags/example_branch_operator.py
[2024-11-06T08:50:55.004+0000] {processor.py:829} INFO - Processing file /home/airflow/.local/lib/python3.8/site-packages/airflow/example_dags/example_branch_operator.py for tasks to queue
[2024-11-06T08:50:55.005+0000] {logging_mixin.py:154} INFO - [2024-11-06T08:50:55.005+0000] {dagbag.py:536} INFO - Filling up the DagBag from /home/airflow/.local/lib/python3.8/site-packages/airflow/example_dags/example_branch_operator.py
[2024-11-06T08:50:55.009+0000] {processor.py:839} INFO - DAG(s) dict_keys(['example_branch_operator']) retrieved from /home/airflow/.local/lib/python3.8/site-packages/airflow/example_dags/example_branch_operator.py
[2024-11-06T08:50:55.019+0000] {logging_mixin.py:154} INFO - [2024-11-06T08:50:55.019+0000] {dag.py:2941} INFO - Sync 1 DAGs
[2024-11-06T08:50:55.028+0000] {logging_mixin.py:154} INFO - [2024-11-06T08:50:55.028+0000] {dag.py:3722} INFO - Setting next_dagrun for example_branch_operator to 2024-11-05T00:00:00+00:00, run_after=2024-11-06T00:00:00+00:00
[2024-11-06T08:50:55.034+0000] {processor.py:179} INFO - Processing /home/airflow/.local/lib/python3.8/site-packages/airflow/example_dags/example_branch_operator.py took 0.033 seconds
[2024-11-06T08:51:25.371+0000] {processor.py:157} INFO - Started process (PID=937) to work on /home/airflow/.local/lib/python3.8/site-packages/airflow/example_dags/example_branch_operator.py
[2024-11-06T08:51:25.372+0000] {processor.py:829} INFO - Processing file /home/airflow/.local/lib/python3.8/site-packages/airflow/example_dags/example_branch_operator.py for tasks to queue
[2024-11-06T08:51:25.374+0000] {logging_mixin.py:154} INFO - [2024-11-06T08:51:25.373+0000] {dagbag.py:536} INFO - Filling up the DagBag from /home/airflow/.local/lib/python3.8/site-packages/airflow/example_dags/example_branch_operator.py
[2024-11-06T08:51:25.378+0000] {processor.py:839} INFO - DAG(s) dict_keys(['example_branch_operator']) retrieved from /home/airflow/.local/lib/python3.8/site-packages/airflow/example_dags/example_branch_operator.py
[2024-11-06T08:51:25.389+0000] {logging_mixin.py:154} INFO - [2024-11-06T08:51:25.389+0000] {dag.py:2941} INFO - Sync 1 DAGs
[2024-11-06T08:51:25.399+0000] {logging_mixin.py:154} INFO - [2024-11-06T08:51:25.399+0000] {dag.py:3722} INFO - Setting next_dagrun for example_branch_operator to 2024-11-05T00:00:00+00:00, run_after=2024-11-06T00:00:00+00:00
[2024-11-06T08:51:25.407+0000] {processor.py:179} INFO - Processing /home/airflow/.local/lib/python3.8/site-packages/airflow/example_dags/example_branch_operator.py took 0.037 seconds
[2024-11-06T08:51:55.674+0000] {processor.py:157} INFO - Started process (PID=991) to work on /home/airflow/.local/lib/python3.8/site-packages/airflow/example_dags/example_branch_operator.py
[2024-11-06T08:51:55.675+0000] {processor.py:829} INFO - Processing file /home/airflow/.local/lib/python3.8/site-packages/airflow/example_dags/example_branch_operator.py for tasks to queue
[2024-11-06T08:51:55.676+0000] {logging_mixin.py:154} INFO - [2024-11-06T08:51:55.676+0000] {dagbag.py:536} INFO - Filling up the DagBag from /home/airflow/.local/lib/python3.8/site-packages/airflow/example_dags/example_branch_operator.py
[2024-11-06T08:51:55.680+0000] {processor.py:839} INFO - DAG(s) dict_keys(['example_branch_operator']) retrieved from /home/airflow/.local/lib/python3.8/site-packages/airflow/example_dags/example_branch_operator.py
[2024-11-06T08:51:55.691+0000] {logging_mixin.py:154} INFO - [2024-11-06T08:51:55.691+0000] {dag.py:2941} INFO - Sync 1 DAGs
[2024-11-06T08:51:55.700+0000] {logging_mixin.py:154} INFO - [2024-11-06T08:51:55.700+0000] {dag.py:3722} INFO - Setting next_dagrun for example_branch_operator to 2024-11-05T00:00:00+00:00, run_after=2024-11-06T00:00:00+00:00
[2024-11-06T08:51:55.707+0000] {processor.py:179} INFO - Processing /home/airflow/.local/lib/python3.8/site-packages/airflow/example_dags/example_branch_operator.py took 0.034 seconds
[2024-11-06T08:52:26.052+0000] {processor.py:157} INFO - Started process (PID=1045) to work on /home/airflow/.local/lib/python3.8/site-packages/airflow/example_dags/example_branch_operator.py
[2024-11-06T08:52:26.055+0000] {processor.py:829} INFO - Processing file /home/airflow/.local/lib/python3.8/site-packages/airflow/example_dags/example_branch_operator.py for tasks to queue
[2024-11-06T08:52:26.056+0000] {logging_mixin.py:154} INFO - [2024-11-06T08:52:26.056+0000] {dagbag.py:536} INFO - Filling up the DagBag from /home/airflow/.local/lib/python3.8/site-packages/airflow/example_dags/example_branch_operator.py
[2024-11-06T08:52:26.060+0000] {processor.py:839} INFO - DAG(s) dict_keys(['example_branch_operator']) retrieved from /home/airflow/.local/lib/python3.8/site-packages/airflow/example_dags/example_branch_operator.py
[2024-11-06T08:52:26.070+0000] {logging_mixin.py:154} INFO - [2024-11-06T08:52:26.070+0000] {dag.py:2941} INFO - Sync 1 DAGs
[2024-11-06T08:52:26.080+0000] {logging_mixin.py:154} INFO - [2024-11-06T08:52:26.080+0000] {dag.py:3722} INFO - Setting next_dagrun for example_branch_operator to 2024-11-05T00:00:00+00:00, run_after=2024-11-06T00:00:00+00:00
[2024-11-06T08:52:26.087+0000] {processor.py:179} INFO - Processing /home/airflow/.local/lib/python3.8/site-packages/airflow/example_dags/example_branch_operator.py took 0.036 seconds
[2024-11-06T08:52:56.715+0000] {processor.py:157} INFO - Started process (PID=1099) to work on /home/airflow/.local/lib/python3.8/site-packages/airflow/example_dags/example_branch_operator.py
[2024-11-06T08:52:56.716+0000] {processor.py:829} INFO - Processing file /home/airflow/.local/lib/python3.8/site-packages/airflow/example_dags/example_branch_operator.py for tasks to queue
[2024-11-06T08:52:56.717+0000] {logging_mixin.py:154} INFO - [2024-11-06T08:52:56.717+0000] {dagbag.py:536} INFO - Filling up the DagBag from /home/airflow/.local/lib/python3.8/site-packages/airflow/example_dags/example_branch_operator.py
[2024-11-06T08:52:56.721+0000] {processor.py:839} INFO - DAG(s) dict_keys(['example_branch_operator']) retrieved from /home/airflow/.local/lib/python3.8/site-packages/airflow/example_dags/example_branch_operator.py
[2024-11-06T08:52:56.733+0000] {logging_mixin.py:154} INFO - [2024-11-06T08:52:56.733+0000] {dag.py:2941} INFO - Sync 1 DAGs
[2024-11-06T08:52:56.746+0000] {logging_mixin.py:154} INFO - [2024-11-06T08:52:56.746+0000] {dag.py:3722} INFO - Setting next_dagrun for example_branch_operator to 2024-11-05T00:00:00+00:00, run_after=2024-11-06T00:00:00+00:00
[2024-11-06T08:52:56.823+0000] {processor.py:179} INFO - Processing /home/airflow/.local/lib/python3.8/site-packages/airflow/example_dags/example_branch_operator.py took 0.110 seconds
[2024-11-06T08:53:26.968+0000] {processor.py:157} INFO - Started process (PID=1153) to work on /home/airflow/.local/lib/python3.8/site-packages/airflow/example_dags/example_branch_operator.py
[2024-11-06T08:53:26.969+0000] {processor.py:829} INFO - Processing file /home/airflow/.local/lib/python3.8/site-packages/airflow/example_dags/example_branch_operator.py for tasks to queue
[2024-11-06T08:53:26.970+0000] {logging_mixin.py:154} INFO - [2024-11-06T08:53:26.970+0000] {dagbag.py:536} INFO - Filling up the DagBag from /home/airflow/.local/lib/python3.8/site-packages/airflow/example_dags/example_branch_operator.py
[2024-11-06T08:53:26.974+0000] {processor.py:839} INFO - DAG(s) dict_keys(['example_branch_operator']) retrieved from /home/airflow/.local/lib/python3.8/site-packages/airflow/example_dags/example_branch_operator.py
[2024-11-06T08:53:26.984+0000] {logging_mixin.py:154} INFO - [2024-11-06T08:53:26.984+0000] {dag.py:2941} INFO - Sync 1 DAGs
[2024-11-06T08:53:26.993+0000] {logging_mixin.py:154} INFO - [2024-11-06T08:53:26.993+0000] {dag.py:3722} INFO - Setting next_dagrun for example_branch_operator to 2024-11-05T00:00:00+00:00, run_after=2024-11-06T00:00:00+00:00
[2024-11-06T08:53:27.001+0000] {processor.py:179} INFO - Processing /home/airflow/.local/lib/python3.8/site-packages/airflow/example_dags/example_branch_operator.py took 0.034 seconds
[2024-11-06T08:53:57.693+0000] {processor.py:157} INFO - Started process (PID=1207) to work on /home/airflow/.local/lib/python3.8/site-packages/airflow/example_dags/example_branch_operator.py
[2024-11-06T08:53:57.694+0000] {processor.py:829} INFO - Processing file /home/airflow/.local/lib/python3.8/site-packages/airflow/example_dags/example_branch_operator.py for tasks to queue
[2024-11-06T08:53:57.696+0000] {logging_mixin.py:154} INFO - [2024-11-06T08:53:57.696+0000] {dagbag.py:536} INFO - Filling up the DagBag from /home/airflow/.local/lib/python3.8/site-packages/airflow/example_dags/example_branch_operator.py
[2024-11-06T08:53:57.702+0000] {processor.py:839} INFO - DAG(s) dict_keys(['example_branch_operator']) retrieved from /home/airflow/.local/lib/python3.8/site-packages/airflow/example_dags/example_branch_operator.py
[2024-11-06T08:53:57.712+0000] {logging_mixin.py:154} INFO - [2024-11-06T08:53:57.712+0000] {dag.py:2941} INFO - Sync 1 DAGs
[2024-11-06T08:53:57.721+0000] {logging_mixin.py:154} INFO - [2024-11-06T08:53:57.721+0000] {dag.py:3722} INFO - Setting next_dagrun for example_branch_operator to 2024-11-05T00:00:00+00:00, run_after=2024-11-06T00:00:00+00:00
[2024-11-06T08:53:57.729+0000] {processor.py:179} INFO - Processing /home/airflow/.local/lib/python3.8/site-packages/airflow/example_dags/example_branch_operator.py took 0.037 seconds
[2024-11-06T08:54:28.500+0000] {processor.py:157} INFO - Started process (PID=1261) to work on /home/airflow/.local/lib/python3.8/site-packages/airflow/example_dags/example_branch_operator.py
[2024-11-06T08:54:28.501+0000] {processor.py:829} INFO - Processing file /home/airflow/.local/lib/python3.8/site-packages/airflow/example_dags/example_branch_operator.py for tasks to queue
[2024-11-06T08:54:28.502+0000] {logging_mixin.py:154} INFO - [2024-11-06T08:54:28.502+0000] {dagbag.py:536} INFO - Filling up the DagBag from /home/airflow/.local/lib/python3.8/site-packages/airflow/example_dags/example_branch_operator.py
[2024-11-06T08:54:28.506+0000] {processor.py:839} INFO - DAG(s) dict_keys(['example_branch_operator']) retrieved from /home/airflow/.local/lib/python3.8/site-packages/airflow/example_dags/example_branch_operator.py
[2024-11-06T08:54:28.516+0000] {logging_mixin.py:154} INFO - [2024-11-06T08:54:28.516+0000] {dag.py:2941} INFO - Sync 1 DAGs
[2024-11-06T08:54:28.602+0000] {logging_mixin.py:154} INFO - [2024-11-06T08:54:28.602+0000] {dag.py:3722} INFO - Setting next_dagrun for example_branch_operator to 2024-11-05T00:00:00+00:00, run_after=2024-11-06T00:00:00+00:00
[2024-11-06T08:54:28.612+0000] {processor.py:179} INFO - Processing /home/airflow/.local/lib/python3.8/site-packages/airflow/example_dags/example_branch_operator.py took 0.114 seconds
[2024-11-06T08:54:58.972+0000] {processor.py:157} INFO - Started process (PID=1315) to work on /home/airflow/.local/lib/python3.8/site-packages/airflow/example_dags/example_branch_operator.py
[2024-11-06T08:54:58.972+0000] {processor.py:829} INFO - Processing file /home/airflow/.local/lib/python3.8/site-packages/airflow/example_dags/example_branch_operator.py for tasks to queue
[2024-11-06T08:54:58.974+0000] {logging_mixin.py:154} INFO - [2024-11-06T08:54:58.974+0000] {dagbag.py:536} INFO - Filling up the DagBag from /home/airflow/.local/lib/python3.8/site-packages/airflow/example_dags/example_branch_operator.py
[2024-11-06T08:54:58.979+0000] {processor.py:839} INFO - DAG(s) dict_keys(['example_branch_operator']) retrieved from /home/airflow/.local/lib/python3.8/site-packages/airflow/example_dags/example_branch_operator.py
[2024-11-06T08:54:58.989+0000] {logging_mixin.py:154} INFO - [2024-11-06T08:54:58.989+0000] {dag.py:2941} INFO - Sync 1 DAGs
[2024-11-06T08:54:59.001+0000] {logging_mixin.py:154} INFO - [2024-11-06T08:54:59.001+0000] {dag.py:3722} INFO - Setting next_dagrun for example_branch_operator to 2024-11-05T00:00:00+00:00, run_after=2024-11-06T00:00:00+00:00
[2024-11-06T08:54:59.008+0000] {processor.py:179} INFO - Processing /home/airflow/.local/lib/python3.8/site-packages/airflow/example_dags/example_branch_operator.py took 0.038 seconds
[2024-11-06T08:55:29.829+0000] {processor.py:157} INFO - Started process (PID=1369) to work on /home/airflow/.local/lib/python3.8/site-packages/airflow/example_dags/example_branch_operator.py
[2024-11-06T08:55:29.830+0000] {processor.py:829} INFO - Processing file /home/airflow/.local/lib/python3.8/site-packages/airflow/example_dags/example_branch_operator.py for tasks to queue
[2024-11-06T08:55:29.830+0000] {logging_mixin.py:154} INFO - [2024-11-06T08:55:29.830+0000] {dagbag.py:536} INFO - Filling up the DagBag from /home/airflow/.local/lib/python3.8/site-packages/airflow/example_dags/example_branch_operator.py
[2024-11-06T08:55:29.834+0000] {processor.py:839} INFO - DAG(s) dict_keys(['example_branch_operator']) retrieved from /home/airflow/.local/lib/python3.8/site-packages/airflow/example_dags/example_branch_operator.py
[2024-11-06T08:55:29.847+0000] {logging_mixin.py:154} INFO - [2024-11-06T08:55:29.847+0000] {dag.py:2941} INFO - Sync 1 DAGs
[2024-11-06T08:55:29.857+0000] {logging_mixin.py:154} INFO - [2024-11-06T08:55:29.857+0000] {dag.py:3722} INFO - Setting next_dagrun for example_branch_operator to 2024-11-05T00:00:00+00:00, run_after=2024-11-06T00:00:00+00:00
[2024-11-06T08:55:29.864+0000] {processor.py:179} INFO - Processing /home/airflow/.local/lib/python3.8/site-packages/airflow/example_dags/example_branch_operator.py took 0.036 seconds
[2024-11-06T08:56:00.717+0000] {processor.py:157} INFO - Started process (PID=1423) to work on /home/airflow/.local/lib/python3.8/site-packages/airflow/example_dags/example_branch_operator.py
[2024-11-06T08:56:00.718+0000] {processor.py:829} INFO - Processing file /home/airflow/.local/lib/python3.8/site-packages/airflow/example_dags/example_branch_operator.py for tasks to queue
[2024-11-06T08:56:00.719+0000] {logging_mixin.py:154} INFO - [2024-11-06T08:56:00.719+0000] {dagbag.py:536} INFO - Filling up the DagBag from /home/airflow/.local/lib/python3.8/site-packages/airflow/example_dags/example_branch_operator.py
[2024-11-06T08:56:00.723+0000] {processor.py:839} INFO - DAG(s) dict_keys(['example_branch_operator']) retrieved from /home/airflow/.local/lib/python3.8/site-packages/airflow/example_dags/example_branch_operator.py
[2024-11-06T08:56:00.734+0000] {logging_mixin.py:154} INFO - [2024-11-06T08:56:00.733+0000] {dag.py:2941} INFO - Sync 1 DAGs
[2024-11-06T08:56:00.819+0000] {logging_mixin.py:154} INFO - [2024-11-06T08:56:00.818+0000] {dag.py:3722} INFO - Setting next_dagrun for example_branch_operator to 2024-11-05T00:00:00+00:00, run_after=2024-11-06T00:00:00+00:00
[2024-11-06T08:56:00.825+0000] {processor.py:179} INFO - Processing /home/airflow/.local/lib/python3.8/site-packages/airflow/example_dags/example_branch_operator.py took 0.110 seconds
[2024-11-06T08:56:31.714+0000] {processor.py:157} INFO - Started process (PID=1477) to work on /home/airflow/.local/lib/python3.8/site-packages/airflow/example_dags/example_branch_operator.py
[2024-11-06T08:56:31.715+0000] {processor.py:829} INFO - Processing file /home/airflow/.local/lib/python3.8/site-packages/airflow/example_dags/example_branch_operator.py for tasks to queue
[2024-11-06T08:56:31.715+0000] {logging_mixin.py:154} INFO - [2024-11-06T08:56:31.715+0000] {dagbag.py:536} INFO - Filling up the DagBag from /home/airflow/.local/lib/python3.8/site-packages/airflow/example_dags/example_branch_operator.py
[2024-11-06T08:56:31.719+0000] {processor.py:839} INFO - DAG(s) dict_keys(['example_branch_operator']) retrieved from /home/airflow/.local/lib/python3.8/site-packages/airflow/example_dags/example_branch_operator.py
[2024-11-06T08:56:31.731+0000] {logging_mixin.py:154} INFO - [2024-11-06T08:56:31.731+0000] {dag.py:2941} INFO - Sync 1 DAGs
[2024-11-06T08:56:31.740+0000] {logging_mixin.py:154} INFO - [2024-11-06T08:56:31.740+0000] {dag.py:3722} INFO - Setting next_dagrun for example_branch_operator to 2024-11-05T00:00:00+00:00, run_after=2024-11-06T00:00:00+00:00
[2024-11-06T08:56:31.747+0000] {processor.py:179} INFO - Processing /home/airflow/.local/lib/python3.8/site-packages/airflow/example_dags/example_branch_operator.py took 0.034 seconds
[2024-11-06T08:57:02.051+0000] {processor.py:157} INFO - Started process (PID=1531) to work on /home/airflow/.local/lib/python3.8/site-packages/airflow/example_dags/example_branch_operator.py
[2024-11-06T08:57:02.054+0000] {processor.py:829} INFO - Processing file /home/airflow/.local/lib/python3.8/site-packages/airflow/example_dags/example_branch_operator.py for tasks to queue
[2024-11-06T08:57:02.055+0000] {logging_mixin.py:154} INFO - [2024-11-06T08:57:02.055+0000] {dagbag.py:536} INFO - Filling up the DagBag from /home/airflow/.local/lib/python3.8/site-packages/airflow/example_dags/example_branch_operator.py
[2024-11-06T08:57:02.063+0000] {processor.py:839} INFO - DAG(s) dict_keys(['example_branch_operator']) retrieved from /home/airflow/.local/lib/python3.8/site-packages/airflow/example_dags/example_branch_operator.py
[2024-11-06T08:57:02.074+0000] {logging_mixin.py:154} INFO - [2024-11-06T08:57:02.074+0000] {dag.py:2941} INFO - Sync 1 DAGs
[2024-11-06T08:57:02.086+0000] {logging_mixin.py:154} INFO - [2024-11-06T08:57:02.085+0000] {dag.py:3722} INFO - Setting next_dagrun for example_branch_operator to 2024-11-05T00:00:00+00:00, run_after=2024-11-06T00:00:00+00:00
[2024-11-06T08:57:02.092+0000] {processor.py:179} INFO - Processing /home/airflow/.local/lib/python3.8/site-packages/airflow/example_dags/example_branch_operator.py took 0.043 seconds
[2024-11-06T08:57:32.286+0000] {processor.py:157} INFO - Started process (PID=1585) to work on /home/airflow/.local/lib/python3.8/site-packages/airflow/example_dags/example_branch_operator.py
[2024-11-06T08:57:32.287+0000] {processor.py:829} INFO - Processing file /home/airflow/.local/lib/python3.8/site-packages/airflow/example_dags/example_branch_operator.py for tasks to queue
[2024-11-06T08:57:32.291+0000] {logging_mixin.py:154} INFO - [2024-11-06T08:57:32.290+0000] {dagbag.py:536} INFO - Filling up the DagBag from /home/airflow/.local/lib/python3.8/site-packages/airflow/example_dags/example_branch_operator.py
[2024-11-06T08:57:32.295+0000] {processor.py:839} INFO - DAG(s) dict_keys(['example_branch_operator']) retrieved from /home/airflow/.local/lib/python3.8/site-packages/airflow/example_dags/example_branch_operator.py
[2024-11-06T08:57:32.305+0000] {logging_mixin.py:154} INFO - [2024-11-06T08:57:32.305+0000] {dag.py:2941} INFO - Sync 1 DAGs
[2024-11-06T08:57:32.389+0000] {logging_mixin.py:154} INFO - [2024-11-06T08:57:32.389+0000] {dag.py:3722} INFO - Setting next_dagrun for example_branch_operator to 2024-11-05T00:00:00+00:00, run_after=2024-11-06T00:00:00+00:00
[2024-11-06T08:57:32.396+0000] {processor.py:179} INFO - Processing /home/airflow/.local/lib/python3.8/site-packages/airflow/example_dags/example_branch_operator.py took 0.111 seconds
[2024-11-06T08:58:02.473+0000] {processor.py:157} INFO - Started process (PID=1638) to work on /home/airflow/.local/lib/python3.8/site-packages/airflow/example_dags/example_branch_operator.py
[2024-11-06T08:58:02.475+0000] {processor.py:829} INFO - Processing file /home/airflow/.local/lib/python3.8/site-packages/airflow/example_dags/example_branch_operator.py for tasks to queue
[2024-11-06T08:58:02.476+0000] {logging_mixin.py:154} INFO - [2024-11-06T08:58:02.476+0000] {dagbag.py:536} INFO - Filling up the DagBag from /home/airflow/.local/lib/python3.8/site-packages/airflow/example_dags/example_branch_operator.py
[2024-11-06T08:58:02.483+0000] {processor.py:839} INFO - DAG(s) dict_keys(['example_branch_operator']) retrieved from /home/airflow/.local/lib/python3.8/site-packages/airflow/example_dags/example_branch_operator.py
[2024-11-06T08:58:02.494+0000] {logging_mixin.py:154} INFO - [2024-11-06T08:58:02.494+0000] {dag.py:2941} INFO - Sync 1 DAGs
[2024-11-06T08:58:02.506+0000] {logging_mixin.py:154} INFO - [2024-11-06T08:58:02.506+0000] {dag.py:3722} INFO - Setting next_dagrun for example_branch_operator to 2024-11-05T00:00:00+00:00, run_after=2024-11-06T00:00:00+00:00
[2024-11-06T08:58:02.514+0000] {processor.py:179} INFO - Processing /home/airflow/.local/lib/python3.8/site-packages/airflow/example_dags/example_branch_operator.py took 0.043 seconds
[2024-11-06T08:58:33.722+0000] {processor.py:157} INFO - Started process (PID=1692) to work on /home/airflow/.local/lib/python3.8/site-packages/airflow/example_dags/example_branch_operator.py
[2024-11-06T08:58:33.723+0000] {processor.py:829} INFO - Processing file /home/airflow/.local/lib/python3.8/site-packages/airflow/example_dags/example_branch_operator.py for tasks to queue
[2024-11-06T08:58:33.724+0000] {logging_mixin.py:154} INFO - [2024-11-06T08:58:33.724+0000] {dagbag.py:536} INFO - Filling up the DagBag from /home/airflow/.local/lib/python3.8/site-packages/airflow/example_dags/example_branch_operator.py
[2024-11-06T08:58:33.728+0000] {processor.py:839} INFO - DAG(s) dict_keys(['example_branch_operator']) retrieved from /home/airflow/.local/lib/python3.8/site-packages/airflow/example_dags/example_branch_operator.py
[2024-11-06T08:58:33.814+0000] {logging_mixin.py:154} INFO - [2024-11-06T08:58:33.814+0000] {dag.py:2941} INFO - Sync 1 DAGs
[2024-11-06T08:58:33.822+0000] {logging_mixin.py:154} INFO - [2024-11-06T08:58:33.822+0000] {dag.py:3722} INFO - Setting next_dagrun for example_branch_operator to 2024-11-05T00:00:00+00:00, run_after=2024-11-06T00:00:00+00:00
[2024-11-06T08:58:33.830+0000] {processor.py:179} INFO - Processing /home/airflow/.local/lib/python3.8/site-packages/airflow/example_dags/example_branch_operator.py took 0.109 seconds
[2024-11-06T09:17:57.033+0000] {processor.py:157} INFO - Started process (PID=1737) to work on /home/airflow/.local/lib/python3.8/site-packages/airflow/example_dags/example_branch_operator.py
[2024-11-06T09:17:57.035+0000] {processor.py:829} INFO - Processing file /home/airflow/.local/lib/python3.8/site-packages/airflow/example_dags/example_branch_operator.py for tasks to queue
[2024-11-06T09:17:57.039+0000] {logging_mixin.py:154} INFO - [2024-11-06T09:17:57.038+0000] {dagbag.py:536} INFO - Filling up the DagBag from /home/airflow/.local/lib/python3.8/site-packages/airflow/example_dags/example_branch_operator.py
[2024-11-06T09:17:57.050+0000] {processor.py:839} INFO - DAG(s) dict_keys(['example_branch_operator']) retrieved from /home/airflow/.local/lib/python3.8/site-packages/airflow/example_dags/example_branch_operator.py
[2024-11-06T09:17:57.078+0000] {logging_mixin.py:154} INFO - [2024-11-06T09:17:57.078+0000] {dag.py:2941} INFO - Sync 1 DAGs
[2024-11-06T09:17:57.105+0000] {logging_mixin.py:154} INFO - [2024-11-06T09:17:57.105+0000] {dag.py:3722} INFO - Setting next_dagrun for example_branch_operator to 2024-11-05T00:00:00+00:00, run_after=2024-11-06T00:00:00+00:00
[2024-11-06T09:17:57.133+0000] {processor.py:179} INFO - Processing /home/airflow/.local/lib/python3.8/site-packages/airflow/example_dags/example_branch_operator.py took 0.103 seconds
[2024-11-06T09:29:43.672+0000] {processor.py:157} INFO - Started process (PID=1791) to work on /home/airflow/.local/lib/python3.8/site-packages/airflow/example_dags/example_branch_operator.py
[2024-11-06T09:29:43.673+0000] {processor.py:829} INFO - Processing file /home/airflow/.local/lib/python3.8/site-packages/airflow/example_dags/example_branch_operator.py for tasks to queue
[2024-11-06T09:29:43.674+0000] {logging_mixin.py:154} INFO - [2024-11-06T09:29:43.674+0000] {dagbag.py:536} INFO - Filling up the DagBag from /home/airflow/.local/lib/python3.8/site-packages/airflow/example_dags/example_branch_operator.py
[2024-11-06T09:29:43.679+0000] {processor.py:839} INFO - DAG(s) dict_keys(['example_branch_operator']) retrieved from /home/airflow/.local/lib/python3.8/site-packages/airflow/example_dags/example_branch_operator.py
[2024-11-06T09:29:43.691+0000] {logging_mixin.py:154} INFO - [2024-11-06T09:29:43.691+0000] {dag.py:2941} INFO - Sync 1 DAGs
[2024-11-06T09:29:43.699+0000] {logging_mixin.py:154} INFO - [2024-11-06T09:29:43.699+0000] {dag.py:3722} INFO - Setting next_dagrun for example_branch_operator to 2024-11-05T00:00:00+00:00, run_after=2024-11-06T00:00:00+00:00
[2024-11-06T09:29:43.707+0000] {processor.py:179} INFO - Processing /home/airflow/.local/lib/python3.8/site-packages/airflow/example_dags/example_branch_operator.py took 0.036 seconds
[2024-11-06T10:28:13.449+0000] {processor.py:157} INFO - Started process (PID=1845) to work on /home/airflow/.local/lib/python3.8/site-packages/airflow/example_dags/example_branch_operator.py
[2024-11-06T10:28:13.450+0000] {processor.py:829} INFO - Processing file /home/airflow/.local/lib/python3.8/site-packages/airflow/example_dags/example_branch_operator.py for tasks to queue
[2024-11-06T10:28:13.452+0000] {logging_mixin.py:154} INFO - [2024-11-06T10:28:13.452+0000] {dagbag.py:536} INFO - Filling up the DagBag from /home/airflow/.local/lib/python3.8/site-packages/airflow/example_dags/example_branch_operator.py
[2024-11-06T10:28:13.460+0000] {processor.py:839} INFO - DAG(s) dict_keys(['example_branch_operator']) retrieved from /home/airflow/.local/lib/python3.8/site-packages/airflow/example_dags/example_branch_operator.py
[2024-11-06T10:28:13.479+0000] {logging_mixin.py:154} INFO - [2024-11-06T10:28:13.479+0000] {dag.py:2941} INFO - Sync 1 DAGs
[2024-11-06T10:28:13.498+0000] {logging_mixin.py:154} INFO - [2024-11-06T10:28:13.498+0000] {dag.py:3722} INFO - Setting next_dagrun for example_branch_operator to 2024-11-05T00:00:00+00:00, run_after=2024-11-06T00:00:00+00:00
[2024-11-06T10:28:13.518+0000] {processor.py:179} INFO - Processing /home/airflow/.local/lib/python3.8/site-packages/airflow/example_dags/example_branch_operator.py took 0.073 seconds
[2024-11-06T11:31:03.445+0000] {processor.py:157} INFO - Started process (PID=1899) to work on /home/airflow/.local/lib/python3.8/site-packages/airflow/example_dags/example_branch_operator.py
[2024-11-06T11:31:03.445+0000] {processor.py:829} INFO - Processing file /home/airflow/.local/lib/python3.8/site-packages/airflow/example_dags/example_branch_operator.py for tasks to queue
[2024-11-06T11:31:03.446+0000] {logging_mixin.py:154} INFO - [2024-11-06T11:31:03.446+0000] {dagbag.py:536} INFO - Filling up the DagBag from /home/airflow/.local/lib/python3.8/site-packages/airflow/example_dags/example_branch_operator.py
[2024-11-06T11:31:03.451+0000] {processor.py:839} INFO - DAG(s) dict_keys(['example_branch_operator']) retrieved from /home/airflow/.local/lib/python3.8/site-packages/airflow/example_dags/example_branch_operator.py
[2024-11-06T11:31:03.463+0000] {logging_mixin.py:154} INFO - [2024-11-06T11:31:03.463+0000] {dag.py:2941} INFO - Sync 1 DAGs
[2024-11-06T11:31:03.474+0000] {logging_mixin.py:154} INFO - [2024-11-06T11:31:03.474+0000] {dag.py:3722} INFO - Setting next_dagrun for example_branch_operator to 2024-11-05T00:00:00+00:00, run_after=2024-11-06T00:00:00+00:00
[2024-11-06T11:31:03.487+0000] {processor.py:179} INFO - Processing /home/airflow/.local/lib/python3.8/site-packages/airflow/example_dags/example_branch_operator.py took 0.044 seconds
[2024-11-06T11:59:50.246+0000] {processor.py:157} INFO - Started process (PID=1953) to work on /home/airflow/.local/lib/python3.8/site-packages/airflow/example_dags/example_branch_operator.py
[2024-11-06T11:59:50.247+0000] {processor.py:829} INFO - Processing file /home/airflow/.local/lib/python3.8/site-packages/airflow/example_dags/example_branch_operator.py for tasks to queue
[2024-11-06T11:59:50.248+0000] {logging_mixin.py:154} INFO - [2024-11-06T11:59:50.248+0000] {dagbag.py:536} INFO - Filling up the DagBag from /home/airflow/.local/lib/python3.8/site-packages/airflow/example_dags/example_branch_operator.py
[2024-11-06T11:59:50.253+0000] {processor.py:839} INFO - DAG(s) dict_keys(['example_branch_operator']) retrieved from /home/airflow/.local/lib/python3.8/site-packages/airflow/example_dags/example_branch_operator.py
[2024-11-06T11:59:50.264+0000] {logging_mixin.py:154} INFO - [2024-11-06T11:59:50.264+0000] {dag.py:2941} INFO - Sync 1 DAGs
[2024-11-06T11:59:50.274+0000] {logging_mixin.py:154} INFO - [2024-11-06T11:59:50.274+0000] {dag.py:3722} INFO - Setting next_dagrun for example_branch_operator to 2024-11-05T00:00:00+00:00, run_after=2024-11-06T00:00:00+00:00
[2024-11-06T11:59:50.283+0000] {processor.py:179} INFO - Processing /home/airflow/.local/lib/python3.8/site-packages/airflow/example_dags/example_branch_operator.py took 0.038 seconds
[2024-11-06T12:50:47.419+0000] {processor.py:157} INFO - Started process (PID=2007) to work on /home/airflow/.local/lib/python3.8/site-packages/airflow/example_dags/example_branch_operator.py
[2024-11-06T12:50:47.420+0000] {processor.py:829} INFO - Processing file /home/airflow/.local/lib/python3.8/site-packages/airflow/example_dags/example_branch_operator.py for tasks to queue
[2024-11-06T12:50:47.422+0000] {logging_mixin.py:154} INFO - [2024-11-06T12:50:47.422+0000] {dagbag.py:536} INFO - Filling up the DagBag from /home/airflow/.local/lib/python3.8/site-packages/airflow/example_dags/example_branch_operator.py
[2024-11-06T12:50:47.431+0000] {processor.py:839} INFO - DAG(s) dict_keys(['example_branch_operator']) retrieved from /home/airflow/.local/lib/python3.8/site-packages/airflow/example_dags/example_branch_operator.py
[2024-11-06T12:50:47.461+0000] {logging_mixin.py:154} INFO - [2024-11-06T12:50:47.461+0000] {dag.py:2941} INFO - Sync 1 DAGs
[2024-11-06T12:50:47.482+0000] {logging_mixin.py:154} INFO - [2024-11-06T12:50:47.482+0000] {dag.py:3722} INFO - Setting next_dagrun for example_branch_operator to 2024-11-05T00:00:00+00:00, run_after=2024-11-06T00:00:00+00:00
[2024-11-06T12:50:47.506+0000] {processor.py:179} INFO - Processing /home/airflow/.local/lib/python3.8/site-packages/airflow/example_dags/example_branch_operator.py took 0.090 seconds
[2024-11-06T12:52:35.428+0000] {processor.py:157} INFO - Started process (PID=2061) to work on /home/airflow/.local/lib/python3.8/site-packages/airflow/example_dags/example_branch_operator.py
[2024-11-06T12:52:35.431+0000] {processor.py:829} INFO - Processing file /home/airflow/.local/lib/python3.8/site-packages/airflow/example_dags/example_branch_operator.py for tasks to queue
[2024-11-06T12:52:35.432+0000] {logging_mixin.py:154} INFO - [2024-11-06T12:52:35.432+0000] {dagbag.py:536} INFO - Filling up the DagBag from /home/airflow/.local/lib/python3.8/site-packages/airflow/example_dags/example_branch_operator.py
[2024-11-06T12:52:35.437+0000] {processor.py:839} INFO - DAG(s) dict_keys(['example_branch_operator']) retrieved from /home/airflow/.local/lib/python3.8/site-packages/airflow/example_dags/example_branch_operator.py
[2024-11-06T12:52:35.447+0000] {logging_mixin.py:154} INFO - [2024-11-06T12:52:35.447+0000] {dag.py:2941} INFO - Sync 1 DAGs
[2024-11-06T12:52:35.456+0000] {logging_mixin.py:154} INFO - [2024-11-06T12:52:35.456+0000] {dag.py:3722} INFO - Setting next_dagrun for example_branch_operator to 2024-11-05T00:00:00+00:00, run_after=2024-11-06T00:00:00+00:00
[2024-11-06T12:52:35.465+0000] {processor.py:179} INFO - Processing /home/airflow/.local/lib/python3.8/site-packages/airflow/example_dags/example_branch_operator.py took 0.038 seconds
[2024-11-06T13:07:16.822+0000] {processor.py:157} INFO - Started process (PID=2115) to work on /home/airflow/.local/lib/python3.8/site-packages/airflow/example_dags/example_branch_operator.py
[2024-11-06T13:07:16.823+0000] {processor.py:829} INFO - Processing file /home/airflow/.local/lib/python3.8/site-packages/airflow/example_dags/example_branch_operator.py for tasks to queue
[2024-11-06T13:07:16.824+0000] {logging_mixin.py:154} INFO - [2024-11-06T13:07:16.824+0000] {dagbag.py:536} INFO - Filling up the DagBag from /home/airflow/.local/lib/python3.8/site-packages/airflow/example_dags/example_branch_operator.py
[2024-11-06T13:07:16.828+0000] {processor.py:839} INFO - DAG(s) dict_keys(['example_branch_operator']) retrieved from /home/airflow/.local/lib/python3.8/site-packages/airflow/example_dags/example_branch_operator.py
[2024-11-06T13:07:16.837+0000] {logging_mixin.py:154} INFO - [2024-11-06T13:07:16.837+0000] {dag.py:2941} INFO - Sync 1 DAGs
[2024-11-06T13:07:16.847+0000] {logging_mixin.py:154} INFO - [2024-11-06T13:07:16.847+0000] {dag.py:3722} INFO - Setting next_dagrun for example_branch_operator to 2024-11-05T00:00:00+00:00, run_after=2024-11-06T00:00:00+00:00
[2024-11-06T13:07:16.854+0000] {processor.py:179} INFO - Processing /home/airflow/.local/lib/python3.8/site-packages/airflow/example_dags/example_branch_operator.py took 0.033 seconds
[2024-11-06T13:47:31.650+0000] {processor.py:157} INFO - Started process (PID=2169) to work on /home/airflow/.local/lib/python3.8/site-packages/airflow/example_dags/example_branch_operator.py
[2024-11-06T13:47:31.651+0000] {processor.py:829} INFO - Processing file /home/airflow/.local/lib/python3.8/site-packages/airflow/example_dags/example_branch_operator.py for tasks to queue
[2024-11-06T13:47:31.652+0000] {logging_mixin.py:154} INFO - [2024-11-06T13:47:31.652+0000] {dagbag.py:536} INFO - Filling up the DagBag from /home/airflow/.local/lib/python3.8/site-packages/airflow/example_dags/example_branch_operator.py
[2024-11-06T13:47:31.662+0000] {processor.py:839} INFO - DAG(s) dict_keys(['example_branch_operator']) retrieved from /home/airflow/.local/lib/python3.8/site-packages/airflow/example_dags/example_branch_operator.py
[2024-11-06T13:47:31.684+0000] {logging_mixin.py:154} INFO - [2024-11-06T13:47:31.684+0000] {dag.py:2941} INFO - Sync 1 DAGs
[2024-11-06T13:47:31.706+0000] {logging_mixin.py:154} INFO - [2024-11-06T13:47:31.706+0000] {dag.py:3722} INFO - Setting next_dagrun for example_branch_operator to 2024-11-05T00:00:00+00:00, run_after=2024-11-06T00:00:00+00:00
[2024-11-06T13:47:31.725+0000] {processor.py:179} INFO - Processing /home/airflow/.local/lib/python3.8/site-packages/airflow/example_dags/example_branch_operator.py took 0.078 seconds
[2024-11-06T13:55:17.387+0000] {processor.py:157} INFO - Started process (PID=2223) to work on /home/airflow/.local/lib/python3.8/site-packages/airflow/example_dags/example_branch_operator.py
[2024-11-06T13:55:17.387+0000] {processor.py:829} INFO - Processing file /home/airflow/.local/lib/python3.8/site-packages/airflow/example_dags/example_branch_operator.py for tasks to queue
[2024-11-06T13:55:17.388+0000] {logging_mixin.py:154} INFO - [2024-11-06T13:55:17.388+0000] {dagbag.py:536} INFO - Filling up the DagBag from /home/airflow/.local/lib/python3.8/site-packages/airflow/example_dags/example_branch_operator.py
[2024-11-06T13:55:17.393+0000] {processor.py:839} INFO - DAG(s) dict_keys(['example_branch_operator']) retrieved from /home/airflow/.local/lib/python3.8/site-packages/airflow/example_dags/example_branch_operator.py
[2024-11-06T13:55:17.403+0000] {logging_mixin.py:154} INFO - [2024-11-06T13:55:17.403+0000] {dag.py:2941} INFO - Sync 1 DAGs
[2024-11-06T13:55:17.413+0000] {logging_mixin.py:154} INFO - [2024-11-06T13:55:17.413+0000] {dag.py:3722} INFO - Setting next_dagrun for example_branch_operator to 2024-11-05T00:00:00+00:00, run_after=2024-11-06T00:00:00+00:00
[2024-11-06T13:55:17.422+0000] {processor.py:179} INFO - Processing /home/airflow/.local/lib/python3.8/site-packages/airflow/example_dags/example_branch_operator.py took 0.037 seconds
[2024-11-06T14:00:21.863+0000] {processor.py:157} INFO - Started process (PID=2277) to work on /home/airflow/.local/lib/python3.8/site-packages/airflow/example_dags/example_branch_operator.py
[2024-11-06T14:00:21.866+0000] {processor.py:829} INFO - Processing file /home/airflow/.local/lib/python3.8/site-packages/airflow/example_dags/example_branch_operator.py for tasks to queue
[2024-11-06T14:00:21.869+0000] {logging_mixin.py:154} INFO - [2024-11-06T14:00:21.868+0000] {dagbag.py:536} INFO - Filling up the DagBag from /home/airflow/.local/lib/python3.8/site-packages/airflow/example_dags/example_branch_operator.py
[2024-11-06T14:00:21.880+0000] {processor.py:839} INFO - DAG(s) dict_keys(['example_branch_operator']) retrieved from /home/airflow/.local/lib/python3.8/site-packages/airflow/example_dags/example_branch_operator.py
[2024-11-06T14:00:21.912+0000] {logging_mixin.py:154} INFO - [2024-11-06T14:00:21.911+0000] {dag.py:2941} INFO - Sync 1 DAGs
[2024-11-06T14:00:21.935+0000] {logging_mixin.py:154} INFO - [2024-11-06T14:00:21.935+0000] {dag.py:3722} INFO - Setting next_dagrun for example_branch_operator to 2024-11-05T00:00:00+00:00, run_after=2024-11-06T00:00:00+00:00
[2024-11-06T14:00:21.958+0000] {processor.py:179} INFO - Processing /home/airflow/.local/lib/python3.8/site-packages/airflow/example_dags/example_branch_operator.py took 0.097 seconds
[2024-11-06T14:05:42.081+0000] {processor.py:157} INFO - Started process (PID=2331) to work on /home/airflow/.local/lib/python3.8/site-packages/airflow/example_dags/example_branch_operator.py
[2024-11-06T14:05:42.083+0000] {processor.py:829} INFO - Processing file /home/airflow/.local/lib/python3.8/site-packages/airflow/example_dags/example_branch_operator.py for tasks to queue
[2024-11-06T14:05:42.084+0000] {logging_mixin.py:154} INFO - [2024-11-06T14:05:42.084+0000] {dagbag.py:536} INFO - Filling up the DagBag from /home/airflow/.local/lib/python3.8/site-packages/airflow/example_dags/example_branch_operator.py
[2024-11-06T14:05:42.090+0000] {processor.py:839} INFO - DAG(s) dict_keys(['example_branch_operator']) retrieved from /home/airflow/.local/lib/python3.8/site-packages/airflow/example_dags/example_branch_operator.py
[2024-11-06T14:05:42.104+0000] {logging_mixin.py:154} INFO - [2024-11-06T14:05:42.104+0000] {dag.py:2941} INFO - Sync 1 DAGs
[2024-11-06T14:05:42.114+0000] {logging_mixin.py:154} INFO - [2024-11-06T14:05:42.114+0000] {dag.py:3722} INFO - Setting next_dagrun for example_branch_operator to 2024-11-05T00:00:00+00:00, run_after=2024-11-06T00:00:00+00:00
[2024-11-06T14:05:42.123+0000] {processor.py:179} INFO - Processing /home/airflow/.local/lib/python3.8/site-packages/airflow/example_dags/example_branch_operator.py took 0.044 seconds
[2024-11-06T14:09:56.493+0000] {processor.py:157} INFO - Started process (PID=2385) to work on /home/airflow/.local/lib/python3.8/site-packages/airflow/example_dags/example_branch_operator.py
[2024-11-06T14:09:56.494+0000] {processor.py:829} INFO - Processing file /home/airflow/.local/lib/python3.8/site-packages/airflow/example_dags/example_branch_operator.py for tasks to queue
[2024-11-06T14:09:56.495+0000] {logging_mixin.py:154} INFO - [2024-11-06T14:09:56.495+0000] {dagbag.py:536} INFO - Filling up the DagBag from /home/airflow/.local/lib/python3.8/site-packages/airflow/example_dags/example_branch_operator.py
[2024-11-06T14:09:56.504+0000] {processor.py:839} INFO - DAG(s) dict_keys(['example_branch_operator']) retrieved from /home/airflow/.local/lib/python3.8/site-packages/airflow/example_dags/example_branch_operator.py
[2024-11-06T14:09:56.519+0000] {logging_mixin.py:154} INFO - [2024-11-06T14:09:56.519+0000] {dag.py:2941} INFO - Sync 1 DAGs
[2024-11-06T14:09:56.528+0000] {logging_mixin.py:154} INFO - [2024-11-06T14:09:56.528+0000] {dag.py:3722} INFO - Setting next_dagrun for example_branch_operator to 2024-11-05T00:00:00+00:00, run_after=2024-11-06T00:00:00+00:00
[2024-11-06T14:09:56.546+0000] {processor.py:179} INFO - Processing /home/airflow/.local/lib/python3.8/site-packages/airflow/example_dags/example_branch_operator.py took 0.056 seconds
[2024-11-06T14:16:57.564+0000] {processor.py:157} INFO - Started process (PID=2439) to work on /home/airflow/.local/lib/python3.8/site-packages/airflow/example_dags/example_branch_operator.py
[2024-11-06T14:16:57.565+0000] {processor.py:829} INFO - Processing file /home/airflow/.local/lib/python3.8/site-packages/airflow/example_dags/example_branch_operator.py for tasks to queue
[2024-11-06T14:16:57.566+0000] {logging_mixin.py:154} INFO - [2024-11-06T14:16:57.566+0000] {dagbag.py:536} INFO - Filling up the DagBag from /home/airflow/.local/lib/python3.8/site-packages/airflow/example_dags/example_branch_operator.py
[2024-11-06T14:16:57.571+0000] {processor.py:839} INFO - DAG(s) dict_keys(['example_branch_operator']) retrieved from /home/airflow/.local/lib/python3.8/site-packages/airflow/example_dags/example_branch_operator.py
[2024-11-06T14:16:57.586+0000] {logging_mixin.py:154} INFO - [2024-11-06T14:16:57.586+0000] {dag.py:2941} INFO - Sync 1 DAGs
[2024-11-06T14:16:57.600+0000] {logging_mixin.py:154} INFO - [2024-11-06T14:16:57.599+0000] {dag.py:3722} INFO - Setting next_dagrun for example_branch_operator to 2024-11-05T00:00:00+00:00, run_after=2024-11-06T00:00:00+00:00
[2024-11-06T14:16:57.614+0000] {processor.py:179} INFO - Processing /home/airflow/.local/lib/python3.8/site-packages/airflow/example_dags/example_branch_operator.py took 0.051 seconds
[2024-11-06T14:23:15.228+0000] {processor.py:157} INFO - Started process (PID=2493) to work on /home/airflow/.local/lib/python3.8/site-packages/airflow/example_dags/example_branch_operator.py
[2024-11-06T14:23:15.228+0000] {processor.py:829} INFO - Processing file /home/airflow/.local/lib/python3.8/site-packages/airflow/example_dags/example_branch_operator.py for tasks to queue
[2024-11-06T14:23:15.229+0000] {logging_mixin.py:154} INFO - [2024-11-06T14:23:15.229+0000] {dagbag.py:536} INFO - Filling up the DagBag from /home/airflow/.local/lib/python3.8/site-packages/airflow/example_dags/example_branch_operator.py
[2024-11-06T14:23:15.234+0000] {processor.py:839} INFO - DAG(s) dict_keys(['example_branch_operator']) retrieved from /home/airflow/.local/lib/python3.8/site-packages/airflow/example_dags/example_branch_operator.py
[2024-11-06T14:23:15.248+0000] {logging_mixin.py:154} INFO - [2024-11-06T14:23:15.247+0000] {dag.py:2941} INFO - Sync 1 DAGs
[2024-11-06T14:23:15.260+0000] {logging_mixin.py:154} INFO - [2024-11-06T14:23:15.260+0000] {dag.py:3722} INFO - Setting next_dagrun for example_branch_operator to 2024-11-05T00:00:00+00:00, run_after=2024-11-06T00:00:00+00:00
[2024-11-06T14:23:15.267+0000] {processor.py:179} INFO - Processing /home/airflow/.local/lib/python3.8/site-packages/airflow/example_dags/example_branch_operator.py took 0.041 seconds
[2024-11-06T14:31:01.839+0000] {processor.py:157} INFO - Started process (PID=2546) to work on /home/airflow/.local/lib/python3.8/site-packages/airflow/example_dags/example_branch_operator.py
[2024-11-06T14:31:01.840+0000] {processor.py:829} INFO - Processing file /home/airflow/.local/lib/python3.8/site-packages/airflow/example_dags/example_branch_operator.py for tasks to queue
[2024-11-06T14:31:01.844+0000] {logging_mixin.py:154} INFO - [2024-11-06T14:31:01.844+0000] {dagbag.py:536} INFO - Filling up the DagBag from /home/airflow/.local/lib/python3.8/site-packages/airflow/example_dags/example_branch_operator.py
[2024-11-06T14:31:01.853+0000] {processor.py:839} INFO - DAG(s) dict_keys(['example_branch_operator']) retrieved from /home/airflow/.local/lib/python3.8/site-packages/airflow/example_dags/example_branch_operator.py
[2024-11-06T14:31:01.882+0000] {logging_mixin.py:154} INFO - [2024-11-06T14:31:01.882+0000] {dag.py:2941} INFO - Sync 1 DAGs
[2024-11-06T14:31:01.904+0000] {logging_mixin.py:154} INFO - [2024-11-06T14:31:01.903+0000] {dag.py:3722} INFO - Setting next_dagrun for example_branch_operator to 2024-11-05T00:00:00+00:00, run_after=2024-11-06T00:00:00+00:00
[2024-11-06T14:31:01.928+0000] {processor.py:179} INFO - Processing /home/airflow/.local/lib/python3.8/site-packages/airflow/example_dags/example_branch_operator.py took 0.093 seconds
[2024-11-06T14:36:36.501+0000] {processor.py:157} INFO - Started process (PID=2599) to work on /home/airflow/.local/lib/python3.8/site-packages/airflow/example_dags/example_branch_operator.py
[2024-11-06T14:36:36.501+0000] {processor.py:829} INFO - Processing file /home/airflow/.local/lib/python3.8/site-packages/airflow/example_dags/example_branch_operator.py for tasks to queue
[2024-11-06T14:36:36.502+0000] {logging_mixin.py:154} INFO - [2024-11-06T14:36:36.502+0000] {dagbag.py:536} INFO - Filling up the DagBag from /home/airflow/.local/lib/python3.8/site-packages/airflow/example_dags/example_branch_operator.py
[2024-11-06T14:36:36.507+0000] {processor.py:839} INFO - DAG(s) dict_keys(['example_branch_operator']) retrieved from /home/airflow/.local/lib/python3.8/site-packages/airflow/example_dags/example_branch_operator.py
[2024-11-06T14:36:36.520+0000] {logging_mixin.py:154} INFO - [2024-11-06T14:36:36.520+0000] {dag.py:2941} INFO - Sync 1 DAGs
[2024-11-06T14:36:36.531+0000] {logging_mixin.py:154} INFO - [2024-11-06T14:36:36.531+0000] {dag.py:3722} INFO - Setting next_dagrun for example_branch_operator to 2024-11-05T00:00:00+00:00, run_after=2024-11-06T00:00:00+00:00
[2024-11-06T14:36:36.543+0000] {processor.py:179} INFO - Processing /home/airflow/.local/lib/python3.8/site-packages/airflow/example_dags/example_branch_operator.py took 0.044 seconds
[2024-11-06T15:02:52.721+0000] {processor.py:157} INFO - Started process (PID=2653) to work on /home/airflow/.local/lib/python3.8/site-packages/airflow/example_dags/example_branch_operator.py
[2024-11-06T15:02:52.722+0000] {processor.py:829} INFO - Processing file /home/airflow/.local/lib/python3.8/site-packages/airflow/example_dags/example_branch_operator.py for tasks to queue
[2024-11-06T15:02:52.724+0000] {logging_mixin.py:154} INFO - [2024-11-06T15:02:52.724+0000] {dagbag.py:536} INFO - Filling up the DagBag from /home/airflow/.local/lib/python3.8/site-packages/airflow/example_dags/example_branch_operator.py
[2024-11-06T15:02:52.737+0000] {processor.py:839} INFO - DAG(s) dict_keys(['example_branch_operator']) retrieved from /home/airflow/.local/lib/python3.8/site-packages/airflow/example_dags/example_branch_operator.py
[2024-11-06T15:02:52.763+0000] {logging_mixin.py:154} INFO - [2024-11-06T15:02:52.762+0000] {dag.py:2941} INFO - Sync 1 DAGs
[2024-11-06T15:02:52.788+0000] {logging_mixin.py:154} INFO - [2024-11-06T15:02:52.788+0000] {dag.py:3722} INFO - Setting next_dagrun for example_branch_operator to 2024-11-05T00:00:00+00:00, run_after=2024-11-06T00:00:00+00:00
[2024-11-06T15:02:52.811+0000] {processor.py:179} INFO - Processing /home/airflow/.local/lib/python3.8/site-packages/airflow/example_dags/example_branch_operator.py took 0.094 seconds
[2024-11-06T15:37:16.961+0000] {processor.py:157} INFO - Started process (PID=2707) to work on /home/airflow/.local/lib/python3.8/site-packages/airflow/example_dags/example_branch_operator.py
[2024-11-06T15:37:16.962+0000] {processor.py:829} INFO - Processing file /home/airflow/.local/lib/python3.8/site-packages/airflow/example_dags/example_branch_operator.py for tasks to queue
[2024-11-06T15:37:16.963+0000] {logging_mixin.py:154} INFO - [2024-11-06T15:37:16.963+0000] {dagbag.py:536} INFO - Filling up the DagBag from /home/airflow/.local/lib/python3.8/site-packages/airflow/example_dags/example_branch_operator.py
[2024-11-06T15:37:16.967+0000] {processor.py:839} INFO - DAG(s) dict_keys(['example_branch_operator']) retrieved from /home/airflow/.local/lib/python3.8/site-packages/airflow/example_dags/example_branch_operator.py
[2024-11-06T15:37:16.978+0000] {logging_mixin.py:154} INFO - [2024-11-06T15:37:16.978+0000] {dag.py:2941} INFO - Sync 1 DAGs
[2024-11-06T15:37:16.990+0000] {logging_mixin.py:154} INFO - [2024-11-06T15:37:16.990+0000] {dag.py:3722} INFO - Setting next_dagrun for example_branch_operator to 2024-11-05T00:00:00+00:00, run_after=2024-11-06T00:00:00+00:00
[2024-11-06T15:37:17.000+0000] {processor.py:179} INFO - Processing /home/airflow/.local/lib/python3.8/site-packages/airflow/example_dags/example_branch_operator.py took 0.040 seconds
[2024-11-06T15:48:09.293+0000] {processor.py:157} INFO - Started process (PID=2761) to work on /home/airflow/.local/lib/python3.8/site-packages/airflow/example_dags/example_branch_operator.py
[2024-11-06T15:48:09.293+0000] {processor.py:829} INFO - Processing file /home/airflow/.local/lib/python3.8/site-packages/airflow/example_dags/example_branch_operator.py for tasks to queue
[2024-11-06T15:48:09.294+0000] {logging_mixin.py:154} INFO - [2024-11-06T15:48:09.294+0000] {dagbag.py:536} INFO - Filling up the DagBag from /home/airflow/.local/lib/python3.8/site-packages/airflow/example_dags/example_branch_operator.py
[2024-11-06T15:48:09.298+0000] {processor.py:839} INFO - DAG(s) dict_keys(['example_branch_operator']) retrieved from /home/airflow/.local/lib/python3.8/site-packages/airflow/example_dags/example_branch_operator.py
[2024-11-06T15:48:09.308+0000] {logging_mixin.py:154} INFO - [2024-11-06T15:48:09.308+0000] {dag.py:2941} INFO - Sync 1 DAGs
[2024-11-06T15:48:09.317+0000] {logging_mixin.py:154} INFO - [2024-11-06T15:48:09.317+0000] {dag.py:3722} INFO - Setting next_dagrun for example_branch_operator to 2024-11-05T00:00:00+00:00, run_after=2024-11-06T00:00:00+00:00
[2024-11-06T15:48:09.328+0000] {processor.py:179} INFO - Processing /home/airflow/.local/lib/python3.8/site-packages/airflow/example_dags/example_branch_operator.py took 0.037 seconds
[2024-11-06T16:49:03.739+0000] {processor.py:157} INFO - Started process (PID=2815) to work on /home/airflow/.local/lib/python3.8/site-packages/airflow/example_dags/example_branch_operator.py
[2024-11-06T16:49:03.740+0000] {processor.py:829} INFO - Processing file /home/airflow/.local/lib/python3.8/site-packages/airflow/example_dags/example_branch_operator.py for tasks to queue
[2024-11-06T16:49:03.740+0000] {logging_mixin.py:154} INFO - [2024-11-06T16:49:03.740+0000] {dagbag.py:536} INFO - Filling up the DagBag from /home/airflow/.local/lib/python3.8/site-packages/airflow/example_dags/example_branch_operator.py
[2024-11-06T16:49:03.745+0000] {processor.py:839} INFO - DAG(s) dict_keys(['example_branch_operator']) retrieved from /home/airflow/.local/lib/python3.8/site-packages/airflow/example_dags/example_branch_operator.py
[2024-11-06T16:49:03.758+0000] {logging_mixin.py:154} INFO - [2024-11-06T16:49:03.757+0000] {dag.py:2941} INFO - Sync 1 DAGs
[2024-11-06T16:49:03.768+0000] {logging_mixin.py:154} INFO - [2024-11-06T16:49:03.768+0000] {dag.py:3722} INFO - Setting next_dagrun for example_branch_operator to 2024-11-05T00:00:00+00:00, run_after=2024-11-06T00:00:00+00:00
[2024-11-06T16:49:03.778+0000] {processor.py:179} INFO - Processing /home/airflow/.local/lib/python3.8/site-packages/airflow/example_dags/example_branch_operator.py took 0.040 seconds
[2024-11-06T16:49:56.531+0000] {processor.py:157} INFO - Started process (PID=2869) to work on /home/airflow/.local/lib/python3.8/site-packages/airflow/example_dags/example_branch_operator.py
[2024-11-06T16:49:56.532+0000] {processor.py:829} INFO - Processing file /home/airflow/.local/lib/python3.8/site-packages/airflow/example_dags/example_branch_operator.py for tasks to queue
[2024-11-06T16:49:56.534+0000] {logging_mixin.py:154} INFO - [2024-11-06T16:49:56.534+0000] {dagbag.py:536} INFO - Filling up the DagBag from /home/airflow/.local/lib/python3.8/site-packages/airflow/example_dags/example_branch_operator.py
[2024-11-06T16:49:56.539+0000] {processor.py:839} INFO - DAG(s) dict_keys(['example_branch_operator']) retrieved from /home/airflow/.local/lib/python3.8/site-packages/airflow/example_dags/example_branch_operator.py
[2024-11-06T16:49:56.549+0000] {logging_mixin.py:154} INFO - [2024-11-06T16:49:56.549+0000] {dag.py:2941} INFO - Sync 1 DAGs
[2024-11-06T16:49:56.559+0000] {logging_mixin.py:154} INFO - [2024-11-06T16:49:56.559+0000] {dag.py:3722} INFO - Setting next_dagrun for example_branch_operator to 2024-11-05T00:00:00+00:00, run_after=2024-11-06T00:00:00+00:00
[2024-11-06T16:49:56.569+0000] {processor.py:179} INFO - Processing /home/airflow/.local/lib/python3.8/site-packages/airflow/example_dags/example_branch_operator.py took 0.039 seconds
[2024-11-06T17:40:08.491+0000] {processor.py:157} INFO - Started process (PID=2923) to work on /home/airflow/.local/lib/python3.8/site-packages/airflow/example_dags/example_branch_operator.py
[2024-11-06T17:40:08.491+0000] {processor.py:829} INFO - Processing file /home/airflow/.local/lib/python3.8/site-packages/airflow/example_dags/example_branch_operator.py for tasks to queue
[2024-11-06T17:40:08.492+0000] {logging_mixin.py:154} INFO - [2024-11-06T17:40:08.492+0000] {dagbag.py:536} INFO - Filling up the DagBag from /home/airflow/.local/lib/python3.8/site-packages/airflow/example_dags/example_branch_operator.py
[2024-11-06T17:40:08.497+0000] {processor.py:839} INFO - DAG(s) dict_keys(['example_branch_operator']) retrieved from /home/airflow/.local/lib/python3.8/site-packages/airflow/example_dags/example_branch_operator.py
[2024-11-06T17:40:08.507+0000] {logging_mixin.py:154} INFO - [2024-11-06T17:40:08.507+0000] {dag.py:2941} INFO - Sync 1 DAGs
[2024-11-06T17:40:08.516+0000] {logging_mixin.py:154} INFO - [2024-11-06T17:40:08.516+0000] {dag.py:3722} INFO - Setting next_dagrun for example_branch_operator to 2024-11-05T00:00:00+00:00, run_after=2024-11-06T00:00:00+00:00
[2024-11-06T17:40:08.522+0000] {processor.py:179} INFO - Processing /home/airflow/.local/lib/python3.8/site-packages/airflow/example_dags/example_branch_operator.py took 0.033 seconds
[2024-11-06T18:40:20.751+0000] {processor.py:157} INFO - Started process (PID=2977) to work on /home/airflow/.local/lib/python3.8/site-packages/airflow/example_dags/example_branch_operator.py
[2024-11-06T18:40:20.752+0000] {processor.py:829} INFO - Processing file /home/airflow/.local/lib/python3.8/site-packages/airflow/example_dags/example_branch_operator.py for tasks to queue
[2024-11-06T18:40:20.754+0000] {logging_mixin.py:154} INFO - [2024-11-06T18:40:20.754+0000] {dagbag.py:536} INFO - Filling up the DagBag from /home/airflow/.local/lib/python3.8/site-packages/airflow/example_dags/example_branch_operator.py
[2024-11-06T18:40:20.762+0000] {processor.py:839} INFO - DAG(s) dict_keys(['example_branch_operator']) retrieved from /home/airflow/.local/lib/python3.8/site-packages/airflow/example_dags/example_branch_operator.py
[2024-11-06T18:40:20.782+0000] {logging_mixin.py:154} INFO - [2024-11-06T18:40:20.782+0000] {dag.py:2941} INFO - Sync 1 DAGs
[2024-11-06T18:40:20.817+0000] {logging_mixin.py:154} INFO - [2024-11-06T18:40:20.816+0000] {dag.py:3722} INFO - Setting next_dagrun for example_branch_operator to 2024-11-05T00:00:00+00:00, run_after=2024-11-06T00:00:00+00:00
[2024-11-06T18:40:20.839+0000] {processor.py:179} INFO - Processing /home/airflow/.local/lib/python3.8/site-packages/airflow/example_dags/example_branch_operator.py took 0.092 seconds
[2024-11-06T19:56:54.641+0000] {processor.py:157} INFO - Started process (PID=3031) to work on /home/airflow/.local/lib/python3.8/site-packages/airflow/example_dags/example_branch_operator.py
[2024-11-06T19:56:54.642+0000] {processor.py:829} INFO - Processing file /home/airflow/.local/lib/python3.8/site-packages/airflow/example_dags/example_branch_operator.py for tasks to queue
[2024-11-06T19:56:54.643+0000] {logging_mixin.py:154} INFO - [2024-11-06T19:56:54.643+0000] {dagbag.py:536} INFO - Filling up the DagBag from /home/airflow/.local/lib/python3.8/site-packages/airflow/example_dags/example_branch_operator.py
[2024-11-06T19:56:54.648+0000] {processor.py:839} INFO - DAG(s) dict_keys(['example_branch_operator']) retrieved from /home/airflow/.local/lib/python3.8/site-packages/airflow/example_dags/example_branch_operator.py
[2024-11-06T19:56:54.660+0000] {logging_mixin.py:154} INFO - [2024-11-06T19:56:54.660+0000] {dag.py:2941} INFO - Sync 1 DAGs
[2024-11-06T19:56:54.669+0000] {logging_mixin.py:154} INFO - [2024-11-06T19:56:54.669+0000] {dag.py:3722} INFO - Setting next_dagrun for example_branch_operator to 2024-11-05T00:00:00+00:00, run_after=2024-11-06T00:00:00+00:00
[2024-11-06T19:56:54.678+0000] {processor.py:179} INFO - Processing /home/airflow/.local/lib/python3.8/site-packages/airflow/example_dags/example_branch_operator.py took 0.039 seconds
[2024-11-06T20:41:41.222+0000] {processor.py:157} INFO - Started process (PID=3085) to work on /home/airflow/.local/lib/python3.8/site-packages/airflow/example_dags/example_branch_operator.py
[2024-11-06T20:41:41.223+0000] {processor.py:829} INFO - Processing file /home/airflow/.local/lib/python3.8/site-packages/airflow/example_dags/example_branch_operator.py for tasks to queue
[2024-11-06T20:41:41.224+0000] {logging_mixin.py:154} INFO - [2024-11-06T20:41:41.224+0000] {dagbag.py:536} INFO - Filling up the DagBag from /home/airflow/.local/lib/python3.8/site-packages/airflow/example_dags/example_branch_operator.py
[2024-11-06T20:41:41.230+0000] {processor.py:839} INFO - DAG(s) dict_keys(['example_branch_operator']) retrieved from /home/airflow/.local/lib/python3.8/site-packages/airflow/example_dags/example_branch_operator.py
[2024-11-06T20:41:41.243+0000] {logging_mixin.py:154} INFO - [2024-11-06T20:41:41.243+0000] {dag.py:2941} INFO - Sync 1 DAGs
[2024-11-06T20:41:41.252+0000] {logging_mixin.py:154} INFO - [2024-11-06T20:41:41.252+0000] {dag.py:3722} INFO - Setting next_dagrun for example_branch_operator to 2024-11-05T00:00:00+00:00, run_after=2024-11-06T00:00:00+00:00
[2024-11-06T20:41:41.261+0000] {processor.py:179} INFO - Processing /home/airflow/.local/lib/python3.8/site-packages/airflow/example_dags/example_branch_operator.py took 0.041 seconds
[2024-11-06T22:09:50.494+0000] {processor.py:157} INFO - Started process (PID=3139) to work on /home/airflow/.local/lib/python3.8/site-packages/airflow/example_dags/example_branch_operator.py
[2024-11-06T22:09:50.495+0000] {processor.py:829} INFO - Processing file /home/airflow/.local/lib/python3.8/site-packages/airflow/example_dags/example_branch_operator.py for tasks to queue
[2024-11-06T22:09:50.498+0000] {logging_mixin.py:154} INFO - [2024-11-06T22:09:50.498+0000] {dagbag.py:536} INFO - Filling up the DagBag from /home/airflow/.local/lib/python3.8/site-packages/airflow/example_dags/example_branch_operator.py
[2024-11-06T22:09:50.505+0000] {processor.py:839} INFO - DAG(s) dict_keys(['example_branch_operator']) retrieved from /home/airflow/.local/lib/python3.8/site-packages/airflow/example_dags/example_branch_operator.py
[2024-11-06T22:09:50.527+0000] {logging_mixin.py:154} INFO - [2024-11-06T22:09:50.527+0000] {dag.py:2941} INFO - Sync 1 DAGs
[2024-11-06T22:09:50.548+0000] {logging_mixin.py:154} INFO - [2024-11-06T22:09:50.548+0000] {dag.py:3722} INFO - Setting next_dagrun for example_branch_operator to 2024-11-05T00:00:00+00:00, run_after=2024-11-06T00:00:00+00:00
[2024-11-06T22:09:50.569+0000] {processor.py:179} INFO - Processing /home/airflow/.local/lib/python3.8/site-packages/airflow/example_dags/example_branch_operator.py took 0.079 seconds
[2024-11-06T23:10:56.474+0000] {processor.py:157} INFO - Started process (PID=3193) to work on /home/airflow/.local/lib/python3.8/site-packages/airflow/example_dags/example_branch_operator.py
[2024-11-06T23:10:56.474+0000] {processor.py:829} INFO - Processing file /home/airflow/.local/lib/python3.8/site-packages/airflow/example_dags/example_branch_operator.py for tasks to queue
[2024-11-06T23:10:56.475+0000] {logging_mixin.py:154} INFO - [2024-11-06T23:10:56.475+0000] {dagbag.py:536} INFO - Filling up the DagBag from /home/airflow/.local/lib/python3.8/site-packages/airflow/example_dags/example_branch_operator.py
[2024-11-06T23:10:56.480+0000] {processor.py:839} INFO - DAG(s) dict_keys(['example_branch_operator']) retrieved from /home/airflow/.local/lib/python3.8/site-packages/airflow/example_dags/example_branch_operator.py
[2024-11-06T23:10:56.491+0000] {logging_mixin.py:154} INFO - [2024-11-06T23:10:56.491+0000] {dag.py:2941} INFO - Sync 1 DAGs
[2024-11-06T23:10:56.501+0000] {logging_mixin.py:154} INFO - [2024-11-06T23:10:56.500+0000] {dag.py:3722} INFO - Setting next_dagrun for example_branch_operator to 2024-11-05T00:00:00+00:00, run_after=2024-11-06T00:00:00+00:00
[2024-11-06T23:10:56.509+0000] {processor.py:179} INFO - Processing /home/airflow/.local/lib/python3.8/site-packages/airflow/example_dags/example_branch_operator.py took 0.037 seconds
[2024-11-06T23:49:21.170+0000] {processor.py:157} INFO - Started process (PID=3247) to work on /home/airflow/.local/lib/python3.8/site-packages/airflow/example_dags/example_branch_operator.py
[2024-11-06T23:49:21.170+0000] {processor.py:829} INFO - Processing file /home/airflow/.local/lib/python3.8/site-packages/airflow/example_dags/example_branch_operator.py for tasks to queue
[2024-11-06T23:49:21.171+0000] {logging_mixin.py:154} INFO - [2024-11-06T23:49:21.171+0000] {dagbag.py:536} INFO - Filling up the DagBag from /home/airflow/.local/lib/python3.8/site-packages/airflow/example_dags/example_branch_operator.py
[2024-11-06T23:49:21.175+0000] {processor.py:839} INFO - DAG(s) dict_keys(['example_branch_operator']) retrieved from /home/airflow/.local/lib/python3.8/site-packages/airflow/example_dags/example_branch_operator.py
[2024-11-06T23:49:21.186+0000] {logging_mixin.py:154} INFO - [2024-11-06T23:49:21.186+0000] {dag.py:2941} INFO - Sync 1 DAGs
[2024-11-06T23:49:21.195+0000] {logging_mixin.py:154} INFO - [2024-11-06T23:49:21.195+0000] {dag.py:3722} INFO - Setting next_dagrun for example_branch_operator to 2024-11-05T00:00:00+00:00, run_after=2024-11-06T00:00:00+00:00
[2024-11-06T23:49:21.202+0000] {processor.py:179} INFO - Processing /home/airflow/.local/lib/python3.8/site-packages/airflow/example_dags/example_branch_operator.py took 0.034 seconds
