[2024-11-06T08:43:19.631+0000] {processor.py:157} INFO - Started process (PID=68) to work on /home/airflow/.local/lib/python3.8/site-packages/airflow/example_dags/example_params_trigger_ui.py
[2024-11-06T08:43:19.631+0000] {processor.py:829} INFO - Processing file /home/airflow/.local/lib/python3.8/site-packages/airflow/example_dags/example_params_trigger_ui.py for tasks to queue
[2024-11-06T08:43:19.633+0000] {logging_mixin.py:154} INFO - [2024-11-06T08:43:19.633+0000] {dagbag.py:536} INFO - Filling up the DagBag from /home/airflow/.local/lib/python3.8/site-packages/airflow/example_dags/example_params_trigger_ui.py
[2024-11-06T08:43:19.644+0000] {processor.py:839} INFO - DAG(s) dict_keys(['example_params_trigger_ui']) retrieved from /home/airflow/.local/lib/python3.8/site-packages/airflow/example_dags/example_params_trigger_ui.py
[2024-11-06T08:43:19.659+0000] {logging_mixin.py:154} INFO - [2024-11-06T08:43:19.659+0000] {dag.py:2941} INFO - Sync 1 DAGs
[2024-11-06T08:43:19.676+0000] {logging_mixin.py:154} INFO - [2024-11-06T08:43:19.676+0000] {dag.py:3722} INFO - Setting next_dagrun for example_params_trigger_ui to None, run_after=None
[2024-11-06T08:43:19.699+0000] {processor.py:179} INFO - Processing /home/airflow/.local/lib/python3.8/site-packages/airflow/example_dags/example_params_trigger_ui.py took 0.071 seconds
[2024-11-06T08:43:49.919+0000] {processor.py:157} INFO - Started process (PID=122) to work on /home/airflow/.local/lib/python3.8/site-packages/airflow/example_dags/example_params_trigger_ui.py
[2024-11-06T08:43:49.919+0000] {processor.py:829} INFO - Processing file /home/airflow/.local/lib/python3.8/site-packages/airflow/example_dags/example_params_trigger_ui.py for tasks to queue
[2024-11-06T08:43:49.920+0000] {logging_mixin.py:154} INFO - [2024-11-06T08:43:49.920+0000] {dagbag.py:536} INFO - Filling up the DagBag from /home/airflow/.local/lib/python3.8/site-packages/airflow/example_dags/example_params_trigger_ui.py
[2024-11-06T08:43:49.929+0000] {processor.py:839} INFO - DAG(s) dict_keys(['example_params_trigger_ui']) retrieved from /home/airflow/.local/lib/python3.8/site-packages/airflow/example_dags/example_params_trigger_ui.py
[2024-11-06T08:43:49.961+0000] {logging_mixin.py:154} INFO - [2024-11-06T08:43:49.960+0000] {dag.py:2941} INFO - Sync 1 DAGs
[2024-11-06T08:43:49.971+0000] {logging_mixin.py:154} INFO - [2024-11-06T08:43:49.970+0000] {dag.py:3722} INFO - Setting next_dagrun for example_params_trigger_ui to None, run_after=None
[2024-11-06T08:43:49.984+0000] {processor.py:179} INFO - Processing /home/airflow/.local/lib/python3.8/site-packages/airflow/example_dags/example_params_trigger_ui.py took 0.067 seconds
[2024-11-06T08:44:20.311+0000] {processor.py:157} INFO - Started process (PID=176) to work on /home/airflow/.local/lib/python3.8/site-packages/airflow/example_dags/example_params_trigger_ui.py
[2024-11-06T08:44:20.312+0000] {processor.py:829} INFO - Processing file /home/airflow/.local/lib/python3.8/site-packages/airflow/example_dags/example_params_trigger_ui.py for tasks to queue
[2024-11-06T08:44:20.314+0000] {logging_mixin.py:154} INFO - [2024-11-06T08:44:20.314+0000] {dagbag.py:536} INFO - Filling up the DagBag from /home/airflow/.local/lib/python3.8/site-packages/airflow/example_dags/example_params_trigger_ui.py
[2024-11-06T08:44:20.322+0000] {processor.py:839} INFO - DAG(s) dict_keys(['example_params_trigger_ui']) retrieved from /home/airflow/.local/lib/python3.8/site-packages/airflow/example_dags/example_params_trigger_ui.py
[2024-11-06T08:44:20.345+0000] {logging_mixin.py:154} INFO - [2024-11-06T08:44:20.344+0000] {dag.py:2941} INFO - Sync 1 DAGs
[2024-11-06T08:44:20.353+0000] {logging_mixin.py:154} INFO - [2024-11-06T08:44:20.353+0000] {dag.py:3722} INFO - Setting next_dagrun for example_params_trigger_ui to None, run_after=None
[2024-11-06T08:44:20.363+0000] {processor.py:179} INFO - Processing /home/airflow/.local/lib/python3.8/site-packages/airflow/example_dags/example_params_trigger_ui.py took 0.054 seconds
[2024-11-06T08:44:50.691+0000] {processor.py:157} INFO - Started process (PID=230) to work on /home/airflow/.local/lib/python3.8/site-packages/airflow/example_dags/example_params_trigger_ui.py
[2024-11-06T08:44:50.692+0000] {processor.py:829} INFO - Processing file /home/airflow/.local/lib/python3.8/site-packages/airflow/example_dags/example_params_trigger_ui.py for tasks to queue
[2024-11-06T08:44:50.693+0000] {logging_mixin.py:154} INFO - [2024-11-06T08:44:50.693+0000] {dagbag.py:536} INFO - Filling up the DagBag from /home/airflow/.local/lib/python3.8/site-packages/airflow/example_dags/example_params_trigger_ui.py
[2024-11-06T08:44:50.700+0000] {processor.py:839} INFO - DAG(s) dict_keys(['example_params_trigger_ui']) retrieved from /home/airflow/.local/lib/python3.8/site-packages/airflow/example_dags/example_params_trigger_ui.py
[2024-11-06T08:44:50.719+0000] {logging_mixin.py:154} INFO - [2024-11-06T08:44:50.719+0000] {dag.py:2941} INFO - Sync 1 DAGs
[2024-11-06T08:44:50.724+0000] {logging_mixin.py:154} INFO - [2024-11-06T08:44:50.724+0000] {dag.py:3722} INFO - Setting next_dagrun for example_params_trigger_ui to None, run_after=None
[2024-11-06T08:44:50.734+0000] {processor.py:179} INFO - Processing /home/airflow/.local/lib/python3.8/site-packages/airflow/example_dags/example_params_trigger_ui.py took 0.044 seconds
[2024-11-06T08:45:21.043+0000] {processor.py:157} INFO - Started process (PID=284) to work on /home/airflow/.local/lib/python3.8/site-packages/airflow/example_dags/example_params_trigger_ui.py
[2024-11-06T08:45:21.043+0000] {processor.py:829} INFO - Processing file /home/airflow/.local/lib/python3.8/site-packages/airflow/example_dags/example_params_trigger_ui.py for tasks to queue
[2024-11-06T08:45:21.044+0000] {logging_mixin.py:154} INFO - [2024-11-06T08:45:21.044+0000] {dagbag.py:536} INFO - Filling up the DagBag from /home/airflow/.local/lib/python3.8/site-packages/airflow/example_dags/example_params_trigger_ui.py
[2024-11-06T08:45:21.052+0000] {processor.py:839} INFO - DAG(s) dict_keys(['example_params_trigger_ui']) retrieved from /home/airflow/.local/lib/python3.8/site-packages/airflow/example_dags/example_params_trigger_ui.py
[2024-11-06T08:45:21.072+0000] {logging_mixin.py:154} INFO - [2024-11-06T08:45:21.072+0000] {dag.py:2941} INFO - Sync 1 DAGs
[2024-11-06T08:45:21.077+0000] {logging_mixin.py:154} INFO - [2024-11-06T08:45:21.077+0000] {dag.py:3722} INFO - Setting next_dagrun for example_params_trigger_ui to None, run_after=None
[2024-11-06T08:45:21.088+0000] {processor.py:179} INFO - Processing /home/airflow/.local/lib/python3.8/site-packages/airflow/example_dags/example_params_trigger_ui.py took 0.047 seconds
[2024-11-06T08:45:51.452+0000] {processor.py:157} INFO - Started process (PID=338) to work on /home/airflow/.local/lib/python3.8/site-packages/airflow/example_dags/example_params_trigger_ui.py
[2024-11-06T08:45:51.453+0000] {processor.py:829} INFO - Processing file /home/airflow/.local/lib/python3.8/site-packages/airflow/example_dags/example_params_trigger_ui.py for tasks to queue
[2024-11-06T08:45:51.454+0000] {logging_mixin.py:154} INFO - [2024-11-06T08:45:51.454+0000] {dagbag.py:536} INFO - Filling up the DagBag from /home/airflow/.local/lib/python3.8/site-packages/airflow/example_dags/example_params_trigger_ui.py
[2024-11-06T08:45:51.462+0000] {processor.py:839} INFO - DAG(s) dict_keys(['example_params_trigger_ui']) retrieved from /home/airflow/.local/lib/python3.8/site-packages/airflow/example_dags/example_params_trigger_ui.py
[2024-11-06T08:45:51.485+0000] {logging_mixin.py:154} INFO - [2024-11-06T08:45:51.485+0000] {dag.py:2941} INFO - Sync 1 DAGs
[2024-11-06T08:45:51.491+0000] {logging_mixin.py:154} INFO - [2024-11-06T08:45:51.490+0000] {dag.py:3722} INFO - Setting next_dagrun for example_params_trigger_ui to None, run_after=None
[2024-11-06T08:45:51.498+0000] {processor.py:179} INFO - Processing /home/airflow/.local/lib/python3.8/site-packages/airflow/example_dags/example_params_trigger_ui.py took 0.047 seconds
[2024-11-06T08:46:21.832+0000] {processor.py:157} INFO - Started process (PID=392) to work on /home/airflow/.local/lib/python3.8/site-packages/airflow/example_dags/example_params_trigger_ui.py
[2024-11-06T08:46:21.833+0000] {processor.py:829} INFO - Processing file /home/airflow/.local/lib/python3.8/site-packages/airflow/example_dags/example_params_trigger_ui.py for tasks to queue
[2024-11-06T08:46:21.834+0000] {logging_mixin.py:154} INFO - [2024-11-06T08:46:21.833+0000] {dagbag.py:536} INFO - Filling up the DagBag from /home/airflow/.local/lib/python3.8/site-packages/airflow/example_dags/example_params_trigger_ui.py
[2024-11-06T08:46:21.841+0000] {processor.py:839} INFO - DAG(s) dict_keys(['example_params_trigger_ui']) retrieved from /home/airflow/.local/lib/python3.8/site-packages/airflow/example_dags/example_params_trigger_ui.py
[2024-11-06T08:46:21.863+0000] {logging_mixin.py:154} INFO - [2024-11-06T08:46:21.863+0000] {dag.py:2941} INFO - Sync 1 DAGs
[2024-11-06T08:46:21.868+0000] {logging_mixin.py:154} INFO - [2024-11-06T08:46:21.868+0000] {dag.py:3722} INFO - Setting next_dagrun for example_params_trigger_ui to None, run_after=None
[2024-11-06T08:46:21.877+0000] {processor.py:179} INFO - Processing /home/airflow/.local/lib/python3.8/site-packages/airflow/example_dags/example_params_trigger_ui.py took 0.046 seconds
[2024-11-06T08:46:52.665+0000] {processor.py:157} INFO - Started process (PID=446) to work on /home/airflow/.local/lib/python3.8/site-packages/airflow/example_dags/example_params_trigger_ui.py
[2024-11-06T08:46:52.666+0000] {processor.py:829} INFO - Processing file /home/airflow/.local/lib/python3.8/site-packages/airflow/example_dags/example_params_trigger_ui.py for tasks to queue
[2024-11-06T08:46:52.668+0000] {logging_mixin.py:154} INFO - [2024-11-06T08:46:52.668+0000] {dagbag.py:536} INFO - Filling up the DagBag from /home/airflow/.local/lib/python3.8/site-packages/airflow/example_dags/example_params_trigger_ui.py
[2024-11-06T08:46:52.676+0000] {processor.py:839} INFO - DAG(s) dict_keys(['example_params_trigger_ui']) retrieved from /home/airflow/.local/lib/python3.8/site-packages/airflow/example_dags/example_params_trigger_ui.py
[2024-11-06T08:46:52.700+0000] {logging_mixin.py:154} INFO - [2024-11-06T08:46:52.700+0000] {dag.py:2941} INFO - Sync 1 DAGs
[2024-11-06T08:46:52.706+0000] {logging_mixin.py:154} INFO - [2024-11-06T08:46:52.706+0000] {dag.py:3722} INFO - Setting next_dagrun for example_params_trigger_ui to None, run_after=None
[2024-11-06T08:46:52.717+0000] {processor.py:179} INFO - Processing /home/airflow/.local/lib/python3.8/site-packages/airflow/example_dags/example_params_trigger_ui.py took 0.054 seconds
[2024-11-06T08:47:23.080+0000] {processor.py:157} INFO - Started process (PID=507) to work on /home/airflow/.local/lib/python3.8/site-packages/airflow/example_dags/example_params_trigger_ui.py
[2024-11-06T08:47:23.081+0000] {processor.py:829} INFO - Processing file /home/airflow/.local/lib/python3.8/site-packages/airflow/example_dags/example_params_trigger_ui.py for tasks to queue
[2024-11-06T08:47:23.082+0000] {logging_mixin.py:154} INFO - [2024-11-06T08:47:23.081+0000] {dagbag.py:536} INFO - Filling up the DagBag from /home/airflow/.local/lib/python3.8/site-packages/airflow/example_dags/example_params_trigger_ui.py
[2024-11-06T08:47:23.089+0000] {processor.py:839} INFO - DAG(s) dict_keys(['example_params_trigger_ui']) retrieved from /home/airflow/.local/lib/python3.8/site-packages/airflow/example_dags/example_params_trigger_ui.py
[2024-11-06T08:47:23.109+0000] {logging_mixin.py:154} INFO - [2024-11-06T08:47:23.109+0000] {dag.py:2941} INFO - Sync 1 DAGs
[2024-11-06T08:47:23.115+0000] {logging_mixin.py:154} INFO - [2024-11-06T08:47:23.115+0000] {dag.py:3722} INFO - Setting next_dagrun for example_params_trigger_ui to None, run_after=None
[2024-11-06T08:47:23.125+0000] {processor.py:179} INFO - Processing /home/airflow/.local/lib/python3.8/site-packages/airflow/example_dags/example_params_trigger_ui.py took 0.047 seconds
[2024-11-06T08:47:53.437+0000] {processor.py:157} INFO - Started process (PID=562) to work on /home/airflow/.local/lib/python3.8/site-packages/airflow/example_dags/example_params_trigger_ui.py
[2024-11-06T08:47:53.440+0000] {processor.py:829} INFO - Processing file /home/airflow/.local/lib/python3.8/site-packages/airflow/example_dags/example_params_trigger_ui.py for tasks to queue
[2024-11-06T08:47:53.443+0000] {logging_mixin.py:154} INFO - [2024-11-06T08:47:53.443+0000] {dagbag.py:536} INFO - Filling up the DagBag from /home/airflow/.local/lib/python3.8/site-packages/airflow/example_dags/example_params_trigger_ui.py
[2024-11-06T08:47:53.450+0000] {processor.py:839} INFO - DAG(s) dict_keys(['example_params_trigger_ui']) retrieved from /home/airflow/.local/lib/python3.8/site-packages/airflow/example_dags/example_params_trigger_ui.py
[2024-11-06T08:47:53.470+0000] {logging_mixin.py:154} INFO - [2024-11-06T08:47:53.470+0000] {dag.py:2941} INFO - Sync 1 DAGs
[2024-11-06T08:47:53.475+0000] {logging_mixin.py:154} INFO - [2024-11-06T08:47:53.475+0000] {dag.py:3722} INFO - Setting next_dagrun for example_params_trigger_ui to None, run_after=None
[2024-11-06T08:47:53.489+0000] {processor.py:179} INFO - Processing /home/airflow/.local/lib/python3.8/site-packages/airflow/example_dags/example_params_trigger_ui.py took 0.054 seconds
[2024-11-06T08:48:23.808+0000] {processor.py:157} INFO - Started process (PID=616) to work on /home/airflow/.local/lib/python3.8/site-packages/airflow/example_dags/example_params_trigger_ui.py
[2024-11-06T08:48:23.811+0000] {processor.py:829} INFO - Processing file /home/airflow/.local/lib/python3.8/site-packages/airflow/example_dags/example_params_trigger_ui.py for tasks to queue
[2024-11-06T08:48:23.812+0000] {logging_mixin.py:154} INFO - [2024-11-06T08:48:23.812+0000] {dagbag.py:536} INFO - Filling up the DagBag from /home/airflow/.local/lib/python3.8/site-packages/airflow/example_dags/example_params_trigger_ui.py
[2024-11-06T08:48:23.820+0000] {processor.py:839} INFO - DAG(s) dict_keys(['example_params_trigger_ui']) retrieved from /home/airflow/.local/lib/python3.8/site-packages/airflow/example_dags/example_params_trigger_ui.py
[2024-11-06T08:48:23.841+0000] {logging_mixin.py:154} INFO - [2024-11-06T08:48:23.841+0000] {dag.py:2941} INFO - Sync 1 DAGs
[2024-11-06T08:48:23.848+0000] {logging_mixin.py:154} INFO - [2024-11-06T08:48:23.848+0000] {dag.py:3722} INFO - Setting next_dagrun for example_params_trigger_ui to None, run_after=None
[2024-11-06T08:48:23.857+0000] {processor.py:179} INFO - Processing /home/airflow/.local/lib/python3.8/site-packages/airflow/example_dags/example_params_trigger_ui.py took 0.050 seconds
[2024-11-06T08:48:54.108+0000] {processor.py:157} INFO - Started process (PID=670) to work on /home/airflow/.local/lib/python3.8/site-packages/airflow/example_dags/example_params_trigger_ui.py
[2024-11-06T08:48:54.108+0000] {processor.py:829} INFO - Processing file /home/airflow/.local/lib/python3.8/site-packages/airflow/example_dags/example_params_trigger_ui.py for tasks to queue
[2024-11-06T08:48:54.110+0000] {logging_mixin.py:154} INFO - [2024-11-06T08:48:54.110+0000] {dagbag.py:536} INFO - Filling up the DagBag from /home/airflow/.local/lib/python3.8/site-packages/airflow/example_dags/example_params_trigger_ui.py
[2024-11-06T08:48:54.119+0000] {processor.py:839} INFO - DAG(s) dict_keys(['example_params_trigger_ui']) retrieved from /home/airflow/.local/lib/python3.8/site-packages/airflow/example_dags/example_params_trigger_ui.py
[2024-11-06T08:48:54.138+0000] {logging_mixin.py:154} INFO - [2024-11-06T08:48:54.138+0000] {dag.py:2941} INFO - Sync 1 DAGs
[2024-11-06T08:48:54.143+0000] {logging_mixin.py:154} INFO - [2024-11-06T08:48:54.143+0000] {dag.py:3722} INFO - Setting next_dagrun for example_params_trigger_ui to None, run_after=None
[2024-11-06T08:48:54.150+0000] {processor.py:179} INFO - Processing /home/airflow/.local/lib/python3.8/site-packages/airflow/example_dags/example_params_trigger_ui.py took 0.044 seconds
[2024-11-06T08:49:24.323+0000] {processor.py:157} INFO - Started process (PID=724) to work on /home/airflow/.local/lib/python3.8/site-packages/airflow/example_dags/example_params_trigger_ui.py
[2024-11-06T08:49:24.325+0000] {processor.py:829} INFO - Processing file /home/airflow/.local/lib/python3.8/site-packages/airflow/example_dags/example_params_trigger_ui.py for tasks to queue
[2024-11-06T08:49:24.326+0000] {logging_mixin.py:154} INFO - [2024-11-06T08:49:24.325+0000] {dagbag.py:536} INFO - Filling up the DagBag from /home/airflow/.local/lib/python3.8/site-packages/airflow/example_dags/example_params_trigger_ui.py
[2024-11-06T08:49:24.334+0000] {processor.py:839} INFO - DAG(s) dict_keys(['example_params_trigger_ui']) retrieved from /home/airflow/.local/lib/python3.8/site-packages/airflow/example_dags/example_params_trigger_ui.py
[2024-11-06T08:49:24.353+0000] {logging_mixin.py:154} INFO - [2024-11-06T08:49:24.353+0000] {dag.py:2941} INFO - Sync 1 DAGs
[2024-11-06T08:49:24.360+0000] {logging_mixin.py:154} INFO - [2024-11-06T08:49:24.360+0000] {dag.py:3722} INFO - Setting next_dagrun for example_params_trigger_ui to None, run_after=None
[2024-11-06T08:49:24.367+0000] {processor.py:179} INFO - Processing /home/airflow/.local/lib/python3.8/site-packages/airflow/example_dags/example_params_trigger_ui.py took 0.045 seconds
[2024-11-06T08:49:54.564+0000] {processor.py:157} INFO - Started process (PID=777) to work on /home/airflow/.local/lib/python3.8/site-packages/airflow/example_dags/example_params_trigger_ui.py
[2024-11-06T08:49:54.564+0000] {processor.py:829} INFO - Processing file /home/airflow/.local/lib/python3.8/site-packages/airflow/example_dags/example_params_trigger_ui.py for tasks to queue
[2024-11-06T08:49:54.565+0000] {logging_mixin.py:154} INFO - [2024-11-06T08:49:54.565+0000] {dagbag.py:536} INFO - Filling up the DagBag from /home/airflow/.local/lib/python3.8/site-packages/airflow/example_dags/example_params_trigger_ui.py
[2024-11-06T08:49:54.572+0000] {processor.py:839} INFO - DAG(s) dict_keys(['example_params_trigger_ui']) retrieved from /home/airflow/.local/lib/python3.8/site-packages/airflow/example_dags/example_params_trigger_ui.py
[2024-11-06T08:49:54.592+0000] {logging_mixin.py:154} INFO - [2024-11-06T08:49:54.592+0000] {dag.py:2941} INFO - Sync 1 DAGs
[2024-11-06T08:49:54.597+0000] {logging_mixin.py:154} INFO - [2024-11-06T08:49:54.597+0000] {dag.py:3722} INFO - Setting next_dagrun for example_params_trigger_ui to None, run_after=None
[2024-11-06T08:49:54.604+0000] {processor.py:179} INFO - Processing /home/airflow/.local/lib/python3.8/site-packages/airflow/example_dags/example_params_trigger_ui.py took 0.041 seconds
[2024-11-06T08:50:24.802+0000] {processor.py:157} INFO - Started process (PID=831) to work on /home/airflow/.local/lib/python3.8/site-packages/airflow/example_dags/example_params_trigger_ui.py
[2024-11-06T08:50:24.803+0000] {processor.py:829} INFO - Processing file /home/airflow/.local/lib/python3.8/site-packages/airflow/example_dags/example_params_trigger_ui.py for tasks to queue
[2024-11-06T08:50:24.804+0000] {logging_mixin.py:154} INFO - [2024-11-06T08:50:24.804+0000] {dagbag.py:536} INFO - Filling up the DagBag from /home/airflow/.local/lib/python3.8/site-packages/airflow/example_dags/example_params_trigger_ui.py
[2024-11-06T08:50:24.811+0000] {processor.py:839} INFO - DAG(s) dict_keys(['example_params_trigger_ui']) retrieved from /home/airflow/.local/lib/python3.8/site-packages/airflow/example_dags/example_params_trigger_ui.py
[2024-11-06T08:50:24.831+0000] {logging_mixin.py:154} INFO - [2024-11-06T08:50:24.831+0000] {dag.py:2941} INFO - Sync 1 DAGs
[2024-11-06T08:50:24.837+0000] {logging_mixin.py:154} INFO - [2024-11-06T08:50:24.837+0000] {dag.py:3722} INFO - Setting next_dagrun for example_params_trigger_ui to None, run_after=None
[2024-11-06T08:50:24.847+0000] {processor.py:179} INFO - Processing /home/airflow/.local/lib/python3.8/site-packages/airflow/example_dags/example_params_trigger_ui.py took 0.046 seconds
[2024-11-06T08:50:55.046+0000] {processor.py:157} INFO - Started process (PID=885) to work on /home/airflow/.local/lib/python3.8/site-packages/airflow/example_dags/example_params_trigger_ui.py
[2024-11-06T08:50:55.046+0000] {processor.py:829} INFO - Processing file /home/airflow/.local/lib/python3.8/site-packages/airflow/example_dags/example_params_trigger_ui.py for tasks to queue
[2024-11-06T08:50:55.047+0000] {logging_mixin.py:154} INFO - [2024-11-06T08:50:55.047+0000] {dagbag.py:536} INFO - Filling up the DagBag from /home/airflow/.local/lib/python3.8/site-packages/airflow/example_dags/example_params_trigger_ui.py
[2024-11-06T08:50:55.055+0000] {processor.py:839} INFO - DAG(s) dict_keys(['example_params_trigger_ui']) retrieved from /home/airflow/.local/lib/python3.8/site-packages/airflow/example_dags/example_params_trigger_ui.py
[2024-11-06T08:50:55.075+0000] {logging_mixin.py:154} INFO - [2024-11-06T08:50:55.075+0000] {dag.py:2941} INFO - Sync 1 DAGs
[2024-11-06T08:50:55.080+0000] {logging_mixin.py:154} INFO - [2024-11-06T08:50:55.080+0000] {dag.py:3722} INFO - Setting next_dagrun for example_params_trigger_ui to None, run_after=None
[2024-11-06T08:50:55.087+0000] {processor.py:179} INFO - Processing /home/airflow/.local/lib/python3.8/site-packages/airflow/example_dags/example_params_trigger_ui.py took 0.043 seconds
[2024-11-06T08:51:25.419+0000] {processor.py:157} INFO - Started process (PID=939) to work on /home/airflow/.local/lib/python3.8/site-packages/airflow/example_dags/example_params_trigger_ui.py
[2024-11-06T08:51:25.419+0000] {processor.py:829} INFO - Processing file /home/airflow/.local/lib/python3.8/site-packages/airflow/example_dags/example_params_trigger_ui.py for tasks to queue
[2024-11-06T08:51:25.420+0000] {logging_mixin.py:154} INFO - [2024-11-06T08:51:25.420+0000] {dagbag.py:536} INFO - Filling up the DagBag from /home/airflow/.local/lib/python3.8/site-packages/airflow/example_dags/example_params_trigger_ui.py
[2024-11-06T08:51:25.428+0000] {processor.py:839} INFO - DAG(s) dict_keys(['example_params_trigger_ui']) retrieved from /home/airflow/.local/lib/python3.8/site-packages/airflow/example_dags/example_params_trigger_ui.py
[2024-11-06T08:51:25.450+0000] {logging_mixin.py:154} INFO - [2024-11-06T08:51:25.450+0000] {dag.py:2941} INFO - Sync 1 DAGs
[2024-11-06T08:51:25.455+0000] {logging_mixin.py:154} INFO - [2024-11-06T08:51:25.455+0000] {dag.py:3722} INFO - Setting next_dagrun for example_params_trigger_ui to None, run_after=None
[2024-11-06T08:51:25.461+0000] {processor.py:179} INFO - Processing /home/airflow/.local/lib/python3.8/site-packages/airflow/example_dags/example_params_trigger_ui.py took 0.044 seconds
[2024-11-06T08:51:55.720+0000] {processor.py:157} INFO - Started process (PID=993) to work on /home/airflow/.local/lib/python3.8/site-packages/airflow/example_dags/example_params_trigger_ui.py
[2024-11-06T08:51:55.723+0000] {processor.py:829} INFO - Processing file /home/airflow/.local/lib/python3.8/site-packages/airflow/example_dags/example_params_trigger_ui.py for tasks to queue
[2024-11-06T08:51:55.724+0000] {logging_mixin.py:154} INFO - [2024-11-06T08:51:55.723+0000] {dagbag.py:536} INFO - Filling up the DagBag from /home/airflow/.local/lib/python3.8/site-packages/airflow/example_dags/example_params_trigger_ui.py
[2024-11-06T08:51:55.731+0000] {processor.py:839} INFO - DAG(s) dict_keys(['example_params_trigger_ui']) retrieved from /home/airflow/.local/lib/python3.8/site-packages/airflow/example_dags/example_params_trigger_ui.py
[2024-11-06T08:51:55.750+0000] {logging_mixin.py:154} INFO - [2024-11-06T08:51:55.750+0000] {dag.py:2941} INFO - Sync 1 DAGs
[2024-11-06T08:51:55.755+0000] {logging_mixin.py:154} INFO - [2024-11-06T08:51:55.755+0000] {dag.py:3722} INFO - Setting next_dagrun for example_params_trigger_ui to None, run_after=None
[2024-11-06T08:51:55.762+0000] {processor.py:179} INFO - Processing /home/airflow/.local/lib/python3.8/site-packages/airflow/example_dags/example_params_trigger_ui.py took 0.044 seconds
[2024-11-06T08:52:26.096+0000] {processor.py:157} INFO - Started process (PID=1047) to work on /home/airflow/.local/lib/python3.8/site-packages/airflow/example_dags/example_params_trigger_ui.py
[2024-11-06T08:52:26.096+0000] {processor.py:829} INFO - Processing file /home/airflow/.local/lib/python3.8/site-packages/airflow/example_dags/example_params_trigger_ui.py for tasks to queue
[2024-11-06T08:52:26.097+0000] {logging_mixin.py:154} INFO - [2024-11-06T08:52:26.097+0000] {dagbag.py:536} INFO - Filling up the DagBag from /home/airflow/.local/lib/python3.8/site-packages/airflow/example_dags/example_params_trigger_ui.py
[2024-11-06T08:52:26.104+0000] {processor.py:839} INFO - DAG(s) dict_keys(['example_params_trigger_ui']) retrieved from /home/airflow/.local/lib/python3.8/site-packages/airflow/example_dags/example_params_trigger_ui.py
[2024-11-06T08:52:26.123+0000] {logging_mixin.py:154} INFO - [2024-11-06T08:52:26.123+0000] {dag.py:2941} INFO - Sync 1 DAGs
[2024-11-06T08:52:26.127+0000] {logging_mixin.py:154} INFO - [2024-11-06T08:52:26.127+0000] {dag.py:3722} INFO - Setting next_dagrun for example_params_trigger_ui to None, run_after=None
[2024-11-06T08:52:26.136+0000] {processor.py:179} INFO - Processing /home/airflow/.local/lib/python3.8/site-packages/airflow/example_dags/example_params_trigger_ui.py took 0.042 seconds
[2024-11-06T08:52:56.789+0000] {processor.py:157} INFO - Started process (PID=1101) to work on /home/airflow/.local/lib/python3.8/site-packages/airflow/example_dags/example_params_trigger_ui.py
[2024-11-06T08:52:56.790+0000] {processor.py:829} INFO - Processing file /home/airflow/.local/lib/python3.8/site-packages/airflow/example_dags/example_params_trigger_ui.py for tasks to queue
[2024-11-06T08:52:56.791+0000] {logging_mixin.py:154} INFO - [2024-11-06T08:52:56.790+0000] {dagbag.py:536} INFO - Filling up the DagBag from /home/airflow/.local/lib/python3.8/site-packages/airflow/example_dags/example_params_trigger_ui.py
[2024-11-06T08:52:56.798+0000] {processor.py:839} INFO - DAG(s) dict_keys(['example_params_trigger_ui']) retrieved from /home/airflow/.local/lib/python3.8/site-packages/airflow/example_dags/example_params_trigger_ui.py
[2024-11-06T08:52:56.819+0000] {logging_mixin.py:154} INFO - [2024-11-06T08:52:56.819+0000] {dag.py:2941} INFO - Sync 1 DAGs
[2024-11-06T08:52:56.824+0000] {logging_mixin.py:154} INFO - [2024-11-06T08:52:56.824+0000] {dag.py:3722} INFO - Setting next_dagrun for example_params_trigger_ui to None, run_after=None
[2024-11-06T08:52:56.833+0000] {processor.py:179} INFO - Processing /home/airflow/.local/lib/python3.8/site-packages/airflow/example_dags/example_params_trigger_ui.py took 0.046 seconds
[2024-11-06T08:53:27.012+0000] {processor.py:157} INFO - Started process (PID=1155) to work on /home/airflow/.local/lib/python3.8/site-packages/airflow/example_dags/example_params_trigger_ui.py
[2024-11-06T08:53:27.013+0000] {processor.py:829} INFO - Processing file /home/airflow/.local/lib/python3.8/site-packages/airflow/example_dags/example_params_trigger_ui.py for tasks to queue
[2024-11-06T08:53:27.014+0000] {logging_mixin.py:154} INFO - [2024-11-06T08:53:27.014+0000] {dagbag.py:536} INFO - Filling up the DagBag from /home/airflow/.local/lib/python3.8/site-packages/airflow/example_dags/example_params_trigger_ui.py
[2024-11-06T08:53:27.021+0000] {processor.py:839} INFO - DAG(s) dict_keys(['example_params_trigger_ui']) retrieved from /home/airflow/.local/lib/python3.8/site-packages/airflow/example_dags/example_params_trigger_ui.py
[2024-11-06T08:53:27.040+0000] {logging_mixin.py:154} INFO - [2024-11-06T08:53:27.040+0000] {dag.py:2941} INFO - Sync 1 DAGs
[2024-11-06T08:53:27.045+0000] {logging_mixin.py:154} INFO - [2024-11-06T08:53:27.045+0000] {dag.py:3722} INFO - Setting next_dagrun for example_params_trigger_ui to None, run_after=None
[2024-11-06T08:53:27.052+0000] {processor.py:179} INFO - Processing /home/airflow/.local/lib/python3.8/site-packages/airflow/example_dags/example_params_trigger_ui.py took 0.041 seconds
[2024-11-06T08:53:57.739+0000] {processor.py:157} INFO - Started process (PID=1209) to work on /home/airflow/.local/lib/python3.8/site-packages/airflow/example_dags/example_params_trigger_ui.py
[2024-11-06T08:53:57.739+0000] {processor.py:829} INFO - Processing file /home/airflow/.local/lib/python3.8/site-packages/airflow/example_dags/example_params_trigger_ui.py for tasks to queue
[2024-11-06T08:53:57.740+0000] {logging_mixin.py:154} INFO - [2024-11-06T08:53:57.740+0000] {dagbag.py:536} INFO - Filling up the DagBag from /home/airflow/.local/lib/python3.8/site-packages/airflow/example_dags/example_params_trigger_ui.py
[2024-11-06T08:53:57.748+0000] {processor.py:839} INFO - DAG(s) dict_keys(['example_params_trigger_ui']) retrieved from /home/airflow/.local/lib/python3.8/site-packages/airflow/example_dags/example_params_trigger_ui.py
[2024-11-06T08:53:57.766+0000] {logging_mixin.py:154} INFO - [2024-11-06T08:53:57.766+0000] {dag.py:2941} INFO - Sync 1 DAGs
[2024-11-06T08:53:57.772+0000] {logging_mixin.py:154} INFO - [2024-11-06T08:53:57.772+0000] {dag.py:3722} INFO - Setting next_dagrun for example_params_trigger_ui to None, run_after=None
[2024-11-06T08:53:57.778+0000] {processor.py:179} INFO - Processing /home/airflow/.local/lib/python3.8/site-packages/airflow/example_dags/example_params_trigger_ui.py took 0.041 seconds
[2024-11-06T08:54:28.624+0000] {processor.py:157} INFO - Started process (PID=1263) to work on /home/airflow/.local/lib/python3.8/site-packages/airflow/example_dags/example_params_trigger_ui.py
[2024-11-06T08:54:28.625+0000] {processor.py:829} INFO - Processing file /home/airflow/.local/lib/python3.8/site-packages/airflow/example_dags/example_params_trigger_ui.py for tasks to queue
[2024-11-06T08:54:28.626+0000] {logging_mixin.py:154} INFO - [2024-11-06T08:54:28.625+0000] {dagbag.py:536} INFO - Filling up the DagBag from /home/airflow/.local/lib/python3.8/site-packages/airflow/example_dags/example_params_trigger_ui.py
[2024-11-06T08:54:28.633+0000] {processor.py:839} INFO - DAG(s) dict_keys(['example_params_trigger_ui']) retrieved from /home/airflow/.local/lib/python3.8/site-packages/airflow/example_dags/example_params_trigger_ui.py
[2024-11-06T08:54:28.653+0000] {logging_mixin.py:154} INFO - [2024-11-06T08:54:28.653+0000] {dag.py:2941} INFO - Sync 1 DAGs
[2024-11-06T08:54:28.658+0000] {logging_mixin.py:154} INFO - [2024-11-06T08:54:28.658+0000] {dag.py:3722} INFO - Setting next_dagrun for example_params_trigger_ui to None, run_after=None
[2024-11-06T08:54:28.666+0000] {processor.py:179} INFO - Processing /home/airflow/.local/lib/python3.8/site-packages/airflow/example_dags/example_params_trigger_ui.py took 0.043 seconds
[2024-11-06T08:54:59.021+0000] {processor.py:157} INFO - Started process (PID=1317) to work on /home/airflow/.local/lib/python3.8/site-packages/airflow/example_dags/example_params_trigger_ui.py
[2024-11-06T08:54:59.021+0000] {processor.py:829} INFO - Processing file /home/airflow/.local/lib/python3.8/site-packages/airflow/example_dags/example_params_trigger_ui.py for tasks to queue
[2024-11-06T08:54:59.022+0000] {logging_mixin.py:154} INFO - [2024-11-06T08:54:59.022+0000] {dagbag.py:536} INFO - Filling up the DagBag from /home/airflow/.local/lib/python3.8/site-packages/airflow/example_dags/example_params_trigger_ui.py
[2024-11-06T08:54:59.029+0000] {processor.py:839} INFO - DAG(s) dict_keys(['example_params_trigger_ui']) retrieved from /home/airflow/.local/lib/python3.8/site-packages/airflow/example_dags/example_params_trigger_ui.py
[2024-11-06T08:54:59.049+0000] {logging_mixin.py:154} INFO - [2024-11-06T08:54:59.049+0000] {dag.py:2941} INFO - Sync 1 DAGs
[2024-11-06T08:54:59.055+0000] {logging_mixin.py:154} INFO - [2024-11-06T08:54:59.055+0000] {dag.py:3722} INFO - Setting next_dagrun for example_params_trigger_ui to None, run_after=None
[2024-11-06T08:54:59.064+0000] {processor.py:179} INFO - Processing /home/airflow/.local/lib/python3.8/site-packages/airflow/example_dags/example_params_trigger_ui.py took 0.045 seconds
[2024-11-06T08:55:29.876+0000] {processor.py:157} INFO - Started process (PID=1371) to work on /home/airflow/.local/lib/python3.8/site-packages/airflow/example_dags/example_params_trigger_ui.py
[2024-11-06T08:55:29.876+0000] {processor.py:829} INFO - Processing file /home/airflow/.local/lib/python3.8/site-packages/airflow/example_dags/example_params_trigger_ui.py for tasks to queue
[2024-11-06T08:55:29.877+0000] {logging_mixin.py:154} INFO - [2024-11-06T08:55:29.877+0000] {dagbag.py:536} INFO - Filling up the DagBag from /home/airflow/.local/lib/python3.8/site-packages/airflow/example_dags/example_params_trigger_ui.py
[2024-11-06T08:55:29.885+0000] {processor.py:839} INFO - DAG(s) dict_keys(['example_params_trigger_ui']) retrieved from /home/airflow/.local/lib/python3.8/site-packages/airflow/example_dags/example_params_trigger_ui.py
[2024-11-06T08:55:29.905+0000] {logging_mixin.py:154} INFO - [2024-11-06T08:55:29.905+0000] {dag.py:2941} INFO - Sync 1 DAGs
[2024-11-06T08:55:29.912+0000] {logging_mixin.py:154} INFO - [2024-11-06T08:55:29.912+0000] {dag.py:3722} INFO - Setting next_dagrun for example_params_trigger_ui to None, run_after=None
[2024-11-06T08:55:29.919+0000] {processor.py:179} INFO - Processing /home/airflow/.local/lib/python3.8/site-packages/airflow/example_dags/example_params_trigger_ui.py took 0.044 seconds
[2024-11-06T08:56:00.838+0000] {processor.py:157} INFO - Started process (PID=1425) to work on /home/airflow/.local/lib/python3.8/site-packages/airflow/example_dags/example_params_trigger_ui.py
[2024-11-06T08:56:00.838+0000] {processor.py:829} INFO - Processing file /home/airflow/.local/lib/python3.8/site-packages/airflow/example_dags/example_params_trigger_ui.py for tasks to queue
[2024-11-06T08:56:00.839+0000] {logging_mixin.py:154} INFO - [2024-11-06T08:56:00.839+0000] {dagbag.py:536} INFO - Filling up the DagBag from /home/airflow/.local/lib/python3.8/site-packages/airflow/example_dags/example_params_trigger_ui.py
[2024-11-06T08:56:00.846+0000] {processor.py:839} INFO - DAG(s) dict_keys(['example_params_trigger_ui']) retrieved from /home/airflow/.local/lib/python3.8/site-packages/airflow/example_dags/example_params_trigger_ui.py
[2024-11-06T08:56:00.941+0000] {logging_mixin.py:154} INFO - [2024-11-06T08:56:00.940+0000] {dag.py:2941} INFO - Sync 1 DAGs
[2024-11-06T08:56:00.946+0000] {logging_mixin.py:154} INFO - [2024-11-06T08:56:00.946+0000] {dag.py:3722} INFO - Setting next_dagrun for example_params_trigger_ui to None, run_after=None
[2024-11-06T08:56:00.952+0000] {processor.py:179} INFO - Processing /home/airflow/.local/lib/python3.8/site-packages/airflow/example_dags/example_params_trigger_ui.py took 0.116 seconds
[2024-11-06T08:56:31.755+0000] {processor.py:157} INFO - Started process (PID=1479) to work on /home/airflow/.local/lib/python3.8/site-packages/airflow/example_dags/example_params_trigger_ui.py
[2024-11-06T08:56:31.756+0000] {processor.py:829} INFO - Processing file /home/airflow/.local/lib/python3.8/site-packages/airflow/example_dags/example_params_trigger_ui.py for tasks to queue
[2024-11-06T08:56:31.757+0000] {logging_mixin.py:154} INFO - [2024-11-06T08:56:31.757+0000] {dagbag.py:536} INFO - Filling up the DagBag from /home/airflow/.local/lib/python3.8/site-packages/airflow/example_dags/example_params_trigger_ui.py
[2024-11-06T08:56:31.764+0000] {processor.py:839} INFO - DAG(s) dict_keys(['example_params_trigger_ui']) retrieved from /home/airflow/.local/lib/python3.8/site-packages/airflow/example_dags/example_params_trigger_ui.py
[2024-11-06T08:56:31.784+0000] {logging_mixin.py:154} INFO - [2024-11-06T08:56:31.783+0000] {dag.py:2941} INFO - Sync 1 DAGs
[2024-11-06T08:56:31.789+0000] {logging_mixin.py:154} INFO - [2024-11-06T08:56:31.789+0000] {dag.py:3722} INFO - Setting next_dagrun for example_params_trigger_ui to None, run_after=None
[2024-11-06T08:56:31.797+0000] {processor.py:179} INFO - Processing /home/airflow/.local/lib/python3.8/site-packages/airflow/example_dags/example_params_trigger_ui.py took 0.043 seconds
[2024-11-06T08:57:02.104+0000] {processor.py:157} INFO - Started process (PID=1533) to work on /home/airflow/.local/lib/python3.8/site-packages/airflow/example_dags/example_params_trigger_ui.py
[2024-11-06T08:57:02.104+0000] {processor.py:829} INFO - Processing file /home/airflow/.local/lib/python3.8/site-packages/airflow/example_dags/example_params_trigger_ui.py for tasks to queue
[2024-11-06T08:57:02.108+0000] {logging_mixin.py:154} INFO - [2024-11-06T08:57:02.107+0000] {dagbag.py:536} INFO - Filling up the DagBag from /home/airflow/.local/lib/python3.8/site-packages/airflow/example_dags/example_params_trigger_ui.py
[2024-11-06T08:57:02.115+0000] {processor.py:839} INFO - DAG(s) dict_keys(['example_params_trigger_ui']) retrieved from /home/airflow/.local/lib/python3.8/site-packages/airflow/example_dags/example_params_trigger_ui.py
[2024-11-06T08:57:02.137+0000] {logging_mixin.py:154} INFO - [2024-11-06T08:57:02.137+0000] {dag.py:2941} INFO - Sync 1 DAGs
[2024-11-06T08:57:02.145+0000] {logging_mixin.py:154} INFO - [2024-11-06T08:57:02.145+0000] {dag.py:3722} INFO - Setting next_dagrun for example_params_trigger_ui to None, run_after=None
[2024-11-06T08:57:02.154+0000] {processor.py:179} INFO - Processing /home/airflow/.local/lib/python3.8/site-packages/airflow/example_dags/example_params_trigger_ui.py took 0.051 seconds
[2024-11-06T08:57:32.410+0000] {processor.py:157} INFO - Started process (PID=1587) to work on /home/airflow/.local/lib/python3.8/site-packages/airflow/example_dags/example_params_trigger_ui.py
[2024-11-06T08:57:32.410+0000] {processor.py:829} INFO - Processing file /home/airflow/.local/lib/python3.8/site-packages/airflow/example_dags/example_params_trigger_ui.py for tasks to queue
[2024-11-06T08:57:32.411+0000] {logging_mixin.py:154} INFO - [2024-11-06T08:57:32.411+0000] {dagbag.py:536} INFO - Filling up the DagBag from /home/airflow/.local/lib/python3.8/site-packages/airflow/example_dags/example_params_trigger_ui.py
[2024-11-06T08:57:32.419+0000] {processor.py:839} INFO - DAG(s) dict_keys(['example_params_trigger_ui']) retrieved from /home/airflow/.local/lib/python3.8/site-packages/airflow/example_dags/example_params_trigger_ui.py
[2024-11-06T08:57:32.516+0000] {logging_mixin.py:154} INFO - [2024-11-06T08:57:32.516+0000] {dag.py:2941} INFO - Sync 1 DAGs
[2024-11-06T08:57:32.521+0000] {logging_mixin.py:154} INFO - [2024-11-06T08:57:32.521+0000] {dag.py:3722} INFO - Setting next_dagrun for example_params_trigger_ui to None, run_after=None
[2024-11-06T08:57:32.528+0000] {processor.py:179} INFO - Processing /home/airflow/.local/lib/python3.8/site-packages/airflow/example_dags/example_params_trigger_ui.py took 0.120 seconds
[2024-11-06T08:58:03.519+0000] {processor.py:157} INFO - Started process (PID=1640) to work on /home/airflow/.local/lib/python3.8/site-packages/airflow/example_dags/example_params_trigger_ui.py
[2024-11-06T08:58:03.522+0000] {processor.py:829} INFO - Processing file /home/airflow/.local/lib/python3.8/site-packages/airflow/example_dags/example_params_trigger_ui.py for tasks to queue
[2024-11-06T08:58:03.524+0000] {logging_mixin.py:154} INFO - [2024-11-06T08:58:03.523+0000] {dagbag.py:536} INFO - Filling up the DagBag from /home/airflow/.local/lib/python3.8/site-packages/airflow/example_dags/example_params_trigger_ui.py
[2024-11-06T08:58:03.531+0000] {processor.py:839} INFO - DAG(s) dict_keys(['example_params_trigger_ui']) retrieved from /home/airflow/.local/lib/python3.8/site-packages/airflow/example_dags/example_params_trigger_ui.py
[2024-11-06T08:58:03.552+0000] {logging_mixin.py:154} INFO - [2024-11-06T08:58:03.552+0000] {dag.py:2941} INFO - Sync 1 DAGs
[2024-11-06T08:58:03.561+0000] {logging_mixin.py:154} INFO - [2024-11-06T08:58:03.560+0000] {dag.py:3722} INFO - Setting next_dagrun for example_params_trigger_ui to None, run_after=None
[2024-11-06T08:58:03.569+0000] {processor.py:179} INFO - Processing /home/airflow/.local/lib/python3.8/site-packages/airflow/example_dags/example_params_trigger_ui.py took 0.052 seconds
[2024-11-06T08:58:33.842+0000] {processor.py:157} INFO - Started process (PID=1694) to work on /home/airflow/.local/lib/python3.8/site-packages/airflow/example_dags/example_params_trigger_ui.py
[2024-11-06T08:58:33.842+0000] {processor.py:829} INFO - Processing file /home/airflow/.local/lib/python3.8/site-packages/airflow/example_dags/example_params_trigger_ui.py for tasks to queue
[2024-11-06T08:58:33.843+0000] {logging_mixin.py:154} INFO - [2024-11-06T08:58:33.843+0000] {dagbag.py:536} INFO - Filling up the DagBag from /home/airflow/.local/lib/python3.8/site-packages/airflow/example_dags/example_params_trigger_ui.py
[2024-11-06T08:58:33.929+0000] {processor.py:839} INFO - DAG(s) dict_keys(['example_params_trigger_ui']) retrieved from /home/airflow/.local/lib/python3.8/site-packages/airflow/example_dags/example_params_trigger_ui.py
[2024-11-06T08:58:33.946+0000] {logging_mixin.py:154} INFO - [2024-11-06T08:58:33.946+0000] {dag.py:2941} INFO - Sync 1 DAGs
[2024-11-06T08:58:33.951+0000] {logging_mixin.py:154} INFO - [2024-11-06T08:58:33.951+0000] {dag.py:3722} INFO - Setting next_dagrun for example_params_trigger_ui to None, run_after=None
[2024-11-06T08:58:33.959+0000] {processor.py:179} INFO - Processing /home/airflow/.local/lib/python3.8/site-packages/airflow/example_dags/example_params_trigger_ui.py took 0.119 seconds
[2024-11-06T09:17:57.156+0000] {processor.py:157} INFO - Started process (PID=1739) to work on /home/airflow/.local/lib/python3.8/site-packages/airflow/example_dags/example_params_trigger_ui.py
[2024-11-06T09:17:57.157+0000] {processor.py:829} INFO - Processing file /home/airflow/.local/lib/python3.8/site-packages/airflow/example_dags/example_params_trigger_ui.py for tasks to queue
[2024-11-06T09:17:57.161+0000] {logging_mixin.py:154} INFO - [2024-11-06T09:17:57.160+0000] {dagbag.py:536} INFO - Filling up the DagBag from /home/airflow/.local/lib/python3.8/site-packages/airflow/example_dags/example_params_trigger_ui.py
[2024-11-06T09:17:57.176+0000] {processor.py:839} INFO - DAG(s) dict_keys(['example_params_trigger_ui']) retrieved from /home/airflow/.local/lib/python3.8/site-packages/airflow/example_dags/example_params_trigger_ui.py
[2024-11-06T09:17:57.226+0000] {logging_mixin.py:154} INFO - [2024-11-06T09:17:57.226+0000] {dag.py:2941} INFO - Sync 1 DAGs
[2024-11-06T09:17:57.240+0000] {logging_mixin.py:154} INFO - [2024-11-06T09:17:57.240+0000] {dag.py:3722} INFO - Setting next_dagrun for example_params_trigger_ui to None, run_after=None
[2024-11-06T09:17:57.261+0000] {processor.py:179} INFO - Processing /home/airflow/.local/lib/python3.8/site-packages/airflow/example_dags/example_params_trigger_ui.py took 0.108 seconds
[2024-11-06T09:29:43.719+0000] {processor.py:157} INFO - Started process (PID=1793) to work on /home/airflow/.local/lib/python3.8/site-packages/airflow/example_dags/example_params_trigger_ui.py
[2024-11-06T09:29:43.721+0000] {processor.py:829} INFO - Processing file /home/airflow/.local/lib/python3.8/site-packages/airflow/example_dags/example_params_trigger_ui.py for tasks to queue
[2024-11-06T09:29:43.722+0000] {logging_mixin.py:154} INFO - [2024-11-06T09:29:43.722+0000] {dagbag.py:536} INFO - Filling up the DagBag from /home/airflow/.local/lib/python3.8/site-packages/airflow/example_dags/example_params_trigger_ui.py
[2024-11-06T09:29:43.729+0000] {processor.py:839} INFO - DAG(s) dict_keys(['example_params_trigger_ui']) retrieved from /home/airflow/.local/lib/python3.8/site-packages/airflow/example_dags/example_params_trigger_ui.py
[2024-11-06T09:29:43.755+0000] {logging_mixin.py:154} INFO - [2024-11-06T09:29:43.755+0000] {dag.py:2941} INFO - Sync 1 DAGs
[2024-11-06T09:29:43.759+0000] {logging_mixin.py:154} INFO - [2024-11-06T09:29:43.759+0000] {dag.py:3722} INFO - Setting next_dagrun for example_params_trigger_ui to None, run_after=None
[2024-11-06T09:29:43.769+0000] {processor.py:179} INFO - Processing /home/airflow/.local/lib/python3.8/site-packages/airflow/example_dags/example_params_trigger_ui.py took 0.052 seconds
[2024-11-06T10:28:13.544+0000] {processor.py:157} INFO - Started process (PID=1847) to work on /home/airflow/.local/lib/python3.8/site-packages/airflow/example_dags/example_params_trigger_ui.py
[2024-11-06T10:28:13.545+0000] {processor.py:829} INFO - Processing file /home/airflow/.local/lib/python3.8/site-packages/airflow/example_dags/example_params_trigger_ui.py for tasks to queue
[2024-11-06T10:28:13.547+0000] {logging_mixin.py:154} INFO - [2024-11-06T10:28:13.547+0000] {dagbag.py:536} INFO - Filling up the DagBag from /home/airflow/.local/lib/python3.8/site-packages/airflow/example_dags/example_params_trigger_ui.py
[2024-11-06T10:28:13.559+0000] {processor.py:839} INFO - DAG(s) dict_keys(['example_params_trigger_ui']) retrieved from /home/airflow/.local/lib/python3.8/site-packages/airflow/example_dags/example_params_trigger_ui.py
[2024-11-06T10:28:13.607+0000] {logging_mixin.py:154} INFO - [2024-11-06T10:28:13.607+0000] {dag.py:2941} INFO - Sync 1 DAGs
[2024-11-06T10:28:13.621+0000] {logging_mixin.py:154} INFO - [2024-11-06T10:28:13.621+0000] {dag.py:3722} INFO - Setting next_dagrun for example_params_trigger_ui to None, run_after=None
[2024-11-06T10:28:13.647+0000] {processor.py:179} INFO - Processing /home/airflow/.local/lib/python3.8/site-packages/airflow/example_dags/example_params_trigger_ui.py took 0.106 seconds
[2024-11-06T11:31:03.499+0000] {processor.py:157} INFO - Started process (PID=1901) to work on /home/airflow/.local/lib/python3.8/site-packages/airflow/example_dags/example_params_trigger_ui.py
[2024-11-06T11:31:03.499+0000] {processor.py:829} INFO - Processing file /home/airflow/.local/lib/python3.8/site-packages/airflow/example_dags/example_params_trigger_ui.py for tasks to queue
[2024-11-06T11:31:03.500+0000] {logging_mixin.py:154} INFO - [2024-11-06T11:31:03.500+0000] {dagbag.py:536} INFO - Filling up the DagBag from /home/airflow/.local/lib/python3.8/site-packages/airflow/example_dags/example_params_trigger_ui.py
[2024-11-06T11:31:03.509+0000] {processor.py:839} INFO - DAG(s) dict_keys(['example_params_trigger_ui']) retrieved from /home/airflow/.local/lib/python3.8/site-packages/airflow/example_dags/example_params_trigger_ui.py
[2024-11-06T11:31:03.530+0000] {logging_mixin.py:154} INFO - [2024-11-06T11:31:03.530+0000] {dag.py:2941} INFO - Sync 1 DAGs
[2024-11-06T11:31:03.537+0000] {logging_mixin.py:154} INFO - [2024-11-06T11:31:03.536+0000] {dag.py:3722} INFO - Setting next_dagrun for example_params_trigger_ui to None, run_after=None
[2024-11-06T11:31:03.545+0000] {processor.py:179} INFO - Processing /home/airflow/.local/lib/python3.8/site-packages/airflow/example_dags/example_params_trigger_ui.py took 0.048 seconds
[2024-11-06T11:59:50.295+0000] {processor.py:157} INFO - Started process (PID=1955) to work on /home/airflow/.local/lib/python3.8/site-packages/airflow/example_dags/example_params_trigger_ui.py
[2024-11-06T11:59:50.296+0000] {processor.py:829} INFO - Processing file /home/airflow/.local/lib/python3.8/site-packages/airflow/example_dags/example_params_trigger_ui.py for tasks to queue
[2024-11-06T11:59:50.298+0000] {logging_mixin.py:154} INFO - [2024-11-06T11:59:50.298+0000] {dagbag.py:536} INFO - Filling up the DagBag from /home/airflow/.local/lib/python3.8/site-packages/airflow/example_dags/example_params_trigger_ui.py
[2024-11-06T11:59:50.306+0000] {processor.py:839} INFO - DAG(s) dict_keys(['example_params_trigger_ui']) retrieved from /home/airflow/.local/lib/python3.8/site-packages/airflow/example_dags/example_params_trigger_ui.py
[2024-11-06T11:59:50.330+0000] {logging_mixin.py:154} INFO - [2024-11-06T11:59:50.330+0000] {dag.py:2941} INFO - Sync 1 DAGs
[2024-11-06T11:59:50.335+0000] {logging_mixin.py:154} INFO - [2024-11-06T11:59:50.335+0000] {dag.py:3722} INFO - Setting next_dagrun for example_params_trigger_ui to None, run_after=None
[2024-11-06T11:59:50.347+0000] {processor.py:179} INFO - Processing /home/airflow/.local/lib/python3.8/site-packages/airflow/example_dags/example_params_trigger_ui.py took 0.054 seconds
[2024-11-06T12:50:47.529+0000] {processor.py:157} INFO - Started process (PID=2009) to work on /home/airflow/.local/lib/python3.8/site-packages/airflow/example_dags/example_params_trigger_ui.py
[2024-11-06T12:50:47.532+0000] {processor.py:829} INFO - Processing file /home/airflow/.local/lib/python3.8/site-packages/airflow/example_dags/example_params_trigger_ui.py for tasks to queue
[2024-11-06T12:50:47.536+0000] {logging_mixin.py:154} INFO - [2024-11-06T12:50:47.535+0000] {dagbag.py:536} INFO - Filling up the DagBag from /home/airflow/.local/lib/python3.8/site-packages/airflow/example_dags/example_params_trigger_ui.py
[2024-11-06T12:50:47.546+0000] {processor.py:839} INFO - DAG(s) dict_keys(['example_params_trigger_ui']) retrieved from /home/airflow/.local/lib/python3.8/site-packages/airflow/example_dags/example_params_trigger_ui.py
[2024-11-06T12:50:47.576+0000] {logging_mixin.py:154} INFO - [2024-11-06T12:50:47.576+0000] {dag.py:2941} INFO - Sync 1 DAGs
[2024-11-06T12:50:47.584+0000] {logging_mixin.py:154} INFO - [2024-11-06T12:50:47.584+0000] {dag.py:3722} INFO - Setting next_dagrun for example_params_trigger_ui to None, run_after=None
[2024-11-06T12:50:47.607+0000] {processor.py:179} INFO - Processing /home/airflow/.local/lib/python3.8/site-packages/airflow/example_dags/example_params_trigger_ui.py took 0.081 seconds
[2024-11-06T12:52:35.474+0000] {processor.py:157} INFO - Started process (PID=2063) to work on /home/airflow/.local/lib/python3.8/site-packages/airflow/example_dags/example_params_trigger_ui.py
[2024-11-06T12:52:35.474+0000] {processor.py:829} INFO - Processing file /home/airflow/.local/lib/python3.8/site-packages/airflow/example_dags/example_params_trigger_ui.py for tasks to queue
[2024-11-06T12:52:35.475+0000] {logging_mixin.py:154} INFO - [2024-11-06T12:52:35.475+0000] {dagbag.py:536} INFO - Filling up the DagBag from /home/airflow/.local/lib/python3.8/site-packages/airflow/example_dags/example_params_trigger_ui.py
[2024-11-06T12:52:35.482+0000] {processor.py:839} INFO - DAG(s) dict_keys(['example_params_trigger_ui']) retrieved from /home/airflow/.local/lib/python3.8/site-packages/airflow/example_dags/example_params_trigger_ui.py
[2024-11-06T12:52:35.502+0000] {logging_mixin.py:154} INFO - [2024-11-06T12:52:35.502+0000] {dag.py:2941} INFO - Sync 1 DAGs
[2024-11-06T12:52:35.508+0000] {logging_mixin.py:154} INFO - [2024-11-06T12:52:35.508+0000] {dag.py:3722} INFO - Setting next_dagrun for example_params_trigger_ui to None, run_after=None
[2024-11-06T12:52:35.515+0000] {processor.py:179} INFO - Processing /home/airflow/.local/lib/python3.8/site-packages/airflow/example_dags/example_params_trigger_ui.py took 0.042 seconds
[2024-11-06T13:07:16.866+0000] {processor.py:157} INFO - Started process (PID=2117) to work on /home/airflow/.local/lib/python3.8/site-packages/airflow/example_dags/example_params_trigger_ui.py
[2024-11-06T13:07:16.869+0000] {processor.py:829} INFO - Processing file /home/airflow/.local/lib/python3.8/site-packages/airflow/example_dags/example_params_trigger_ui.py for tasks to queue
[2024-11-06T13:07:16.870+0000] {logging_mixin.py:154} INFO - [2024-11-06T13:07:16.870+0000] {dagbag.py:536} INFO - Filling up the DagBag from /home/airflow/.local/lib/python3.8/site-packages/airflow/example_dags/example_params_trigger_ui.py
[2024-11-06T13:07:16.879+0000] {processor.py:839} INFO - DAG(s) dict_keys(['example_params_trigger_ui']) retrieved from /home/airflow/.local/lib/python3.8/site-packages/airflow/example_dags/example_params_trigger_ui.py
[2024-11-06T13:07:16.898+0000] {logging_mixin.py:154} INFO - [2024-11-06T13:07:16.898+0000] {dag.py:2941} INFO - Sync 1 DAGs
[2024-11-06T13:07:16.905+0000] {logging_mixin.py:154} INFO - [2024-11-06T13:07:16.905+0000] {dag.py:3722} INFO - Setting next_dagrun for example_params_trigger_ui to None, run_after=None
[2024-11-06T13:07:16.914+0000] {processor.py:179} INFO - Processing /home/airflow/.local/lib/python3.8/site-packages/airflow/example_dags/example_params_trigger_ui.py took 0.049 seconds
[2024-11-06T13:47:31.751+0000] {processor.py:157} INFO - Started process (PID=2171) to work on /home/airflow/.local/lib/python3.8/site-packages/airflow/example_dags/example_params_trigger_ui.py
[2024-11-06T13:47:31.753+0000] {processor.py:829} INFO - Processing file /home/airflow/.local/lib/python3.8/site-packages/airflow/example_dags/example_params_trigger_ui.py for tasks to queue
[2024-11-06T13:47:31.756+0000] {logging_mixin.py:154} INFO - [2024-11-06T13:47:31.756+0000] {dagbag.py:536} INFO - Filling up the DagBag from /home/airflow/.local/lib/python3.8/site-packages/airflow/example_dags/example_params_trigger_ui.py
[2024-11-06T13:47:31.771+0000] {processor.py:839} INFO - DAG(s) dict_keys(['example_params_trigger_ui']) retrieved from /home/airflow/.local/lib/python3.8/site-packages/airflow/example_dags/example_params_trigger_ui.py
[2024-11-06T13:47:31.802+0000] {logging_mixin.py:154} INFO - [2024-11-06T13:47:31.801+0000] {dag.py:2941} INFO - Sync 1 DAGs
[2024-11-06T13:47:31.814+0000] {logging_mixin.py:154} INFO - [2024-11-06T13:47:31.814+0000] {dag.py:3722} INFO - Setting next_dagrun for example_params_trigger_ui to None, run_after=None
[2024-11-06T13:47:31.839+0000] {processor.py:179} INFO - Processing /home/airflow/.local/lib/python3.8/site-packages/airflow/example_dags/example_params_trigger_ui.py took 0.091 seconds
[2024-11-06T13:55:17.434+0000] {processor.py:157} INFO - Started process (PID=2225) to work on /home/airflow/.local/lib/python3.8/site-packages/airflow/example_dags/example_params_trigger_ui.py
[2024-11-06T13:55:17.436+0000] {processor.py:829} INFO - Processing file /home/airflow/.local/lib/python3.8/site-packages/airflow/example_dags/example_params_trigger_ui.py for tasks to queue
[2024-11-06T13:55:17.437+0000] {logging_mixin.py:154} INFO - [2024-11-06T13:55:17.437+0000] {dagbag.py:536} INFO - Filling up the DagBag from /home/airflow/.local/lib/python3.8/site-packages/airflow/example_dags/example_params_trigger_ui.py
[2024-11-06T13:55:17.444+0000] {processor.py:839} INFO - DAG(s) dict_keys(['example_params_trigger_ui']) retrieved from /home/airflow/.local/lib/python3.8/site-packages/airflow/example_dags/example_params_trigger_ui.py
[2024-11-06T13:55:17.465+0000] {logging_mixin.py:154} INFO - [2024-11-06T13:55:17.465+0000] {dag.py:2941} INFO - Sync 1 DAGs
[2024-11-06T13:55:17.471+0000] {logging_mixin.py:154} INFO - [2024-11-06T13:55:17.471+0000] {dag.py:3722} INFO - Setting next_dagrun for example_params_trigger_ui to None, run_after=None
[2024-11-06T13:55:17.479+0000] {processor.py:179} INFO - Processing /home/airflow/.local/lib/python3.8/site-packages/airflow/example_dags/example_params_trigger_ui.py took 0.047 seconds
[2024-11-06T14:00:21.989+0000] {processor.py:157} INFO - Started process (PID=2279) to work on /home/airflow/.local/lib/python3.8/site-packages/airflow/example_dags/example_params_trigger_ui.py
[2024-11-06T14:00:21.991+0000] {processor.py:829} INFO - Processing file /home/airflow/.local/lib/python3.8/site-packages/airflow/example_dags/example_params_trigger_ui.py for tasks to queue
[2024-11-06T14:00:21.996+0000] {logging_mixin.py:154} INFO - [2024-11-06T14:00:21.996+0000] {dagbag.py:536} INFO - Filling up the DagBag from /home/airflow/.local/lib/python3.8/site-packages/airflow/example_dags/example_params_trigger_ui.py
[2024-11-06T14:00:22.014+0000] {processor.py:839} INFO - DAG(s) dict_keys(['example_params_trigger_ui']) retrieved from /home/airflow/.local/lib/python3.8/site-packages/airflow/example_dags/example_params_trigger_ui.py
[2024-11-06T14:00:22.049+0000] {logging_mixin.py:154} INFO - [2024-11-06T14:00:22.048+0000] {dag.py:2941} INFO - Sync 1 DAGs
[2024-11-06T14:00:22.060+0000] {logging_mixin.py:154} INFO - [2024-11-06T14:00:22.060+0000] {dag.py:3722} INFO - Setting next_dagrun for example_params_trigger_ui to None, run_after=None
[2024-11-06T14:00:22.081+0000] {processor.py:179} INFO - Processing /home/airflow/.local/lib/python3.8/site-packages/airflow/example_dags/example_params_trigger_ui.py took 0.097 seconds
[2024-11-06T14:05:42.137+0000] {processor.py:157} INFO - Started process (PID=2333) to work on /home/airflow/.local/lib/python3.8/site-packages/airflow/example_dags/example_params_trigger_ui.py
[2024-11-06T14:05:42.138+0000] {processor.py:829} INFO - Processing file /home/airflow/.local/lib/python3.8/site-packages/airflow/example_dags/example_params_trigger_ui.py for tasks to queue
[2024-11-06T14:05:42.139+0000] {logging_mixin.py:154} INFO - [2024-11-06T14:05:42.139+0000] {dagbag.py:536} INFO - Filling up the DagBag from /home/airflow/.local/lib/python3.8/site-packages/airflow/example_dags/example_params_trigger_ui.py
[2024-11-06T14:05:42.147+0000] {processor.py:839} INFO - DAG(s) dict_keys(['example_params_trigger_ui']) retrieved from /home/airflow/.local/lib/python3.8/site-packages/airflow/example_dags/example_params_trigger_ui.py
[2024-11-06T14:05:42.168+0000] {logging_mixin.py:154} INFO - [2024-11-06T14:05:42.168+0000] {dag.py:2941} INFO - Sync 1 DAGs
[2024-11-06T14:05:42.173+0000] {logging_mixin.py:154} INFO - [2024-11-06T14:05:42.173+0000] {dag.py:3722} INFO - Setting next_dagrun for example_params_trigger_ui to None, run_after=None
[2024-11-06T14:05:42.182+0000] {processor.py:179} INFO - Processing /home/airflow/.local/lib/python3.8/site-packages/airflow/example_dags/example_params_trigger_ui.py took 0.046 seconds
[2024-11-06T14:09:56.564+0000] {processor.py:157} INFO - Started process (PID=2387) to work on /home/airflow/.local/lib/python3.8/site-packages/airflow/example_dags/example_params_trigger_ui.py
[2024-11-06T14:09:56.565+0000] {processor.py:829} INFO - Processing file /home/airflow/.local/lib/python3.8/site-packages/airflow/example_dags/example_params_trigger_ui.py for tasks to queue
[2024-11-06T14:09:56.568+0000] {logging_mixin.py:154} INFO - [2024-11-06T14:09:56.567+0000] {dagbag.py:536} INFO - Filling up the DagBag from /home/airflow/.local/lib/python3.8/site-packages/airflow/example_dags/example_params_trigger_ui.py
[2024-11-06T14:09:56.576+0000] {processor.py:839} INFO - DAG(s) dict_keys(['example_params_trigger_ui']) retrieved from /home/airflow/.local/lib/python3.8/site-packages/airflow/example_dags/example_params_trigger_ui.py
[2024-11-06T14:09:56.602+0000] {logging_mixin.py:154} INFO - [2024-11-06T14:09:56.602+0000] {dag.py:2941} INFO - Sync 1 DAGs
[2024-11-06T14:09:56.611+0000] {logging_mixin.py:154} INFO - [2024-11-06T14:09:56.611+0000] {dag.py:3722} INFO - Setting next_dagrun for example_params_trigger_ui to None, run_after=None
[2024-11-06T14:09:56.621+0000] {processor.py:179} INFO - Processing /home/airflow/.local/lib/python3.8/site-packages/airflow/example_dags/example_params_trigger_ui.py took 0.059 seconds
[2024-11-06T14:16:57.628+0000] {processor.py:157} INFO - Started process (PID=2441) to work on /home/airflow/.local/lib/python3.8/site-packages/airflow/example_dags/example_params_trigger_ui.py
[2024-11-06T14:16:57.628+0000] {processor.py:829} INFO - Processing file /home/airflow/.local/lib/python3.8/site-packages/airflow/example_dags/example_params_trigger_ui.py for tasks to queue
[2024-11-06T14:16:57.630+0000] {logging_mixin.py:154} INFO - [2024-11-06T14:16:57.630+0000] {dagbag.py:536} INFO - Filling up the DagBag from /home/airflow/.local/lib/python3.8/site-packages/airflow/example_dags/example_params_trigger_ui.py
[2024-11-06T14:16:57.641+0000] {processor.py:839} INFO - DAG(s) dict_keys(['example_params_trigger_ui']) retrieved from /home/airflow/.local/lib/python3.8/site-packages/airflow/example_dags/example_params_trigger_ui.py
[2024-11-06T14:16:57.668+0000] {logging_mixin.py:154} INFO - [2024-11-06T14:16:57.668+0000] {dag.py:2941} INFO - Sync 1 DAGs
[2024-11-06T14:16:57.675+0000] {logging_mixin.py:154} INFO - [2024-11-06T14:16:57.675+0000] {dag.py:3722} INFO - Setting next_dagrun for example_params_trigger_ui to None, run_after=None
[2024-11-06T14:16:57.686+0000] {processor.py:179} INFO - Processing /home/airflow/.local/lib/python3.8/site-packages/airflow/example_dags/example_params_trigger_ui.py took 0.059 seconds
[2024-11-06T14:23:15.280+0000] {processor.py:157} INFO - Started process (PID=2495) to work on /home/airflow/.local/lib/python3.8/site-packages/airflow/example_dags/example_params_trigger_ui.py
[2024-11-06T14:23:15.281+0000] {processor.py:829} INFO - Processing file /home/airflow/.local/lib/python3.8/site-packages/airflow/example_dags/example_params_trigger_ui.py for tasks to queue
[2024-11-06T14:23:15.283+0000] {logging_mixin.py:154} INFO - [2024-11-06T14:23:15.282+0000] {dagbag.py:536} INFO - Filling up the DagBag from /home/airflow/.local/lib/python3.8/site-packages/airflow/example_dags/example_params_trigger_ui.py
[2024-11-06T14:23:15.292+0000] {processor.py:839} INFO - DAG(s) dict_keys(['example_params_trigger_ui']) retrieved from /home/airflow/.local/lib/python3.8/site-packages/airflow/example_dags/example_params_trigger_ui.py
[2024-11-06T14:23:15.314+0000] {logging_mixin.py:154} INFO - [2024-11-06T14:23:15.314+0000] {dag.py:2941} INFO - Sync 1 DAGs
[2024-11-06T14:23:15.322+0000] {logging_mixin.py:154} INFO - [2024-11-06T14:23:15.322+0000] {dag.py:3722} INFO - Setting next_dagrun for example_params_trigger_ui to None, run_after=None
[2024-11-06T14:23:15.332+0000] {processor.py:179} INFO - Processing /home/airflow/.local/lib/python3.8/site-packages/airflow/example_dags/example_params_trigger_ui.py took 0.054 seconds
[2024-11-06T14:31:01.958+0000] {processor.py:157} INFO - Started process (PID=2548) to work on /home/airflow/.local/lib/python3.8/site-packages/airflow/example_dags/example_params_trigger_ui.py
[2024-11-06T14:31:01.960+0000] {processor.py:829} INFO - Processing file /home/airflow/.local/lib/python3.8/site-packages/airflow/example_dags/example_params_trigger_ui.py for tasks to queue
[2024-11-06T14:31:01.961+0000] {logging_mixin.py:154} INFO - [2024-11-06T14:31:01.961+0000] {dagbag.py:536} INFO - Filling up the DagBag from /home/airflow/.local/lib/python3.8/site-packages/airflow/example_dags/example_params_trigger_ui.py
[2024-11-06T14:31:01.978+0000] {processor.py:839} INFO - DAG(s) dict_keys(['example_params_trigger_ui']) retrieved from /home/airflow/.local/lib/python3.8/site-packages/airflow/example_dags/example_params_trigger_ui.py
[2024-11-06T14:31:02.014+0000] {logging_mixin.py:154} INFO - [2024-11-06T14:31:02.014+0000] {dag.py:2941} INFO - Sync 1 DAGs
[2024-11-06T14:31:02.030+0000] {logging_mixin.py:154} INFO - [2024-11-06T14:31:02.029+0000] {dag.py:3722} INFO - Setting next_dagrun for example_params_trigger_ui to None, run_after=None
[2024-11-06T14:31:02.052+0000] {processor.py:179} INFO - Processing /home/airflow/.local/lib/python3.8/site-packages/airflow/example_dags/example_params_trigger_ui.py took 0.098 seconds
[2024-11-06T14:36:36.557+0000] {processor.py:157} INFO - Started process (PID=2601) to work on /home/airflow/.local/lib/python3.8/site-packages/airflow/example_dags/example_params_trigger_ui.py
[2024-11-06T14:36:36.558+0000] {processor.py:829} INFO - Processing file /home/airflow/.local/lib/python3.8/site-packages/airflow/example_dags/example_params_trigger_ui.py for tasks to queue
[2024-11-06T14:36:36.559+0000] {logging_mixin.py:154} INFO - [2024-11-06T14:36:36.559+0000] {dagbag.py:536} INFO - Filling up the DagBag from /home/airflow/.local/lib/python3.8/site-packages/airflow/example_dags/example_params_trigger_ui.py
[2024-11-06T14:36:36.567+0000] {processor.py:839} INFO - DAG(s) dict_keys(['example_params_trigger_ui']) retrieved from /home/airflow/.local/lib/python3.8/site-packages/airflow/example_dags/example_params_trigger_ui.py
[2024-11-06T14:36:36.589+0000] {logging_mixin.py:154} INFO - [2024-11-06T14:36:36.589+0000] {dag.py:2941} INFO - Sync 1 DAGs
[2024-11-06T14:36:36.595+0000] {logging_mixin.py:154} INFO - [2024-11-06T14:36:36.595+0000] {dag.py:3722} INFO - Setting next_dagrun for example_params_trigger_ui to None, run_after=None
[2024-11-06T14:36:36.605+0000] {processor.py:179} INFO - Processing /home/airflow/.local/lib/python3.8/site-packages/airflow/example_dags/example_params_trigger_ui.py took 0.050 seconds
[2024-11-06T15:02:52.850+0000] {processor.py:157} INFO - Started process (PID=2655) to work on /home/airflow/.local/lib/python3.8/site-packages/airflow/example_dags/example_params_trigger_ui.py
[2024-11-06T15:02:52.851+0000] {processor.py:829} INFO - Processing file /home/airflow/.local/lib/python3.8/site-packages/airflow/example_dags/example_params_trigger_ui.py for tasks to queue
[2024-11-06T15:02:52.853+0000] {logging_mixin.py:154} INFO - [2024-11-06T15:02:52.853+0000] {dagbag.py:536} INFO - Filling up the DagBag from /home/airflow/.local/lib/python3.8/site-packages/airflow/example_dags/example_params_trigger_ui.py
[2024-11-06T15:02:52.871+0000] {processor.py:839} INFO - DAG(s) dict_keys(['example_params_trigger_ui']) retrieved from /home/airflow/.local/lib/python3.8/site-packages/airflow/example_dags/example_params_trigger_ui.py
[2024-11-06T15:02:52.909+0000] {logging_mixin.py:154} INFO - [2024-11-06T15:02:52.909+0000] {dag.py:2941} INFO - Sync 1 DAGs
[2024-11-06T15:02:52.921+0000] {logging_mixin.py:154} INFO - [2024-11-06T15:02:52.921+0000] {dag.py:3722} INFO - Setting next_dagrun for example_params_trigger_ui to None, run_after=None
[2024-11-06T15:02:52.947+0000] {processor.py:179} INFO - Processing /home/airflow/.local/lib/python3.8/site-packages/airflow/example_dags/example_params_trigger_ui.py took 0.106 seconds
[2024-11-06T15:37:17.009+0000] {processor.py:157} INFO - Started process (PID=2709) to work on /home/airflow/.local/lib/python3.8/site-packages/airflow/example_dags/example_params_trigger_ui.py
[2024-11-06T15:37:17.010+0000] {processor.py:829} INFO - Processing file /home/airflow/.local/lib/python3.8/site-packages/airflow/example_dags/example_params_trigger_ui.py for tasks to queue
[2024-11-06T15:37:17.012+0000] {logging_mixin.py:154} INFO - [2024-11-06T15:37:17.012+0000] {dagbag.py:536} INFO - Filling up the DagBag from /home/airflow/.local/lib/python3.8/site-packages/airflow/example_dags/example_params_trigger_ui.py
[2024-11-06T15:37:17.019+0000] {processor.py:839} INFO - DAG(s) dict_keys(['example_params_trigger_ui']) retrieved from /home/airflow/.local/lib/python3.8/site-packages/airflow/example_dags/example_params_trigger_ui.py
[2024-11-06T15:37:17.041+0000] {logging_mixin.py:154} INFO - [2024-11-06T15:37:17.041+0000] {dag.py:2941} INFO - Sync 1 DAGs
[2024-11-06T15:37:17.048+0000] {logging_mixin.py:154} INFO - [2024-11-06T15:37:17.048+0000] {dag.py:3722} INFO - Setting next_dagrun for example_params_trigger_ui to None, run_after=None
[2024-11-06T15:37:17.057+0000] {processor.py:179} INFO - Processing /home/airflow/.local/lib/python3.8/site-packages/airflow/example_dags/example_params_trigger_ui.py took 0.049 seconds
[2024-11-06T15:48:09.338+0000] {processor.py:157} INFO - Started process (PID=2763) to work on /home/airflow/.local/lib/python3.8/site-packages/airflow/example_dags/example_params_trigger_ui.py
[2024-11-06T15:48:09.340+0000] {processor.py:829} INFO - Processing file /home/airflow/.local/lib/python3.8/site-packages/airflow/example_dags/example_params_trigger_ui.py for tasks to queue
[2024-11-06T15:48:09.342+0000] {logging_mixin.py:154} INFO - [2024-11-06T15:48:09.342+0000] {dagbag.py:536} INFO - Filling up the DagBag from /home/airflow/.local/lib/python3.8/site-packages/airflow/example_dags/example_params_trigger_ui.py
[2024-11-06T15:48:09.349+0000] {processor.py:839} INFO - DAG(s) dict_keys(['example_params_trigger_ui']) retrieved from /home/airflow/.local/lib/python3.8/site-packages/airflow/example_dags/example_params_trigger_ui.py
[2024-11-06T15:48:09.370+0000] {logging_mixin.py:154} INFO - [2024-11-06T15:48:09.369+0000] {dag.py:2941} INFO - Sync 1 DAGs
[2024-11-06T15:48:09.375+0000] {logging_mixin.py:154} INFO - [2024-11-06T15:48:09.375+0000] {dag.py:3722} INFO - Setting next_dagrun for example_params_trigger_ui to None, run_after=None
[2024-11-06T15:48:09.385+0000] {processor.py:179} INFO - Processing /home/airflow/.local/lib/python3.8/site-packages/airflow/example_dags/example_params_trigger_ui.py took 0.049 seconds
[2024-11-06T16:49:03.791+0000] {processor.py:157} INFO - Started process (PID=2817) to work on /home/airflow/.local/lib/python3.8/site-packages/airflow/example_dags/example_params_trigger_ui.py
[2024-11-06T16:49:03.792+0000] {processor.py:829} INFO - Processing file /home/airflow/.local/lib/python3.8/site-packages/airflow/example_dags/example_params_trigger_ui.py for tasks to queue
[2024-11-06T16:49:03.793+0000] {logging_mixin.py:154} INFO - [2024-11-06T16:49:03.793+0000] {dagbag.py:536} INFO - Filling up the DagBag from /home/airflow/.local/lib/python3.8/site-packages/airflow/example_dags/example_params_trigger_ui.py
[2024-11-06T16:49:03.801+0000] {processor.py:839} INFO - DAG(s) dict_keys(['example_params_trigger_ui']) retrieved from /home/airflow/.local/lib/python3.8/site-packages/airflow/example_dags/example_params_trigger_ui.py
[2024-11-06T16:49:03.823+0000] {logging_mixin.py:154} INFO - [2024-11-06T16:49:03.823+0000] {dag.py:2941} INFO - Sync 1 DAGs
[2024-11-06T16:49:03.832+0000] {logging_mixin.py:154} INFO - [2024-11-06T16:49:03.832+0000] {dag.py:3722} INFO - Setting next_dagrun for example_params_trigger_ui to None, run_after=None
[2024-11-06T16:49:03.840+0000] {processor.py:179} INFO - Processing /home/airflow/.local/lib/python3.8/site-packages/airflow/example_dags/example_params_trigger_ui.py took 0.051 seconds
[2024-11-06T16:49:56.582+0000] {processor.py:157} INFO - Started process (PID=2871) to work on /home/airflow/.local/lib/python3.8/site-packages/airflow/example_dags/example_params_trigger_ui.py
[2024-11-06T16:49:56.583+0000] {processor.py:829} INFO - Processing file /home/airflow/.local/lib/python3.8/site-packages/airflow/example_dags/example_params_trigger_ui.py for tasks to queue
[2024-11-06T16:49:56.584+0000] {logging_mixin.py:154} INFO - [2024-11-06T16:49:56.584+0000] {dagbag.py:536} INFO - Filling up the DagBag from /home/airflow/.local/lib/python3.8/site-packages/airflow/example_dags/example_params_trigger_ui.py
[2024-11-06T16:49:56.592+0000] {processor.py:839} INFO - DAG(s) dict_keys(['example_params_trigger_ui']) retrieved from /home/airflow/.local/lib/python3.8/site-packages/airflow/example_dags/example_params_trigger_ui.py
[2024-11-06T16:49:56.611+0000] {logging_mixin.py:154} INFO - [2024-11-06T16:49:56.611+0000] {dag.py:2941} INFO - Sync 1 DAGs
[2024-11-06T16:49:56.617+0000] {logging_mixin.py:154} INFO - [2024-11-06T16:49:56.617+0000] {dag.py:3722} INFO - Setting next_dagrun for example_params_trigger_ui to None, run_after=None
[2024-11-06T16:49:56.628+0000] {processor.py:179} INFO - Processing /home/airflow/.local/lib/python3.8/site-packages/airflow/example_dags/example_params_trigger_ui.py took 0.048 seconds
[2024-11-06T17:40:08.539+0000] {processor.py:157} INFO - Started process (PID=2925) to work on /home/airflow/.local/lib/python3.8/site-packages/airflow/example_dags/example_params_trigger_ui.py
[2024-11-06T17:40:08.540+0000] {processor.py:829} INFO - Processing file /home/airflow/.local/lib/python3.8/site-packages/airflow/example_dags/example_params_trigger_ui.py for tasks to queue
[2024-11-06T17:40:08.541+0000] {logging_mixin.py:154} INFO - [2024-11-06T17:40:08.541+0000] {dagbag.py:536} INFO - Filling up the DagBag from /home/airflow/.local/lib/python3.8/site-packages/airflow/example_dags/example_params_trigger_ui.py
[2024-11-06T17:40:08.551+0000] {processor.py:839} INFO - DAG(s) dict_keys(['example_params_trigger_ui']) retrieved from /home/airflow/.local/lib/python3.8/site-packages/airflow/example_dags/example_params_trigger_ui.py
[2024-11-06T17:40:08.571+0000] {logging_mixin.py:154} INFO - [2024-11-06T17:40:08.571+0000] {dag.py:2941} INFO - Sync 1 DAGs
[2024-11-06T17:40:08.577+0000] {logging_mixin.py:154} INFO - [2024-11-06T17:40:08.577+0000] {dag.py:3722} INFO - Setting next_dagrun for example_params_trigger_ui to None, run_after=None
[2024-11-06T17:40:08.587+0000] {processor.py:179} INFO - Processing /home/airflow/.local/lib/python3.8/site-packages/airflow/example_dags/example_params_trigger_ui.py took 0.050 seconds
[2024-11-06T18:40:20.862+0000] {processor.py:157} INFO - Started process (PID=2979) to work on /home/airflow/.local/lib/python3.8/site-packages/airflow/example_dags/example_params_trigger_ui.py
[2024-11-06T18:40:20.862+0000] {processor.py:829} INFO - Processing file /home/airflow/.local/lib/python3.8/site-packages/airflow/example_dags/example_params_trigger_ui.py for tasks to queue
[2024-11-06T18:40:20.867+0000] {logging_mixin.py:154} INFO - [2024-11-06T18:40:20.867+0000] {dagbag.py:536} INFO - Filling up the DagBag from /home/airflow/.local/lib/python3.8/site-packages/airflow/example_dags/example_params_trigger_ui.py
[2024-11-06T18:40:20.875+0000] {processor.py:839} INFO - DAG(s) dict_keys(['example_params_trigger_ui']) retrieved from /home/airflow/.local/lib/python3.8/site-packages/airflow/example_dags/example_params_trigger_ui.py
[2024-11-06T18:40:20.899+0000] {logging_mixin.py:154} INFO - [2024-11-06T18:40:20.899+0000] {dag.py:2941} INFO - Sync 1 DAGs
[2024-11-06T18:40:20.904+0000] {logging_mixin.py:154} INFO - [2024-11-06T18:40:20.904+0000] {dag.py:3722} INFO - Setting next_dagrun for example_params_trigger_ui to None, run_after=None
[2024-11-06T18:40:20.916+0000] {processor.py:179} INFO - Processing /home/airflow/.local/lib/python3.8/site-packages/airflow/example_dags/example_params_trigger_ui.py took 0.057 seconds
[2024-11-06T19:56:54.689+0000] {processor.py:157} INFO - Started process (PID=3033) to work on /home/airflow/.local/lib/python3.8/site-packages/airflow/example_dags/example_params_trigger_ui.py
[2024-11-06T19:56:54.694+0000] {processor.py:829} INFO - Processing file /home/airflow/.local/lib/python3.8/site-packages/airflow/example_dags/example_params_trigger_ui.py for tasks to queue
[2024-11-06T19:56:54.695+0000] {logging_mixin.py:154} INFO - [2024-11-06T19:56:54.695+0000] {dagbag.py:536} INFO - Filling up the DagBag from /home/airflow/.local/lib/python3.8/site-packages/airflow/example_dags/example_params_trigger_ui.py
[2024-11-06T19:56:54.702+0000] {processor.py:839} INFO - DAG(s) dict_keys(['example_params_trigger_ui']) retrieved from /home/airflow/.local/lib/python3.8/site-packages/airflow/example_dags/example_params_trigger_ui.py
[2024-11-06T19:56:54.723+0000] {logging_mixin.py:154} INFO - [2024-11-06T19:56:54.723+0000] {dag.py:2941} INFO - Sync 1 DAGs
[2024-11-06T19:56:54.728+0000] {logging_mixin.py:154} INFO - [2024-11-06T19:56:54.728+0000] {dag.py:3722} INFO - Setting next_dagrun for example_params_trigger_ui to None, run_after=None
[2024-11-06T19:56:54.734+0000] {processor.py:179} INFO - Processing /home/airflow/.local/lib/python3.8/site-packages/airflow/example_dags/example_params_trigger_ui.py took 0.047 seconds
[2024-11-06T20:41:41.273+0000] {processor.py:157} INFO - Started process (PID=3087) to work on /home/airflow/.local/lib/python3.8/site-packages/airflow/example_dags/example_params_trigger_ui.py
[2024-11-06T20:41:41.274+0000] {processor.py:829} INFO - Processing file /home/airflow/.local/lib/python3.8/site-packages/airflow/example_dags/example_params_trigger_ui.py for tasks to queue
[2024-11-06T20:41:41.275+0000] {logging_mixin.py:154} INFO - [2024-11-06T20:41:41.275+0000] {dagbag.py:536} INFO - Filling up the DagBag from /home/airflow/.local/lib/python3.8/site-packages/airflow/example_dags/example_params_trigger_ui.py
[2024-11-06T20:41:41.283+0000] {processor.py:839} INFO - DAG(s) dict_keys(['example_params_trigger_ui']) retrieved from /home/airflow/.local/lib/python3.8/site-packages/airflow/example_dags/example_params_trigger_ui.py
[2024-11-06T20:41:41.306+0000] {logging_mixin.py:154} INFO - [2024-11-06T20:41:41.306+0000] {dag.py:2941} INFO - Sync 1 DAGs
[2024-11-06T20:41:41.311+0000] {logging_mixin.py:154} INFO - [2024-11-06T20:41:41.311+0000] {dag.py:3722} INFO - Setting next_dagrun for example_params_trigger_ui to None, run_after=None
[2024-11-06T20:41:41.318+0000] {processor.py:179} INFO - Processing /home/airflow/.local/lib/python3.8/site-packages/airflow/example_dags/example_params_trigger_ui.py took 0.047 seconds
[2024-11-06T22:09:50.593+0000] {processor.py:157} INFO - Started process (PID=3141) to work on /home/airflow/.local/lib/python3.8/site-packages/airflow/example_dags/example_params_trigger_ui.py
[2024-11-06T22:09:50.597+0000] {processor.py:829} INFO - Processing file /home/airflow/.local/lib/python3.8/site-packages/airflow/example_dags/example_params_trigger_ui.py for tasks to queue
[2024-11-06T22:09:50.601+0000] {logging_mixin.py:154} INFO - [2024-11-06T22:09:50.600+0000] {dagbag.py:536} INFO - Filling up the DagBag from /home/airflow/.local/lib/python3.8/site-packages/airflow/example_dags/example_params_trigger_ui.py
[2024-11-06T22:09:50.610+0000] {processor.py:839} INFO - DAG(s) dict_keys(['example_params_trigger_ui']) retrieved from /home/airflow/.local/lib/python3.8/site-packages/airflow/example_dags/example_params_trigger_ui.py
[2024-11-06T22:09:50.642+0000] {logging_mixin.py:154} INFO - [2024-11-06T22:09:50.642+0000] {dag.py:2941} INFO - Sync 1 DAGs
[2024-11-06T22:09:50.654+0000] {logging_mixin.py:154} INFO - [2024-11-06T22:09:50.654+0000] {dag.py:3722} INFO - Setting next_dagrun for example_params_trigger_ui to None, run_after=None
[2024-11-06T22:09:50.679+0000] {processor.py:179} INFO - Processing /home/airflow/.local/lib/python3.8/site-packages/airflow/example_dags/example_params_trigger_ui.py took 0.087 seconds
[2024-11-06T23:10:56.522+0000] {processor.py:157} INFO - Started process (PID=3195) to work on /home/airflow/.local/lib/python3.8/site-packages/airflow/example_dags/example_params_trigger_ui.py
[2024-11-06T23:10:56.523+0000] {processor.py:829} INFO - Processing file /home/airflow/.local/lib/python3.8/site-packages/airflow/example_dags/example_params_trigger_ui.py for tasks to queue
[2024-11-06T23:10:56.524+0000] {logging_mixin.py:154} INFO - [2024-11-06T23:10:56.523+0000] {dagbag.py:536} INFO - Filling up the DagBag from /home/airflow/.local/lib/python3.8/site-packages/airflow/example_dags/example_params_trigger_ui.py
[2024-11-06T23:10:56.532+0000] {processor.py:839} INFO - DAG(s) dict_keys(['example_params_trigger_ui']) retrieved from /home/airflow/.local/lib/python3.8/site-packages/airflow/example_dags/example_params_trigger_ui.py
[2024-11-06T23:10:56.552+0000] {logging_mixin.py:154} INFO - [2024-11-06T23:10:56.551+0000] {dag.py:2941} INFO - Sync 1 DAGs
[2024-11-06T23:10:56.556+0000] {logging_mixin.py:154} INFO - [2024-11-06T23:10:56.556+0000] {dag.py:3722} INFO - Setting next_dagrun for example_params_trigger_ui to None, run_after=None
[2024-11-06T23:10:56.566+0000] {processor.py:179} INFO - Processing /home/airflow/.local/lib/python3.8/site-packages/airflow/example_dags/example_params_trigger_ui.py took 0.046 seconds
[2024-11-06T23:49:21.221+0000] {processor.py:157} INFO - Started process (PID=3249) to work on /home/airflow/.local/lib/python3.8/site-packages/airflow/example_dags/example_params_trigger_ui.py
[2024-11-06T23:49:21.224+0000] {processor.py:829} INFO - Processing file /home/airflow/.local/lib/python3.8/site-packages/airflow/example_dags/example_params_trigger_ui.py for tasks to queue
[2024-11-06T23:49:21.225+0000] {logging_mixin.py:154} INFO - [2024-11-06T23:49:21.225+0000] {dagbag.py:536} INFO - Filling up the DagBag from /home/airflow/.local/lib/python3.8/site-packages/airflow/example_dags/example_params_trigger_ui.py
[2024-11-06T23:49:21.232+0000] {processor.py:839} INFO - DAG(s) dict_keys(['example_params_trigger_ui']) retrieved from /home/airflow/.local/lib/python3.8/site-packages/airflow/example_dags/example_params_trigger_ui.py
[2024-11-06T23:49:21.258+0000] {logging_mixin.py:154} INFO - [2024-11-06T23:49:21.258+0000] {dag.py:2941} INFO - Sync 1 DAGs
[2024-11-06T23:49:21.265+0000] {logging_mixin.py:154} INFO - [2024-11-06T23:49:21.265+0000] {dag.py:3722} INFO - Setting next_dagrun for example_params_trigger_ui to None, run_after=None
[2024-11-06T23:49:21.277+0000] {processor.py:179} INFO - Processing /home/airflow/.local/lib/python3.8/site-packages/airflow/example_dags/example_params_trigger_ui.py took 0.058 seconds
