[2024-11-06T08:43:19.903+0000] {processor.py:157} INFO - Started process (PID=73) to work on /home/airflow/.local/lib/python3.8/site-packages/airflow/example_dags/example_setup_teardown.py
[2024-11-06T08:43:19.904+0000] {processor.py:829} INFO - Processing file /home/airflow/.local/lib/python3.8/site-packages/airflow/example_dags/example_setup_teardown.py for tasks to queue
[2024-11-06T08:43:19.908+0000] {logging_mixin.py:154} INFO - [2024-11-06T08:43:19.907+0000] {dagbag.py:536} INFO - Filling up the DagBag from /home/airflow/.local/lib/python3.8/site-packages/airflow/example_dags/example_setup_teardown.py
[2024-11-06T08:43:19.912+0000] {processor.py:839} INFO - DAG(s) dict_keys(['example_setup_teardown']) retrieved from /home/airflow/.local/lib/python3.8/site-packages/airflow/example_dags/example_setup_teardown.py
[2024-11-06T08:43:19.924+0000] {logging_mixin.py:154} INFO - [2024-11-06T08:43:19.923+0000] {dag.py:2941} INFO - Sync 1 DAGs
[2024-11-06T08:43:19.952+0000] {logging_mixin.py:154} INFO - [2024-11-06T08:43:19.952+0000] {dag.py:3722} INFO - Setting next_dagrun for example_setup_teardown to 2024-11-05T08:43:19.951546+00:00, run_after=2024-11-06T08:43:19.951546+00:00
[2024-11-06T08:43:19.972+0000] {processor.py:179} INFO - Processing /home/airflow/.local/lib/python3.8/site-packages/airflow/example_dags/example_setup_teardown.py took 0.073 seconds
[2024-11-06T08:43:50.085+0000] {processor.py:157} INFO - Started process (PID=127) to work on /home/airflow/.local/lib/python3.8/site-packages/airflow/example_dags/example_setup_teardown.py
[2024-11-06T08:43:50.086+0000] {processor.py:829} INFO - Processing file /home/airflow/.local/lib/python3.8/site-packages/airflow/example_dags/example_setup_teardown.py for tasks to queue
[2024-11-06T08:43:50.087+0000] {logging_mixin.py:154} INFO - [2024-11-06T08:43:50.087+0000] {dagbag.py:536} INFO - Filling up the DagBag from /home/airflow/.local/lib/python3.8/site-packages/airflow/example_dags/example_setup_teardown.py
[2024-11-06T08:43:50.090+0000] {processor.py:839} INFO - DAG(s) dict_keys(['example_setup_teardown']) retrieved from /home/airflow/.local/lib/python3.8/site-packages/airflow/example_dags/example_setup_teardown.py
[2024-11-06T08:43:50.101+0000] {logging_mixin.py:154} INFO - [2024-11-06T08:43:50.101+0000] {dag.py:2941} INFO - Sync 1 DAGs
[2024-11-06T08:43:50.110+0000] {logging_mixin.py:154} INFO - [2024-11-06T08:43:50.110+0000] {dag.py:3722} INFO - Setting next_dagrun for example_setup_teardown to 2024-11-05T08:43:50.110383+00:00, run_after=2024-11-06T08:43:50.110383+00:00
[2024-11-06T08:43:50.117+0000] {processor.py:179} INFO - Processing /home/airflow/.local/lib/python3.8/site-packages/airflow/example_dags/example_setup_teardown.py took 0.033 seconds
[2024-11-06T08:44:20.478+0000] {processor.py:157} INFO - Started process (PID=181) to work on /home/airflow/.local/lib/python3.8/site-packages/airflow/example_dags/example_setup_teardown.py
[2024-11-06T08:44:20.479+0000] {processor.py:829} INFO - Processing file /home/airflow/.local/lib/python3.8/site-packages/airflow/example_dags/example_setup_teardown.py for tasks to queue
[2024-11-06T08:44:20.480+0000] {logging_mixin.py:154} INFO - [2024-11-06T08:44:20.480+0000] {dagbag.py:536} INFO - Filling up the DagBag from /home/airflow/.local/lib/python3.8/site-packages/airflow/example_dags/example_setup_teardown.py
[2024-11-06T08:44:20.483+0000] {processor.py:839} INFO - DAG(s) dict_keys(['example_setup_teardown']) retrieved from /home/airflow/.local/lib/python3.8/site-packages/airflow/example_dags/example_setup_teardown.py
[2024-11-06T08:44:20.494+0000] {logging_mixin.py:154} INFO - [2024-11-06T08:44:20.494+0000] {dag.py:2941} INFO - Sync 1 DAGs
[2024-11-06T08:44:20.505+0000] {logging_mixin.py:154} INFO - [2024-11-06T08:44:20.505+0000] {dag.py:3722} INFO - Setting next_dagrun for example_setup_teardown to 2024-11-05T08:44:20.505279+00:00, run_after=2024-11-06T08:44:20.505279+00:00
[2024-11-06T08:44:20.513+0000] {processor.py:179} INFO - Processing /home/airflow/.local/lib/python3.8/site-packages/airflow/example_dags/example_setup_teardown.py took 0.037 seconds
[2024-11-06T08:44:50.815+0000] {processor.py:157} INFO - Started process (PID=235) to work on /home/airflow/.local/lib/python3.8/site-packages/airflow/example_dags/example_setup_teardown.py
[2024-11-06T08:44:50.816+0000] {processor.py:829} INFO - Processing file /home/airflow/.local/lib/python3.8/site-packages/airflow/example_dags/example_setup_teardown.py for tasks to queue
[2024-11-06T08:44:50.817+0000] {logging_mixin.py:154} INFO - [2024-11-06T08:44:50.817+0000] {dagbag.py:536} INFO - Filling up the DagBag from /home/airflow/.local/lib/python3.8/site-packages/airflow/example_dags/example_setup_teardown.py
[2024-11-06T08:44:50.820+0000] {processor.py:839} INFO - DAG(s) dict_keys(['example_setup_teardown']) retrieved from /home/airflow/.local/lib/python3.8/site-packages/airflow/example_dags/example_setup_teardown.py
[2024-11-06T08:44:50.831+0000] {logging_mixin.py:154} INFO - [2024-11-06T08:44:50.831+0000] {dag.py:2941} INFO - Sync 1 DAGs
[2024-11-06T08:44:50.841+0000] {logging_mixin.py:154} INFO - [2024-11-06T08:44:50.841+0000] {dag.py:3722} INFO - Setting next_dagrun for example_setup_teardown to 2024-11-05T08:44:50.841701+00:00, run_after=2024-11-06T08:44:50.841701+00:00
[2024-11-06T08:44:50.849+0000] {processor.py:179} INFO - Processing /home/airflow/.local/lib/python3.8/site-packages/airflow/example_dags/example_setup_teardown.py took 0.035 seconds
[2024-11-06T08:45:21.197+0000] {processor.py:157} INFO - Started process (PID=289) to work on /home/airflow/.local/lib/python3.8/site-packages/airflow/example_dags/example_setup_teardown.py
[2024-11-06T08:45:21.198+0000] {processor.py:829} INFO - Processing file /home/airflow/.local/lib/python3.8/site-packages/airflow/example_dags/example_setup_teardown.py for tasks to queue
[2024-11-06T08:45:21.198+0000] {logging_mixin.py:154} INFO - [2024-11-06T08:45:21.198+0000] {dagbag.py:536} INFO - Filling up the DagBag from /home/airflow/.local/lib/python3.8/site-packages/airflow/example_dags/example_setup_teardown.py
[2024-11-06T08:45:21.201+0000] {processor.py:839} INFO - DAG(s) dict_keys(['example_setup_teardown']) retrieved from /home/airflow/.local/lib/python3.8/site-packages/airflow/example_dags/example_setup_teardown.py
[2024-11-06T08:45:21.211+0000] {logging_mixin.py:154} INFO - [2024-11-06T08:45:21.211+0000] {dag.py:2941} INFO - Sync 1 DAGs
[2024-11-06T08:45:21.220+0000] {logging_mixin.py:154} INFO - [2024-11-06T08:45:21.220+0000] {dag.py:3722} INFO - Setting next_dagrun for example_setup_teardown to 2024-11-05T08:45:21.220215+00:00, run_after=2024-11-06T08:45:21.220215+00:00
[2024-11-06T08:45:21.229+0000] {processor.py:179} INFO - Processing /home/airflow/.local/lib/python3.8/site-packages/airflow/example_dags/example_setup_teardown.py took 0.033 seconds
[2024-11-06T08:45:51.592+0000] {processor.py:157} INFO - Started process (PID=342) to work on /home/airflow/.local/lib/python3.8/site-packages/airflow/example_dags/example_setup_teardown.py
[2024-11-06T08:45:51.593+0000] {processor.py:829} INFO - Processing file /home/airflow/.local/lib/python3.8/site-packages/airflow/example_dags/example_setup_teardown.py for tasks to queue
[2024-11-06T08:45:51.593+0000] {logging_mixin.py:154} INFO - [2024-11-06T08:45:51.593+0000] {dagbag.py:536} INFO - Filling up the DagBag from /home/airflow/.local/lib/python3.8/site-packages/airflow/example_dags/example_setup_teardown.py
[2024-11-06T08:45:51.596+0000] {processor.py:839} INFO - DAG(s) dict_keys(['example_setup_teardown']) retrieved from /home/airflow/.local/lib/python3.8/site-packages/airflow/example_dags/example_setup_teardown.py
[2024-11-06T08:45:51.604+0000] {logging_mixin.py:154} INFO - [2024-11-06T08:45:51.604+0000] {dag.py:2941} INFO - Sync 1 DAGs
[2024-11-06T08:45:51.613+0000] {logging_mixin.py:154} INFO - [2024-11-06T08:45:51.613+0000] {dag.py:3722} INFO - Setting next_dagrun for example_setup_teardown to 2024-11-05T08:45:51.613499+00:00, run_after=2024-11-06T08:45:51.613499+00:00
[2024-11-06T08:45:51.620+0000] {processor.py:179} INFO - Processing /home/airflow/.local/lib/python3.8/site-packages/airflow/example_dags/example_setup_teardown.py took 0.029 seconds
[2024-11-06T08:46:22.190+0000] {processor.py:157} INFO - Started process (PID=397) to work on /home/airflow/.local/lib/python3.8/site-packages/airflow/example_dags/example_setup_teardown.py
[2024-11-06T08:46:22.191+0000] {processor.py:829} INFO - Processing file /home/airflow/.local/lib/python3.8/site-packages/airflow/example_dags/example_setup_teardown.py for tasks to queue
[2024-11-06T08:46:22.192+0000] {logging_mixin.py:154} INFO - [2024-11-06T08:46:22.192+0000] {dagbag.py:536} INFO - Filling up the DagBag from /home/airflow/.local/lib/python3.8/site-packages/airflow/example_dags/example_setup_teardown.py
[2024-11-06T08:46:22.197+0000] {processor.py:839} INFO - DAG(s) dict_keys(['example_setup_teardown']) retrieved from /home/airflow/.local/lib/python3.8/site-packages/airflow/example_dags/example_setup_teardown.py
[2024-11-06T08:46:22.213+0000] {logging_mixin.py:154} INFO - [2024-11-06T08:46:22.213+0000] {dag.py:2941} INFO - Sync 1 DAGs
[2024-11-06T08:46:22.226+0000] {logging_mixin.py:154} INFO - [2024-11-06T08:46:22.225+0000] {dag.py:3722} INFO - Setting next_dagrun for example_setup_teardown to 2024-11-05T08:46:22.225794+00:00, run_after=2024-11-06T08:46:22.225794+00:00
[2024-11-06T08:46:22.247+0000] {processor.py:179} INFO - Processing /home/airflow/.local/lib/python3.8/site-packages/airflow/example_dags/example_setup_teardown.py took 0.059 seconds
[2024-11-06T08:46:52.856+0000] {processor.py:157} INFO - Started process (PID=458) to work on /home/airflow/.local/lib/python3.8/site-packages/airflow/example_dags/example_setup_teardown.py
[2024-11-06T08:46:52.856+0000] {processor.py:829} INFO - Processing file /home/airflow/.local/lib/python3.8/site-packages/airflow/example_dags/example_setup_teardown.py for tasks to queue
[2024-11-06T08:46:52.857+0000] {logging_mixin.py:154} INFO - [2024-11-06T08:46:52.857+0000] {dagbag.py:536} INFO - Filling up the DagBag from /home/airflow/.local/lib/python3.8/site-packages/airflow/example_dags/example_setup_teardown.py
[2024-11-06T08:46:52.860+0000] {processor.py:839} INFO - DAG(s) dict_keys(['example_setup_teardown']) retrieved from /home/airflow/.local/lib/python3.8/site-packages/airflow/example_dags/example_setup_teardown.py
[2024-11-06T08:46:52.870+0000] {logging_mixin.py:154} INFO - [2024-11-06T08:46:52.870+0000] {dag.py:2941} INFO - Sync 1 DAGs
[2024-11-06T08:46:52.879+0000] {logging_mixin.py:154} INFO - [2024-11-06T08:46:52.879+0000] {dag.py:3722} INFO - Setting next_dagrun for example_setup_teardown to 2024-11-05T08:46:52.879515+00:00, run_after=2024-11-06T08:46:52.879515+00:00
[2024-11-06T08:46:52.887+0000] {processor.py:179} INFO - Processing /home/airflow/.local/lib/python3.8/site-packages/airflow/example_dags/example_setup_teardown.py took 0.033 seconds
[2024-11-06T08:47:23.217+0000] {processor.py:157} INFO - Started process (PID=511) to work on /home/airflow/.local/lib/python3.8/site-packages/airflow/example_dags/example_setup_teardown.py
[2024-11-06T08:47:23.217+0000] {processor.py:829} INFO - Processing file /home/airflow/.local/lib/python3.8/site-packages/airflow/example_dags/example_setup_teardown.py for tasks to queue
[2024-11-06T08:47:23.218+0000] {logging_mixin.py:154} INFO - [2024-11-06T08:47:23.218+0000] {dagbag.py:536} INFO - Filling up the DagBag from /home/airflow/.local/lib/python3.8/site-packages/airflow/example_dags/example_setup_teardown.py
[2024-11-06T08:47:23.221+0000] {processor.py:839} INFO - DAG(s) dict_keys(['example_setup_teardown']) retrieved from /home/airflow/.local/lib/python3.8/site-packages/airflow/example_dags/example_setup_teardown.py
[2024-11-06T08:47:23.230+0000] {logging_mixin.py:154} INFO - [2024-11-06T08:47:23.230+0000] {dag.py:2941} INFO - Sync 1 DAGs
[2024-11-06T08:47:23.239+0000] {logging_mixin.py:154} INFO - [2024-11-06T08:47:23.239+0000] {dag.py:3722} INFO - Setting next_dagrun for example_setup_teardown to 2024-11-05T08:47:23.238995+00:00, run_after=2024-11-06T08:47:23.238995+00:00
[2024-11-06T08:47:23.246+0000] {processor.py:179} INFO - Processing /home/airflow/.local/lib/python3.8/site-packages/airflow/example_dags/example_setup_teardown.py took 0.030 seconds
[2024-11-06T08:47:53.622+0000] {processor.py:157} INFO - Started process (PID=567) to work on /home/airflow/.local/lib/python3.8/site-packages/airflow/example_dags/example_setup_teardown.py
[2024-11-06T08:47:53.623+0000] {processor.py:829} INFO - Processing file /home/airflow/.local/lib/python3.8/site-packages/airflow/example_dags/example_setup_teardown.py for tasks to queue
[2024-11-06T08:47:53.624+0000] {logging_mixin.py:154} INFO - [2024-11-06T08:47:53.624+0000] {dagbag.py:536} INFO - Filling up the DagBag from /home/airflow/.local/lib/python3.8/site-packages/airflow/example_dags/example_setup_teardown.py
[2024-11-06T08:47:53.627+0000] {processor.py:839} INFO - DAG(s) dict_keys(['example_setup_teardown']) retrieved from /home/airflow/.local/lib/python3.8/site-packages/airflow/example_dags/example_setup_teardown.py
[2024-11-06T08:47:53.636+0000] {logging_mixin.py:154} INFO - [2024-11-06T08:47:53.636+0000] {dag.py:2941} INFO - Sync 1 DAGs
[2024-11-06T08:47:53.645+0000] {logging_mixin.py:154} INFO - [2024-11-06T08:47:53.645+0000] {dag.py:3722} INFO - Setting next_dagrun for example_setup_teardown to 2024-11-05T08:47:53.645629+00:00, run_after=2024-11-06T08:47:53.645629+00:00
[2024-11-06T08:47:53.653+0000] {processor.py:179} INFO - Processing /home/airflow/.local/lib/python3.8/site-packages/airflow/example_dags/example_setup_teardown.py took 0.032 seconds
[2024-11-06T08:48:23.964+0000] {processor.py:157} INFO - Started process (PID=621) to work on /home/airflow/.local/lib/python3.8/site-packages/airflow/example_dags/example_setup_teardown.py
[2024-11-06T08:48:23.964+0000] {processor.py:829} INFO - Processing file /home/airflow/.local/lib/python3.8/site-packages/airflow/example_dags/example_setup_teardown.py for tasks to queue
[2024-11-06T08:48:23.965+0000] {logging_mixin.py:154} INFO - [2024-11-06T08:48:23.965+0000] {dagbag.py:536} INFO - Filling up the DagBag from /home/airflow/.local/lib/python3.8/site-packages/airflow/example_dags/example_setup_teardown.py
[2024-11-06T08:48:23.968+0000] {processor.py:839} INFO - DAG(s) dict_keys(['example_setup_teardown']) retrieved from /home/airflow/.local/lib/python3.8/site-packages/airflow/example_dags/example_setup_teardown.py
[2024-11-06T08:48:23.980+0000] {logging_mixin.py:154} INFO - [2024-11-06T08:48:23.980+0000] {dag.py:2941} INFO - Sync 1 DAGs
[2024-11-06T08:48:23.989+0000] {logging_mixin.py:154} INFO - [2024-11-06T08:48:23.989+0000] {dag.py:3722} INFO - Setting next_dagrun for example_setup_teardown to 2024-11-05T08:48:23.989546+00:00, run_after=2024-11-06T08:48:23.989546+00:00
[2024-11-06T08:48:23.996+0000] {processor.py:179} INFO - Processing /home/airflow/.local/lib/python3.8/site-packages/airflow/example_dags/example_setup_teardown.py took 0.034 seconds
[2024-11-06T08:48:54.249+0000] {processor.py:157} INFO - Started process (PID=675) to work on /home/airflow/.local/lib/python3.8/site-packages/airflow/example_dags/example_setup_teardown.py
[2024-11-06T08:48:54.249+0000] {processor.py:829} INFO - Processing file /home/airflow/.local/lib/python3.8/site-packages/airflow/example_dags/example_setup_teardown.py for tasks to queue
[2024-11-06T08:48:54.250+0000] {logging_mixin.py:154} INFO - [2024-11-06T08:48:54.250+0000] {dagbag.py:536} INFO - Filling up the DagBag from /home/airflow/.local/lib/python3.8/site-packages/airflow/example_dags/example_setup_teardown.py
[2024-11-06T08:48:54.253+0000] {processor.py:839} INFO - DAG(s) dict_keys(['example_setup_teardown']) retrieved from /home/airflow/.local/lib/python3.8/site-packages/airflow/example_dags/example_setup_teardown.py
[2024-11-06T08:48:54.262+0000] {logging_mixin.py:154} INFO - [2024-11-06T08:48:54.262+0000] {dag.py:2941} INFO - Sync 1 DAGs
[2024-11-06T08:48:54.271+0000] {logging_mixin.py:154} INFO - [2024-11-06T08:48:54.271+0000] {dag.py:3722} INFO - Setting next_dagrun for example_setup_teardown to 2024-11-05T08:48:54.271775+00:00, run_after=2024-11-06T08:48:54.271775+00:00
[2024-11-06T08:48:54.279+0000] {processor.py:179} INFO - Processing /home/airflow/.local/lib/python3.8/site-packages/airflow/example_dags/example_setup_teardown.py took 0.031 seconds
[2024-11-06T08:49:24.460+0000] {processor.py:157} INFO - Started process (PID=729) to work on /home/airflow/.local/lib/python3.8/site-packages/airflow/example_dags/example_setup_teardown.py
[2024-11-06T08:49:24.460+0000] {processor.py:829} INFO - Processing file /home/airflow/.local/lib/python3.8/site-packages/airflow/example_dags/example_setup_teardown.py for tasks to queue
[2024-11-06T08:49:24.461+0000] {logging_mixin.py:154} INFO - [2024-11-06T08:49:24.461+0000] {dagbag.py:536} INFO - Filling up the DagBag from /home/airflow/.local/lib/python3.8/site-packages/airflow/example_dags/example_setup_teardown.py
[2024-11-06T08:49:24.464+0000] {processor.py:839} INFO - DAG(s) dict_keys(['example_setup_teardown']) retrieved from /home/airflow/.local/lib/python3.8/site-packages/airflow/example_dags/example_setup_teardown.py
[2024-11-06T08:49:24.473+0000] {logging_mixin.py:154} INFO - [2024-11-06T08:49:24.473+0000] {dag.py:2941} INFO - Sync 1 DAGs
[2024-11-06T08:49:24.481+0000] {logging_mixin.py:154} INFO - [2024-11-06T08:49:24.481+0000] {dag.py:3722} INFO - Setting next_dagrun for example_setup_teardown to 2024-11-05T08:49:24.481646+00:00, run_after=2024-11-06T08:49:24.481646+00:00
[2024-11-06T08:49:24.490+0000] {processor.py:179} INFO - Processing /home/airflow/.local/lib/python3.8/site-packages/airflow/example_dags/example_setup_teardown.py took 0.031 seconds
[2024-11-06T08:49:54.688+0000] {processor.py:157} INFO - Started process (PID=782) to work on /home/airflow/.local/lib/python3.8/site-packages/airflow/example_dags/example_setup_teardown.py
[2024-11-06T08:49:54.691+0000] {processor.py:829} INFO - Processing file /home/airflow/.local/lib/python3.8/site-packages/airflow/example_dags/example_setup_teardown.py for tasks to queue
[2024-11-06T08:49:54.692+0000] {logging_mixin.py:154} INFO - [2024-11-06T08:49:54.692+0000] {dagbag.py:536} INFO - Filling up the DagBag from /home/airflow/.local/lib/python3.8/site-packages/airflow/example_dags/example_setup_teardown.py
[2024-11-06T08:49:54.695+0000] {processor.py:839} INFO - DAG(s) dict_keys(['example_setup_teardown']) retrieved from /home/airflow/.local/lib/python3.8/site-packages/airflow/example_dags/example_setup_teardown.py
[2024-11-06T08:49:54.704+0000] {logging_mixin.py:154} INFO - [2024-11-06T08:49:54.704+0000] {dag.py:2941} INFO - Sync 1 DAGs
[2024-11-06T08:49:54.713+0000] {logging_mixin.py:154} INFO - [2024-11-06T08:49:54.713+0000] {dag.py:3722} INFO - Setting next_dagrun for example_setup_teardown to 2024-11-05T08:49:54.713100+00:00, run_after=2024-11-06T08:49:54.713100+00:00
[2024-11-06T08:49:54.720+0000] {processor.py:179} INFO - Processing /home/airflow/.local/lib/python3.8/site-packages/airflow/example_dags/example_setup_teardown.py took 0.033 seconds
[2024-11-06T08:50:24.941+0000] {processor.py:157} INFO - Started process (PID=836) to work on /home/airflow/.local/lib/python3.8/site-packages/airflow/example_dags/example_setup_teardown.py
[2024-11-06T08:50:24.942+0000] {processor.py:829} INFO - Processing file /home/airflow/.local/lib/python3.8/site-packages/airflow/example_dags/example_setup_teardown.py for tasks to queue
[2024-11-06T08:50:24.946+0000] {logging_mixin.py:154} INFO - [2024-11-06T08:50:24.946+0000] {dagbag.py:536} INFO - Filling up the DagBag from /home/airflow/.local/lib/python3.8/site-packages/airflow/example_dags/example_setup_teardown.py
[2024-11-06T08:50:24.949+0000] {processor.py:839} INFO - DAG(s) dict_keys(['example_setup_teardown']) retrieved from /home/airflow/.local/lib/python3.8/site-packages/airflow/example_dags/example_setup_teardown.py
[2024-11-06T08:50:24.960+0000] {logging_mixin.py:154} INFO - [2024-11-06T08:50:24.960+0000] {dag.py:2941} INFO - Sync 1 DAGs
[2024-11-06T08:50:24.969+0000] {logging_mixin.py:154} INFO - [2024-11-06T08:50:24.969+0000] {dag.py:3722} INFO - Setting next_dagrun for example_setup_teardown to 2024-11-05T08:50:24.969027+00:00, run_after=2024-11-06T08:50:24.969027+00:00
[2024-11-06T08:50:24.976+0000] {processor.py:179} INFO - Processing /home/airflow/.local/lib/python3.8/site-packages/airflow/example_dags/example_setup_teardown.py took 0.036 seconds
[2024-11-06T08:50:55.176+0000] {processor.py:157} INFO - Started process (PID=889) to work on /home/airflow/.local/lib/python3.8/site-packages/airflow/example_dags/example_setup_teardown.py
[2024-11-06T08:50:55.177+0000] {processor.py:829} INFO - Processing file /home/airflow/.local/lib/python3.8/site-packages/airflow/example_dags/example_setup_teardown.py for tasks to queue
[2024-11-06T08:50:55.178+0000] {logging_mixin.py:154} INFO - [2024-11-06T08:50:55.178+0000] {dagbag.py:536} INFO - Filling up the DagBag from /home/airflow/.local/lib/python3.8/site-packages/airflow/example_dags/example_setup_teardown.py
[2024-11-06T08:50:55.181+0000] {processor.py:839} INFO - DAG(s) dict_keys(['example_setup_teardown']) retrieved from /home/airflow/.local/lib/python3.8/site-packages/airflow/example_dags/example_setup_teardown.py
[2024-11-06T08:50:55.190+0000] {logging_mixin.py:154} INFO - [2024-11-06T08:50:55.189+0000] {dag.py:2941} INFO - Sync 1 DAGs
[2024-11-06T08:50:55.200+0000] {logging_mixin.py:154} INFO - [2024-11-06T08:50:55.200+0000] {dag.py:3722} INFO - Setting next_dagrun for example_setup_teardown to 2024-11-05T08:50:55.200106+00:00, run_after=2024-11-06T08:50:55.200106+00:00
[2024-11-06T08:50:55.206+0000] {processor.py:179} INFO - Processing /home/airflow/.local/lib/python3.8/site-packages/airflow/example_dags/example_setup_teardown.py took 0.031 seconds
[2024-11-06T08:51:25.667+0000] {processor.py:157} INFO - Started process (PID=944) to work on /home/airflow/.local/lib/python3.8/site-packages/airflow/example_dags/example_setup_teardown.py
[2024-11-06T08:51:25.670+0000] {processor.py:829} INFO - Processing file /home/airflow/.local/lib/python3.8/site-packages/airflow/example_dags/example_setup_teardown.py for tasks to queue
[2024-11-06T08:51:25.671+0000] {logging_mixin.py:154} INFO - [2024-11-06T08:51:25.671+0000] {dagbag.py:536} INFO - Filling up the DagBag from /home/airflow/.local/lib/python3.8/site-packages/airflow/example_dags/example_setup_teardown.py
[2024-11-06T08:51:25.674+0000] {processor.py:839} INFO - DAG(s) dict_keys(['example_setup_teardown']) retrieved from /home/airflow/.local/lib/python3.8/site-packages/airflow/example_dags/example_setup_teardown.py
[2024-11-06T08:51:25.682+0000] {logging_mixin.py:154} INFO - [2024-11-06T08:51:25.682+0000] {dag.py:2941} INFO - Sync 1 DAGs
[2024-11-06T08:51:25.691+0000] {logging_mixin.py:154} INFO - [2024-11-06T08:51:25.691+0000] {dag.py:3722} INFO - Setting next_dagrun for example_setup_teardown to 2024-11-05T08:51:25.691531+00:00, run_after=2024-11-06T08:51:25.691531+00:00
[2024-11-06T08:51:25.699+0000] {processor.py:179} INFO - Processing /home/airflow/.local/lib/python3.8/site-packages/airflow/example_dags/example_setup_teardown.py took 0.034 seconds
[2024-11-06T08:51:55.869+0000] {processor.py:157} INFO - Started process (PID=998) to work on /home/airflow/.local/lib/python3.8/site-packages/airflow/example_dags/example_setup_teardown.py
[2024-11-06T08:51:55.870+0000] {processor.py:829} INFO - Processing file /home/airflow/.local/lib/python3.8/site-packages/airflow/example_dags/example_setup_teardown.py for tasks to queue
[2024-11-06T08:51:55.871+0000] {logging_mixin.py:154} INFO - [2024-11-06T08:51:55.871+0000] {dagbag.py:536} INFO - Filling up the DagBag from /home/airflow/.local/lib/python3.8/site-packages/airflow/example_dags/example_setup_teardown.py
[2024-11-06T08:51:55.874+0000] {processor.py:839} INFO - DAG(s) dict_keys(['example_setup_teardown']) retrieved from /home/airflow/.local/lib/python3.8/site-packages/airflow/example_dags/example_setup_teardown.py
[2024-11-06T08:51:55.884+0000] {logging_mixin.py:154} INFO - [2024-11-06T08:51:55.884+0000] {dag.py:2941} INFO - Sync 1 DAGs
[2024-11-06T08:51:55.893+0000] {logging_mixin.py:154} INFO - [2024-11-06T08:51:55.893+0000] {dag.py:3722} INFO - Setting next_dagrun for example_setup_teardown to 2024-11-05T08:51:55.893094+00:00, run_after=2024-11-06T08:51:55.893094+00:00
[2024-11-06T08:51:55.900+0000] {processor.py:179} INFO - Processing /home/airflow/.local/lib/python3.8/site-packages/airflow/example_dags/example_setup_teardown.py took 0.033 seconds
[2024-11-06T08:52:26.230+0000] {processor.py:157} INFO - Started process (PID=1051) to work on /home/airflow/.local/lib/python3.8/site-packages/airflow/example_dags/example_setup_teardown.py
[2024-11-06T08:52:26.230+0000] {processor.py:829} INFO - Processing file /home/airflow/.local/lib/python3.8/site-packages/airflow/example_dags/example_setup_teardown.py for tasks to queue
[2024-11-06T08:52:26.231+0000] {logging_mixin.py:154} INFO - [2024-11-06T08:52:26.231+0000] {dagbag.py:536} INFO - Filling up the DagBag from /home/airflow/.local/lib/python3.8/site-packages/airflow/example_dags/example_setup_teardown.py
[2024-11-06T08:52:26.234+0000] {processor.py:839} INFO - DAG(s) dict_keys(['example_setup_teardown']) retrieved from /home/airflow/.local/lib/python3.8/site-packages/airflow/example_dags/example_setup_teardown.py
[2024-11-06T08:52:26.243+0000] {logging_mixin.py:154} INFO - [2024-11-06T08:52:26.243+0000] {dag.py:2941} INFO - Sync 1 DAGs
[2024-11-06T08:52:26.251+0000] {logging_mixin.py:154} INFO - [2024-11-06T08:52:26.251+0000] {dag.py:3722} INFO - Setting next_dagrun for example_setup_teardown to 2024-11-05T08:52:26.251113+00:00, run_after=2024-11-06T08:52:26.251113+00:00
[2024-11-06T08:52:26.257+0000] {processor.py:179} INFO - Processing /home/airflow/.local/lib/python3.8/site-packages/airflow/example_dags/example_setup_teardown.py took 0.029 seconds
[2024-11-06T08:52:56.939+0000] {processor.py:157} INFO - Started process (PID=1106) to work on /home/airflow/.local/lib/python3.8/site-packages/airflow/example_dags/example_setup_teardown.py
[2024-11-06T08:52:56.939+0000] {processor.py:829} INFO - Processing file /home/airflow/.local/lib/python3.8/site-packages/airflow/example_dags/example_setup_teardown.py for tasks to queue
[2024-11-06T08:52:56.940+0000] {logging_mixin.py:154} INFO - [2024-11-06T08:52:56.940+0000] {dagbag.py:536} INFO - Filling up the DagBag from /home/airflow/.local/lib/python3.8/site-packages/airflow/example_dags/example_setup_teardown.py
[2024-11-06T08:52:56.943+0000] {processor.py:839} INFO - DAG(s) dict_keys(['example_setup_teardown']) retrieved from /home/airflow/.local/lib/python3.8/site-packages/airflow/example_dags/example_setup_teardown.py
[2024-11-06T08:52:56.952+0000] {logging_mixin.py:154} INFO - [2024-11-06T08:52:56.952+0000] {dag.py:2941} INFO - Sync 1 DAGs
[2024-11-06T08:52:56.963+0000] {logging_mixin.py:154} INFO - [2024-11-06T08:52:56.963+0000] {dag.py:3722} INFO - Setting next_dagrun for example_setup_teardown to 2024-11-05T08:52:56.962908+00:00, run_after=2024-11-06T08:52:56.962908+00:00
[2024-11-06T08:52:56.970+0000] {processor.py:179} INFO - Processing /home/airflow/.local/lib/python3.8/site-packages/airflow/example_dags/example_setup_teardown.py took 0.033 seconds
[2024-11-06T08:53:27.273+0000] {processor.py:157} INFO - Started process (PID=1160) to work on /home/airflow/.local/lib/python3.8/site-packages/airflow/example_dags/example_setup_teardown.py
[2024-11-06T08:53:27.273+0000] {processor.py:829} INFO - Processing file /home/airflow/.local/lib/python3.8/site-packages/airflow/example_dags/example_setup_teardown.py for tasks to queue
[2024-11-06T08:53:27.274+0000] {logging_mixin.py:154} INFO - [2024-11-06T08:53:27.274+0000] {dagbag.py:536} INFO - Filling up the DagBag from /home/airflow/.local/lib/python3.8/site-packages/airflow/example_dags/example_setup_teardown.py
[2024-11-06T08:53:27.277+0000] {processor.py:839} INFO - DAG(s) dict_keys(['example_setup_teardown']) retrieved from /home/airflow/.local/lib/python3.8/site-packages/airflow/example_dags/example_setup_teardown.py
[2024-11-06T08:53:27.287+0000] {logging_mixin.py:154} INFO - [2024-11-06T08:53:27.287+0000] {dag.py:2941} INFO - Sync 1 DAGs
[2024-11-06T08:53:27.296+0000] {logging_mixin.py:154} INFO - [2024-11-06T08:53:27.296+0000] {dag.py:3722} INFO - Setting next_dagrun for example_setup_teardown to 2024-11-05T08:53:27.296211+00:00, run_after=2024-11-06T08:53:27.296211+00:00
[2024-11-06T08:53:27.380+0000] {processor.py:179} INFO - Processing /home/airflow/.local/lib/python3.8/site-packages/airflow/example_dags/example_setup_teardown.py took 0.108 seconds
[2024-11-06T08:53:57.881+0000] {processor.py:157} INFO - Started process (PID=1214) to work on /home/airflow/.local/lib/python3.8/site-packages/airflow/example_dags/example_setup_teardown.py
[2024-11-06T08:53:57.882+0000] {processor.py:829} INFO - Processing file /home/airflow/.local/lib/python3.8/site-packages/airflow/example_dags/example_setup_teardown.py for tasks to queue
[2024-11-06T08:53:57.883+0000] {logging_mixin.py:154} INFO - [2024-11-06T08:53:57.883+0000] {dagbag.py:536} INFO - Filling up the DagBag from /home/airflow/.local/lib/python3.8/site-packages/airflow/example_dags/example_setup_teardown.py
[2024-11-06T08:53:57.886+0000] {processor.py:839} INFO - DAG(s) dict_keys(['example_setup_teardown']) retrieved from /home/airflow/.local/lib/python3.8/site-packages/airflow/example_dags/example_setup_teardown.py
[2024-11-06T08:53:57.896+0000] {logging_mixin.py:154} INFO - [2024-11-06T08:53:57.896+0000] {dag.py:2941} INFO - Sync 1 DAGs
[2024-11-06T08:53:57.905+0000] {logging_mixin.py:154} INFO - [2024-11-06T08:53:57.905+0000] {dag.py:3722} INFO - Setting next_dagrun for example_setup_teardown to 2024-11-05T08:53:57.905024+00:00, run_after=2024-11-06T08:53:57.905024+00:00
[2024-11-06T08:53:57.912+0000] {processor.py:179} INFO - Processing /home/airflow/.local/lib/python3.8/site-packages/airflow/example_dags/example_setup_teardown.py took 0.032 seconds
[2024-11-06T08:54:28.870+0000] {processor.py:157} INFO - Started process (PID=1268) to work on /home/airflow/.local/lib/python3.8/site-packages/airflow/example_dags/example_setup_teardown.py
[2024-11-06T08:54:28.870+0000] {processor.py:829} INFO - Processing file /home/airflow/.local/lib/python3.8/site-packages/airflow/example_dags/example_setup_teardown.py for tasks to queue
[2024-11-06T08:54:28.874+0000] {logging_mixin.py:154} INFO - [2024-11-06T08:54:28.873+0000] {dagbag.py:536} INFO - Filling up the DagBag from /home/airflow/.local/lib/python3.8/site-packages/airflow/example_dags/example_setup_teardown.py
[2024-11-06T08:54:28.876+0000] {processor.py:839} INFO - DAG(s) dict_keys(['example_setup_teardown']) retrieved from /home/airflow/.local/lib/python3.8/site-packages/airflow/example_dags/example_setup_teardown.py
[2024-11-06T08:54:28.885+0000] {logging_mixin.py:154} INFO - [2024-11-06T08:54:28.885+0000] {dag.py:2941} INFO - Sync 1 DAGs
[2024-11-06T08:54:28.894+0000] {logging_mixin.py:154} INFO - [2024-11-06T08:54:28.894+0000] {dag.py:3722} INFO - Setting next_dagrun for example_setup_teardown to 2024-11-05T08:54:28.894553+00:00, run_after=2024-11-06T08:54:28.894553+00:00
[2024-11-06T08:54:28.902+0000] {processor.py:179} INFO - Processing /home/airflow/.local/lib/python3.8/site-packages/airflow/example_dags/example_setup_teardown.py took 0.034 seconds
[2024-11-06T08:54:59.286+0000] {processor.py:157} INFO - Started process (PID=1322) to work on /home/airflow/.local/lib/python3.8/site-packages/airflow/example_dags/example_setup_teardown.py
[2024-11-06T08:54:59.287+0000] {processor.py:829} INFO - Processing file /home/airflow/.local/lib/python3.8/site-packages/airflow/example_dags/example_setup_teardown.py for tasks to queue
[2024-11-06T08:54:59.287+0000] {logging_mixin.py:154} INFO - [2024-11-06T08:54:59.287+0000] {dagbag.py:536} INFO - Filling up the DagBag from /home/airflow/.local/lib/python3.8/site-packages/airflow/example_dags/example_setup_teardown.py
[2024-11-06T08:54:59.290+0000] {processor.py:839} INFO - DAG(s) dict_keys(['example_setup_teardown']) retrieved from /home/airflow/.local/lib/python3.8/site-packages/airflow/example_dags/example_setup_teardown.py
[2024-11-06T08:54:59.299+0000] {logging_mixin.py:154} INFO - [2024-11-06T08:54:59.299+0000] {dag.py:2941} INFO - Sync 1 DAGs
[2024-11-06T08:54:59.307+0000] {logging_mixin.py:154} INFO - [2024-11-06T08:54:59.307+0000] {dag.py:3722} INFO - Setting next_dagrun for example_setup_teardown to 2024-11-05T08:54:59.307330+00:00, run_after=2024-11-06T08:54:59.307330+00:00
[2024-11-06T08:54:59.383+0000] {processor.py:179} INFO - Processing /home/airflow/.local/lib/python3.8/site-packages/airflow/example_dags/example_setup_teardown.py took 0.098 seconds
[2024-11-06T08:55:30.017+0000] {processor.py:157} INFO - Started process (PID=1376) to work on /home/airflow/.local/lib/python3.8/site-packages/airflow/example_dags/example_setup_teardown.py
[2024-11-06T08:55:30.017+0000] {processor.py:829} INFO - Processing file /home/airflow/.local/lib/python3.8/site-packages/airflow/example_dags/example_setup_teardown.py for tasks to queue
[2024-11-06T08:55:30.018+0000] {logging_mixin.py:154} INFO - [2024-11-06T08:55:30.018+0000] {dagbag.py:536} INFO - Filling up the DagBag from /home/airflow/.local/lib/python3.8/site-packages/airflow/example_dags/example_setup_teardown.py
[2024-11-06T08:55:30.021+0000] {processor.py:839} INFO - DAG(s) dict_keys(['example_setup_teardown']) retrieved from /home/airflow/.local/lib/python3.8/site-packages/airflow/example_dags/example_setup_teardown.py
[2024-11-06T08:55:30.031+0000] {logging_mixin.py:154} INFO - [2024-11-06T08:55:30.031+0000] {dag.py:2941} INFO - Sync 1 DAGs
[2024-11-06T08:55:30.040+0000] {logging_mixin.py:154} INFO - [2024-11-06T08:55:30.040+0000] {dag.py:3722} INFO - Setting next_dagrun for example_setup_teardown to 2024-11-05T08:55:30.040681+00:00, run_after=2024-11-06T08:55:30.040681+00:00
[2024-11-06T08:55:30.047+0000] {processor.py:179} INFO - Processing /home/airflow/.local/lib/python3.8/site-packages/airflow/example_dags/example_setup_teardown.py took 0.031 seconds
[2024-11-06T08:56:01.200+0000] {processor.py:157} INFO - Started process (PID=1430) to work on /home/airflow/.local/lib/python3.8/site-packages/airflow/example_dags/example_setup_teardown.py
[2024-11-06T08:56:01.200+0000] {processor.py:829} INFO - Processing file /home/airflow/.local/lib/python3.8/site-packages/airflow/example_dags/example_setup_teardown.py for tasks to queue
[2024-11-06T08:56:01.201+0000] {logging_mixin.py:154} INFO - [2024-11-06T08:56:01.201+0000] {dagbag.py:536} INFO - Filling up the DagBag from /home/airflow/.local/lib/python3.8/site-packages/airflow/example_dags/example_setup_teardown.py
[2024-11-06T08:56:01.204+0000] {processor.py:839} INFO - DAG(s) dict_keys(['example_setup_teardown']) retrieved from /home/airflow/.local/lib/python3.8/site-packages/airflow/example_dags/example_setup_teardown.py
[2024-11-06T08:56:01.213+0000] {logging_mixin.py:154} INFO - [2024-11-06T08:56:01.213+0000] {dag.py:2941} INFO - Sync 1 DAGs
[2024-11-06T08:56:01.302+0000] {logging_mixin.py:154} INFO - [2024-11-06T08:56:01.302+0000] {dag.py:3722} INFO - Setting next_dagrun for example_setup_teardown to 2024-11-05T08:56:01.302770+00:00, run_after=2024-11-06T08:56:01.302770+00:00
[2024-11-06T08:56:01.311+0000] {processor.py:179} INFO - Processing /home/airflow/.local/lib/python3.8/site-packages/airflow/example_dags/example_setup_teardown.py took 0.112 seconds
[2024-11-06T08:56:32.008+0000] {processor.py:157} INFO - Started process (PID=1484) to work on /home/airflow/.local/lib/python3.8/site-packages/airflow/example_dags/example_setup_teardown.py
[2024-11-06T08:56:32.009+0000] {processor.py:829} INFO - Processing file /home/airflow/.local/lib/python3.8/site-packages/airflow/example_dags/example_setup_teardown.py for tasks to queue
[2024-11-06T08:56:32.010+0000] {logging_mixin.py:154} INFO - [2024-11-06T08:56:32.010+0000] {dagbag.py:536} INFO - Filling up the DagBag from /home/airflow/.local/lib/python3.8/site-packages/airflow/example_dags/example_setup_teardown.py
[2024-11-06T08:56:32.013+0000] {processor.py:839} INFO - DAG(s) dict_keys(['example_setup_teardown']) retrieved from /home/airflow/.local/lib/python3.8/site-packages/airflow/example_dags/example_setup_teardown.py
[2024-11-06T08:56:32.022+0000] {logging_mixin.py:154} INFO - [2024-11-06T08:56:32.022+0000] {dag.py:2941} INFO - Sync 1 DAGs
[2024-11-06T08:56:32.031+0000] {logging_mixin.py:154} INFO - [2024-11-06T08:56:32.031+0000] {dag.py:3722} INFO - Setting next_dagrun for example_setup_teardown to 2024-11-05T08:56:32.031541+00:00, run_after=2024-11-06T08:56:32.031541+00:00
[2024-11-06T08:56:32.114+0000] {processor.py:179} INFO - Processing /home/airflow/.local/lib/python3.8/site-packages/airflow/example_dags/example_setup_teardown.py took 0.107 seconds
[2024-11-06T08:57:02.357+0000] {processor.py:157} INFO - Started process (PID=1538) to work on /home/airflow/.local/lib/python3.8/site-packages/airflow/example_dags/example_setup_teardown.py
[2024-11-06T08:57:02.360+0000] {processor.py:829} INFO - Processing file /home/airflow/.local/lib/python3.8/site-packages/airflow/example_dags/example_setup_teardown.py for tasks to queue
[2024-11-06T08:57:02.361+0000] {logging_mixin.py:154} INFO - [2024-11-06T08:57:02.361+0000] {dagbag.py:536} INFO - Filling up the DagBag from /home/airflow/.local/lib/python3.8/site-packages/airflow/example_dags/example_setup_teardown.py
[2024-11-06T08:57:02.364+0000] {processor.py:839} INFO - DAG(s) dict_keys(['example_setup_teardown']) retrieved from /home/airflow/.local/lib/python3.8/site-packages/airflow/example_dags/example_setup_teardown.py
[2024-11-06T08:57:02.373+0000] {logging_mixin.py:154} INFO - [2024-11-06T08:57:02.373+0000] {dag.py:2941} INFO - Sync 1 DAGs
[2024-11-06T08:57:02.383+0000] {logging_mixin.py:154} INFO - [2024-11-06T08:57:02.382+0000] {dag.py:3722} INFO - Setting next_dagrun for example_setup_teardown to 2024-11-05T08:57:02.382830+00:00, run_after=2024-11-06T08:57:02.382830+00:00
[2024-11-06T08:57:02.390+0000] {processor.py:179} INFO - Processing /home/airflow/.local/lib/python3.8/site-packages/airflow/example_dags/example_setup_teardown.py took 0.034 seconds
[2024-11-06T08:57:32.801+0000] {processor.py:157} INFO - Started process (PID=1592) to work on /home/airflow/.local/lib/python3.8/site-packages/airflow/example_dags/example_setup_teardown.py
[2024-11-06T08:57:32.802+0000] {processor.py:829} INFO - Processing file /home/airflow/.local/lib/python3.8/site-packages/airflow/example_dags/example_setup_teardown.py for tasks to queue
[2024-11-06T08:57:32.803+0000] {logging_mixin.py:154} INFO - [2024-11-06T08:57:32.802+0000] {dagbag.py:536} INFO - Filling up the DagBag from /home/airflow/.local/lib/python3.8/site-packages/airflow/example_dags/example_setup_teardown.py
[2024-11-06T08:57:32.805+0000] {processor.py:839} INFO - DAG(s) dict_keys(['example_setup_teardown']) retrieved from /home/airflow/.local/lib/python3.8/site-packages/airflow/example_dags/example_setup_teardown.py
[2024-11-06T08:57:32.815+0000] {logging_mixin.py:154} INFO - [2024-11-06T08:57:32.815+0000] {dag.py:2941} INFO - Sync 1 DAGs
[2024-11-06T08:57:32.902+0000] {logging_mixin.py:154} INFO - [2024-11-06T08:57:32.902+0000] {dag.py:3722} INFO - Setting next_dagrun for example_setup_teardown to 2024-11-05T08:57:32.902455+00:00, run_after=2024-11-06T08:57:32.902455+00:00
[2024-11-06T08:57:32.911+0000] {processor.py:179} INFO - Processing /home/airflow/.local/lib/python3.8/site-packages/airflow/example_dags/example_setup_teardown.py took 0.111 seconds
[2024-11-06T08:58:03.712+0000] {processor.py:157} INFO - Started process (PID=1645) to work on /home/airflow/.local/lib/python3.8/site-packages/airflow/example_dags/example_setup_teardown.py
[2024-11-06T08:58:03.712+0000] {processor.py:829} INFO - Processing file /home/airflow/.local/lib/python3.8/site-packages/airflow/example_dags/example_setup_teardown.py for tasks to queue
[2024-11-06T08:58:03.713+0000] {logging_mixin.py:154} INFO - [2024-11-06T08:58:03.713+0000] {dagbag.py:536} INFO - Filling up the DagBag from /home/airflow/.local/lib/python3.8/site-packages/airflow/example_dags/example_setup_teardown.py
[2024-11-06T08:58:03.716+0000] {processor.py:839} INFO - DAG(s) dict_keys(['example_setup_teardown']) retrieved from /home/airflow/.local/lib/python3.8/site-packages/airflow/example_dags/example_setup_teardown.py
[2024-11-06T08:58:03.727+0000] {logging_mixin.py:154} INFO - [2024-11-06T08:58:03.727+0000] {dag.py:2941} INFO - Sync 1 DAGs
[2024-11-06T08:58:03.736+0000] {logging_mixin.py:154} INFO - [2024-11-06T08:58:03.736+0000] {dag.py:3722} INFO - Setting next_dagrun for example_setup_teardown to 2024-11-05T08:58:03.736720+00:00, run_after=2024-11-06T08:58:03.736720+00:00
[2024-11-06T08:58:03.745+0000] {processor.py:179} INFO - Processing /home/airflow/.local/lib/python3.8/site-packages/airflow/example_dags/example_setup_teardown.py took 0.035 seconds
[2024-11-06T08:58:34.116+0000] {processor.py:157} INFO - Started process (PID=1699) to work on /home/airflow/.local/lib/python3.8/site-packages/airflow/example_dags/example_setup_teardown.py
[2024-11-06T08:58:34.117+0000] {processor.py:829} INFO - Processing file /home/airflow/.local/lib/python3.8/site-packages/airflow/example_dags/example_setup_teardown.py for tasks to queue
[2024-11-06T08:58:34.118+0000] {logging_mixin.py:154} INFO - [2024-11-06T08:58:34.117+0000] {dagbag.py:536} INFO - Filling up the DagBag from /home/airflow/.local/lib/python3.8/site-packages/airflow/example_dags/example_setup_teardown.py
[2024-11-06T08:58:34.195+0000] {processor.py:839} INFO - DAG(s) dict_keys(['example_setup_teardown']) retrieved from /home/airflow/.local/lib/python3.8/site-packages/airflow/example_dags/example_setup_teardown.py
[2024-11-06T08:58:34.202+0000] {logging_mixin.py:154} INFO - [2024-11-06T08:58:34.201+0000] {dag.py:2941} INFO - Sync 1 DAGs
[2024-11-06T08:58:34.209+0000] {logging_mixin.py:154} INFO - [2024-11-06T08:58:34.209+0000] {dag.py:3722} INFO - Setting next_dagrun for example_setup_teardown to 2024-11-05T08:58:34.208948+00:00, run_after=2024-11-06T08:58:34.208948+00:00
[2024-11-06T08:58:34.217+0000] {processor.py:179} INFO - Processing /home/airflow/.local/lib/python3.8/site-packages/airflow/example_dags/example_setup_teardown.py took 0.103 seconds
[2024-11-06T09:17:57.516+0000] {processor.py:157} INFO - Started process (PID=1744) to work on /home/airflow/.local/lib/python3.8/site-packages/airflow/example_dags/example_setup_teardown.py
[2024-11-06T09:17:57.517+0000] {processor.py:829} INFO - Processing file /home/airflow/.local/lib/python3.8/site-packages/airflow/example_dags/example_setup_teardown.py for tasks to queue
[2024-11-06T09:17:57.520+0000] {logging_mixin.py:154} INFO - [2024-11-06T09:17:57.519+0000] {dagbag.py:536} INFO - Filling up the DagBag from /home/airflow/.local/lib/python3.8/site-packages/airflow/example_dags/example_setup_teardown.py
[2024-11-06T09:17:57.525+0000] {processor.py:839} INFO - DAG(s) dict_keys(['example_setup_teardown']) retrieved from /home/airflow/.local/lib/python3.8/site-packages/airflow/example_dags/example_setup_teardown.py
[2024-11-06T09:17:57.545+0000] {logging_mixin.py:154} INFO - [2024-11-06T09:17:57.545+0000] {dag.py:2941} INFO - Sync 1 DAGs
[2024-11-06T09:17:57.561+0000] {logging_mixin.py:154} INFO - [2024-11-06T09:17:57.561+0000] {dag.py:3722} INFO - Setting next_dagrun for example_setup_teardown to 2024-11-05T09:17:57.560956+00:00, run_after=2024-11-06T09:17:57.560956+00:00
[2024-11-06T09:17:57.571+0000] {processor.py:179} INFO - Processing /home/airflow/.local/lib/python3.8/site-packages/airflow/example_dags/example_setup_teardown.py took 0.060 seconds
[2024-11-06T09:29:43.930+0000] {processor.py:157} INFO - Started process (PID=1798) to work on /home/airflow/.local/lib/python3.8/site-packages/airflow/example_dags/example_setup_teardown.py
[2024-11-06T09:29:43.931+0000] {processor.py:829} INFO - Processing file /home/airflow/.local/lib/python3.8/site-packages/airflow/example_dags/example_setup_teardown.py for tasks to queue
[2024-11-06T09:29:43.935+0000] {logging_mixin.py:154} INFO - [2024-11-06T09:29:43.934+0000] {dagbag.py:536} INFO - Filling up the DagBag from /home/airflow/.local/lib/python3.8/site-packages/airflow/example_dags/example_setup_teardown.py
[2024-11-06T09:29:43.944+0000] {processor.py:839} INFO - DAG(s) dict_keys(['example_setup_teardown']) retrieved from /home/airflow/.local/lib/python3.8/site-packages/airflow/example_dags/example_setup_teardown.py
[2024-11-06T09:29:43.962+0000] {logging_mixin.py:154} INFO - [2024-11-06T09:29:43.962+0000] {dag.py:2941} INFO - Sync 1 DAGs
[2024-11-06T09:29:43.986+0000] {logging_mixin.py:154} INFO - [2024-11-06T09:29:43.986+0000] {dag.py:3722} INFO - Setting next_dagrun for example_setup_teardown to 2024-11-05T09:29:43.986274+00:00, run_after=2024-11-06T09:29:43.986274+00:00
[2024-11-06T09:29:44.009+0000] {processor.py:179} INFO - Processing /home/airflow/.local/lib/python3.8/site-packages/airflow/example_dags/example_setup_teardown.py took 0.083 seconds
[2024-11-06T10:28:13.821+0000] {processor.py:157} INFO - Started process (PID=1852) to work on /home/airflow/.local/lib/python3.8/site-packages/airflow/example_dags/example_setup_teardown.py
[2024-11-06T10:28:13.823+0000] {processor.py:829} INFO - Processing file /home/airflow/.local/lib/python3.8/site-packages/airflow/example_dags/example_setup_teardown.py for tasks to queue
[2024-11-06T10:28:13.825+0000] {logging_mixin.py:154} INFO - [2024-11-06T10:28:13.824+0000] {dagbag.py:536} INFO - Filling up the DagBag from /home/airflow/.local/lib/python3.8/site-packages/airflow/example_dags/example_setup_teardown.py
[2024-11-06T10:28:13.830+0000] {processor.py:839} INFO - DAG(s) dict_keys(['example_setup_teardown']) retrieved from /home/airflow/.local/lib/python3.8/site-packages/airflow/example_dags/example_setup_teardown.py
[2024-11-06T10:28:13.853+0000] {logging_mixin.py:154} INFO - [2024-11-06T10:28:13.853+0000] {dag.py:2941} INFO - Sync 1 DAGs
[2024-11-06T10:28:13.871+0000] {logging_mixin.py:154} INFO - [2024-11-06T10:28:13.871+0000] {dag.py:3722} INFO - Setting next_dagrun for example_setup_teardown to 2024-11-05T10:28:13.871065+00:00, run_after=2024-11-06T10:28:13.871065+00:00
[2024-11-06T10:28:13.881+0000] {processor.py:179} INFO - Processing /home/airflow/.local/lib/python3.8/site-packages/airflow/example_dags/example_setup_teardown.py took 0.062 seconds
[2024-11-06T11:31:03.860+0000] {processor.py:157} INFO - Started process (PID=1906) to work on /home/airflow/.local/lib/python3.8/site-packages/airflow/example_dags/example_setup_teardown.py
[2024-11-06T11:31:03.863+0000] {processor.py:829} INFO - Processing file /home/airflow/.local/lib/python3.8/site-packages/airflow/example_dags/example_setup_teardown.py for tasks to queue
[2024-11-06T11:31:03.865+0000] {logging_mixin.py:154} INFO - [2024-11-06T11:31:03.865+0000] {dagbag.py:536} INFO - Filling up the DagBag from /home/airflow/.local/lib/python3.8/site-packages/airflow/example_dags/example_setup_teardown.py
[2024-11-06T11:31:03.868+0000] {processor.py:839} INFO - DAG(s) dict_keys(['example_setup_teardown']) retrieved from /home/airflow/.local/lib/python3.8/site-packages/airflow/example_dags/example_setup_teardown.py
[2024-11-06T11:31:03.883+0000] {logging_mixin.py:154} INFO - [2024-11-06T11:31:03.883+0000] {dag.py:2941} INFO - Sync 1 DAGs
[2024-11-06T11:31:03.895+0000] {logging_mixin.py:154} INFO - [2024-11-06T11:31:03.895+0000] {dag.py:3722} INFO - Setting next_dagrun for example_setup_teardown to 2024-11-05T11:31:03.895672+00:00, run_after=2024-11-06T11:31:03.895672+00:00
[2024-11-06T11:31:03.904+0000] {processor.py:179} INFO - Processing /home/airflow/.local/lib/python3.8/site-packages/airflow/example_dags/example_setup_teardown.py took 0.046 seconds
[2024-11-06T11:59:50.447+0000] {processor.py:157} INFO - Started process (PID=1960) to work on /home/airflow/.local/lib/python3.8/site-packages/airflow/example_dags/example_setup_teardown.py
[2024-11-06T11:59:50.447+0000] {processor.py:829} INFO - Processing file /home/airflow/.local/lib/python3.8/site-packages/airflow/example_dags/example_setup_teardown.py for tasks to queue
[2024-11-06T11:59:50.448+0000] {logging_mixin.py:154} INFO - [2024-11-06T11:59:50.448+0000] {dagbag.py:536} INFO - Filling up the DagBag from /home/airflow/.local/lib/python3.8/site-packages/airflow/example_dags/example_setup_teardown.py
[2024-11-06T11:59:50.451+0000] {processor.py:839} INFO - DAG(s) dict_keys(['example_setup_teardown']) retrieved from /home/airflow/.local/lib/python3.8/site-packages/airflow/example_dags/example_setup_teardown.py
[2024-11-06T11:59:50.461+0000] {logging_mixin.py:154} INFO - [2024-11-06T11:59:50.461+0000] {dag.py:2941} INFO - Sync 1 DAGs
[2024-11-06T11:59:50.472+0000] {logging_mixin.py:154} INFO - [2024-11-06T11:59:50.472+0000] {dag.py:3722} INFO - Setting next_dagrun for example_setup_teardown to 2024-11-05T11:59:50.472210+00:00, run_after=2024-11-06T11:59:50.472210+00:00
[2024-11-06T11:59:50.483+0000] {processor.py:179} INFO - Processing /home/airflow/.local/lib/python3.8/site-packages/airflow/example_dags/example_setup_teardown.py took 0.037 seconds
[2024-11-06T12:50:47.830+0000] {processor.py:157} INFO - Started process (PID=2014) to work on /home/airflow/.local/lib/python3.8/site-packages/airflow/example_dags/example_setup_teardown.py
[2024-11-06T12:50:47.838+0000] {processor.py:829} INFO - Processing file /home/airflow/.local/lib/python3.8/site-packages/airflow/example_dags/example_setup_teardown.py for tasks to queue
[2024-11-06T12:50:47.841+0000] {logging_mixin.py:154} INFO - [2024-11-06T12:50:47.841+0000] {dagbag.py:536} INFO - Filling up the DagBag from /home/airflow/.local/lib/python3.8/site-packages/airflow/example_dags/example_setup_teardown.py
[2024-11-06T12:50:47.847+0000] {processor.py:839} INFO - DAG(s) dict_keys(['example_setup_teardown']) retrieved from /home/airflow/.local/lib/python3.8/site-packages/airflow/example_dags/example_setup_teardown.py
[2024-11-06T12:50:47.868+0000] {logging_mixin.py:154} INFO - [2024-11-06T12:50:47.867+0000] {dag.py:2941} INFO - Sync 1 DAGs
[2024-11-06T12:50:47.904+0000] {logging_mixin.py:154} INFO - [2024-11-06T12:50:47.904+0000] {dag.py:3722} INFO - Setting next_dagrun for example_setup_teardown to 2024-11-05T12:50:47.904221+00:00, run_after=2024-11-06T12:50:47.904221+00:00
[2024-11-06T12:50:47.926+0000] {processor.py:179} INFO - Processing /home/airflow/.local/lib/python3.8/site-packages/airflow/example_dags/example_setup_teardown.py took 0.098 seconds
[2024-11-06T12:52:35.635+0000] {processor.py:157} INFO - Started process (PID=2068) to work on /home/airflow/.local/lib/python3.8/site-packages/airflow/example_dags/example_setup_teardown.py
[2024-11-06T12:52:35.635+0000] {processor.py:829} INFO - Processing file /home/airflow/.local/lib/python3.8/site-packages/airflow/example_dags/example_setup_teardown.py for tasks to queue
[2024-11-06T12:52:35.636+0000] {logging_mixin.py:154} INFO - [2024-11-06T12:52:35.636+0000] {dagbag.py:536} INFO - Filling up the DagBag from /home/airflow/.local/lib/python3.8/site-packages/airflow/example_dags/example_setup_teardown.py
[2024-11-06T12:52:35.640+0000] {processor.py:839} INFO - DAG(s) dict_keys(['example_setup_teardown']) retrieved from /home/airflow/.local/lib/python3.8/site-packages/airflow/example_dags/example_setup_teardown.py
[2024-11-06T12:52:35.653+0000] {logging_mixin.py:154} INFO - [2024-11-06T12:52:35.653+0000] {dag.py:2941} INFO - Sync 1 DAGs
[2024-11-06T12:52:35.667+0000] {logging_mixin.py:154} INFO - [2024-11-06T12:52:35.666+0000] {dag.py:3722} INFO - Setting next_dagrun for example_setup_teardown to 2024-11-05T12:52:35.666848+00:00, run_after=2024-11-06T12:52:35.666848+00:00
[2024-11-06T12:52:35.676+0000] {processor.py:179} INFO - Processing /home/airflow/.local/lib/python3.8/site-packages/airflow/example_dags/example_setup_teardown.py took 0.044 seconds
[2024-11-06T13:07:17.062+0000] {processor.py:157} INFO - Started process (PID=2122) to work on /home/airflow/.local/lib/python3.8/site-packages/airflow/example_dags/example_setup_teardown.py
[2024-11-06T13:07:17.063+0000] {processor.py:829} INFO - Processing file /home/airflow/.local/lib/python3.8/site-packages/airflow/example_dags/example_setup_teardown.py for tasks to queue
[2024-11-06T13:07:17.068+0000] {logging_mixin.py:154} INFO - [2024-11-06T13:07:17.068+0000] {dagbag.py:536} INFO - Filling up the DagBag from /home/airflow/.local/lib/python3.8/site-packages/airflow/example_dags/example_setup_teardown.py
[2024-11-06T13:07:17.071+0000] {processor.py:839} INFO - DAG(s) dict_keys(['example_setup_teardown']) retrieved from /home/airflow/.local/lib/python3.8/site-packages/airflow/example_dags/example_setup_teardown.py
[2024-11-06T13:07:17.082+0000] {logging_mixin.py:154} INFO - [2024-11-06T13:07:17.082+0000] {dag.py:2941} INFO - Sync 1 DAGs
[2024-11-06T13:07:17.090+0000] {logging_mixin.py:154} INFO - [2024-11-06T13:07:17.090+0000] {dag.py:3722} INFO - Setting next_dagrun for example_setup_teardown to 2024-11-05T13:07:17.090711+00:00, run_after=2024-11-06T13:07:17.090711+00:00
[2024-11-06T13:07:17.103+0000] {processor.py:179} INFO - Processing /home/airflow/.local/lib/python3.8/site-packages/airflow/example_dags/example_setup_teardown.py took 0.042 seconds
[2024-11-06T13:47:32.034+0000] {processor.py:157} INFO - Started process (PID=2176) to work on /home/airflow/.local/lib/python3.8/site-packages/airflow/example_dags/example_setup_teardown.py
[2024-11-06T13:47:32.035+0000] {processor.py:829} INFO - Processing file /home/airflow/.local/lib/python3.8/site-packages/airflow/example_dags/example_setup_teardown.py for tasks to queue
[2024-11-06T13:47:32.035+0000] {logging_mixin.py:154} INFO - [2024-11-06T13:47:32.035+0000] {dagbag.py:536} INFO - Filling up the DagBag from /home/airflow/.local/lib/python3.8/site-packages/airflow/example_dags/example_setup_teardown.py
[2024-11-06T13:47:32.038+0000] {processor.py:839} INFO - DAG(s) dict_keys(['example_setup_teardown']) retrieved from /home/airflow/.local/lib/python3.8/site-packages/airflow/example_dags/example_setup_teardown.py
[2024-11-06T13:47:32.048+0000] {logging_mixin.py:154} INFO - [2024-11-06T13:47:32.048+0000] {dag.py:2941} INFO - Sync 1 DAGs
[2024-11-06T13:47:32.058+0000] {logging_mixin.py:154} INFO - [2024-11-06T13:47:32.058+0000] {dag.py:3722} INFO - Setting next_dagrun for example_setup_teardown to 2024-11-05T13:47:32.058038+00:00, run_after=2024-11-06T13:47:32.058038+00:00
[2024-11-06T13:47:32.065+0000] {processor.py:179} INFO - Processing /home/airflow/.local/lib/python3.8/site-packages/airflow/example_dags/example_setup_teardown.py took 0.032 seconds
[2024-11-06T13:55:17.591+0000] {processor.py:157} INFO - Started process (PID=2230) to work on /home/airflow/.local/lib/python3.8/site-packages/airflow/example_dags/example_setup_teardown.py
[2024-11-06T13:55:17.592+0000] {processor.py:829} INFO - Processing file /home/airflow/.local/lib/python3.8/site-packages/airflow/example_dags/example_setup_teardown.py for tasks to queue
[2024-11-06T13:55:17.594+0000] {logging_mixin.py:154} INFO - [2024-11-06T13:55:17.594+0000] {dagbag.py:536} INFO - Filling up the DagBag from /home/airflow/.local/lib/python3.8/site-packages/airflow/example_dags/example_setup_teardown.py
[2024-11-06T13:55:17.598+0000] {processor.py:839} INFO - DAG(s) dict_keys(['example_setup_teardown']) retrieved from /home/airflow/.local/lib/python3.8/site-packages/airflow/example_dags/example_setup_teardown.py
[2024-11-06T13:55:17.610+0000] {logging_mixin.py:154} INFO - [2024-11-06T13:55:17.610+0000] {dag.py:2941} INFO - Sync 1 DAGs
[2024-11-06T13:55:17.619+0000] {logging_mixin.py:154} INFO - [2024-11-06T13:55:17.618+0000] {dag.py:3722} INFO - Setting next_dagrun for example_setup_teardown to 2024-11-05T13:55:17.618811+00:00, run_after=2024-11-06T13:55:17.618811+00:00
[2024-11-06T13:55:17.626+0000] {processor.py:179} INFO - Processing /home/airflow/.local/lib/python3.8/site-packages/airflow/example_dags/example_setup_teardown.py took 0.037 seconds
[2024-11-06T14:00:22.351+0000] {processor.py:157} INFO - Started process (PID=2284) to work on /home/airflow/.local/lib/python3.8/site-packages/airflow/example_dags/example_setup_teardown.py
[2024-11-06T14:00:22.353+0000] {processor.py:829} INFO - Processing file /home/airflow/.local/lib/python3.8/site-packages/airflow/example_dags/example_setup_teardown.py for tasks to queue
[2024-11-06T14:00:22.354+0000] {logging_mixin.py:154} INFO - [2024-11-06T14:00:22.354+0000] {dagbag.py:536} INFO - Filling up the DagBag from /home/airflow/.local/lib/python3.8/site-packages/airflow/example_dags/example_setup_teardown.py
[2024-11-06T14:00:22.358+0000] {processor.py:839} INFO - DAG(s) dict_keys(['example_setup_teardown']) retrieved from /home/airflow/.local/lib/python3.8/site-packages/airflow/example_dags/example_setup_teardown.py
[2024-11-06T14:00:22.371+0000] {logging_mixin.py:154} INFO - [2024-11-06T14:00:22.371+0000] {dag.py:2941} INFO - Sync 1 DAGs
[2024-11-06T14:00:22.383+0000] {logging_mixin.py:154} INFO - [2024-11-06T14:00:22.383+0000] {dag.py:3722} INFO - Setting next_dagrun for example_setup_teardown to 2024-11-05T14:00:22.383459+00:00, run_after=2024-11-06T14:00:22.383459+00:00
[2024-11-06T14:00:22.396+0000] {processor.py:179} INFO - Processing /home/airflow/.local/lib/python3.8/site-packages/airflow/example_dags/example_setup_teardown.py took 0.047 seconds
[2024-11-06T14:05:42.328+0000] {processor.py:157} INFO - Started process (PID=2338) to work on /home/airflow/.local/lib/python3.8/site-packages/airflow/example_dags/example_setup_teardown.py
[2024-11-06T14:05:42.330+0000] {processor.py:829} INFO - Processing file /home/airflow/.local/lib/python3.8/site-packages/airflow/example_dags/example_setup_teardown.py for tasks to queue
[2024-11-06T14:05:42.332+0000] {logging_mixin.py:154} INFO - [2024-11-06T14:05:42.332+0000] {dagbag.py:536} INFO - Filling up the DagBag from /home/airflow/.local/lib/python3.8/site-packages/airflow/example_dags/example_setup_teardown.py
[2024-11-06T14:05:42.335+0000] {processor.py:839} INFO - DAG(s) dict_keys(['example_setup_teardown']) retrieved from /home/airflow/.local/lib/python3.8/site-packages/airflow/example_dags/example_setup_teardown.py
[2024-11-06T14:05:42.348+0000] {logging_mixin.py:154} INFO - [2024-11-06T14:05:42.348+0000] {dag.py:2941} INFO - Sync 1 DAGs
[2024-11-06T14:05:42.356+0000] {logging_mixin.py:154} INFO - [2024-11-06T14:05:42.356+0000] {dag.py:3722} INFO - Setting next_dagrun for example_setup_teardown to 2024-11-05T14:05:42.356626+00:00, run_after=2024-11-06T14:05:42.356626+00:00
[2024-11-06T14:05:42.367+0000] {processor.py:179} INFO - Processing /home/airflow/.local/lib/python3.8/site-packages/airflow/example_dags/example_setup_teardown.py took 0.040 seconds
[2024-11-06T14:09:56.787+0000] {processor.py:157} INFO - Started process (PID=2392) to work on /home/airflow/.local/lib/python3.8/site-packages/airflow/example_dags/example_setup_teardown.py
[2024-11-06T14:09:56.787+0000] {processor.py:829} INFO - Processing file /home/airflow/.local/lib/python3.8/site-packages/airflow/example_dags/example_setup_teardown.py for tasks to queue
[2024-11-06T14:09:56.788+0000] {logging_mixin.py:154} INFO - [2024-11-06T14:09:56.788+0000] {dagbag.py:536} INFO - Filling up the DagBag from /home/airflow/.local/lib/python3.8/site-packages/airflow/example_dags/example_setup_teardown.py
[2024-11-06T14:09:56.791+0000] {processor.py:839} INFO - DAG(s) dict_keys(['example_setup_teardown']) retrieved from /home/airflow/.local/lib/python3.8/site-packages/airflow/example_dags/example_setup_teardown.py
[2024-11-06T14:09:56.805+0000] {logging_mixin.py:154} INFO - [2024-11-06T14:09:56.805+0000] {dag.py:2941} INFO - Sync 1 DAGs
[2024-11-06T14:09:56.814+0000] {logging_mixin.py:154} INFO - [2024-11-06T14:09:56.814+0000] {dag.py:3722} INFO - Setting next_dagrun for example_setup_teardown to 2024-11-05T14:09:56.814278+00:00, run_after=2024-11-06T14:09:56.814278+00:00
[2024-11-06T14:09:56.823+0000] {processor.py:179} INFO - Processing /home/airflow/.local/lib/python3.8/site-packages/airflow/example_dags/example_setup_teardown.py took 0.037 seconds
[2024-11-06T14:16:57.810+0000] {processor.py:157} INFO - Started process (PID=2446) to work on /home/airflow/.local/lib/python3.8/site-packages/airflow/example_dags/example_setup_teardown.py
[2024-11-06T14:16:57.811+0000] {processor.py:829} INFO - Processing file /home/airflow/.local/lib/python3.8/site-packages/airflow/example_dags/example_setup_teardown.py for tasks to queue
[2024-11-06T14:16:57.813+0000] {logging_mixin.py:154} INFO - [2024-11-06T14:16:57.812+0000] {dagbag.py:536} INFO - Filling up the DagBag from /home/airflow/.local/lib/python3.8/site-packages/airflow/example_dags/example_setup_teardown.py
[2024-11-06T14:16:57.817+0000] {processor.py:839} INFO - DAG(s) dict_keys(['example_setup_teardown']) retrieved from /home/airflow/.local/lib/python3.8/site-packages/airflow/example_dags/example_setup_teardown.py
[2024-11-06T14:16:57.831+0000] {logging_mixin.py:154} INFO - [2024-11-06T14:16:57.831+0000] {dag.py:2941} INFO - Sync 1 DAGs
[2024-11-06T14:16:57.846+0000] {logging_mixin.py:154} INFO - [2024-11-06T14:16:57.845+0000] {dag.py:3722} INFO - Setting next_dagrun for example_setup_teardown to 2024-11-05T14:16:57.845799+00:00, run_after=2024-11-06T14:16:57.845799+00:00
[2024-11-06T14:16:57.855+0000] {processor.py:179} INFO - Processing /home/airflow/.local/lib/python3.8/site-packages/airflow/example_dags/example_setup_teardown.py took 0.047 seconds
[2024-11-06T14:23:15.474+0000] {processor.py:157} INFO - Started process (PID=2500) to work on /home/airflow/.local/lib/python3.8/site-packages/airflow/example_dags/example_setup_teardown.py
[2024-11-06T14:23:15.474+0000] {processor.py:829} INFO - Processing file /home/airflow/.local/lib/python3.8/site-packages/airflow/example_dags/example_setup_teardown.py for tasks to queue
[2024-11-06T14:23:15.476+0000] {logging_mixin.py:154} INFO - [2024-11-06T14:23:15.475+0000] {dagbag.py:536} INFO - Filling up the DagBag from /home/airflow/.local/lib/python3.8/site-packages/airflow/example_dags/example_setup_teardown.py
[2024-11-06T14:23:15.479+0000] {processor.py:839} INFO - DAG(s) dict_keys(['example_setup_teardown']) retrieved from /home/airflow/.local/lib/python3.8/site-packages/airflow/example_dags/example_setup_teardown.py
[2024-11-06T14:23:15.491+0000] {logging_mixin.py:154} INFO - [2024-11-06T14:23:15.490+0000] {dag.py:2941} INFO - Sync 1 DAGs
[2024-11-06T14:23:15.501+0000] {logging_mixin.py:154} INFO - [2024-11-06T14:23:15.501+0000] {dag.py:3722} INFO - Setting next_dagrun for example_setup_teardown to 2024-11-05T14:23:15.501129+00:00, run_after=2024-11-06T14:23:15.501129+00:00
[2024-11-06T14:23:15.510+0000] {processor.py:179} INFO - Processing /home/airflow/.local/lib/python3.8/site-packages/airflow/example_dags/example_setup_teardown.py took 0.038 seconds
[2024-11-06T14:31:02.285+0000] {processor.py:157} INFO - Started process (PID=2553) to work on /home/airflow/.local/lib/python3.8/site-packages/airflow/example_dags/example_setup_teardown.py
[2024-11-06T14:31:02.287+0000] {processor.py:829} INFO - Processing file /home/airflow/.local/lib/python3.8/site-packages/airflow/example_dags/example_setup_teardown.py for tasks to queue
[2024-11-06T14:31:02.289+0000] {logging_mixin.py:154} INFO - [2024-11-06T14:31:02.289+0000] {dagbag.py:536} INFO - Filling up the DagBag from /home/airflow/.local/lib/python3.8/site-packages/airflow/example_dags/example_setup_teardown.py
[2024-11-06T14:31:02.293+0000] {processor.py:839} INFO - DAG(s) dict_keys(['example_setup_teardown']) retrieved from /home/airflow/.local/lib/python3.8/site-packages/airflow/example_dags/example_setup_teardown.py
[2024-11-06T14:31:02.306+0000] {logging_mixin.py:154} INFO - [2024-11-06T14:31:02.306+0000] {dag.py:2941} INFO - Sync 1 DAGs
[2024-11-06T14:31:02.318+0000] {logging_mixin.py:154} INFO - [2024-11-06T14:31:02.317+0000] {dag.py:3722} INFO - Setting next_dagrun for example_setup_teardown to 2024-11-05T14:31:02.317603+00:00, run_after=2024-11-06T14:31:02.317603+00:00
[2024-11-06T14:31:02.332+0000] {processor.py:179} INFO - Processing /home/airflow/.local/lib/python3.8/site-packages/airflow/example_dags/example_setup_teardown.py took 0.050 seconds
[2024-11-06T14:36:36.724+0000] {processor.py:157} INFO - Started process (PID=2606) to work on /home/airflow/.local/lib/python3.8/site-packages/airflow/example_dags/example_setup_teardown.py
[2024-11-06T14:36:36.724+0000] {processor.py:829} INFO - Processing file /home/airflow/.local/lib/python3.8/site-packages/airflow/example_dags/example_setup_teardown.py for tasks to queue
[2024-11-06T14:36:36.725+0000] {logging_mixin.py:154} INFO - [2024-11-06T14:36:36.725+0000] {dagbag.py:536} INFO - Filling up the DagBag from /home/airflow/.local/lib/python3.8/site-packages/airflow/example_dags/example_setup_teardown.py
[2024-11-06T14:36:36.728+0000] {processor.py:839} INFO - DAG(s) dict_keys(['example_setup_teardown']) retrieved from /home/airflow/.local/lib/python3.8/site-packages/airflow/example_dags/example_setup_teardown.py
[2024-11-06T14:36:36.742+0000] {logging_mixin.py:154} INFO - [2024-11-06T14:36:36.742+0000] {dag.py:2941} INFO - Sync 1 DAGs
[2024-11-06T14:36:36.751+0000] {logging_mixin.py:154} INFO - [2024-11-06T14:36:36.751+0000] {dag.py:3722} INFO - Setting next_dagrun for example_setup_teardown to 2024-11-05T14:36:36.751030+00:00, run_after=2024-11-06T14:36:36.751030+00:00
[2024-11-06T14:36:36.765+0000] {processor.py:179} INFO - Processing /home/airflow/.local/lib/python3.8/site-packages/airflow/example_dags/example_setup_teardown.py took 0.043 seconds
[2024-11-06T15:02:53.187+0000] {processor.py:157} INFO - Started process (PID=2660) to work on /home/airflow/.local/lib/python3.8/site-packages/airflow/example_dags/example_setup_teardown.py
[2024-11-06T15:02:53.188+0000] {processor.py:829} INFO - Processing file /home/airflow/.local/lib/python3.8/site-packages/airflow/example_dags/example_setup_teardown.py for tasks to queue
[2024-11-06T15:02:53.189+0000] {logging_mixin.py:154} INFO - [2024-11-06T15:02:53.189+0000] {dagbag.py:536} INFO - Filling up the DagBag from /home/airflow/.local/lib/python3.8/site-packages/airflow/example_dags/example_setup_teardown.py
[2024-11-06T15:02:53.192+0000] {processor.py:839} INFO - DAG(s) dict_keys(['example_setup_teardown']) retrieved from /home/airflow/.local/lib/python3.8/site-packages/airflow/example_dags/example_setup_teardown.py
[2024-11-06T15:02:53.203+0000] {logging_mixin.py:154} INFO - [2024-11-06T15:02:53.203+0000] {dag.py:2941} INFO - Sync 1 DAGs
[2024-11-06T15:02:53.214+0000] {logging_mixin.py:154} INFO - [2024-11-06T15:02:53.214+0000] {dag.py:3722} INFO - Setting next_dagrun for example_setup_teardown to 2024-11-05T15:02:53.213951+00:00, run_after=2024-11-06T15:02:53.213951+00:00
[2024-11-06T15:02:53.223+0000] {processor.py:179} INFO - Processing /home/airflow/.local/lib/python3.8/site-packages/airflow/example_dags/example_setup_teardown.py took 0.038 seconds
[2024-11-06T15:37:17.156+0000] {processor.py:157} INFO - Started process (PID=2714) to work on /home/airflow/.local/lib/python3.8/site-packages/airflow/example_dags/example_setup_teardown.py
[2024-11-06T15:37:17.157+0000] {processor.py:829} INFO - Processing file /home/airflow/.local/lib/python3.8/site-packages/airflow/example_dags/example_setup_teardown.py for tasks to queue
[2024-11-06T15:37:17.157+0000] {logging_mixin.py:154} INFO - [2024-11-06T15:37:17.157+0000] {dagbag.py:536} INFO - Filling up the DagBag from /home/airflow/.local/lib/python3.8/site-packages/airflow/example_dags/example_setup_teardown.py
[2024-11-06T15:37:17.160+0000] {processor.py:839} INFO - DAG(s) dict_keys(['example_setup_teardown']) retrieved from /home/airflow/.local/lib/python3.8/site-packages/airflow/example_dags/example_setup_teardown.py
[2024-11-06T15:37:17.170+0000] {logging_mixin.py:154} INFO - [2024-11-06T15:37:17.170+0000] {dag.py:2941} INFO - Sync 1 DAGs
[2024-11-06T15:37:17.179+0000] {logging_mixin.py:154} INFO - [2024-11-06T15:37:17.179+0000] {dag.py:3722} INFO - Setting next_dagrun for example_setup_teardown to 2024-11-05T15:37:17.179593+00:00, run_after=2024-11-06T15:37:17.179593+00:00
[2024-11-06T15:37:17.187+0000] {processor.py:179} INFO - Processing /home/airflow/.local/lib/python3.8/site-packages/airflow/example_dags/example_setup_teardown.py took 0.032 seconds
[2024-11-06T15:48:09.577+0000] {processor.py:157} INFO - Started process (PID=2768) to work on /home/airflow/.local/lib/python3.8/site-packages/airflow/example_dags/example_setup_teardown.py
[2024-11-06T15:48:09.578+0000] {processor.py:829} INFO - Processing file /home/airflow/.local/lib/python3.8/site-packages/airflow/example_dags/example_setup_teardown.py for tasks to queue
[2024-11-06T15:48:09.581+0000] {logging_mixin.py:154} INFO - [2024-11-06T15:48:09.581+0000] {dagbag.py:536} INFO - Filling up the DagBag from /home/airflow/.local/lib/python3.8/site-packages/airflow/example_dags/example_setup_teardown.py
[2024-11-06T15:48:09.588+0000] {processor.py:839} INFO - DAG(s) dict_keys(['example_setup_teardown']) retrieved from /home/airflow/.local/lib/python3.8/site-packages/airflow/example_dags/example_setup_teardown.py
[2024-11-06T15:48:09.605+0000] {logging_mixin.py:154} INFO - [2024-11-06T15:48:09.605+0000] {dag.py:2941} INFO - Sync 1 DAGs
[2024-11-06T15:48:09.622+0000] {logging_mixin.py:154} INFO - [2024-11-06T15:48:09.622+0000] {dag.py:3722} INFO - Setting next_dagrun for example_setup_teardown to 2024-11-05T15:48:09.622125+00:00, run_after=2024-11-06T15:48:09.622125+00:00
[2024-11-06T15:48:09.643+0000] {processor.py:179} INFO - Processing /home/airflow/.local/lib/python3.8/site-packages/airflow/example_dags/example_setup_teardown.py took 0.070 seconds
[2024-11-06T16:49:03.948+0000] {processor.py:157} INFO - Started process (PID=2822) to work on /home/airflow/.local/lib/python3.8/site-packages/airflow/example_dags/example_setup_teardown.py
[2024-11-06T16:49:03.948+0000] {processor.py:829} INFO - Processing file /home/airflow/.local/lib/python3.8/site-packages/airflow/example_dags/example_setup_teardown.py for tasks to queue
[2024-11-06T16:49:03.949+0000] {logging_mixin.py:154} INFO - [2024-11-06T16:49:03.949+0000] {dagbag.py:536} INFO - Filling up the DagBag from /home/airflow/.local/lib/python3.8/site-packages/airflow/example_dags/example_setup_teardown.py
[2024-11-06T16:49:03.953+0000] {processor.py:839} INFO - DAG(s) dict_keys(['example_setup_teardown']) retrieved from /home/airflow/.local/lib/python3.8/site-packages/airflow/example_dags/example_setup_teardown.py
[2024-11-06T16:49:03.962+0000] {logging_mixin.py:154} INFO - [2024-11-06T16:49:03.962+0000] {dag.py:2941} INFO - Sync 1 DAGs
[2024-11-06T16:49:03.970+0000] {logging_mixin.py:154} INFO - [2024-11-06T16:49:03.970+0000] {dag.py:3722} INFO - Setting next_dagrun for example_setup_teardown to 2024-11-05T16:49:03.970234+00:00, run_after=2024-11-06T16:49:03.970234+00:00
[2024-11-06T16:49:03.976+0000] {processor.py:179} INFO - Processing /home/airflow/.local/lib/python3.8/site-packages/airflow/example_dags/example_setup_teardown.py took 0.030 seconds
[2024-11-06T16:49:56.733+0000] {processor.py:157} INFO - Started process (PID=2876) to work on /home/airflow/.local/lib/python3.8/site-packages/airflow/example_dags/example_setup_teardown.py
[2024-11-06T16:49:56.733+0000] {processor.py:829} INFO - Processing file /home/airflow/.local/lib/python3.8/site-packages/airflow/example_dags/example_setup_teardown.py for tasks to queue
[2024-11-06T16:49:56.734+0000] {logging_mixin.py:154} INFO - [2024-11-06T16:49:56.734+0000] {dagbag.py:536} INFO - Filling up the DagBag from /home/airflow/.local/lib/python3.8/site-packages/airflow/example_dags/example_setup_teardown.py
[2024-11-06T16:49:56.738+0000] {processor.py:839} INFO - DAG(s) dict_keys(['example_setup_teardown']) retrieved from /home/airflow/.local/lib/python3.8/site-packages/airflow/example_dags/example_setup_teardown.py
[2024-11-06T16:49:56.749+0000] {logging_mixin.py:154} INFO - [2024-11-06T16:49:56.749+0000] {dag.py:2941} INFO - Sync 1 DAGs
[2024-11-06T16:49:56.758+0000] {logging_mixin.py:154} INFO - [2024-11-06T16:49:56.758+0000] {dag.py:3722} INFO - Setting next_dagrun for example_setup_teardown to 2024-11-05T16:49:56.758083+00:00, run_after=2024-11-06T16:49:56.758083+00:00
[2024-11-06T16:49:56.764+0000] {processor.py:179} INFO - Processing /home/airflow/.local/lib/python3.8/site-packages/airflow/example_dags/example_setup_teardown.py took 0.033 seconds
[2024-11-06T17:40:08.741+0000] {processor.py:157} INFO - Started process (PID=2930) to work on /home/airflow/.local/lib/python3.8/site-packages/airflow/example_dags/example_setup_teardown.py
[2024-11-06T17:40:08.742+0000] {processor.py:829} INFO - Processing file /home/airflow/.local/lib/python3.8/site-packages/airflow/example_dags/example_setup_teardown.py for tasks to queue
[2024-11-06T17:40:08.743+0000] {logging_mixin.py:154} INFO - [2024-11-06T17:40:08.743+0000] {dagbag.py:536} INFO - Filling up the DagBag from /home/airflow/.local/lib/python3.8/site-packages/airflow/example_dags/example_setup_teardown.py
[2024-11-06T17:40:08.746+0000] {processor.py:839} INFO - DAG(s) dict_keys(['example_setup_teardown']) retrieved from /home/airflow/.local/lib/python3.8/site-packages/airflow/example_dags/example_setup_teardown.py
[2024-11-06T17:40:08.757+0000] {logging_mixin.py:154} INFO - [2024-11-06T17:40:08.757+0000] {dag.py:2941} INFO - Sync 1 DAGs
[2024-11-06T17:40:08.767+0000] {logging_mixin.py:154} INFO - [2024-11-06T17:40:08.767+0000] {dag.py:3722} INFO - Setting next_dagrun for example_setup_teardown to 2024-11-05T17:40:08.766997+00:00, run_after=2024-11-06T17:40:08.766997+00:00
[2024-11-06T17:40:08.774+0000] {processor.py:179} INFO - Processing /home/airflow/.local/lib/python3.8/site-packages/airflow/example_dags/example_setup_teardown.py took 0.035 seconds
[2024-11-06T18:40:21.065+0000] {processor.py:157} INFO - Started process (PID=2984) to work on /home/airflow/.local/lib/python3.8/site-packages/airflow/example_dags/example_setup_teardown.py
[2024-11-06T18:40:21.067+0000] {processor.py:829} INFO - Processing file /home/airflow/.local/lib/python3.8/site-packages/airflow/example_dags/example_setup_teardown.py for tasks to queue
[2024-11-06T18:40:21.069+0000] {logging_mixin.py:154} INFO - [2024-11-06T18:40:21.069+0000] {dagbag.py:536} INFO - Filling up the DagBag from /home/airflow/.local/lib/python3.8/site-packages/airflow/example_dags/example_setup_teardown.py
[2024-11-06T18:40:21.072+0000] {processor.py:839} INFO - DAG(s) dict_keys(['example_setup_teardown']) retrieved from /home/airflow/.local/lib/python3.8/site-packages/airflow/example_dags/example_setup_teardown.py
[2024-11-06T18:40:21.081+0000] {logging_mixin.py:154} INFO - [2024-11-06T18:40:21.081+0000] {dag.py:2941} INFO - Sync 1 DAGs
[2024-11-06T18:40:21.090+0000] {logging_mixin.py:154} INFO - [2024-11-06T18:40:21.090+0000] {dag.py:3722} INFO - Setting next_dagrun for example_setup_teardown to 2024-11-05T18:40:21.090572+00:00, run_after=2024-11-06T18:40:21.090572+00:00
[2024-11-06T18:40:21.101+0000] {processor.py:179} INFO - Processing /home/airflow/.local/lib/python3.8/site-packages/airflow/example_dags/example_setup_teardown.py took 0.038 seconds
[2024-11-06T19:56:54.838+0000] {processor.py:157} INFO - Started process (PID=3038) to work on /home/airflow/.local/lib/python3.8/site-packages/airflow/example_dags/example_setup_teardown.py
[2024-11-06T19:56:54.838+0000] {processor.py:829} INFO - Processing file /home/airflow/.local/lib/python3.8/site-packages/airflow/example_dags/example_setup_teardown.py for tasks to queue
[2024-11-06T19:56:54.839+0000] {logging_mixin.py:154} INFO - [2024-11-06T19:56:54.839+0000] {dagbag.py:536} INFO - Filling up the DagBag from /home/airflow/.local/lib/python3.8/site-packages/airflow/example_dags/example_setup_teardown.py
[2024-11-06T19:56:54.843+0000] {processor.py:839} INFO - DAG(s) dict_keys(['example_setup_teardown']) retrieved from /home/airflow/.local/lib/python3.8/site-packages/airflow/example_dags/example_setup_teardown.py
[2024-11-06T19:56:54.851+0000] {logging_mixin.py:154} INFO - [2024-11-06T19:56:54.851+0000] {dag.py:2941} INFO - Sync 1 DAGs
[2024-11-06T19:56:54.860+0000] {logging_mixin.py:154} INFO - [2024-11-06T19:56:54.860+0000] {dag.py:3722} INFO - Setting next_dagrun for example_setup_teardown to 2024-11-05T19:56:54.860164+00:00, run_after=2024-11-06T19:56:54.860164+00:00
[2024-11-06T19:56:54.872+0000] {processor.py:179} INFO - Processing /home/airflow/.local/lib/python3.8/site-packages/airflow/example_dags/example_setup_teardown.py took 0.036 seconds
[2024-11-06T20:41:41.464+0000] {processor.py:157} INFO - Started process (PID=3092) to work on /home/airflow/.local/lib/python3.8/site-packages/airflow/example_dags/example_setup_teardown.py
[2024-11-06T20:41:41.466+0000] {processor.py:829} INFO - Processing file /home/airflow/.local/lib/python3.8/site-packages/airflow/example_dags/example_setup_teardown.py for tasks to queue
[2024-11-06T20:41:41.466+0000] {logging_mixin.py:154} INFO - [2024-11-06T20:41:41.466+0000] {dagbag.py:536} INFO - Filling up the DagBag from /home/airflow/.local/lib/python3.8/site-packages/airflow/example_dags/example_setup_teardown.py
[2024-11-06T20:41:41.469+0000] {processor.py:839} INFO - DAG(s) dict_keys(['example_setup_teardown']) retrieved from /home/airflow/.local/lib/python3.8/site-packages/airflow/example_dags/example_setup_teardown.py
[2024-11-06T20:41:41.483+0000] {logging_mixin.py:154} INFO - [2024-11-06T20:41:41.483+0000] {dag.py:2941} INFO - Sync 1 DAGs
[2024-11-06T20:41:41.492+0000] {logging_mixin.py:154} INFO - [2024-11-06T20:41:41.492+0000] {dag.py:3722} INFO - Setting next_dagrun for example_setup_teardown to 2024-11-05T20:41:41.492494+00:00, run_after=2024-11-06T20:41:41.492494+00:00
[2024-11-06T20:41:41.502+0000] {processor.py:179} INFO - Processing /home/airflow/.local/lib/python3.8/site-packages/airflow/example_dags/example_setup_teardown.py took 0.039 seconds
[2024-11-06T22:09:50.933+0000] {processor.py:157} INFO - Started process (PID=3146) to work on /home/airflow/.local/lib/python3.8/site-packages/airflow/example_dags/example_setup_teardown.py
[2024-11-06T22:09:50.938+0000] {processor.py:829} INFO - Processing file /home/airflow/.local/lib/python3.8/site-packages/airflow/example_dags/example_setup_teardown.py for tasks to queue
[2024-11-06T22:09:50.939+0000] {logging_mixin.py:154} INFO - [2024-11-06T22:09:50.939+0000] {dagbag.py:536} INFO - Filling up the DagBag from /home/airflow/.local/lib/python3.8/site-packages/airflow/example_dags/example_setup_teardown.py
[2024-11-06T22:09:50.941+0000] {processor.py:839} INFO - DAG(s) dict_keys(['example_setup_teardown']) retrieved from /home/airflow/.local/lib/python3.8/site-packages/airflow/example_dags/example_setup_teardown.py
[2024-11-06T22:09:50.952+0000] {logging_mixin.py:154} INFO - [2024-11-06T22:09:50.952+0000] {dag.py:2941} INFO - Sync 1 DAGs
[2024-11-06T22:09:50.962+0000] {logging_mixin.py:154} INFO - [2024-11-06T22:09:50.962+0000] {dag.py:3722} INFO - Setting next_dagrun for example_setup_teardown to 2024-11-05T22:09:50.962768+00:00, run_after=2024-11-06T22:09:50.962768+00:00
[2024-11-06T22:09:50.971+0000] {processor.py:179} INFO - Processing /home/airflow/.local/lib/python3.8/site-packages/airflow/example_dags/example_setup_teardown.py took 0.040 seconds
[2024-11-06T23:10:56.684+0000] {processor.py:157} INFO - Started process (PID=3200) to work on /home/airflow/.local/lib/python3.8/site-packages/airflow/example_dags/example_setup_teardown.py
[2024-11-06T23:10:56.685+0000] {processor.py:829} INFO - Processing file /home/airflow/.local/lib/python3.8/site-packages/airflow/example_dags/example_setup_teardown.py for tasks to queue
[2024-11-06T23:10:56.686+0000] {logging_mixin.py:154} INFO - [2024-11-06T23:10:56.686+0000] {dagbag.py:536} INFO - Filling up the DagBag from /home/airflow/.local/lib/python3.8/site-packages/airflow/example_dags/example_setup_teardown.py
[2024-11-06T23:10:56.689+0000] {processor.py:839} INFO - DAG(s) dict_keys(['example_setup_teardown']) retrieved from /home/airflow/.local/lib/python3.8/site-packages/airflow/example_dags/example_setup_teardown.py
[2024-11-06T23:10:56.699+0000] {logging_mixin.py:154} INFO - [2024-11-06T23:10:56.698+0000] {dag.py:2941} INFO - Sync 1 DAGs
[2024-11-06T23:10:56.708+0000] {logging_mixin.py:154} INFO - [2024-11-06T23:10:56.708+0000] {dag.py:3722} INFO - Setting next_dagrun for example_setup_teardown to 2024-11-05T23:10:56.708311+00:00, run_after=2024-11-06T23:10:56.708311+00:00
[2024-11-06T23:10:56.719+0000] {processor.py:179} INFO - Processing /home/airflow/.local/lib/python3.8/site-packages/airflow/example_dags/example_setup_teardown.py took 0.035 seconds
[2024-11-06T23:49:21.424+0000] {processor.py:157} INFO - Started process (PID=3254) to work on /home/airflow/.local/lib/python3.8/site-packages/airflow/example_dags/example_setup_teardown.py
[2024-11-06T23:49:21.424+0000] {processor.py:829} INFO - Processing file /home/airflow/.local/lib/python3.8/site-packages/airflow/example_dags/example_setup_teardown.py for tasks to queue
[2024-11-06T23:49:21.426+0000] {logging_mixin.py:154} INFO - [2024-11-06T23:49:21.426+0000] {dagbag.py:536} INFO - Filling up the DagBag from /home/airflow/.local/lib/python3.8/site-packages/airflow/example_dags/example_setup_teardown.py
[2024-11-06T23:49:21.430+0000] {processor.py:839} INFO - DAG(s) dict_keys(['example_setup_teardown']) retrieved from /home/airflow/.local/lib/python3.8/site-packages/airflow/example_dags/example_setup_teardown.py
[2024-11-06T23:49:21.445+0000] {logging_mixin.py:154} INFO - [2024-11-06T23:49:21.445+0000] {dag.py:2941} INFO - Sync 1 DAGs
[2024-11-06T23:49:21.455+0000] {logging_mixin.py:154} INFO - [2024-11-06T23:49:21.455+0000] {dag.py:3722} INFO - Setting next_dagrun for example_setup_teardown to 2024-11-05T23:49:21.455451+00:00, run_after=2024-11-06T23:49:21.455451+00:00
[2024-11-06T23:49:21.464+0000] {processor.py:179} INFO - Processing /home/airflow/.local/lib/python3.8/site-packages/airflow/example_dags/example_setup_teardown.py took 0.042 seconds
