[2024-11-06T08:43:19.110+0000] {processor.py:157} INFO - Started process (PID=53) to work on /home/airflow/.local/lib/python3.8/site-packages/airflow/example_dags/example_external_task_marker_dag.py
[2024-11-06T08:43:19.111+0000] {processor.py:829} INFO - Processing file /home/airflow/.local/lib/python3.8/site-packages/airflow/example_dags/example_external_task_marker_dag.py for tasks to queue
[2024-11-06T08:43:19.113+0000] {logging_mixin.py:154} INFO - [2024-11-06T08:43:19.113+0000] {dagbag.py:536} INFO - Filling up the DagBag from /home/airflow/.local/lib/python3.8/site-packages/airflow/example_dags/example_external_task_marker_dag.py
[2024-11-06T08:43:19.119+0000] {processor.py:839} INFO - DAG(s) dict_keys(['example_external_task_marker_child', 'example_external_task_marker_parent']) retrieved from /home/airflow/.local/lib/python3.8/site-packages/airflow/example_dags/example_external_task_marker_dag.py
[2024-11-06T08:43:19.134+0000] {logging_mixin.py:154} INFO - [2024-11-06T08:43:19.134+0000] {dag.py:2941} INFO - Sync 2 DAGs
[2024-11-06T08:43:19.146+0000] {logging_mixin.py:154} INFO - [2024-11-06T08:43:19.146+0000] {dag.py:3722} INFO - Setting next_dagrun for example_external_task_marker_child to None, run_after=None
[2024-11-06T08:43:19.150+0000] {logging_mixin.py:154} INFO - [2024-11-06T08:43:19.150+0000] {dag.py:3722} INFO - Setting next_dagrun for example_external_task_marker_parent to None, run_after=None
[2024-11-06T08:43:19.163+0000] {processor.py:179} INFO - Processing /home/airflow/.local/lib/python3.8/site-packages/airflow/example_dags/example_external_task_marker_dag.py took 0.057 seconds
[2024-11-06T08:43:49.536+0000] {processor.py:157} INFO - Started process (PID=107) to work on /home/airflow/.local/lib/python3.8/site-packages/airflow/example_dags/example_external_task_marker_dag.py
[2024-11-06T08:43:49.536+0000] {processor.py:829} INFO - Processing file /home/airflow/.local/lib/python3.8/site-packages/airflow/example_dags/example_external_task_marker_dag.py for tasks to queue
[2024-11-06T08:43:49.539+0000] {logging_mixin.py:154} INFO - [2024-11-06T08:43:49.539+0000] {dagbag.py:536} INFO - Filling up the DagBag from /home/airflow/.local/lib/python3.8/site-packages/airflow/example_dags/example_external_task_marker_dag.py
[2024-11-06T08:43:49.542+0000] {processor.py:839} INFO - DAG(s) dict_keys(['example_external_task_marker_parent', 'example_external_task_marker_child']) retrieved from /home/airflow/.local/lib/python3.8/site-packages/airflow/example_dags/example_external_task_marker_dag.py
[2024-11-06T08:43:49.556+0000] {logging_mixin.py:154} INFO - [2024-11-06T08:43:49.556+0000] {dag.py:2941} INFO - Sync 2 DAGs
[2024-11-06T08:43:49.562+0000] {logging_mixin.py:154} INFO - [2024-11-06T08:43:49.562+0000] {dag.py:3722} INFO - Setting next_dagrun for example_external_task_marker_child to None, run_after=None
[2024-11-06T08:43:49.563+0000] {logging_mixin.py:154} INFO - [2024-11-06T08:43:49.563+0000] {dag.py:3722} INFO - Setting next_dagrun for example_external_task_marker_parent to None, run_after=None
[2024-11-06T08:43:49.575+0000] {processor.py:179} INFO - Processing /home/airflow/.local/lib/python3.8/site-packages/airflow/example_dags/example_external_task_marker_dag.py took 0.041 seconds
[2024-11-06T08:44:19.945+0000] {processor.py:157} INFO - Started process (PID=161) to work on /home/airflow/.local/lib/python3.8/site-packages/airflow/example_dags/example_external_task_marker_dag.py
[2024-11-06T08:44:19.947+0000] {processor.py:829} INFO - Processing file /home/airflow/.local/lib/python3.8/site-packages/airflow/example_dags/example_external_task_marker_dag.py for tasks to queue
[2024-11-06T08:44:19.949+0000] {logging_mixin.py:154} INFO - [2024-11-06T08:44:19.948+0000] {dagbag.py:536} INFO - Filling up the DagBag from /home/airflow/.local/lib/python3.8/site-packages/airflow/example_dags/example_external_task_marker_dag.py
[2024-11-06T08:44:19.951+0000] {processor.py:839} INFO - DAG(s) dict_keys(['example_external_task_marker_parent', 'example_external_task_marker_child']) retrieved from /home/airflow/.local/lib/python3.8/site-packages/airflow/example_dags/example_external_task_marker_dag.py
[2024-11-06T08:44:19.963+0000] {logging_mixin.py:154} INFO - [2024-11-06T08:44:19.962+0000] {dag.py:2941} INFO - Sync 2 DAGs
[2024-11-06T08:44:19.969+0000] {logging_mixin.py:154} INFO - [2024-11-06T08:44:19.968+0000] {dag.py:3722} INFO - Setting next_dagrun for example_external_task_marker_child to None, run_after=None
[2024-11-06T08:44:19.970+0000] {logging_mixin.py:154} INFO - [2024-11-06T08:44:19.970+0000] {dag.py:3722} INFO - Setting next_dagrun for example_external_task_marker_parent to None, run_after=None
[2024-11-06T08:44:19.979+0000] {processor.py:179} INFO - Processing /home/airflow/.local/lib/python3.8/site-packages/airflow/example_dags/example_external_task_marker_dag.py took 0.036 seconds
[2024-11-06T08:44:50.317+0000] {processor.py:157} INFO - Started process (PID=215) to work on /home/airflow/.local/lib/python3.8/site-packages/airflow/example_dags/example_external_task_marker_dag.py
[2024-11-06T08:44:50.318+0000] {processor.py:829} INFO - Processing file /home/airflow/.local/lib/python3.8/site-packages/airflow/example_dags/example_external_task_marker_dag.py for tasks to queue
[2024-11-06T08:44:50.319+0000] {logging_mixin.py:154} INFO - [2024-11-06T08:44:50.318+0000] {dagbag.py:536} INFO - Filling up the DagBag from /home/airflow/.local/lib/python3.8/site-packages/airflow/example_dags/example_external_task_marker_dag.py
[2024-11-06T08:44:50.321+0000] {processor.py:839} INFO - DAG(s) dict_keys(['example_external_task_marker_parent', 'example_external_task_marker_child']) retrieved from /home/airflow/.local/lib/python3.8/site-packages/airflow/example_dags/example_external_task_marker_dag.py
[2024-11-06T08:44:50.331+0000] {logging_mixin.py:154} INFO - [2024-11-06T08:44:50.331+0000] {dag.py:2941} INFO - Sync 2 DAGs
[2024-11-06T08:44:50.336+0000] {logging_mixin.py:154} INFO - [2024-11-06T08:44:50.336+0000] {dag.py:3722} INFO - Setting next_dagrun for example_external_task_marker_child to None, run_after=None
[2024-11-06T08:44:50.337+0000] {logging_mixin.py:154} INFO - [2024-11-06T08:44:50.337+0000] {dag.py:3722} INFO - Setting next_dagrun for example_external_task_marker_parent to None, run_after=None
[2024-11-06T08:44:50.345+0000] {processor.py:179} INFO - Processing /home/airflow/.local/lib/python3.8/site-packages/airflow/example_dags/example_external_task_marker_dag.py took 0.029 seconds
[2024-11-06T08:45:20.678+0000] {processor.py:157} INFO - Started process (PID=269) to work on /home/airflow/.local/lib/python3.8/site-packages/airflow/example_dags/example_external_task_marker_dag.py
[2024-11-06T08:45:20.679+0000] {processor.py:829} INFO - Processing file /home/airflow/.local/lib/python3.8/site-packages/airflow/example_dags/example_external_task_marker_dag.py for tasks to queue
[2024-11-06T08:45:20.680+0000] {logging_mixin.py:154} INFO - [2024-11-06T08:45:20.680+0000] {dagbag.py:536} INFO - Filling up the DagBag from /home/airflow/.local/lib/python3.8/site-packages/airflow/example_dags/example_external_task_marker_dag.py
[2024-11-06T08:45:20.683+0000] {processor.py:839} INFO - DAG(s) dict_keys(['example_external_task_marker_child', 'example_external_task_marker_parent']) retrieved from /home/airflow/.local/lib/python3.8/site-packages/airflow/example_dags/example_external_task_marker_dag.py
[2024-11-06T08:45:20.696+0000] {logging_mixin.py:154} INFO - [2024-11-06T08:45:20.696+0000] {dag.py:2941} INFO - Sync 2 DAGs
[2024-11-06T08:45:20.703+0000] {logging_mixin.py:154} INFO - [2024-11-06T08:45:20.703+0000] {dag.py:3722} INFO - Setting next_dagrun for example_external_task_marker_child to None, run_after=None
[2024-11-06T08:45:20.704+0000] {logging_mixin.py:154} INFO - [2024-11-06T08:45:20.704+0000] {dag.py:3722} INFO - Setting next_dagrun for example_external_task_marker_parent to None, run_after=None
[2024-11-06T08:45:20.713+0000] {processor.py:179} INFO - Processing /home/airflow/.local/lib/python3.8/site-packages/airflow/example_dags/example_external_task_marker_dag.py took 0.036 seconds
[2024-11-06T08:45:51.094+0000] {processor.py:157} INFO - Started process (PID=323) to work on /home/airflow/.local/lib/python3.8/site-packages/airflow/example_dags/example_external_task_marker_dag.py
[2024-11-06T08:45:51.095+0000] {processor.py:829} INFO - Processing file /home/airflow/.local/lib/python3.8/site-packages/airflow/example_dags/example_external_task_marker_dag.py for tasks to queue
[2024-11-06T08:45:51.098+0000] {logging_mixin.py:154} INFO - [2024-11-06T08:45:51.098+0000] {dagbag.py:536} INFO - Filling up the DagBag from /home/airflow/.local/lib/python3.8/site-packages/airflow/example_dags/example_external_task_marker_dag.py
[2024-11-06T08:45:51.101+0000] {processor.py:839} INFO - DAG(s) dict_keys(['example_external_task_marker_parent', 'example_external_task_marker_child']) retrieved from /home/airflow/.local/lib/python3.8/site-packages/airflow/example_dags/example_external_task_marker_dag.py
[2024-11-06T08:45:51.112+0000] {logging_mixin.py:154} INFO - [2024-11-06T08:45:51.112+0000] {dag.py:2941} INFO - Sync 2 DAGs
[2024-11-06T08:45:51.117+0000] {logging_mixin.py:154} INFO - [2024-11-06T08:45:51.117+0000] {dag.py:3722} INFO - Setting next_dagrun for example_external_task_marker_child to None, run_after=None
[2024-11-06T08:45:51.120+0000] {logging_mixin.py:154} INFO - [2024-11-06T08:45:51.120+0000] {dag.py:3722} INFO - Setting next_dagrun for example_external_task_marker_parent to None, run_after=None
[2024-11-06T08:45:51.130+0000] {processor.py:179} INFO - Processing /home/airflow/.local/lib/python3.8/site-packages/airflow/example_dags/example_external_task_marker_dag.py took 0.038 seconds
[2024-11-06T08:46:21.418+0000] {processor.py:157} INFO - Started process (PID=377) to work on /home/airflow/.local/lib/python3.8/site-packages/airflow/example_dags/example_external_task_marker_dag.py
[2024-11-06T08:46:21.422+0000] {processor.py:829} INFO - Processing file /home/airflow/.local/lib/python3.8/site-packages/airflow/example_dags/example_external_task_marker_dag.py for tasks to queue
[2024-11-06T08:46:21.424+0000] {logging_mixin.py:154} INFO - [2024-11-06T08:46:21.424+0000] {dagbag.py:536} INFO - Filling up the DagBag from /home/airflow/.local/lib/python3.8/site-packages/airflow/example_dags/example_external_task_marker_dag.py
[2024-11-06T08:46:21.428+0000] {processor.py:839} INFO - DAG(s) dict_keys(['example_external_task_marker_parent', 'example_external_task_marker_child']) retrieved from /home/airflow/.local/lib/python3.8/site-packages/airflow/example_dags/example_external_task_marker_dag.py
[2024-11-06T08:46:21.438+0000] {logging_mixin.py:154} INFO - [2024-11-06T08:46:21.438+0000] {dag.py:2941} INFO - Sync 2 DAGs
[2024-11-06T08:46:21.443+0000] {logging_mixin.py:154} INFO - [2024-11-06T08:46:21.442+0000] {dag.py:3722} INFO - Setting next_dagrun for example_external_task_marker_child to None, run_after=None
[2024-11-06T08:46:21.446+0000] {logging_mixin.py:154} INFO - [2024-11-06T08:46:21.446+0000] {dag.py:3722} INFO - Setting next_dagrun for example_external_task_marker_parent to None, run_after=None
[2024-11-06T08:46:21.455+0000] {processor.py:179} INFO - Processing /home/airflow/.local/lib/python3.8/site-packages/airflow/example_dags/example_external_task_marker_dag.py took 0.038 seconds
[2024-11-06T08:46:52.196+0000] {processor.py:157} INFO - Started process (PID=431) to work on /home/airflow/.local/lib/python3.8/site-packages/airflow/example_dags/example_external_task_marker_dag.py
[2024-11-06T08:46:52.197+0000] {processor.py:829} INFO - Processing file /home/airflow/.local/lib/python3.8/site-packages/airflow/example_dags/example_external_task_marker_dag.py for tasks to queue
[2024-11-06T08:46:52.199+0000] {logging_mixin.py:154} INFO - [2024-11-06T08:46:52.198+0000] {dagbag.py:536} INFO - Filling up the DagBag from /home/airflow/.local/lib/python3.8/site-packages/airflow/example_dags/example_external_task_marker_dag.py
[2024-11-06T08:46:52.205+0000] {processor.py:839} INFO - DAG(s) dict_keys(['example_external_task_marker_child', 'example_external_task_marker_parent']) retrieved from /home/airflow/.local/lib/python3.8/site-packages/airflow/example_dags/example_external_task_marker_dag.py
[2024-11-06T08:46:52.228+0000] {logging_mixin.py:154} INFO - [2024-11-06T08:46:52.227+0000] {dag.py:2941} INFO - Sync 2 DAGs
[2024-11-06T08:46:52.236+0000] {logging_mixin.py:154} INFO - [2024-11-06T08:46:52.236+0000] {dag.py:3722} INFO - Setting next_dagrun for example_external_task_marker_child to None, run_after=None
[2024-11-06T08:46:52.239+0000] {logging_mixin.py:154} INFO - [2024-11-06T08:46:52.239+0000] {dag.py:3722} INFO - Setting next_dagrun for example_external_task_marker_parent to None, run_after=None
[2024-11-06T08:46:52.254+0000] {processor.py:179} INFO - Processing /home/airflow/.local/lib/python3.8/site-packages/airflow/example_dags/example_external_task_marker_dag.py took 0.060 seconds
[2024-11-06T08:47:22.688+0000] {processor.py:157} INFO - Started process (PID=485) to work on /home/airflow/.local/lib/python3.8/site-packages/airflow/example_dags/example_external_task_marker_dag.py
[2024-11-06T08:47:22.692+0000] {processor.py:829} INFO - Processing file /home/airflow/.local/lib/python3.8/site-packages/airflow/example_dags/example_external_task_marker_dag.py for tasks to queue
[2024-11-06T08:47:22.693+0000] {logging_mixin.py:154} INFO - [2024-11-06T08:47:22.693+0000] {dagbag.py:536} INFO - Filling up the DagBag from /home/airflow/.local/lib/python3.8/site-packages/airflow/example_dags/example_external_task_marker_dag.py
[2024-11-06T08:47:22.697+0000] {processor.py:839} INFO - DAG(s) dict_keys(['example_external_task_marker_parent', 'example_external_task_marker_child']) retrieved from /home/airflow/.local/lib/python3.8/site-packages/airflow/example_dags/example_external_task_marker_dag.py
[2024-11-06T08:47:22.708+0000] {logging_mixin.py:154} INFO - [2024-11-06T08:47:22.708+0000] {dag.py:2941} INFO - Sync 2 DAGs
[2024-11-06T08:47:22.713+0000] {logging_mixin.py:154} INFO - [2024-11-06T08:47:22.713+0000] {dag.py:3722} INFO - Setting next_dagrun for example_external_task_marker_child to None, run_after=None
[2024-11-06T08:47:22.716+0000] {logging_mixin.py:154} INFO - [2024-11-06T08:47:22.715+0000] {dag.py:3722} INFO - Setting next_dagrun for example_external_task_marker_parent to None, run_after=None
[2024-11-06T08:47:22.724+0000] {processor.py:179} INFO - Processing /home/airflow/.local/lib/python3.8/site-packages/airflow/example_dags/example_external_task_marker_dag.py took 0.037 seconds
[2024-11-06T08:47:53.027+0000] {processor.py:157} INFO - Started process (PID=547) to work on /home/airflow/.local/lib/python3.8/site-packages/airflow/example_dags/example_external_task_marker_dag.py
[2024-11-06T08:47:53.028+0000] {processor.py:829} INFO - Processing file /home/airflow/.local/lib/python3.8/site-packages/airflow/example_dags/example_external_task_marker_dag.py for tasks to queue
[2024-11-06T08:47:53.029+0000] {logging_mixin.py:154} INFO - [2024-11-06T08:47:53.028+0000] {dagbag.py:536} INFO - Filling up the DagBag from /home/airflow/.local/lib/python3.8/site-packages/airflow/example_dags/example_external_task_marker_dag.py
[2024-11-06T08:47:53.031+0000] {processor.py:839} INFO - DAG(s) dict_keys(['example_external_task_marker_child', 'example_external_task_marker_parent']) retrieved from /home/airflow/.local/lib/python3.8/site-packages/airflow/example_dags/example_external_task_marker_dag.py
[2024-11-06T08:47:53.046+0000] {logging_mixin.py:154} INFO - [2024-11-06T08:47:53.045+0000] {dag.py:2941} INFO - Sync 2 DAGs
[2024-11-06T08:47:53.051+0000] {logging_mixin.py:154} INFO - [2024-11-06T08:47:53.051+0000] {dag.py:3722} INFO - Setting next_dagrun for example_external_task_marker_child to None, run_after=None
[2024-11-06T08:47:53.052+0000] {logging_mixin.py:154} INFO - [2024-11-06T08:47:53.052+0000] {dag.py:3722} INFO - Setting next_dagrun for example_external_task_marker_parent to None, run_after=None
[2024-11-06T08:47:53.059+0000] {processor.py:179} INFO - Processing /home/airflow/.local/lib/python3.8/site-packages/airflow/example_dags/example_external_task_marker_dag.py took 0.033 seconds
[2024-11-06T08:48:23.401+0000] {processor.py:157} INFO - Started process (PID=601) to work on /home/airflow/.local/lib/python3.8/site-packages/airflow/example_dags/example_external_task_marker_dag.py
[2024-11-06T08:48:23.401+0000] {processor.py:829} INFO - Processing file /home/airflow/.local/lib/python3.8/site-packages/airflow/example_dags/example_external_task_marker_dag.py for tasks to queue
[2024-11-06T08:48:23.402+0000] {logging_mixin.py:154} INFO - [2024-11-06T08:48:23.402+0000] {dagbag.py:536} INFO - Filling up the DagBag from /home/airflow/.local/lib/python3.8/site-packages/airflow/example_dags/example_external_task_marker_dag.py
[2024-11-06T08:48:23.404+0000] {processor.py:839} INFO - DAG(s) dict_keys(['example_external_task_marker_child', 'example_external_task_marker_parent']) retrieved from /home/airflow/.local/lib/python3.8/site-packages/airflow/example_dags/example_external_task_marker_dag.py
[2024-11-06T08:48:23.415+0000] {logging_mixin.py:154} INFO - [2024-11-06T08:48:23.415+0000] {dag.py:2941} INFO - Sync 2 DAGs
[2024-11-06T08:48:23.420+0000] {logging_mixin.py:154} INFO - [2024-11-06T08:48:23.420+0000] {dag.py:3722} INFO - Setting next_dagrun for example_external_task_marker_child to None, run_after=None
[2024-11-06T08:48:23.422+0000] {logging_mixin.py:154} INFO - [2024-11-06T08:48:23.422+0000] {dag.py:3722} INFO - Setting next_dagrun for example_external_task_marker_parent to None, run_after=None
[2024-11-06T08:48:23.428+0000] {processor.py:179} INFO - Processing /home/airflow/.local/lib/python3.8/site-packages/airflow/example_dags/example_external_task_marker_dag.py took 0.029 seconds
[2024-11-06T08:48:53.771+0000] {processor.py:157} INFO - Started process (PID=655) to work on /home/airflow/.local/lib/python3.8/site-packages/airflow/example_dags/example_external_task_marker_dag.py
[2024-11-06T08:48:53.772+0000] {processor.py:829} INFO - Processing file /home/airflow/.local/lib/python3.8/site-packages/airflow/example_dags/example_external_task_marker_dag.py for tasks to queue
[2024-11-06T08:48:53.773+0000] {logging_mixin.py:154} INFO - [2024-11-06T08:48:53.773+0000] {dagbag.py:536} INFO - Filling up the DagBag from /home/airflow/.local/lib/python3.8/site-packages/airflow/example_dags/example_external_task_marker_dag.py
[2024-11-06T08:48:53.775+0000] {processor.py:839} INFO - DAG(s) dict_keys(['example_external_task_marker_parent', 'example_external_task_marker_child']) retrieved from /home/airflow/.local/lib/python3.8/site-packages/airflow/example_dags/example_external_task_marker_dag.py
[2024-11-06T08:48:53.786+0000] {logging_mixin.py:154} INFO - [2024-11-06T08:48:53.786+0000] {dag.py:2941} INFO - Sync 2 DAGs
[2024-11-06T08:48:53.791+0000] {logging_mixin.py:154} INFO - [2024-11-06T08:48:53.791+0000] {dag.py:3722} INFO - Setting next_dagrun for example_external_task_marker_child to None, run_after=None
[2024-11-06T08:48:53.792+0000] {logging_mixin.py:154} INFO - [2024-11-06T08:48:53.792+0000] {dag.py:3722} INFO - Setting next_dagrun for example_external_task_marker_parent to None, run_after=None
[2024-11-06T08:48:53.800+0000] {processor.py:179} INFO - Processing /home/airflow/.local/lib/python3.8/site-packages/airflow/example_dags/example_external_task_marker_dag.py took 0.030 seconds
[2024-11-06T08:49:23.992+0000] {processor.py:157} INFO - Started process (PID=709) to work on /home/airflow/.local/lib/python3.8/site-packages/airflow/example_dags/example_external_task_marker_dag.py
[2024-11-06T08:49:23.992+0000] {processor.py:829} INFO - Processing file /home/airflow/.local/lib/python3.8/site-packages/airflow/example_dags/example_external_task_marker_dag.py for tasks to queue
[2024-11-06T08:49:23.993+0000] {logging_mixin.py:154} INFO - [2024-11-06T08:49:23.993+0000] {dagbag.py:536} INFO - Filling up the DagBag from /home/airflow/.local/lib/python3.8/site-packages/airflow/example_dags/example_external_task_marker_dag.py
[2024-11-06T08:49:23.996+0000] {processor.py:839} INFO - DAG(s) dict_keys(['example_external_task_marker_parent', 'example_external_task_marker_child']) retrieved from /home/airflow/.local/lib/python3.8/site-packages/airflow/example_dags/example_external_task_marker_dag.py
[2024-11-06T08:49:24.008+0000] {logging_mixin.py:154} INFO - [2024-11-06T08:49:24.008+0000] {dag.py:2941} INFO - Sync 2 DAGs
[2024-11-06T08:49:24.013+0000] {logging_mixin.py:154} INFO - [2024-11-06T08:49:24.013+0000] {dag.py:3722} INFO - Setting next_dagrun for example_external_task_marker_child to None, run_after=None
[2024-11-06T08:49:24.015+0000] {logging_mixin.py:154} INFO - [2024-11-06T08:49:24.015+0000] {dag.py:3722} INFO - Setting next_dagrun for example_external_task_marker_parent to None, run_after=None
[2024-11-06T08:49:24.023+0000] {processor.py:179} INFO - Processing /home/airflow/.local/lib/python3.8/site-packages/airflow/example_dags/example_external_task_marker_dag.py took 0.033 seconds
[2024-11-06T08:49:54.216+0000] {processor.py:157} INFO - Started process (PID=762) to work on /home/airflow/.local/lib/python3.8/site-packages/airflow/example_dags/example_external_task_marker_dag.py
[2024-11-06T08:49:54.219+0000] {processor.py:829} INFO - Processing file /home/airflow/.local/lib/python3.8/site-packages/airflow/example_dags/example_external_task_marker_dag.py for tasks to queue
[2024-11-06T08:49:54.221+0000] {logging_mixin.py:154} INFO - [2024-11-06T08:49:54.221+0000] {dagbag.py:536} INFO - Filling up the DagBag from /home/airflow/.local/lib/python3.8/site-packages/airflow/example_dags/example_external_task_marker_dag.py
[2024-11-06T08:49:54.225+0000] {processor.py:839} INFO - DAG(s) dict_keys(['example_external_task_marker_child', 'example_external_task_marker_parent']) retrieved from /home/airflow/.local/lib/python3.8/site-packages/airflow/example_dags/example_external_task_marker_dag.py
[2024-11-06T08:49:54.235+0000] {logging_mixin.py:154} INFO - [2024-11-06T08:49:54.235+0000] {dag.py:2941} INFO - Sync 2 DAGs
[2024-11-06T08:49:54.241+0000] {logging_mixin.py:154} INFO - [2024-11-06T08:49:54.241+0000] {dag.py:3722} INFO - Setting next_dagrun for example_external_task_marker_child to None, run_after=None
[2024-11-06T08:49:54.243+0000] {logging_mixin.py:154} INFO - [2024-11-06T08:49:54.243+0000] {dag.py:3722} INFO - Setting next_dagrun for example_external_task_marker_parent to None, run_after=None
[2024-11-06T08:49:54.249+0000] {processor.py:179} INFO - Processing /home/airflow/.local/lib/python3.8/site-packages/airflow/example_dags/example_external_task_marker_dag.py took 0.035 seconds
[2024-11-06T08:50:24.441+0000] {processor.py:157} INFO - Started process (PID=816) to work on /home/airflow/.local/lib/python3.8/site-packages/airflow/example_dags/example_external_task_marker_dag.py
[2024-11-06T08:50:24.445+0000] {processor.py:829} INFO - Processing file /home/airflow/.local/lib/python3.8/site-packages/airflow/example_dags/example_external_task_marker_dag.py for tasks to queue
[2024-11-06T08:50:24.447+0000] {logging_mixin.py:154} INFO - [2024-11-06T08:50:24.447+0000] {dagbag.py:536} INFO - Filling up the DagBag from /home/airflow/.local/lib/python3.8/site-packages/airflow/example_dags/example_external_task_marker_dag.py
[2024-11-06T08:50:24.450+0000] {processor.py:839} INFO - DAG(s) dict_keys(['example_external_task_marker_parent', 'example_external_task_marker_child']) retrieved from /home/airflow/.local/lib/python3.8/site-packages/airflow/example_dags/example_external_task_marker_dag.py
[2024-11-06T08:50:24.460+0000] {logging_mixin.py:154} INFO - [2024-11-06T08:50:24.460+0000] {dag.py:2941} INFO - Sync 2 DAGs
[2024-11-06T08:50:24.465+0000] {logging_mixin.py:154} INFO - [2024-11-06T08:50:24.465+0000] {dag.py:3722} INFO - Setting next_dagrun for example_external_task_marker_child to None, run_after=None
[2024-11-06T08:50:24.466+0000] {logging_mixin.py:154} INFO - [2024-11-06T08:50:24.466+0000] {dag.py:3722} INFO - Setting next_dagrun for example_external_task_marker_parent to None, run_after=None
[2024-11-06T08:50:24.473+0000] {processor.py:179} INFO - Processing /home/airflow/.local/lib/python3.8/site-packages/airflow/example_dags/example_external_task_marker_dag.py took 0.033 seconds
[2024-11-06T08:50:54.719+0000] {processor.py:157} INFO - Started process (PID=870) to work on /home/airflow/.local/lib/python3.8/site-packages/airflow/example_dags/example_external_task_marker_dag.py
[2024-11-06T08:50:54.720+0000] {processor.py:829} INFO - Processing file /home/airflow/.local/lib/python3.8/site-packages/airflow/example_dags/example_external_task_marker_dag.py for tasks to queue
[2024-11-06T08:50:54.721+0000] {logging_mixin.py:154} INFO - [2024-11-06T08:50:54.721+0000] {dagbag.py:536} INFO - Filling up the DagBag from /home/airflow/.local/lib/python3.8/site-packages/airflow/example_dags/example_external_task_marker_dag.py
[2024-11-06T08:50:54.724+0000] {processor.py:839} INFO - DAG(s) dict_keys(['example_external_task_marker_child', 'example_external_task_marker_parent']) retrieved from /home/airflow/.local/lib/python3.8/site-packages/airflow/example_dags/example_external_task_marker_dag.py
[2024-11-06T08:50:54.734+0000] {logging_mixin.py:154} INFO - [2024-11-06T08:50:54.734+0000] {dag.py:2941} INFO - Sync 2 DAGs
[2024-11-06T08:50:54.742+0000] {logging_mixin.py:154} INFO - [2024-11-06T08:50:54.742+0000] {dag.py:3722} INFO - Setting next_dagrun for example_external_task_marker_child to None, run_after=None
[2024-11-06T08:50:54.744+0000] {logging_mixin.py:154} INFO - [2024-11-06T08:50:54.744+0000] {dag.py:3722} INFO - Setting next_dagrun for example_external_task_marker_parent to None, run_after=None
[2024-11-06T08:50:54.749+0000] {processor.py:179} INFO - Processing /home/airflow/.local/lib/python3.8/site-packages/airflow/example_dags/example_external_task_marker_dag.py took 0.032 seconds
[2024-11-06T08:51:25.017+0000] {processor.py:157} INFO - Started process (PID=924) to work on /home/airflow/.local/lib/python3.8/site-packages/airflow/example_dags/example_external_task_marker_dag.py
[2024-11-06T08:51:25.020+0000] {processor.py:829} INFO - Processing file /home/airflow/.local/lib/python3.8/site-packages/airflow/example_dags/example_external_task_marker_dag.py for tasks to queue
[2024-11-06T08:51:25.021+0000] {logging_mixin.py:154} INFO - [2024-11-06T08:51:25.021+0000] {dagbag.py:536} INFO - Filling up the DagBag from /home/airflow/.local/lib/python3.8/site-packages/airflow/example_dags/example_external_task_marker_dag.py
[2024-11-06T08:51:25.025+0000] {processor.py:839} INFO - DAG(s) dict_keys(['example_external_task_marker_child', 'example_external_task_marker_parent']) retrieved from /home/airflow/.local/lib/python3.8/site-packages/airflow/example_dags/example_external_task_marker_dag.py
[2024-11-06T08:51:25.035+0000] {logging_mixin.py:154} INFO - [2024-11-06T08:51:25.035+0000] {dag.py:2941} INFO - Sync 2 DAGs
[2024-11-06T08:51:25.041+0000] {logging_mixin.py:154} INFO - [2024-11-06T08:51:25.041+0000] {dag.py:3722} INFO - Setting next_dagrun for example_external_task_marker_child to None, run_after=None
[2024-11-06T08:51:25.043+0000] {logging_mixin.py:154} INFO - [2024-11-06T08:51:25.043+0000] {dag.py:3722} INFO - Setting next_dagrun for example_external_task_marker_parent to None, run_after=None
[2024-11-06T08:51:25.050+0000] {processor.py:179} INFO - Processing /home/airflow/.local/lib/python3.8/site-packages/airflow/example_dags/example_external_task_marker_dag.py took 0.034 seconds
[2024-11-06T08:51:55.383+0000] {processor.py:157} INFO - Started process (PID=978) to work on /home/airflow/.local/lib/python3.8/site-packages/airflow/example_dags/example_external_task_marker_dag.py
[2024-11-06T08:51:55.386+0000] {processor.py:829} INFO - Processing file /home/airflow/.local/lib/python3.8/site-packages/airflow/example_dags/example_external_task_marker_dag.py for tasks to queue
[2024-11-06T08:51:55.387+0000] {logging_mixin.py:154} INFO - [2024-11-06T08:51:55.387+0000] {dagbag.py:536} INFO - Filling up the DagBag from /home/airflow/.local/lib/python3.8/site-packages/airflow/example_dags/example_external_task_marker_dag.py
[2024-11-06T08:51:55.392+0000] {processor.py:839} INFO - DAG(s) dict_keys(['example_external_task_marker_child', 'example_external_task_marker_parent']) retrieved from /home/airflow/.local/lib/python3.8/site-packages/airflow/example_dags/example_external_task_marker_dag.py
[2024-11-06T08:51:55.401+0000] {logging_mixin.py:154} INFO - [2024-11-06T08:51:55.401+0000] {dag.py:2941} INFO - Sync 2 DAGs
[2024-11-06T08:51:55.407+0000] {logging_mixin.py:154} INFO - [2024-11-06T08:51:55.407+0000] {dag.py:3722} INFO - Setting next_dagrun for example_external_task_marker_child to None, run_after=None
[2024-11-06T08:51:55.408+0000] {logging_mixin.py:154} INFO - [2024-11-06T08:51:55.408+0000] {dag.py:3722} INFO - Setting next_dagrun for example_external_task_marker_parent to None, run_after=None
[2024-11-06T08:51:55.414+0000] {processor.py:179} INFO - Processing /home/airflow/.local/lib/python3.8/site-packages/airflow/example_dags/example_external_task_marker_dag.py took 0.033 seconds
[2024-11-06T08:52:25.766+0000] {processor.py:157} INFO - Started process (PID=1032) to work on /home/airflow/.local/lib/python3.8/site-packages/airflow/example_dags/example_external_task_marker_dag.py
[2024-11-06T08:52:25.769+0000] {processor.py:829} INFO - Processing file /home/airflow/.local/lib/python3.8/site-packages/airflow/example_dags/example_external_task_marker_dag.py for tasks to queue
[2024-11-06T08:52:25.771+0000] {logging_mixin.py:154} INFO - [2024-11-06T08:52:25.771+0000] {dagbag.py:536} INFO - Filling up the DagBag from /home/airflow/.local/lib/python3.8/site-packages/airflow/example_dags/example_external_task_marker_dag.py
[2024-11-06T08:52:25.775+0000] {processor.py:839} INFO - DAG(s) dict_keys(['example_external_task_marker_child', 'example_external_task_marker_parent']) retrieved from /home/airflow/.local/lib/python3.8/site-packages/airflow/example_dags/example_external_task_marker_dag.py
[2024-11-06T08:52:25.785+0000] {logging_mixin.py:154} INFO - [2024-11-06T08:52:25.785+0000] {dag.py:2941} INFO - Sync 2 DAGs
[2024-11-06T08:52:25.792+0000] {logging_mixin.py:154} INFO - [2024-11-06T08:52:25.792+0000] {dag.py:3722} INFO - Setting next_dagrun for example_external_task_marker_child to None, run_after=None
[2024-11-06T08:52:25.794+0000] {logging_mixin.py:154} INFO - [2024-11-06T08:52:25.794+0000] {dag.py:3722} INFO - Setting next_dagrun for example_external_task_marker_parent to None, run_after=None
[2024-11-06T08:52:25.800+0000] {processor.py:179} INFO - Processing /home/airflow/.local/lib/python3.8/site-packages/airflow/example_dags/example_external_task_marker_dag.py took 0.036 seconds
[2024-11-06T08:52:56.101+0000] {processor.py:157} INFO - Started process (PID=1086) to work on /home/airflow/.local/lib/python3.8/site-packages/airflow/example_dags/example_external_task_marker_dag.py
[2024-11-06T08:52:56.102+0000] {processor.py:829} INFO - Processing file /home/airflow/.local/lib/python3.8/site-packages/airflow/example_dags/example_external_task_marker_dag.py for tasks to queue
[2024-11-06T08:52:56.103+0000] {logging_mixin.py:154} INFO - [2024-11-06T08:52:56.103+0000] {dagbag.py:536} INFO - Filling up the DagBag from /home/airflow/.local/lib/python3.8/site-packages/airflow/example_dags/example_external_task_marker_dag.py
[2024-11-06T08:52:56.105+0000] {processor.py:839} INFO - DAG(s) dict_keys(['example_external_task_marker_parent', 'example_external_task_marker_child']) retrieved from /home/airflow/.local/lib/python3.8/site-packages/airflow/example_dags/example_external_task_marker_dag.py
[2024-11-06T08:52:56.118+0000] {logging_mixin.py:154} INFO - [2024-11-06T08:52:56.118+0000] {dag.py:2941} INFO - Sync 2 DAGs
[2024-11-06T08:52:56.123+0000] {logging_mixin.py:154} INFO - [2024-11-06T08:52:56.123+0000] {dag.py:3722} INFO - Setting next_dagrun for example_external_task_marker_child to None, run_after=None
[2024-11-06T08:52:56.124+0000] {logging_mixin.py:154} INFO - [2024-11-06T08:52:56.124+0000] {dag.py:3722} INFO - Setting next_dagrun for example_external_task_marker_parent to None, run_after=None
[2024-11-06T08:52:56.130+0000] {processor.py:179} INFO - Processing /home/airflow/.local/lib/python3.8/site-packages/airflow/example_dags/example_external_task_marker_dag.py took 0.031 seconds
[2024-11-06T08:53:26.688+0000] {processor.py:157} INFO - Started process (PID=1140) to work on /home/airflow/.local/lib/python3.8/site-packages/airflow/example_dags/example_external_task_marker_dag.py
[2024-11-06T08:53:26.689+0000] {processor.py:829} INFO - Processing file /home/airflow/.local/lib/python3.8/site-packages/airflow/example_dags/example_external_task_marker_dag.py for tasks to queue
[2024-11-06T08:53:26.689+0000] {logging_mixin.py:154} INFO - [2024-11-06T08:53:26.689+0000] {dagbag.py:536} INFO - Filling up the DagBag from /home/airflow/.local/lib/python3.8/site-packages/airflow/example_dags/example_external_task_marker_dag.py
[2024-11-06T08:53:26.692+0000] {processor.py:839} INFO - DAG(s) dict_keys(['example_external_task_marker_child', 'example_external_task_marker_parent']) retrieved from /home/airflow/.local/lib/python3.8/site-packages/airflow/example_dags/example_external_task_marker_dag.py
[2024-11-06T08:53:26.702+0000] {logging_mixin.py:154} INFO - [2024-11-06T08:53:26.702+0000] {dag.py:2941} INFO - Sync 2 DAGs
[2024-11-06T08:53:26.707+0000] {logging_mixin.py:154} INFO - [2024-11-06T08:53:26.707+0000] {dag.py:3722} INFO - Setting next_dagrun for example_external_task_marker_child to None, run_after=None
[2024-11-06T08:53:26.708+0000] {logging_mixin.py:154} INFO - [2024-11-06T08:53:26.708+0000] {dag.py:3722} INFO - Setting next_dagrun for example_external_task_marker_parent to None, run_after=None
[2024-11-06T08:53:26.714+0000] {processor.py:179} INFO - Processing /home/airflow/.local/lib/python3.8/site-packages/airflow/example_dags/example_external_task_marker_dag.py took 0.028 seconds
[2024-11-06T08:53:57.382+0000] {processor.py:157} INFO - Started process (PID=1194) to work on /home/airflow/.local/lib/python3.8/site-packages/airflow/example_dags/example_external_task_marker_dag.py
[2024-11-06T08:53:57.384+0000] {processor.py:829} INFO - Processing file /home/airflow/.local/lib/python3.8/site-packages/airflow/example_dags/example_external_task_marker_dag.py for tasks to queue
[2024-11-06T08:53:57.385+0000] {logging_mixin.py:154} INFO - [2024-11-06T08:53:57.385+0000] {dagbag.py:536} INFO - Filling up the DagBag from /home/airflow/.local/lib/python3.8/site-packages/airflow/example_dags/example_external_task_marker_dag.py
[2024-11-06T08:53:57.388+0000] {processor.py:839} INFO - DAG(s) dict_keys(['example_external_task_marker_parent', 'example_external_task_marker_child']) retrieved from /home/airflow/.local/lib/python3.8/site-packages/airflow/example_dags/example_external_task_marker_dag.py
[2024-11-06T08:53:57.398+0000] {logging_mixin.py:154} INFO - [2024-11-06T08:53:57.398+0000] {dag.py:2941} INFO - Sync 2 DAGs
[2024-11-06T08:53:57.404+0000] {logging_mixin.py:154} INFO - [2024-11-06T08:53:57.404+0000] {dag.py:3722} INFO - Setting next_dagrun for example_external_task_marker_child to None, run_after=None
[2024-11-06T08:53:57.405+0000] {logging_mixin.py:154} INFO - [2024-11-06T08:53:57.405+0000] {dag.py:3722} INFO - Setting next_dagrun for example_external_task_marker_parent to None, run_after=None
[2024-11-06T08:53:57.411+0000] {processor.py:179} INFO - Processing /home/airflow/.local/lib/python3.8/site-packages/airflow/example_dags/example_external_task_marker_dag.py took 0.030 seconds
[2024-11-06T08:54:27.804+0000] {processor.py:157} INFO - Started process (PID=1248) to work on /home/airflow/.local/lib/python3.8/site-packages/airflow/example_dags/example_external_task_marker_dag.py
[2024-11-06T08:54:27.805+0000] {processor.py:829} INFO - Processing file /home/airflow/.local/lib/python3.8/site-packages/airflow/example_dags/example_external_task_marker_dag.py for tasks to queue
[2024-11-06T08:54:27.806+0000] {logging_mixin.py:154} INFO - [2024-11-06T08:54:27.806+0000] {dagbag.py:536} INFO - Filling up the DagBag from /home/airflow/.local/lib/python3.8/site-packages/airflow/example_dags/example_external_task_marker_dag.py
[2024-11-06T08:54:27.809+0000] {processor.py:839} INFO - DAG(s) dict_keys(['example_external_task_marker_parent', 'example_external_task_marker_child']) retrieved from /home/airflow/.local/lib/python3.8/site-packages/airflow/example_dags/example_external_task_marker_dag.py
[2024-11-06T08:54:27.819+0000] {logging_mixin.py:154} INFO - [2024-11-06T08:54:27.819+0000] {dag.py:2941} INFO - Sync 2 DAGs
[2024-11-06T08:54:27.825+0000] {logging_mixin.py:154} INFO - [2024-11-06T08:54:27.825+0000] {dag.py:3722} INFO - Setting next_dagrun for example_external_task_marker_child to None, run_after=None
[2024-11-06T08:54:27.827+0000] {logging_mixin.py:154} INFO - [2024-11-06T08:54:27.827+0000] {dag.py:3722} INFO - Setting next_dagrun for example_external_task_marker_parent to None, run_after=None
[2024-11-06T08:54:27.835+0000] {processor.py:179} INFO - Processing /home/airflow/.local/lib/python3.8/site-packages/airflow/example_dags/example_external_task_marker_dag.py took 0.032 seconds
[2024-11-06T08:54:58.693+0000] {processor.py:157} INFO - Started process (PID=1302) to work on /home/airflow/.local/lib/python3.8/site-packages/airflow/example_dags/example_external_task_marker_dag.py
[2024-11-06T08:54:58.694+0000] {processor.py:829} INFO - Processing file /home/airflow/.local/lib/python3.8/site-packages/airflow/example_dags/example_external_task_marker_dag.py for tasks to queue
[2024-11-06T08:54:58.695+0000] {logging_mixin.py:154} INFO - [2024-11-06T08:54:58.695+0000] {dagbag.py:536} INFO - Filling up the DagBag from /home/airflow/.local/lib/python3.8/site-packages/airflow/example_dags/example_external_task_marker_dag.py
[2024-11-06T08:54:58.699+0000] {processor.py:839} INFO - DAG(s) dict_keys(['example_external_task_marker_parent', 'example_external_task_marker_child']) retrieved from /home/airflow/.local/lib/python3.8/site-packages/airflow/example_dags/example_external_task_marker_dag.py
[2024-11-06T08:54:58.708+0000] {logging_mixin.py:154} INFO - [2024-11-06T08:54:58.708+0000] {dag.py:2941} INFO - Sync 2 DAGs
[2024-11-06T08:54:58.714+0000] {logging_mixin.py:154} INFO - [2024-11-06T08:54:58.713+0000] {dag.py:3722} INFO - Setting next_dagrun for example_external_task_marker_child to None, run_after=None
[2024-11-06T08:54:58.715+0000] {logging_mixin.py:154} INFO - [2024-11-06T08:54:58.715+0000] {dag.py:3722} INFO - Setting next_dagrun for example_external_task_marker_parent to None, run_after=None
[2024-11-06T08:54:58.722+0000] {processor.py:179} INFO - Processing /home/airflow/.local/lib/python3.8/site-packages/airflow/example_dags/example_external_task_marker_dag.py took 0.030 seconds
[2024-11-06T08:55:29.549+0000] {processor.py:157} INFO - Started process (PID=1356) to work on /home/airflow/.local/lib/python3.8/site-packages/airflow/example_dags/example_external_task_marker_dag.py
[2024-11-06T08:55:29.549+0000] {processor.py:829} INFO - Processing file /home/airflow/.local/lib/python3.8/site-packages/airflow/example_dags/example_external_task_marker_dag.py for tasks to queue
[2024-11-06T08:55:29.550+0000] {logging_mixin.py:154} INFO - [2024-11-06T08:55:29.550+0000] {dagbag.py:536} INFO - Filling up the DagBag from /home/airflow/.local/lib/python3.8/site-packages/airflow/example_dags/example_external_task_marker_dag.py
[2024-11-06T08:55:29.553+0000] {processor.py:839} INFO - DAG(s) dict_keys(['example_external_task_marker_parent', 'example_external_task_marker_child']) retrieved from /home/airflow/.local/lib/python3.8/site-packages/airflow/example_dags/example_external_task_marker_dag.py
[2024-11-06T08:55:29.565+0000] {logging_mixin.py:154} INFO - [2024-11-06T08:55:29.565+0000] {dag.py:2941} INFO - Sync 2 DAGs
[2024-11-06T08:55:29.570+0000] {logging_mixin.py:154} INFO - [2024-11-06T08:55:29.570+0000] {dag.py:3722} INFO - Setting next_dagrun for example_external_task_marker_child to None, run_after=None
[2024-11-06T08:55:29.571+0000] {logging_mixin.py:154} INFO - [2024-11-06T08:55:29.571+0000] {dag.py:3722} INFO - Setting next_dagrun for example_external_task_marker_parent to None, run_after=None
[2024-11-06T08:55:29.578+0000] {processor.py:179} INFO - Processing /home/airflow/.local/lib/python3.8/site-packages/airflow/example_dags/example_external_task_marker_dag.py took 0.030 seconds
[2024-11-06T08:56:00.009+0000] {processor.py:157} INFO - Started process (PID=1410) to work on /home/airflow/.local/lib/python3.8/site-packages/airflow/example_dags/example_external_task_marker_dag.py
[2024-11-06T08:56:00.009+0000] {processor.py:829} INFO - Processing file /home/airflow/.local/lib/python3.8/site-packages/airflow/example_dags/example_external_task_marker_dag.py for tasks to queue
[2024-11-06T08:56:00.010+0000] {logging_mixin.py:154} INFO - [2024-11-06T08:56:00.010+0000] {dagbag.py:536} INFO - Filling up the DagBag from /home/airflow/.local/lib/python3.8/site-packages/airflow/example_dags/example_external_task_marker_dag.py
[2024-11-06T08:56:00.013+0000] {processor.py:839} INFO - DAG(s) dict_keys(['example_external_task_marker_parent', 'example_external_task_marker_child']) retrieved from /home/airflow/.local/lib/python3.8/site-packages/airflow/example_dags/example_external_task_marker_dag.py
[2024-11-06T08:56:00.023+0000] {logging_mixin.py:154} INFO - [2024-11-06T08:56:00.023+0000] {dag.py:2941} INFO - Sync 2 DAGs
[2024-11-06T08:56:00.029+0000] {logging_mixin.py:154} INFO - [2024-11-06T08:56:00.029+0000] {dag.py:3722} INFO - Setting next_dagrun for example_external_task_marker_child to None, run_after=None
[2024-11-06T08:56:00.030+0000] {logging_mixin.py:154} INFO - [2024-11-06T08:56:00.030+0000] {dag.py:3722} INFO - Setting next_dagrun for example_external_task_marker_parent to None, run_after=None
[2024-11-06T08:56:00.037+0000] {processor.py:179} INFO - Processing /home/airflow/.local/lib/python3.8/site-packages/airflow/example_dags/example_external_task_marker_dag.py took 0.030 seconds
[2024-11-06T08:56:30.414+0000] {processor.py:157} INFO - Started process (PID=1464) to work on /home/airflow/.local/lib/python3.8/site-packages/airflow/example_dags/example_external_task_marker_dag.py
[2024-11-06T08:56:30.416+0000] {processor.py:829} INFO - Processing file /home/airflow/.local/lib/python3.8/site-packages/airflow/example_dags/example_external_task_marker_dag.py for tasks to queue
[2024-11-06T08:56:30.419+0000] {logging_mixin.py:154} INFO - [2024-11-06T08:56:30.419+0000] {dagbag.py:536} INFO - Filling up the DagBag from /home/airflow/.local/lib/python3.8/site-packages/airflow/example_dags/example_external_task_marker_dag.py
[2024-11-06T08:56:30.422+0000] {processor.py:839} INFO - DAG(s) dict_keys(['example_external_task_marker_parent', 'example_external_task_marker_child']) retrieved from /home/airflow/.local/lib/python3.8/site-packages/airflow/example_dags/example_external_task_marker_dag.py
[2024-11-06T08:56:30.434+0000] {logging_mixin.py:154} INFO - [2024-11-06T08:56:30.434+0000] {dag.py:2941} INFO - Sync 2 DAGs
[2024-11-06T08:56:30.439+0000] {logging_mixin.py:154} INFO - [2024-11-06T08:56:30.439+0000] {dag.py:3722} INFO - Setting next_dagrun for example_external_task_marker_child to None, run_after=None
[2024-11-06T08:56:30.444+0000] {logging_mixin.py:154} INFO - [2024-11-06T08:56:30.444+0000] {dag.py:3722} INFO - Setting next_dagrun for example_external_task_marker_parent to None, run_after=None
[2024-11-06T08:56:30.450+0000] {processor.py:179} INFO - Processing /home/airflow/.local/lib/python3.8/site-packages/airflow/example_dags/example_external_task_marker_dag.py took 0.038 seconds
[2024-11-06T08:57:01.301+0000] {processor.py:157} INFO - Started process (PID=1518) to work on /home/airflow/.local/lib/python3.8/site-packages/airflow/example_dags/example_external_task_marker_dag.py
[2024-11-06T08:57:01.302+0000] {processor.py:829} INFO - Processing file /home/airflow/.local/lib/python3.8/site-packages/airflow/example_dags/example_external_task_marker_dag.py for tasks to queue
[2024-11-06T08:57:01.306+0000] {logging_mixin.py:154} INFO - [2024-11-06T08:57:01.305+0000] {dagbag.py:536} INFO - Filling up the DagBag from /home/airflow/.local/lib/python3.8/site-packages/airflow/example_dags/example_external_task_marker_dag.py
[2024-11-06T08:57:01.308+0000] {processor.py:839} INFO - DAG(s) dict_keys(['example_external_task_marker_child', 'example_external_task_marker_parent']) retrieved from /home/airflow/.local/lib/python3.8/site-packages/airflow/example_dags/example_external_task_marker_dag.py
[2024-11-06T08:57:01.320+0000] {logging_mixin.py:154} INFO - [2024-11-06T08:57:01.320+0000] {dag.py:2941} INFO - Sync 2 DAGs
[2024-11-06T08:57:01.400+0000] {logging_mixin.py:154} INFO - [2024-11-06T08:57:01.400+0000] {dag.py:3722} INFO - Setting next_dagrun for example_external_task_marker_child to None, run_after=None
[2024-11-06T08:57:01.401+0000] {logging_mixin.py:154} INFO - [2024-11-06T08:57:01.401+0000] {dag.py:3722} INFO - Setting next_dagrun for example_external_task_marker_parent to None, run_after=None
[2024-11-06T08:57:01.409+0000] {processor.py:179} INFO - Processing /home/airflow/.local/lib/python3.8/site-packages/airflow/example_dags/example_external_task_marker_dag.py took 0.109 seconds
[2024-11-06T08:57:31.448+0000] {processor.py:157} INFO - Started process (PID=1572) to work on /home/airflow/.local/lib/python3.8/site-packages/airflow/example_dags/example_external_task_marker_dag.py
[2024-11-06T08:57:31.451+0000] {processor.py:829} INFO - Processing file /home/airflow/.local/lib/python3.8/site-packages/airflow/example_dags/example_external_task_marker_dag.py for tasks to queue
[2024-11-06T08:57:31.452+0000] {logging_mixin.py:154} INFO - [2024-11-06T08:57:31.452+0000] {dagbag.py:536} INFO - Filling up the DagBag from /home/airflow/.local/lib/python3.8/site-packages/airflow/example_dags/example_external_task_marker_dag.py
[2024-11-06T08:57:31.455+0000] {processor.py:839} INFO - DAG(s) dict_keys(['example_external_task_marker_parent', 'example_external_task_marker_child']) retrieved from /home/airflow/.local/lib/python3.8/site-packages/airflow/example_dags/example_external_task_marker_dag.py
[2024-11-06T08:57:31.466+0000] {logging_mixin.py:154} INFO - [2024-11-06T08:57:31.465+0000] {dag.py:2941} INFO - Sync 2 DAGs
[2024-11-06T08:57:31.471+0000] {logging_mixin.py:154} INFO - [2024-11-06T08:57:31.471+0000] {dag.py:3722} INFO - Setting next_dagrun for example_external_task_marker_child to None, run_after=None
[2024-11-06T08:57:31.472+0000] {logging_mixin.py:154} INFO - [2024-11-06T08:57:31.472+0000] {dag.py:3722} INFO - Setting next_dagrun for example_external_task_marker_parent to None, run_after=None
[2024-11-06T08:57:31.479+0000] {processor.py:179} INFO - Processing /home/airflow/.local/lib/python3.8/site-packages/airflow/example_dags/example_external_task_marker_dag.py took 0.033 seconds
[2024-11-06T08:58:02.133+0000] {processor.py:157} INFO - Started process (PID=1625) to work on /home/airflow/.local/lib/python3.8/site-packages/airflow/example_dags/example_external_task_marker_dag.py
[2024-11-06T08:58:02.134+0000] {processor.py:829} INFO - Processing file /home/airflow/.local/lib/python3.8/site-packages/airflow/example_dags/example_external_task_marker_dag.py for tasks to queue
[2024-11-06T08:58:02.137+0000] {logging_mixin.py:154} INFO - [2024-11-06T08:58:02.137+0000] {dagbag.py:536} INFO - Filling up the DagBag from /home/airflow/.local/lib/python3.8/site-packages/airflow/example_dags/example_external_task_marker_dag.py
[2024-11-06T08:58:02.140+0000] {processor.py:839} INFO - DAG(s) dict_keys(['example_external_task_marker_parent', 'example_external_task_marker_child']) retrieved from /home/airflow/.local/lib/python3.8/site-packages/airflow/example_dags/example_external_task_marker_dag.py
[2024-11-06T08:58:02.152+0000] {logging_mixin.py:154} INFO - [2024-11-06T08:58:02.152+0000] {dag.py:2941} INFO - Sync 2 DAGs
[2024-11-06T08:58:02.158+0000] {logging_mixin.py:154} INFO - [2024-11-06T08:58:02.158+0000] {dag.py:3722} INFO - Setting next_dagrun for example_external_task_marker_child to None, run_after=None
[2024-11-06T08:58:02.160+0000] {logging_mixin.py:154} INFO - [2024-11-06T08:58:02.160+0000] {dag.py:3722} INFO - Setting next_dagrun for example_external_task_marker_parent to None, run_after=None
[2024-11-06T08:58:02.168+0000] {processor.py:179} INFO - Processing /home/airflow/.local/lib/python3.8/site-packages/airflow/example_dags/example_external_task_marker_dag.py took 0.037 seconds
[2024-11-06T08:58:32.911+0000] {processor.py:157} INFO - Started process (PID=1679) to work on /home/airflow/.local/lib/python3.8/site-packages/airflow/example_dags/example_external_task_marker_dag.py
[2024-11-06T08:58:32.914+0000] {processor.py:829} INFO - Processing file /home/airflow/.local/lib/python3.8/site-packages/airflow/example_dags/example_external_task_marker_dag.py for tasks to queue
[2024-11-06T08:58:32.915+0000] {logging_mixin.py:154} INFO - [2024-11-06T08:58:32.915+0000] {dagbag.py:536} INFO - Filling up the DagBag from /home/airflow/.local/lib/python3.8/site-packages/airflow/example_dags/example_external_task_marker_dag.py
[2024-11-06T08:58:32.918+0000] {processor.py:839} INFO - DAG(s) dict_keys(['example_external_task_marker_child', 'example_external_task_marker_parent']) retrieved from /home/airflow/.local/lib/python3.8/site-packages/airflow/example_dags/example_external_task_marker_dag.py
[2024-11-06T08:58:32.928+0000] {logging_mixin.py:154} INFO - [2024-11-06T08:58:32.928+0000] {dag.py:2941} INFO - Sync 2 DAGs
[2024-11-06T08:58:33.004+0000] {logging_mixin.py:154} INFO - [2024-11-06T08:58:33.004+0000] {dag.py:3722} INFO - Setting next_dagrun for example_external_task_marker_child to None, run_after=None
[2024-11-06T08:58:33.006+0000] {logging_mixin.py:154} INFO - [2024-11-06T08:58:33.006+0000] {dag.py:3722} INFO - Setting next_dagrun for example_external_task_marker_parent to None, run_after=None
[2024-11-06T08:58:33.011+0000] {processor.py:179} INFO - Processing /home/airflow/.local/lib/python3.8/site-packages/airflow/example_dags/example_external_task_marker_dag.py took 0.102 seconds
[2024-11-06T09:17:56.404+0000] {processor.py:157} INFO - Started process (PID=1724) to work on /home/airflow/.local/lib/python3.8/site-packages/airflow/example_dags/example_external_task_marker_dag.py
[2024-11-06T09:17:56.405+0000] {processor.py:829} INFO - Processing file /home/airflow/.local/lib/python3.8/site-packages/airflow/example_dags/example_external_task_marker_dag.py for tasks to queue
[2024-11-06T09:17:56.406+0000] {logging_mixin.py:154} INFO - [2024-11-06T09:17:56.406+0000] {dagbag.py:536} INFO - Filling up the DagBag from /home/airflow/.local/lib/python3.8/site-packages/airflow/example_dags/example_external_task_marker_dag.py
[2024-11-06T09:17:56.409+0000] {processor.py:839} INFO - DAG(s) dict_keys(['example_external_task_marker_parent', 'example_external_task_marker_child']) retrieved from /home/airflow/.local/lib/python3.8/site-packages/airflow/example_dags/example_external_task_marker_dag.py
[2024-11-06T09:17:56.421+0000] {logging_mixin.py:154} INFO - [2024-11-06T09:17:56.421+0000] {dag.py:2941} INFO - Sync 2 DAGs
[2024-11-06T09:17:56.426+0000] {logging_mixin.py:154} INFO - [2024-11-06T09:17:56.426+0000] {dag.py:3722} INFO - Setting next_dagrun for example_external_task_marker_child to None, run_after=None
[2024-11-06T09:17:56.430+0000] {logging_mixin.py:154} INFO - [2024-11-06T09:17:56.430+0000] {dag.py:3722} INFO - Setting next_dagrun for example_external_task_marker_parent to None, run_after=None
[2024-11-06T09:17:56.442+0000] {processor.py:179} INFO - Processing /home/airflow/.local/lib/python3.8/site-packages/airflow/example_dags/example_external_task_marker_dag.py took 0.040 seconds
[2024-11-06T09:29:43.360+0000] {processor.py:157} INFO - Started process (PID=1778) to work on /home/airflow/.local/lib/python3.8/site-packages/airflow/example_dags/example_external_task_marker_dag.py
[2024-11-06T09:29:43.360+0000] {processor.py:829} INFO - Processing file /home/airflow/.local/lib/python3.8/site-packages/airflow/example_dags/example_external_task_marker_dag.py for tasks to queue
[2024-11-06T09:29:43.361+0000] {logging_mixin.py:154} INFO - [2024-11-06T09:29:43.361+0000] {dagbag.py:536} INFO - Filling up the DagBag from /home/airflow/.local/lib/python3.8/site-packages/airflow/example_dags/example_external_task_marker_dag.py
[2024-11-06T09:29:43.363+0000] {processor.py:839} INFO - DAG(s) dict_keys(['example_external_task_marker_parent', 'example_external_task_marker_child']) retrieved from /home/airflow/.local/lib/python3.8/site-packages/airflow/example_dags/example_external_task_marker_dag.py
[2024-11-06T09:29:43.378+0000] {logging_mixin.py:154} INFO - [2024-11-06T09:29:43.378+0000] {dag.py:2941} INFO - Sync 2 DAGs
[2024-11-06T09:29:43.386+0000] {logging_mixin.py:154} INFO - [2024-11-06T09:29:43.386+0000] {dag.py:3722} INFO - Setting next_dagrun for example_external_task_marker_child to None, run_after=None
[2024-11-06T09:29:43.387+0000] {logging_mixin.py:154} INFO - [2024-11-06T09:29:43.387+0000] {dag.py:3722} INFO - Setting next_dagrun for example_external_task_marker_parent to None, run_after=None
[2024-11-06T09:29:43.394+0000] {processor.py:179} INFO - Processing /home/airflow/.local/lib/python3.8/site-packages/airflow/example_dags/example_external_task_marker_dag.py took 0.036 seconds
[2024-11-06T10:28:12.806+0000] {processor.py:157} INFO - Started process (PID=1832) to work on /home/airflow/.local/lib/python3.8/site-packages/airflow/example_dags/example_external_task_marker_dag.py
[2024-11-06T10:28:12.809+0000] {processor.py:829} INFO - Processing file /home/airflow/.local/lib/python3.8/site-packages/airflow/example_dags/example_external_task_marker_dag.py for tasks to queue
[2024-11-06T10:28:12.810+0000] {logging_mixin.py:154} INFO - [2024-11-06T10:28:12.809+0000] {dagbag.py:536} INFO - Filling up the DagBag from /home/airflow/.local/lib/python3.8/site-packages/airflow/example_dags/example_external_task_marker_dag.py
[2024-11-06T10:28:12.812+0000] {processor.py:839} INFO - DAG(s) dict_keys(['example_external_task_marker_child', 'example_external_task_marker_parent']) retrieved from /home/airflow/.local/lib/python3.8/site-packages/airflow/example_dags/example_external_task_marker_dag.py
[2024-11-06T10:28:12.822+0000] {logging_mixin.py:154} INFO - [2024-11-06T10:28:12.822+0000] {dag.py:2941} INFO - Sync 2 DAGs
[2024-11-06T10:28:12.828+0000] {logging_mixin.py:154} INFO - [2024-11-06T10:28:12.828+0000] {dag.py:3722} INFO - Setting next_dagrun for example_external_task_marker_child to None, run_after=None
[2024-11-06T10:28:12.831+0000] {logging_mixin.py:154} INFO - [2024-11-06T10:28:12.830+0000] {dag.py:3722} INFO - Setting next_dagrun for example_external_task_marker_parent to None, run_after=None
[2024-11-06T10:28:12.844+0000] {processor.py:179} INFO - Processing /home/airflow/.local/lib/python3.8/site-packages/airflow/example_dags/example_external_task_marker_dag.py took 0.039 seconds
[2024-11-06T11:31:02.948+0000] {processor.py:157} INFO - Started process (PID=1886) to work on /home/airflow/.local/lib/python3.8/site-packages/airflow/example_dags/example_external_task_marker_dag.py
[2024-11-06T11:31:02.951+0000] {processor.py:829} INFO - Processing file /home/airflow/.local/lib/python3.8/site-packages/airflow/example_dags/example_external_task_marker_dag.py for tasks to queue
[2024-11-06T11:31:02.955+0000] {logging_mixin.py:154} INFO - [2024-11-06T11:31:02.955+0000] {dagbag.py:536} INFO - Filling up the DagBag from /home/airflow/.local/lib/python3.8/site-packages/airflow/example_dags/example_external_task_marker_dag.py
[2024-11-06T11:31:02.961+0000] {processor.py:839} INFO - DAG(s) dict_keys(['example_external_task_marker_parent', 'example_external_task_marker_child']) retrieved from /home/airflow/.local/lib/python3.8/site-packages/airflow/example_dags/example_external_task_marker_dag.py
[2024-11-06T11:31:02.989+0000] {logging_mixin.py:154} INFO - [2024-11-06T11:31:02.989+0000] {dag.py:2941} INFO - Sync 2 DAGs
[2024-11-06T11:31:02.998+0000] {logging_mixin.py:154} INFO - [2024-11-06T11:31:02.998+0000] {dag.py:3722} INFO - Setting next_dagrun for example_external_task_marker_child to None, run_after=None
[2024-11-06T11:31:03.002+0000] {logging_mixin.py:154} INFO - [2024-11-06T11:31:03.002+0000] {dag.py:3722} INFO - Setting next_dagrun for example_external_task_marker_parent to None, run_after=None
[2024-11-06T11:31:03.019+0000] {processor.py:179} INFO - Processing /home/airflow/.local/lib/python3.8/site-packages/airflow/example_dags/example_external_task_marker_dag.py took 0.074 seconds
[2024-11-06T11:59:49.648+0000] {processor.py:157} INFO - Started process (PID=1940) to work on /home/airflow/.local/lib/python3.8/site-packages/airflow/example_dags/example_external_task_marker_dag.py
[2024-11-06T11:59:49.649+0000] {processor.py:829} INFO - Processing file /home/airflow/.local/lib/python3.8/site-packages/airflow/example_dags/example_external_task_marker_dag.py for tasks to queue
[2024-11-06T11:59:49.651+0000] {logging_mixin.py:154} INFO - [2024-11-06T11:59:49.651+0000] {dagbag.py:536} INFO - Filling up the DagBag from /home/airflow/.local/lib/python3.8/site-packages/airflow/example_dags/example_external_task_marker_dag.py
[2024-11-06T11:59:49.657+0000] {processor.py:839} INFO - DAG(s) dict_keys(['example_external_task_marker_parent', 'example_external_task_marker_child']) retrieved from /home/airflow/.local/lib/python3.8/site-packages/airflow/example_dags/example_external_task_marker_dag.py
[2024-11-06T11:59:49.680+0000] {logging_mixin.py:154} INFO - [2024-11-06T11:59:49.680+0000] {dag.py:2941} INFO - Sync 2 DAGs
[2024-11-06T11:59:49.696+0000] {logging_mixin.py:154} INFO - [2024-11-06T11:59:49.696+0000] {dag.py:3722} INFO - Setting next_dagrun for example_external_task_marker_child to None, run_after=None
[2024-11-06T11:59:49.701+0000] {logging_mixin.py:154} INFO - [2024-11-06T11:59:49.700+0000] {dag.py:3722} INFO - Setting next_dagrun for example_external_task_marker_parent to None, run_after=None
[2024-11-06T11:59:49.723+0000] {processor.py:179} INFO - Processing /home/airflow/.local/lib/python3.8/site-packages/airflow/example_dags/example_external_task_marker_dag.py took 0.079 seconds
[2024-11-06T12:50:46.877+0000] {processor.py:157} INFO - Started process (PID=1994) to work on /home/airflow/.local/lib/python3.8/site-packages/airflow/example_dags/example_external_task_marker_dag.py
[2024-11-06T12:50:46.881+0000] {processor.py:829} INFO - Processing file /home/airflow/.local/lib/python3.8/site-packages/airflow/example_dags/example_external_task_marker_dag.py for tasks to queue
[2024-11-06T12:50:46.882+0000] {logging_mixin.py:154} INFO - [2024-11-06T12:50:46.882+0000] {dagbag.py:536} INFO - Filling up the DagBag from /home/airflow/.local/lib/python3.8/site-packages/airflow/example_dags/example_external_task_marker_dag.py
[2024-11-06T12:50:46.886+0000] {processor.py:839} INFO - DAG(s) dict_keys(['example_external_task_marker_parent', 'example_external_task_marker_child']) retrieved from /home/airflow/.local/lib/python3.8/site-packages/airflow/example_dags/example_external_task_marker_dag.py
[2024-11-06T12:50:46.897+0000] {logging_mixin.py:154} INFO - [2024-11-06T12:50:46.897+0000] {dag.py:2941} INFO - Sync 2 DAGs
[2024-11-06T12:50:46.903+0000] {logging_mixin.py:154} INFO - [2024-11-06T12:50:46.902+0000] {dag.py:3722} INFO - Setting next_dagrun for example_external_task_marker_child to None, run_after=None
[2024-11-06T12:50:46.905+0000] {logging_mixin.py:154} INFO - [2024-11-06T12:50:46.905+0000] {dag.py:3722} INFO - Setting next_dagrun for example_external_task_marker_parent to None, run_after=None
[2024-11-06T12:50:46.913+0000] {processor.py:179} INFO - Processing /home/airflow/.local/lib/python3.8/site-packages/airflow/example_dags/example_external_task_marker_dag.py took 0.038 seconds
[2024-11-06T12:52:35.058+0000] {processor.py:157} INFO - Started process (PID=2048) to work on /home/airflow/.local/lib/python3.8/site-packages/airflow/example_dags/example_external_task_marker_dag.py
[2024-11-06T12:52:35.058+0000] {processor.py:829} INFO - Processing file /home/airflow/.local/lib/python3.8/site-packages/airflow/example_dags/example_external_task_marker_dag.py for tasks to queue
[2024-11-06T12:52:35.062+0000] {logging_mixin.py:154} INFO - [2024-11-06T12:52:35.062+0000] {dagbag.py:536} INFO - Filling up the DagBag from /home/airflow/.local/lib/python3.8/site-packages/airflow/example_dags/example_external_task_marker_dag.py
[2024-11-06T12:52:35.065+0000] {processor.py:839} INFO - DAG(s) dict_keys(['example_external_task_marker_child', 'example_external_task_marker_parent']) retrieved from /home/airflow/.local/lib/python3.8/site-packages/airflow/example_dags/example_external_task_marker_dag.py
[2024-11-06T12:52:35.080+0000] {logging_mixin.py:154} INFO - [2024-11-06T12:52:35.080+0000] {dag.py:2941} INFO - Sync 2 DAGs
[2024-11-06T12:52:35.087+0000] {logging_mixin.py:154} INFO - [2024-11-06T12:52:35.087+0000] {dag.py:3722} INFO - Setting next_dagrun for example_external_task_marker_child to None, run_after=None
[2024-11-06T12:52:35.091+0000] {logging_mixin.py:154} INFO - [2024-11-06T12:52:35.091+0000] {dag.py:3722} INFO - Setting next_dagrun for example_external_task_marker_parent to None, run_after=None
[2024-11-06T12:52:35.099+0000] {processor.py:179} INFO - Processing /home/airflow/.local/lib/python3.8/site-packages/airflow/example_dags/example_external_task_marker_dag.py took 0.043 seconds
[2024-11-06T13:07:16.424+0000] {processor.py:157} INFO - Started process (PID=2102) to work on /home/airflow/.local/lib/python3.8/site-packages/airflow/example_dags/example_external_task_marker_dag.py
[2024-11-06T13:07:16.425+0000] {processor.py:829} INFO - Processing file /home/airflow/.local/lib/python3.8/site-packages/airflow/example_dags/example_external_task_marker_dag.py for tasks to queue
[2024-11-06T13:07:16.428+0000] {logging_mixin.py:154} INFO - [2024-11-06T13:07:16.428+0000] {dagbag.py:536} INFO - Filling up the DagBag from /home/airflow/.local/lib/python3.8/site-packages/airflow/example_dags/example_external_task_marker_dag.py
[2024-11-06T13:07:16.434+0000] {processor.py:839} INFO - DAG(s) dict_keys(['example_external_task_marker_child', 'example_external_task_marker_parent']) retrieved from /home/airflow/.local/lib/python3.8/site-packages/airflow/example_dags/example_external_task_marker_dag.py
[2024-11-06T13:07:16.460+0000] {logging_mixin.py:154} INFO - [2024-11-06T13:07:16.460+0000] {dag.py:2941} INFO - Sync 2 DAGs
[2024-11-06T13:07:16.474+0000] {logging_mixin.py:154} INFO - [2024-11-06T13:07:16.473+0000] {dag.py:3722} INFO - Setting next_dagrun for example_external_task_marker_child to None, run_after=None
[2024-11-06T13:07:16.478+0000] {logging_mixin.py:154} INFO - [2024-11-06T13:07:16.477+0000] {dag.py:3722} INFO - Setting next_dagrun for example_external_task_marker_parent to None, run_after=None
[2024-11-06T13:07:16.493+0000] {processor.py:179} INFO - Processing /home/airflow/.local/lib/python3.8/site-packages/airflow/example_dags/example_external_task_marker_dag.py took 0.072 seconds
[2024-11-06T13:47:30.983+0000] {processor.py:157} INFO - Started process (PID=2156) to work on /home/airflow/.local/lib/python3.8/site-packages/airflow/example_dags/example_external_task_marker_dag.py
[2024-11-06T13:47:30.983+0000] {processor.py:829} INFO - Processing file /home/airflow/.local/lib/python3.8/site-packages/airflow/example_dags/example_external_task_marker_dag.py for tasks to queue
[2024-11-06T13:47:30.984+0000] {logging_mixin.py:154} INFO - [2024-11-06T13:47:30.984+0000] {dagbag.py:536} INFO - Filling up the DagBag from /home/airflow/.local/lib/python3.8/site-packages/airflow/example_dags/example_external_task_marker_dag.py
[2024-11-06T13:47:30.992+0000] {processor.py:839} INFO - DAG(s) dict_keys(['example_external_task_marker_parent', 'example_external_task_marker_child']) retrieved from /home/airflow/.local/lib/python3.8/site-packages/airflow/example_dags/example_external_task_marker_dag.py
[2024-11-06T13:47:31.021+0000] {logging_mixin.py:154} INFO - [2024-11-06T13:47:31.020+0000] {dag.py:2941} INFO - Sync 2 DAGs
[2024-11-06T13:47:31.031+0000] {logging_mixin.py:154} INFO - [2024-11-06T13:47:31.030+0000] {dag.py:3722} INFO - Setting next_dagrun for example_external_task_marker_child to None, run_after=None
[2024-11-06T13:47:31.035+0000] {logging_mixin.py:154} INFO - [2024-11-06T13:47:31.035+0000] {dag.py:3722} INFO - Setting next_dagrun for example_external_task_marker_parent to None, run_after=None
[2024-11-06T13:47:31.056+0000] {processor.py:179} INFO - Processing /home/airflow/.local/lib/python3.8/site-packages/airflow/example_dags/example_external_task_marker_dag.py took 0.074 seconds
[2024-11-06T13:55:16.817+0000] {processor.py:157} INFO - Started process (PID=2210) to work on /home/airflow/.local/lib/python3.8/site-packages/airflow/example_dags/example_external_task_marker_dag.py
[2024-11-06T13:55:16.818+0000] {processor.py:829} INFO - Processing file /home/airflow/.local/lib/python3.8/site-packages/airflow/example_dags/example_external_task_marker_dag.py for tasks to queue
[2024-11-06T13:55:16.821+0000] {logging_mixin.py:154} INFO - [2024-11-06T13:55:16.821+0000] {dagbag.py:536} INFO - Filling up the DagBag from /home/airflow/.local/lib/python3.8/site-packages/airflow/example_dags/example_external_task_marker_dag.py
[2024-11-06T13:55:16.828+0000] {processor.py:839} INFO - DAG(s) dict_keys(['example_external_task_marker_parent', 'example_external_task_marker_child']) retrieved from /home/airflow/.local/lib/python3.8/site-packages/airflow/example_dags/example_external_task_marker_dag.py
[2024-11-06T13:55:16.863+0000] {logging_mixin.py:154} INFO - [2024-11-06T13:55:16.863+0000] {dag.py:2941} INFO - Sync 2 DAGs
[2024-11-06T13:55:16.876+0000] {logging_mixin.py:154} INFO - [2024-11-06T13:55:16.876+0000] {dag.py:3722} INFO - Setting next_dagrun for example_external_task_marker_child to None, run_after=None
[2024-11-06T13:55:16.881+0000] {logging_mixin.py:154} INFO - [2024-11-06T13:55:16.881+0000] {dag.py:3722} INFO - Setting next_dagrun for example_external_task_marker_parent to None, run_after=None
[2024-11-06T13:55:16.906+0000] {processor.py:179} INFO - Processing /home/airflow/.local/lib/python3.8/site-packages/airflow/example_dags/example_external_task_marker_dag.py took 0.092 seconds
[2024-11-06T14:00:21.184+0000] {processor.py:157} INFO - Started process (PID=2264) to work on /home/airflow/.local/lib/python3.8/site-packages/airflow/example_dags/example_external_task_marker_dag.py
[2024-11-06T14:00:21.187+0000] {processor.py:829} INFO - Processing file /home/airflow/.local/lib/python3.8/site-packages/airflow/example_dags/example_external_task_marker_dag.py for tasks to queue
[2024-11-06T14:00:21.188+0000] {logging_mixin.py:154} INFO - [2024-11-06T14:00:21.188+0000] {dagbag.py:536} INFO - Filling up the DagBag from /home/airflow/.local/lib/python3.8/site-packages/airflow/example_dags/example_external_task_marker_dag.py
[2024-11-06T14:00:21.191+0000] {processor.py:839} INFO - DAG(s) dict_keys(['example_external_task_marker_child', 'example_external_task_marker_parent']) retrieved from /home/airflow/.local/lib/python3.8/site-packages/airflow/example_dags/example_external_task_marker_dag.py
[2024-11-06T14:00:21.202+0000] {logging_mixin.py:154} INFO - [2024-11-06T14:00:21.202+0000] {dag.py:2941} INFO - Sync 2 DAGs
[2024-11-06T14:00:21.208+0000] {logging_mixin.py:154} INFO - [2024-11-06T14:00:21.208+0000] {dag.py:3722} INFO - Setting next_dagrun for example_external_task_marker_child to None, run_after=None
[2024-11-06T14:00:21.210+0000] {logging_mixin.py:154} INFO - [2024-11-06T14:00:21.210+0000] {dag.py:3722} INFO - Setting next_dagrun for example_external_task_marker_parent to None, run_after=None
[2024-11-06T14:00:21.216+0000] {processor.py:179} INFO - Processing /home/airflow/.local/lib/python3.8/site-packages/airflow/example_dags/example_external_task_marker_dag.py took 0.033 seconds
[2024-11-06T14:05:41.564+0000] {processor.py:157} INFO - Started process (PID=2318) to work on /home/airflow/.local/lib/python3.8/site-packages/airflow/example_dags/example_external_task_marker_dag.py
[2024-11-06T14:05:41.565+0000] {processor.py:829} INFO - Processing file /home/airflow/.local/lib/python3.8/site-packages/airflow/example_dags/example_external_task_marker_dag.py for tasks to queue
[2024-11-06T14:05:41.568+0000] {logging_mixin.py:154} INFO - [2024-11-06T14:05:41.567+0000] {dagbag.py:536} INFO - Filling up the DagBag from /home/airflow/.local/lib/python3.8/site-packages/airflow/example_dags/example_external_task_marker_dag.py
[2024-11-06T14:05:41.574+0000] {processor.py:839} INFO - DAG(s) dict_keys(['example_external_task_marker_child', 'example_external_task_marker_parent']) retrieved from /home/airflow/.local/lib/python3.8/site-packages/airflow/example_dags/example_external_task_marker_dag.py
[2024-11-06T14:05:41.599+0000] {logging_mixin.py:154} INFO - [2024-11-06T14:05:41.598+0000] {dag.py:2941} INFO - Sync 2 DAGs
[2024-11-06T14:05:41.611+0000] {logging_mixin.py:154} INFO - [2024-11-06T14:05:41.611+0000] {dag.py:3722} INFO - Setting next_dagrun for example_external_task_marker_child to None, run_after=None
[2024-11-06T14:05:41.613+0000] {logging_mixin.py:154} INFO - [2024-11-06T14:05:41.613+0000] {dag.py:3722} INFO - Setting next_dagrun for example_external_task_marker_parent to None, run_after=None
[2024-11-06T14:05:41.629+0000] {processor.py:179} INFO - Processing /home/airflow/.local/lib/python3.8/site-packages/airflow/example_dags/example_external_task_marker_dag.py took 0.068 seconds
[2024-11-06T14:09:55.538+0000] {processor.py:157} INFO - Started process (PID=2372) to work on /home/airflow/.local/lib/python3.8/site-packages/airflow/example_dags/example_external_task_marker_dag.py
[2024-11-06T14:09:55.543+0000] {processor.py:829} INFO - Processing file /home/airflow/.local/lib/python3.8/site-packages/airflow/example_dags/example_external_task_marker_dag.py for tasks to queue
[2024-11-06T14:09:55.546+0000] {logging_mixin.py:154} INFO - [2024-11-06T14:09:55.546+0000] {dagbag.py:536} INFO - Filling up the DagBag from /home/airflow/.local/lib/python3.8/site-packages/airflow/example_dags/example_external_task_marker_dag.py
[2024-11-06T14:09:55.557+0000] {processor.py:839} INFO - DAG(s) dict_keys(['example_external_task_marker_child', 'example_external_task_marker_parent']) retrieved from /home/airflow/.local/lib/python3.8/site-packages/airflow/example_dags/example_external_task_marker_dag.py
[2024-11-06T14:09:55.607+0000] {logging_mixin.py:154} INFO - [2024-11-06T14:09:55.606+0000] {dag.py:2941} INFO - Sync 2 DAGs
[2024-11-06T14:09:55.621+0000] {logging_mixin.py:154} INFO - [2024-11-06T14:09:55.620+0000] {dag.py:3722} INFO - Setting next_dagrun for example_external_task_marker_child to None, run_after=None
[2024-11-06T14:09:55.625+0000] {logging_mixin.py:154} INFO - [2024-11-06T14:09:55.625+0000] {dag.py:3722} INFO - Setting next_dagrun for example_external_task_marker_parent to None, run_after=None
[2024-11-06T14:09:55.650+0000] {processor.py:179} INFO - Processing /home/airflow/.local/lib/python3.8/site-packages/airflow/example_dags/example_external_task_marker_dag.py took 0.119 seconds
[2024-11-06T14:16:57.162+0000] {processor.py:157} INFO - Started process (PID=2426) to work on /home/airflow/.local/lib/python3.8/site-packages/airflow/example_dags/example_external_task_marker_dag.py
[2024-11-06T14:16:57.162+0000] {processor.py:829} INFO - Processing file /home/airflow/.local/lib/python3.8/site-packages/airflow/example_dags/example_external_task_marker_dag.py for tasks to queue
[2024-11-06T14:16:57.164+0000] {logging_mixin.py:154} INFO - [2024-11-06T14:16:57.164+0000] {dagbag.py:536} INFO - Filling up the DagBag from /home/airflow/.local/lib/python3.8/site-packages/airflow/example_dags/example_external_task_marker_dag.py
[2024-11-06T14:16:57.167+0000] {processor.py:839} INFO - DAG(s) dict_keys(['example_external_task_marker_child', 'example_external_task_marker_parent']) retrieved from /home/airflow/.local/lib/python3.8/site-packages/airflow/example_dags/example_external_task_marker_dag.py
[2024-11-06T14:16:57.180+0000] {logging_mixin.py:154} INFO - [2024-11-06T14:16:57.180+0000] {dag.py:2941} INFO - Sync 2 DAGs
[2024-11-06T14:16:57.186+0000] {logging_mixin.py:154} INFO - [2024-11-06T14:16:57.186+0000] {dag.py:3722} INFO - Setting next_dagrun for example_external_task_marker_child to None, run_after=None
[2024-11-06T14:16:57.189+0000] {logging_mixin.py:154} INFO - [2024-11-06T14:16:57.189+0000] {dag.py:3722} INFO - Setting next_dagrun for example_external_task_marker_parent to None, run_after=None
[2024-11-06T14:16:57.199+0000] {processor.py:179} INFO - Processing /home/airflow/.local/lib/python3.8/site-packages/airflow/example_dags/example_external_task_marker_dag.py took 0.039 seconds
[2024-11-06T14:23:14.640+0000] {processor.py:157} INFO - Started process (PID=2480) to work on /home/airflow/.local/lib/python3.8/site-packages/airflow/example_dags/example_external_task_marker_dag.py
[2024-11-06T14:23:14.642+0000] {processor.py:829} INFO - Processing file /home/airflow/.local/lib/python3.8/site-packages/airflow/example_dags/example_external_task_marker_dag.py for tasks to queue
[2024-11-06T14:23:14.645+0000] {logging_mixin.py:154} INFO - [2024-11-06T14:23:14.645+0000] {dagbag.py:536} INFO - Filling up the DagBag from /home/airflow/.local/lib/python3.8/site-packages/airflow/example_dags/example_external_task_marker_dag.py
[2024-11-06T14:23:14.652+0000] {processor.py:839} INFO - DAG(s) dict_keys(['example_external_task_marker_parent', 'example_external_task_marker_child']) retrieved from /home/airflow/.local/lib/python3.8/site-packages/airflow/example_dags/example_external_task_marker_dag.py
[2024-11-06T14:23:14.687+0000] {logging_mixin.py:154} INFO - [2024-11-06T14:23:14.687+0000] {dag.py:2941} INFO - Sync 2 DAGs
[2024-11-06T14:23:14.703+0000] {logging_mixin.py:154} INFO - [2024-11-06T14:23:14.703+0000] {dag.py:3722} INFO - Setting next_dagrun for example_external_task_marker_child to None, run_after=None
[2024-11-06T14:23:14.707+0000] {logging_mixin.py:154} INFO - [2024-11-06T14:23:14.707+0000] {dag.py:3722} INFO - Setting next_dagrun for example_external_task_marker_parent to None, run_after=None
[2024-11-06T14:23:14.732+0000] {processor.py:179} INFO - Processing /home/airflow/.local/lib/python3.8/site-packages/airflow/example_dags/example_external_task_marker_dag.py took 0.095 seconds
[2024-11-06T14:31:01.172+0000] {processor.py:157} INFO - Started process (PID=2533) to work on /home/airflow/.local/lib/python3.8/site-packages/airflow/example_dags/example_external_task_marker_dag.py
[2024-11-06T14:31:01.172+0000] {processor.py:829} INFO - Processing file /home/airflow/.local/lib/python3.8/site-packages/airflow/example_dags/example_external_task_marker_dag.py for tasks to queue
[2024-11-06T14:31:01.174+0000] {logging_mixin.py:154} INFO - [2024-11-06T14:31:01.174+0000] {dagbag.py:536} INFO - Filling up the DagBag from /home/airflow/.local/lib/python3.8/site-packages/airflow/example_dags/example_external_task_marker_dag.py
[2024-11-06T14:31:01.177+0000] {processor.py:839} INFO - DAG(s) dict_keys(['example_external_task_marker_parent', 'example_external_task_marker_child']) retrieved from /home/airflow/.local/lib/python3.8/site-packages/airflow/example_dags/example_external_task_marker_dag.py
[2024-11-06T14:31:01.195+0000] {logging_mixin.py:154} INFO - [2024-11-06T14:31:01.195+0000] {dag.py:2941} INFO - Sync 2 DAGs
[2024-11-06T14:31:01.201+0000] {logging_mixin.py:154} INFO - [2024-11-06T14:31:01.201+0000] {dag.py:3722} INFO - Setting next_dagrun for example_external_task_marker_child to None, run_after=None
[2024-11-06T14:31:01.203+0000] {logging_mixin.py:154} INFO - [2024-11-06T14:31:01.203+0000] {dag.py:3722} INFO - Setting next_dagrun for example_external_task_marker_parent to None, run_after=None
[2024-11-06T14:31:01.215+0000] {processor.py:179} INFO - Processing /home/airflow/.local/lib/python3.8/site-packages/airflow/example_dags/example_external_task_marker_dag.py took 0.045 seconds
[2024-11-06T14:36:35.968+0000] {processor.py:157} INFO - Started process (PID=2586) to work on /home/airflow/.local/lib/python3.8/site-packages/airflow/example_dags/example_external_task_marker_dag.py
[2024-11-06T14:36:35.969+0000] {processor.py:829} INFO - Processing file /home/airflow/.local/lib/python3.8/site-packages/airflow/example_dags/example_external_task_marker_dag.py for tasks to queue
[2024-11-06T14:36:35.971+0000] {logging_mixin.py:154} INFO - [2024-11-06T14:36:35.971+0000] {dagbag.py:536} INFO - Filling up the DagBag from /home/airflow/.local/lib/python3.8/site-packages/airflow/example_dags/example_external_task_marker_dag.py
[2024-11-06T14:36:35.977+0000] {processor.py:839} INFO - DAG(s) dict_keys(['example_external_task_marker_parent', 'example_external_task_marker_child']) retrieved from /home/airflow/.local/lib/python3.8/site-packages/airflow/example_dags/example_external_task_marker_dag.py
[2024-11-06T14:36:36.006+0000] {logging_mixin.py:154} INFO - [2024-11-06T14:36:36.005+0000] {dag.py:2941} INFO - Sync 2 DAGs
[2024-11-06T14:36:36.018+0000] {logging_mixin.py:154} INFO - [2024-11-06T14:36:36.018+0000] {dag.py:3722} INFO - Setting next_dagrun for example_external_task_marker_child to None, run_after=None
[2024-11-06T14:36:36.022+0000] {logging_mixin.py:154} INFO - [2024-11-06T14:36:36.022+0000] {dag.py:3722} INFO - Setting next_dagrun for example_external_task_marker_parent to None, run_after=None
[2024-11-06T14:36:36.039+0000] {processor.py:179} INFO - Processing /home/airflow/.local/lib/python3.8/site-packages/airflow/example_dags/example_external_task_marker_dag.py took 0.075 seconds
[2024-11-06T15:02:52.038+0000] {processor.py:157} INFO - Started process (PID=2640) to work on /home/airflow/.local/lib/python3.8/site-packages/airflow/example_dags/example_external_task_marker_dag.py
[2024-11-06T15:02:52.041+0000] {processor.py:829} INFO - Processing file /home/airflow/.local/lib/python3.8/site-packages/airflow/example_dags/example_external_task_marker_dag.py for tasks to queue
[2024-11-06T15:02:52.042+0000] {logging_mixin.py:154} INFO - [2024-11-06T15:02:52.042+0000] {dagbag.py:536} INFO - Filling up the DagBag from /home/airflow/.local/lib/python3.8/site-packages/airflow/example_dags/example_external_task_marker_dag.py
[2024-11-06T15:02:52.045+0000] {processor.py:839} INFO - DAG(s) dict_keys(['example_external_task_marker_child', 'example_external_task_marker_parent']) retrieved from /home/airflow/.local/lib/python3.8/site-packages/airflow/example_dags/example_external_task_marker_dag.py
[2024-11-06T15:02:52.059+0000] {logging_mixin.py:154} INFO - [2024-11-06T15:02:52.059+0000] {dag.py:2941} INFO - Sync 2 DAGs
[2024-11-06T15:02:52.065+0000] {logging_mixin.py:154} INFO - [2024-11-06T15:02:52.065+0000] {dag.py:3722} INFO - Setting next_dagrun for example_external_task_marker_child to None, run_after=None
[2024-11-06T15:02:52.066+0000] {logging_mixin.py:154} INFO - [2024-11-06T15:02:52.066+0000] {dag.py:3722} INFO - Setting next_dagrun for example_external_task_marker_parent to None, run_after=None
[2024-11-06T15:02:52.072+0000] {processor.py:179} INFO - Processing /home/airflow/.local/lib/python3.8/site-packages/airflow/example_dags/example_external_task_marker_dag.py took 0.036 seconds
[2024-11-06T15:37:16.507+0000] {processor.py:157} INFO - Started process (PID=2694) to work on /home/airflow/.local/lib/python3.8/site-packages/airflow/example_dags/example_external_task_marker_dag.py
[2024-11-06T15:37:16.510+0000] {processor.py:829} INFO - Processing file /home/airflow/.local/lib/python3.8/site-packages/airflow/example_dags/example_external_task_marker_dag.py for tasks to queue
[2024-11-06T15:37:16.512+0000] {logging_mixin.py:154} INFO - [2024-11-06T15:37:16.512+0000] {dagbag.py:536} INFO - Filling up the DagBag from /home/airflow/.local/lib/python3.8/site-packages/airflow/example_dags/example_external_task_marker_dag.py
[2024-11-06T15:37:16.518+0000] {processor.py:839} INFO - DAG(s) dict_keys(['example_external_task_marker_child', 'example_external_task_marker_parent']) retrieved from /home/airflow/.local/lib/python3.8/site-packages/airflow/example_dags/example_external_task_marker_dag.py
[2024-11-06T15:37:16.541+0000] {logging_mixin.py:154} INFO - [2024-11-06T15:37:16.541+0000] {dag.py:2941} INFO - Sync 2 DAGs
[2024-11-06T15:37:16.550+0000] {logging_mixin.py:154} INFO - [2024-11-06T15:37:16.549+0000] {dag.py:3722} INFO - Setting next_dagrun for example_external_task_marker_child to None, run_after=None
[2024-11-06T15:37:16.553+0000] {logging_mixin.py:154} INFO - [2024-11-06T15:37:16.553+0000] {dag.py:3722} INFO - Setting next_dagrun for example_external_task_marker_parent to None, run_after=None
[2024-11-06T15:37:16.570+0000] {processor.py:179} INFO - Processing /home/airflow/.local/lib/python3.8/site-packages/airflow/example_dags/example_external_task_marker_dag.py took 0.067 seconds
[2024-11-06T15:48:08.985+0000] {processor.py:157} INFO - Started process (PID=2748) to work on /home/airflow/.local/lib/python3.8/site-packages/airflow/example_dags/example_external_task_marker_dag.py
[2024-11-06T15:48:08.986+0000] {processor.py:829} INFO - Processing file /home/airflow/.local/lib/python3.8/site-packages/airflow/example_dags/example_external_task_marker_dag.py for tasks to queue
[2024-11-06T15:48:08.987+0000] {logging_mixin.py:154} INFO - [2024-11-06T15:48:08.987+0000] {dagbag.py:536} INFO - Filling up the DagBag from /home/airflow/.local/lib/python3.8/site-packages/airflow/example_dags/example_external_task_marker_dag.py
[2024-11-06T15:48:08.989+0000] {processor.py:839} INFO - DAG(s) dict_keys(['example_external_task_marker_parent', 'example_external_task_marker_child']) retrieved from /home/airflow/.local/lib/python3.8/site-packages/airflow/example_dags/example_external_task_marker_dag.py
[2024-11-06T15:48:09.001+0000] {logging_mixin.py:154} INFO - [2024-11-06T15:48:09.001+0000] {dag.py:2941} INFO - Sync 2 DAGs
[2024-11-06T15:48:09.007+0000] {logging_mixin.py:154} INFO - [2024-11-06T15:48:09.007+0000] {dag.py:3722} INFO - Setting next_dagrun for example_external_task_marker_child to None, run_after=None
[2024-11-06T15:48:09.009+0000] {logging_mixin.py:154} INFO - [2024-11-06T15:48:09.009+0000] {dag.py:3722} INFO - Setting next_dagrun for example_external_task_marker_parent to None, run_after=None
[2024-11-06T15:48:09.020+0000] {processor.py:179} INFO - Processing /home/airflow/.local/lib/python3.8/site-packages/airflow/example_dags/example_external_task_marker_dag.py took 0.036 seconds
[2024-11-06T16:49:02.665+0000] {processor.py:157} INFO - Started process (PID=2802) to work on /home/airflow/.local/lib/python3.8/site-packages/airflow/example_dags/example_external_task_marker_dag.py
[2024-11-06T16:49:02.671+0000] {processor.py:829} INFO - Processing file /home/airflow/.local/lib/python3.8/site-packages/airflow/example_dags/example_external_task_marker_dag.py for tasks to queue
[2024-11-06T16:49:02.675+0000] {logging_mixin.py:154} INFO - [2024-11-06T16:49:02.674+0000] {dagbag.py:536} INFO - Filling up the DagBag from /home/airflow/.local/lib/python3.8/site-packages/airflow/example_dags/example_external_task_marker_dag.py
[2024-11-06T16:49:02.686+0000] {processor.py:839} INFO - DAG(s) dict_keys(['example_external_task_marker_child', 'example_external_task_marker_parent']) retrieved from /home/airflow/.local/lib/python3.8/site-packages/airflow/example_dags/example_external_task_marker_dag.py
[2024-11-06T16:49:02.724+0000] {logging_mixin.py:154} INFO - [2024-11-06T16:49:02.724+0000] {dag.py:2941} INFO - Sync 2 DAGs
[2024-11-06T16:49:02.750+0000] {logging_mixin.py:154} INFO - [2024-11-06T16:49:02.749+0000] {dag.py:3722} INFO - Setting next_dagrun for example_external_task_marker_child to None, run_after=None
[2024-11-06T16:49:02.754+0000] {logging_mixin.py:154} INFO - [2024-11-06T16:49:02.754+0000] {dag.py:3722} INFO - Setting next_dagrun for example_external_task_marker_parent to None, run_after=None
[2024-11-06T16:49:02.784+0000] {processor.py:179} INFO - Processing /home/airflow/.local/lib/python3.8/site-packages/airflow/example_dags/example_external_task_marker_dag.py took 0.128 seconds
[2024-11-06T16:49:56.174+0000] {processor.py:157} INFO - Started process (PID=2856) to work on /home/airflow/.local/lib/python3.8/site-packages/airflow/example_dags/example_external_task_marker_dag.py
[2024-11-06T16:49:56.175+0000] {processor.py:829} INFO - Processing file /home/airflow/.local/lib/python3.8/site-packages/airflow/example_dags/example_external_task_marker_dag.py for tasks to queue
[2024-11-06T16:49:56.176+0000] {logging_mixin.py:154} INFO - [2024-11-06T16:49:56.175+0000] {dagbag.py:536} INFO - Filling up the DagBag from /home/airflow/.local/lib/python3.8/site-packages/airflow/example_dags/example_external_task_marker_dag.py
[2024-11-06T16:49:56.178+0000] {processor.py:839} INFO - DAG(s) dict_keys(['example_external_task_marker_parent', 'example_external_task_marker_child']) retrieved from /home/airflow/.local/lib/python3.8/site-packages/airflow/example_dags/example_external_task_marker_dag.py
[2024-11-06T16:49:56.189+0000] {logging_mixin.py:154} INFO - [2024-11-06T16:49:56.189+0000] {dag.py:2941} INFO - Sync 2 DAGs
[2024-11-06T16:49:56.194+0000] {logging_mixin.py:154} INFO - [2024-11-06T16:49:56.194+0000] {dag.py:3722} INFO - Setting next_dagrun for example_external_task_marker_child to None, run_after=None
[2024-11-06T16:49:56.196+0000] {logging_mixin.py:154} INFO - [2024-11-06T16:49:56.196+0000] {dag.py:3722} INFO - Setting next_dagrun for example_external_task_marker_parent to None, run_after=None
[2024-11-06T16:49:56.207+0000] {processor.py:179} INFO - Processing /home/airflow/.local/lib/python3.8/site-packages/airflow/example_dags/example_external_task_marker_dag.py took 0.035 seconds
[2024-11-06T17:40:07.417+0000] {processor.py:157} INFO - Started process (PID=2910) to work on /home/airflow/.local/lib/python3.8/site-packages/airflow/example_dags/example_external_task_marker_dag.py
[2024-11-06T17:40:07.418+0000] {processor.py:829} INFO - Processing file /home/airflow/.local/lib/python3.8/site-packages/airflow/example_dags/example_external_task_marker_dag.py for tasks to queue
[2024-11-06T17:40:07.420+0000] {logging_mixin.py:154} INFO - [2024-11-06T17:40:07.420+0000] {dagbag.py:536} INFO - Filling up the DagBag from /home/airflow/.local/lib/python3.8/site-packages/airflow/example_dags/example_external_task_marker_dag.py
[2024-11-06T17:40:07.427+0000] {processor.py:839} INFO - DAG(s) dict_keys(['example_external_task_marker_child', 'example_external_task_marker_parent']) retrieved from /home/airflow/.local/lib/python3.8/site-packages/airflow/example_dags/example_external_task_marker_dag.py
[2024-11-06T17:40:07.456+0000] {logging_mixin.py:154} INFO - [2024-11-06T17:40:07.455+0000] {dag.py:2941} INFO - Sync 2 DAGs
[2024-11-06T17:40:07.466+0000] {logging_mixin.py:154} INFO - [2024-11-06T17:40:07.466+0000] {dag.py:3722} INFO - Setting next_dagrun for example_external_task_marker_child to None, run_after=None
[2024-11-06T17:40:07.471+0000] {logging_mixin.py:154} INFO - [2024-11-06T17:40:07.470+0000] {dag.py:3722} INFO - Setting next_dagrun for example_external_task_marker_parent to None, run_after=None
[2024-11-06T17:40:07.492+0000] {processor.py:179} INFO - Processing /home/airflow/.local/lib/python3.8/site-packages/airflow/example_dags/example_external_task_marker_dag.py took 0.078 seconds
[2024-11-06T18:40:20.066+0000] {processor.py:157} INFO - Started process (PID=2964) to work on /home/airflow/.local/lib/python3.8/site-packages/airflow/example_dags/example_external_task_marker_dag.py
[2024-11-06T18:40:20.068+0000] {processor.py:829} INFO - Processing file /home/airflow/.local/lib/python3.8/site-packages/airflow/example_dags/example_external_task_marker_dag.py for tasks to queue
[2024-11-06T18:40:20.071+0000] {logging_mixin.py:154} INFO - [2024-11-06T18:40:20.071+0000] {dagbag.py:536} INFO - Filling up the DagBag from /home/airflow/.local/lib/python3.8/site-packages/airflow/example_dags/example_external_task_marker_dag.py
[2024-11-06T18:40:20.075+0000] {processor.py:839} INFO - DAG(s) dict_keys(['example_external_task_marker_parent', 'example_external_task_marker_child']) retrieved from /home/airflow/.local/lib/python3.8/site-packages/airflow/example_dags/example_external_task_marker_dag.py
[2024-11-06T18:40:20.099+0000] {logging_mixin.py:154} INFO - [2024-11-06T18:40:20.099+0000] {dag.py:2941} INFO - Sync 2 DAGs
[2024-11-06T18:40:20.107+0000] {logging_mixin.py:154} INFO - [2024-11-06T18:40:20.107+0000] {dag.py:3722} INFO - Setting next_dagrun for example_external_task_marker_child to None, run_after=None
[2024-11-06T18:40:20.112+0000] {logging_mixin.py:154} INFO - [2024-11-06T18:40:20.112+0000] {dag.py:3722} INFO - Setting next_dagrun for example_external_task_marker_parent to None, run_after=None
[2024-11-06T18:40:20.131+0000] {processor.py:179} INFO - Processing /home/airflow/.local/lib/python3.8/site-packages/airflow/example_dags/example_external_task_marker_dag.py took 0.068 seconds
[2024-11-06T19:56:54.321+0000] {processor.py:157} INFO - Started process (PID=3018) to work on /home/airflow/.local/lib/python3.8/site-packages/airflow/example_dags/example_external_task_marker_dag.py
[2024-11-06T19:56:54.321+0000] {processor.py:829} INFO - Processing file /home/airflow/.local/lib/python3.8/site-packages/airflow/example_dags/example_external_task_marker_dag.py for tasks to queue
[2024-11-06T19:56:54.322+0000] {logging_mixin.py:154} INFO - [2024-11-06T19:56:54.322+0000] {dagbag.py:536} INFO - Filling up the DagBag from /home/airflow/.local/lib/python3.8/site-packages/airflow/example_dags/example_external_task_marker_dag.py
[2024-11-06T19:56:54.325+0000] {processor.py:839} INFO - DAG(s) dict_keys(['example_external_task_marker_parent', 'example_external_task_marker_child']) retrieved from /home/airflow/.local/lib/python3.8/site-packages/airflow/example_dags/example_external_task_marker_dag.py
[2024-11-06T19:56:54.335+0000] {logging_mixin.py:154} INFO - [2024-11-06T19:56:54.335+0000] {dag.py:2941} INFO - Sync 2 DAGs
[2024-11-06T19:56:54.340+0000] {logging_mixin.py:154} INFO - [2024-11-06T19:56:54.340+0000] {dag.py:3722} INFO - Setting next_dagrun for example_external_task_marker_child to None, run_after=None
[2024-11-06T19:56:54.342+0000] {logging_mixin.py:154} INFO - [2024-11-06T19:56:54.342+0000] {dag.py:3722} INFO - Setting next_dagrun for example_external_task_marker_parent to None, run_after=None
[2024-11-06T19:56:54.347+0000] {processor.py:179} INFO - Processing /home/airflow/.local/lib/python3.8/site-packages/airflow/example_dags/example_external_task_marker_dag.py took 0.028 seconds
[2024-11-06T20:41:40.606+0000] {processor.py:157} INFO - Started process (PID=3072) to work on /home/airflow/.local/lib/python3.8/site-packages/airflow/example_dags/example_external_task_marker_dag.py
[2024-11-06T20:41:40.607+0000] {processor.py:829} INFO - Processing file /home/airflow/.local/lib/python3.8/site-packages/airflow/example_dags/example_external_task_marker_dag.py for tasks to queue
[2024-11-06T20:41:40.610+0000] {logging_mixin.py:154} INFO - [2024-11-06T20:41:40.610+0000] {dagbag.py:536} INFO - Filling up the DagBag from /home/airflow/.local/lib/python3.8/site-packages/airflow/example_dags/example_external_task_marker_dag.py
[2024-11-06T20:41:40.619+0000] {processor.py:839} INFO - DAG(s) dict_keys(['example_external_task_marker_child', 'example_external_task_marker_parent']) retrieved from /home/airflow/.local/lib/python3.8/site-packages/airflow/example_dags/example_external_task_marker_dag.py
[2024-11-06T20:41:40.682+0000] {logging_mixin.py:154} INFO - [2024-11-06T20:41:40.682+0000] {dag.py:2941} INFO - Sync 2 DAGs
[2024-11-06T20:41:40.690+0000] {logging_mixin.py:154} INFO - [2024-11-06T20:41:40.690+0000] {dag.py:3722} INFO - Setting next_dagrun for example_external_task_marker_child to None, run_after=None
[2024-11-06T20:41:40.694+0000] {logging_mixin.py:154} INFO - [2024-11-06T20:41:40.694+0000] {dag.py:3722} INFO - Setting next_dagrun for example_external_task_marker_parent to None, run_after=None
[2024-11-06T20:41:40.723+0000] {processor.py:179} INFO - Processing /home/airflow/.local/lib/python3.8/site-packages/airflow/example_dags/example_external_task_marker_dag.py took 0.120 seconds
[2024-11-06T22:09:49.722+0000] {processor.py:157} INFO - Started process (PID=3126) to work on /home/airflow/.local/lib/python3.8/site-packages/airflow/example_dags/example_external_task_marker_dag.py
[2024-11-06T22:09:49.726+0000] {processor.py:829} INFO - Processing file /home/airflow/.local/lib/python3.8/site-packages/airflow/example_dags/example_external_task_marker_dag.py for tasks to queue
[2024-11-06T22:09:49.728+0000] {logging_mixin.py:154} INFO - [2024-11-06T22:09:49.728+0000] {dagbag.py:536} INFO - Filling up the DagBag from /home/airflow/.local/lib/python3.8/site-packages/airflow/example_dags/example_external_task_marker_dag.py
[2024-11-06T22:09:49.731+0000] {processor.py:839} INFO - DAG(s) dict_keys(['example_external_task_marker_child', 'example_external_task_marker_parent']) retrieved from /home/airflow/.local/lib/python3.8/site-packages/airflow/example_dags/example_external_task_marker_dag.py
[2024-11-06T22:09:49.747+0000] {logging_mixin.py:154} INFO - [2024-11-06T22:09:49.747+0000] {dag.py:2941} INFO - Sync 2 DAGs
[2024-11-06T22:09:49.753+0000] {logging_mixin.py:154} INFO - [2024-11-06T22:09:49.753+0000] {dag.py:3722} INFO - Setting next_dagrun for example_external_task_marker_child to None, run_after=None
[2024-11-06T22:09:49.756+0000] {logging_mixin.py:154} INFO - [2024-11-06T22:09:49.756+0000] {dag.py:3722} INFO - Setting next_dagrun for example_external_task_marker_parent to None, run_after=None
[2024-11-06T22:09:49.766+0000] {processor.py:179} INFO - Processing /home/airflow/.local/lib/python3.8/site-packages/airflow/example_dags/example_external_task_marker_dag.py took 0.045 seconds
[2024-11-06T23:10:56.106+0000] {processor.py:157} INFO - Started process (PID=3180) to work on /home/airflow/.local/lib/python3.8/site-packages/airflow/example_dags/example_external_task_marker_dag.py
[2024-11-06T23:10:56.115+0000] {processor.py:829} INFO - Processing file /home/airflow/.local/lib/python3.8/site-packages/airflow/example_dags/example_external_task_marker_dag.py for tasks to queue
[2024-11-06T23:10:56.125+0000] {logging_mixin.py:154} INFO - [2024-11-06T23:10:56.125+0000] {dagbag.py:536} INFO - Filling up the DagBag from /home/airflow/.local/lib/python3.8/site-packages/airflow/example_dags/example_external_task_marker_dag.py
[2024-11-06T23:10:56.130+0000] {processor.py:839} INFO - DAG(s) dict_keys(['example_external_task_marker_child', 'example_external_task_marker_parent']) retrieved from /home/airflow/.local/lib/python3.8/site-packages/airflow/example_dags/example_external_task_marker_dag.py
[2024-11-06T23:10:56.154+0000] {logging_mixin.py:154} INFO - [2024-11-06T23:10:56.154+0000] {dag.py:2941} INFO - Sync 2 DAGs
[2024-11-06T23:10:56.168+0000] {logging_mixin.py:154} INFO - [2024-11-06T23:10:56.168+0000] {dag.py:3722} INFO - Setting next_dagrun for example_external_task_marker_child to None, run_after=None
[2024-11-06T23:10:56.176+0000] {logging_mixin.py:154} INFO - [2024-11-06T23:10:56.176+0000] {dag.py:3722} INFO - Setting next_dagrun for example_external_task_marker_parent to None, run_after=None
[2024-11-06T23:10:56.214+0000] {processor.py:179} INFO - Processing /home/airflow/.local/lib/python3.8/site-packages/airflow/example_dags/example_external_task_marker_dag.py took 0.111 seconds
[2024-11-06T23:49:20.552+0000] {processor.py:157} INFO - Started process (PID=3234) to work on /home/airflow/.local/lib/python3.8/site-packages/airflow/example_dags/example_external_task_marker_dag.py
[2024-11-06T23:49:20.554+0000] {processor.py:829} INFO - Processing file /home/airflow/.local/lib/python3.8/site-packages/airflow/example_dags/example_external_task_marker_dag.py for tasks to queue
[2024-11-06T23:49:20.558+0000] {logging_mixin.py:154} INFO - [2024-11-06T23:49:20.557+0000] {dagbag.py:536} INFO - Filling up the DagBag from /home/airflow/.local/lib/python3.8/site-packages/airflow/example_dags/example_external_task_marker_dag.py
[2024-11-06T23:49:20.566+0000] {processor.py:839} INFO - DAG(s) dict_keys(['example_external_task_marker_parent', 'example_external_task_marker_child']) retrieved from /home/airflow/.local/lib/python3.8/site-packages/airflow/example_dags/example_external_task_marker_dag.py
[2024-11-06T23:49:20.604+0000] {logging_mixin.py:154} INFO - [2024-11-06T23:49:20.604+0000] {dag.py:2941} INFO - Sync 2 DAGs
[2024-11-06T23:49:20.619+0000] {logging_mixin.py:154} INFO - [2024-11-06T23:49:20.618+0000] {dag.py:3722} INFO - Setting next_dagrun for example_external_task_marker_child to None, run_after=None
[2024-11-06T23:49:20.622+0000] {logging_mixin.py:154} INFO - [2024-11-06T23:49:20.621+0000] {dag.py:3722} INFO - Setting next_dagrun for example_external_task_marker_parent to None, run_after=None
[2024-11-06T23:49:20.651+0000] {processor.py:179} INFO - Processing /home/airflow/.local/lib/python3.8/site-packages/airflow/example_dags/example_external_task_marker_dag.py took 0.105 seconds
