[2024-11-06T08:43:19.615+0000] {processor.py:157} INFO - Started process (PID=67) to work on /home/airflow/.local/lib/python3.8/site-packages/airflow/example_dags/example_params_ui_tutorial.py
[2024-11-06T08:43:19.616+0000] {processor.py:829} INFO - Processing file /home/airflow/.local/lib/python3.8/site-packages/airflow/example_dags/example_params_ui_tutorial.py for tasks to queue
[2024-11-06T08:43:19.619+0000] {logging_mixin.py:154} INFO - [2024-11-06T08:43:19.619+0000] {dagbag.py:536} INFO - Filling up the DagBag from /home/airflow/.local/lib/python3.8/site-packages/airflow/example_dags/example_params_ui_tutorial.py
[2024-11-06T08:43:19.641+0000] {processor.py:839} INFO - DAG(s) dict_keys(['example_params_ui_tutorial']) retrieved from /home/airflow/.local/lib/python3.8/site-packages/airflow/example_dags/example_params_ui_tutorial.py
[2024-11-06T08:43:19.656+0000] {logging_mixin.py:154} INFO - [2024-11-06T08:43:19.655+0000] {dag.py:2941} INFO - Sync 1 DAGs
[2024-11-06T08:43:19.666+0000] {logging_mixin.py:154} INFO - [2024-11-06T08:43:19.666+0000] {dag.py:3722} INFO - Setting next_dagrun for example_params_ui_tutorial to None, run_after=None
[2024-11-06T08:43:19.688+0000] {processor.py:179} INFO - Processing /home/airflow/.local/lib/python3.8/site-packages/airflow/example_dags/example_params_ui_tutorial.py took 0.075 seconds
[2024-11-06T08:43:49.896+0000] {processor.py:157} INFO - Started process (PID=121) to work on /home/airflow/.local/lib/python3.8/site-packages/airflow/example_dags/example_params_ui_tutorial.py
[2024-11-06T08:43:49.897+0000] {processor.py:829} INFO - Processing file /home/airflow/.local/lib/python3.8/site-packages/airflow/example_dags/example_params_ui_tutorial.py for tasks to queue
[2024-11-06T08:43:49.899+0000] {logging_mixin.py:154} INFO - [2024-11-06T08:43:49.898+0000] {dagbag.py:536} INFO - Filling up the DagBag from /home/airflow/.local/lib/python3.8/site-packages/airflow/example_dags/example_params_ui_tutorial.py
[2024-11-06T08:43:49.915+0000] {processor.py:839} INFO - DAG(s) dict_keys(['example_params_ui_tutorial']) retrieved from /home/airflow/.local/lib/python3.8/site-packages/airflow/example_dags/example_params_ui_tutorial.py
[2024-11-06T08:43:49.937+0000] {logging_mixin.py:154} INFO - [2024-11-06T08:43:49.937+0000] {dag.py:2941} INFO - Sync 1 DAGs
[2024-11-06T08:43:49.950+0000] {logging_mixin.py:154} INFO - [2024-11-06T08:43:49.949+0000] {dag.py:3722} INFO - Setting next_dagrun for example_params_ui_tutorial to None, run_after=None
[2024-11-06T08:43:49.968+0000] {processor.py:179} INFO - Processing /home/airflow/.local/lib/python3.8/site-packages/airflow/example_dags/example_params_ui_tutorial.py took 0.073 seconds
[2024-11-06T08:44:20.302+0000] {processor.py:157} INFO - Started process (PID=175) to work on /home/airflow/.local/lib/python3.8/site-packages/airflow/example_dags/example_params_ui_tutorial.py
[2024-11-06T08:44:20.303+0000] {processor.py:829} INFO - Processing file /home/airflow/.local/lib/python3.8/site-packages/airflow/example_dags/example_params_ui_tutorial.py for tasks to queue
[2024-11-06T08:44:20.304+0000] {logging_mixin.py:154} INFO - [2024-11-06T08:44:20.304+0000] {dagbag.py:536} INFO - Filling up the DagBag from /home/airflow/.local/lib/python3.8/site-packages/airflow/example_dags/example_params_ui_tutorial.py
[2024-11-06T08:44:20.320+0000] {processor.py:839} INFO - DAG(s) dict_keys(['example_params_ui_tutorial']) retrieved from /home/airflow/.local/lib/python3.8/site-packages/airflow/example_dags/example_params_ui_tutorial.py
[2024-11-06T08:44:20.343+0000] {logging_mixin.py:154} INFO - [2024-11-06T08:44:20.343+0000] {dag.py:2941} INFO - Sync 1 DAGs
[2024-11-06T08:44:20.349+0000] {logging_mixin.py:154} INFO - [2024-11-06T08:44:20.349+0000] {dag.py:3722} INFO - Setting next_dagrun for example_params_ui_tutorial to None, run_after=None
[2024-11-06T08:44:20.360+0000] {processor.py:179} INFO - Processing /home/airflow/.local/lib/python3.8/site-packages/airflow/example_dags/example_params_ui_tutorial.py took 0.059 seconds
[2024-11-06T08:44:50.645+0000] {processor.py:157} INFO - Started process (PID=229) to work on /home/airflow/.local/lib/python3.8/site-packages/airflow/example_dags/example_params_ui_tutorial.py
[2024-11-06T08:44:50.646+0000] {processor.py:829} INFO - Processing file /home/airflow/.local/lib/python3.8/site-packages/airflow/example_dags/example_params_ui_tutorial.py for tasks to queue
[2024-11-06T08:44:50.647+0000] {logging_mixin.py:154} INFO - [2024-11-06T08:44:50.647+0000] {dagbag.py:536} INFO - Filling up the DagBag from /home/airflow/.local/lib/python3.8/site-packages/airflow/example_dags/example_params_ui_tutorial.py
[2024-11-06T08:44:50.663+0000] {processor.py:839} INFO - DAG(s) dict_keys(['example_params_ui_tutorial']) retrieved from /home/airflow/.local/lib/python3.8/site-packages/airflow/example_dags/example_params_ui_tutorial.py
[2024-11-06T08:44:50.685+0000] {logging_mixin.py:154} INFO - [2024-11-06T08:44:50.685+0000] {dag.py:2941} INFO - Sync 1 DAGs
[2024-11-06T08:44:50.690+0000] {logging_mixin.py:154} INFO - [2024-11-06T08:44:50.690+0000] {dag.py:3722} INFO - Setting next_dagrun for example_params_ui_tutorial to None, run_after=None
[2024-11-06T08:44:50.697+0000] {processor.py:179} INFO - Processing /home/airflow/.local/lib/python3.8/site-packages/airflow/example_dags/example_params_ui_tutorial.py took 0.053 seconds
[2024-11-06T08:45:21.013+0000] {processor.py:157} INFO - Started process (PID=283) to work on /home/airflow/.local/lib/python3.8/site-packages/airflow/example_dags/example_params_ui_tutorial.py
[2024-11-06T08:45:21.016+0000] {processor.py:829} INFO - Processing file /home/airflow/.local/lib/python3.8/site-packages/airflow/example_dags/example_params_ui_tutorial.py for tasks to queue
[2024-11-06T08:45:21.017+0000] {logging_mixin.py:154} INFO - [2024-11-06T08:45:21.016+0000] {dagbag.py:536} INFO - Filling up the DagBag from /home/airflow/.local/lib/python3.8/site-packages/airflow/example_dags/example_params_ui_tutorial.py
[2024-11-06T08:45:21.031+0000] {processor.py:839} INFO - DAG(s) dict_keys(['example_params_ui_tutorial']) retrieved from /home/airflow/.local/lib/python3.8/site-packages/airflow/example_dags/example_params_ui_tutorial.py
[2024-11-06T08:45:21.053+0000] {logging_mixin.py:154} INFO - [2024-11-06T08:45:21.053+0000] {dag.py:2941} INFO - Sync 1 DAGs
[2024-11-06T08:45:21.059+0000] {logging_mixin.py:154} INFO - [2024-11-06T08:45:21.059+0000] {dag.py:3722} INFO - Setting next_dagrun for example_params_ui_tutorial to None, run_after=None
[2024-11-06T08:45:21.065+0000] {processor.py:179} INFO - Processing /home/airflow/.local/lib/python3.8/site-packages/airflow/example_dags/example_params_ui_tutorial.py took 0.054 seconds
[2024-11-06T08:45:51.421+0000] {processor.py:157} INFO - Started process (PID=337) to work on /home/airflow/.local/lib/python3.8/site-packages/airflow/example_dags/example_params_ui_tutorial.py
[2024-11-06T08:45:51.425+0000] {processor.py:829} INFO - Processing file /home/airflow/.local/lib/python3.8/site-packages/airflow/example_dags/example_params_ui_tutorial.py for tasks to queue
[2024-11-06T08:45:51.426+0000] {logging_mixin.py:154} INFO - [2024-11-06T08:45:51.426+0000] {dagbag.py:536} INFO - Filling up the DagBag from /home/airflow/.local/lib/python3.8/site-packages/airflow/example_dags/example_params_ui_tutorial.py
[2024-11-06T08:45:51.442+0000] {processor.py:839} INFO - DAG(s) dict_keys(['example_params_ui_tutorial']) retrieved from /home/airflow/.local/lib/python3.8/site-packages/airflow/example_dags/example_params_ui_tutorial.py
[2024-11-06T08:45:51.463+0000] {logging_mixin.py:154} INFO - [2024-11-06T08:45:51.463+0000] {dag.py:2941} INFO - Sync 1 DAGs
[2024-11-06T08:45:51.469+0000] {logging_mixin.py:154} INFO - [2024-11-06T08:45:51.469+0000] {dag.py:3722} INFO - Setting next_dagrun for example_params_ui_tutorial to None, run_after=None
[2024-11-06T08:45:51.482+0000] {processor.py:179} INFO - Processing /home/airflow/.local/lib/python3.8/site-packages/airflow/example_dags/example_params_ui_tutorial.py took 0.062 seconds
[2024-11-06T08:46:21.830+0000] {processor.py:157} INFO - Started process (PID=391) to work on /home/airflow/.local/lib/python3.8/site-packages/airflow/example_dags/example_params_ui_tutorial.py
[2024-11-06T08:46:21.832+0000] {processor.py:829} INFO - Processing file /home/airflow/.local/lib/python3.8/site-packages/airflow/example_dags/example_params_ui_tutorial.py for tasks to queue
[2024-11-06T08:46:21.834+0000] {logging_mixin.py:154} INFO - [2024-11-06T08:46:21.834+0000] {dagbag.py:536} INFO - Filling up the DagBag from /home/airflow/.local/lib/python3.8/site-packages/airflow/example_dags/example_params_ui_tutorial.py
[2024-11-06T08:46:21.849+0000] {processor.py:839} INFO - DAG(s) dict_keys(['example_params_ui_tutorial']) retrieved from /home/airflow/.local/lib/python3.8/site-packages/airflow/example_dags/example_params_ui_tutorial.py
[2024-11-06T08:46:21.870+0000] {logging_mixin.py:154} INFO - [2024-11-06T08:46:21.870+0000] {dag.py:2941} INFO - Sync 1 DAGs
[2024-11-06T08:46:21.876+0000] {logging_mixin.py:154} INFO - [2024-11-06T08:46:21.876+0000] {dag.py:3722} INFO - Setting next_dagrun for example_params_ui_tutorial to None, run_after=None
[2024-11-06T08:46:21.884+0000] {processor.py:179} INFO - Processing /home/airflow/.local/lib/python3.8/site-packages/airflow/example_dags/example_params_ui_tutorial.py took 0.055 seconds
[2024-11-06T08:46:52.656+0000] {processor.py:157} INFO - Started process (PID=445) to work on /home/airflow/.local/lib/python3.8/site-packages/airflow/example_dags/example_params_ui_tutorial.py
[2024-11-06T08:46:52.658+0000] {processor.py:829} INFO - Processing file /home/airflow/.local/lib/python3.8/site-packages/airflow/example_dags/example_params_ui_tutorial.py for tasks to queue
[2024-11-06T08:46:52.658+0000] {logging_mixin.py:154} INFO - [2024-11-06T08:46:52.658+0000] {dagbag.py:536} INFO - Filling up the DagBag from /home/airflow/.local/lib/python3.8/site-packages/airflow/example_dags/example_params_ui_tutorial.py
[2024-11-06T08:46:52.674+0000] {processor.py:839} INFO - DAG(s) dict_keys(['example_params_ui_tutorial']) retrieved from /home/airflow/.local/lib/python3.8/site-packages/airflow/example_dags/example_params_ui_tutorial.py
[2024-11-06T08:46:52.698+0000] {logging_mixin.py:154} INFO - [2024-11-06T08:46:52.698+0000] {dag.py:2941} INFO - Sync 1 DAGs
[2024-11-06T08:46:52.704+0000] {logging_mixin.py:154} INFO - [2024-11-06T08:46:52.704+0000] {dag.py:3722} INFO - Setting next_dagrun for example_params_ui_tutorial to None, run_after=None
[2024-11-06T08:46:52.714+0000] {processor.py:179} INFO - Processing /home/airflow/.local/lib/python3.8/site-packages/airflow/example_dags/example_params_ui_tutorial.py took 0.059 seconds
[2024-11-06T08:47:23.073+0000] {processor.py:157} INFO - Started process (PID=506) to work on /home/airflow/.local/lib/python3.8/site-packages/airflow/example_dags/example_params_ui_tutorial.py
[2024-11-06T08:47:23.073+0000] {processor.py:829} INFO - Processing file /home/airflow/.local/lib/python3.8/site-packages/airflow/example_dags/example_params_ui_tutorial.py for tasks to queue
[2024-11-06T08:47:23.074+0000] {logging_mixin.py:154} INFO - [2024-11-06T08:47:23.074+0000] {dagbag.py:536} INFO - Filling up the DagBag from /home/airflow/.local/lib/python3.8/site-packages/airflow/example_dags/example_params_ui_tutorial.py
[2024-11-06T08:47:23.088+0000] {processor.py:839} INFO - DAG(s) dict_keys(['example_params_ui_tutorial']) retrieved from /home/airflow/.local/lib/python3.8/site-packages/airflow/example_dags/example_params_ui_tutorial.py
[2024-11-06T08:47:23.113+0000] {logging_mixin.py:154} INFO - [2024-11-06T08:47:23.113+0000] {dag.py:2941} INFO - Sync 1 DAGs
[2024-11-06T08:47:23.118+0000] {logging_mixin.py:154} INFO - [2024-11-06T08:47:23.118+0000] {dag.py:3722} INFO - Setting next_dagrun for example_params_ui_tutorial to None, run_after=None
[2024-11-06T08:47:23.127+0000] {processor.py:179} INFO - Processing /home/airflow/.local/lib/python3.8/site-packages/airflow/example_dags/example_params_ui_tutorial.py took 0.055 seconds
[2024-11-06T08:47:53.434+0000] {processor.py:157} INFO - Started process (PID=561) to work on /home/airflow/.local/lib/python3.8/site-packages/airflow/example_dags/example_params_ui_tutorial.py
[2024-11-06T08:47:53.435+0000] {processor.py:829} INFO - Processing file /home/airflow/.local/lib/python3.8/site-packages/airflow/example_dags/example_params_ui_tutorial.py for tasks to queue
[2024-11-06T08:47:53.436+0000] {logging_mixin.py:154} INFO - [2024-11-06T08:47:53.435+0000] {dagbag.py:536} INFO - Filling up the DagBag from /home/airflow/.local/lib/python3.8/site-packages/airflow/example_dags/example_params_ui_tutorial.py
[2024-11-06T08:47:53.452+0000] {processor.py:839} INFO - DAG(s) dict_keys(['example_params_ui_tutorial']) retrieved from /home/airflow/.local/lib/python3.8/site-packages/airflow/example_dags/example_params_ui_tutorial.py
[2024-11-06T08:47:53.473+0000] {logging_mixin.py:154} INFO - [2024-11-06T08:47:53.472+0000] {dag.py:2941} INFO - Sync 1 DAGs
[2024-11-06T08:47:53.477+0000] {logging_mixin.py:154} INFO - [2024-11-06T08:47:53.477+0000] {dag.py:3722} INFO - Setting next_dagrun for example_params_ui_tutorial to None, run_after=None
[2024-11-06T08:47:53.488+0000] {processor.py:179} INFO - Processing /home/airflow/.local/lib/python3.8/site-packages/airflow/example_dags/example_params_ui_tutorial.py took 0.055 seconds
[2024-11-06T08:48:23.776+0000] {processor.py:157} INFO - Started process (PID=615) to work on /home/airflow/.local/lib/python3.8/site-packages/airflow/example_dags/example_params_ui_tutorial.py
[2024-11-06T08:48:23.776+0000] {processor.py:829} INFO - Processing file /home/airflow/.local/lib/python3.8/site-packages/airflow/example_dags/example_params_ui_tutorial.py for tasks to queue
[2024-11-06T08:48:23.777+0000] {logging_mixin.py:154} INFO - [2024-11-06T08:48:23.777+0000] {dagbag.py:536} INFO - Filling up the DagBag from /home/airflow/.local/lib/python3.8/site-packages/airflow/example_dags/example_params_ui_tutorial.py
[2024-11-06T08:48:23.800+0000] {processor.py:839} INFO - DAG(s) dict_keys(['example_params_ui_tutorial']) retrieved from /home/airflow/.local/lib/python3.8/site-packages/airflow/example_dags/example_params_ui_tutorial.py
[2024-11-06T08:48:23.823+0000] {logging_mixin.py:154} INFO - [2024-11-06T08:48:23.823+0000] {dag.py:2941} INFO - Sync 1 DAGs
[2024-11-06T08:48:23.830+0000] {logging_mixin.py:154} INFO - [2024-11-06T08:48:23.829+0000] {dag.py:3722} INFO - Setting next_dagrun for example_params_ui_tutorial to None, run_after=None
[2024-11-06T08:48:23.837+0000] {processor.py:179} INFO - Processing /home/airflow/.local/lib/python3.8/site-packages/airflow/example_dags/example_params_ui_tutorial.py took 0.064 seconds
[2024-11-06T08:48:54.091+0000] {processor.py:157} INFO - Started process (PID=669) to work on /home/airflow/.local/lib/python3.8/site-packages/airflow/example_dags/example_params_ui_tutorial.py
[2024-11-06T08:48:54.092+0000] {processor.py:829} INFO - Processing file /home/airflow/.local/lib/python3.8/site-packages/airflow/example_dags/example_params_ui_tutorial.py for tasks to queue
[2024-11-06T08:48:54.094+0000] {logging_mixin.py:154} INFO - [2024-11-06T08:48:54.094+0000] {dagbag.py:536} INFO - Filling up the DagBag from /home/airflow/.local/lib/python3.8/site-packages/airflow/example_dags/example_params_ui_tutorial.py
[2024-11-06T08:48:54.109+0000] {processor.py:839} INFO - DAG(s) dict_keys(['example_params_ui_tutorial']) retrieved from /home/airflow/.local/lib/python3.8/site-packages/airflow/example_dags/example_params_ui_tutorial.py
[2024-11-06T08:48:54.130+0000] {logging_mixin.py:154} INFO - [2024-11-06T08:48:54.130+0000] {dag.py:2941} INFO - Sync 1 DAGs
[2024-11-06T08:48:54.135+0000] {logging_mixin.py:154} INFO - [2024-11-06T08:48:54.135+0000] {dag.py:3722} INFO - Setting next_dagrun for example_params_ui_tutorial to None, run_after=None
[2024-11-06T08:48:54.143+0000] {processor.py:179} INFO - Processing /home/airflow/.local/lib/python3.8/site-packages/airflow/example_dags/example_params_ui_tutorial.py took 0.053 seconds
[2024-11-06T08:49:24.298+0000] {processor.py:157} INFO - Started process (PID=723) to work on /home/airflow/.local/lib/python3.8/site-packages/airflow/example_dags/example_params_ui_tutorial.py
[2024-11-06T08:49:24.301+0000] {processor.py:829} INFO - Processing file /home/airflow/.local/lib/python3.8/site-packages/airflow/example_dags/example_params_ui_tutorial.py for tasks to queue
[2024-11-06T08:49:24.302+0000] {logging_mixin.py:154} INFO - [2024-11-06T08:49:24.302+0000] {dagbag.py:536} INFO - Filling up the DagBag from /home/airflow/.local/lib/python3.8/site-packages/airflow/example_dags/example_params_ui_tutorial.py
[2024-11-06T08:49:24.317+0000] {processor.py:839} INFO - DAG(s) dict_keys(['example_params_ui_tutorial']) retrieved from /home/airflow/.local/lib/python3.8/site-packages/airflow/example_dags/example_params_ui_tutorial.py
[2024-11-06T08:49:24.337+0000] {logging_mixin.py:154} INFO - [2024-11-06T08:49:24.337+0000] {dag.py:2941} INFO - Sync 1 DAGs
[2024-11-06T08:49:24.342+0000] {logging_mixin.py:154} INFO - [2024-11-06T08:49:24.342+0000] {dag.py:3722} INFO - Setting next_dagrun for example_params_ui_tutorial to None, run_after=None
[2024-11-06T08:49:24.348+0000] {processor.py:179} INFO - Processing /home/airflow/.local/lib/python3.8/site-packages/airflow/example_dags/example_params_ui_tutorial.py took 0.052 seconds
[2024-11-06T08:49:54.533+0000] {processor.py:157} INFO - Started process (PID=776) to work on /home/airflow/.local/lib/python3.8/site-packages/airflow/example_dags/example_params_ui_tutorial.py
[2024-11-06T08:49:54.533+0000] {processor.py:829} INFO - Processing file /home/airflow/.local/lib/python3.8/site-packages/airflow/example_dags/example_params_ui_tutorial.py for tasks to queue
[2024-11-06T08:49:54.534+0000] {logging_mixin.py:154} INFO - [2024-11-06T08:49:54.534+0000] {dagbag.py:536} INFO - Filling up the DagBag from /home/airflow/.local/lib/python3.8/site-packages/airflow/example_dags/example_params_ui_tutorial.py
[2024-11-06T08:49:54.549+0000] {processor.py:839} INFO - DAG(s) dict_keys(['example_params_ui_tutorial']) retrieved from /home/airflow/.local/lib/python3.8/site-packages/airflow/example_dags/example_params_ui_tutorial.py
[2024-11-06T08:49:54.571+0000] {logging_mixin.py:154} INFO - [2024-11-06T08:49:54.571+0000] {dag.py:2941} INFO - Sync 1 DAGs
[2024-11-06T08:49:54.578+0000] {logging_mixin.py:154} INFO - [2024-11-06T08:49:54.578+0000] {dag.py:3722} INFO - Setting next_dagrun for example_params_ui_tutorial to None, run_after=None
[2024-11-06T08:49:54.585+0000] {processor.py:179} INFO - Processing /home/airflow/.local/lib/python3.8/site-packages/airflow/example_dags/example_params_ui_tutorial.py took 0.054 seconds
[2024-11-06T08:50:24.787+0000] {processor.py:157} INFO - Started process (PID=830) to work on /home/airflow/.local/lib/python3.8/site-packages/airflow/example_dags/example_params_ui_tutorial.py
[2024-11-06T08:50:24.787+0000] {processor.py:829} INFO - Processing file /home/airflow/.local/lib/python3.8/site-packages/airflow/example_dags/example_params_ui_tutorial.py for tasks to queue
[2024-11-06T08:50:24.788+0000] {logging_mixin.py:154} INFO - [2024-11-06T08:50:24.788+0000] {dagbag.py:536} INFO - Filling up the DagBag from /home/airflow/.local/lib/python3.8/site-packages/airflow/example_dags/example_params_ui_tutorial.py
[2024-11-06T08:50:24.804+0000] {processor.py:839} INFO - DAG(s) dict_keys(['example_params_ui_tutorial']) retrieved from /home/airflow/.local/lib/python3.8/site-packages/airflow/example_dags/example_params_ui_tutorial.py
[2024-11-06T08:50:24.824+0000] {logging_mixin.py:154} INFO - [2024-11-06T08:50:24.824+0000] {dag.py:2941} INFO - Sync 1 DAGs
[2024-11-06T08:50:24.829+0000] {logging_mixin.py:154} INFO - [2024-11-06T08:50:24.829+0000] {dag.py:3722} INFO - Setting next_dagrun for example_params_ui_tutorial to None, run_after=None
[2024-11-06T08:50:24.835+0000] {processor.py:179} INFO - Processing /home/airflow/.local/lib/python3.8/site-packages/airflow/example_dags/example_params_ui_tutorial.py took 0.050 seconds
[2024-11-06T08:50:55.031+0000] {processor.py:157} INFO - Started process (PID=884) to work on /home/airflow/.local/lib/python3.8/site-packages/airflow/example_dags/example_params_ui_tutorial.py
[2024-11-06T08:50:55.031+0000] {processor.py:829} INFO - Processing file /home/airflow/.local/lib/python3.8/site-packages/airflow/example_dags/example_params_ui_tutorial.py for tasks to queue
[2024-11-06T08:50:55.033+0000] {logging_mixin.py:154} INFO - [2024-11-06T08:50:55.032+0000] {dagbag.py:536} INFO - Filling up the DagBag from /home/airflow/.local/lib/python3.8/site-packages/airflow/example_dags/example_params_ui_tutorial.py
[2024-11-06T08:50:55.048+0000] {processor.py:839} INFO - DAG(s) dict_keys(['example_params_ui_tutorial']) retrieved from /home/airflow/.local/lib/python3.8/site-packages/airflow/example_dags/example_params_ui_tutorial.py
[2024-11-06T08:50:55.069+0000] {logging_mixin.py:154} INFO - [2024-11-06T08:50:55.069+0000] {dag.py:2941} INFO - Sync 1 DAGs
[2024-11-06T08:50:55.074+0000] {logging_mixin.py:154} INFO - [2024-11-06T08:50:55.073+0000] {dag.py:3722} INFO - Setting next_dagrun for example_params_ui_tutorial to None, run_after=None
[2024-11-06T08:50:55.080+0000] {processor.py:179} INFO - Processing /home/airflow/.local/lib/python3.8/site-packages/airflow/example_dags/example_params_ui_tutorial.py took 0.051 seconds
[2024-11-06T08:51:25.404+0000] {processor.py:157} INFO - Started process (PID=938) to work on /home/airflow/.local/lib/python3.8/site-packages/airflow/example_dags/example_params_ui_tutorial.py
[2024-11-06T08:51:25.404+0000] {processor.py:829} INFO - Processing file /home/airflow/.local/lib/python3.8/site-packages/airflow/example_dags/example_params_ui_tutorial.py for tasks to queue
[2024-11-06T08:51:25.405+0000] {logging_mixin.py:154} INFO - [2024-11-06T08:51:25.405+0000] {dagbag.py:536} INFO - Filling up the DagBag from /home/airflow/.local/lib/python3.8/site-packages/airflow/example_dags/example_params_ui_tutorial.py
[2024-11-06T08:51:25.422+0000] {processor.py:839} INFO - DAG(s) dict_keys(['example_params_ui_tutorial']) retrieved from /home/airflow/.local/lib/python3.8/site-packages/airflow/example_dags/example_params_ui_tutorial.py
[2024-11-06T08:51:25.442+0000] {logging_mixin.py:154} INFO - [2024-11-06T08:51:25.442+0000] {dag.py:2941} INFO - Sync 1 DAGs
[2024-11-06T08:51:25.448+0000] {logging_mixin.py:154} INFO - [2024-11-06T08:51:25.448+0000] {dag.py:3722} INFO - Setting next_dagrun for example_params_ui_tutorial to None, run_after=None
[2024-11-06T08:51:25.455+0000] {processor.py:179} INFO - Processing /home/airflow/.local/lib/python3.8/site-packages/airflow/example_dags/example_params_ui_tutorial.py took 0.053 seconds
[2024-11-06T08:51:55.693+0000] {processor.py:157} INFO - Started process (PID=992) to work on /home/airflow/.local/lib/python3.8/site-packages/airflow/example_dags/example_params_ui_tutorial.py
[2024-11-06T08:51:55.695+0000] {processor.py:829} INFO - Processing file /home/airflow/.local/lib/python3.8/site-packages/airflow/example_dags/example_params_ui_tutorial.py for tasks to queue
[2024-11-06T08:51:55.696+0000] {logging_mixin.py:154} INFO - [2024-11-06T08:51:55.696+0000] {dagbag.py:536} INFO - Filling up the DagBag from /home/airflow/.local/lib/python3.8/site-packages/airflow/example_dags/example_params_ui_tutorial.py
[2024-11-06T08:51:55.712+0000] {processor.py:839} INFO - DAG(s) dict_keys(['example_params_ui_tutorial']) retrieved from /home/airflow/.local/lib/python3.8/site-packages/airflow/example_dags/example_params_ui_tutorial.py
[2024-11-06T08:51:55.735+0000] {logging_mixin.py:154} INFO - [2024-11-06T08:51:55.735+0000] {dag.py:2941} INFO - Sync 1 DAGs
[2024-11-06T08:51:55.740+0000] {logging_mixin.py:154} INFO - [2024-11-06T08:51:55.740+0000] {dag.py:3722} INFO - Setting next_dagrun for example_params_ui_tutorial to None, run_after=None
[2024-11-06T08:51:55.748+0000] {processor.py:179} INFO - Processing /home/airflow/.local/lib/python3.8/site-packages/airflow/example_dags/example_params_ui_tutorial.py took 0.056 seconds
[2024-11-06T08:52:26.082+0000] {processor.py:157} INFO - Started process (PID=1046) to work on /home/airflow/.local/lib/python3.8/site-packages/airflow/example_dags/example_params_ui_tutorial.py
[2024-11-06T08:52:26.082+0000] {processor.py:829} INFO - Processing file /home/airflow/.local/lib/python3.8/site-packages/airflow/example_dags/example_params_ui_tutorial.py for tasks to queue
[2024-11-06T08:52:26.084+0000] {logging_mixin.py:154} INFO - [2024-11-06T08:52:26.083+0000] {dagbag.py:536} INFO - Filling up the DagBag from /home/airflow/.local/lib/python3.8/site-packages/airflow/example_dags/example_params_ui_tutorial.py
[2024-11-06T08:52:26.098+0000] {processor.py:839} INFO - DAG(s) dict_keys(['example_params_ui_tutorial']) retrieved from /home/airflow/.local/lib/python3.8/site-packages/airflow/example_dags/example_params_ui_tutorial.py
[2024-11-06T08:52:26.122+0000] {logging_mixin.py:154} INFO - [2024-11-06T08:52:26.122+0000] {dag.py:2941} INFO - Sync 1 DAGs
[2024-11-06T08:52:26.127+0000] {logging_mixin.py:154} INFO - [2024-11-06T08:52:26.127+0000] {dag.py:3722} INFO - Setting next_dagrun for example_params_ui_tutorial to None, run_after=None
[2024-11-06T08:52:26.136+0000] {processor.py:179} INFO - Processing /home/airflow/.local/lib/python3.8/site-packages/airflow/example_dags/example_params_ui_tutorial.py took 0.055 seconds
[2024-11-06T08:52:56.731+0000] {processor.py:157} INFO - Started process (PID=1100) to work on /home/airflow/.local/lib/python3.8/site-packages/airflow/example_dags/example_params_ui_tutorial.py
[2024-11-06T08:52:56.731+0000] {processor.py:829} INFO - Processing file /home/airflow/.local/lib/python3.8/site-packages/airflow/example_dags/example_params_ui_tutorial.py for tasks to queue
[2024-11-06T08:52:56.732+0000] {logging_mixin.py:154} INFO - [2024-11-06T08:52:56.732+0000] {dagbag.py:536} INFO - Filling up the DagBag from /home/airflow/.local/lib/python3.8/site-packages/airflow/example_dags/example_params_ui_tutorial.py
[2024-11-06T08:52:56.747+0000] {processor.py:839} INFO - DAG(s) dict_keys(['example_params_ui_tutorial']) retrieved from /home/airflow/.local/lib/python3.8/site-packages/airflow/example_dags/example_params_ui_tutorial.py
[2024-11-06T08:52:56.767+0000] {logging_mixin.py:154} INFO - [2024-11-06T08:52:56.767+0000] {dag.py:2941} INFO - Sync 1 DAGs
[2024-11-06T08:52:56.773+0000] {logging_mixin.py:154} INFO - [2024-11-06T08:52:56.773+0000] {dag.py:3722} INFO - Setting next_dagrun for example_params_ui_tutorial to None, run_after=None
[2024-11-06T08:52:56.780+0000] {processor.py:179} INFO - Processing /home/airflow/.local/lib/python3.8/site-packages/airflow/example_dags/example_params_ui_tutorial.py took 0.050 seconds
[2024-11-06T08:53:26.996+0000] {processor.py:157} INFO - Started process (PID=1154) to work on /home/airflow/.local/lib/python3.8/site-packages/airflow/example_dags/example_params_ui_tutorial.py
[2024-11-06T08:53:26.998+0000] {processor.py:829} INFO - Processing file /home/airflow/.local/lib/python3.8/site-packages/airflow/example_dags/example_params_ui_tutorial.py for tasks to queue
[2024-11-06T08:53:26.999+0000] {logging_mixin.py:154} INFO - [2024-11-06T08:53:26.999+0000] {dagbag.py:536} INFO - Filling up the DagBag from /home/airflow/.local/lib/python3.8/site-packages/airflow/example_dags/example_params_ui_tutorial.py
[2024-11-06T08:53:27.014+0000] {processor.py:839} INFO - DAG(s) dict_keys(['example_params_ui_tutorial']) retrieved from /home/airflow/.local/lib/python3.8/site-packages/airflow/example_dags/example_params_ui_tutorial.py
[2024-11-06T08:53:27.034+0000] {logging_mixin.py:154} INFO - [2024-11-06T08:53:27.034+0000] {dag.py:2941} INFO - Sync 1 DAGs
[2024-11-06T08:53:27.039+0000] {logging_mixin.py:154} INFO - [2024-11-06T08:53:27.039+0000] {dag.py:3722} INFO - Setting next_dagrun for example_params_ui_tutorial to None, run_after=None
[2024-11-06T08:53:27.045+0000] {processor.py:179} INFO - Processing /home/airflow/.local/lib/python3.8/site-packages/airflow/example_dags/example_params_ui_tutorial.py took 0.051 seconds
[2024-11-06T08:53:57.723+0000] {processor.py:157} INFO - Started process (PID=1208) to work on /home/airflow/.local/lib/python3.8/site-packages/airflow/example_dags/example_params_ui_tutorial.py
[2024-11-06T08:53:57.724+0000] {processor.py:829} INFO - Processing file /home/airflow/.local/lib/python3.8/site-packages/airflow/example_dags/example_params_ui_tutorial.py for tasks to queue
[2024-11-06T08:53:57.725+0000] {logging_mixin.py:154} INFO - [2024-11-06T08:53:57.725+0000] {dagbag.py:536} INFO - Filling up the DagBag from /home/airflow/.local/lib/python3.8/site-packages/airflow/example_dags/example_params_ui_tutorial.py
[2024-11-06T08:53:57.742+0000] {processor.py:839} INFO - DAG(s) dict_keys(['example_params_ui_tutorial']) retrieved from /home/airflow/.local/lib/python3.8/site-packages/airflow/example_dags/example_params_ui_tutorial.py
[2024-11-06T08:53:57.762+0000] {logging_mixin.py:154} INFO - [2024-11-06T08:53:57.762+0000] {dag.py:2941} INFO - Sync 1 DAGs
[2024-11-06T08:53:57.767+0000] {logging_mixin.py:154} INFO - [2024-11-06T08:53:57.767+0000] {dag.py:3722} INFO - Setting next_dagrun for example_params_ui_tutorial to None, run_after=None
[2024-11-06T08:53:57.773+0000] {processor.py:179} INFO - Processing /home/airflow/.local/lib/python3.8/site-packages/airflow/example_dags/example_params_ui_tutorial.py took 0.052 seconds
[2024-11-06T08:54:28.529+0000] {processor.py:157} INFO - Started process (PID=1262) to work on /home/airflow/.local/lib/python3.8/site-packages/airflow/example_dags/example_params_ui_tutorial.py
[2024-11-06T08:54:28.530+0000] {processor.py:829} INFO - Processing file /home/airflow/.local/lib/python3.8/site-packages/airflow/example_dags/example_params_ui_tutorial.py for tasks to queue
[2024-11-06T08:54:28.531+0000] {logging_mixin.py:154} INFO - [2024-11-06T08:54:28.531+0000] {dagbag.py:536} INFO - Filling up the DagBag from /home/airflow/.local/lib/python3.8/site-packages/airflow/example_dags/example_params_ui_tutorial.py
[2024-11-06T08:54:28.546+0000] {processor.py:839} INFO - DAG(s) dict_keys(['example_params_ui_tutorial']) retrieved from /home/airflow/.local/lib/python3.8/site-packages/airflow/example_dags/example_params_ui_tutorial.py
[2024-11-06T08:54:28.568+0000] {logging_mixin.py:154} INFO - [2024-11-06T08:54:28.568+0000] {dag.py:2941} INFO - Sync 1 DAGs
[2024-11-06T08:54:28.649+0000] {logging_mixin.py:154} INFO - [2024-11-06T08:54:28.649+0000] {dag.py:3722} INFO - Setting next_dagrun for example_params_ui_tutorial to None, run_after=None
[2024-11-06T08:54:28.656+0000] {processor.py:179} INFO - Processing /home/airflow/.local/lib/python3.8/site-packages/airflow/example_dags/example_params_ui_tutorial.py took 0.128 seconds
[2024-11-06T08:54:58.987+0000] {processor.py:157} INFO - Started process (PID=1316) to work on /home/airflow/.local/lib/python3.8/site-packages/airflow/example_dags/example_params_ui_tutorial.py
[2024-11-06T08:54:58.988+0000] {processor.py:829} INFO - Processing file /home/airflow/.local/lib/python3.8/site-packages/airflow/example_dags/example_params_ui_tutorial.py for tasks to queue
[2024-11-06T08:54:58.989+0000] {logging_mixin.py:154} INFO - [2024-11-06T08:54:58.989+0000] {dagbag.py:536} INFO - Filling up the DagBag from /home/airflow/.local/lib/python3.8/site-packages/airflow/example_dags/example_params_ui_tutorial.py
[2024-11-06T08:54:59.003+0000] {processor.py:839} INFO - DAG(s) dict_keys(['example_params_ui_tutorial']) retrieved from /home/airflow/.local/lib/python3.8/site-packages/airflow/example_dags/example_params_ui_tutorial.py
[2024-11-06T08:54:59.023+0000] {logging_mixin.py:154} INFO - [2024-11-06T08:54:59.023+0000] {dag.py:2941} INFO - Sync 1 DAGs
[2024-11-06T08:54:59.029+0000] {logging_mixin.py:154} INFO - [2024-11-06T08:54:59.029+0000] {dag.py:3722} INFO - Setting next_dagrun for example_params_ui_tutorial to None, run_after=None
[2024-11-06T08:54:59.036+0000] {processor.py:179} INFO - Processing /home/airflow/.local/lib/python3.8/site-packages/airflow/example_dags/example_params_ui_tutorial.py took 0.050 seconds
[2024-11-06T08:55:29.844+0000] {processor.py:157} INFO - Started process (PID=1370) to work on /home/airflow/.local/lib/python3.8/site-packages/airflow/example_dags/example_params_ui_tutorial.py
[2024-11-06T08:55:29.844+0000] {processor.py:829} INFO - Processing file /home/airflow/.local/lib/python3.8/site-packages/airflow/example_dags/example_params_ui_tutorial.py for tasks to queue
[2024-11-06T08:55:29.845+0000] {logging_mixin.py:154} INFO - [2024-11-06T08:55:29.845+0000] {dagbag.py:536} INFO - Filling up the DagBag from /home/airflow/.local/lib/python3.8/site-packages/airflow/example_dags/example_params_ui_tutorial.py
[2024-11-06T08:55:29.860+0000] {processor.py:839} INFO - DAG(s) dict_keys(['example_params_ui_tutorial']) retrieved from /home/airflow/.local/lib/python3.8/site-packages/airflow/example_dags/example_params_ui_tutorial.py
[2024-11-06T08:55:29.880+0000] {logging_mixin.py:154} INFO - [2024-11-06T08:55:29.880+0000] {dag.py:2941} INFO - Sync 1 DAGs
[2024-11-06T08:55:29.885+0000] {logging_mixin.py:154} INFO - [2024-11-06T08:55:29.885+0000] {dag.py:3722} INFO - Setting next_dagrun for example_params_ui_tutorial to None, run_after=None
[2024-11-06T08:55:29.892+0000] {processor.py:179} INFO - Processing /home/airflow/.local/lib/python3.8/site-packages/airflow/example_dags/example_params_ui_tutorial.py took 0.050 seconds
[2024-11-06T08:56:00.804+0000] {processor.py:157} INFO - Started process (PID=1424) to work on /home/airflow/.local/lib/python3.8/site-packages/airflow/example_dags/example_params_ui_tutorial.py
[2024-11-06T08:56:00.804+0000] {processor.py:829} INFO - Processing file /home/airflow/.local/lib/python3.8/site-packages/airflow/example_dags/example_params_ui_tutorial.py for tasks to queue
[2024-11-06T08:56:00.805+0000] {logging_mixin.py:154} INFO - [2024-11-06T08:56:00.805+0000] {dagbag.py:536} INFO - Filling up the DagBag from /home/airflow/.local/lib/python3.8/site-packages/airflow/example_dags/example_params_ui_tutorial.py
[2024-11-06T08:56:00.820+0000] {processor.py:839} INFO - DAG(s) dict_keys(['example_params_ui_tutorial']) retrieved from /home/airflow/.local/lib/python3.8/site-packages/airflow/example_dags/example_params_ui_tutorial.py
[2024-11-06T08:56:00.840+0000] {logging_mixin.py:154} INFO - [2024-11-06T08:56:00.840+0000] {dag.py:2941} INFO - Sync 1 DAGs
[2024-11-06T08:56:00.921+0000] {logging_mixin.py:154} INFO - [2024-11-06T08:56:00.920+0000] {dag.py:3722} INFO - Setting next_dagrun for example_params_ui_tutorial to None, run_after=None
[2024-11-06T08:56:00.928+0000] {processor.py:179} INFO - Processing /home/airflow/.local/lib/python3.8/site-packages/airflow/example_dags/example_params_ui_tutorial.py took 0.126 seconds
[2024-11-06T08:56:31.717+0000] {processor.py:157} INFO - Started process (PID=1478) to work on /home/airflow/.local/lib/python3.8/site-packages/airflow/example_dags/example_params_ui_tutorial.py
[2024-11-06T08:56:31.719+0000] {processor.py:829} INFO - Processing file /home/airflow/.local/lib/python3.8/site-packages/airflow/example_dags/example_params_ui_tutorial.py for tasks to queue
[2024-11-06T08:56:31.720+0000] {logging_mixin.py:154} INFO - [2024-11-06T08:56:31.720+0000] {dagbag.py:536} INFO - Filling up the DagBag from /home/airflow/.local/lib/python3.8/site-packages/airflow/example_dags/example_params_ui_tutorial.py
[2024-11-06T08:56:31.736+0000] {processor.py:839} INFO - DAG(s) dict_keys(['example_params_ui_tutorial']) retrieved from /home/airflow/.local/lib/python3.8/site-packages/airflow/example_dags/example_params_ui_tutorial.py
[2024-11-06T08:56:31.758+0000] {logging_mixin.py:154} INFO - [2024-11-06T08:56:31.758+0000] {dag.py:2941} INFO - Sync 1 DAGs
[2024-11-06T08:56:31.766+0000] {logging_mixin.py:154} INFO - [2024-11-06T08:56:31.766+0000] {dag.py:3722} INFO - Setting next_dagrun for example_params_ui_tutorial to None, run_after=None
[2024-11-06T08:56:31.773+0000] {processor.py:179} INFO - Processing /home/airflow/.local/lib/python3.8/site-packages/airflow/example_dags/example_params_ui_tutorial.py took 0.057 seconds
[2024-11-06T08:57:02.079+0000] {processor.py:157} INFO - Started process (PID=1532) to work on /home/airflow/.local/lib/python3.8/site-packages/airflow/example_dags/example_params_ui_tutorial.py
[2024-11-06T08:57:02.079+0000] {processor.py:829} INFO - Processing file /home/airflow/.local/lib/python3.8/site-packages/airflow/example_dags/example_params_ui_tutorial.py for tasks to queue
[2024-11-06T08:57:02.080+0000] {logging_mixin.py:154} INFO - [2024-11-06T08:57:02.080+0000] {dagbag.py:536} INFO - Filling up the DagBag from /home/airflow/.local/lib/python3.8/site-packages/airflow/example_dags/example_params_ui_tutorial.py
[2024-11-06T08:57:02.097+0000] {processor.py:839} INFO - DAG(s) dict_keys(['example_params_ui_tutorial']) retrieved from /home/airflow/.local/lib/python3.8/site-packages/airflow/example_dags/example_params_ui_tutorial.py
[2024-11-06T08:57:02.120+0000] {logging_mixin.py:154} INFO - [2024-11-06T08:57:02.120+0000] {dag.py:2941} INFO - Sync 1 DAGs
[2024-11-06T08:57:02.125+0000] {logging_mixin.py:154} INFO - [2024-11-06T08:57:02.125+0000] {dag.py:3722} INFO - Setting next_dagrun for example_params_ui_tutorial to None, run_after=None
[2024-11-06T08:57:02.134+0000] {processor.py:179} INFO - Processing /home/airflow/.local/lib/python3.8/site-packages/airflow/example_dags/example_params_ui_tutorial.py took 0.057 seconds
[2024-11-06T08:57:32.393+0000] {processor.py:157} INFO - Started process (PID=1586) to work on /home/airflow/.local/lib/python3.8/site-packages/airflow/example_dags/example_params_ui_tutorial.py
[2024-11-06T08:57:32.394+0000] {processor.py:829} INFO - Processing file /home/airflow/.local/lib/python3.8/site-packages/airflow/example_dags/example_params_ui_tutorial.py for tasks to queue
[2024-11-06T08:57:32.395+0000] {logging_mixin.py:154} INFO - [2024-11-06T08:57:32.395+0000] {dagbag.py:536} INFO - Filling up the DagBag from /home/airflow/.local/lib/python3.8/site-packages/airflow/example_dags/example_params_ui_tutorial.py
[2024-11-06T08:57:32.409+0000] {processor.py:839} INFO - DAG(s) dict_keys(['example_params_ui_tutorial']) retrieved from /home/airflow/.local/lib/python3.8/site-packages/airflow/example_dags/example_params_ui_tutorial.py
[2024-11-06T08:57:32.430+0000] {logging_mixin.py:154} INFO - [2024-11-06T08:57:32.430+0000] {dag.py:2941} INFO - Sync 1 DAGs
[2024-11-06T08:57:32.511+0000] {logging_mixin.py:154} INFO - [2024-11-06T08:57:32.510+0000] {dag.py:3722} INFO - Setting next_dagrun for example_params_ui_tutorial to None, run_after=None
[2024-11-06T08:57:32.517+0000] {processor.py:179} INFO - Processing /home/airflow/.local/lib/python3.8/site-packages/airflow/example_dags/example_params_ui_tutorial.py took 0.126 seconds
[2024-11-06T08:58:03.516+0000] {processor.py:157} INFO - Started process (PID=1639) to work on /home/airflow/.local/lib/python3.8/site-packages/airflow/example_dags/example_params_ui_tutorial.py
[2024-11-06T08:58:03.517+0000] {processor.py:829} INFO - Processing file /home/airflow/.local/lib/python3.8/site-packages/airflow/example_dags/example_params_ui_tutorial.py for tasks to queue
[2024-11-06T08:58:03.519+0000] {logging_mixin.py:154} INFO - [2024-11-06T08:58:03.518+0000] {dagbag.py:536} INFO - Filling up the DagBag from /home/airflow/.local/lib/python3.8/site-packages/airflow/example_dags/example_params_ui_tutorial.py
[2024-11-06T08:58:03.537+0000] {processor.py:839} INFO - DAG(s) dict_keys(['example_params_ui_tutorial']) retrieved from /home/airflow/.local/lib/python3.8/site-packages/airflow/example_dags/example_params_ui_tutorial.py
[2024-11-06T08:58:03.557+0000] {logging_mixin.py:154} INFO - [2024-11-06T08:58:03.557+0000] {dag.py:2941} INFO - Sync 1 DAGs
[2024-11-06T08:58:03.562+0000] {logging_mixin.py:154} INFO - [2024-11-06T08:58:03.562+0000] {dag.py:3722} INFO - Setting next_dagrun for example_params_ui_tutorial to None, run_after=None
[2024-11-06T08:58:03.569+0000] {processor.py:179} INFO - Processing /home/airflow/.local/lib/python3.8/site-packages/airflow/example_dags/example_params_ui_tutorial.py took 0.054 seconds
[2024-11-06T08:58:33.740+0000] {processor.py:157} INFO - Started process (PID=1693) to work on /home/airflow/.local/lib/python3.8/site-packages/airflow/example_dags/example_params_ui_tutorial.py
[2024-11-06T08:58:33.740+0000] {processor.py:829} INFO - Processing file /home/airflow/.local/lib/python3.8/site-packages/airflow/example_dags/example_params_ui_tutorial.py for tasks to queue
[2024-11-06T08:58:33.741+0000] {logging_mixin.py:154} INFO - [2024-11-06T08:58:33.741+0000] {dagbag.py:536} INFO - Filling up the DagBag from /home/airflow/.local/lib/python3.8/site-packages/airflow/example_dags/example_params_ui_tutorial.py
[2024-11-06T08:58:33.830+0000] {processor.py:839} INFO - DAG(s) dict_keys(['example_params_ui_tutorial']) retrieved from /home/airflow/.local/lib/python3.8/site-packages/airflow/example_dags/example_params_ui_tutorial.py
[2024-11-06T08:58:33.849+0000] {logging_mixin.py:154} INFO - [2024-11-06T08:58:33.849+0000] {dag.py:2941} INFO - Sync 1 DAGs
[2024-11-06T08:58:33.855+0000] {logging_mixin.py:154} INFO - [2024-11-06T08:58:33.855+0000] {dag.py:3722} INFO - Setting next_dagrun for example_params_ui_tutorial to None, run_after=None
[2024-11-06T08:58:33.863+0000] {processor.py:179} INFO - Processing /home/airflow/.local/lib/python3.8/site-packages/airflow/example_dags/example_params_ui_tutorial.py took 0.124 seconds
[2024-11-06T09:17:57.095+0000] {processor.py:157} INFO - Started process (PID=1738) to work on /home/airflow/.local/lib/python3.8/site-packages/airflow/example_dags/example_params_ui_tutorial.py
[2024-11-06T09:17:57.096+0000] {processor.py:829} INFO - Processing file /home/airflow/.local/lib/python3.8/site-packages/airflow/example_dags/example_params_ui_tutorial.py for tasks to queue
[2024-11-06T09:17:57.100+0000] {logging_mixin.py:154} INFO - [2024-11-06T09:17:57.099+0000] {dagbag.py:536} INFO - Filling up the DagBag from /home/airflow/.local/lib/python3.8/site-packages/airflow/example_dags/example_params_ui_tutorial.py
[2024-11-06T09:17:57.125+0000] {processor.py:839} INFO - DAG(s) dict_keys(['example_params_ui_tutorial']) retrieved from /home/airflow/.local/lib/python3.8/site-packages/airflow/example_dags/example_params_ui_tutorial.py
[2024-11-06T09:17:57.171+0000] {logging_mixin.py:154} INFO - [2024-11-06T09:17:57.171+0000] {dag.py:2941} INFO - Sync 1 DAGs
[2024-11-06T09:17:57.198+0000] {logging_mixin.py:154} INFO - [2024-11-06T09:17:57.197+0000] {dag.py:3722} INFO - Setting next_dagrun for example_params_ui_tutorial to None, run_after=None
[2024-11-06T09:17:57.220+0000] {processor.py:179} INFO - Processing /home/airflow/.local/lib/python3.8/site-packages/airflow/example_dags/example_params_ui_tutorial.py took 0.129 seconds
[2024-11-06T09:29:43.711+0000] {processor.py:157} INFO - Started process (PID=1792) to work on /home/airflow/.local/lib/python3.8/site-packages/airflow/example_dags/example_params_ui_tutorial.py
[2024-11-06T09:29:43.712+0000] {processor.py:829} INFO - Processing file /home/airflow/.local/lib/python3.8/site-packages/airflow/example_dags/example_params_ui_tutorial.py for tasks to queue
[2024-11-06T09:29:43.713+0000] {logging_mixin.py:154} INFO - [2024-11-06T09:29:43.712+0000] {dagbag.py:536} INFO - Filling up the DagBag from /home/airflow/.local/lib/python3.8/site-packages/airflow/example_dags/example_params_ui_tutorial.py
[2024-11-06T09:29:43.727+0000] {processor.py:839} INFO - DAG(s) dict_keys(['example_params_ui_tutorial']) retrieved from /home/airflow/.local/lib/python3.8/site-packages/airflow/example_dags/example_params_ui_tutorial.py
[2024-11-06T09:29:43.749+0000] {logging_mixin.py:154} INFO - [2024-11-06T09:29:43.749+0000] {dag.py:2941} INFO - Sync 1 DAGs
[2024-11-06T09:29:43.760+0000] {logging_mixin.py:154} INFO - [2024-11-06T09:29:43.760+0000] {dag.py:3722} INFO - Setting next_dagrun for example_params_ui_tutorial to None, run_after=None
[2024-11-06T09:29:43.769+0000] {processor.py:179} INFO - Processing /home/airflow/.local/lib/python3.8/site-packages/airflow/example_dags/example_params_ui_tutorial.py took 0.059 seconds
[2024-11-06T10:28:13.459+0000] {processor.py:157} INFO - Started process (PID=1846) to work on /home/airflow/.local/lib/python3.8/site-packages/airflow/example_dags/example_params_ui_tutorial.py
[2024-11-06T10:28:13.461+0000] {processor.py:829} INFO - Processing file /home/airflow/.local/lib/python3.8/site-packages/airflow/example_dags/example_params_ui_tutorial.py for tasks to queue
[2024-11-06T10:28:13.463+0000] {logging_mixin.py:154} INFO - [2024-11-06T10:28:13.462+0000] {dagbag.py:536} INFO - Filling up the DagBag from /home/airflow/.local/lib/python3.8/site-packages/airflow/example_dags/example_params_ui_tutorial.py
[2024-11-06T10:28:13.489+0000] {processor.py:839} INFO - DAG(s) dict_keys(['example_params_ui_tutorial']) retrieved from /home/airflow/.local/lib/python3.8/site-packages/airflow/example_dags/example_params_ui_tutorial.py
[2024-11-06T10:28:13.518+0000] {logging_mixin.py:154} INFO - [2024-11-06T10:28:13.517+0000] {dag.py:2941} INFO - Sync 1 DAGs
[2024-11-06T10:28:13.530+0000] {logging_mixin.py:154} INFO - [2024-11-06T10:28:13.530+0000] {dag.py:3722} INFO - Setting next_dagrun for example_params_ui_tutorial to None, run_after=None
[2024-11-06T10:28:13.550+0000] {processor.py:179} INFO - Processing /home/airflow/.local/lib/python3.8/site-packages/airflow/example_dags/example_params_ui_tutorial.py took 0.095 seconds
[2024-11-06T11:31:03.481+0000] {processor.py:157} INFO - Started process (PID=1900) to work on /home/airflow/.local/lib/python3.8/site-packages/airflow/example_dags/example_params_ui_tutorial.py
[2024-11-06T11:31:03.481+0000] {processor.py:829} INFO - Processing file /home/airflow/.local/lib/python3.8/site-packages/airflow/example_dags/example_params_ui_tutorial.py for tasks to queue
[2024-11-06T11:31:03.483+0000] {logging_mixin.py:154} INFO - [2024-11-06T11:31:03.483+0000] {dagbag.py:536} INFO - Filling up the DagBag from /home/airflow/.local/lib/python3.8/site-packages/airflow/example_dags/example_params_ui_tutorial.py
[2024-11-06T11:31:03.500+0000] {processor.py:839} INFO - DAG(s) dict_keys(['example_params_ui_tutorial']) retrieved from /home/airflow/.local/lib/python3.8/site-packages/airflow/example_dags/example_params_ui_tutorial.py
[2024-11-06T11:31:03.521+0000] {logging_mixin.py:154} INFO - [2024-11-06T11:31:03.521+0000] {dag.py:2941} INFO - Sync 1 DAGs
[2024-11-06T11:31:03.526+0000] {logging_mixin.py:154} INFO - [2024-11-06T11:31:03.525+0000] {dag.py:3722} INFO - Setting next_dagrun for example_params_ui_tutorial to None, run_after=None
[2024-11-06T11:31:03.535+0000] {processor.py:179} INFO - Processing /home/airflow/.local/lib/python3.8/site-packages/airflow/example_dags/example_params_ui_tutorial.py took 0.056 seconds
[2024-11-06T11:59:50.266+0000] {processor.py:157} INFO - Started process (PID=1954) to work on /home/airflow/.local/lib/python3.8/site-packages/airflow/example_dags/example_params_ui_tutorial.py
[2024-11-06T11:59:50.267+0000] {processor.py:829} INFO - Processing file /home/airflow/.local/lib/python3.8/site-packages/airflow/example_dags/example_params_ui_tutorial.py for tasks to queue
[2024-11-06T11:59:50.268+0000] {logging_mixin.py:154} INFO - [2024-11-06T11:59:50.268+0000] {dagbag.py:536} INFO - Filling up the DagBag from /home/airflow/.local/lib/python3.8/site-packages/airflow/example_dags/example_params_ui_tutorial.py
[2024-11-06T11:59:50.283+0000] {processor.py:839} INFO - DAG(s) dict_keys(['example_params_ui_tutorial']) retrieved from /home/airflow/.local/lib/python3.8/site-packages/airflow/example_dags/example_params_ui_tutorial.py
[2024-11-06T11:59:50.305+0000] {logging_mixin.py:154} INFO - [2024-11-06T11:59:50.305+0000] {dag.py:2941} INFO - Sync 1 DAGs
[2024-11-06T11:59:50.310+0000] {logging_mixin.py:154} INFO - [2024-11-06T11:59:50.310+0000] {dag.py:3722} INFO - Setting next_dagrun for example_params_ui_tutorial to None, run_after=None
[2024-11-06T11:59:50.319+0000] {processor.py:179} INFO - Processing /home/airflow/.local/lib/python3.8/site-packages/airflow/example_dags/example_params_ui_tutorial.py took 0.054 seconds
[2024-11-06T12:50:47.434+0000] {processor.py:157} INFO - Started process (PID=2008) to work on /home/airflow/.local/lib/python3.8/site-packages/airflow/example_dags/example_params_ui_tutorial.py
[2024-11-06T12:50:47.435+0000] {processor.py:829} INFO - Processing file /home/airflow/.local/lib/python3.8/site-packages/airflow/example_dags/example_params_ui_tutorial.py for tasks to queue
[2024-11-06T12:50:47.438+0000] {logging_mixin.py:154} INFO - [2024-11-06T12:50:47.437+0000] {dagbag.py:536} INFO - Filling up the DagBag from /home/airflow/.local/lib/python3.8/site-packages/airflow/example_dags/example_params_ui_tutorial.py
[2024-11-06T12:50:47.464+0000] {processor.py:839} INFO - DAG(s) dict_keys(['example_params_ui_tutorial']) retrieved from /home/airflow/.local/lib/python3.8/site-packages/airflow/example_dags/example_params_ui_tutorial.py
[2024-11-06T12:50:47.498+0000] {logging_mixin.py:154} INFO - [2024-11-06T12:50:47.498+0000] {dag.py:2941} INFO - Sync 1 DAGs
[2024-11-06T12:50:47.508+0000] {logging_mixin.py:154} INFO - [2024-11-06T12:50:47.507+0000] {dag.py:3722} INFO - Setting next_dagrun for example_params_ui_tutorial to None, run_after=None
[2024-11-06T12:50:47.528+0000] {processor.py:179} INFO - Processing /home/airflow/.local/lib/python3.8/site-packages/airflow/example_dags/example_params_ui_tutorial.py took 0.097 seconds
[2024-11-06T12:52:35.441+0000] {processor.py:157} INFO - Started process (PID=2062) to work on /home/airflow/.local/lib/python3.8/site-packages/airflow/example_dags/example_params_ui_tutorial.py
[2024-11-06T12:52:35.442+0000] {processor.py:829} INFO - Processing file /home/airflow/.local/lib/python3.8/site-packages/airflow/example_dags/example_params_ui_tutorial.py for tasks to queue
[2024-11-06T12:52:35.443+0000] {logging_mixin.py:154} INFO - [2024-11-06T12:52:35.443+0000] {dagbag.py:536} INFO - Filling up the DagBag from /home/airflow/.local/lib/python3.8/site-packages/airflow/example_dags/example_params_ui_tutorial.py
[2024-11-06T12:52:35.459+0000] {processor.py:839} INFO - DAG(s) dict_keys(['example_params_ui_tutorial']) retrieved from /home/airflow/.local/lib/python3.8/site-packages/airflow/example_dags/example_params_ui_tutorial.py
[2024-11-06T12:52:35.481+0000] {logging_mixin.py:154} INFO - [2024-11-06T12:52:35.481+0000] {dag.py:2941} INFO - Sync 1 DAGs
[2024-11-06T12:52:35.487+0000] {logging_mixin.py:154} INFO - [2024-11-06T12:52:35.487+0000] {dag.py:3722} INFO - Setting next_dagrun for example_params_ui_tutorial to None, run_after=None
[2024-11-06T12:52:35.502+0000] {processor.py:179} INFO - Processing /home/airflow/.local/lib/python3.8/site-packages/airflow/example_dags/example_params_ui_tutorial.py took 0.063 seconds
[2024-11-06T13:07:16.863+0000] {processor.py:157} INFO - Started process (PID=2116) to work on /home/airflow/.local/lib/python3.8/site-packages/airflow/example_dags/example_params_ui_tutorial.py
[2024-11-06T13:07:16.864+0000] {processor.py:829} INFO - Processing file /home/airflow/.local/lib/python3.8/site-packages/airflow/example_dags/example_params_ui_tutorial.py for tasks to queue
[2024-11-06T13:07:16.865+0000] {logging_mixin.py:154} INFO - [2024-11-06T13:07:16.865+0000] {dagbag.py:536} INFO - Filling up the DagBag from /home/airflow/.local/lib/python3.8/site-packages/airflow/example_dags/example_params_ui_tutorial.py
[2024-11-06T13:07:16.881+0000] {processor.py:839} INFO - DAG(s) dict_keys(['example_params_ui_tutorial']) retrieved from /home/airflow/.local/lib/python3.8/site-packages/airflow/example_dags/example_params_ui_tutorial.py
[2024-11-06T13:07:16.901+0000] {logging_mixin.py:154} INFO - [2024-11-06T13:07:16.901+0000] {dag.py:2941} INFO - Sync 1 DAGs
[2024-11-06T13:07:16.908+0000] {logging_mixin.py:154} INFO - [2024-11-06T13:07:16.908+0000] {dag.py:3722} INFO - Setting next_dagrun for example_params_ui_tutorial to None, run_after=None
[2024-11-06T13:07:16.918+0000] {processor.py:179} INFO - Processing /home/airflow/.local/lib/python3.8/site-packages/airflow/example_dags/example_params_ui_tutorial.py took 0.056 seconds
[2024-11-06T13:47:31.686+0000] {processor.py:157} INFO - Started process (PID=2170) to work on /home/airflow/.local/lib/python3.8/site-packages/airflow/example_dags/example_params_ui_tutorial.py
[2024-11-06T13:47:31.687+0000] {processor.py:829} INFO - Processing file /home/airflow/.local/lib/python3.8/site-packages/airflow/example_dags/example_params_ui_tutorial.py for tasks to queue
[2024-11-06T13:47:31.690+0000] {logging_mixin.py:154} INFO - [2024-11-06T13:47:31.689+0000] {dagbag.py:536} INFO - Filling up the DagBag from /home/airflow/.local/lib/python3.8/site-packages/airflow/example_dags/example_params_ui_tutorial.py
[2024-11-06T13:47:31.711+0000] {processor.py:839} INFO - DAG(s) dict_keys(['example_params_ui_tutorial']) retrieved from /home/airflow/.local/lib/python3.8/site-packages/airflow/example_dags/example_params_ui_tutorial.py
[2024-11-06T13:47:31.747+0000] {logging_mixin.py:154} INFO - [2024-11-06T13:47:31.746+0000] {dag.py:2941} INFO - Sync 1 DAGs
[2024-11-06T13:47:31.754+0000] {logging_mixin.py:154} INFO - [2024-11-06T13:47:31.754+0000] {dag.py:3722} INFO - Setting next_dagrun for example_params_ui_tutorial to None, run_after=None
[2024-11-06T13:47:31.775+0000] {processor.py:179} INFO - Processing /home/airflow/.local/lib/python3.8/site-packages/airflow/example_dags/example_params_ui_tutorial.py took 0.092 seconds
[2024-11-06T13:55:17.394+0000] {processor.py:157} INFO - Started process (PID=2224) to work on /home/airflow/.local/lib/python3.8/site-packages/airflow/example_dags/example_params_ui_tutorial.py
[2024-11-06T13:55:17.395+0000] {processor.py:829} INFO - Processing file /home/airflow/.local/lib/python3.8/site-packages/airflow/example_dags/example_params_ui_tutorial.py for tasks to queue
[2024-11-06T13:55:17.396+0000] {logging_mixin.py:154} INFO - [2024-11-06T13:55:17.395+0000] {dagbag.py:536} INFO - Filling up the DagBag from /home/airflow/.local/lib/python3.8/site-packages/airflow/example_dags/example_params_ui_tutorial.py
[2024-11-06T13:55:17.411+0000] {processor.py:839} INFO - DAG(s) dict_keys(['example_params_ui_tutorial']) retrieved from /home/airflow/.local/lib/python3.8/site-packages/airflow/example_dags/example_params_ui_tutorial.py
[2024-11-06T13:55:17.432+0000] {logging_mixin.py:154} INFO - [2024-11-06T13:55:17.432+0000] {dag.py:2941} INFO - Sync 1 DAGs
[2024-11-06T13:55:17.437+0000] {logging_mixin.py:154} INFO - [2024-11-06T13:55:17.437+0000] {dag.py:3722} INFO - Setting next_dagrun for example_params_ui_tutorial to None, run_after=None
[2024-11-06T13:55:17.448+0000] {processor.py:179} INFO - Processing /home/airflow/.local/lib/python3.8/site-packages/airflow/example_dags/example_params_ui_tutorial.py took 0.056 seconds
[2024-11-06T14:00:21.915+0000] {processor.py:157} INFO - Started process (PID=2278) to work on /home/airflow/.local/lib/python3.8/site-packages/airflow/example_dags/example_params_ui_tutorial.py
[2024-11-06T14:00:21.919+0000] {processor.py:829} INFO - Processing file /home/airflow/.local/lib/python3.8/site-packages/airflow/example_dags/example_params_ui_tutorial.py for tasks to queue
[2024-11-06T14:00:21.922+0000] {logging_mixin.py:154} INFO - [2024-11-06T14:00:21.922+0000] {dagbag.py:536} INFO - Filling up the DagBag from /home/airflow/.local/lib/python3.8/site-packages/airflow/example_dags/example_params_ui_tutorial.py
[2024-11-06T14:00:21.967+0000] {processor.py:839} INFO - DAG(s) dict_keys(['example_params_ui_tutorial']) retrieved from /home/airflow/.local/lib/python3.8/site-packages/airflow/example_dags/example_params_ui_tutorial.py
[2024-11-06T14:00:22.027+0000] {logging_mixin.py:154} INFO - [2024-11-06T14:00:22.027+0000] {dag.py:2941} INFO - Sync 1 DAGs
[2024-11-06T14:00:22.040+0000] {logging_mixin.py:154} INFO - [2024-11-06T14:00:22.040+0000] {dag.py:3722} INFO - Setting next_dagrun for example_params_ui_tutorial to None, run_after=None
[2024-11-06T14:00:22.060+0000] {processor.py:179} INFO - Processing /home/airflow/.local/lib/python3.8/site-packages/airflow/example_dags/example_params_ui_tutorial.py took 0.150 seconds
[2024-11-06T14:05:42.115+0000] {processor.py:157} INFO - Started process (PID=2332) to work on /home/airflow/.local/lib/python3.8/site-packages/airflow/example_dags/example_params_ui_tutorial.py
[2024-11-06T14:05:42.115+0000] {processor.py:829} INFO - Processing file /home/airflow/.local/lib/python3.8/site-packages/airflow/example_dags/example_params_ui_tutorial.py for tasks to queue
[2024-11-06T14:05:42.116+0000] {logging_mixin.py:154} INFO - [2024-11-06T14:05:42.116+0000] {dagbag.py:536} INFO - Filling up the DagBag from /home/airflow/.local/lib/python3.8/site-packages/airflow/example_dags/example_params_ui_tutorial.py
[2024-11-06T14:05:42.134+0000] {processor.py:839} INFO - DAG(s) dict_keys(['example_params_ui_tutorial']) retrieved from /home/airflow/.local/lib/python3.8/site-packages/airflow/example_dags/example_params_ui_tutorial.py
[2024-11-06T14:05:42.155+0000] {logging_mixin.py:154} INFO - [2024-11-06T14:05:42.155+0000] {dag.py:2941} INFO - Sync 1 DAGs
[2024-11-06T14:05:42.162+0000] {logging_mixin.py:154} INFO - [2024-11-06T14:05:42.162+0000] {dag.py:3722} INFO - Setting next_dagrun for example_params_ui_tutorial to None, run_after=None
[2024-11-06T14:05:42.172+0000] {processor.py:179} INFO - Processing /home/airflow/.local/lib/python3.8/site-packages/airflow/example_dags/example_params_ui_tutorial.py took 0.059 seconds
[2024-11-06T14:09:56.560+0000] {processor.py:157} INFO - Started process (PID=2386) to work on /home/airflow/.local/lib/python3.8/site-packages/airflow/example_dags/example_params_ui_tutorial.py
[2024-11-06T14:09:56.561+0000] {processor.py:829} INFO - Processing file /home/airflow/.local/lib/python3.8/site-packages/airflow/example_dags/example_params_ui_tutorial.py for tasks to queue
[2024-11-06T14:09:56.562+0000] {logging_mixin.py:154} INFO - [2024-11-06T14:09:56.562+0000] {dagbag.py:536} INFO - Filling up the DagBag from /home/airflow/.local/lib/python3.8/site-packages/airflow/example_dags/example_params_ui_tutorial.py
[2024-11-06T14:09:56.580+0000] {processor.py:839} INFO - DAG(s) dict_keys(['example_params_ui_tutorial']) retrieved from /home/airflow/.local/lib/python3.8/site-packages/airflow/example_dags/example_params_ui_tutorial.py
[2024-11-06T14:09:56.605+0000] {logging_mixin.py:154} INFO - [2024-11-06T14:09:56.605+0000] {dag.py:2941} INFO - Sync 1 DAGs
[2024-11-06T14:09:56.613+0000] {logging_mixin.py:154} INFO - [2024-11-06T14:09:56.613+0000] {dag.py:3722} INFO - Setting next_dagrun for example_params_ui_tutorial to None, run_after=None
[2024-11-06T14:09:56.624+0000] {processor.py:179} INFO - Processing /home/airflow/.local/lib/python3.8/site-packages/airflow/example_dags/example_params_ui_tutorial.py took 0.066 seconds
[2024-11-06T14:16:57.568+0000] {processor.py:157} INFO - Started process (PID=2440) to work on /home/airflow/.local/lib/python3.8/site-packages/airflow/example_dags/example_params_ui_tutorial.py
[2024-11-06T14:16:57.570+0000] {processor.py:829} INFO - Processing file /home/airflow/.local/lib/python3.8/site-packages/airflow/example_dags/example_params_ui_tutorial.py for tasks to queue
[2024-11-06T14:16:57.571+0000] {logging_mixin.py:154} INFO - [2024-11-06T14:16:57.571+0000] {dagbag.py:536} INFO - Filling up the DagBag from /home/airflow/.local/lib/python3.8/site-packages/airflow/example_dags/example_params_ui_tutorial.py
[2024-11-06T14:16:57.588+0000] {processor.py:839} INFO - DAG(s) dict_keys(['example_params_ui_tutorial']) retrieved from /home/airflow/.local/lib/python3.8/site-packages/airflow/example_dags/example_params_ui_tutorial.py
[2024-11-06T14:16:57.615+0000] {logging_mixin.py:154} INFO - [2024-11-06T14:16:57.615+0000] {dag.py:2941} INFO - Sync 1 DAGs
[2024-11-06T14:16:57.621+0000] {logging_mixin.py:154} INFO - [2024-11-06T14:16:57.621+0000] {dag.py:3722} INFO - Setting next_dagrun for example_params_ui_tutorial to None, run_after=None
[2024-11-06T14:16:57.630+0000] {processor.py:179} INFO - Processing /home/airflow/.local/lib/python3.8/site-packages/airflow/example_dags/example_params_ui_tutorial.py took 0.063 seconds
[2024-11-06T14:23:15.266+0000] {processor.py:157} INFO - Started process (PID=2494) to work on /home/airflow/.local/lib/python3.8/site-packages/airflow/example_dags/example_params_ui_tutorial.py
[2024-11-06T14:23:15.266+0000] {processor.py:829} INFO - Processing file /home/airflow/.local/lib/python3.8/site-packages/airflow/example_dags/example_params_ui_tutorial.py for tasks to queue
[2024-11-06T14:23:15.267+0000] {logging_mixin.py:154} INFO - [2024-11-06T14:23:15.267+0000] {dagbag.py:536} INFO - Filling up the DagBag from /home/airflow/.local/lib/python3.8/site-packages/airflow/example_dags/example_params_ui_tutorial.py
[2024-11-06T14:23:15.285+0000] {processor.py:839} INFO - DAG(s) dict_keys(['example_params_ui_tutorial']) retrieved from /home/airflow/.local/lib/python3.8/site-packages/airflow/example_dags/example_params_ui_tutorial.py
[2024-11-06T14:23:15.314+0000] {logging_mixin.py:154} INFO - [2024-11-06T14:23:15.314+0000] {dag.py:2941} INFO - Sync 1 DAGs
[2024-11-06T14:23:15.319+0000] {logging_mixin.py:154} INFO - [2024-11-06T14:23:15.319+0000] {dag.py:3722} INFO - Setting next_dagrun for example_params_ui_tutorial to None, run_after=None
[2024-11-06T14:23:15.329+0000] {processor.py:179} INFO - Processing /home/airflow/.local/lib/python3.8/site-packages/airflow/example_dags/example_params_ui_tutorial.py took 0.065 seconds
[2024-11-06T14:31:01.889+0000] {processor.py:157} INFO - Started process (PID=2547) to work on /home/airflow/.local/lib/python3.8/site-packages/airflow/example_dags/example_params_ui_tutorial.py
[2024-11-06T14:31:01.891+0000] {processor.py:829} INFO - Processing file /home/airflow/.local/lib/python3.8/site-packages/airflow/example_dags/example_params_ui_tutorial.py for tasks to queue
[2024-11-06T14:31:01.894+0000] {logging_mixin.py:154} INFO - [2024-11-06T14:31:01.894+0000] {dagbag.py:536} INFO - Filling up the DagBag from /home/airflow/.local/lib/python3.8/site-packages/airflow/example_dags/example_params_ui_tutorial.py
[2024-11-06T14:31:01.914+0000] {processor.py:839} INFO - DAG(s) dict_keys(['example_params_ui_tutorial']) retrieved from /home/airflow/.local/lib/python3.8/site-packages/airflow/example_dags/example_params_ui_tutorial.py
[2024-11-06T14:31:01.949+0000] {logging_mixin.py:154} INFO - [2024-11-06T14:31:01.949+0000] {dag.py:2941} INFO - Sync 1 DAGs
[2024-11-06T14:31:01.961+0000] {logging_mixin.py:154} INFO - [2024-11-06T14:31:01.961+0000] {dag.py:3722} INFO - Setting next_dagrun for example_params_ui_tutorial to None, run_after=None
[2024-11-06T14:31:01.985+0000] {processor.py:179} INFO - Processing /home/airflow/.local/lib/python3.8/site-packages/airflow/example_dags/example_params_ui_tutorial.py took 0.099 seconds
[2024-11-06T14:36:36.509+0000] {processor.py:157} INFO - Started process (PID=2600) to work on /home/airflow/.local/lib/python3.8/site-packages/airflow/example_dags/example_params_ui_tutorial.py
[2024-11-06T14:36:36.510+0000] {processor.py:829} INFO - Processing file /home/airflow/.local/lib/python3.8/site-packages/airflow/example_dags/example_params_ui_tutorial.py for tasks to queue
[2024-11-06T14:36:36.511+0000] {logging_mixin.py:154} INFO - [2024-11-06T14:36:36.511+0000] {dagbag.py:536} INFO - Filling up the DagBag from /home/airflow/.local/lib/python3.8/site-packages/airflow/example_dags/example_params_ui_tutorial.py
[2024-11-06T14:36:36.526+0000] {processor.py:839} INFO - DAG(s) dict_keys(['example_params_ui_tutorial']) retrieved from /home/airflow/.local/lib/python3.8/site-packages/airflow/example_dags/example_params_ui_tutorial.py
[2024-11-06T14:36:36.551+0000] {logging_mixin.py:154} INFO - [2024-11-06T14:36:36.551+0000] {dag.py:2941} INFO - Sync 1 DAGs
[2024-11-06T14:36:36.556+0000] {logging_mixin.py:154} INFO - [2024-11-06T14:36:36.556+0000] {dag.py:3722} INFO - Setting next_dagrun for example_params_ui_tutorial to None, run_after=None
[2024-11-06T14:36:36.564+0000] {processor.py:179} INFO - Processing /home/airflow/.local/lib/python3.8/site-packages/airflow/example_dags/example_params_ui_tutorial.py took 0.057 seconds
[2024-11-06T15:02:52.839+0000] {processor.py:157} INFO - Started process (PID=2654) to work on /home/airflow/.local/lib/python3.8/site-packages/airflow/example_dags/example_params_ui_tutorial.py
[2024-11-06T15:02:52.844+0000] {processor.py:829} INFO - Processing file /home/airflow/.local/lib/python3.8/site-packages/airflow/example_dags/example_params_ui_tutorial.py for tasks to queue
[2024-11-06T15:02:52.846+0000] {logging_mixin.py:154} INFO - [2024-11-06T15:02:52.845+0000] {dagbag.py:536} INFO - Filling up the DagBag from /home/airflow/.local/lib/python3.8/site-packages/airflow/example_dags/example_params_ui_tutorial.py
[2024-11-06T15:02:52.885+0000] {processor.py:839} INFO - DAG(s) dict_keys(['example_params_ui_tutorial']) retrieved from /home/airflow/.local/lib/python3.8/site-packages/airflow/example_dags/example_params_ui_tutorial.py
[2024-11-06T15:02:52.926+0000] {logging_mixin.py:154} INFO - [2024-11-06T15:02:52.926+0000] {dag.py:2941} INFO - Sync 1 DAGs
[2024-11-06T15:02:52.942+0000] {logging_mixin.py:154} INFO - [2024-11-06T15:02:52.942+0000] {dag.py:3722} INFO - Setting next_dagrun for example_params_ui_tutorial to None, run_after=None
[2024-11-06T15:02:52.965+0000] {processor.py:179} INFO - Processing /home/airflow/.local/lib/python3.8/site-packages/airflow/example_dags/example_params_ui_tutorial.py took 0.134 seconds
[2024-11-06T15:37:16.965+0000] {processor.py:157} INFO - Started process (PID=2708) to work on /home/airflow/.local/lib/python3.8/site-packages/airflow/example_dags/example_params_ui_tutorial.py
[2024-11-06T15:37:16.967+0000] {processor.py:829} INFO - Processing file /home/airflow/.local/lib/python3.8/site-packages/airflow/example_dags/example_params_ui_tutorial.py for tasks to queue
[2024-11-06T15:37:16.969+0000] {logging_mixin.py:154} INFO - [2024-11-06T15:37:16.969+0000] {dagbag.py:536} INFO - Filling up the DagBag from /home/airflow/.local/lib/python3.8/site-packages/airflow/example_dags/example_params_ui_tutorial.py
[2024-11-06T15:37:16.984+0000] {processor.py:839} INFO - DAG(s) dict_keys(['example_params_ui_tutorial']) retrieved from /home/airflow/.local/lib/python3.8/site-packages/airflow/example_dags/example_params_ui_tutorial.py
[2024-11-06T15:37:17.006+0000] {logging_mixin.py:154} INFO - [2024-11-06T15:37:17.006+0000] {dag.py:2941} INFO - Sync 1 DAGs
[2024-11-06T15:37:17.013+0000] {logging_mixin.py:154} INFO - [2024-11-06T15:37:17.013+0000] {dag.py:3722} INFO - Setting next_dagrun for example_params_ui_tutorial to None, run_after=None
[2024-11-06T15:37:17.024+0000] {processor.py:179} INFO - Processing /home/airflow/.local/lib/python3.8/site-packages/airflow/example_dags/example_params_ui_tutorial.py took 0.061 seconds
[2024-11-06T15:48:09.301+0000] {processor.py:157} INFO - Started process (PID=2762) to work on /home/airflow/.local/lib/python3.8/site-packages/airflow/example_dags/example_params_ui_tutorial.py
[2024-11-06T15:48:09.302+0000] {processor.py:829} INFO - Processing file /home/airflow/.local/lib/python3.8/site-packages/airflow/example_dags/example_params_ui_tutorial.py for tasks to queue
[2024-11-06T15:48:09.303+0000] {logging_mixin.py:154} INFO - [2024-11-06T15:48:09.303+0000] {dagbag.py:536} INFO - Filling up the DagBag from /home/airflow/.local/lib/python3.8/site-packages/airflow/example_dags/example_params_ui_tutorial.py
[2024-11-06T15:48:09.319+0000] {processor.py:839} INFO - DAG(s) dict_keys(['example_params_ui_tutorial']) retrieved from /home/airflow/.local/lib/python3.8/site-packages/airflow/example_dags/example_params_ui_tutorial.py
[2024-11-06T15:48:09.342+0000] {logging_mixin.py:154} INFO - [2024-11-06T15:48:09.342+0000] {dag.py:2941} INFO - Sync 1 DAGs
[2024-11-06T15:48:09.351+0000] {logging_mixin.py:154} INFO - [2024-11-06T15:48:09.351+0000] {dag.py:3722} INFO - Setting next_dagrun for example_params_ui_tutorial to None, run_after=None
[2024-11-06T15:48:09.360+0000] {processor.py:179} INFO - Processing /home/airflow/.local/lib/python3.8/site-packages/airflow/example_dags/example_params_ui_tutorial.py took 0.060 seconds
[2024-11-06T16:49:03.746+0000] {processor.py:157} INFO - Started process (PID=2816) to work on /home/airflow/.local/lib/python3.8/site-packages/airflow/example_dags/example_params_ui_tutorial.py
[2024-11-06T16:49:03.747+0000] {processor.py:829} INFO - Processing file /home/airflow/.local/lib/python3.8/site-packages/airflow/example_dags/example_params_ui_tutorial.py for tasks to queue
[2024-11-06T16:49:03.748+0000] {logging_mixin.py:154} INFO - [2024-11-06T16:49:03.748+0000] {dagbag.py:536} INFO - Filling up the DagBag from /home/airflow/.local/lib/python3.8/site-packages/airflow/example_dags/example_params_ui_tutorial.py
[2024-11-06T16:49:03.765+0000] {processor.py:839} INFO - DAG(s) dict_keys(['example_params_ui_tutorial']) retrieved from /home/airflow/.local/lib/python3.8/site-packages/airflow/example_dags/example_params_ui_tutorial.py
[2024-11-06T16:49:03.791+0000] {logging_mixin.py:154} INFO - [2024-11-06T16:49:03.791+0000] {dag.py:2941} INFO - Sync 1 DAGs
[2024-11-06T16:49:03.797+0000] {logging_mixin.py:154} INFO - [2024-11-06T16:49:03.797+0000] {dag.py:3722} INFO - Setting next_dagrun for example_params_ui_tutorial to None, run_after=None
[2024-11-06T16:49:03.810+0000] {processor.py:179} INFO - Processing /home/airflow/.local/lib/python3.8/site-packages/airflow/example_dags/example_params_ui_tutorial.py took 0.066 seconds
[2024-11-06T16:49:56.534+0000] {processor.py:157} INFO - Started process (PID=2870) to work on /home/airflow/.local/lib/python3.8/site-packages/airflow/example_dags/example_params_ui_tutorial.py
[2024-11-06T16:49:56.537+0000] {processor.py:829} INFO - Processing file /home/airflow/.local/lib/python3.8/site-packages/airflow/example_dags/example_params_ui_tutorial.py for tasks to queue
[2024-11-06T16:49:56.538+0000] {logging_mixin.py:154} INFO - [2024-11-06T16:49:56.538+0000] {dagbag.py:536} INFO - Filling up the DagBag from /home/airflow/.local/lib/python3.8/site-packages/airflow/example_dags/example_params_ui_tutorial.py
[2024-11-06T16:49:56.553+0000] {processor.py:839} INFO - DAG(s) dict_keys(['example_params_ui_tutorial']) retrieved from /home/airflow/.local/lib/python3.8/site-packages/airflow/example_dags/example_params_ui_tutorial.py
[2024-11-06T16:49:56.574+0000] {logging_mixin.py:154} INFO - [2024-11-06T16:49:56.574+0000] {dag.py:2941} INFO - Sync 1 DAGs
[2024-11-06T16:49:56.580+0000] {logging_mixin.py:154} INFO - [2024-11-06T16:49:56.580+0000] {dag.py:3722} INFO - Setting next_dagrun for example_params_ui_tutorial to None, run_after=None
[2024-11-06T16:49:56.587+0000] {processor.py:179} INFO - Processing /home/airflow/.local/lib/python3.8/site-packages/airflow/example_dags/example_params_ui_tutorial.py took 0.054 seconds
[2024-11-06T17:40:08.532+0000] {processor.py:157} INFO - Started process (PID=2924) to work on /home/airflow/.local/lib/python3.8/site-packages/airflow/example_dags/example_params_ui_tutorial.py
[2024-11-06T17:40:08.532+0000] {processor.py:829} INFO - Processing file /home/airflow/.local/lib/python3.8/site-packages/airflow/example_dags/example_params_ui_tutorial.py for tasks to queue
[2024-11-06T17:40:08.533+0000] {logging_mixin.py:154} INFO - [2024-11-06T17:40:08.533+0000] {dagbag.py:536} INFO - Filling up the DagBag from /home/airflow/.local/lib/python3.8/site-packages/airflow/example_dags/example_params_ui_tutorial.py
[2024-11-06T17:40:08.550+0000] {processor.py:839} INFO - DAG(s) dict_keys(['example_params_ui_tutorial']) retrieved from /home/airflow/.local/lib/python3.8/site-packages/airflow/example_dags/example_params_ui_tutorial.py
[2024-11-06T17:40:08.573+0000] {logging_mixin.py:154} INFO - [2024-11-06T17:40:08.573+0000] {dag.py:2941} INFO - Sync 1 DAGs
[2024-11-06T17:40:08.580+0000] {logging_mixin.py:154} INFO - [2024-11-06T17:40:08.580+0000] {dag.py:3722} INFO - Setting next_dagrun for example_params_ui_tutorial to None, run_after=None
[2024-11-06T17:40:08.592+0000] {processor.py:179} INFO - Processing /home/airflow/.local/lib/python3.8/site-packages/airflow/example_dags/example_params_ui_tutorial.py took 0.062 seconds
[2024-11-06T18:40:20.835+0000] {processor.py:157} INFO - Started process (PID=2978) to work on /home/airflow/.local/lib/python3.8/site-packages/airflow/example_dags/example_params_ui_tutorial.py
[2024-11-06T18:40:20.836+0000] {processor.py:829} INFO - Processing file /home/airflow/.local/lib/python3.8/site-packages/airflow/example_dags/example_params_ui_tutorial.py for tasks to queue
[2024-11-06T18:40:20.839+0000] {logging_mixin.py:154} INFO - [2024-11-06T18:40:20.838+0000] {dagbag.py:536} INFO - Filling up the DagBag from /home/airflow/.local/lib/python3.8/site-packages/airflow/example_dags/example_params_ui_tutorial.py
[2024-11-06T18:40:20.860+0000] {processor.py:839} INFO - DAG(s) dict_keys(['example_params_ui_tutorial']) retrieved from /home/airflow/.local/lib/python3.8/site-packages/airflow/example_dags/example_params_ui_tutorial.py
[2024-11-06T18:40:20.894+0000] {logging_mixin.py:154} INFO - [2024-11-06T18:40:20.894+0000] {dag.py:2941} INFO - Sync 1 DAGs
[2024-11-06T18:40:20.903+0000] {logging_mixin.py:154} INFO - [2024-11-06T18:40:20.903+0000] {dag.py:3722} INFO - Setting next_dagrun for example_params_ui_tutorial to None, run_after=None
[2024-11-06T18:40:20.913+0000] {processor.py:179} INFO - Processing /home/airflow/.local/lib/python3.8/site-packages/airflow/example_dags/example_params_ui_tutorial.py took 0.081 seconds
[2024-11-06T19:56:54.666+0000] {processor.py:157} INFO - Started process (PID=3032) to work on /home/airflow/.local/lib/python3.8/site-packages/airflow/example_dags/example_params_ui_tutorial.py
[2024-11-06T19:56:54.667+0000] {processor.py:829} INFO - Processing file /home/airflow/.local/lib/python3.8/site-packages/airflow/example_dags/example_params_ui_tutorial.py for tasks to queue
[2024-11-06T19:56:54.668+0000] {logging_mixin.py:154} INFO - [2024-11-06T19:56:54.667+0000] {dagbag.py:536} INFO - Filling up the DagBag from /home/airflow/.local/lib/python3.8/site-packages/airflow/example_dags/example_params_ui_tutorial.py
[2024-11-06T19:56:54.684+0000] {processor.py:839} INFO - DAG(s) dict_keys(['example_params_ui_tutorial']) retrieved from /home/airflow/.local/lib/python3.8/site-packages/airflow/example_dags/example_params_ui_tutorial.py
[2024-11-06T19:56:54.705+0000] {logging_mixin.py:154} INFO - [2024-11-06T19:56:54.705+0000] {dag.py:2941} INFO - Sync 1 DAGs
[2024-11-06T19:56:54.710+0000] {logging_mixin.py:154} INFO - [2024-11-06T19:56:54.710+0000] {dag.py:3722} INFO - Setting next_dagrun for example_params_ui_tutorial to None, run_after=None
[2024-11-06T19:56:54.718+0000] {processor.py:179} INFO - Processing /home/airflow/.local/lib/python3.8/site-packages/airflow/example_dags/example_params_ui_tutorial.py took 0.054 seconds
[2024-11-06T20:41:41.244+0000] {processor.py:157} INFO - Started process (PID=3086) to work on /home/airflow/.local/lib/python3.8/site-packages/airflow/example_dags/example_params_ui_tutorial.py
[2024-11-06T20:41:41.246+0000] {processor.py:829} INFO - Processing file /home/airflow/.local/lib/python3.8/site-packages/airflow/example_dags/example_params_ui_tutorial.py for tasks to queue
[2024-11-06T20:41:41.247+0000] {logging_mixin.py:154} INFO - [2024-11-06T20:41:41.247+0000] {dagbag.py:536} INFO - Filling up the DagBag from /home/airflow/.local/lib/python3.8/site-packages/airflow/example_dags/example_params_ui_tutorial.py
[2024-11-06T20:41:41.264+0000] {processor.py:839} INFO - DAG(s) dict_keys(['example_params_ui_tutorial']) retrieved from /home/airflow/.local/lib/python3.8/site-packages/airflow/example_dags/example_params_ui_tutorial.py
[2024-11-06T20:41:41.287+0000] {logging_mixin.py:154} INFO - [2024-11-06T20:41:41.287+0000] {dag.py:2941} INFO - Sync 1 DAGs
[2024-11-06T20:41:41.292+0000] {logging_mixin.py:154} INFO - [2024-11-06T20:41:41.292+0000] {dag.py:3722} INFO - Setting next_dagrun for example_params_ui_tutorial to None, run_after=None
[2024-11-06T20:41:41.302+0000] {processor.py:179} INFO - Processing /home/airflow/.local/lib/python3.8/site-packages/airflow/example_dags/example_params_ui_tutorial.py took 0.060 seconds
[2024-11-06T22:09:50.589+0000] {processor.py:157} INFO - Started process (PID=3140) to work on /home/airflow/.local/lib/python3.8/site-packages/airflow/example_dags/example_params_ui_tutorial.py
[2024-11-06T22:09:50.590+0000] {processor.py:829} INFO - Processing file /home/airflow/.local/lib/python3.8/site-packages/airflow/example_dags/example_params_ui_tutorial.py for tasks to queue
[2024-11-06T22:09:50.593+0000] {logging_mixin.py:154} INFO - [2024-11-06T22:09:50.592+0000] {dagbag.py:536} INFO - Filling up the DagBag from /home/airflow/.local/lib/python3.8/site-packages/airflow/example_dags/example_params_ui_tutorial.py
[2024-11-06T22:09:50.620+0000] {processor.py:839} INFO - DAG(s) dict_keys(['example_params_ui_tutorial']) retrieved from /home/airflow/.local/lib/python3.8/site-packages/airflow/example_dags/example_params_ui_tutorial.py
[2024-11-06T22:09:50.660+0000] {logging_mixin.py:154} INFO - [2024-11-06T22:09:50.660+0000] {dag.py:2941} INFO - Sync 1 DAGs
[2024-11-06T22:09:50.673+0000] {logging_mixin.py:154} INFO - [2024-11-06T22:09:50.673+0000] {dag.py:3722} INFO - Setting next_dagrun for example_params_ui_tutorial to None, run_after=None
[2024-11-06T22:09:50.702+0000] {processor.py:179} INFO - Processing /home/airflow/.local/lib/python3.8/site-packages/airflow/example_dags/example_params_ui_tutorial.py took 0.117 seconds
[2024-11-06T23:10:56.514+0000] {processor.py:157} INFO - Started process (PID=3194) to work on /home/airflow/.local/lib/python3.8/site-packages/airflow/example_dags/example_params_ui_tutorial.py
[2024-11-06T23:10:56.515+0000] {processor.py:829} INFO - Processing file /home/airflow/.local/lib/python3.8/site-packages/airflow/example_dags/example_params_ui_tutorial.py for tasks to queue
[2024-11-06T23:10:56.516+0000] {logging_mixin.py:154} INFO - [2024-11-06T23:10:56.516+0000] {dagbag.py:536} INFO - Filling up the DagBag from /home/airflow/.local/lib/python3.8/site-packages/airflow/example_dags/example_params_ui_tutorial.py
[2024-11-06T23:10:56.531+0000] {processor.py:839} INFO - DAG(s) dict_keys(['example_params_ui_tutorial']) retrieved from /home/airflow/.local/lib/python3.8/site-packages/airflow/example_dags/example_params_ui_tutorial.py
[2024-11-06T23:10:56.554+0000] {logging_mixin.py:154} INFO - [2024-11-06T23:10:56.554+0000] {dag.py:2941} INFO - Sync 1 DAGs
[2024-11-06T23:10:56.560+0000] {logging_mixin.py:154} INFO - [2024-11-06T23:10:56.559+0000] {dag.py:3722} INFO - Setting next_dagrun for example_params_ui_tutorial to None, run_after=None
[2024-11-06T23:10:56.571+0000] {processor.py:179} INFO - Processing /home/airflow/.local/lib/python3.8/site-packages/airflow/example_dags/example_params_ui_tutorial.py took 0.058 seconds
[2024-11-06T23:49:21.212+0000] {processor.py:157} INFO - Started process (PID=3248) to work on /home/airflow/.local/lib/python3.8/site-packages/airflow/example_dags/example_params_ui_tutorial.py
[2024-11-06T23:49:21.213+0000] {processor.py:829} INFO - Processing file /home/airflow/.local/lib/python3.8/site-packages/airflow/example_dags/example_params_ui_tutorial.py for tasks to queue
[2024-11-06T23:49:21.214+0000] {logging_mixin.py:154} INFO - [2024-11-06T23:49:21.214+0000] {dagbag.py:536} INFO - Filling up the DagBag from /home/airflow/.local/lib/python3.8/site-packages/airflow/example_dags/example_params_ui_tutorial.py
[2024-11-06T23:49:21.233+0000] {processor.py:839} INFO - DAG(s) dict_keys(['example_params_ui_tutorial']) retrieved from /home/airflow/.local/lib/python3.8/site-packages/airflow/example_dags/example_params_ui_tutorial.py
[2024-11-06T23:49:21.260+0000] {logging_mixin.py:154} INFO - [2024-11-06T23:49:21.260+0000] {dag.py:2941} INFO - Sync 1 DAGs
[2024-11-06T23:49:21.270+0000] {logging_mixin.py:154} INFO - [2024-11-06T23:49:21.270+0000] {dag.py:3722} INFO - Setting next_dagrun for example_params_ui_tutorial to None, run_after=None
[2024-11-06T23:49:21.281+0000] {processor.py:179} INFO - Processing /home/airflow/.local/lib/python3.8/site-packages/airflow/example_dags/example_params_ui_tutorial.py took 0.070 seconds
