[2024-11-06T08:43:20.050+0000] {processor.py:157} INFO - Started process (PID=76) to work on /home/airflow/.local/lib/python3.8/site-packages/airflow/example_dags/example_branch_day_of_week_operator.py
[2024-11-06T08:43:20.051+0000] {processor.py:829} INFO - Processing file /home/airflow/.local/lib/python3.8/site-packages/airflow/example_dags/example_branch_day_of_week_operator.py for tasks to queue
[2024-11-06T08:43:20.052+0000] {logging_mixin.py:154} INFO - [2024-11-06T08:43:20.052+0000] {dagbag.py:536} INFO - Filling up the DagBag from /home/airflow/.local/lib/python3.8/site-packages/airflow/example_dags/example_branch_day_of_week_operator.py
[2024-11-06T08:43:20.059+0000] {processor.py:839} INFO - DAG(s) dict_keys(['example_weekday_branch_operator']) retrieved from /home/airflow/.local/lib/python3.8/site-packages/airflow/example_dags/example_branch_day_of_week_operator.py
[2024-11-06T08:43:20.072+0000] {logging_mixin.py:154} INFO - [2024-11-06T08:43:20.072+0000] {dag.py:2941} INFO - Sync 1 DAGs
[2024-11-06T08:43:20.088+0000] {logging_mixin.py:154} INFO - [2024-11-06T08:43:20.088+0000] {dag.py:3722} INFO - Setting next_dagrun for example_weekday_branch_operator to 2024-11-05T00:00:00+00:00, run_after=2024-11-06T00:00:00+00:00
[2024-11-06T08:43:20.104+0000] {processor.py:179} INFO - Processing /home/airflow/.local/lib/python3.8/site-packages/airflow/example_dags/example_branch_day_of_week_operator.py took 0.057 seconds
[2024-11-06T08:43:50.212+0000] {processor.py:157} INFO - Started process (PID=130) to work on /home/airflow/.local/lib/python3.8/site-packages/airflow/example_dags/example_branch_day_of_week_operator.py
[2024-11-06T08:43:50.213+0000] {processor.py:829} INFO - Processing file /home/airflow/.local/lib/python3.8/site-packages/airflow/example_dags/example_branch_day_of_week_operator.py for tasks to queue
[2024-11-06T08:43:50.214+0000] {logging_mixin.py:154} INFO - [2024-11-06T08:43:50.214+0000] {dagbag.py:536} INFO - Filling up the DagBag from /home/airflow/.local/lib/python3.8/site-packages/airflow/example_dags/example_branch_day_of_week_operator.py
[2024-11-06T08:43:50.218+0000] {processor.py:839} INFO - DAG(s) dict_keys(['example_weekday_branch_operator']) retrieved from /home/airflow/.local/lib/python3.8/site-packages/airflow/example_dags/example_branch_day_of_week_operator.py
[2024-11-06T08:43:50.230+0000] {logging_mixin.py:154} INFO - [2024-11-06T08:43:50.230+0000] {dag.py:2941} INFO - Sync 1 DAGs
[2024-11-06T08:43:50.240+0000] {logging_mixin.py:154} INFO - [2024-11-06T08:43:50.239+0000] {dag.py:3722} INFO - Setting next_dagrun for example_weekday_branch_operator to 2024-11-05T00:00:00+00:00, run_after=2024-11-06T00:00:00+00:00
[2024-11-06T08:43:50.246+0000] {processor.py:179} INFO - Processing /home/airflow/.local/lib/python3.8/site-packages/airflow/example_dags/example_branch_day_of_week_operator.py took 0.037 seconds
[2024-11-06T08:44:20.608+0000] {processor.py:157} INFO - Started process (PID=184) to work on /home/airflow/.local/lib/python3.8/site-packages/airflow/example_dags/example_branch_day_of_week_operator.py
[2024-11-06T08:44:20.609+0000] {processor.py:829} INFO - Processing file /home/airflow/.local/lib/python3.8/site-packages/airflow/example_dags/example_branch_day_of_week_operator.py for tasks to queue
[2024-11-06T08:44:20.610+0000] {logging_mixin.py:154} INFO - [2024-11-06T08:44:20.610+0000] {dagbag.py:536} INFO - Filling up the DagBag from /home/airflow/.local/lib/python3.8/site-packages/airflow/example_dags/example_branch_day_of_week_operator.py
[2024-11-06T08:44:20.613+0000] {processor.py:839} INFO - DAG(s) dict_keys(['example_weekday_branch_operator']) retrieved from /home/airflow/.local/lib/python3.8/site-packages/airflow/example_dags/example_branch_day_of_week_operator.py
[2024-11-06T08:44:20.626+0000] {logging_mixin.py:154} INFO - [2024-11-06T08:44:20.626+0000] {dag.py:2941} INFO - Sync 1 DAGs
[2024-11-06T08:44:20.637+0000] {logging_mixin.py:154} INFO - [2024-11-06T08:44:20.637+0000] {dag.py:3722} INFO - Setting next_dagrun for example_weekday_branch_operator to 2024-11-05T00:00:00+00:00, run_after=2024-11-06T00:00:00+00:00
[2024-11-06T08:44:20.647+0000] {processor.py:179} INFO - Processing /home/airflow/.local/lib/python3.8/site-packages/airflow/example_dags/example_branch_day_of_week_operator.py took 0.040 seconds
[2024-11-06T08:44:50.954+0000] {processor.py:157} INFO - Started process (PID=238) to work on /home/airflow/.local/lib/python3.8/site-packages/airflow/example_dags/example_branch_day_of_week_operator.py
[2024-11-06T08:44:50.955+0000] {processor.py:829} INFO - Processing file /home/airflow/.local/lib/python3.8/site-packages/airflow/example_dags/example_branch_day_of_week_operator.py for tasks to queue
[2024-11-06T08:44:50.956+0000] {logging_mixin.py:154} INFO - [2024-11-06T08:44:50.956+0000] {dagbag.py:536} INFO - Filling up the DagBag from /home/airflow/.local/lib/python3.8/site-packages/airflow/example_dags/example_branch_day_of_week_operator.py
[2024-11-06T08:44:50.961+0000] {processor.py:839} INFO - DAG(s) dict_keys(['example_weekday_branch_operator']) retrieved from /home/airflow/.local/lib/python3.8/site-packages/airflow/example_dags/example_branch_day_of_week_operator.py
[2024-11-06T08:44:50.973+0000] {logging_mixin.py:154} INFO - [2024-11-06T08:44:50.973+0000] {dag.py:2941} INFO - Sync 1 DAGs
[2024-11-06T08:44:50.984+0000] {logging_mixin.py:154} INFO - [2024-11-06T08:44:50.984+0000] {dag.py:3722} INFO - Setting next_dagrun for example_weekday_branch_operator to 2024-11-05T00:00:00+00:00, run_after=2024-11-06T00:00:00+00:00
[2024-11-06T08:44:50.999+0000] {processor.py:179} INFO - Processing /home/airflow/.local/lib/python3.8/site-packages/airflow/example_dags/example_branch_day_of_week_operator.py took 0.046 seconds
[2024-11-06T08:45:21.311+0000] {processor.py:157} INFO - Started process (PID=292) to work on /home/airflow/.local/lib/python3.8/site-packages/airflow/example_dags/example_branch_day_of_week_operator.py
[2024-11-06T08:45:21.313+0000] {processor.py:829} INFO - Processing file /home/airflow/.local/lib/python3.8/site-packages/airflow/example_dags/example_branch_day_of_week_operator.py for tasks to queue
[2024-11-06T08:45:21.314+0000] {logging_mixin.py:154} INFO - [2024-11-06T08:45:21.314+0000] {dagbag.py:536} INFO - Filling up the DagBag from /home/airflow/.local/lib/python3.8/site-packages/airflow/example_dags/example_branch_day_of_week_operator.py
[2024-11-06T08:45:21.317+0000] {processor.py:839} INFO - DAG(s) dict_keys(['example_weekday_branch_operator']) retrieved from /home/airflow/.local/lib/python3.8/site-packages/airflow/example_dags/example_branch_day_of_week_operator.py
[2024-11-06T08:45:21.327+0000] {logging_mixin.py:154} INFO - [2024-11-06T08:45:21.327+0000] {dag.py:2941} INFO - Sync 1 DAGs
[2024-11-06T08:45:21.337+0000] {logging_mixin.py:154} INFO - [2024-11-06T08:45:21.337+0000] {dag.py:3722} INFO - Setting next_dagrun for example_weekday_branch_operator to 2024-11-05T00:00:00+00:00, run_after=2024-11-06T00:00:00+00:00
[2024-11-06T08:45:21.346+0000] {processor.py:179} INFO - Processing /home/airflow/.local/lib/python3.8/site-packages/airflow/example_dags/example_branch_day_of_week_operator.py took 0.037 seconds
[2024-11-06T08:45:51.719+0000] {processor.py:157} INFO - Started process (PID=346) to work on /home/airflow/.local/lib/python3.8/site-packages/airflow/example_dags/example_branch_day_of_week_operator.py
[2024-11-06T08:45:51.720+0000] {processor.py:829} INFO - Processing file /home/airflow/.local/lib/python3.8/site-packages/airflow/example_dags/example_branch_day_of_week_operator.py for tasks to queue
[2024-11-06T08:45:51.721+0000] {logging_mixin.py:154} INFO - [2024-11-06T08:45:51.720+0000] {dagbag.py:536} INFO - Filling up the DagBag from /home/airflow/.local/lib/python3.8/site-packages/airflow/example_dags/example_branch_day_of_week_operator.py
[2024-11-06T08:45:51.724+0000] {processor.py:839} INFO - DAG(s) dict_keys(['example_weekday_branch_operator']) retrieved from /home/airflow/.local/lib/python3.8/site-packages/airflow/example_dags/example_branch_day_of_week_operator.py
[2024-11-06T08:45:51.734+0000] {logging_mixin.py:154} INFO - [2024-11-06T08:45:51.734+0000] {dag.py:2941} INFO - Sync 1 DAGs
[2024-11-06T08:45:51.747+0000] {logging_mixin.py:154} INFO - [2024-11-06T08:45:51.747+0000] {dag.py:3722} INFO - Setting next_dagrun for example_weekday_branch_operator to 2024-11-05T00:00:00+00:00, run_after=2024-11-06T00:00:00+00:00
[2024-11-06T08:45:51.759+0000] {processor.py:179} INFO - Processing /home/airflow/.local/lib/python3.8/site-packages/airflow/example_dags/example_branch_day_of_week_operator.py took 0.042 seconds
[2024-11-06T08:46:22.308+0000] {processor.py:157} INFO - Started process (PID=400) to work on /home/airflow/.local/lib/python3.8/site-packages/airflow/example_dags/example_branch_day_of_week_operator.py
[2024-11-06T08:46:22.309+0000] {processor.py:829} INFO - Processing file /home/airflow/.local/lib/python3.8/site-packages/airflow/example_dags/example_branch_day_of_week_operator.py for tasks to queue
[2024-11-06T08:46:22.311+0000] {logging_mixin.py:154} INFO - [2024-11-06T08:46:22.311+0000] {dagbag.py:536} INFO - Filling up the DagBag from /home/airflow/.local/lib/python3.8/site-packages/airflow/example_dags/example_branch_day_of_week_operator.py
[2024-11-06T08:46:22.314+0000] {processor.py:839} INFO - DAG(s) dict_keys(['example_weekday_branch_operator']) retrieved from /home/airflow/.local/lib/python3.8/site-packages/airflow/example_dags/example_branch_day_of_week_operator.py
[2024-11-06T08:46:22.328+0000] {logging_mixin.py:154} INFO - [2024-11-06T08:46:22.328+0000] {dag.py:2941} INFO - Sync 1 DAGs
[2024-11-06T08:46:22.340+0000] {logging_mixin.py:154} INFO - [2024-11-06T08:46:22.340+0000] {dag.py:3722} INFO - Setting next_dagrun for example_weekday_branch_operator to 2024-11-05T00:00:00+00:00, run_after=2024-11-06T00:00:00+00:00
[2024-11-06T08:46:22.354+0000] {processor.py:179} INFO - Processing /home/airflow/.local/lib/python3.8/site-packages/airflow/example_dags/example_branch_day_of_week_operator.py took 0.048 seconds
[2024-11-06T08:46:52.980+0000] {processor.py:157} INFO - Started process (PID=461) to work on /home/airflow/.local/lib/python3.8/site-packages/airflow/example_dags/example_branch_day_of_week_operator.py
[2024-11-06T08:46:52.981+0000] {processor.py:829} INFO - Processing file /home/airflow/.local/lib/python3.8/site-packages/airflow/example_dags/example_branch_day_of_week_operator.py for tasks to queue
[2024-11-06T08:46:52.982+0000] {logging_mixin.py:154} INFO - [2024-11-06T08:46:52.982+0000] {dagbag.py:536} INFO - Filling up the DagBag from /home/airflow/.local/lib/python3.8/site-packages/airflow/example_dags/example_branch_day_of_week_operator.py
[2024-11-06T08:46:52.985+0000] {processor.py:839} INFO - DAG(s) dict_keys(['example_weekday_branch_operator']) retrieved from /home/airflow/.local/lib/python3.8/site-packages/airflow/example_dags/example_branch_day_of_week_operator.py
[2024-11-06T08:46:52.994+0000] {logging_mixin.py:154} INFO - [2024-11-06T08:46:52.994+0000] {dag.py:2941} INFO - Sync 1 DAGs
[2024-11-06T08:46:53.003+0000] {logging_mixin.py:154} INFO - [2024-11-06T08:46:53.003+0000] {dag.py:3722} INFO - Setting next_dagrun for example_weekday_branch_operator to 2024-11-05T00:00:00+00:00, run_after=2024-11-06T00:00:00+00:00
[2024-11-06T08:46:53.010+0000] {processor.py:179} INFO - Processing /home/airflow/.local/lib/python3.8/site-packages/airflow/example_dags/example_branch_day_of_week_operator.py took 0.031 seconds
[2024-11-06T08:47:23.333+0000] {processor.py:157} INFO - Started process (PID=515) to work on /home/airflow/.local/lib/python3.8/site-packages/airflow/example_dags/example_branch_day_of_week_operator.py
[2024-11-06T08:47:23.334+0000] {processor.py:829} INFO - Processing file /home/airflow/.local/lib/python3.8/site-packages/airflow/example_dags/example_branch_day_of_week_operator.py for tasks to queue
[2024-11-06T08:47:23.335+0000] {logging_mixin.py:154} INFO - [2024-11-06T08:47:23.335+0000] {dagbag.py:536} INFO - Filling up the DagBag from /home/airflow/.local/lib/python3.8/site-packages/airflow/example_dags/example_branch_day_of_week_operator.py
[2024-11-06T08:47:23.338+0000] {processor.py:839} INFO - DAG(s) dict_keys(['example_weekday_branch_operator']) retrieved from /home/airflow/.local/lib/python3.8/site-packages/airflow/example_dags/example_branch_day_of_week_operator.py
[2024-11-06T08:47:23.348+0000] {logging_mixin.py:154} INFO - [2024-11-06T08:47:23.348+0000] {dag.py:2941} INFO - Sync 1 DAGs
[2024-11-06T08:47:23.357+0000] {logging_mixin.py:154} INFO - [2024-11-06T08:47:23.357+0000] {dag.py:3722} INFO - Setting next_dagrun for example_weekday_branch_operator to 2024-11-05T00:00:00+00:00, run_after=2024-11-06T00:00:00+00:00
[2024-11-06T08:47:23.364+0000] {processor.py:179} INFO - Processing /home/airflow/.local/lib/python3.8/site-packages/airflow/example_dags/example_branch_day_of_week_operator.py took 0.033 seconds
[2024-11-06T08:47:53.718+0000] {processor.py:157} INFO - Started process (PID=570) to work on /home/airflow/.local/lib/python3.8/site-packages/airflow/example_dags/example_branch_day_of_week_operator.py
[2024-11-06T08:47:53.719+0000] {processor.py:829} INFO - Processing file /home/airflow/.local/lib/python3.8/site-packages/airflow/example_dags/example_branch_day_of_week_operator.py for tasks to queue
[2024-11-06T08:47:53.720+0000] {logging_mixin.py:154} INFO - [2024-11-06T08:47:53.720+0000] {dagbag.py:536} INFO - Filling up the DagBag from /home/airflow/.local/lib/python3.8/site-packages/airflow/example_dags/example_branch_day_of_week_operator.py
[2024-11-06T08:47:53.724+0000] {processor.py:839} INFO - DAG(s) dict_keys(['example_weekday_branch_operator']) retrieved from /home/airflow/.local/lib/python3.8/site-packages/airflow/example_dags/example_branch_day_of_week_operator.py
[2024-11-06T08:47:53.734+0000] {logging_mixin.py:154} INFO - [2024-11-06T08:47:53.734+0000] {dag.py:2941} INFO - Sync 1 DAGs
[2024-11-06T08:47:53.745+0000] {logging_mixin.py:154} INFO - [2024-11-06T08:47:53.745+0000] {dag.py:3722} INFO - Setting next_dagrun for example_weekday_branch_operator to 2024-11-05T00:00:00+00:00, run_after=2024-11-06T00:00:00+00:00
[2024-11-06T08:47:53.752+0000] {processor.py:179} INFO - Processing /home/airflow/.local/lib/python3.8/site-packages/airflow/example_dags/example_branch_day_of_week_operator.py took 0.036 seconds
[2024-11-06T08:48:24.078+0000] {processor.py:157} INFO - Started process (PID=624) to work on /home/airflow/.local/lib/python3.8/site-packages/airflow/example_dags/example_branch_day_of_week_operator.py
[2024-11-06T08:48:24.079+0000] {processor.py:829} INFO - Processing file /home/airflow/.local/lib/python3.8/site-packages/airflow/example_dags/example_branch_day_of_week_operator.py for tasks to queue
[2024-11-06T08:48:24.080+0000] {logging_mixin.py:154} INFO - [2024-11-06T08:48:24.080+0000] {dagbag.py:536} INFO - Filling up the DagBag from /home/airflow/.local/lib/python3.8/site-packages/airflow/example_dags/example_branch_day_of_week_operator.py
[2024-11-06T08:48:24.083+0000] {processor.py:839} INFO - DAG(s) dict_keys(['example_weekday_branch_operator']) retrieved from /home/airflow/.local/lib/python3.8/site-packages/airflow/example_dags/example_branch_day_of_week_operator.py
[2024-11-06T08:48:24.096+0000] {logging_mixin.py:154} INFO - [2024-11-06T08:48:24.096+0000] {dag.py:2941} INFO - Sync 1 DAGs
[2024-11-06T08:48:24.108+0000] {logging_mixin.py:154} INFO - [2024-11-06T08:48:24.108+0000] {dag.py:3722} INFO - Setting next_dagrun for example_weekday_branch_operator to 2024-11-05T00:00:00+00:00, run_after=2024-11-06T00:00:00+00:00
[2024-11-06T08:48:24.119+0000] {processor.py:179} INFO - Processing /home/airflow/.local/lib/python3.8/site-packages/airflow/example_dags/example_branch_day_of_week_operator.py took 0.042 seconds
[2024-11-06T08:48:54.366+0000] {processor.py:157} INFO - Started process (PID=678) to work on /home/airflow/.local/lib/python3.8/site-packages/airflow/example_dags/example_branch_day_of_week_operator.py
[2024-11-06T08:48:54.367+0000] {processor.py:829} INFO - Processing file /home/airflow/.local/lib/python3.8/site-packages/airflow/example_dags/example_branch_day_of_week_operator.py for tasks to queue
[2024-11-06T08:48:54.368+0000] {logging_mixin.py:154} INFO - [2024-11-06T08:48:54.368+0000] {dagbag.py:536} INFO - Filling up the DagBag from /home/airflow/.local/lib/python3.8/site-packages/airflow/example_dags/example_branch_day_of_week_operator.py
[2024-11-06T08:48:54.371+0000] {processor.py:839} INFO - DAG(s) dict_keys(['example_weekday_branch_operator']) retrieved from /home/airflow/.local/lib/python3.8/site-packages/airflow/example_dags/example_branch_day_of_week_operator.py
[2024-11-06T08:48:54.380+0000] {logging_mixin.py:154} INFO - [2024-11-06T08:48:54.380+0000] {dag.py:2941} INFO - Sync 1 DAGs
[2024-11-06T08:48:54.390+0000] {logging_mixin.py:154} INFO - [2024-11-06T08:48:54.390+0000] {dag.py:3722} INFO - Setting next_dagrun for example_weekday_branch_operator to 2024-11-05T00:00:00+00:00, run_after=2024-11-06T00:00:00+00:00
[2024-11-06T08:48:54.398+0000] {processor.py:179} INFO - Processing /home/airflow/.local/lib/python3.8/site-packages/airflow/example_dags/example_branch_day_of_week_operator.py took 0.034 seconds
[2024-11-06T08:49:24.577+0000] {processor.py:157} INFO - Started process (PID=732) to work on /home/airflow/.local/lib/python3.8/site-packages/airflow/example_dags/example_branch_day_of_week_operator.py
[2024-11-06T08:49:24.578+0000] {processor.py:829} INFO - Processing file /home/airflow/.local/lib/python3.8/site-packages/airflow/example_dags/example_branch_day_of_week_operator.py for tasks to queue
[2024-11-06T08:49:24.579+0000] {logging_mixin.py:154} INFO - [2024-11-06T08:49:24.579+0000] {dagbag.py:536} INFO - Filling up the DagBag from /home/airflow/.local/lib/python3.8/site-packages/airflow/example_dags/example_branch_day_of_week_operator.py
[2024-11-06T08:49:24.582+0000] {processor.py:839} INFO - DAG(s) dict_keys(['example_weekday_branch_operator']) retrieved from /home/airflow/.local/lib/python3.8/site-packages/airflow/example_dags/example_branch_day_of_week_operator.py
[2024-11-06T08:49:24.590+0000] {logging_mixin.py:154} INFO - [2024-11-06T08:49:24.590+0000] {dag.py:2941} INFO - Sync 1 DAGs
[2024-11-06T08:49:24.599+0000] {logging_mixin.py:154} INFO - [2024-11-06T08:49:24.599+0000] {dag.py:3722} INFO - Setting next_dagrun for example_weekday_branch_operator to 2024-11-05T00:00:00+00:00, run_after=2024-11-06T00:00:00+00:00
[2024-11-06T08:49:24.607+0000] {processor.py:179} INFO - Processing /home/airflow/.local/lib/python3.8/site-packages/airflow/example_dags/example_branch_day_of_week_operator.py took 0.031 seconds
[2024-11-06T08:49:54.819+0000] {processor.py:157} INFO - Started process (PID=785) to work on /home/airflow/.local/lib/python3.8/site-packages/airflow/example_dags/example_branch_day_of_week_operator.py
[2024-11-06T08:49:54.819+0000] {processor.py:829} INFO - Processing file /home/airflow/.local/lib/python3.8/site-packages/airflow/example_dags/example_branch_day_of_week_operator.py for tasks to queue
[2024-11-06T08:49:54.820+0000] {logging_mixin.py:154} INFO - [2024-11-06T08:49:54.820+0000] {dagbag.py:536} INFO - Filling up the DagBag from /home/airflow/.local/lib/python3.8/site-packages/airflow/example_dags/example_branch_day_of_week_operator.py
[2024-11-06T08:49:54.823+0000] {processor.py:839} INFO - DAG(s) dict_keys(['example_weekday_branch_operator']) retrieved from /home/airflow/.local/lib/python3.8/site-packages/airflow/example_dags/example_branch_day_of_week_operator.py
[2024-11-06T08:49:54.834+0000] {logging_mixin.py:154} INFO - [2024-11-06T08:49:54.834+0000] {dag.py:2941} INFO - Sync 1 DAGs
[2024-11-06T08:49:54.843+0000] {logging_mixin.py:154} INFO - [2024-11-06T08:49:54.843+0000] {dag.py:3722} INFO - Setting next_dagrun for example_weekday_branch_operator to 2024-11-05T00:00:00+00:00, run_after=2024-11-06T00:00:00+00:00
[2024-11-06T08:49:54.850+0000] {processor.py:179} INFO - Processing /home/airflow/.local/lib/python3.8/site-packages/airflow/example_dags/example_branch_day_of_week_operator.py took 0.032 seconds
[2024-11-06T08:50:25.073+0000] {processor.py:157} INFO - Started process (PID=839) to work on /home/airflow/.local/lib/python3.8/site-packages/airflow/example_dags/example_branch_day_of_week_operator.py
[2024-11-06T08:50:25.074+0000] {processor.py:829} INFO - Processing file /home/airflow/.local/lib/python3.8/site-packages/airflow/example_dags/example_branch_day_of_week_operator.py for tasks to queue
[2024-11-06T08:50:25.076+0000] {logging_mixin.py:154} INFO - [2024-11-06T08:50:25.076+0000] {dagbag.py:536} INFO - Filling up the DagBag from /home/airflow/.local/lib/python3.8/site-packages/airflow/example_dags/example_branch_day_of_week_operator.py
[2024-11-06T08:50:25.081+0000] {processor.py:839} INFO - DAG(s) dict_keys(['example_weekday_branch_operator']) retrieved from /home/airflow/.local/lib/python3.8/site-packages/airflow/example_dags/example_branch_day_of_week_operator.py
[2024-11-06T08:50:25.093+0000] {logging_mixin.py:154} INFO - [2024-11-06T08:50:25.093+0000] {dag.py:2941} INFO - Sync 1 DAGs
[2024-11-06T08:50:25.102+0000] {logging_mixin.py:154} INFO - [2024-11-06T08:50:25.102+0000] {dag.py:3722} INFO - Setting next_dagrun for example_weekday_branch_operator to 2024-11-05T00:00:00+00:00, run_after=2024-11-06T00:00:00+00:00
[2024-11-06T08:50:25.109+0000] {processor.py:179} INFO - Processing /home/airflow/.local/lib/python3.8/site-packages/airflow/example_dags/example_branch_day_of_week_operator.py took 0.038 seconds
[2024-11-06T08:50:55.304+0000] {processor.py:157} INFO - Started process (PID=893) to work on /home/airflow/.local/lib/python3.8/site-packages/airflow/example_dags/example_branch_day_of_week_operator.py
[2024-11-06T08:50:55.305+0000] {processor.py:829} INFO - Processing file /home/airflow/.local/lib/python3.8/site-packages/airflow/example_dags/example_branch_day_of_week_operator.py for tasks to queue
[2024-11-06T08:50:55.306+0000] {logging_mixin.py:154} INFO - [2024-11-06T08:50:55.305+0000] {dagbag.py:536} INFO - Filling up the DagBag from /home/airflow/.local/lib/python3.8/site-packages/airflow/example_dags/example_branch_day_of_week_operator.py
[2024-11-06T08:50:55.309+0000] {processor.py:839} INFO - DAG(s) dict_keys(['example_weekday_branch_operator']) retrieved from /home/airflow/.local/lib/python3.8/site-packages/airflow/example_dags/example_branch_day_of_week_operator.py
[2024-11-06T08:50:55.320+0000] {logging_mixin.py:154} INFO - [2024-11-06T08:50:55.319+0000] {dag.py:2941} INFO - Sync 1 DAGs
[2024-11-06T08:50:55.331+0000] {logging_mixin.py:154} INFO - [2024-11-06T08:50:55.330+0000] {dag.py:3722} INFO - Setting next_dagrun for example_weekday_branch_operator to 2024-11-05T00:00:00+00:00, run_after=2024-11-06T00:00:00+00:00
[2024-11-06T08:50:55.337+0000] {processor.py:179} INFO - Processing /home/airflow/.local/lib/python3.8/site-packages/airflow/example_dags/example_branch_day_of_week_operator.py took 0.035 seconds
[2024-11-06T08:51:25.745+0000] {processor.py:157} INFO - Started process (PID=947) to work on /home/airflow/.local/lib/python3.8/site-packages/airflow/example_dags/example_branch_day_of_week_operator.py
[2024-11-06T08:51:25.747+0000] {processor.py:829} INFO - Processing file /home/airflow/.local/lib/python3.8/site-packages/airflow/example_dags/example_branch_day_of_week_operator.py for tasks to queue
[2024-11-06T08:51:25.748+0000] {logging_mixin.py:154} INFO - [2024-11-06T08:51:25.747+0000] {dagbag.py:536} INFO - Filling up the DagBag from /home/airflow/.local/lib/python3.8/site-packages/airflow/example_dags/example_branch_day_of_week_operator.py
[2024-11-06T08:51:25.751+0000] {processor.py:839} INFO - DAG(s) dict_keys(['example_weekday_branch_operator']) retrieved from /home/airflow/.local/lib/python3.8/site-packages/airflow/example_dags/example_branch_day_of_week_operator.py
[2024-11-06T08:51:25.761+0000] {logging_mixin.py:154} INFO - [2024-11-06T08:51:25.761+0000] {dag.py:2941} INFO - Sync 1 DAGs
[2024-11-06T08:51:25.771+0000] {logging_mixin.py:154} INFO - [2024-11-06T08:51:25.771+0000] {dag.py:3722} INFO - Setting next_dagrun for example_weekday_branch_operator to 2024-11-05T00:00:00+00:00, run_after=2024-11-06T00:00:00+00:00
[2024-11-06T08:51:25.778+0000] {processor.py:179} INFO - Processing /home/airflow/.local/lib/python3.8/site-packages/airflow/example_dags/example_branch_day_of_week_operator.py took 0.035 seconds
[2024-11-06T08:51:55.976+0000] {processor.py:157} INFO - Started process (PID=1001) to work on /home/airflow/.local/lib/python3.8/site-packages/airflow/example_dags/example_branch_day_of_week_operator.py
[2024-11-06T08:51:55.977+0000] {processor.py:829} INFO - Processing file /home/airflow/.local/lib/python3.8/site-packages/airflow/example_dags/example_branch_day_of_week_operator.py for tasks to queue
[2024-11-06T08:51:55.978+0000] {logging_mixin.py:154} INFO - [2024-11-06T08:51:55.978+0000] {dagbag.py:536} INFO - Filling up the DagBag from /home/airflow/.local/lib/python3.8/site-packages/airflow/example_dags/example_branch_day_of_week_operator.py
[2024-11-06T08:51:55.982+0000] {processor.py:839} INFO - DAG(s) dict_keys(['example_weekday_branch_operator']) retrieved from /home/airflow/.local/lib/python3.8/site-packages/airflow/example_dags/example_branch_day_of_week_operator.py
[2024-11-06T08:51:55.991+0000] {logging_mixin.py:154} INFO - [2024-11-06T08:51:55.991+0000] {dag.py:2941} INFO - Sync 1 DAGs
[2024-11-06T08:51:56.001+0000] {logging_mixin.py:154} INFO - [2024-11-06T08:51:56.001+0000] {dag.py:3722} INFO - Setting next_dagrun for example_weekday_branch_operator to 2024-11-05T00:00:00+00:00, run_after=2024-11-06T00:00:00+00:00
[2024-11-06T08:51:56.011+0000] {processor.py:179} INFO - Processing /home/airflow/.local/lib/python3.8/site-packages/airflow/example_dags/example_branch_day_of_week_operator.py took 0.036 seconds
[2024-11-06T08:52:26.355+0000] {processor.py:157} INFO - Started process (PID=1055) to work on /home/airflow/.local/lib/python3.8/site-packages/airflow/example_dags/example_branch_day_of_week_operator.py
[2024-11-06T08:52:26.355+0000] {processor.py:829} INFO - Processing file /home/airflow/.local/lib/python3.8/site-packages/airflow/example_dags/example_branch_day_of_week_operator.py for tasks to queue
[2024-11-06T08:52:26.356+0000] {logging_mixin.py:154} INFO - [2024-11-06T08:52:26.356+0000] {dagbag.py:536} INFO - Filling up the DagBag from /home/airflow/.local/lib/python3.8/site-packages/airflow/example_dags/example_branch_day_of_week_operator.py
[2024-11-06T08:52:26.360+0000] {processor.py:839} INFO - DAG(s) dict_keys(['example_weekday_branch_operator']) retrieved from /home/airflow/.local/lib/python3.8/site-packages/airflow/example_dags/example_branch_day_of_week_operator.py
[2024-11-06T08:52:26.370+0000] {logging_mixin.py:154} INFO - [2024-11-06T08:52:26.370+0000] {dag.py:2941} INFO - Sync 1 DAGs
[2024-11-06T08:52:26.379+0000] {logging_mixin.py:154} INFO - [2024-11-06T08:52:26.379+0000] {dag.py:3722} INFO - Setting next_dagrun for example_weekday_branch_operator to 2024-11-05T00:00:00+00:00, run_after=2024-11-06T00:00:00+00:00
[2024-11-06T08:52:26.388+0000] {processor.py:179} INFO - Processing /home/airflow/.local/lib/python3.8/site-packages/airflow/example_dags/example_branch_day_of_week_operator.py took 0.034 seconds
[2024-11-06T08:52:57.049+0000] {processor.py:157} INFO - Started process (PID=1109) to work on /home/airflow/.local/lib/python3.8/site-packages/airflow/example_dags/example_branch_day_of_week_operator.py
[2024-11-06T08:52:57.052+0000] {processor.py:829} INFO - Processing file /home/airflow/.local/lib/python3.8/site-packages/airflow/example_dags/example_branch_day_of_week_operator.py for tasks to queue
[2024-11-06T08:52:57.054+0000] {logging_mixin.py:154} INFO - [2024-11-06T08:52:57.053+0000] {dagbag.py:536} INFO - Filling up the DagBag from /home/airflow/.local/lib/python3.8/site-packages/airflow/example_dags/example_branch_day_of_week_operator.py
[2024-11-06T08:52:57.057+0000] {processor.py:839} INFO - DAG(s) dict_keys(['example_weekday_branch_operator']) retrieved from /home/airflow/.local/lib/python3.8/site-packages/airflow/example_dags/example_branch_day_of_week_operator.py
[2024-11-06T08:52:57.066+0000] {logging_mixin.py:154} INFO - [2024-11-06T08:52:57.066+0000] {dag.py:2941} INFO - Sync 1 DAGs
[2024-11-06T08:52:57.075+0000] {logging_mixin.py:154} INFO - [2024-11-06T08:52:57.075+0000] {dag.py:3722} INFO - Setting next_dagrun for example_weekday_branch_operator to 2024-11-05T00:00:00+00:00, run_after=2024-11-06T00:00:00+00:00
[2024-11-06T08:52:57.082+0000] {processor.py:179} INFO - Processing /home/airflow/.local/lib/python3.8/site-packages/airflow/example_dags/example_branch_day_of_week_operator.py took 0.034 seconds
[2024-11-06T08:53:27.432+0000] {processor.py:157} INFO - Started process (PID=1163) to work on /home/airflow/.local/lib/python3.8/site-packages/airflow/example_dags/example_branch_day_of_week_operator.py
[2024-11-06T08:53:27.432+0000] {processor.py:829} INFO - Processing file /home/airflow/.local/lib/python3.8/site-packages/airflow/example_dags/example_branch_day_of_week_operator.py for tasks to queue
[2024-11-06T08:53:27.433+0000] {logging_mixin.py:154} INFO - [2024-11-06T08:53:27.433+0000] {dagbag.py:536} INFO - Filling up the DagBag from /home/airflow/.local/lib/python3.8/site-packages/airflow/example_dags/example_branch_day_of_week_operator.py
[2024-11-06T08:53:27.436+0000] {processor.py:839} INFO - DAG(s) dict_keys(['example_weekday_branch_operator']) retrieved from /home/airflow/.local/lib/python3.8/site-packages/airflow/example_dags/example_branch_day_of_week_operator.py
[2024-11-06T08:53:27.447+0000] {logging_mixin.py:154} INFO - [2024-11-06T08:53:27.447+0000] {dag.py:2941} INFO - Sync 1 DAGs
[2024-11-06T08:53:27.457+0000] {logging_mixin.py:154} INFO - [2024-11-06T08:53:27.457+0000] {dag.py:3722} INFO - Setting next_dagrun for example_weekday_branch_operator to 2024-11-05T00:00:00+00:00, run_after=2024-11-06T00:00:00+00:00
[2024-11-06T08:53:27.551+0000] {processor.py:179} INFO - Processing /home/airflow/.local/lib/python3.8/site-packages/airflow/example_dags/example_branch_day_of_week_operator.py took 0.121 seconds
[2024-11-06T08:53:57.994+0000] {processor.py:157} INFO - Started process (PID=1217) to work on /home/airflow/.local/lib/python3.8/site-packages/airflow/example_dags/example_branch_day_of_week_operator.py
[2024-11-06T08:53:57.996+0000] {processor.py:829} INFO - Processing file /home/airflow/.local/lib/python3.8/site-packages/airflow/example_dags/example_branch_day_of_week_operator.py for tasks to queue
[2024-11-06T08:53:57.997+0000] {logging_mixin.py:154} INFO - [2024-11-06T08:53:57.997+0000] {dagbag.py:536} INFO - Filling up the DagBag from /home/airflow/.local/lib/python3.8/site-packages/airflow/example_dags/example_branch_day_of_week_operator.py
[2024-11-06T08:53:58.000+0000] {processor.py:839} INFO - DAG(s) dict_keys(['example_weekday_branch_operator']) retrieved from /home/airflow/.local/lib/python3.8/site-packages/airflow/example_dags/example_branch_day_of_week_operator.py
[2024-11-06T08:53:58.010+0000] {logging_mixin.py:154} INFO - [2024-11-06T08:53:58.010+0000] {dag.py:2941} INFO - Sync 1 DAGs
[2024-11-06T08:53:58.019+0000] {logging_mixin.py:154} INFO - [2024-11-06T08:53:58.019+0000] {dag.py:3722} INFO - Setting next_dagrun for example_weekday_branch_operator to 2024-11-05T00:00:00+00:00, run_after=2024-11-06T00:00:00+00:00
[2024-11-06T08:53:58.026+0000] {processor.py:179} INFO - Processing /home/airflow/.local/lib/python3.8/site-packages/airflow/example_dags/example_branch_day_of_week_operator.py took 0.033 seconds
[2024-11-06T08:54:28.949+0000] {processor.py:157} INFO - Started process (PID=1271) to work on /home/airflow/.local/lib/python3.8/site-packages/airflow/example_dags/example_branch_day_of_week_operator.py
[2024-11-06T08:54:28.951+0000] {processor.py:829} INFO - Processing file /home/airflow/.local/lib/python3.8/site-packages/airflow/example_dags/example_branch_day_of_week_operator.py for tasks to queue
[2024-11-06T08:54:28.952+0000] {logging_mixin.py:154} INFO - [2024-11-06T08:54:28.951+0000] {dagbag.py:536} INFO - Filling up the DagBag from /home/airflow/.local/lib/python3.8/site-packages/airflow/example_dags/example_branch_day_of_week_operator.py
[2024-11-06T08:54:28.955+0000] {processor.py:839} INFO - DAG(s) dict_keys(['example_weekday_branch_operator']) retrieved from /home/airflow/.local/lib/python3.8/site-packages/airflow/example_dags/example_branch_day_of_week_operator.py
[2024-11-06T08:54:28.965+0000] {logging_mixin.py:154} INFO - [2024-11-06T08:54:28.965+0000] {dag.py:2941} INFO - Sync 1 DAGs
[2024-11-06T08:54:28.976+0000] {logging_mixin.py:154} INFO - [2024-11-06T08:54:28.975+0000] {dag.py:3722} INFO - Setting next_dagrun for example_weekday_branch_operator to 2024-11-05T00:00:00+00:00, run_after=2024-11-06T00:00:00+00:00
[2024-11-06T08:54:28.983+0000] {processor.py:179} INFO - Processing /home/airflow/.local/lib/python3.8/site-packages/airflow/example_dags/example_branch_day_of_week_operator.py took 0.036 seconds
[2024-11-06T08:54:59.501+0000] {processor.py:157} INFO - Started process (PID=1325) to work on /home/airflow/.local/lib/python3.8/site-packages/airflow/example_dags/example_branch_day_of_week_operator.py
[2024-11-06T08:54:59.503+0000] {processor.py:829} INFO - Processing file /home/airflow/.local/lib/python3.8/site-packages/airflow/example_dags/example_branch_day_of_week_operator.py for tasks to queue
[2024-11-06T08:54:59.504+0000] {logging_mixin.py:154} INFO - [2024-11-06T08:54:59.504+0000] {dagbag.py:536} INFO - Filling up the DagBag from /home/airflow/.local/lib/python3.8/site-packages/airflow/example_dags/example_branch_day_of_week_operator.py
[2024-11-06T08:54:59.508+0000] {processor.py:839} INFO - DAG(s) dict_keys(['example_weekday_branch_operator']) retrieved from /home/airflow/.local/lib/python3.8/site-packages/airflow/example_dags/example_branch_day_of_week_operator.py
[2024-11-06T08:54:59.517+0000] {logging_mixin.py:154} INFO - [2024-11-06T08:54:59.517+0000] {dag.py:2941} INFO - Sync 1 DAGs
[2024-11-06T08:54:59.528+0000] {logging_mixin.py:154} INFO - [2024-11-06T08:54:59.528+0000] {dag.py:3722} INFO - Setting next_dagrun for example_weekday_branch_operator to 2024-11-05T00:00:00+00:00, run_after=2024-11-06T00:00:00+00:00
[2024-11-06T08:54:59.611+0000] {processor.py:179} INFO - Processing /home/airflow/.local/lib/python3.8/site-packages/airflow/example_dags/example_branch_day_of_week_operator.py took 0.112 seconds
[2024-11-06T08:55:30.120+0000] {processor.py:157} INFO - Started process (PID=1379) to work on /home/airflow/.local/lib/python3.8/site-packages/airflow/example_dags/example_branch_day_of_week_operator.py
[2024-11-06T08:55:30.123+0000] {processor.py:829} INFO - Processing file /home/airflow/.local/lib/python3.8/site-packages/airflow/example_dags/example_branch_day_of_week_operator.py for tasks to queue
[2024-11-06T08:55:30.124+0000] {logging_mixin.py:154} INFO - [2024-11-06T08:55:30.124+0000] {dagbag.py:536} INFO - Filling up the DagBag from /home/airflow/.local/lib/python3.8/site-packages/airflow/example_dags/example_branch_day_of_week_operator.py
[2024-11-06T08:55:30.128+0000] {processor.py:839} INFO - DAG(s) dict_keys(['example_weekday_branch_operator']) retrieved from /home/airflow/.local/lib/python3.8/site-packages/airflow/example_dags/example_branch_day_of_week_operator.py
[2024-11-06T08:55:30.137+0000] {logging_mixin.py:154} INFO - [2024-11-06T08:55:30.137+0000] {dag.py:2941} INFO - Sync 1 DAGs
[2024-11-06T08:55:30.146+0000] {logging_mixin.py:154} INFO - [2024-11-06T08:55:30.146+0000] {dag.py:3722} INFO - Setting next_dagrun for example_weekday_branch_operator to 2024-11-05T00:00:00+00:00, run_after=2024-11-06T00:00:00+00:00
[2024-11-06T08:55:30.152+0000] {processor.py:179} INFO - Processing /home/airflow/.local/lib/python3.8/site-packages/airflow/example_dags/example_branch_day_of_week_operator.py took 0.034 seconds
[2024-11-06T08:56:01.353+0000] {processor.py:157} INFO - Started process (PID=1433) to work on /home/airflow/.local/lib/python3.8/site-packages/airflow/example_dags/example_branch_day_of_week_operator.py
[2024-11-06T08:56:01.354+0000] {processor.py:829} INFO - Processing file /home/airflow/.local/lib/python3.8/site-packages/airflow/example_dags/example_branch_day_of_week_operator.py for tasks to queue
[2024-11-06T08:56:01.355+0000] {logging_mixin.py:154} INFO - [2024-11-06T08:56:01.355+0000] {dagbag.py:536} INFO - Filling up the DagBag from /home/airflow/.local/lib/python3.8/site-packages/airflow/example_dags/example_branch_day_of_week_operator.py
[2024-11-06T08:56:01.359+0000] {processor.py:839} INFO - DAG(s) dict_keys(['example_weekday_branch_operator']) retrieved from /home/airflow/.local/lib/python3.8/site-packages/airflow/example_dags/example_branch_day_of_week_operator.py
[2024-11-06T08:56:01.369+0000] {logging_mixin.py:154} INFO - [2024-11-06T08:56:01.369+0000] {dag.py:2941} INFO - Sync 1 DAGs
[2024-11-06T08:56:01.463+0000] {logging_mixin.py:154} INFO - [2024-11-06T08:56:01.463+0000] {dag.py:3722} INFO - Setting next_dagrun for example_weekday_branch_operator to 2024-11-05T00:00:00+00:00, run_after=2024-11-06T00:00:00+00:00
[2024-11-06T08:56:01.470+0000] {processor.py:179} INFO - Processing /home/airflow/.local/lib/python3.8/site-packages/airflow/example_dags/example_branch_day_of_week_operator.py took 0.118 seconds
[2024-11-06T08:56:32.160+0000] {processor.py:157} INFO - Started process (PID=1487) to work on /home/airflow/.local/lib/python3.8/site-packages/airflow/example_dags/example_branch_day_of_week_operator.py
[2024-11-06T08:56:32.161+0000] {processor.py:829} INFO - Processing file /home/airflow/.local/lib/python3.8/site-packages/airflow/example_dags/example_branch_day_of_week_operator.py for tasks to queue
[2024-11-06T08:56:32.162+0000] {logging_mixin.py:154} INFO - [2024-11-06T08:56:32.162+0000] {dagbag.py:536} INFO - Filling up the DagBag from /home/airflow/.local/lib/python3.8/site-packages/airflow/example_dags/example_branch_day_of_week_operator.py
[2024-11-06T08:56:32.165+0000] {processor.py:839} INFO - DAG(s) dict_keys(['example_weekday_branch_operator']) retrieved from /home/airflow/.local/lib/python3.8/site-packages/airflow/example_dags/example_branch_day_of_week_operator.py
[2024-11-06T08:56:32.175+0000] {logging_mixin.py:154} INFO - [2024-11-06T08:56:32.175+0000] {dag.py:2941} INFO - Sync 1 DAGs
[2024-11-06T08:56:32.184+0000] {logging_mixin.py:154} INFO - [2024-11-06T08:56:32.184+0000] {dag.py:3722} INFO - Setting next_dagrun for example_weekday_branch_operator to 2024-11-05T00:00:00+00:00, run_after=2024-11-06T00:00:00+00:00
[2024-11-06T08:56:32.267+0000] {processor.py:179} INFO - Processing /home/airflow/.local/lib/python3.8/site-packages/airflow/example_dags/example_branch_day_of_week_operator.py took 0.108 seconds
[2024-11-06T08:57:02.450+0000] {processor.py:157} INFO - Started process (PID=1541) to work on /home/airflow/.local/lib/python3.8/site-packages/airflow/example_dags/example_branch_day_of_week_operator.py
[2024-11-06T08:57:02.452+0000] {processor.py:829} INFO - Processing file /home/airflow/.local/lib/python3.8/site-packages/airflow/example_dags/example_branch_day_of_week_operator.py for tasks to queue
[2024-11-06T08:57:02.455+0000] {logging_mixin.py:154} INFO - [2024-11-06T08:57:02.455+0000] {dagbag.py:536} INFO - Filling up the DagBag from /home/airflow/.local/lib/python3.8/site-packages/airflow/example_dags/example_branch_day_of_week_operator.py
[2024-11-06T08:57:02.460+0000] {processor.py:839} INFO - DAG(s) dict_keys(['example_weekday_branch_operator']) retrieved from /home/airflow/.local/lib/python3.8/site-packages/airflow/example_dags/example_branch_day_of_week_operator.py
[2024-11-06T08:57:02.470+0000] {logging_mixin.py:154} INFO - [2024-11-06T08:57:02.470+0000] {dag.py:2941} INFO - Sync 1 DAGs
[2024-11-06T08:57:02.481+0000] {logging_mixin.py:154} INFO - [2024-11-06T08:57:02.481+0000] {dag.py:3722} INFO - Setting next_dagrun for example_weekday_branch_operator to 2024-11-05T00:00:00+00:00, run_after=2024-11-06T00:00:00+00:00
[2024-11-06T08:57:02.490+0000] {processor.py:179} INFO - Processing /home/airflow/.local/lib/python3.8/site-packages/airflow/example_dags/example_branch_day_of_week_operator.py took 0.042 seconds
[2024-11-06T08:57:32.974+0000] {processor.py:157} INFO - Started process (PID=1595) to work on /home/airflow/.local/lib/python3.8/site-packages/airflow/example_dags/example_branch_day_of_week_operator.py
[2024-11-06T08:57:32.975+0000] {processor.py:829} INFO - Processing file /home/airflow/.local/lib/python3.8/site-packages/airflow/example_dags/example_branch_day_of_week_operator.py for tasks to queue
[2024-11-06T08:57:32.976+0000] {logging_mixin.py:154} INFO - [2024-11-06T08:57:32.976+0000] {dagbag.py:536} INFO - Filling up the DagBag from /home/airflow/.local/lib/python3.8/site-packages/airflow/example_dags/example_branch_day_of_week_operator.py
[2024-11-06T08:57:32.980+0000] {processor.py:839} INFO - DAG(s) dict_keys(['example_weekday_branch_operator']) retrieved from /home/airflow/.local/lib/python3.8/site-packages/airflow/example_dags/example_branch_day_of_week_operator.py
[2024-11-06T08:57:32.990+0000] {logging_mixin.py:154} INFO - [2024-11-06T08:57:32.990+0000] {dag.py:2941} INFO - Sync 1 DAGs
[2024-11-06T08:57:33.085+0000] {logging_mixin.py:154} INFO - [2024-11-06T08:57:33.084+0000] {dag.py:3722} INFO - Setting next_dagrun for example_weekday_branch_operator to 2024-11-05T00:00:00+00:00, run_after=2024-11-06T00:00:00+00:00
[2024-11-06T08:57:33.092+0000] {processor.py:179} INFO - Processing /home/airflow/.local/lib/python3.8/site-packages/airflow/example_dags/example_branch_day_of_week_operator.py took 0.119 seconds
[2024-11-06T08:58:03.831+0000] {processor.py:157} INFO - Started process (PID=1648) to work on /home/airflow/.local/lib/python3.8/site-packages/airflow/example_dags/example_branch_day_of_week_operator.py
[2024-11-06T08:58:03.833+0000] {processor.py:829} INFO - Processing file /home/airflow/.local/lib/python3.8/site-packages/airflow/example_dags/example_branch_day_of_week_operator.py for tasks to queue
[2024-11-06T08:58:03.834+0000] {logging_mixin.py:154} INFO - [2024-11-06T08:58:03.834+0000] {dagbag.py:536} INFO - Filling up the DagBag from /home/airflow/.local/lib/python3.8/site-packages/airflow/example_dags/example_branch_day_of_week_operator.py
[2024-11-06T08:58:03.837+0000] {processor.py:839} INFO - DAG(s) dict_keys(['example_weekday_branch_operator']) retrieved from /home/airflow/.local/lib/python3.8/site-packages/airflow/example_dags/example_branch_day_of_week_operator.py
[2024-11-06T08:58:03.847+0000] {logging_mixin.py:154} INFO - [2024-11-06T08:58:03.846+0000] {dag.py:2941} INFO - Sync 1 DAGs
[2024-11-06T08:58:03.856+0000] {logging_mixin.py:154} INFO - [2024-11-06T08:58:03.856+0000] {dag.py:3722} INFO - Setting next_dagrun for example_weekday_branch_operator to 2024-11-05T00:00:00+00:00, run_after=2024-11-06T00:00:00+00:00
[2024-11-06T08:58:03.863+0000] {processor.py:179} INFO - Processing /home/airflow/.local/lib/python3.8/site-packages/airflow/example_dags/example_branch_day_of_week_operator.py took 0.033 seconds
[2024-11-06T08:58:34.350+0000] {processor.py:157} INFO - Started process (PID=1702) to work on /home/airflow/.local/lib/python3.8/site-packages/airflow/example_dags/example_branch_day_of_week_operator.py
[2024-11-06T08:58:34.352+0000] {processor.py:829} INFO - Processing file /home/airflow/.local/lib/python3.8/site-packages/airflow/example_dags/example_branch_day_of_week_operator.py for tasks to queue
[2024-11-06T08:58:34.353+0000] {logging_mixin.py:154} INFO - [2024-11-06T08:58:34.353+0000] {dagbag.py:536} INFO - Filling up the DagBag from /home/airflow/.local/lib/python3.8/site-packages/airflow/example_dags/example_branch_day_of_week_operator.py
[2024-11-06T08:58:34.433+0000] {processor.py:839} INFO - DAG(s) dict_keys(['example_weekday_branch_operator']) retrieved from /home/airflow/.local/lib/python3.8/site-packages/airflow/example_dags/example_branch_day_of_week_operator.py
[2024-11-06T08:58:34.441+0000] {logging_mixin.py:154} INFO - [2024-11-06T08:58:34.441+0000] {dag.py:2941} INFO - Sync 1 DAGs
[2024-11-06T08:58:34.448+0000] {logging_mixin.py:154} INFO - [2024-11-06T08:58:34.448+0000] {dag.py:3722} INFO - Setting next_dagrun for example_weekday_branch_operator to 2024-11-05T00:00:00+00:00, run_after=2024-11-06T00:00:00+00:00
[2024-11-06T08:58:34.455+0000] {processor.py:179} INFO - Processing /home/airflow/.local/lib/python3.8/site-packages/airflow/example_dags/example_branch_day_of_week_operator.py took 0.107 seconds
[2024-11-06T09:17:57.626+0000] {processor.py:157} INFO - Started process (PID=1747) to work on /home/airflow/.local/lib/python3.8/site-packages/airflow/example_dags/example_branch_day_of_week_operator.py
[2024-11-06T09:17:57.627+0000] {processor.py:829} INFO - Processing file /home/airflow/.local/lib/python3.8/site-packages/airflow/example_dags/example_branch_day_of_week_operator.py for tasks to queue
[2024-11-06T09:17:57.628+0000] {logging_mixin.py:154} INFO - [2024-11-06T09:17:57.628+0000] {dagbag.py:536} INFO - Filling up the DagBag from /home/airflow/.local/lib/python3.8/site-packages/airflow/example_dags/example_branch_day_of_week_operator.py
[2024-11-06T09:17:57.632+0000] {processor.py:839} INFO - DAG(s) dict_keys(['example_weekday_branch_operator']) retrieved from /home/airflow/.local/lib/python3.8/site-packages/airflow/example_dags/example_branch_day_of_week_operator.py
[2024-11-06T09:17:57.649+0000] {logging_mixin.py:154} INFO - [2024-11-06T09:17:57.649+0000] {dag.py:2941} INFO - Sync 1 DAGs
[2024-11-06T09:17:57.666+0000] {logging_mixin.py:154} INFO - [2024-11-06T09:17:57.666+0000] {dag.py:3722} INFO - Setting next_dagrun for example_weekday_branch_operator to 2024-11-05T00:00:00+00:00, run_after=2024-11-06T00:00:00+00:00
[2024-11-06T09:17:57.677+0000] {processor.py:179} INFO - Processing /home/airflow/.local/lib/python3.8/site-packages/airflow/example_dags/example_branch_day_of_week_operator.py took 0.053 seconds
[2024-11-06T09:29:44.100+0000] {processor.py:157} INFO - Started process (PID=1801) to work on /home/airflow/.local/lib/python3.8/site-packages/airflow/example_dags/example_branch_day_of_week_operator.py
[2024-11-06T09:29:44.102+0000] {processor.py:829} INFO - Processing file /home/airflow/.local/lib/python3.8/site-packages/airflow/example_dags/example_branch_day_of_week_operator.py for tasks to queue
[2024-11-06T09:29:44.104+0000] {logging_mixin.py:154} INFO - [2024-11-06T09:29:44.104+0000] {dagbag.py:536} INFO - Filling up the DagBag from /home/airflow/.local/lib/python3.8/site-packages/airflow/example_dags/example_branch_day_of_week_operator.py
[2024-11-06T09:29:44.113+0000] {processor.py:839} INFO - DAG(s) dict_keys(['example_weekday_branch_operator']) retrieved from /home/airflow/.local/lib/python3.8/site-packages/airflow/example_dags/example_branch_day_of_week_operator.py
[2024-11-06T09:29:44.140+0000] {logging_mixin.py:154} INFO - [2024-11-06T09:29:44.139+0000] {dag.py:2941} INFO - Sync 1 DAGs
[2024-11-06T09:29:44.163+0000] {logging_mixin.py:154} INFO - [2024-11-06T09:29:44.163+0000] {dag.py:3722} INFO - Setting next_dagrun for example_weekday_branch_operator to 2024-11-05T00:00:00+00:00, run_after=2024-11-06T00:00:00+00:00
[2024-11-06T09:29:44.187+0000] {processor.py:179} INFO - Processing /home/airflow/.local/lib/python3.8/site-packages/airflow/example_dags/example_branch_day_of_week_operator.py took 0.090 seconds
[2024-11-06T10:28:13.913+0000] {processor.py:157} INFO - Started process (PID=1855) to work on /home/airflow/.local/lib/python3.8/site-packages/airflow/example_dags/example_branch_day_of_week_operator.py
[2024-11-06T10:28:13.915+0000] {processor.py:829} INFO - Processing file /home/airflow/.local/lib/python3.8/site-packages/airflow/example_dags/example_branch_day_of_week_operator.py for tasks to queue
[2024-11-06T10:28:13.916+0000] {logging_mixin.py:154} INFO - [2024-11-06T10:28:13.916+0000] {dagbag.py:536} INFO - Filling up the DagBag from /home/airflow/.local/lib/python3.8/site-packages/airflow/example_dags/example_branch_day_of_week_operator.py
[2024-11-06T10:28:13.919+0000] {processor.py:839} INFO - DAG(s) dict_keys(['example_weekday_branch_operator']) retrieved from /home/airflow/.local/lib/python3.8/site-packages/airflow/example_dags/example_branch_day_of_week_operator.py
[2024-11-06T10:28:13.930+0000] {logging_mixin.py:154} INFO - [2024-11-06T10:28:13.930+0000] {dag.py:2941} INFO - Sync 1 DAGs
[2024-11-06T10:28:13.940+0000] {logging_mixin.py:154} INFO - [2024-11-06T10:28:13.940+0000] {dag.py:3722} INFO - Setting next_dagrun for example_weekday_branch_operator to 2024-11-05T00:00:00+00:00, run_after=2024-11-06T00:00:00+00:00
[2024-11-06T10:28:13.952+0000] {processor.py:179} INFO - Processing /home/airflow/.local/lib/python3.8/site-packages/airflow/example_dags/example_branch_day_of_week_operator.py took 0.040 seconds
[2024-11-06T11:31:03.955+0000] {processor.py:157} INFO - Started process (PID=1909) to work on /home/airflow/.local/lib/python3.8/site-packages/airflow/example_dags/example_branch_day_of_week_operator.py
[2024-11-06T11:31:03.957+0000] {processor.py:829} INFO - Processing file /home/airflow/.local/lib/python3.8/site-packages/airflow/example_dags/example_branch_day_of_week_operator.py for tasks to queue
[2024-11-06T11:31:03.959+0000] {logging_mixin.py:154} INFO - [2024-11-06T11:31:03.959+0000] {dagbag.py:536} INFO - Filling up the DagBag from /home/airflow/.local/lib/python3.8/site-packages/airflow/example_dags/example_branch_day_of_week_operator.py
[2024-11-06T11:31:03.964+0000] {processor.py:839} INFO - DAG(s) dict_keys(['example_weekday_branch_operator']) retrieved from /home/airflow/.local/lib/python3.8/site-packages/airflow/example_dags/example_branch_day_of_week_operator.py
[2024-11-06T11:31:03.975+0000] {logging_mixin.py:154} INFO - [2024-11-06T11:31:03.975+0000] {dag.py:2941} INFO - Sync 1 DAGs
[2024-11-06T11:31:03.984+0000] {logging_mixin.py:154} INFO - [2024-11-06T11:31:03.984+0000] {dag.py:3722} INFO - Setting next_dagrun for example_weekday_branch_operator to 2024-11-05T00:00:00+00:00, run_after=2024-11-06T00:00:00+00:00
[2024-11-06T11:31:03.993+0000] {processor.py:179} INFO - Processing /home/airflow/.local/lib/python3.8/site-packages/airflow/example_dags/example_branch_day_of_week_operator.py took 0.040 seconds
[2024-11-06T11:59:50.501+0000] {processor.py:157} INFO - Started process (PID=1963) to work on /home/airflow/.local/lib/python3.8/site-packages/airflow/example_dags/example_branch_day_of_week_operator.py
[2024-11-06T11:59:50.505+0000] {processor.py:829} INFO - Processing file /home/airflow/.local/lib/python3.8/site-packages/airflow/example_dags/example_branch_day_of_week_operator.py for tasks to queue
[2024-11-06T11:59:50.506+0000] {logging_mixin.py:154} INFO - [2024-11-06T11:59:50.506+0000] {dagbag.py:536} INFO - Filling up the DagBag from /home/airflow/.local/lib/python3.8/site-packages/airflow/example_dags/example_branch_day_of_week_operator.py
[2024-11-06T11:59:50.509+0000] {processor.py:839} INFO - DAG(s) dict_keys(['example_weekday_branch_operator']) retrieved from /home/airflow/.local/lib/python3.8/site-packages/airflow/example_dags/example_branch_day_of_week_operator.py
[2024-11-06T11:59:50.520+0000] {logging_mixin.py:154} INFO - [2024-11-06T11:59:50.520+0000] {dag.py:2941} INFO - Sync 1 DAGs
[2024-11-06T11:59:50.530+0000] {logging_mixin.py:154} INFO - [2024-11-06T11:59:50.530+0000] {dag.py:3722} INFO - Setting next_dagrun for example_weekday_branch_operator to 2024-11-05T00:00:00+00:00, run_after=2024-11-06T00:00:00+00:00
[2024-11-06T11:59:50.536+0000] {processor.py:179} INFO - Processing /home/airflow/.local/lib/python3.8/site-packages/airflow/example_dags/example_branch_day_of_week_operator.py took 0.037 seconds
[2024-11-06T12:50:48.036+0000] {processor.py:157} INFO - Started process (PID=2017) to work on /home/airflow/.local/lib/python3.8/site-packages/airflow/example_dags/example_branch_day_of_week_operator.py
[2024-11-06T12:50:48.037+0000] {processor.py:829} INFO - Processing file /home/airflow/.local/lib/python3.8/site-packages/airflow/example_dags/example_branch_day_of_week_operator.py for tasks to queue
[2024-11-06T12:50:48.040+0000] {logging_mixin.py:154} INFO - [2024-11-06T12:50:48.039+0000] {dagbag.py:536} INFO - Filling up the DagBag from /home/airflow/.local/lib/python3.8/site-packages/airflow/example_dags/example_branch_day_of_week_operator.py
[2024-11-06T12:50:48.044+0000] {processor.py:839} INFO - DAG(s) dict_keys(['example_weekday_branch_operator']) retrieved from /home/airflow/.local/lib/python3.8/site-packages/airflow/example_dags/example_branch_day_of_week_operator.py
[2024-11-06T12:50:48.064+0000] {logging_mixin.py:154} INFO - [2024-11-06T12:50:48.064+0000] {dag.py:2941} INFO - Sync 1 DAGs
[2024-11-06T12:50:48.086+0000] {logging_mixin.py:154} INFO - [2024-11-06T12:50:48.086+0000] {dag.py:3722} INFO - Setting next_dagrun for example_weekday_branch_operator to 2024-11-05T00:00:00+00:00, run_after=2024-11-06T00:00:00+00:00
[2024-11-06T12:50:48.110+0000] {processor.py:179} INFO - Processing /home/airflow/.local/lib/python3.8/site-packages/airflow/example_dags/example_branch_day_of_week_operator.py took 0.076 seconds
[2024-11-06T12:52:35.730+0000] {processor.py:157} INFO - Started process (PID=2071) to work on /home/airflow/.local/lib/python3.8/site-packages/airflow/example_dags/example_branch_day_of_week_operator.py
[2024-11-06T12:52:35.732+0000] {processor.py:829} INFO - Processing file /home/airflow/.local/lib/python3.8/site-packages/airflow/example_dags/example_branch_day_of_week_operator.py for tasks to queue
[2024-11-06T12:52:35.733+0000] {logging_mixin.py:154} INFO - [2024-11-06T12:52:35.733+0000] {dagbag.py:536} INFO - Filling up the DagBag from /home/airflow/.local/lib/python3.8/site-packages/airflow/example_dags/example_branch_day_of_week_operator.py
[2024-11-06T12:52:35.736+0000] {processor.py:839} INFO - DAG(s) dict_keys(['example_weekday_branch_operator']) retrieved from /home/airflow/.local/lib/python3.8/site-packages/airflow/example_dags/example_branch_day_of_week_operator.py
[2024-11-06T12:52:35.747+0000] {logging_mixin.py:154} INFO - [2024-11-06T12:52:35.747+0000] {dag.py:2941} INFO - Sync 1 DAGs
[2024-11-06T12:52:35.757+0000] {logging_mixin.py:154} INFO - [2024-11-06T12:52:35.757+0000] {dag.py:3722} INFO - Setting next_dagrun for example_weekday_branch_operator to 2024-11-05T00:00:00+00:00, run_after=2024-11-06T00:00:00+00:00
[2024-11-06T12:52:35.767+0000] {processor.py:179} INFO - Processing /home/airflow/.local/lib/python3.8/site-packages/airflow/example_dags/example_branch_day_of_week_operator.py took 0.039 seconds
[2024-11-06T13:07:17.149+0000] {processor.py:157} INFO - Started process (PID=2125) to work on /home/airflow/.local/lib/python3.8/site-packages/airflow/example_dags/example_branch_day_of_week_operator.py
[2024-11-06T13:07:17.150+0000] {processor.py:829} INFO - Processing file /home/airflow/.local/lib/python3.8/site-packages/airflow/example_dags/example_branch_day_of_week_operator.py for tasks to queue
[2024-11-06T13:07:17.150+0000] {logging_mixin.py:154} INFO - [2024-11-06T13:07:17.150+0000] {dagbag.py:536} INFO - Filling up the DagBag from /home/airflow/.local/lib/python3.8/site-packages/airflow/example_dags/example_branch_day_of_week_operator.py
[2024-11-06T13:07:17.155+0000] {processor.py:839} INFO - DAG(s) dict_keys(['example_weekday_branch_operator']) retrieved from /home/airflow/.local/lib/python3.8/site-packages/airflow/example_dags/example_branch_day_of_week_operator.py
[2024-11-06T13:07:17.166+0000] {logging_mixin.py:154} INFO - [2024-11-06T13:07:17.166+0000] {dag.py:2941} INFO - Sync 1 DAGs
[2024-11-06T13:07:17.175+0000] {logging_mixin.py:154} INFO - [2024-11-06T13:07:17.175+0000] {dag.py:3722} INFO - Setting next_dagrun for example_weekday_branch_operator to 2024-11-05T00:00:00+00:00, run_after=2024-11-06T00:00:00+00:00
[2024-11-06T13:07:17.185+0000] {processor.py:179} INFO - Processing /home/airflow/.local/lib/python3.8/site-packages/airflow/example_dags/example_branch_day_of_week_operator.py took 0.037 seconds
[2024-11-06T13:47:32.114+0000] {processor.py:157} INFO - Started process (PID=2179) to work on /home/airflow/.local/lib/python3.8/site-packages/airflow/example_dags/example_branch_day_of_week_operator.py
[2024-11-06T13:47:32.114+0000] {processor.py:829} INFO - Processing file /home/airflow/.local/lib/python3.8/site-packages/airflow/example_dags/example_branch_day_of_week_operator.py for tasks to queue
[2024-11-06T13:47:32.115+0000] {logging_mixin.py:154} INFO - [2024-11-06T13:47:32.115+0000] {dagbag.py:536} INFO - Filling up the DagBag from /home/airflow/.local/lib/python3.8/site-packages/airflow/example_dags/example_branch_day_of_week_operator.py
[2024-11-06T13:47:32.119+0000] {processor.py:839} INFO - DAG(s) dict_keys(['example_weekday_branch_operator']) retrieved from /home/airflow/.local/lib/python3.8/site-packages/airflow/example_dags/example_branch_day_of_week_operator.py
[2024-11-06T13:47:32.133+0000] {logging_mixin.py:154} INFO - [2024-11-06T13:47:32.132+0000] {dag.py:2941} INFO - Sync 1 DAGs
[2024-11-06T13:47:32.143+0000] {logging_mixin.py:154} INFO - [2024-11-06T13:47:32.142+0000] {dag.py:3722} INFO - Setting next_dagrun for example_weekday_branch_operator to 2024-11-05T00:00:00+00:00, run_after=2024-11-06T00:00:00+00:00
[2024-11-06T13:47:32.150+0000] {processor.py:179} INFO - Processing /home/airflow/.local/lib/python3.8/site-packages/airflow/example_dags/example_branch_day_of_week_operator.py took 0.037 seconds
[2024-11-06T13:55:17.671+0000] {processor.py:157} INFO - Started process (PID=2233) to work on /home/airflow/.local/lib/python3.8/site-packages/airflow/example_dags/example_branch_day_of_week_operator.py
[2024-11-06T13:55:17.672+0000] {processor.py:829} INFO - Processing file /home/airflow/.local/lib/python3.8/site-packages/airflow/example_dags/example_branch_day_of_week_operator.py for tasks to queue
[2024-11-06T13:55:17.673+0000] {logging_mixin.py:154} INFO - [2024-11-06T13:55:17.673+0000] {dagbag.py:536} INFO - Filling up the DagBag from /home/airflow/.local/lib/python3.8/site-packages/airflow/example_dags/example_branch_day_of_week_operator.py
[2024-11-06T13:55:17.678+0000] {processor.py:839} INFO - DAG(s) dict_keys(['example_weekday_branch_operator']) retrieved from /home/airflow/.local/lib/python3.8/site-packages/airflow/example_dags/example_branch_day_of_week_operator.py
[2024-11-06T13:55:17.687+0000] {logging_mixin.py:154} INFO - [2024-11-06T13:55:17.687+0000] {dag.py:2941} INFO - Sync 1 DAGs
[2024-11-06T13:55:17.696+0000] {logging_mixin.py:154} INFO - [2024-11-06T13:55:17.696+0000] {dag.py:3722} INFO - Setting next_dagrun for example_weekday_branch_operator to 2024-11-05T00:00:00+00:00, run_after=2024-11-06T00:00:00+00:00
[2024-11-06T13:55:17.709+0000] {processor.py:179} INFO - Processing /home/airflow/.local/lib/python3.8/site-packages/airflow/example_dags/example_branch_day_of_week_operator.py took 0.039 seconds
[2024-11-06T14:00:22.448+0000] {processor.py:157} INFO - Started process (PID=2287) to work on /home/airflow/.local/lib/python3.8/site-packages/airflow/example_dags/example_branch_day_of_week_operator.py
[2024-11-06T14:00:22.451+0000] {processor.py:829} INFO - Processing file /home/airflow/.local/lib/python3.8/site-packages/airflow/example_dags/example_branch_day_of_week_operator.py for tasks to queue
[2024-11-06T14:00:22.452+0000] {logging_mixin.py:154} INFO - [2024-11-06T14:00:22.452+0000] {dagbag.py:536} INFO - Filling up the DagBag from /home/airflow/.local/lib/python3.8/site-packages/airflow/example_dags/example_branch_day_of_week_operator.py
[2024-11-06T14:00:22.456+0000] {processor.py:839} INFO - DAG(s) dict_keys(['example_weekday_branch_operator']) retrieved from /home/airflow/.local/lib/python3.8/site-packages/airflow/example_dags/example_branch_day_of_week_operator.py
[2024-11-06T14:00:22.468+0000] {logging_mixin.py:154} INFO - [2024-11-06T14:00:22.468+0000] {dag.py:2941} INFO - Sync 1 DAGs
[2024-11-06T14:00:22.478+0000] {logging_mixin.py:154} INFO - [2024-11-06T14:00:22.478+0000] {dag.py:3722} INFO - Setting next_dagrun for example_weekday_branch_operator to 2024-11-05T00:00:00+00:00, run_after=2024-11-06T00:00:00+00:00
[2024-11-06T14:00:22.486+0000] {processor.py:179} INFO - Processing /home/airflow/.local/lib/python3.8/site-packages/airflow/example_dags/example_branch_day_of_week_operator.py took 0.039 seconds
[2024-11-06T14:05:42.416+0000] {processor.py:157} INFO - Started process (PID=2341) to work on /home/airflow/.local/lib/python3.8/site-packages/airflow/example_dags/example_branch_day_of_week_operator.py
[2024-11-06T14:05:42.417+0000] {processor.py:829} INFO - Processing file /home/airflow/.local/lib/python3.8/site-packages/airflow/example_dags/example_branch_day_of_week_operator.py for tasks to queue
[2024-11-06T14:05:42.419+0000] {logging_mixin.py:154} INFO - [2024-11-06T14:05:42.419+0000] {dagbag.py:536} INFO - Filling up the DagBag from /home/airflow/.local/lib/python3.8/site-packages/airflow/example_dags/example_branch_day_of_week_operator.py
[2024-11-06T14:05:42.423+0000] {processor.py:839} INFO - DAG(s) dict_keys(['example_weekday_branch_operator']) retrieved from /home/airflow/.local/lib/python3.8/site-packages/airflow/example_dags/example_branch_day_of_week_operator.py
[2024-11-06T14:05:42.434+0000] {logging_mixin.py:154} INFO - [2024-11-06T14:05:42.433+0000] {dag.py:2941} INFO - Sync 1 DAGs
[2024-11-06T14:05:42.444+0000] {logging_mixin.py:154} INFO - [2024-11-06T14:05:42.444+0000] {dag.py:3722} INFO - Setting next_dagrun for example_weekday_branch_operator to 2024-11-05T00:00:00+00:00, run_after=2024-11-06T00:00:00+00:00
[2024-11-06T14:05:42.453+0000] {processor.py:179} INFO - Processing /home/airflow/.local/lib/python3.8/site-packages/airflow/example_dags/example_branch_day_of_week_operator.py took 0.039 seconds
[2024-11-06T14:09:56.859+0000] {processor.py:157} INFO - Started process (PID=2395) to work on /home/airflow/.local/lib/python3.8/site-packages/airflow/example_dags/example_branch_day_of_week_operator.py
[2024-11-06T14:09:56.861+0000] {processor.py:829} INFO - Processing file /home/airflow/.local/lib/python3.8/site-packages/airflow/example_dags/example_branch_day_of_week_operator.py for tasks to queue
[2024-11-06T14:09:56.865+0000] {logging_mixin.py:154} INFO - [2024-11-06T14:09:56.865+0000] {dagbag.py:536} INFO - Filling up the DagBag from /home/airflow/.local/lib/python3.8/site-packages/airflow/example_dags/example_branch_day_of_week_operator.py
[2024-11-06T14:09:56.871+0000] {processor.py:839} INFO - DAG(s) dict_keys(['example_weekday_branch_operator']) retrieved from /home/airflow/.local/lib/python3.8/site-packages/airflow/example_dags/example_branch_day_of_week_operator.py
[2024-11-06T14:09:56.885+0000] {logging_mixin.py:154} INFO - [2024-11-06T14:09:56.885+0000] {dag.py:2941} INFO - Sync 1 DAGs
[2024-11-06T14:09:56.905+0000] {logging_mixin.py:154} INFO - [2024-11-06T14:09:56.905+0000] {dag.py:3722} INFO - Setting next_dagrun for example_weekday_branch_operator to 2024-11-05T00:00:00+00:00, run_after=2024-11-06T00:00:00+00:00
[2024-11-06T14:09:56.923+0000] {processor.py:179} INFO - Processing /home/airflow/.local/lib/python3.8/site-packages/airflow/example_dags/example_branch_day_of_week_operator.py took 0.066 seconds
[2024-11-06T14:16:57.894+0000] {processor.py:157} INFO - Started process (PID=2449) to work on /home/airflow/.local/lib/python3.8/site-packages/airflow/example_dags/example_branch_day_of_week_operator.py
[2024-11-06T14:16:57.896+0000] {processor.py:829} INFO - Processing file /home/airflow/.local/lib/python3.8/site-packages/airflow/example_dags/example_branch_day_of_week_operator.py for tasks to queue
[2024-11-06T14:16:57.897+0000] {logging_mixin.py:154} INFO - [2024-11-06T14:16:57.897+0000] {dagbag.py:536} INFO - Filling up the DagBag from /home/airflow/.local/lib/python3.8/site-packages/airflow/example_dags/example_branch_day_of_week_operator.py
[2024-11-06T14:16:57.903+0000] {processor.py:839} INFO - DAG(s) dict_keys(['example_weekday_branch_operator']) retrieved from /home/airflow/.local/lib/python3.8/site-packages/airflow/example_dags/example_branch_day_of_week_operator.py
[2024-11-06T14:16:57.917+0000] {logging_mixin.py:154} INFO - [2024-11-06T14:16:57.917+0000] {dag.py:2941} INFO - Sync 1 DAGs
[2024-11-06T14:16:57.929+0000] {logging_mixin.py:154} INFO - [2024-11-06T14:16:57.929+0000] {dag.py:3722} INFO - Setting next_dagrun for example_weekday_branch_operator to 2024-11-05T00:00:00+00:00, run_after=2024-11-06T00:00:00+00:00
[2024-11-06T14:16:57.940+0000] {processor.py:179} INFO - Processing /home/airflow/.local/lib/python3.8/site-packages/airflow/example_dags/example_branch_day_of_week_operator.py took 0.047 seconds
[2024-11-06T14:23:15.545+0000] {processor.py:157} INFO - Started process (PID=2503) to work on /home/airflow/.local/lib/python3.8/site-packages/airflow/example_dags/example_branch_day_of_week_operator.py
[2024-11-06T14:23:15.545+0000] {processor.py:829} INFO - Processing file /home/airflow/.local/lib/python3.8/site-packages/airflow/example_dags/example_branch_day_of_week_operator.py for tasks to queue
[2024-11-06T14:23:15.546+0000] {logging_mixin.py:154} INFO - [2024-11-06T14:23:15.546+0000] {dagbag.py:536} INFO - Filling up the DagBag from /home/airflow/.local/lib/python3.8/site-packages/airflow/example_dags/example_branch_day_of_week_operator.py
[2024-11-06T14:23:15.551+0000] {processor.py:839} INFO - DAG(s) dict_keys(['example_weekday_branch_operator']) retrieved from /home/airflow/.local/lib/python3.8/site-packages/airflow/example_dags/example_branch_day_of_week_operator.py
[2024-11-06T14:23:15.562+0000] {logging_mixin.py:154} INFO - [2024-11-06T14:23:15.562+0000] {dag.py:2941} INFO - Sync 1 DAGs
[2024-11-06T14:23:15.573+0000] {logging_mixin.py:154} INFO - [2024-11-06T14:23:15.573+0000] {dag.py:3722} INFO - Setting next_dagrun for example_weekday_branch_operator to 2024-11-05T00:00:00+00:00, run_after=2024-11-06T00:00:00+00:00
[2024-11-06T14:23:15.580+0000] {processor.py:179} INFO - Processing /home/airflow/.local/lib/python3.8/site-packages/airflow/example_dags/example_branch_day_of_week_operator.py took 0.036 seconds
[2024-11-06T14:31:02.370+0000] {processor.py:157} INFO - Started process (PID=2556) to work on /home/airflow/.local/lib/python3.8/site-packages/airflow/example_dags/example_branch_day_of_week_operator.py
[2024-11-06T14:31:02.371+0000] {processor.py:829} INFO - Processing file /home/airflow/.local/lib/python3.8/site-packages/airflow/example_dags/example_branch_day_of_week_operator.py for tasks to queue
[2024-11-06T14:31:02.371+0000] {logging_mixin.py:154} INFO - [2024-11-06T14:31:02.371+0000] {dagbag.py:536} INFO - Filling up the DagBag from /home/airflow/.local/lib/python3.8/site-packages/airflow/example_dags/example_branch_day_of_week_operator.py
[2024-11-06T14:31:02.375+0000] {processor.py:839} INFO - DAG(s) dict_keys(['example_weekday_branch_operator']) retrieved from /home/airflow/.local/lib/python3.8/site-packages/airflow/example_dags/example_branch_day_of_week_operator.py
[2024-11-06T14:31:02.386+0000] {logging_mixin.py:154} INFO - [2024-11-06T14:31:02.386+0000] {dag.py:2941} INFO - Sync 1 DAGs
[2024-11-06T14:31:02.398+0000] {logging_mixin.py:154} INFO - [2024-11-06T14:31:02.398+0000] {dag.py:3722} INFO - Setting next_dagrun for example_weekday_branch_operator to 2024-11-05T00:00:00+00:00, run_after=2024-11-06T00:00:00+00:00
[2024-11-06T14:31:02.413+0000] {processor.py:179} INFO - Processing /home/airflow/.local/lib/python3.8/site-packages/airflow/example_dags/example_branch_day_of_week_operator.py took 0.045 seconds
[2024-11-06T14:36:36.800+0000] {processor.py:157} INFO - Started process (PID=2609) to work on /home/airflow/.local/lib/python3.8/site-packages/airflow/example_dags/example_branch_day_of_week_operator.py
[2024-11-06T14:36:36.800+0000] {processor.py:829} INFO - Processing file /home/airflow/.local/lib/python3.8/site-packages/airflow/example_dags/example_branch_day_of_week_operator.py for tasks to queue
[2024-11-06T14:36:36.801+0000] {logging_mixin.py:154} INFO - [2024-11-06T14:36:36.801+0000] {dagbag.py:536} INFO - Filling up the DagBag from /home/airflow/.local/lib/python3.8/site-packages/airflow/example_dags/example_branch_day_of_week_operator.py
[2024-11-06T14:36:36.805+0000] {processor.py:839} INFO - DAG(s) dict_keys(['example_weekday_branch_operator']) retrieved from /home/airflow/.local/lib/python3.8/site-packages/airflow/example_dags/example_branch_day_of_week_operator.py
[2024-11-06T14:36:36.816+0000] {logging_mixin.py:154} INFO - [2024-11-06T14:36:36.816+0000] {dag.py:2941} INFO - Sync 1 DAGs
[2024-11-06T14:36:36.825+0000] {logging_mixin.py:154} INFO - [2024-11-06T14:36:36.825+0000] {dag.py:3722} INFO - Setting next_dagrun for example_weekday_branch_operator to 2024-11-05T00:00:00+00:00, run_after=2024-11-06T00:00:00+00:00
[2024-11-06T14:36:36.836+0000] {processor.py:179} INFO - Processing /home/airflow/.local/lib/python3.8/site-packages/airflow/example_dags/example_branch_day_of_week_operator.py took 0.038 seconds
[2024-11-06T15:02:53.269+0000] {processor.py:157} INFO - Started process (PID=2663) to work on /home/airflow/.local/lib/python3.8/site-packages/airflow/example_dags/example_branch_day_of_week_operator.py
[2024-11-06T15:02:53.269+0000] {processor.py:829} INFO - Processing file /home/airflow/.local/lib/python3.8/site-packages/airflow/example_dags/example_branch_day_of_week_operator.py for tasks to queue
[2024-11-06T15:02:53.270+0000] {logging_mixin.py:154} INFO - [2024-11-06T15:02:53.270+0000] {dagbag.py:536} INFO - Filling up the DagBag from /home/airflow/.local/lib/python3.8/site-packages/airflow/example_dags/example_branch_day_of_week_operator.py
[2024-11-06T15:02:53.274+0000] {processor.py:839} INFO - DAG(s) dict_keys(['example_weekday_branch_operator']) retrieved from /home/airflow/.local/lib/python3.8/site-packages/airflow/example_dags/example_branch_day_of_week_operator.py
[2024-11-06T15:02:53.285+0000] {logging_mixin.py:154} INFO - [2024-11-06T15:02:53.285+0000] {dag.py:2941} INFO - Sync 1 DAGs
[2024-11-06T15:02:53.297+0000] {logging_mixin.py:154} INFO - [2024-11-06T15:02:53.297+0000] {dag.py:3722} INFO - Setting next_dagrun for example_weekday_branch_operator to 2024-11-05T00:00:00+00:00, run_after=2024-11-06T00:00:00+00:00
[2024-11-06T15:02:53.305+0000] {processor.py:179} INFO - Processing /home/airflow/.local/lib/python3.8/site-packages/airflow/example_dags/example_branch_day_of_week_operator.py took 0.038 seconds
[2024-11-06T15:37:17.232+0000] {processor.py:157} INFO - Started process (PID=2717) to work on /home/airflow/.local/lib/python3.8/site-packages/airflow/example_dags/example_branch_day_of_week_operator.py
[2024-11-06T15:37:17.233+0000] {processor.py:829} INFO - Processing file /home/airflow/.local/lib/python3.8/site-packages/airflow/example_dags/example_branch_day_of_week_operator.py for tasks to queue
[2024-11-06T15:37:17.234+0000] {logging_mixin.py:154} INFO - [2024-11-06T15:37:17.234+0000] {dagbag.py:536} INFO - Filling up the DagBag from /home/airflow/.local/lib/python3.8/site-packages/airflow/example_dags/example_branch_day_of_week_operator.py
[2024-11-06T15:37:17.237+0000] {processor.py:839} INFO - DAG(s) dict_keys(['example_weekday_branch_operator']) retrieved from /home/airflow/.local/lib/python3.8/site-packages/airflow/example_dags/example_branch_day_of_week_operator.py
[2024-11-06T15:37:17.246+0000] {logging_mixin.py:154} INFO - [2024-11-06T15:37:17.246+0000] {dag.py:2941} INFO - Sync 1 DAGs
[2024-11-06T15:37:17.255+0000] {logging_mixin.py:154} INFO - [2024-11-06T15:37:17.255+0000] {dag.py:3722} INFO - Setting next_dagrun for example_weekday_branch_operator to 2024-11-05T00:00:00+00:00, run_after=2024-11-06T00:00:00+00:00
[2024-11-06T15:37:17.261+0000] {processor.py:179} INFO - Processing /home/airflow/.local/lib/python3.8/site-packages/airflow/example_dags/example_branch_day_of_week_operator.py took 0.030 seconds
[2024-11-06T15:48:09.709+0000] {processor.py:157} INFO - Started process (PID=2771) to work on /home/airflow/.local/lib/python3.8/site-packages/airflow/example_dags/example_branch_day_of_week_operator.py
[2024-11-06T15:48:09.710+0000] {processor.py:829} INFO - Processing file /home/airflow/.local/lib/python3.8/site-packages/airflow/example_dags/example_branch_day_of_week_operator.py for tasks to queue
[2024-11-06T15:48:09.713+0000] {logging_mixin.py:154} INFO - [2024-11-06T15:48:09.713+0000] {dagbag.py:536} INFO - Filling up the DagBag from /home/airflow/.local/lib/python3.8/site-packages/airflow/example_dags/example_branch_day_of_week_operator.py
[2024-11-06T15:48:09.719+0000] {processor.py:839} INFO - DAG(s) dict_keys(['example_weekday_branch_operator']) retrieved from /home/airflow/.local/lib/python3.8/site-packages/airflow/example_dags/example_branch_day_of_week_operator.py
[2024-11-06T15:48:09.739+0000] {logging_mixin.py:154} INFO - [2024-11-06T15:48:09.738+0000] {dag.py:2941} INFO - Sync 1 DAGs
[2024-11-06T15:48:09.765+0000] {logging_mixin.py:154} INFO - [2024-11-06T15:48:09.765+0000] {dag.py:3722} INFO - Setting next_dagrun for example_weekday_branch_operator to 2024-11-05T00:00:00+00:00, run_after=2024-11-06T00:00:00+00:00
[2024-11-06T15:48:09.787+0000] {processor.py:179} INFO - Processing /home/airflow/.local/lib/python3.8/site-packages/airflow/example_dags/example_branch_day_of_week_operator.py took 0.081 seconds
[2024-11-06T16:49:04.035+0000] {processor.py:157} INFO - Started process (PID=2825) to work on /home/airflow/.local/lib/python3.8/site-packages/airflow/example_dags/example_branch_day_of_week_operator.py
[2024-11-06T16:49:04.035+0000] {processor.py:829} INFO - Processing file /home/airflow/.local/lib/python3.8/site-packages/airflow/example_dags/example_branch_day_of_week_operator.py for tasks to queue
[2024-11-06T16:49:04.036+0000] {logging_mixin.py:154} INFO - [2024-11-06T16:49:04.036+0000] {dagbag.py:536} INFO - Filling up the DagBag from /home/airflow/.local/lib/python3.8/site-packages/airflow/example_dags/example_branch_day_of_week_operator.py
[2024-11-06T16:49:04.040+0000] {processor.py:839} INFO - DAG(s) dict_keys(['example_weekday_branch_operator']) retrieved from /home/airflow/.local/lib/python3.8/site-packages/airflow/example_dags/example_branch_day_of_week_operator.py
[2024-11-06T16:49:04.050+0000] {logging_mixin.py:154} INFO - [2024-11-06T16:49:04.050+0000] {dag.py:2941} INFO - Sync 1 DAGs
[2024-11-06T16:49:04.059+0000] {logging_mixin.py:154} INFO - [2024-11-06T16:49:04.059+0000] {dag.py:3722} INFO - Setting next_dagrun for example_weekday_branch_operator to 2024-11-05T00:00:00+00:00, run_after=2024-11-06T00:00:00+00:00
[2024-11-06T16:49:04.065+0000] {processor.py:179} INFO - Processing /home/airflow/.local/lib/python3.8/site-packages/airflow/example_dags/example_branch_day_of_week_operator.py took 0.031 seconds
[2024-11-06T16:49:56.809+0000] {processor.py:157} INFO - Started process (PID=2879) to work on /home/airflow/.local/lib/python3.8/site-packages/airflow/example_dags/example_branch_day_of_week_operator.py
[2024-11-06T16:49:56.810+0000] {processor.py:829} INFO - Processing file /home/airflow/.local/lib/python3.8/site-packages/airflow/example_dags/example_branch_day_of_week_operator.py for tasks to queue
[2024-11-06T16:49:56.811+0000] {logging_mixin.py:154} INFO - [2024-11-06T16:49:56.811+0000] {dagbag.py:536} INFO - Filling up the DagBag from /home/airflow/.local/lib/python3.8/site-packages/airflow/example_dags/example_branch_day_of_week_operator.py
[2024-11-06T16:49:56.814+0000] {processor.py:839} INFO - DAG(s) dict_keys(['example_weekday_branch_operator']) retrieved from /home/airflow/.local/lib/python3.8/site-packages/airflow/example_dags/example_branch_day_of_week_operator.py
[2024-11-06T16:49:56.825+0000] {logging_mixin.py:154} INFO - [2024-11-06T16:49:56.825+0000] {dag.py:2941} INFO - Sync 1 DAGs
[2024-11-06T16:49:56.837+0000] {logging_mixin.py:154} INFO - [2024-11-06T16:49:56.837+0000] {dag.py:3722} INFO - Setting next_dagrun for example_weekday_branch_operator to 2024-11-05T00:00:00+00:00, run_after=2024-11-06T00:00:00+00:00
[2024-11-06T16:49:56.850+0000] {processor.py:179} INFO - Processing /home/airflow/.local/lib/python3.8/site-packages/airflow/example_dags/example_branch_day_of_week_operator.py took 0.042 seconds
[2024-11-06T17:40:08.815+0000] {processor.py:157} INFO - Started process (PID=2933) to work on /home/airflow/.local/lib/python3.8/site-packages/airflow/example_dags/example_branch_day_of_week_operator.py
[2024-11-06T17:40:08.816+0000] {processor.py:829} INFO - Processing file /home/airflow/.local/lib/python3.8/site-packages/airflow/example_dags/example_branch_day_of_week_operator.py for tasks to queue
[2024-11-06T17:40:08.818+0000] {logging_mixin.py:154} INFO - [2024-11-06T17:40:08.818+0000] {dagbag.py:536} INFO - Filling up the DagBag from /home/airflow/.local/lib/python3.8/site-packages/airflow/example_dags/example_branch_day_of_week_operator.py
[2024-11-06T17:40:08.823+0000] {processor.py:839} INFO - DAG(s) dict_keys(['example_weekday_branch_operator']) retrieved from /home/airflow/.local/lib/python3.8/site-packages/airflow/example_dags/example_branch_day_of_week_operator.py
[2024-11-06T17:40:08.832+0000] {logging_mixin.py:154} INFO - [2024-11-06T17:40:08.832+0000] {dag.py:2941} INFO - Sync 1 DAGs
[2024-11-06T17:40:08.842+0000] {logging_mixin.py:154} INFO - [2024-11-06T17:40:08.842+0000] {dag.py:3722} INFO - Setting next_dagrun for example_weekday_branch_operator to 2024-11-05T00:00:00+00:00, run_after=2024-11-06T00:00:00+00:00
[2024-11-06T17:40:08.856+0000] {processor.py:179} INFO - Processing /home/airflow/.local/lib/python3.8/site-packages/airflow/example_dags/example_branch_day_of_week_operator.py took 0.043 seconds
[2024-11-06T18:40:21.122+0000] {processor.py:157} INFO - Started process (PID=2987) to work on /home/airflow/.local/lib/python3.8/site-packages/airflow/example_dags/example_branch_day_of_week_operator.py
[2024-11-06T18:40:21.125+0000] {processor.py:829} INFO - Processing file /home/airflow/.local/lib/python3.8/site-packages/airflow/example_dags/example_branch_day_of_week_operator.py for tasks to queue
[2024-11-06T18:40:21.127+0000] {logging_mixin.py:154} INFO - [2024-11-06T18:40:21.127+0000] {dagbag.py:536} INFO - Filling up the DagBag from /home/airflow/.local/lib/python3.8/site-packages/airflow/example_dags/example_branch_day_of_week_operator.py
[2024-11-06T18:40:21.131+0000] {processor.py:839} INFO - DAG(s) dict_keys(['example_weekday_branch_operator']) retrieved from /home/airflow/.local/lib/python3.8/site-packages/airflow/example_dags/example_branch_day_of_week_operator.py
[2024-11-06T18:40:21.145+0000] {logging_mixin.py:154} INFO - [2024-11-06T18:40:21.145+0000] {dag.py:2941} INFO - Sync 1 DAGs
[2024-11-06T18:40:21.155+0000] {logging_mixin.py:154} INFO - [2024-11-06T18:40:21.155+0000] {dag.py:3722} INFO - Setting next_dagrun for example_weekday_branch_operator to 2024-11-05T00:00:00+00:00, run_after=2024-11-06T00:00:00+00:00
[2024-11-06T18:40:21.165+0000] {processor.py:179} INFO - Processing /home/airflow/.local/lib/python3.8/site-packages/airflow/example_dags/example_branch_day_of_week_operator.py took 0.044 seconds
[2024-11-06T19:56:54.916+0000] {processor.py:157} INFO - Started process (PID=3041) to work on /home/airflow/.local/lib/python3.8/site-packages/airflow/example_dags/example_branch_day_of_week_operator.py
[2024-11-06T19:56:54.917+0000] {processor.py:829} INFO - Processing file /home/airflow/.local/lib/python3.8/site-packages/airflow/example_dags/example_branch_day_of_week_operator.py for tasks to queue
[2024-11-06T19:56:54.918+0000] {logging_mixin.py:154} INFO - [2024-11-06T19:56:54.918+0000] {dagbag.py:536} INFO - Filling up the DagBag from /home/airflow/.local/lib/python3.8/site-packages/airflow/example_dags/example_branch_day_of_week_operator.py
[2024-11-06T19:56:54.922+0000] {processor.py:839} INFO - DAG(s) dict_keys(['example_weekday_branch_operator']) retrieved from /home/airflow/.local/lib/python3.8/site-packages/airflow/example_dags/example_branch_day_of_week_operator.py
[2024-11-06T19:56:54.933+0000] {logging_mixin.py:154} INFO - [2024-11-06T19:56:54.933+0000] {dag.py:2941} INFO - Sync 1 DAGs
[2024-11-06T19:56:54.943+0000] {logging_mixin.py:154} INFO - [2024-11-06T19:56:54.942+0000] {dag.py:3722} INFO - Setting next_dagrun for example_weekday_branch_operator to 2024-11-05T00:00:00+00:00, run_after=2024-11-06T00:00:00+00:00
[2024-11-06T19:56:54.953+0000] {processor.py:179} INFO - Processing /home/airflow/.local/lib/python3.8/site-packages/airflow/example_dags/example_branch_day_of_week_operator.py took 0.038 seconds
[2024-11-06T20:41:41.550+0000] {processor.py:157} INFO - Started process (PID=3095) to work on /home/airflow/.local/lib/python3.8/site-packages/airflow/example_dags/example_branch_day_of_week_operator.py
[2024-11-06T20:41:41.551+0000] {processor.py:829} INFO - Processing file /home/airflow/.local/lib/python3.8/site-packages/airflow/example_dags/example_branch_day_of_week_operator.py for tasks to queue
[2024-11-06T20:41:41.554+0000] {logging_mixin.py:154} INFO - [2024-11-06T20:41:41.554+0000] {dagbag.py:536} INFO - Filling up the DagBag from /home/airflow/.local/lib/python3.8/site-packages/airflow/example_dags/example_branch_day_of_week_operator.py
[2024-11-06T20:41:41.557+0000] {processor.py:839} INFO - DAG(s) dict_keys(['example_weekday_branch_operator']) retrieved from /home/airflow/.local/lib/python3.8/site-packages/airflow/example_dags/example_branch_day_of_week_operator.py
[2024-11-06T20:41:41.568+0000] {logging_mixin.py:154} INFO - [2024-11-06T20:41:41.568+0000] {dag.py:2941} INFO - Sync 1 DAGs
[2024-11-06T20:41:41.579+0000] {logging_mixin.py:154} INFO - [2024-11-06T20:41:41.578+0000] {dag.py:3722} INFO - Setting next_dagrun for example_weekday_branch_operator to 2024-11-05T00:00:00+00:00, run_after=2024-11-06T00:00:00+00:00
[2024-11-06T20:41:41.588+0000] {processor.py:179} INFO - Processing /home/airflow/.local/lib/python3.8/site-packages/airflow/example_dags/example_branch_day_of_week_operator.py took 0.040 seconds
[2024-11-06T22:09:51.020+0000] {processor.py:157} INFO - Started process (PID=3149) to work on /home/airflow/.local/lib/python3.8/site-packages/airflow/example_dags/example_branch_day_of_week_operator.py
[2024-11-06T22:09:51.021+0000] {processor.py:829} INFO - Processing file /home/airflow/.local/lib/python3.8/site-packages/airflow/example_dags/example_branch_day_of_week_operator.py for tasks to queue
[2024-11-06T22:09:51.022+0000] {logging_mixin.py:154} INFO - [2024-11-06T22:09:51.022+0000] {dagbag.py:536} INFO - Filling up the DagBag from /home/airflow/.local/lib/python3.8/site-packages/airflow/example_dags/example_branch_day_of_week_operator.py
[2024-11-06T22:09:51.026+0000] {processor.py:839} INFO - DAG(s) dict_keys(['example_weekday_branch_operator']) retrieved from /home/airflow/.local/lib/python3.8/site-packages/airflow/example_dags/example_branch_day_of_week_operator.py
[2024-11-06T22:09:51.036+0000] {logging_mixin.py:154} INFO - [2024-11-06T22:09:51.036+0000] {dag.py:2941} INFO - Sync 1 DAGs
[2024-11-06T22:09:51.046+0000] {logging_mixin.py:154} INFO - [2024-11-06T22:09:51.046+0000] {dag.py:3722} INFO - Setting next_dagrun for example_weekday_branch_operator to 2024-11-05T00:00:00+00:00, run_after=2024-11-06T00:00:00+00:00
[2024-11-06T22:09:51.057+0000] {processor.py:179} INFO - Processing /home/airflow/.local/lib/python3.8/site-packages/airflow/example_dags/example_branch_day_of_week_operator.py took 0.039 seconds
[2024-11-06T23:10:56.765+0000] {processor.py:157} INFO - Started process (PID=3203) to work on /home/airflow/.local/lib/python3.8/site-packages/airflow/example_dags/example_branch_day_of_week_operator.py
[2024-11-06T23:10:56.768+0000] {processor.py:829} INFO - Processing file /home/airflow/.local/lib/python3.8/site-packages/airflow/example_dags/example_branch_day_of_week_operator.py for tasks to queue
[2024-11-06T23:10:56.769+0000] {logging_mixin.py:154} INFO - [2024-11-06T23:10:56.769+0000] {dagbag.py:536} INFO - Filling up the DagBag from /home/airflow/.local/lib/python3.8/site-packages/airflow/example_dags/example_branch_day_of_week_operator.py
[2024-11-06T23:10:56.772+0000] {processor.py:839} INFO - DAG(s) dict_keys(['example_weekday_branch_operator']) retrieved from /home/airflow/.local/lib/python3.8/site-packages/airflow/example_dags/example_branch_day_of_week_operator.py
[2024-11-06T23:10:56.785+0000] {logging_mixin.py:154} INFO - [2024-11-06T23:10:56.785+0000] {dag.py:2941} INFO - Sync 1 DAGs
[2024-11-06T23:10:56.796+0000] {logging_mixin.py:154} INFO - [2024-11-06T23:10:56.796+0000] {dag.py:3722} INFO - Setting next_dagrun for example_weekday_branch_operator to 2024-11-05T00:00:00+00:00, run_after=2024-11-06T00:00:00+00:00
[2024-11-06T23:10:56.805+0000] {processor.py:179} INFO - Processing /home/airflow/.local/lib/python3.8/site-packages/airflow/example_dags/example_branch_day_of_week_operator.py took 0.042 seconds
[2024-11-06T23:49:21.504+0000] {processor.py:157} INFO - Started process (PID=3257) to work on /home/airflow/.local/lib/python3.8/site-packages/airflow/example_dags/example_branch_day_of_week_operator.py
[2024-11-06T23:49:21.505+0000] {processor.py:829} INFO - Processing file /home/airflow/.local/lib/python3.8/site-packages/airflow/example_dags/example_branch_day_of_week_operator.py for tasks to queue
[2024-11-06T23:49:21.506+0000] {logging_mixin.py:154} INFO - [2024-11-06T23:49:21.506+0000] {dagbag.py:536} INFO - Filling up the DagBag from /home/airflow/.local/lib/python3.8/site-packages/airflow/example_dags/example_branch_day_of_week_operator.py
[2024-11-06T23:49:21.512+0000] {processor.py:839} INFO - DAG(s) dict_keys(['example_weekday_branch_operator']) retrieved from /home/airflow/.local/lib/python3.8/site-packages/airflow/example_dags/example_branch_day_of_week_operator.py
[2024-11-06T23:49:21.524+0000] {logging_mixin.py:154} INFO - [2024-11-06T23:49:21.524+0000] {dag.py:2941} INFO - Sync 1 DAGs
[2024-11-06T23:49:21.533+0000] {logging_mixin.py:154} INFO - [2024-11-06T23:49:21.533+0000] {dag.py:3722} INFO - Setting next_dagrun for example_weekday_branch_operator to 2024-11-05T00:00:00+00:00, run_after=2024-11-06T00:00:00+00:00
[2024-11-06T23:49:21.547+0000] {processor.py:179} INFO - Processing /home/airflow/.local/lib/python3.8/site-packages/airflow/example_dags/example_branch_day_of_week_operator.py took 0.044 seconds
