[2024-11-06T08:43:20.494+0000] {processor.py:157} INFO - Started process (PID=86) to work on /home/airflow/.local/lib/python3.8/site-packages/airflow/example_dags/example_short_circuit_operator.py
[2024-11-06T08:43:20.494+0000] {processor.py:829} INFO - Processing file /home/airflow/.local/lib/python3.8/site-packages/airflow/example_dags/example_short_circuit_operator.py for tasks to queue
[2024-11-06T08:43:20.496+0000] {logging_mixin.py:154} INFO - [2024-11-06T08:43:20.496+0000] {dagbag.py:536} INFO - Filling up the DagBag from /home/airflow/.local/lib/python3.8/site-packages/airflow/example_dags/example_short_circuit_operator.py
[2024-11-06T08:43:20.500+0000] {processor.py:839} INFO - DAG(s) dict_keys(['example_short_circuit_operator']) retrieved from /home/airflow/.local/lib/python3.8/site-packages/airflow/example_dags/example_short_circuit_operator.py
[2024-11-06T08:43:20.508+0000] {logging_mixin.py:154} INFO - [2024-11-06T08:43:20.508+0000] {dag.py:2941} INFO - Sync 1 DAGs
[2024-11-06T08:43:20.519+0000] {logging_mixin.py:154} INFO - [2024-11-06T08:43:20.519+0000] {dag.py:3722} INFO - Setting next_dagrun for example_short_circuit_operator to 2024-11-05T08:43:20.519566+00:00, run_after=2024-11-06T08:43:20.519566+00:00
[2024-11-06T08:43:20.534+0000] {processor.py:179} INFO - Processing /home/airflow/.local/lib/python3.8/site-packages/airflow/example_dags/example_short_circuit_operator.py took 0.043 seconds
[2024-11-06T08:43:51.462+0000] {processor.py:157} INFO - Started process (PID=140) to work on /home/airflow/.local/lib/python3.8/site-packages/airflow/example_dags/example_short_circuit_operator.py
[2024-11-06T08:43:51.462+0000] {processor.py:829} INFO - Processing file /home/airflow/.local/lib/python3.8/site-packages/airflow/example_dags/example_short_circuit_operator.py for tasks to queue
[2024-11-06T08:43:51.464+0000] {logging_mixin.py:154} INFO - [2024-11-06T08:43:51.464+0000] {dagbag.py:536} INFO - Filling up the DagBag from /home/airflow/.local/lib/python3.8/site-packages/airflow/example_dags/example_short_circuit_operator.py
[2024-11-06T08:43:51.469+0000] {processor.py:839} INFO - DAG(s) dict_keys(['example_short_circuit_operator']) retrieved from /home/airflow/.local/lib/python3.8/site-packages/airflow/example_dags/example_short_circuit_operator.py
[2024-11-06T08:43:51.481+0000] {logging_mixin.py:154} INFO - [2024-11-06T08:43:51.481+0000] {dag.py:2941} INFO - Sync 1 DAGs
[2024-11-06T08:43:51.490+0000] {logging_mixin.py:154} INFO - [2024-11-06T08:43:51.490+0000] {dag.py:3722} INFO - Setting next_dagrun for example_short_circuit_operator to 2024-11-05T08:43:51.490061+00:00, run_after=2024-11-06T08:43:51.490061+00:00
[2024-11-06T08:43:51.498+0000] {processor.py:179} INFO - Processing /home/airflow/.local/lib/python3.8/site-packages/airflow/example_dags/example_short_circuit_operator.py took 0.038 seconds
[2024-11-06T08:44:21.848+0000] {processor.py:157} INFO - Started process (PID=194) to work on /home/airflow/.local/lib/python3.8/site-packages/airflow/example_dags/example_short_circuit_operator.py
[2024-11-06T08:44:21.849+0000] {processor.py:829} INFO - Processing file /home/airflow/.local/lib/python3.8/site-packages/airflow/example_dags/example_short_circuit_operator.py for tasks to queue
[2024-11-06T08:44:21.851+0000] {logging_mixin.py:154} INFO - [2024-11-06T08:44:21.851+0000] {dagbag.py:536} INFO - Filling up the DagBag from /home/airflow/.local/lib/python3.8/site-packages/airflow/example_dags/example_short_circuit_operator.py
[2024-11-06T08:44:21.854+0000] {processor.py:839} INFO - DAG(s) dict_keys(['example_short_circuit_operator']) retrieved from /home/airflow/.local/lib/python3.8/site-packages/airflow/example_dags/example_short_circuit_operator.py
[2024-11-06T08:44:21.865+0000] {logging_mixin.py:154} INFO - [2024-11-06T08:44:21.865+0000] {dag.py:2941} INFO - Sync 1 DAGs
[2024-11-06T08:44:21.877+0000] {logging_mixin.py:154} INFO - [2024-11-06T08:44:21.876+0000] {dag.py:3722} INFO - Setting next_dagrun for example_short_circuit_operator to 2024-11-05T08:44:21.876868+00:00, run_after=2024-11-06T08:44:21.876868+00:00
[2024-11-06T08:44:21.887+0000] {processor.py:179} INFO - Processing /home/airflow/.local/lib/python3.8/site-packages/airflow/example_dags/example_short_circuit_operator.py took 0.041 seconds
[2024-11-06T08:44:52.188+0000] {processor.py:157} INFO - Started process (PID=248) to work on /home/airflow/.local/lib/python3.8/site-packages/airflow/example_dags/example_short_circuit_operator.py
[2024-11-06T08:44:52.188+0000] {processor.py:829} INFO - Processing file /home/airflow/.local/lib/python3.8/site-packages/airflow/example_dags/example_short_circuit_operator.py for tasks to queue
[2024-11-06T08:44:52.189+0000] {logging_mixin.py:154} INFO - [2024-11-06T08:44:52.189+0000] {dagbag.py:536} INFO - Filling up the DagBag from /home/airflow/.local/lib/python3.8/site-packages/airflow/example_dags/example_short_circuit_operator.py
[2024-11-06T08:44:52.192+0000] {processor.py:839} INFO - DAG(s) dict_keys(['example_short_circuit_operator']) retrieved from /home/airflow/.local/lib/python3.8/site-packages/airflow/example_dags/example_short_circuit_operator.py
[2024-11-06T08:44:52.204+0000] {logging_mixin.py:154} INFO - [2024-11-06T08:44:52.204+0000] {dag.py:2941} INFO - Sync 1 DAGs
[2024-11-06T08:44:52.215+0000] {logging_mixin.py:154} INFO - [2024-11-06T08:44:52.215+0000] {dag.py:3722} INFO - Setting next_dagrun for example_short_circuit_operator to 2024-11-05T08:44:52.215607+00:00, run_after=2024-11-06T08:44:52.215607+00:00
[2024-11-06T08:44:52.223+0000] {processor.py:179} INFO - Processing /home/airflow/.local/lib/python3.8/site-packages/airflow/example_dags/example_short_circuit_operator.py took 0.037 seconds
[2024-11-06T08:45:22.544+0000] {processor.py:157} INFO - Started process (PID=302) to work on /home/airflow/.local/lib/python3.8/site-packages/airflow/example_dags/example_short_circuit_operator.py
[2024-11-06T08:45:22.545+0000] {processor.py:829} INFO - Processing file /home/airflow/.local/lib/python3.8/site-packages/airflow/example_dags/example_short_circuit_operator.py for tasks to queue
[2024-11-06T08:45:22.546+0000] {logging_mixin.py:154} INFO - [2024-11-06T08:45:22.546+0000] {dagbag.py:536} INFO - Filling up the DagBag from /home/airflow/.local/lib/python3.8/site-packages/airflow/example_dags/example_short_circuit_operator.py
[2024-11-06T08:45:22.553+0000] {processor.py:839} INFO - DAG(s) dict_keys(['example_short_circuit_operator']) retrieved from /home/airflow/.local/lib/python3.8/site-packages/airflow/example_dags/example_short_circuit_operator.py
[2024-11-06T08:45:22.568+0000] {logging_mixin.py:154} INFO - [2024-11-06T08:45:22.568+0000] {dag.py:2941} INFO - Sync 1 DAGs
[2024-11-06T08:45:22.578+0000] {logging_mixin.py:154} INFO - [2024-11-06T08:45:22.578+0000] {dag.py:3722} INFO - Setting next_dagrun for example_short_circuit_operator to 2024-11-05T08:45:22.578058+00:00, run_after=2024-11-06T08:45:22.578058+00:00
[2024-11-06T08:45:22.588+0000] {processor.py:179} INFO - Processing /home/airflow/.local/lib/python3.8/site-packages/airflow/example_dags/example_short_circuit_operator.py took 0.046 seconds
[2024-11-06T08:45:52.938+0000] {processor.py:157} INFO - Started process (PID=363) to work on /home/airflow/.local/lib/python3.8/site-packages/airflow/example_dags/example_short_circuit_operator.py
[2024-11-06T08:45:52.940+0000] {processor.py:829} INFO - Processing file /home/airflow/.local/lib/python3.8/site-packages/airflow/example_dags/example_short_circuit_operator.py for tasks to queue
[2024-11-06T08:45:52.941+0000] {logging_mixin.py:154} INFO - [2024-11-06T08:45:52.941+0000] {dagbag.py:536} INFO - Filling up the DagBag from /home/airflow/.local/lib/python3.8/site-packages/airflow/example_dags/example_short_circuit_operator.py
[2024-11-06T08:45:52.945+0000] {processor.py:839} INFO - DAG(s) dict_keys(['example_short_circuit_operator']) retrieved from /home/airflow/.local/lib/python3.8/site-packages/airflow/example_dags/example_short_circuit_operator.py
[2024-11-06T08:45:52.958+0000] {logging_mixin.py:154} INFO - [2024-11-06T08:45:52.958+0000] {dag.py:2941} INFO - Sync 1 DAGs
[2024-11-06T08:45:52.968+0000] {logging_mixin.py:154} INFO - [2024-11-06T08:45:52.968+0000] {dag.py:3722} INFO - Setting next_dagrun for example_short_circuit_operator to 2024-11-05T08:45:52.968470+00:00, run_after=2024-11-06T08:45:52.968470+00:00
[2024-11-06T08:45:52.979+0000] {processor.py:179} INFO - Processing /home/airflow/.local/lib/python3.8/site-packages/airflow/example_dags/example_short_circuit_operator.py took 0.042 seconds
[2024-11-06T08:46:23.652+0000] {processor.py:157} INFO - Started process (PID=417) to work on /home/airflow/.local/lib/python3.8/site-packages/airflow/example_dags/example_short_circuit_operator.py
[2024-11-06T08:46:23.653+0000] {processor.py:829} INFO - Processing file /home/airflow/.local/lib/python3.8/site-packages/airflow/example_dags/example_short_circuit_operator.py for tasks to queue
[2024-11-06T08:46:23.656+0000] {logging_mixin.py:154} INFO - [2024-11-06T08:46:23.656+0000] {dagbag.py:536} INFO - Filling up the DagBag from /home/airflow/.local/lib/python3.8/site-packages/airflow/example_dags/example_short_circuit_operator.py
[2024-11-06T08:46:23.660+0000] {processor.py:839} INFO - DAG(s) dict_keys(['example_short_circuit_operator']) retrieved from /home/airflow/.local/lib/python3.8/site-packages/airflow/example_dags/example_short_circuit_operator.py
[2024-11-06T08:46:23.678+0000] {logging_mixin.py:154} INFO - [2024-11-06T08:46:23.678+0000] {dag.py:2941} INFO - Sync 1 DAGs
[2024-11-06T08:46:23.699+0000] {logging_mixin.py:154} INFO - [2024-11-06T08:46:23.699+0000] {dag.py:3722} INFO - Setting next_dagrun for example_short_circuit_operator to 2024-11-05T08:46:23.699227+00:00, run_after=2024-11-06T08:46:23.699227+00:00
[2024-11-06T08:46:23.715+0000] {processor.py:179} INFO - Processing /home/airflow/.local/lib/python3.8/site-packages/airflow/example_dags/example_short_circuit_operator.py took 0.064 seconds
[2024-11-06T08:46:54.211+0000] {processor.py:157} INFO - Started process (PID=471) to work on /home/airflow/.local/lib/python3.8/site-packages/airflow/example_dags/example_short_circuit_operator.py
[2024-11-06T08:46:54.211+0000] {processor.py:829} INFO - Processing file /home/airflow/.local/lib/python3.8/site-packages/airflow/example_dags/example_short_circuit_operator.py for tasks to queue
[2024-11-06T08:46:54.213+0000] {logging_mixin.py:154} INFO - [2024-11-06T08:46:54.213+0000] {dagbag.py:536} INFO - Filling up the DagBag from /home/airflow/.local/lib/python3.8/site-packages/airflow/example_dags/example_short_circuit_operator.py
[2024-11-06T08:46:54.218+0000] {processor.py:839} INFO - DAG(s) dict_keys(['example_short_circuit_operator']) retrieved from /home/airflow/.local/lib/python3.8/site-packages/airflow/example_dags/example_short_circuit_operator.py
[2024-11-06T08:46:54.234+0000] {logging_mixin.py:154} INFO - [2024-11-06T08:46:54.234+0000] {dag.py:2941} INFO - Sync 1 DAGs
[2024-11-06T08:46:54.246+0000] {logging_mixin.py:154} INFO - [2024-11-06T08:46:54.246+0000] {dag.py:3722} INFO - Setting next_dagrun for example_short_circuit_operator to 2024-11-05T08:46:54.246061+00:00, run_after=2024-11-06T08:46:54.246061+00:00
[2024-11-06T08:46:54.256+0000] {processor.py:179} INFO - Processing /home/airflow/.local/lib/python3.8/site-packages/airflow/example_dags/example_short_circuit_operator.py took 0.047 seconds
[2024-11-06T08:47:24.570+0000] {processor.py:157} INFO - Started process (PID=525) to work on /home/airflow/.local/lib/python3.8/site-packages/airflow/example_dags/example_short_circuit_operator.py
[2024-11-06T08:47:24.572+0000] {processor.py:829} INFO - Processing file /home/airflow/.local/lib/python3.8/site-packages/airflow/example_dags/example_short_circuit_operator.py for tasks to queue
[2024-11-06T08:47:24.574+0000] {logging_mixin.py:154} INFO - [2024-11-06T08:47:24.574+0000] {dagbag.py:536} INFO - Filling up the DagBag from /home/airflow/.local/lib/python3.8/site-packages/airflow/example_dags/example_short_circuit_operator.py
[2024-11-06T08:47:24.577+0000] {processor.py:839} INFO - DAG(s) dict_keys(['example_short_circuit_operator']) retrieved from /home/airflow/.local/lib/python3.8/site-packages/airflow/example_dags/example_short_circuit_operator.py
[2024-11-06T08:47:24.588+0000] {logging_mixin.py:154} INFO - [2024-11-06T08:47:24.588+0000] {dag.py:2941} INFO - Sync 1 DAGs
[2024-11-06T08:47:24.598+0000] {logging_mixin.py:154} INFO - [2024-11-06T08:47:24.598+0000] {dag.py:3722} INFO - Setting next_dagrun for example_short_circuit_operator to 2024-11-05T08:47:24.597948+00:00, run_after=2024-11-06T08:47:24.597948+00:00
[2024-11-06T08:47:24.605+0000] {processor.py:179} INFO - Processing /home/airflow/.local/lib/python3.8/site-packages/airflow/example_dags/example_short_circuit_operator.py took 0.037 seconds
[2024-11-06T08:47:54.974+0000] {processor.py:157} INFO - Started process (PID=580) to work on /home/airflow/.local/lib/python3.8/site-packages/airflow/example_dags/example_short_circuit_operator.py
[2024-11-06T08:47:54.975+0000] {processor.py:829} INFO - Processing file /home/airflow/.local/lib/python3.8/site-packages/airflow/example_dags/example_short_circuit_operator.py for tasks to queue
[2024-11-06T08:47:54.977+0000] {logging_mixin.py:154} INFO - [2024-11-06T08:47:54.976+0000] {dagbag.py:536} INFO - Filling up the DagBag from /home/airflow/.local/lib/python3.8/site-packages/airflow/example_dags/example_short_circuit_operator.py
[2024-11-06T08:47:54.981+0000] {processor.py:839} INFO - DAG(s) dict_keys(['example_short_circuit_operator']) retrieved from /home/airflow/.local/lib/python3.8/site-packages/airflow/example_dags/example_short_circuit_operator.py
[2024-11-06T08:47:54.991+0000] {logging_mixin.py:154} INFO - [2024-11-06T08:47:54.991+0000] {dag.py:2941} INFO - Sync 1 DAGs
[2024-11-06T08:47:55.000+0000] {logging_mixin.py:154} INFO - [2024-11-06T08:47:55.000+0000] {dag.py:3722} INFO - Setting next_dagrun for example_short_circuit_operator to 2024-11-05T08:47:55.000055+00:00, run_after=2024-11-06T08:47:55.000055+00:00
[2024-11-06T08:47:55.006+0000] {processor.py:179} INFO - Processing /home/airflow/.local/lib/python3.8/site-packages/airflow/example_dags/example_short_circuit_operator.py took 0.033 seconds
[2024-11-06T08:48:25.296+0000] {processor.py:157} INFO - Started process (PID=634) to work on /home/airflow/.local/lib/python3.8/site-packages/airflow/example_dags/example_short_circuit_operator.py
[2024-11-06T08:48:25.300+0000] {processor.py:829} INFO - Processing file /home/airflow/.local/lib/python3.8/site-packages/airflow/example_dags/example_short_circuit_operator.py for tasks to queue
[2024-11-06T08:48:25.301+0000] {logging_mixin.py:154} INFO - [2024-11-06T08:48:25.301+0000] {dagbag.py:536} INFO - Filling up the DagBag from /home/airflow/.local/lib/python3.8/site-packages/airflow/example_dags/example_short_circuit_operator.py
[2024-11-06T08:48:25.304+0000] {processor.py:839} INFO - DAG(s) dict_keys(['example_short_circuit_operator']) retrieved from /home/airflow/.local/lib/python3.8/site-packages/airflow/example_dags/example_short_circuit_operator.py
[2024-11-06T08:48:25.314+0000] {logging_mixin.py:154} INFO - [2024-11-06T08:48:25.314+0000] {dag.py:2941} INFO - Sync 1 DAGs
[2024-11-06T08:48:25.326+0000] {logging_mixin.py:154} INFO - [2024-11-06T08:48:25.326+0000] {dag.py:3722} INFO - Setting next_dagrun for example_short_circuit_operator to 2024-11-05T08:48:25.326189+00:00, run_after=2024-11-06T08:48:25.326189+00:00
[2024-11-06T08:48:25.334+0000] {processor.py:179} INFO - Processing /home/airflow/.local/lib/python3.8/site-packages/airflow/example_dags/example_short_circuit_operator.py took 0.040 seconds
[2024-11-06T08:48:55.588+0000] {processor.py:157} INFO - Started process (PID=688) to work on /home/airflow/.local/lib/python3.8/site-packages/airflow/example_dags/example_short_circuit_operator.py
[2024-11-06T08:48:55.590+0000] {processor.py:829} INFO - Processing file /home/airflow/.local/lib/python3.8/site-packages/airflow/example_dags/example_short_circuit_operator.py for tasks to queue
[2024-11-06T08:48:55.592+0000] {logging_mixin.py:154} INFO - [2024-11-06T08:48:55.592+0000] {dagbag.py:536} INFO - Filling up the DagBag from /home/airflow/.local/lib/python3.8/site-packages/airflow/example_dags/example_short_circuit_operator.py
[2024-11-06T08:48:55.599+0000] {processor.py:839} INFO - DAG(s) dict_keys(['example_short_circuit_operator']) retrieved from /home/airflow/.local/lib/python3.8/site-packages/airflow/example_dags/example_short_circuit_operator.py
[2024-11-06T08:48:55.617+0000] {logging_mixin.py:154} INFO - [2024-11-06T08:48:55.616+0000] {dag.py:2941} INFO - Sync 1 DAGs
[2024-11-06T08:48:55.634+0000] {logging_mixin.py:154} INFO - [2024-11-06T08:48:55.634+0000] {dag.py:3722} INFO - Setting next_dagrun for example_short_circuit_operator to 2024-11-05T08:48:55.634452+00:00, run_after=2024-11-06T08:48:55.634452+00:00
[2024-11-06T08:48:55.646+0000] {processor.py:179} INFO - Processing /home/airflow/.local/lib/python3.8/site-packages/airflow/example_dags/example_short_circuit_operator.py took 0.061 seconds
[2024-11-06T08:49:25.802+0000] {processor.py:157} INFO - Started process (PID=742) to work on /home/airflow/.local/lib/python3.8/site-packages/airflow/example_dags/example_short_circuit_operator.py
[2024-11-06T08:49:25.804+0000] {processor.py:829} INFO - Processing file /home/airflow/.local/lib/python3.8/site-packages/airflow/example_dags/example_short_circuit_operator.py for tasks to queue
[2024-11-06T08:49:25.805+0000] {logging_mixin.py:154} INFO - [2024-11-06T08:49:25.805+0000] {dagbag.py:536} INFO - Filling up the DagBag from /home/airflow/.local/lib/python3.8/site-packages/airflow/example_dags/example_short_circuit_operator.py
[2024-11-06T08:49:25.808+0000] {processor.py:839} INFO - DAG(s) dict_keys(['example_short_circuit_operator']) retrieved from /home/airflow/.local/lib/python3.8/site-packages/airflow/example_dags/example_short_circuit_operator.py
[2024-11-06T08:49:25.819+0000] {logging_mixin.py:154} INFO - [2024-11-06T08:49:25.819+0000] {dag.py:2941} INFO - Sync 1 DAGs
[2024-11-06T08:49:25.829+0000] {logging_mixin.py:154} INFO - [2024-11-06T08:49:25.829+0000] {dag.py:3722} INFO - Setting next_dagrun for example_short_circuit_operator to 2024-11-05T08:49:25.829656+00:00, run_after=2024-11-06T08:49:25.829656+00:00
[2024-11-06T08:49:25.838+0000] {processor.py:179} INFO - Processing /home/airflow/.local/lib/python3.8/site-packages/airflow/example_dags/example_short_circuit_operator.py took 0.038 seconds
[2024-11-06T08:49:56.039+0000] {processor.py:157} INFO - Started process (PID=795) to work on /home/airflow/.local/lib/python3.8/site-packages/airflow/example_dags/example_short_circuit_operator.py
[2024-11-06T08:49:56.041+0000] {processor.py:829} INFO - Processing file /home/airflow/.local/lib/python3.8/site-packages/airflow/example_dags/example_short_circuit_operator.py for tasks to queue
[2024-11-06T08:49:56.043+0000] {logging_mixin.py:154} INFO - [2024-11-06T08:49:56.043+0000] {dagbag.py:536} INFO - Filling up the DagBag from /home/airflow/.local/lib/python3.8/site-packages/airflow/example_dags/example_short_circuit_operator.py
[2024-11-06T08:49:56.047+0000] {processor.py:839} INFO - DAG(s) dict_keys(['example_short_circuit_operator']) retrieved from /home/airflow/.local/lib/python3.8/site-packages/airflow/example_dags/example_short_circuit_operator.py
[2024-11-06T08:49:56.057+0000] {logging_mixin.py:154} INFO - [2024-11-06T08:49:56.057+0000] {dag.py:2941} INFO - Sync 1 DAGs
[2024-11-06T08:49:56.067+0000] {logging_mixin.py:154} INFO - [2024-11-06T08:49:56.067+0000] {dag.py:3722} INFO - Setting next_dagrun for example_short_circuit_operator to 2024-11-05T08:49:56.067561+00:00, run_after=2024-11-06T08:49:56.067561+00:00
[2024-11-06T08:49:56.075+0000] {processor.py:179} INFO - Processing /home/airflow/.local/lib/python3.8/site-packages/airflow/example_dags/example_short_circuit_operator.py took 0.038 seconds
[2024-11-06T08:50:26.290+0000] {processor.py:157} INFO - Started process (PID=849) to work on /home/airflow/.local/lib/python3.8/site-packages/airflow/example_dags/example_short_circuit_operator.py
[2024-11-06T08:50:26.290+0000] {processor.py:829} INFO - Processing file /home/airflow/.local/lib/python3.8/site-packages/airflow/example_dags/example_short_circuit_operator.py for tasks to queue
[2024-11-06T08:50:26.291+0000] {logging_mixin.py:154} INFO - [2024-11-06T08:50:26.291+0000] {dagbag.py:536} INFO - Filling up the DagBag from /home/airflow/.local/lib/python3.8/site-packages/airflow/example_dags/example_short_circuit_operator.py
[2024-11-06T08:50:26.294+0000] {processor.py:839} INFO - DAG(s) dict_keys(['example_short_circuit_operator']) retrieved from /home/airflow/.local/lib/python3.8/site-packages/airflow/example_dags/example_short_circuit_operator.py
[2024-11-06T08:50:26.304+0000] {logging_mixin.py:154} INFO - [2024-11-06T08:50:26.304+0000] {dag.py:2941} INFO - Sync 1 DAGs
[2024-11-06T08:50:26.313+0000] {logging_mixin.py:154} INFO - [2024-11-06T08:50:26.313+0000] {dag.py:3722} INFO - Setting next_dagrun for example_short_circuit_operator to 2024-11-05T08:50:26.313466+00:00, run_after=2024-11-06T08:50:26.313466+00:00
[2024-11-06T08:50:26.323+0000] {processor.py:179} INFO - Processing /home/airflow/.local/lib/python3.8/site-packages/airflow/example_dags/example_short_circuit_operator.py took 0.035 seconds
[2024-11-06T08:50:56.545+0000] {processor.py:157} INFO - Started process (PID=903) to work on /home/airflow/.local/lib/python3.8/site-packages/airflow/example_dags/example_short_circuit_operator.py
[2024-11-06T08:50:56.548+0000] {processor.py:829} INFO - Processing file /home/airflow/.local/lib/python3.8/site-packages/airflow/example_dags/example_short_circuit_operator.py for tasks to queue
[2024-11-06T08:50:56.552+0000] {logging_mixin.py:154} INFO - [2024-11-06T08:50:56.551+0000] {dagbag.py:536} INFO - Filling up the DagBag from /home/airflow/.local/lib/python3.8/site-packages/airflow/example_dags/example_short_circuit_operator.py
[2024-11-06T08:50:56.555+0000] {processor.py:839} INFO - DAG(s) dict_keys(['example_short_circuit_operator']) retrieved from /home/airflow/.local/lib/python3.8/site-packages/airflow/example_dags/example_short_circuit_operator.py
[2024-11-06T08:50:56.565+0000] {logging_mixin.py:154} INFO - [2024-11-06T08:50:56.565+0000] {dag.py:2941} INFO - Sync 1 DAGs
[2024-11-06T08:50:56.575+0000] {logging_mixin.py:154} INFO - [2024-11-06T08:50:56.574+0000] {dag.py:3722} INFO - Setting next_dagrun for example_short_circuit_operator to 2024-11-05T08:50:56.574874+00:00, run_after=2024-11-06T08:50:56.574874+00:00
[2024-11-06T08:50:56.582+0000] {processor.py:179} INFO - Processing /home/airflow/.local/lib/python3.8/site-packages/airflow/example_dags/example_short_circuit_operator.py took 0.038 seconds
[2024-11-06T08:51:26.966+0000] {processor.py:157} INFO - Started process (PID=957) to work on /home/airflow/.local/lib/python3.8/site-packages/airflow/example_dags/example_short_circuit_operator.py
[2024-11-06T08:51:26.966+0000] {processor.py:829} INFO - Processing file /home/airflow/.local/lib/python3.8/site-packages/airflow/example_dags/example_short_circuit_operator.py for tasks to queue
[2024-11-06T08:51:26.967+0000] {logging_mixin.py:154} INFO - [2024-11-06T08:51:26.967+0000] {dagbag.py:536} INFO - Filling up the DagBag from /home/airflow/.local/lib/python3.8/site-packages/airflow/example_dags/example_short_circuit_operator.py
[2024-11-06T08:51:26.971+0000] {processor.py:839} INFO - DAG(s) dict_keys(['example_short_circuit_operator']) retrieved from /home/airflow/.local/lib/python3.8/site-packages/airflow/example_dags/example_short_circuit_operator.py
[2024-11-06T08:51:26.981+0000] {logging_mixin.py:154} INFO - [2024-11-06T08:51:26.981+0000] {dag.py:2941} INFO - Sync 1 DAGs
[2024-11-06T08:51:26.991+0000] {logging_mixin.py:154} INFO - [2024-11-06T08:51:26.991+0000] {dag.py:3722} INFO - Setting next_dagrun for example_short_circuit_operator to 2024-11-05T08:51:26.991376+00:00, run_after=2024-11-06T08:51:26.991376+00:00
[2024-11-06T08:51:26.999+0000] {processor.py:179} INFO - Processing /home/airflow/.local/lib/python3.8/site-packages/airflow/example_dags/example_short_circuit_operator.py took 0.035 seconds
[2024-11-06T08:51:57.307+0000] {processor.py:157} INFO - Started process (PID=1011) to work on /home/airflow/.local/lib/python3.8/site-packages/airflow/example_dags/example_short_circuit_operator.py
[2024-11-06T08:51:57.307+0000] {processor.py:829} INFO - Processing file /home/airflow/.local/lib/python3.8/site-packages/airflow/example_dags/example_short_circuit_operator.py for tasks to queue
[2024-11-06T08:51:57.309+0000] {logging_mixin.py:154} INFO - [2024-11-06T08:51:57.308+0000] {dagbag.py:536} INFO - Filling up the DagBag from /home/airflow/.local/lib/python3.8/site-packages/airflow/example_dags/example_short_circuit_operator.py
[2024-11-06T08:51:57.312+0000] {processor.py:839} INFO - DAG(s) dict_keys(['example_short_circuit_operator']) retrieved from /home/airflow/.local/lib/python3.8/site-packages/airflow/example_dags/example_short_circuit_operator.py
[2024-11-06T08:51:57.323+0000] {logging_mixin.py:154} INFO - [2024-11-06T08:51:57.323+0000] {dag.py:2941} INFO - Sync 1 DAGs
[2024-11-06T08:51:57.332+0000] {logging_mixin.py:154} INFO - [2024-11-06T08:51:57.332+0000] {dag.py:3722} INFO - Setting next_dagrun for example_short_circuit_operator to 2024-11-05T08:51:57.332276+00:00, run_after=2024-11-06T08:51:57.332276+00:00
[2024-11-06T08:51:57.414+0000] {processor.py:179} INFO - Processing /home/airflow/.local/lib/python3.8/site-packages/airflow/example_dags/example_short_circuit_operator.py took 0.109 seconds
[2024-11-06T08:52:27.594+0000] {processor.py:157} INFO - Started process (PID=1065) to work on /home/airflow/.local/lib/python3.8/site-packages/airflow/example_dags/example_short_circuit_operator.py
[2024-11-06T08:52:27.594+0000] {processor.py:829} INFO - Processing file /home/airflow/.local/lib/python3.8/site-packages/airflow/example_dags/example_short_circuit_operator.py for tasks to queue
[2024-11-06T08:52:27.595+0000] {logging_mixin.py:154} INFO - [2024-11-06T08:52:27.595+0000] {dagbag.py:536} INFO - Filling up the DagBag from /home/airflow/.local/lib/python3.8/site-packages/airflow/example_dags/example_short_circuit_operator.py
[2024-11-06T08:52:27.599+0000] {processor.py:839} INFO - DAG(s) dict_keys(['example_short_circuit_operator']) retrieved from /home/airflow/.local/lib/python3.8/site-packages/airflow/example_dags/example_short_circuit_operator.py
[2024-11-06T08:52:27.609+0000] {logging_mixin.py:154} INFO - [2024-11-06T08:52:27.609+0000] {dag.py:2941} INFO - Sync 1 DAGs
[2024-11-06T08:52:27.619+0000] {logging_mixin.py:154} INFO - [2024-11-06T08:52:27.619+0000] {dag.py:3722} INFO - Setting next_dagrun for example_short_circuit_operator to 2024-11-05T08:52:27.619498+00:00, run_after=2024-11-06T08:52:27.619498+00:00
[2024-11-06T08:52:27.627+0000] {processor.py:179} INFO - Processing /home/airflow/.local/lib/python3.8/site-packages/airflow/example_dags/example_short_circuit_operator.py took 0.034 seconds
[2024-11-06T08:52:58.246+0000] {processor.py:157} INFO - Started process (PID=1119) to work on /home/airflow/.local/lib/python3.8/site-packages/airflow/example_dags/example_short_circuit_operator.py
[2024-11-06T08:52:58.247+0000] {processor.py:829} INFO - Processing file /home/airflow/.local/lib/python3.8/site-packages/airflow/example_dags/example_short_circuit_operator.py for tasks to queue
[2024-11-06T08:52:58.251+0000] {logging_mixin.py:154} INFO - [2024-11-06T08:52:58.251+0000] {dagbag.py:536} INFO - Filling up the DagBag from /home/airflow/.local/lib/python3.8/site-packages/airflow/example_dags/example_short_circuit_operator.py
[2024-11-06T08:52:58.254+0000] {processor.py:839} INFO - DAG(s) dict_keys(['example_short_circuit_operator']) retrieved from /home/airflow/.local/lib/python3.8/site-packages/airflow/example_dags/example_short_circuit_operator.py
[2024-11-06T08:52:58.265+0000] {logging_mixin.py:154} INFO - [2024-11-06T08:52:58.265+0000] {dag.py:2941} INFO - Sync 1 DAGs
[2024-11-06T08:52:58.275+0000] {logging_mixin.py:154} INFO - [2024-11-06T08:52:58.275+0000] {dag.py:3722} INFO - Setting next_dagrun for example_short_circuit_operator to 2024-11-05T08:52:58.275753+00:00, run_after=2024-11-06T08:52:58.275753+00:00
[2024-11-06T08:52:58.284+0000] {processor.py:179} INFO - Processing /home/airflow/.local/lib/python3.8/site-packages/airflow/example_dags/example_short_circuit_operator.py took 0.040 seconds
[2024-11-06T08:53:28.910+0000] {processor.py:157} INFO - Started process (PID=1173) to work on /home/airflow/.local/lib/python3.8/site-packages/airflow/example_dags/example_short_circuit_operator.py
[2024-11-06T08:53:28.911+0000] {processor.py:829} INFO - Processing file /home/airflow/.local/lib/python3.8/site-packages/airflow/example_dags/example_short_circuit_operator.py for tasks to queue
[2024-11-06T08:53:28.913+0000] {logging_mixin.py:154} INFO - [2024-11-06T08:53:28.913+0000] {dagbag.py:536} INFO - Filling up the DagBag from /home/airflow/.local/lib/python3.8/site-packages/airflow/example_dags/example_short_circuit_operator.py
[2024-11-06T08:53:28.916+0000] {processor.py:839} INFO - DAG(s) dict_keys(['example_short_circuit_operator']) retrieved from /home/airflow/.local/lib/python3.8/site-packages/airflow/example_dags/example_short_circuit_operator.py
[2024-11-06T08:53:28.927+0000] {logging_mixin.py:154} INFO - [2024-11-06T08:53:28.927+0000] {dag.py:2941} INFO - Sync 1 DAGs
[2024-11-06T08:53:28.936+0000] {logging_mixin.py:154} INFO - [2024-11-06T08:53:28.936+0000] {dag.py:3722} INFO - Setting next_dagrun for example_short_circuit_operator to 2024-11-05T08:53:28.936111+00:00, run_after=2024-11-06T08:53:28.936111+00:00
[2024-11-06T08:53:29.017+0000] {processor.py:179} INFO - Processing /home/airflow/.local/lib/python3.8/site-packages/airflow/example_dags/example_short_circuit_operator.py took 0.108 seconds
[2024-11-06T08:53:59.187+0000] {processor.py:157} INFO - Started process (PID=1227) to work on /home/airflow/.local/lib/python3.8/site-packages/airflow/example_dags/example_short_circuit_operator.py
[2024-11-06T08:53:59.187+0000] {processor.py:829} INFO - Processing file /home/airflow/.local/lib/python3.8/site-packages/airflow/example_dags/example_short_circuit_operator.py for tasks to queue
[2024-11-06T08:53:59.192+0000] {logging_mixin.py:154} INFO - [2024-11-06T08:53:59.192+0000] {dagbag.py:536} INFO - Filling up the DagBag from /home/airflow/.local/lib/python3.8/site-packages/airflow/example_dags/example_short_circuit_operator.py
[2024-11-06T08:53:59.195+0000] {processor.py:839} INFO - DAG(s) dict_keys(['example_short_circuit_operator']) retrieved from /home/airflow/.local/lib/python3.8/site-packages/airflow/example_dags/example_short_circuit_operator.py
[2024-11-06T08:53:59.206+0000] {logging_mixin.py:154} INFO - [2024-11-06T08:53:59.206+0000] {dag.py:2941} INFO - Sync 1 DAGs
[2024-11-06T08:53:59.216+0000] {logging_mixin.py:154} INFO - [2024-11-06T08:53:59.215+0000] {dag.py:3722} INFO - Setting next_dagrun for example_short_circuit_operator to 2024-11-05T08:53:59.215834+00:00, run_after=2024-11-06T08:53:59.215834+00:00
[2024-11-06T08:53:59.223+0000] {processor.py:179} INFO - Processing /home/airflow/.local/lib/python3.8/site-packages/airflow/example_dags/example_short_circuit_operator.py took 0.038 seconds
[2024-11-06T08:54:30.166+0000] {processor.py:157} INFO - Started process (PID=1281) to work on /home/airflow/.local/lib/python3.8/site-packages/airflow/example_dags/example_short_circuit_operator.py
[2024-11-06T08:54:30.166+0000] {processor.py:829} INFO - Processing file /home/airflow/.local/lib/python3.8/site-packages/airflow/example_dags/example_short_circuit_operator.py for tasks to queue
[2024-11-06T08:54:30.168+0000] {logging_mixin.py:154} INFO - [2024-11-06T08:54:30.168+0000] {dagbag.py:536} INFO - Filling up the DagBag from /home/airflow/.local/lib/python3.8/site-packages/airflow/example_dags/example_short_circuit_operator.py
[2024-11-06T08:54:30.171+0000] {processor.py:839} INFO - DAG(s) dict_keys(['example_short_circuit_operator']) retrieved from /home/airflow/.local/lib/python3.8/site-packages/airflow/example_dags/example_short_circuit_operator.py
[2024-11-06T08:54:30.182+0000] {logging_mixin.py:154} INFO - [2024-11-06T08:54:30.182+0000] {dag.py:2941} INFO - Sync 1 DAGs
[2024-11-06T08:54:30.192+0000] {logging_mixin.py:154} INFO - [2024-11-06T08:54:30.191+0000] {dag.py:3722} INFO - Setting next_dagrun for example_short_circuit_operator to 2024-11-05T08:54:30.191844+00:00, run_after=2024-11-06T08:54:30.191844+00:00
[2024-11-06T08:54:30.200+0000] {processor.py:179} INFO - Processing /home/airflow/.local/lib/python3.8/site-packages/airflow/example_dags/example_short_circuit_operator.py took 0.036 seconds
[2024-11-06T08:55:00.984+0000] {processor.py:157} INFO - Started process (PID=1335) to work on /home/airflow/.local/lib/python3.8/site-packages/airflow/example_dags/example_short_circuit_operator.py
[2024-11-06T08:55:00.984+0000] {processor.py:829} INFO - Processing file /home/airflow/.local/lib/python3.8/site-packages/airflow/example_dags/example_short_circuit_operator.py for tasks to queue
[2024-11-06T08:55:00.985+0000] {logging_mixin.py:154} INFO - [2024-11-06T08:55:00.985+0000] {dagbag.py:536} INFO - Filling up the DagBag from /home/airflow/.local/lib/python3.8/site-packages/airflow/example_dags/example_short_circuit_operator.py
[2024-11-06T08:55:00.989+0000] {processor.py:839} INFO - DAG(s) dict_keys(['example_short_circuit_operator']) retrieved from /home/airflow/.local/lib/python3.8/site-packages/airflow/example_dags/example_short_circuit_operator.py
[2024-11-06T08:55:01.002+0000] {logging_mixin.py:154} INFO - [2024-11-06T08:55:01.001+0000] {dag.py:2941} INFO - Sync 1 DAGs
[2024-11-06T08:55:01.011+0000] {logging_mixin.py:154} INFO - [2024-11-06T08:55:01.011+0000] {dag.py:3722} INFO - Setting next_dagrun for example_short_circuit_operator to 2024-11-05T08:55:01.011536+00:00, run_after=2024-11-06T08:55:01.011536+00:00
[2024-11-06T08:55:01.097+0000] {processor.py:179} INFO - Processing /home/airflow/.local/lib/python3.8/site-packages/airflow/example_dags/example_short_circuit_operator.py took 0.115 seconds
[2024-11-06T08:55:31.322+0000] {processor.py:157} INFO - Started process (PID=1389) to work on /home/airflow/.local/lib/python3.8/site-packages/airflow/example_dags/example_short_circuit_operator.py
[2024-11-06T08:55:31.322+0000] {processor.py:829} INFO - Processing file /home/airflow/.local/lib/python3.8/site-packages/airflow/example_dags/example_short_circuit_operator.py for tasks to queue
[2024-11-06T08:55:31.323+0000] {logging_mixin.py:154} INFO - [2024-11-06T08:55:31.323+0000] {dagbag.py:536} INFO - Filling up the DagBag from /home/airflow/.local/lib/python3.8/site-packages/airflow/example_dags/example_short_circuit_operator.py
[2024-11-06T08:55:31.326+0000] {processor.py:839} INFO - DAG(s) dict_keys(['example_short_circuit_operator']) retrieved from /home/airflow/.local/lib/python3.8/site-packages/airflow/example_dags/example_short_circuit_operator.py
[2024-11-06T08:55:31.338+0000] {logging_mixin.py:154} INFO - [2024-11-06T08:55:31.338+0000] {dag.py:2941} INFO - Sync 1 DAGs
[2024-11-06T08:55:31.347+0000] {logging_mixin.py:154} INFO - [2024-11-06T08:55:31.347+0000] {dag.py:3722} INFO - Setting next_dagrun for example_short_circuit_operator to 2024-11-05T08:55:31.347211+00:00, run_after=2024-11-06T08:55:31.347211+00:00
[2024-11-06T08:55:31.355+0000] {processor.py:179} INFO - Processing /home/airflow/.local/lib/python3.8/site-packages/airflow/example_dags/example_short_circuit_operator.py took 0.035 seconds
[2024-11-06T08:56:01.952+0000] {processor.py:157} INFO - Started process (PID=1443) to work on /home/airflow/.local/lib/python3.8/site-packages/airflow/example_dags/example_short_circuit_operator.py
[2024-11-06T08:56:01.952+0000] {processor.py:829} INFO - Processing file /home/airflow/.local/lib/python3.8/site-packages/airflow/example_dags/example_short_circuit_operator.py for tasks to queue
[2024-11-06T08:56:01.953+0000] {logging_mixin.py:154} INFO - [2024-11-06T08:56:01.953+0000] {dagbag.py:536} INFO - Filling up the DagBag from /home/airflow/.local/lib/python3.8/site-packages/airflow/example_dags/example_short_circuit_operator.py
[2024-11-06T08:56:01.956+0000] {processor.py:839} INFO - DAG(s) dict_keys(['example_short_circuit_operator']) retrieved from /home/airflow/.local/lib/python3.8/site-packages/airflow/example_dags/example_short_circuit_operator.py
[2024-11-06T08:56:01.968+0000] {logging_mixin.py:154} INFO - [2024-11-06T08:56:01.967+0000] {dag.py:2941} INFO - Sync 1 DAGs
[2024-11-06T08:56:02.052+0000] {logging_mixin.py:154} INFO - [2024-11-06T08:56:02.052+0000] {dag.py:3722} INFO - Setting next_dagrun for example_short_circuit_operator to 2024-11-05T08:56:02.052071+00:00, run_after=2024-11-06T08:56:02.052071+00:00
[2024-11-06T08:56:02.058+0000] {processor.py:179} INFO - Processing /home/airflow/.local/lib/python3.8/site-packages/airflow/example_dags/example_short_circuit_operator.py took 0.108 seconds
[2024-11-06T08:56:32.648+0000] {processor.py:157} INFO - Started process (PID=1497) to work on /home/airflow/.local/lib/python3.8/site-packages/airflow/example_dags/example_short_circuit_operator.py
[2024-11-06T08:56:32.649+0000] {processor.py:829} INFO - Processing file /home/airflow/.local/lib/python3.8/site-packages/airflow/example_dags/example_short_circuit_operator.py for tasks to queue
[2024-11-06T08:56:32.650+0000] {logging_mixin.py:154} INFO - [2024-11-06T08:56:32.650+0000] {dagbag.py:536} INFO - Filling up the DagBag from /home/airflow/.local/lib/python3.8/site-packages/airflow/example_dags/example_short_circuit_operator.py
[2024-11-06T08:56:32.653+0000] {processor.py:839} INFO - DAG(s) dict_keys(['example_short_circuit_operator']) retrieved from /home/airflow/.local/lib/python3.8/site-packages/airflow/example_dags/example_short_circuit_operator.py
[2024-11-06T08:56:32.663+0000] {logging_mixin.py:154} INFO - [2024-11-06T08:56:32.663+0000] {dag.py:2941} INFO - Sync 1 DAGs
[2024-11-06T08:56:32.673+0000] {logging_mixin.py:154} INFO - [2024-11-06T08:56:32.673+0000] {dag.py:3722} INFO - Setting next_dagrun for example_short_circuit_operator to 2024-11-05T08:56:32.673234+00:00, run_after=2024-11-06T08:56:32.673234+00:00
[2024-11-06T08:56:32.754+0000] {processor.py:179} INFO - Processing /home/airflow/.local/lib/python3.8/site-packages/airflow/example_dags/example_short_circuit_operator.py took 0.108 seconds
[2024-11-06T08:57:03.675+0000] {processor.py:157} INFO - Started process (PID=1551) to work on /home/airflow/.local/lib/python3.8/site-packages/airflow/example_dags/example_short_circuit_operator.py
[2024-11-06T08:57:03.675+0000] {processor.py:829} INFO - Processing file /home/airflow/.local/lib/python3.8/site-packages/airflow/example_dags/example_short_circuit_operator.py for tasks to queue
[2024-11-06T08:57:03.676+0000] {logging_mixin.py:154} INFO - [2024-11-06T08:57:03.676+0000] {dagbag.py:536} INFO - Filling up the DagBag from /home/airflow/.local/lib/python3.8/site-packages/airflow/example_dags/example_short_circuit_operator.py
[2024-11-06T08:57:03.679+0000] {processor.py:839} INFO - DAG(s) dict_keys(['example_short_circuit_operator']) retrieved from /home/airflow/.local/lib/python3.8/site-packages/airflow/example_dags/example_short_circuit_operator.py
[2024-11-06T08:57:03.690+0000] {logging_mixin.py:154} INFO - [2024-11-06T08:57:03.690+0000] {dag.py:2941} INFO - Sync 1 DAGs
[2024-11-06T08:57:03.699+0000] {logging_mixin.py:154} INFO - [2024-11-06T08:57:03.699+0000] {dag.py:3722} INFO - Setting next_dagrun for example_short_circuit_operator to 2024-11-05T08:57:03.699468+00:00, run_after=2024-11-06T08:57:03.699468+00:00
[2024-11-06T08:57:03.707+0000] {processor.py:179} INFO - Processing /home/airflow/.local/lib/python3.8/site-packages/airflow/example_dags/example_short_circuit_operator.py took 0.033 seconds
[2024-11-06T08:57:34.550+0000] {processor.py:157} INFO - Started process (PID=1605) to work on /home/airflow/.local/lib/python3.8/site-packages/airflow/example_dags/example_short_circuit_operator.py
[2024-11-06T08:57:34.553+0000] {processor.py:829} INFO - Processing file /home/airflow/.local/lib/python3.8/site-packages/airflow/example_dags/example_short_circuit_operator.py for tasks to queue
[2024-11-06T08:57:34.555+0000] {logging_mixin.py:154} INFO - [2024-11-06T08:57:34.554+0000] {dagbag.py:536} INFO - Filling up the DagBag from /home/airflow/.local/lib/python3.8/site-packages/airflow/example_dags/example_short_circuit_operator.py
[2024-11-06T08:57:34.558+0000] {processor.py:839} INFO - DAG(s) dict_keys(['example_short_circuit_operator']) retrieved from /home/airflow/.local/lib/python3.8/site-packages/airflow/example_dags/example_short_circuit_operator.py
[2024-11-06T08:57:34.645+0000] {logging_mixin.py:154} INFO - [2024-11-06T08:57:34.645+0000] {dag.py:2941} INFO - Sync 1 DAGs
[2024-11-06T08:57:34.653+0000] {logging_mixin.py:154} INFO - [2024-11-06T08:57:34.653+0000] {dag.py:3722} INFO - Setting next_dagrun for example_short_circuit_operator to 2024-11-05T08:57:34.653396+00:00, run_after=2024-11-06T08:57:34.653396+00:00
[2024-11-06T08:57:34.661+0000] {processor.py:179} INFO - Processing /home/airflow/.local/lib/python3.8/site-packages/airflow/example_dags/example_short_circuit_operator.py took 0.112 seconds
[2024-11-06T08:58:05.180+0000] {processor.py:157} INFO - Started process (PID=1658) to work on /home/airflow/.local/lib/python3.8/site-packages/airflow/example_dags/example_short_circuit_operator.py
[2024-11-06T08:58:05.182+0000] {processor.py:829} INFO - Processing file /home/airflow/.local/lib/python3.8/site-packages/airflow/example_dags/example_short_circuit_operator.py for tasks to queue
[2024-11-06T08:58:05.183+0000] {logging_mixin.py:154} INFO - [2024-11-06T08:58:05.183+0000] {dagbag.py:536} INFO - Filling up the DagBag from /home/airflow/.local/lib/python3.8/site-packages/airflow/example_dags/example_short_circuit_operator.py
[2024-11-06T08:58:05.188+0000] {processor.py:839} INFO - DAG(s) dict_keys(['example_short_circuit_operator']) retrieved from /home/airflow/.local/lib/python3.8/site-packages/airflow/example_dags/example_short_circuit_operator.py
[2024-11-06T08:58:05.197+0000] {logging_mixin.py:154} INFO - [2024-11-06T08:58:05.197+0000] {dag.py:2941} INFO - Sync 1 DAGs
[2024-11-06T08:58:05.206+0000] {logging_mixin.py:154} INFO - [2024-11-06T08:58:05.206+0000] {dag.py:3722} INFO - Setting next_dagrun for example_short_circuit_operator to 2024-11-05T08:58:05.206695+00:00, run_after=2024-11-06T08:58:05.206695+00:00
[2024-11-06T08:58:05.285+0000] {processor.py:179} INFO - Processing /home/airflow/.local/lib/python3.8/site-packages/airflow/example_dags/example_short_circuit_operator.py took 0.106 seconds
[2024-11-06T08:58:35.622+0000] {processor.py:157} INFO - Started process (PID=1712) to work on /home/airflow/.local/lib/python3.8/site-packages/airflow/example_dags/example_short_circuit_operator.py
[2024-11-06T08:58:35.622+0000] {processor.py:829} INFO - Processing file /home/airflow/.local/lib/python3.8/site-packages/airflow/example_dags/example_short_circuit_operator.py for tasks to queue
[2024-11-06T08:58:35.623+0000] {logging_mixin.py:154} INFO - [2024-11-06T08:58:35.623+0000] {dagbag.py:536} INFO - Filling up the DagBag from /home/airflow/.local/lib/python3.8/site-packages/airflow/example_dags/example_short_circuit_operator.py
[2024-11-06T08:58:35.630+0000] {processor.py:839} INFO - DAG(s) dict_keys(['example_short_circuit_operator']) retrieved from /home/airflow/.local/lib/python3.8/site-packages/airflow/example_dags/example_short_circuit_operator.py
[2024-11-06T08:58:35.643+0000] {logging_mixin.py:154} INFO - [2024-11-06T08:58:35.643+0000] {dag.py:2941} INFO - Sync 1 DAGs
[2024-11-06T08:58:35.653+0000] {logging_mixin.py:154} INFO - [2024-11-06T08:58:35.653+0000] {dag.py:3722} INFO - Setting next_dagrun for example_short_circuit_operator to 2024-11-05T08:58:35.653531+00:00, run_after=2024-11-06T08:58:35.653531+00:00
[2024-11-06T08:58:35.660+0000] {processor.py:179} INFO - Processing /home/airflow/.local/lib/python3.8/site-packages/airflow/example_dags/example_short_circuit_operator.py took 0.040 seconds
[2024-11-06T09:17:57.866+0000] {processor.py:157} INFO - Started process (PID=1757) to work on /home/airflow/.local/lib/python3.8/site-packages/airflow/example_dags/example_short_circuit_operator.py
[2024-11-06T09:17:57.867+0000] {processor.py:829} INFO - Processing file /home/airflow/.local/lib/python3.8/site-packages/airflow/example_dags/example_short_circuit_operator.py for tasks to queue
[2024-11-06T09:17:57.868+0000] {logging_mixin.py:154} INFO - [2024-11-06T09:17:57.868+0000] {dagbag.py:536} INFO - Filling up the DagBag from /home/airflow/.local/lib/python3.8/site-packages/airflow/example_dags/example_short_circuit_operator.py
[2024-11-06T09:17:57.871+0000] {processor.py:839} INFO - DAG(s) dict_keys(['example_short_circuit_operator']) retrieved from /home/airflow/.local/lib/python3.8/site-packages/airflow/example_dags/example_short_circuit_operator.py
[2024-11-06T09:17:57.883+0000] {logging_mixin.py:154} INFO - [2024-11-06T09:17:57.883+0000] {dag.py:2941} INFO - Sync 1 DAGs
[2024-11-06T09:17:57.893+0000] {logging_mixin.py:154} INFO - [2024-11-06T09:17:57.893+0000] {dag.py:3722} INFO - Setting next_dagrun for example_short_circuit_operator to 2024-11-05T09:17:57.893314+00:00, run_after=2024-11-06T09:17:57.893314+00:00
[2024-11-06T09:17:57.904+0000] {processor.py:179} INFO - Processing /home/airflow/.local/lib/python3.8/site-packages/airflow/example_dags/example_short_circuit_operator.py took 0.039 seconds
[2024-11-06T09:29:44.610+0000] {processor.py:157} INFO - Started process (PID=1811) to work on /home/airflow/.local/lib/python3.8/site-packages/airflow/example_dags/example_short_circuit_operator.py
[2024-11-06T09:29:44.611+0000] {processor.py:829} INFO - Processing file /home/airflow/.local/lib/python3.8/site-packages/airflow/example_dags/example_short_circuit_operator.py for tasks to queue
[2024-11-06T09:29:44.613+0000] {logging_mixin.py:154} INFO - [2024-11-06T09:29:44.613+0000] {dagbag.py:536} INFO - Filling up the DagBag from /home/airflow/.local/lib/python3.8/site-packages/airflow/example_dags/example_short_circuit_operator.py
[2024-11-06T09:29:44.619+0000] {processor.py:839} INFO - DAG(s) dict_keys(['example_short_circuit_operator']) retrieved from /home/airflow/.local/lib/python3.8/site-packages/airflow/example_dags/example_short_circuit_operator.py
[2024-11-06T09:29:44.637+0000] {logging_mixin.py:154} INFO - [2024-11-06T09:29:44.637+0000] {dag.py:2941} INFO - Sync 1 DAGs
[2024-11-06T09:29:44.662+0000] {logging_mixin.py:154} INFO - [2024-11-06T09:29:44.662+0000] {dag.py:3722} INFO - Setting next_dagrun for example_short_circuit_operator to 2024-11-05T09:29:44.662259+00:00, run_after=2024-11-06T09:29:44.662259+00:00
[2024-11-06T09:29:44.684+0000] {processor.py:179} INFO - Processing /home/airflow/.local/lib/python3.8/site-packages/airflow/example_dags/example_short_circuit_operator.py took 0.077 seconds
[2024-11-06T10:28:14.156+0000] {processor.py:157} INFO - Started process (PID=1865) to work on /home/airflow/.local/lib/python3.8/site-packages/airflow/example_dags/example_short_circuit_operator.py
[2024-11-06T10:28:14.156+0000] {processor.py:829} INFO - Processing file /home/airflow/.local/lib/python3.8/site-packages/airflow/example_dags/example_short_circuit_operator.py for tasks to queue
[2024-11-06T10:28:14.157+0000] {logging_mixin.py:154} INFO - [2024-11-06T10:28:14.157+0000] {dagbag.py:536} INFO - Filling up the DagBag from /home/airflow/.local/lib/python3.8/site-packages/airflow/example_dags/example_short_circuit_operator.py
[2024-11-06T10:28:14.160+0000] {processor.py:839} INFO - DAG(s) dict_keys(['example_short_circuit_operator']) retrieved from /home/airflow/.local/lib/python3.8/site-packages/airflow/example_dags/example_short_circuit_operator.py
[2024-11-06T10:28:14.170+0000] {logging_mixin.py:154} INFO - [2024-11-06T10:28:14.170+0000] {dag.py:2941} INFO - Sync 1 DAGs
[2024-11-06T10:28:14.178+0000] {logging_mixin.py:154} INFO - [2024-11-06T10:28:14.178+0000] {dag.py:3722} INFO - Setting next_dagrun for example_short_circuit_operator to 2024-11-05T10:28:14.178433+00:00, run_after=2024-11-06T10:28:14.178433+00:00
[2024-11-06T10:28:14.184+0000] {processor.py:179} INFO - Processing /home/airflow/.local/lib/python3.8/site-packages/airflow/example_dags/example_short_circuit_operator.py took 0.030 seconds
[2024-11-06T11:31:04.219+0000] {processor.py:157} INFO - Started process (PID=1919) to work on /home/airflow/.local/lib/python3.8/site-packages/airflow/example_dags/example_short_circuit_operator.py
[2024-11-06T11:31:04.220+0000] {processor.py:829} INFO - Processing file /home/airflow/.local/lib/python3.8/site-packages/airflow/example_dags/example_short_circuit_operator.py for tasks to queue
[2024-11-06T11:31:04.220+0000] {logging_mixin.py:154} INFO - [2024-11-06T11:31:04.220+0000] {dagbag.py:536} INFO - Filling up the DagBag from /home/airflow/.local/lib/python3.8/site-packages/airflow/example_dags/example_short_circuit_operator.py
[2024-11-06T11:31:04.224+0000] {processor.py:839} INFO - DAG(s) dict_keys(['example_short_circuit_operator']) retrieved from /home/airflow/.local/lib/python3.8/site-packages/airflow/example_dags/example_short_circuit_operator.py
[2024-11-06T11:31:04.233+0000] {logging_mixin.py:154} INFO - [2024-11-06T11:31:04.233+0000] {dag.py:2941} INFO - Sync 1 DAGs
[2024-11-06T11:31:04.241+0000] {logging_mixin.py:154} INFO - [2024-11-06T11:31:04.241+0000] {dag.py:3722} INFO - Setting next_dagrun for example_short_circuit_operator to 2024-11-05T11:31:04.241797+00:00, run_after=2024-11-06T11:31:04.241797+00:00
[2024-11-06T11:31:04.248+0000] {processor.py:179} INFO - Processing /home/airflow/.local/lib/python3.8/site-packages/airflow/example_dags/example_short_circuit_operator.py took 0.030 seconds
[2024-11-06T11:59:50.752+0000] {processor.py:157} INFO - Started process (PID=1973) to work on /home/airflow/.local/lib/python3.8/site-packages/airflow/example_dags/example_short_circuit_operator.py
[2024-11-06T11:59:50.753+0000] {processor.py:829} INFO - Processing file /home/airflow/.local/lib/python3.8/site-packages/airflow/example_dags/example_short_circuit_operator.py for tasks to queue
[2024-11-06T11:59:50.754+0000] {logging_mixin.py:154} INFO - [2024-11-06T11:59:50.754+0000] {dagbag.py:536} INFO - Filling up the DagBag from /home/airflow/.local/lib/python3.8/site-packages/airflow/example_dags/example_short_circuit_operator.py
[2024-11-06T11:59:50.757+0000] {processor.py:839} INFO - DAG(s) dict_keys(['example_short_circuit_operator']) retrieved from /home/airflow/.local/lib/python3.8/site-packages/airflow/example_dags/example_short_circuit_operator.py
[2024-11-06T11:59:50.768+0000] {logging_mixin.py:154} INFO - [2024-11-06T11:59:50.768+0000] {dag.py:2941} INFO - Sync 1 DAGs
[2024-11-06T11:59:50.777+0000] {logging_mixin.py:154} INFO - [2024-11-06T11:59:50.777+0000] {dag.py:3722} INFO - Setting next_dagrun for example_short_circuit_operator to 2024-11-05T11:59:50.777785+00:00, run_after=2024-11-06T11:59:50.777785+00:00
[2024-11-06T11:59:50.784+0000] {processor.py:179} INFO - Processing /home/airflow/.local/lib/python3.8/site-packages/airflow/example_dags/example_short_circuit_operator.py took 0.033 seconds
[2024-11-06T12:50:48.344+0000] {processor.py:157} INFO - Started process (PID=2027) to work on /home/airflow/.local/lib/python3.8/site-packages/airflow/example_dags/example_short_circuit_operator.py
[2024-11-06T12:50:48.345+0000] {processor.py:829} INFO - Processing file /home/airflow/.local/lib/python3.8/site-packages/airflow/example_dags/example_short_circuit_operator.py for tasks to queue
[2024-11-06T12:50:48.346+0000] {logging_mixin.py:154} INFO - [2024-11-06T12:50:48.346+0000] {dagbag.py:536} INFO - Filling up the DagBag from /home/airflow/.local/lib/python3.8/site-packages/airflow/example_dags/example_short_circuit_operator.py
[2024-11-06T12:50:48.350+0000] {processor.py:839} INFO - DAG(s) dict_keys(['example_short_circuit_operator']) retrieved from /home/airflow/.local/lib/python3.8/site-packages/airflow/example_dags/example_short_circuit_operator.py
[2024-11-06T12:50:48.360+0000] {logging_mixin.py:154} INFO - [2024-11-06T12:50:48.360+0000] {dag.py:2941} INFO - Sync 1 DAGs
[2024-11-06T12:50:48.373+0000] {logging_mixin.py:154} INFO - [2024-11-06T12:50:48.373+0000] {dag.py:3722} INFO - Setting next_dagrun for example_short_circuit_operator to 2024-11-05T12:50:48.373514+00:00, run_after=2024-11-06T12:50:48.373514+00:00
[2024-11-06T12:50:48.381+0000] {processor.py:179} INFO - Processing /home/airflow/.local/lib/python3.8/site-packages/airflow/example_dags/example_short_circuit_operator.py took 0.038 seconds
[2024-11-06T12:52:36.000+0000] {processor.py:157} INFO - Started process (PID=2081) to work on /home/airflow/.local/lib/python3.8/site-packages/airflow/example_dags/example_short_circuit_operator.py
[2024-11-06T12:52:36.001+0000] {processor.py:829} INFO - Processing file /home/airflow/.local/lib/python3.8/site-packages/airflow/example_dags/example_short_circuit_operator.py for tasks to queue
[2024-11-06T12:52:36.003+0000] {logging_mixin.py:154} INFO - [2024-11-06T12:52:36.003+0000] {dagbag.py:536} INFO - Filling up the DagBag from /home/airflow/.local/lib/python3.8/site-packages/airflow/example_dags/example_short_circuit_operator.py
[2024-11-06T12:52:36.007+0000] {processor.py:839} INFO - DAG(s) dict_keys(['example_short_circuit_operator']) retrieved from /home/airflow/.local/lib/python3.8/site-packages/airflow/example_dags/example_short_circuit_operator.py
[2024-11-06T12:52:36.020+0000] {logging_mixin.py:154} INFO - [2024-11-06T12:52:36.020+0000] {dag.py:2941} INFO - Sync 1 DAGs
[2024-11-06T12:52:36.029+0000] {logging_mixin.py:154} INFO - [2024-11-06T12:52:36.029+0000] {dag.py:3722} INFO - Setting next_dagrun for example_short_circuit_operator to 2024-11-05T12:52:36.029529+00:00, run_after=2024-11-06T12:52:36.029529+00:00
[2024-11-06T12:52:36.043+0000] {processor.py:179} INFO - Processing /home/airflow/.local/lib/python3.8/site-packages/airflow/example_dags/example_short_circuit_operator.py took 0.044 seconds
[2024-11-06T13:07:17.402+0000] {processor.py:157} INFO - Started process (PID=2135) to work on /home/airflow/.local/lib/python3.8/site-packages/airflow/example_dags/example_short_circuit_operator.py
[2024-11-06T13:07:17.403+0000] {processor.py:829} INFO - Processing file /home/airflow/.local/lib/python3.8/site-packages/airflow/example_dags/example_short_circuit_operator.py for tasks to queue
[2024-11-06T13:07:17.404+0000] {logging_mixin.py:154} INFO - [2024-11-06T13:07:17.403+0000] {dagbag.py:536} INFO - Filling up the DagBag from /home/airflow/.local/lib/python3.8/site-packages/airflow/example_dags/example_short_circuit_operator.py
[2024-11-06T13:07:17.407+0000] {processor.py:839} INFO - DAG(s) dict_keys(['example_short_circuit_operator']) retrieved from /home/airflow/.local/lib/python3.8/site-packages/airflow/example_dags/example_short_circuit_operator.py
[2024-11-06T13:07:17.418+0000] {logging_mixin.py:154} INFO - [2024-11-06T13:07:17.418+0000] {dag.py:2941} INFO - Sync 1 DAGs
[2024-11-06T13:07:17.427+0000] {logging_mixin.py:154} INFO - [2024-11-06T13:07:17.427+0000] {dag.py:3722} INFO - Setting next_dagrun for example_short_circuit_operator to 2024-11-05T13:07:17.427460+00:00, run_after=2024-11-06T13:07:17.427460+00:00
[2024-11-06T13:07:17.437+0000] {processor.py:179} INFO - Processing /home/airflow/.local/lib/python3.8/site-packages/airflow/example_dags/example_short_circuit_operator.py took 0.037 seconds
[2024-11-06T13:47:32.342+0000] {processor.py:157} INFO - Started process (PID=2189) to work on /home/airflow/.local/lib/python3.8/site-packages/airflow/example_dags/example_short_circuit_operator.py
[2024-11-06T13:47:32.342+0000] {processor.py:829} INFO - Processing file /home/airflow/.local/lib/python3.8/site-packages/airflow/example_dags/example_short_circuit_operator.py for tasks to queue
[2024-11-06T13:47:32.343+0000] {logging_mixin.py:154} INFO - [2024-11-06T13:47:32.343+0000] {dagbag.py:536} INFO - Filling up the DagBag from /home/airflow/.local/lib/python3.8/site-packages/airflow/example_dags/example_short_circuit_operator.py
[2024-11-06T13:47:32.346+0000] {processor.py:839} INFO - DAG(s) dict_keys(['example_short_circuit_operator']) retrieved from /home/airflow/.local/lib/python3.8/site-packages/airflow/example_dags/example_short_circuit_operator.py
[2024-11-06T13:47:32.357+0000] {logging_mixin.py:154} INFO - [2024-11-06T13:47:32.357+0000] {dag.py:2941} INFO - Sync 1 DAGs
[2024-11-06T13:47:32.366+0000] {logging_mixin.py:154} INFO - [2024-11-06T13:47:32.366+0000] {dag.py:3722} INFO - Setting next_dagrun for example_short_circuit_operator to 2024-11-05T13:47:32.366055+00:00, run_after=2024-11-06T13:47:32.366055+00:00
[2024-11-06T13:47:32.374+0000] {processor.py:179} INFO - Processing /home/airflow/.local/lib/python3.8/site-packages/airflow/example_dags/example_short_circuit_operator.py took 0.034 seconds
[2024-11-06T13:55:17.904+0000] {processor.py:157} INFO - Started process (PID=2243) to work on /home/airflow/.local/lib/python3.8/site-packages/airflow/example_dags/example_short_circuit_operator.py
[2024-11-06T13:55:17.904+0000] {processor.py:829} INFO - Processing file /home/airflow/.local/lib/python3.8/site-packages/airflow/example_dags/example_short_circuit_operator.py for tasks to queue
[2024-11-06T13:55:17.905+0000] {logging_mixin.py:154} INFO - [2024-11-06T13:55:17.905+0000] {dagbag.py:536} INFO - Filling up the DagBag from /home/airflow/.local/lib/python3.8/site-packages/airflow/example_dags/example_short_circuit_operator.py
[2024-11-06T13:55:17.909+0000] {processor.py:839} INFO - DAG(s) dict_keys(['example_short_circuit_operator']) retrieved from /home/airflow/.local/lib/python3.8/site-packages/airflow/example_dags/example_short_circuit_operator.py
[2024-11-06T13:55:17.920+0000] {logging_mixin.py:154} INFO - [2024-11-06T13:55:17.920+0000] {dag.py:2941} INFO - Sync 1 DAGs
[2024-11-06T13:55:17.929+0000] {logging_mixin.py:154} INFO - [2024-11-06T13:55:17.929+0000] {dag.py:3722} INFO - Setting next_dagrun for example_short_circuit_operator to 2024-11-05T13:55:17.929339+00:00, run_after=2024-11-06T13:55:17.929339+00:00
[2024-11-06T13:55:17.937+0000] {processor.py:179} INFO - Processing /home/airflow/.local/lib/python3.8/site-packages/airflow/example_dags/example_short_circuit_operator.py took 0.035 seconds
[2024-11-06T14:00:22.719+0000] {processor.py:157} INFO - Started process (PID=2297) to work on /home/airflow/.local/lib/python3.8/site-packages/airflow/example_dags/example_short_circuit_operator.py
[2024-11-06T14:00:22.719+0000] {processor.py:829} INFO - Processing file /home/airflow/.local/lib/python3.8/site-packages/airflow/example_dags/example_short_circuit_operator.py for tasks to queue
[2024-11-06T14:00:22.721+0000] {logging_mixin.py:154} INFO - [2024-11-06T14:00:22.721+0000] {dagbag.py:536} INFO - Filling up the DagBag from /home/airflow/.local/lib/python3.8/site-packages/airflow/example_dags/example_short_circuit_operator.py
[2024-11-06T14:00:22.726+0000] {processor.py:839} INFO - DAG(s) dict_keys(['example_short_circuit_operator']) retrieved from /home/airflow/.local/lib/python3.8/site-packages/airflow/example_dags/example_short_circuit_operator.py
[2024-11-06T14:00:22.738+0000] {logging_mixin.py:154} INFO - [2024-11-06T14:00:22.738+0000] {dag.py:2941} INFO - Sync 1 DAGs
[2024-11-06T14:00:22.750+0000] {logging_mixin.py:154} INFO - [2024-11-06T14:00:22.750+0000] {dag.py:3722} INFO - Setting next_dagrun for example_short_circuit_operator to 2024-11-05T14:00:22.750711+00:00, run_after=2024-11-06T14:00:22.750711+00:00
[2024-11-06T14:00:22.758+0000] {processor.py:179} INFO - Processing /home/airflow/.local/lib/python3.8/site-packages/airflow/example_dags/example_short_circuit_operator.py took 0.042 seconds
[2024-11-06T14:05:42.722+0000] {processor.py:157} INFO - Started process (PID=2351) to work on /home/airflow/.local/lib/python3.8/site-packages/airflow/example_dags/example_short_circuit_operator.py
[2024-11-06T14:05:42.722+0000] {processor.py:829} INFO - Processing file /home/airflow/.local/lib/python3.8/site-packages/airflow/example_dags/example_short_circuit_operator.py for tasks to queue
[2024-11-06T14:05:42.723+0000] {logging_mixin.py:154} INFO - [2024-11-06T14:05:42.723+0000] {dagbag.py:536} INFO - Filling up the DagBag from /home/airflow/.local/lib/python3.8/site-packages/airflow/example_dags/example_short_circuit_operator.py
[2024-11-06T14:05:42.726+0000] {processor.py:839} INFO - DAG(s) dict_keys(['example_short_circuit_operator']) retrieved from /home/airflow/.local/lib/python3.8/site-packages/airflow/example_dags/example_short_circuit_operator.py
[2024-11-06T14:05:42.741+0000] {logging_mixin.py:154} INFO - [2024-11-06T14:05:42.741+0000] {dag.py:2941} INFO - Sync 1 DAGs
[2024-11-06T14:05:42.751+0000] {logging_mixin.py:154} INFO - [2024-11-06T14:05:42.750+0000] {dag.py:3722} INFO - Setting next_dagrun for example_short_circuit_operator to 2024-11-05T14:05:42.750874+00:00, run_after=2024-11-06T14:05:42.750874+00:00
[2024-11-06T14:05:42.761+0000] {processor.py:179} INFO - Processing /home/airflow/.local/lib/python3.8/site-packages/airflow/example_dags/example_short_circuit_operator.py took 0.040 seconds
[2024-11-06T14:09:57.165+0000] {processor.py:157} INFO - Started process (PID=2405) to work on /home/airflow/.local/lib/python3.8/site-packages/airflow/example_dags/example_short_circuit_operator.py
[2024-11-06T14:09:57.167+0000] {processor.py:829} INFO - Processing file /home/airflow/.local/lib/python3.8/site-packages/airflow/example_dags/example_short_circuit_operator.py for tasks to queue
[2024-11-06T14:09:57.169+0000] {logging_mixin.py:154} INFO - [2024-11-06T14:09:57.169+0000] {dagbag.py:536} INFO - Filling up the DagBag from /home/airflow/.local/lib/python3.8/site-packages/airflow/example_dags/example_short_circuit_operator.py
[2024-11-06T14:09:57.174+0000] {processor.py:839} INFO - DAG(s) dict_keys(['example_short_circuit_operator']) retrieved from /home/airflow/.local/lib/python3.8/site-packages/airflow/example_dags/example_short_circuit_operator.py
[2024-11-06T14:09:57.185+0000] {logging_mixin.py:154} INFO - [2024-11-06T14:09:57.185+0000] {dag.py:2941} INFO - Sync 1 DAGs
[2024-11-06T14:09:57.195+0000] {logging_mixin.py:154} INFO - [2024-11-06T14:09:57.195+0000] {dag.py:3722} INFO - Setting next_dagrun for example_short_circuit_operator to 2024-11-05T14:09:57.195476+00:00, run_after=2024-11-06T14:09:57.195476+00:00
[2024-11-06T14:09:57.205+0000] {processor.py:179} INFO - Processing /home/airflow/.local/lib/python3.8/site-packages/airflow/example_dags/example_short_circuit_operator.py took 0.042 seconds
[2024-11-06T14:16:58.194+0000] {processor.py:157} INFO - Started process (PID=2459) to work on /home/airflow/.local/lib/python3.8/site-packages/airflow/example_dags/example_short_circuit_operator.py
[2024-11-06T14:16:58.198+0000] {processor.py:829} INFO - Processing file /home/airflow/.local/lib/python3.8/site-packages/airflow/example_dags/example_short_circuit_operator.py for tasks to queue
[2024-11-06T14:16:58.200+0000] {logging_mixin.py:154} INFO - [2024-11-06T14:16:58.200+0000] {dagbag.py:536} INFO - Filling up the DagBag from /home/airflow/.local/lib/python3.8/site-packages/airflow/example_dags/example_short_circuit_operator.py
[2024-11-06T14:16:58.205+0000] {processor.py:839} INFO - DAG(s) dict_keys(['example_short_circuit_operator']) retrieved from /home/airflow/.local/lib/python3.8/site-packages/airflow/example_dags/example_short_circuit_operator.py
[2024-11-06T14:16:58.221+0000] {logging_mixin.py:154} INFO - [2024-11-06T14:16:58.221+0000] {dag.py:2941} INFO - Sync 1 DAGs
[2024-11-06T14:16:58.232+0000] {logging_mixin.py:154} INFO - [2024-11-06T14:16:58.232+0000] {dag.py:3722} INFO - Setting next_dagrun for example_short_circuit_operator to 2024-11-05T14:16:58.232298+00:00, run_after=2024-11-06T14:16:58.232298+00:00
[2024-11-06T14:16:58.243+0000] {processor.py:179} INFO - Processing /home/airflow/.local/lib/python3.8/site-packages/airflow/example_dags/example_short_circuit_operator.py took 0.051 seconds
[2024-11-06T14:23:15.801+0000] {processor.py:157} INFO - Started process (PID=2513) to work on /home/airflow/.local/lib/python3.8/site-packages/airflow/example_dags/example_short_circuit_operator.py
[2024-11-06T14:23:15.803+0000] {processor.py:829} INFO - Processing file /home/airflow/.local/lib/python3.8/site-packages/airflow/example_dags/example_short_circuit_operator.py for tasks to queue
[2024-11-06T14:23:15.805+0000] {logging_mixin.py:154} INFO - [2024-11-06T14:23:15.805+0000] {dagbag.py:536} INFO - Filling up the DagBag from /home/airflow/.local/lib/python3.8/site-packages/airflow/example_dags/example_short_circuit_operator.py
[2024-11-06T14:23:15.809+0000] {processor.py:839} INFO - DAG(s) dict_keys(['example_short_circuit_operator']) retrieved from /home/airflow/.local/lib/python3.8/site-packages/airflow/example_dags/example_short_circuit_operator.py
[2024-11-06T14:23:15.823+0000] {logging_mixin.py:154} INFO - [2024-11-06T14:23:15.823+0000] {dag.py:2941} INFO - Sync 1 DAGs
[2024-11-06T14:23:15.832+0000] {logging_mixin.py:154} INFO - [2024-11-06T14:23:15.832+0000] {dag.py:3722} INFO - Setting next_dagrun for example_short_circuit_operator to 2024-11-05T14:23:15.832414+00:00, run_after=2024-11-06T14:23:15.832414+00:00
[2024-11-06T14:23:15.840+0000] {processor.py:179} INFO - Processing /home/airflow/.local/lib/python3.8/site-packages/airflow/example_dags/example_short_circuit_operator.py took 0.040 seconds
[2024-11-06T14:31:02.619+0000] {processor.py:157} INFO - Started process (PID=2566) to work on /home/airflow/.local/lib/python3.8/site-packages/airflow/example_dags/example_short_circuit_operator.py
[2024-11-06T14:31:02.620+0000] {processor.py:829} INFO - Processing file /home/airflow/.local/lib/python3.8/site-packages/airflow/example_dags/example_short_circuit_operator.py for tasks to queue
[2024-11-06T14:31:02.622+0000] {logging_mixin.py:154} INFO - [2024-11-06T14:31:02.622+0000] {dagbag.py:536} INFO - Filling up the DagBag from /home/airflow/.local/lib/python3.8/site-packages/airflow/example_dags/example_short_circuit_operator.py
[2024-11-06T14:31:02.626+0000] {processor.py:839} INFO - DAG(s) dict_keys(['example_short_circuit_operator']) retrieved from /home/airflow/.local/lib/python3.8/site-packages/airflow/example_dags/example_short_circuit_operator.py
[2024-11-06T14:31:02.638+0000] {logging_mixin.py:154} INFO - [2024-11-06T14:31:02.638+0000] {dag.py:2941} INFO - Sync 1 DAGs
[2024-11-06T14:31:02.647+0000] {logging_mixin.py:154} INFO - [2024-11-06T14:31:02.647+0000] {dag.py:3722} INFO - Setting next_dagrun for example_short_circuit_operator to 2024-11-05T14:31:02.647760+00:00, run_after=2024-11-06T14:31:02.647760+00:00
[2024-11-06T14:31:02.655+0000] {processor.py:179} INFO - Processing /home/airflow/.local/lib/python3.8/site-packages/airflow/example_dags/example_short_circuit_operator.py took 0.037 seconds
[2024-11-06T14:36:37.044+0000] {processor.py:157} INFO - Started process (PID=2619) to work on /home/airflow/.local/lib/python3.8/site-packages/airflow/example_dags/example_short_circuit_operator.py
[2024-11-06T14:36:37.045+0000] {processor.py:829} INFO - Processing file /home/airflow/.local/lib/python3.8/site-packages/airflow/example_dags/example_short_circuit_operator.py for tasks to queue
[2024-11-06T14:36:37.046+0000] {logging_mixin.py:154} INFO - [2024-11-06T14:36:37.046+0000] {dagbag.py:536} INFO - Filling up the DagBag from /home/airflow/.local/lib/python3.8/site-packages/airflow/example_dags/example_short_circuit_operator.py
[2024-11-06T14:36:37.050+0000] {processor.py:839} INFO - DAG(s) dict_keys(['example_short_circuit_operator']) retrieved from /home/airflow/.local/lib/python3.8/site-packages/airflow/example_dags/example_short_circuit_operator.py
[2024-11-06T14:36:37.065+0000] {logging_mixin.py:154} INFO - [2024-11-06T14:36:37.065+0000] {dag.py:2941} INFO - Sync 1 DAGs
[2024-11-06T14:36:37.075+0000] {logging_mixin.py:154} INFO - [2024-11-06T14:36:37.075+0000] {dag.py:3722} INFO - Setting next_dagrun for example_short_circuit_operator to 2024-11-05T14:36:37.075248+00:00, run_after=2024-11-06T14:36:37.075248+00:00
[2024-11-06T14:36:37.087+0000] {processor.py:179} INFO - Processing /home/airflow/.local/lib/python3.8/site-packages/airflow/example_dags/example_short_circuit_operator.py took 0.044 seconds
[2024-11-06T15:02:53.513+0000] {processor.py:157} INFO - Started process (PID=2673) to work on /home/airflow/.local/lib/python3.8/site-packages/airflow/example_dags/example_short_circuit_operator.py
[2024-11-06T15:02:53.514+0000] {processor.py:829} INFO - Processing file /home/airflow/.local/lib/python3.8/site-packages/airflow/example_dags/example_short_circuit_operator.py for tasks to queue
[2024-11-06T15:02:53.515+0000] {logging_mixin.py:154} INFO - [2024-11-06T15:02:53.515+0000] {dagbag.py:536} INFO - Filling up the DagBag from /home/airflow/.local/lib/python3.8/site-packages/airflow/example_dags/example_short_circuit_operator.py
[2024-11-06T15:02:53.519+0000] {processor.py:839} INFO - DAG(s) dict_keys(['example_short_circuit_operator']) retrieved from /home/airflow/.local/lib/python3.8/site-packages/airflow/example_dags/example_short_circuit_operator.py
[2024-11-06T15:02:53.538+0000] {logging_mixin.py:154} INFO - [2024-11-06T15:02:53.538+0000] {dag.py:2941} INFO - Sync 1 DAGs
[2024-11-06T15:02:53.549+0000] {logging_mixin.py:154} INFO - [2024-11-06T15:02:53.549+0000] {dag.py:3722} INFO - Setting next_dagrun for example_short_circuit_operator to 2024-11-05T15:02:53.549720+00:00, run_after=2024-11-06T15:02:53.549720+00:00
[2024-11-06T15:02:53.557+0000] {processor.py:179} INFO - Processing /home/airflow/.local/lib/python3.8/site-packages/airflow/example_dags/example_short_circuit_operator.py took 0.046 seconds
[2024-11-06T15:37:17.458+0000] {processor.py:157} INFO - Started process (PID=2727) to work on /home/airflow/.local/lib/python3.8/site-packages/airflow/example_dags/example_short_circuit_operator.py
[2024-11-06T15:37:17.459+0000] {processor.py:829} INFO - Processing file /home/airflow/.local/lib/python3.8/site-packages/airflow/example_dags/example_short_circuit_operator.py for tasks to queue
[2024-11-06T15:37:17.460+0000] {logging_mixin.py:154} INFO - [2024-11-06T15:37:17.460+0000] {dagbag.py:536} INFO - Filling up the DagBag from /home/airflow/.local/lib/python3.8/site-packages/airflow/example_dags/example_short_circuit_operator.py
[2024-11-06T15:37:17.463+0000] {processor.py:839} INFO - DAG(s) dict_keys(['example_short_circuit_operator']) retrieved from /home/airflow/.local/lib/python3.8/site-packages/airflow/example_dags/example_short_circuit_operator.py
[2024-11-06T15:37:17.473+0000] {logging_mixin.py:154} INFO - [2024-11-06T15:37:17.473+0000] {dag.py:2941} INFO - Sync 1 DAGs
[2024-11-06T15:37:17.483+0000] {logging_mixin.py:154} INFO - [2024-11-06T15:37:17.483+0000] {dag.py:3722} INFO - Setting next_dagrun for example_short_circuit_operator to 2024-11-05T15:37:17.483114+00:00, run_after=2024-11-06T15:37:17.483114+00:00
[2024-11-06T15:37:17.493+0000] {processor.py:179} INFO - Processing /home/airflow/.local/lib/python3.8/site-packages/airflow/example_dags/example_short_circuit_operator.py took 0.036 seconds
[2024-11-06T15:48:10.244+0000] {processor.py:157} INFO - Started process (PID=2781) to work on /home/airflow/.local/lib/python3.8/site-packages/airflow/example_dags/example_short_circuit_operator.py
[2024-11-06T15:48:10.246+0000] {processor.py:829} INFO - Processing file /home/airflow/.local/lib/python3.8/site-packages/airflow/example_dags/example_short_circuit_operator.py for tasks to queue
[2024-11-06T15:48:10.247+0000] {logging_mixin.py:154} INFO - [2024-11-06T15:48:10.247+0000] {dagbag.py:536} INFO - Filling up the DagBag from /home/airflow/.local/lib/python3.8/site-packages/airflow/example_dags/example_short_circuit_operator.py
[2024-11-06T15:48:10.255+0000] {processor.py:839} INFO - DAG(s) dict_keys(['example_short_circuit_operator']) retrieved from /home/airflow/.local/lib/python3.8/site-packages/airflow/example_dags/example_short_circuit_operator.py
[2024-11-06T15:48:10.276+0000] {logging_mixin.py:154} INFO - [2024-11-06T15:48:10.276+0000] {dag.py:2941} INFO - Sync 1 DAGs
[2024-11-06T15:48:10.291+0000] {logging_mixin.py:154} INFO - [2024-11-06T15:48:10.291+0000] {dag.py:3722} INFO - Setting next_dagrun for example_short_circuit_operator to 2024-11-05T15:48:10.291154+00:00, run_after=2024-11-06T15:48:10.291154+00:00
[2024-11-06T15:48:10.310+0000] {processor.py:179} INFO - Processing /home/airflow/.local/lib/python3.8/site-packages/airflow/example_dags/example_short_circuit_operator.py took 0.069 seconds
[2024-11-06T16:49:04.293+0000] {processor.py:157} INFO - Started process (PID=2835) to work on /home/airflow/.local/lib/python3.8/site-packages/airflow/example_dags/example_short_circuit_operator.py
[2024-11-06T16:49:04.294+0000] {processor.py:829} INFO - Processing file /home/airflow/.local/lib/python3.8/site-packages/airflow/example_dags/example_short_circuit_operator.py for tasks to queue
[2024-11-06T16:49:04.296+0000] {logging_mixin.py:154} INFO - [2024-11-06T16:49:04.296+0000] {dagbag.py:536} INFO - Filling up the DagBag from /home/airflow/.local/lib/python3.8/site-packages/airflow/example_dags/example_short_circuit_operator.py
[2024-11-06T16:49:04.301+0000] {processor.py:839} INFO - DAG(s) dict_keys(['example_short_circuit_operator']) retrieved from /home/airflow/.local/lib/python3.8/site-packages/airflow/example_dags/example_short_circuit_operator.py
[2024-11-06T16:49:04.312+0000] {logging_mixin.py:154} INFO - [2024-11-06T16:49:04.311+0000] {dag.py:2941} INFO - Sync 1 DAGs
[2024-11-06T16:49:04.321+0000] {logging_mixin.py:154} INFO - [2024-11-06T16:49:04.321+0000] {dag.py:3722} INFO - Setting next_dagrun for example_short_circuit_operator to 2024-11-05T16:49:04.320919+00:00, run_after=2024-11-06T16:49:04.320919+00:00
[2024-11-06T16:49:04.329+0000] {processor.py:179} INFO - Processing /home/airflow/.local/lib/python3.8/site-packages/airflow/example_dags/example_short_circuit_operator.py took 0.038 seconds
[2024-11-06T16:49:57.050+0000] {processor.py:157} INFO - Started process (PID=2889) to work on /home/airflow/.local/lib/python3.8/site-packages/airflow/example_dags/example_short_circuit_operator.py
[2024-11-06T16:49:57.051+0000] {processor.py:829} INFO - Processing file /home/airflow/.local/lib/python3.8/site-packages/airflow/example_dags/example_short_circuit_operator.py for tasks to queue
[2024-11-06T16:49:57.053+0000] {logging_mixin.py:154} INFO - [2024-11-06T16:49:57.053+0000] {dagbag.py:536} INFO - Filling up the DagBag from /home/airflow/.local/lib/python3.8/site-packages/airflow/example_dags/example_short_circuit_operator.py
[2024-11-06T16:49:57.056+0000] {processor.py:839} INFO - DAG(s) dict_keys(['example_short_circuit_operator']) retrieved from /home/airflow/.local/lib/python3.8/site-packages/airflow/example_dags/example_short_circuit_operator.py
[2024-11-06T16:49:57.071+0000] {logging_mixin.py:154} INFO - [2024-11-06T16:49:57.071+0000] {dag.py:2941} INFO - Sync 1 DAGs
[2024-11-06T16:49:57.080+0000] {logging_mixin.py:154} INFO - [2024-11-06T16:49:57.080+0000] {dag.py:3722} INFO - Setting next_dagrun for example_short_circuit_operator to 2024-11-05T16:49:57.079992+00:00, run_after=2024-11-06T16:49:57.079992+00:00
[2024-11-06T16:49:57.091+0000] {processor.py:179} INFO - Processing /home/airflow/.local/lib/python3.8/site-packages/airflow/example_dags/example_short_circuit_operator.py took 0.042 seconds
[2024-11-06T17:40:09.062+0000] {processor.py:157} INFO - Started process (PID=2943) to work on /home/airflow/.local/lib/python3.8/site-packages/airflow/example_dags/example_short_circuit_operator.py
[2024-11-06T17:40:09.062+0000] {processor.py:829} INFO - Processing file /home/airflow/.local/lib/python3.8/site-packages/airflow/example_dags/example_short_circuit_operator.py for tasks to queue
[2024-11-06T17:40:09.063+0000] {logging_mixin.py:154} INFO - [2024-11-06T17:40:09.063+0000] {dagbag.py:536} INFO - Filling up the DagBag from /home/airflow/.local/lib/python3.8/site-packages/airflow/example_dags/example_short_circuit_operator.py
[2024-11-06T17:40:09.066+0000] {processor.py:839} INFO - DAG(s) dict_keys(['example_short_circuit_operator']) retrieved from /home/airflow/.local/lib/python3.8/site-packages/airflow/example_dags/example_short_circuit_operator.py
[2024-11-06T17:40:09.080+0000] {logging_mixin.py:154} INFO - [2024-11-06T17:40:09.080+0000] {dag.py:2941} INFO - Sync 1 DAGs
[2024-11-06T17:40:09.090+0000] {logging_mixin.py:154} INFO - [2024-11-06T17:40:09.090+0000] {dag.py:3722} INFO - Setting next_dagrun for example_short_circuit_operator to 2024-11-05T17:40:09.090265+00:00, run_after=2024-11-06T17:40:09.090265+00:00
[2024-11-06T17:40:09.102+0000] {processor.py:179} INFO - Processing /home/airflow/.local/lib/python3.8/site-packages/airflow/example_dags/example_short_circuit_operator.py took 0.042 seconds
[2024-11-06T18:40:21.362+0000] {processor.py:157} INFO - Started process (PID=2997) to work on /home/airflow/.local/lib/python3.8/site-packages/airflow/example_dags/example_short_circuit_operator.py
[2024-11-06T18:40:21.364+0000] {processor.py:829} INFO - Processing file /home/airflow/.local/lib/python3.8/site-packages/airflow/example_dags/example_short_circuit_operator.py for tasks to queue
[2024-11-06T18:40:21.365+0000] {logging_mixin.py:154} INFO - [2024-11-06T18:40:21.365+0000] {dagbag.py:536} INFO - Filling up the DagBag from /home/airflow/.local/lib/python3.8/site-packages/airflow/example_dags/example_short_circuit_operator.py
[2024-11-06T18:40:21.369+0000] {processor.py:839} INFO - DAG(s) dict_keys(['example_short_circuit_operator']) retrieved from /home/airflow/.local/lib/python3.8/site-packages/airflow/example_dags/example_short_circuit_operator.py
[2024-11-06T18:40:21.380+0000] {logging_mixin.py:154} INFO - [2024-11-06T18:40:21.380+0000] {dag.py:2941} INFO - Sync 1 DAGs
[2024-11-06T18:40:21.391+0000] {logging_mixin.py:154} INFO - [2024-11-06T18:40:21.391+0000] {dag.py:3722} INFO - Setting next_dagrun for example_short_circuit_operator to 2024-11-05T18:40:21.390482+00:00, run_after=2024-11-06T18:40:21.390482+00:00
[2024-11-06T18:40:21.400+0000] {processor.py:179} INFO - Processing /home/airflow/.local/lib/python3.8/site-packages/airflow/example_dags/example_short_circuit_operator.py took 0.039 seconds
[2024-11-06T19:56:55.202+0000] {processor.py:157} INFO - Started process (PID=3051) to work on /home/airflow/.local/lib/python3.8/site-packages/airflow/example_dags/example_short_circuit_operator.py
[2024-11-06T19:56:55.202+0000] {processor.py:829} INFO - Processing file /home/airflow/.local/lib/python3.8/site-packages/airflow/example_dags/example_short_circuit_operator.py for tasks to queue
[2024-11-06T19:56:55.203+0000] {logging_mixin.py:154} INFO - [2024-11-06T19:56:55.203+0000] {dagbag.py:536} INFO - Filling up the DagBag from /home/airflow/.local/lib/python3.8/site-packages/airflow/example_dags/example_short_circuit_operator.py
[2024-11-06T19:56:55.206+0000] {processor.py:839} INFO - DAG(s) dict_keys(['example_short_circuit_operator']) retrieved from /home/airflow/.local/lib/python3.8/site-packages/airflow/example_dags/example_short_circuit_operator.py
[2024-11-06T19:56:55.216+0000] {logging_mixin.py:154} INFO - [2024-11-06T19:56:55.216+0000] {dag.py:2941} INFO - Sync 1 DAGs
[2024-11-06T19:56:55.224+0000] {logging_mixin.py:154} INFO - [2024-11-06T19:56:55.224+0000] {dag.py:3722} INFO - Setting next_dagrun for example_short_circuit_operator to 2024-11-05T19:56:55.224749+00:00, run_after=2024-11-06T19:56:55.224749+00:00
[2024-11-06T19:56:55.231+0000] {processor.py:179} INFO - Processing /home/airflow/.local/lib/python3.8/site-packages/airflow/example_dags/example_short_circuit_operator.py took 0.031 seconds
[2024-11-06T20:41:41.805+0000] {processor.py:157} INFO - Started process (PID=3105) to work on /home/airflow/.local/lib/python3.8/site-packages/airflow/example_dags/example_short_circuit_operator.py
[2024-11-06T20:41:41.806+0000] {processor.py:829} INFO - Processing file /home/airflow/.local/lib/python3.8/site-packages/airflow/example_dags/example_short_circuit_operator.py for tasks to queue
[2024-11-06T20:41:41.807+0000] {logging_mixin.py:154} INFO - [2024-11-06T20:41:41.806+0000] {dagbag.py:536} INFO - Filling up the DagBag from /home/airflow/.local/lib/python3.8/site-packages/airflow/example_dags/example_short_circuit_operator.py
[2024-11-06T20:41:41.810+0000] {processor.py:839} INFO - DAG(s) dict_keys(['example_short_circuit_operator']) retrieved from /home/airflow/.local/lib/python3.8/site-packages/airflow/example_dags/example_short_circuit_operator.py
[2024-11-06T20:41:41.819+0000] {logging_mixin.py:154} INFO - [2024-11-06T20:41:41.819+0000] {dag.py:2941} INFO - Sync 1 DAGs
[2024-11-06T20:41:41.827+0000] {logging_mixin.py:154} INFO - [2024-11-06T20:41:41.827+0000] {dag.py:3722} INFO - Setting next_dagrun for example_short_circuit_operator to 2024-11-05T20:41:41.827484+00:00, run_after=2024-11-06T20:41:41.827484+00:00
[2024-11-06T20:41:41.834+0000] {processor.py:179} INFO - Processing /home/airflow/.local/lib/python3.8/site-packages/airflow/example_dags/example_short_circuit_operator.py took 0.030 seconds
[2024-11-06T22:09:51.284+0000] {processor.py:157} INFO - Started process (PID=3159) to work on /home/airflow/.local/lib/python3.8/site-packages/airflow/example_dags/example_short_circuit_operator.py
[2024-11-06T22:09:51.285+0000] {processor.py:829} INFO - Processing file /home/airflow/.local/lib/python3.8/site-packages/airflow/example_dags/example_short_circuit_operator.py for tasks to queue
[2024-11-06T22:09:51.288+0000] {logging_mixin.py:154} INFO - [2024-11-06T22:09:51.288+0000] {dagbag.py:536} INFO - Filling up the DagBag from /home/airflow/.local/lib/python3.8/site-packages/airflow/example_dags/example_short_circuit_operator.py
[2024-11-06T22:09:51.292+0000] {processor.py:839} INFO - DAG(s) dict_keys(['example_short_circuit_operator']) retrieved from /home/airflow/.local/lib/python3.8/site-packages/airflow/example_dags/example_short_circuit_operator.py
[2024-11-06T22:09:51.303+0000] {logging_mixin.py:154} INFO - [2024-11-06T22:09:51.303+0000] {dag.py:2941} INFO - Sync 1 DAGs
[2024-11-06T22:09:51.315+0000] {logging_mixin.py:154} INFO - [2024-11-06T22:09:51.315+0000] {dag.py:3722} INFO - Setting next_dagrun for example_short_circuit_operator to 2024-11-05T22:09:51.315293+00:00, run_after=2024-11-06T22:09:51.315293+00:00
[2024-11-06T22:09:51.325+0000] {processor.py:179} INFO - Processing /home/airflow/.local/lib/python3.8/site-packages/airflow/example_dags/example_short_circuit_operator.py took 0.042 seconds
[2024-11-06T23:10:57.245+0000] {processor.py:157} INFO - Started process (PID=3213) to work on /home/airflow/.local/lib/python3.8/site-packages/airflow/example_dags/example_short_circuit_operator.py
[2024-11-06T23:10:57.245+0000] {processor.py:829} INFO - Processing file /home/airflow/.local/lib/python3.8/site-packages/airflow/example_dags/example_short_circuit_operator.py for tasks to queue
[2024-11-06T23:10:57.247+0000] {logging_mixin.py:154} INFO - [2024-11-06T23:10:57.246+0000] {dagbag.py:536} INFO - Filling up the DagBag from /home/airflow/.local/lib/python3.8/site-packages/airflow/example_dags/example_short_circuit_operator.py
[2024-11-06T23:10:57.250+0000] {processor.py:839} INFO - DAG(s) dict_keys(['example_short_circuit_operator']) retrieved from /home/airflow/.local/lib/python3.8/site-packages/airflow/example_dags/example_short_circuit_operator.py
[2024-11-06T23:10:57.262+0000] {logging_mixin.py:154} INFO - [2024-11-06T23:10:57.262+0000] {dag.py:2941} INFO - Sync 1 DAGs
[2024-11-06T23:10:57.271+0000] {logging_mixin.py:154} INFO - [2024-11-06T23:10:57.271+0000] {dag.py:3722} INFO - Setting next_dagrun for example_short_circuit_operator to 2024-11-05T23:10:57.271432+00:00, run_after=2024-11-06T23:10:57.271432+00:00
[2024-11-06T23:10:57.280+0000] {processor.py:179} INFO - Processing /home/airflow/.local/lib/python3.8/site-packages/airflow/example_dags/example_short_circuit_operator.py took 0.037 seconds
[2024-11-06T23:49:21.755+0000] {processor.py:157} INFO - Started process (PID=3267) to work on /home/airflow/.local/lib/python3.8/site-packages/airflow/example_dags/example_short_circuit_operator.py
[2024-11-06T23:49:21.755+0000] {processor.py:829} INFO - Processing file /home/airflow/.local/lib/python3.8/site-packages/airflow/example_dags/example_short_circuit_operator.py for tasks to queue
[2024-11-06T23:49:21.757+0000] {logging_mixin.py:154} INFO - [2024-11-06T23:49:21.756+0000] {dagbag.py:536} INFO - Filling up the DagBag from /home/airflow/.local/lib/python3.8/site-packages/airflow/example_dags/example_short_circuit_operator.py
[2024-11-06T23:49:21.761+0000] {processor.py:839} INFO - DAG(s) dict_keys(['example_short_circuit_operator']) retrieved from /home/airflow/.local/lib/python3.8/site-packages/airflow/example_dags/example_short_circuit_operator.py
[2024-11-06T23:49:21.776+0000] {logging_mixin.py:154} INFO - [2024-11-06T23:49:21.776+0000] {dag.py:2941} INFO - Sync 1 DAGs
[2024-11-06T23:49:21.785+0000] {logging_mixin.py:154} INFO - [2024-11-06T23:49:21.785+0000] {dag.py:3722} INFO - Setting next_dagrun for example_short_circuit_operator to 2024-11-05T23:49:21.785404+00:00, run_after=2024-11-06T23:49:21.785404+00:00
[2024-11-06T23:49:21.792+0000] {processor.py:179} INFO - Processing /home/airflow/.local/lib/python3.8/site-packages/airflow/example_dags/example_short_circuit_operator.py took 0.039 seconds
