[2024-11-06T08:43:19.331+0000] {processor.py:157} INFO - Started process (PID=59) to work on /home/airflow/.local/lib/python3.8/site-packages/airflow/example_dags/example_latest_only_with_trigger.py
[2024-11-06T08:43:19.332+0000] {processor.py:829} INFO - Processing file /home/airflow/.local/lib/python3.8/site-packages/airflow/example_dags/example_latest_only_with_trigger.py for tasks to queue
[2024-11-06T08:43:19.334+0000] {logging_mixin.py:154} INFO - [2024-11-06T08:43:19.334+0000] {dagbag.py:536} INFO - Filling up the DagBag from /home/airflow/.local/lib/python3.8/site-packages/airflow/example_dags/example_latest_only_with_trigger.py
[2024-11-06T08:43:19.337+0000] {processor.py:839} INFO - DAG(s) dict_keys(['latest_only_with_trigger']) retrieved from /home/airflow/.local/lib/python3.8/site-packages/airflow/example_dags/example_latest_only_with_trigger.py
[2024-11-06T08:43:19.351+0000] {logging_mixin.py:154} INFO - [2024-11-06T08:43:19.351+0000] {dag.py:2941} INFO - Sync 1 DAGs
[2024-11-06T08:43:19.367+0000] {logging_mixin.py:154} INFO - [2024-11-06T08:43:19.366+0000] {dag.py:3722} INFO - Setting next_dagrun for latest_only_with_trigger to 2024-11-06T04:43:19.366792+00:00, run_after=2024-11-06T08:43:19.366792+00:00
[2024-11-06T08:43:19.380+0000] {processor.py:179} INFO - Processing /home/airflow/.local/lib/python3.8/site-packages/airflow/example_dags/example_latest_only_with_trigger.py took 0.050 seconds
[2024-11-06T08:43:49.701+0000] {processor.py:157} INFO - Started process (PID=113) to work on /home/airflow/.local/lib/python3.8/site-packages/airflow/example_dags/example_latest_only_with_trigger.py
[2024-11-06T08:43:49.701+0000] {processor.py:829} INFO - Processing file /home/airflow/.local/lib/python3.8/site-packages/airflow/example_dags/example_latest_only_with_trigger.py for tasks to queue
[2024-11-06T08:43:49.702+0000] {logging_mixin.py:154} INFO - [2024-11-06T08:43:49.702+0000] {dagbag.py:536} INFO - Filling up the DagBag from /home/airflow/.local/lib/python3.8/site-packages/airflow/example_dags/example_latest_only_with_trigger.py
[2024-11-06T08:43:49.705+0000] {processor.py:839} INFO - DAG(s) dict_keys(['latest_only_with_trigger']) retrieved from /home/airflow/.local/lib/python3.8/site-packages/airflow/example_dags/example_latest_only_with_trigger.py
[2024-11-06T08:43:49.719+0000] {logging_mixin.py:154} INFO - [2024-11-06T08:43:49.718+0000] {dag.py:2941} INFO - Sync 1 DAGs
[2024-11-06T08:43:49.733+0000] {logging_mixin.py:154} INFO - [2024-11-06T08:43:49.733+0000] {dag.py:3722} INFO - Setting next_dagrun for latest_only_with_trigger to 2024-11-06T04:43:49.733031+00:00, run_after=2024-11-06T08:43:49.733031+00:00
[2024-11-06T08:43:49.742+0000] {processor.py:179} INFO - Processing /home/airflow/.local/lib/python3.8/site-packages/airflow/example_dags/example_latest_only_with_trigger.py took 0.043 seconds
[2024-11-06T08:44:20.100+0000] {processor.py:157} INFO - Started process (PID=167) to work on /home/airflow/.local/lib/python3.8/site-packages/airflow/example_dags/example_latest_only_with_trigger.py
[2024-11-06T08:44:20.101+0000] {processor.py:829} INFO - Processing file /home/airflow/.local/lib/python3.8/site-packages/airflow/example_dags/example_latest_only_with_trigger.py for tasks to queue
[2024-11-06T08:44:20.103+0000] {logging_mixin.py:154} INFO - [2024-11-06T08:44:20.103+0000] {dagbag.py:536} INFO - Filling up the DagBag from /home/airflow/.local/lib/python3.8/site-packages/airflow/example_dags/example_latest_only_with_trigger.py
[2024-11-06T08:44:20.106+0000] {processor.py:839} INFO - DAG(s) dict_keys(['latest_only_with_trigger']) retrieved from /home/airflow/.local/lib/python3.8/site-packages/airflow/example_dags/example_latest_only_with_trigger.py
[2024-11-06T08:44:20.117+0000] {logging_mixin.py:154} INFO - [2024-11-06T08:44:20.117+0000] {dag.py:2941} INFO - Sync 1 DAGs
[2024-11-06T08:44:20.127+0000] {logging_mixin.py:154} INFO - [2024-11-06T08:44:20.127+0000] {dag.py:3722} INFO - Setting next_dagrun for latest_only_with_trigger to 2024-11-06T04:44:20.127521+00:00, run_after=2024-11-06T08:44:20.127521+00:00
[2024-11-06T08:44:20.142+0000] {processor.py:179} INFO - Processing /home/airflow/.local/lib/python3.8/site-packages/airflow/example_dags/example_latest_only_with_trigger.py took 0.043 seconds
[2024-11-06T08:44:50.476+0000] {processor.py:157} INFO - Started process (PID=221) to work on /home/airflow/.local/lib/python3.8/site-packages/airflow/example_dags/example_latest_only_with_trigger.py
[2024-11-06T08:44:50.476+0000] {processor.py:829} INFO - Processing file /home/airflow/.local/lib/python3.8/site-packages/airflow/example_dags/example_latest_only_with_trigger.py for tasks to queue
[2024-11-06T08:44:50.477+0000] {logging_mixin.py:154} INFO - [2024-11-06T08:44:50.477+0000] {dagbag.py:536} INFO - Filling up the DagBag from /home/airflow/.local/lib/python3.8/site-packages/airflow/example_dags/example_latest_only_with_trigger.py
[2024-11-06T08:44:50.480+0000] {processor.py:839} INFO - DAG(s) dict_keys(['latest_only_with_trigger']) retrieved from /home/airflow/.local/lib/python3.8/site-packages/airflow/example_dags/example_latest_only_with_trigger.py
[2024-11-06T08:44:50.490+0000] {logging_mixin.py:154} INFO - [2024-11-06T08:44:50.489+0000] {dag.py:2941} INFO - Sync 1 DAGs
[2024-11-06T08:44:50.499+0000] {logging_mixin.py:154} INFO - [2024-11-06T08:44:50.499+0000] {dag.py:3722} INFO - Setting next_dagrun for latest_only_with_trigger to 2024-11-06T04:44:50.499783+00:00, run_after=2024-11-06T08:44:50.499783+00:00
[2024-11-06T08:44:50.509+0000] {processor.py:179} INFO - Processing /home/airflow/.local/lib/python3.8/site-packages/airflow/example_dags/example_latest_only_with_trigger.py took 0.034 seconds
[2024-11-06T08:45:20.837+0000] {processor.py:157} INFO - Started process (PID=275) to work on /home/airflow/.local/lib/python3.8/site-packages/airflow/example_dags/example_latest_only_with_trigger.py
[2024-11-06T08:45:20.839+0000] {processor.py:829} INFO - Processing file /home/airflow/.local/lib/python3.8/site-packages/airflow/example_dags/example_latest_only_with_trigger.py for tasks to queue
[2024-11-06T08:45:20.840+0000] {logging_mixin.py:154} INFO - [2024-11-06T08:45:20.840+0000] {dagbag.py:536} INFO - Filling up the DagBag from /home/airflow/.local/lib/python3.8/site-packages/airflow/example_dags/example_latest_only_with_trigger.py
[2024-11-06T08:45:20.843+0000] {processor.py:839} INFO - DAG(s) dict_keys(['latest_only_with_trigger']) retrieved from /home/airflow/.local/lib/python3.8/site-packages/airflow/example_dags/example_latest_only_with_trigger.py
[2024-11-06T08:45:20.851+0000] {logging_mixin.py:154} INFO - [2024-11-06T08:45:20.851+0000] {dag.py:2941} INFO - Sync 1 DAGs
[2024-11-06T08:45:20.861+0000] {logging_mixin.py:154} INFO - [2024-11-06T08:45:20.861+0000] {dag.py:3722} INFO - Setting next_dagrun for latest_only_with_trigger to 2024-11-06T04:45:20.861742+00:00, run_after=2024-11-06T08:45:20.861742+00:00
[2024-11-06T08:45:20.869+0000] {processor.py:179} INFO - Processing /home/airflow/.local/lib/python3.8/site-packages/airflow/example_dags/example_latest_only_with_trigger.py took 0.033 seconds
[2024-11-06T08:45:51.241+0000] {processor.py:157} INFO - Started process (PID=329) to work on /home/airflow/.local/lib/python3.8/site-packages/airflow/example_dags/example_latest_only_with_trigger.py
[2024-11-06T08:45:51.242+0000] {processor.py:829} INFO - Processing file /home/airflow/.local/lib/python3.8/site-packages/airflow/example_dags/example_latest_only_with_trigger.py for tasks to queue
[2024-11-06T08:45:51.244+0000] {logging_mixin.py:154} INFO - [2024-11-06T08:45:51.244+0000] {dagbag.py:536} INFO - Filling up the DagBag from /home/airflow/.local/lib/python3.8/site-packages/airflow/example_dags/example_latest_only_with_trigger.py
[2024-11-06T08:45:51.248+0000] {processor.py:839} INFO - DAG(s) dict_keys(['latest_only_with_trigger']) retrieved from /home/airflow/.local/lib/python3.8/site-packages/airflow/example_dags/example_latest_only_with_trigger.py
[2024-11-06T08:45:51.258+0000] {logging_mixin.py:154} INFO - [2024-11-06T08:45:51.258+0000] {dag.py:2941} INFO - Sync 1 DAGs
[2024-11-06T08:45:51.266+0000] {logging_mixin.py:154} INFO - [2024-11-06T08:45:51.266+0000] {dag.py:3722} INFO - Setting next_dagrun for latest_only_with_trigger to 2024-11-06T04:45:51.266657+00:00, run_after=2024-11-06T08:45:51.266657+00:00
[2024-11-06T08:45:51.273+0000] {processor.py:179} INFO - Processing /home/airflow/.local/lib/python3.8/site-packages/airflow/example_dags/example_latest_only_with_trigger.py took 0.033 seconds
[2024-11-06T08:46:21.588+0000] {processor.py:157} INFO - Started process (PID=383) to work on /home/airflow/.local/lib/python3.8/site-packages/airflow/example_dags/example_latest_only_with_trigger.py
[2024-11-06T08:46:21.589+0000] {processor.py:829} INFO - Processing file /home/airflow/.local/lib/python3.8/site-packages/airflow/example_dags/example_latest_only_with_trigger.py for tasks to queue
[2024-11-06T08:46:21.590+0000] {logging_mixin.py:154} INFO - [2024-11-06T08:46:21.590+0000] {dagbag.py:536} INFO - Filling up the DagBag from /home/airflow/.local/lib/python3.8/site-packages/airflow/example_dags/example_latest_only_with_trigger.py
[2024-11-06T08:46:21.593+0000] {processor.py:839} INFO - DAG(s) dict_keys(['latest_only_with_trigger']) retrieved from /home/airflow/.local/lib/python3.8/site-packages/airflow/example_dags/example_latest_only_with_trigger.py
[2024-11-06T08:46:21.603+0000] {logging_mixin.py:154} INFO - [2024-11-06T08:46:21.603+0000] {dag.py:2941} INFO - Sync 1 DAGs
[2024-11-06T08:46:21.612+0000] {logging_mixin.py:154} INFO - [2024-11-06T08:46:21.612+0000] {dag.py:3722} INFO - Setting next_dagrun for latest_only_with_trigger to 2024-11-06T04:46:21.612271+00:00, run_after=2024-11-06T08:46:21.612271+00:00
[2024-11-06T08:46:21.621+0000] {processor.py:179} INFO - Processing /home/airflow/.local/lib/python3.8/site-packages/airflow/example_dags/example_latest_only_with_trigger.py took 0.034 seconds
[2024-11-06T08:46:52.427+0000] {processor.py:157} INFO - Started process (PID=437) to work on /home/airflow/.local/lib/python3.8/site-packages/airflow/example_dags/example_latest_only_with_trigger.py
[2024-11-06T08:46:52.428+0000] {processor.py:829} INFO - Processing file /home/airflow/.local/lib/python3.8/site-packages/airflow/example_dags/example_latest_only_with_trigger.py for tasks to queue
[2024-11-06T08:46:52.429+0000] {logging_mixin.py:154} INFO - [2024-11-06T08:46:52.429+0000] {dagbag.py:536} INFO - Filling up the DagBag from /home/airflow/.local/lib/python3.8/site-packages/airflow/example_dags/example_latest_only_with_trigger.py
[2024-11-06T08:46:52.432+0000] {processor.py:839} INFO - DAG(s) dict_keys(['latest_only_with_trigger']) retrieved from /home/airflow/.local/lib/python3.8/site-packages/airflow/example_dags/example_latest_only_with_trigger.py
[2024-11-06T08:46:52.442+0000] {logging_mixin.py:154} INFO - [2024-11-06T08:46:52.442+0000] {dag.py:2941} INFO - Sync 1 DAGs
[2024-11-06T08:46:52.463+0000] {logging_mixin.py:154} INFO - [2024-11-06T08:46:52.463+0000] {dag.py:3722} INFO - Setting next_dagrun for latest_only_with_trigger to 2024-11-06T04:46:52.463614+00:00, run_after=2024-11-06T08:46:52.463614+00:00
[2024-11-06T08:46:52.473+0000] {processor.py:179} INFO - Processing /home/airflow/.local/lib/python3.8/site-packages/airflow/example_dags/example_latest_only_with_trigger.py took 0.047 seconds
[2024-11-06T08:47:22.866+0000] {processor.py:157} INFO - Started process (PID=498) to work on /home/airflow/.local/lib/python3.8/site-packages/airflow/example_dags/example_latest_only_with_trigger.py
[2024-11-06T08:47:22.866+0000] {processor.py:829} INFO - Processing file /home/airflow/.local/lib/python3.8/site-packages/airflow/example_dags/example_latest_only_with_trigger.py for tasks to queue
[2024-11-06T08:47:22.867+0000] {logging_mixin.py:154} INFO - [2024-11-06T08:47:22.867+0000] {dagbag.py:536} INFO - Filling up the DagBag from /home/airflow/.local/lib/python3.8/site-packages/airflow/example_dags/example_latest_only_with_trigger.py
[2024-11-06T08:47:22.869+0000] {processor.py:839} INFO - DAG(s) dict_keys(['latest_only_with_trigger']) retrieved from /home/airflow/.local/lib/python3.8/site-packages/airflow/example_dags/example_latest_only_with_trigger.py
[2024-11-06T08:47:22.878+0000] {logging_mixin.py:154} INFO - [2024-11-06T08:47:22.877+0000] {dag.py:2941} INFO - Sync 1 DAGs
[2024-11-06T08:47:22.886+0000] {logging_mixin.py:154} INFO - [2024-11-06T08:47:22.886+0000] {dag.py:3722} INFO - Setting next_dagrun for latest_only_with_trigger to 2024-11-06T04:47:22.886619+00:00, run_after=2024-11-06T08:47:22.886619+00:00
[2024-11-06T08:47:22.893+0000] {processor.py:179} INFO - Processing /home/airflow/.local/lib/python3.8/site-packages/airflow/example_dags/example_latest_only_with_trigger.py took 0.028 seconds
[2024-11-06T08:47:53.191+0000] {processor.py:157} INFO - Started process (PID=553) to work on /home/airflow/.local/lib/python3.8/site-packages/airflow/example_dags/example_latest_only_with_trigger.py
[2024-11-06T08:47:53.192+0000] {processor.py:829} INFO - Processing file /home/airflow/.local/lib/python3.8/site-packages/airflow/example_dags/example_latest_only_with_trigger.py for tasks to queue
[2024-11-06T08:47:53.193+0000] {logging_mixin.py:154} INFO - [2024-11-06T08:47:53.193+0000] {dagbag.py:536} INFO - Filling up the DagBag from /home/airflow/.local/lib/python3.8/site-packages/airflow/example_dags/example_latest_only_with_trigger.py
[2024-11-06T08:47:53.197+0000] {processor.py:839} INFO - DAG(s) dict_keys(['latest_only_with_trigger']) retrieved from /home/airflow/.local/lib/python3.8/site-packages/airflow/example_dags/example_latest_only_with_trigger.py
[2024-11-06T08:47:53.207+0000] {logging_mixin.py:154} INFO - [2024-11-06T08:47:53.207+0000] {dag.py:2941} INFO - Sync 1 DAGs
[2024-11-06T08:47:53.216+0000] {logging_mixin.py:154} INFO - [2024-11-06T08:47:53.215+0000] {dag.py:3722} INFO - Setting next_dagrun for latest_only_with_trigger to 2024-11-06T04:47:53.215782+00:00, run_after=2024-11-06T08:47:53.215782+00:00
[2024-11-06T08:47:53.226+0000] {processor.py:179} INFO - Processing /home/airflow/.local/lib/python3.8/site-packages/airflow/example_dags/example_latest_only_with_trigger.py took 0.036 seconds
[2024-11-06T08:48:23.534+0000] {processor.py:157} INFO - Started process (PID=607) to work on /home/airflow/.local/lib/python3.8/site-packages/airflow/example_dags/example_latest_only_with_trigger.py
[2024-11-06T08:48:23.535+0000] {processor.py:829} INFO - Processing file /home/airflow/.local/lib/python3.8/site-packages/airflow/example_dags/example_latest_only_with_trigger.py for tasks to queue
[2024-11-06T08:48:23.536+0000] {logging_mixin.py:154} INFO - [2024-11-06T08:48:23.536+0000] {dagbag.py:536} INFO - Filling up the DagBag from /home/airflow/.local/lib/python3.8/site-packages/airflow/example_dags/example_latest_only_with_trigger.py
[2024-11-06T08:48:23.538+0000] {processor.py:839} INFO - DAG(s) dict_keys(['latest_only_with_trigger']) retrieved from /home/airflow/.local/lib/python3.8/site-packages/airflow/example_dags/example_latest_only_with_trigger.py
[2024-11-06T08:48:23.549+0000] {logging_mixin.py:154} INFO - [2024-11-06T08:48:23.549+0000] {dag.py:2941} INFO - Sync 1 DAGs
[2024-11-06T08:48:23.560+0000] {logging_mixin.py:154} INFO - [2024-11-06T08:48:23.560+0000] {dag.py:3722} INFO - Setting next_dagrun for latest_only_with_trigger to 2024-11-06T04:48:23.560761+00:00, run_after=2024-11-06T08:48:23.560761+00:00
[2024-11-06T08:48:23.567+0000] {processor.py:179} INFO - Processing /home/airflow/.local/lib/python3.8/site-packages/airflow/example_dags/example_latest_only_with_trigger.py took 0.034 seconds
[2024-11-06T08:48:53.928+0000] {processor.py:157} INFO - Started process (PID=661) to work on /home/airflow/.local/lib/python3.8/site-packages/airflow/example_dags/example_latest_only_with_trigger.py
[2024-11-06T08:48:53.929+0000] {processor.py:829} INFO - Processing file /home/airflow/.local/lib/python3.8/site-packages/airflow/example_dags/example_latest_only_with_trigger.py for tasks to queue
[2024-11-06T08:48:53.930+0000] {logging_mixin.py:154} INFO - [2024-11-06T08:48:53.930+0000] {dagbag.py:536} INFO - Filling up the DagBag from /home/airflow/.local/lib/python3.8/site-packages/airflow/example_dags/example_latest_only_with_trigger.py
[2024-11-06T08:48:53.932+0000] {processor.py:839} INFO - DAG(s) dict_keys(['latest_only_with_trigger']) retrieved from /home/airflow/.local/lib/python3.8/site-packages/airflow/example_dags/example_latest_only_with_trigger.py
[2024-11-06T08:48:53.942+0000] {logging_mixin.py:154} INFO - [2024-11-06T08:48:53.941+0000] {dag.py:2941} INFO - Sync 1 DAGs
[2024-11-06T08:48:53.950+0000] {logging_mixin.py:154} INFO - [2024-11-06T08:48:53.950+0000] {dag.py:3722} INFO - Setting next_dagrun for latest_only_with_trigger to 2024-11-06T04:48:53.950154+00:00, run_after=2024-11-06T08:48:53.950154+00:00
[2024-11-06T08:48:53.958+0000] {processor.py:179} INFO - Processing /home/airflow/.local/lib/python3.8/site-packages/airflow/example_dags/example_latest_only_with_trigger.py took 0.031 seconds
[2024-11-06T08:49:24.123+0000] {processor.py:157} INFO - Started process (PID=715) to work on /home/airflow/.local/lib/python3.8/site-packages/airflow/example_dags/example_latest_only_with_trigger.py
[2024-11-06T08:49:24.123+0000] {processor.py:829} INFO - Processing file /home/airflow/.local/lib/python3.8/site-packages/airflow/example_dags/example_latest_only_with_trigger.py for tasks to queue
[2024-11-06T08:49:24.124+0000] {logging_mixin.py:154} INFO - [2024-11-06T08:49:24.124+0000] {dagbag.py:536} INFO - Filling up the DagBag from /home/airflow/.local/lib/python3.8/site-packages/airflow/example_dags/example_latest_only_with_trigger.py
[2024-11-06T08:49:24.127+0000] {processor.py:839} INFO - DAG(s) dict_keys(['latest_only_with_trigger']) retrieved from /home/airflow/.local/lib/python3.8/site-packages/airflow/example_dags/example_latest_only_with_trigger.py
[2024-11-06T08:49:24.136+0000] {logging_mixin.py:154} INFO - [2024-11-06T08:49:24.136+0000] {dag.py:2941} INFO - Sync 1 DAGs
[2024-11-06T08:49:24.145+0000] {logging_mixin.py:154} INFO - [2024-11-06T08:49:24.145+0000] {dag.py:3722} INFO - Setting next_dagrun for latest_only_with_trigger to 2024-11-06T04:49:24.145445+00:00, run_after=2024-11-06T08:49:24.145445+00:00
[2024-11-06T08:49:24.151+0000] {processor.py:179} INFO - Processing /home/airflow/.local/lib/python3.8/site-packages/airflow/example_dags/example_latest_only_with_trigger.py took 0.030 seconds
[2024-11-06T08:49:54.364+0000] {processor.py:157} INFO - Started process (PID=768) to work on /home/airflow/.local/lib/python3.8/site-packages/airflow/example_dags/example_latest_only_with_trigger.py
[2024-11-06T08:49:54.364+0000] {processor.py:829} INFO - Processing file /home/airflow/.local/lib/python3.8/site-packages/airflow/example_dags/example_latest_only_with_trigger.py for tasks to queue
[2024-11-06T08:49:54.366+0000] {logging_mixin.py:154} INFO - [2024-11-06T08:49:54.366+0000] {dagbag.py:536} INFO - Filling up the DagBag from /home/airflow/.local/lib/python3.8/site-packages/airflow/example_dags/example_latest_only_with_trigger.py
[2024-11-06T08:49:54.370+0000] {processor.py:839} INFO - DAG(s) dict_keys(['latest_only_with_trigger']) retrieved from /home/airflow/.local/lib/python3.8/site-packages/airflow/example_dags/example_latest_only_with_trigger.py
[2024-11-06T08:49:54.381+0000] {logging_mixin.py:154} INFO - [2024-11-06T08:49:54.381+0000] {dag.py:2941} INFO - Sync 1 DAGs
[2024-11-06T08:49:54.390+0000] {logging_mixin.py:154} INFO - [2024-11-06T08:49:54.390+0000] {dag.py:3722} INFO - Setting next_dagrun for latest_only_with_trigger to 2024-11-06T04:49:54.390023+00:00, run_after=2024-11-06T08:49:54.390023+00:00
[2024-11-06T08:49:54.397+0000] {processor.py:179} INFO - Processing /home/airflow/.local/lib/python3.8/site-packages/airflow/example_dags/example_latest_only_with_trigger.py took 0.035 seconds
[2024-11-06T08:50:24.601+0000] {processor.py:157} INFO - Started process (PID=822) to work on /home/airflow/.local/lib/python3.8/site-packages/airflow/example_dags/example_latest_only_with_trigger.py
[2024-11-06T08:50:24.601+0000] {processor.py:829} INFO - Processing file /home/airflow/.local/lib/python3.8/site-packages/airflow/example_dags/example_latest_only_with_trigger.py for tasks to queue
[2024-11-06T08:50:24.602+0000] {logging_mixin.py:154} INFO - [2024-11-06T08:50:24.602+0000] {dagbag.py:536} INFO - Filling up the DagBag from /home/airflow/.local/lib/python3.8/site-packages/airflow/example_dags/example_latest_only_with_trigger.py
[2024-11-06T08:50:24.604+0000] {processor.py:839} INFO - DAG(s) dict_keys(['latest_only_with_trigger']) retrieved from /home/airflow/.local/lib/python3.8/site-packages/airflow/example_dags/example_latest_only_with_trigger.py
[2024-11-06T08:50:24.613+0000] {logging_mixin.py:154} INFO - [2024-11-06T08:50:24.613+0000] {dag.py:2941} INFO - Sync 1 DAGs
[2024-11-06T08:50:24.621+0000] {logging_mixin.py:154} INFO - [2024-11-06T08:50:24.621+0000] {dag.py:3722} INFO - Setting next_dagrun for latest_only_with_trigger to 2024-11-06T04:50:24.621187+00:00, run_after=2024-11-06T08:50:24.621187+00:00
[2024-11-06T08:50:24.627+0000] {processor.py:179} INFO - Processing /home/airflow/.local/lib/python3.8/site-packages/airflow/example_dags/example_latest_only_with_trigger.py took 0.028 seconds
[2024-11-06T08:50:54.860+0000] {processor.py:157} INFO - Started process (PID=876) to work on /home/airflow/.local/lib/python3.8/site-packages/airflow/example_dags/example_latest_only_with_trigger.py
[2024-11-06T08:50:54.862+0000] {processor.py:829} INFO - Processing file /home/airflow/.local/lib/python3.8/site-packages/airflow/example_dags/example_latest_only_with_trigger.py for tasks to queue
[2024-11-06T08:50:54.863+0000] {logging_mixin.py:154} INFO - [2024-11-06T08:50:54.862+0000] {dagbag.py:536} INFO - Filling up the DagBag from /home/airflow/.local/lib/python3.8/site-packages/airflow/example_dags/example_latest_only_with_trigger.py
[2024-11-06T08:50:54.866+0000] {processor.py:839} INFO - DAG(s) dict_keys(['latest_only_with_trigger']) retrieved from /home/airflow/.local/lib/python3.8/site-packages/airflow/example_dags/example_latest_only_with_trigger.py
[2024-11-06T08:50:54.874+0000] {logging_mixin.py:154} INFO - [2024-11-06T08:50:54.874+0000] {dag.py:2941} INFO - Sync 1 DAGs
[2024-11-06T08:50:54.882+0000] {logging_mixin.py:154} INFO - [2024-11-06T08:50:54.882+0000] {dag.py:3722} INFO - Setting next_dagrun for latest_only_with_trigger to 2024-11-06T04:50:54.882706+00:00, run_after=2024-11-06T08:50:54.882706+00:00
[2024-11-06T08:50:54.890+0000] {processor.py:179} INFO - Processing /home/airflow/.local/lib/python3.8/site-packages/airflow/example_dags/example_latest_only_with_trigger.py took 0.031 seconds
[2024-11-06T08:51:25.222+0000] {processor.py:157} INFO - Started process (PID=930) to work on /home/airflow/.local/lib/python3.8/site-packages/airflow/example_dags/example_latest_only_with_trigger.py
[2024-11-06T08:51:25.222+0000] {processor.py:829} INFO - Processing file /home/airflow/.local/lib/python3.8/site-packages/airflow/example_dags/example_latest_only_with_trigger.py for tasks to queue
[2024-11-06T08:51:25.223+0000] {logging_mixin.py:154} INFO - [2024-11-06T08:51:25.223+0000] {dagbag.py:536} INFO - Filling up the DagBag from /home/airflow/.local/lib/python3.8/site-packages/airflow/example_dags/example_latest_only_with_trigger.py
[2024-11-06T08:51:25.226+0000] {processor.py:839} INFO - DAG(s) dict_keys(['latest_only_with_trigger']) retrieved from /home/airflow/.local/lib/python3.8/site-packages/airflow/example_dags/example_latest_only_with_trigger.py
[2024-11-06T08:51:25.237+0000] {logging_mixin.py:154} INFO - [2024-11-06T08:51:25.237+0000] {dag.py:2941} INFO - Sync 1 DAGs
[2024-11-06T08:51:25.245+0000] {logging_mixin.py:154} INFO - [2024-11-06T08:51:25.245+0000] {dag.py:3722} INFO - Setting next_dagrun for latest_only_with_trigger to 2024-11-06T04:51:25.245443+00:00, run_after=2024-11-06T08:51:25.245443+00:00
[2024-11-06T08:51:25.253+0000] {processor.py:179} INFO - Processing /home/airflow/.local/lib/python3.8/site-packages/airflow/example_dags/example_latest_only_with_trigger.py took 0.033 seconds
[2024-11-06T08:51:55.523+0000] {processor.py:157} INFO - Started process (PID=984) to work on /home/airflow/.local/lib/python3.8/site-packages/airflow/example_dags/example_latest_only_with_trigger.py
[2024-11-06T08:51:55.524+0000] {processor.py:829} INFO - Processing file /home/airflow/.local/lib/python3.8/site-packages/airflow/example_dags/example_latest_only_with_trigger.py for tasks to queue
[2024-11-06T08:51:55.527+0000] {logging_mixin.py:154} INFO - [2024-11-06T08:51:55.526+0000] {dagbag.py:536} INFO - Filling up the DagBag from /home/airflow/.local/lib/python3.8/site-packages/airflow/example_dags/example_latest_only_with_trigger.py
[2024-11-06T08:51:55.529+0000] {processor.py:839} INFO - DAG(s) dict_keys(['latest_only_with_trigger']) retrieved from /home/airflow/.local/lib/python3.8/site-packages/airflow/example_dags/example_latest_only_with_trigger.py
[2024-11-06T08:51:55.540+0000] {logging_mixin.py:154} INFO - [2024-11-06T08:51:55.540+0000] {dag.py:2941} INFO - Sync 1 DAGs
[2024-11-06T08:51:55.550+0000] {logging_mixin.py:154} INFO - [2024-11-06T08:51:55.550+0000] {dag.py:3722} INFO - Setting next_dagrun for latest_only_with_trigger to 2024-11-06T04:51:55.550664+00:00, run_after=2024-11-06T08:51:55.550664+00:00
[2024-11-06T08:51:55.557+0000] {processor.py:179} INFO - Processing /home/airflow/.local/lib/python3.8/site-packages/airflow/example_dags/example_latest_only_with_trigger.py took 0.035 seconds
[2024-11-06T08:52:25.900+0000] {processor.py:157} INFO - Started process (PID=1038) to work on /home/airflow/.local/lib/python3.8/site-packages/airflow/example_dags/example_latest_only_with_trigger.py
[2024-11-06T08:52:25.901+0000] {processor.py:829} INFO - Processing file /home/airflow/.local/lib/python3.8/site-packages/airflow/example_dags/example_latest_only_with_trigger.py for tasks to queue
[2024-11-06T08:52:25.901+0000] {logging_mixin.py:154} INFO - [2024-11-06T08:52:25.901+0000] {dagbag.py:536} INFO - Filling up the DagBag from /home/airflow/.local/lib/python3.8/site-packages/airflow/example_dags/example_latest_only_with_trigger.py
[2024-11-06T08:52:25.904+0000] {processor.py:839} INFO - DAG(s) dict_keys(['latest_only_with_trigger']) retrieved from /home/airflow/.local/lib/python3.8/site-packages/airflow/example_dags/example_latest_only_with_trigger.py
[2024-11-06T08:52:25.913+0000] {logging_mixin.py:154} INFO - [2024-11-06T08:52:25.913+0000] {dag.py:2941} INFO - Sync 1 DAGs
[2024-11-06T08:52:25.922+0000] {logging_mixin.py:154} INFO - [2024-11-06T08:52:25.922+0000] {dag.py:3722} INFO - Setting next_dagrun for latest_only_with_trigger to 2024-11-06T04:52:25.922272+00:00, run_after=2024-11-06T08:52:25.922272+00:00
[2024-11-06T08:52:25.928+0000] {processor.py:179} INFO - Processing /home/airflow/.local/lib/python3.8/site-packages/airflow/example_dags/example_latest_only_with_trigger.py took 0.030 seconds
[2024-11-06T08:52:56.309+0000] {processor.py:157} INFO - Started process (PID=1092) to work on /home/airflow/.local/lib/python3.8/site-packages/airflow/example_dags/example_latest_only_with_trigger.py
[2024-11-06T08:52:56.309+0000] {processor.py:829} INFO - Processing file /home/airflow/.local/lib/python3.8/site-packages/airflow/example_dags/example_latest_only_with_trigger.py for tasks to queue
[2024-11-06T08:52:56.310+0000] {logging_mixin.py:154} INFO - [2024-11-06T08:52:56.310+0000] {dagbag.py:536} INFO - Filling up the DagBag from /home/airflow/.local/lib/python3.8/site-packages/airflow/example_dags/example_latest_only_with_trigger.py
[2024-11-06T08:52:56.312+0000] {processor.py:839} INFO - DAG(s) dict_keys(['latest_only_with_trigger']) retrieved from /home/airflow/.local/lib/python3.8/site-packages/airflow/example_dags/example_latest_only_with_trigger.py
[2024-11-06T08:52:56.323+0000] {logging_mixin.py:154} INFO - [2024-11-06T08:52:56.322+0000] {dag.py:2941} INFO - Sync 1 DAGs
[2024-11-06T08:52:56.332+0000] {logging_mixin.py:154} INFO - [2024-11-06T08:52:56.332+0000] {dag.py:3722} INFO - Setting next_dagrun for latest_only_with_trigger to 2024-11-06T04:52:56.332041+00:00, run_after=2024-11-06T08:52:56.332041+00:00
[2024-11-06T08:52:56.414+0000] {processor.py:179} INFO - Processing /home/airflow/.local/lib/python3.8/site-packages/airflow/example_dags/example_latest_only_with_trigger.py took 0.107 seconds
[2024-11-06T08:53:26.806+0000] {processor.py:157} INFO - Started process (PID=1146) to work on /home/airflow/.local/lib/python3.8/site-packages/airflow/example_dags/example_latest_only_with_trigger.py
[2024-11-06T08:53:26.811+0000] {processor.py:829} INFO - Processing file /home/airflow/.local/lib/python3.8/site-packages/airflow/example_dags/example_latest_only_with_trigger.py for tasks to queue
[2024-11-06T08:53:26.812+0000] {logging_mixin.py:154} INFO - [2024-11-06T08:53:26.812+0000] {dagbag.py:536} INFO - Filling up the DagBag from /home/airflow/.local/lib/python3.8/site-packages/airflow/example_dags/example_latest_only_with_trigger.py
[2024-11-06T08:53:26.815+0000] {processor.py:839} INFO - DAG(s) dict_keys(['latest_only_with_trigger']) retrieved from /home/airflow/.local/lib/python3.8/site-packages/airflow/example_dags/example_latest_only_with_trigger.py
[2024-11-06T08:53:26.823+0000] {logging_mixin.py:154} INFO - [2024-11-06T08:53:26.823+0000] {dag.py:2941} INFO - Sync 1 DAGs
[2024-11-06T08:53:26.832+0000] {logging_mixin.py:154} INFO - [2024-11-06T08:53:26.832+0000] {dag.py:3722} INFO - Setting next_dagrun for latest_only_with_trigger to 2024-11-06T04:53:26.832381+00:00, run_after=2024-11-06T08:53:26.832381+00:00
[2024-11-06T08:53:26.838+0000] {processor.py:179} INFO - Processing /home/airflow/.local/lib/python3.8/site-packages/airflow/example_dags/example_latest_only_with_trigger.py took 0.033 seconds
[2024-11-06T08:53:57.537+0000] {processor.py:157} INFO - Started process (PID=1200) to work on /home/airflow/.local/lib/python3.8/site-packages/airflow/example_dags/example_latest_only_with_trigger.py
[2024-11-06T08:53:57.537+0000] {processor.py:829} INFO - Processing file /home/airflow/.local/lib/python3.8/site-packages/airflow/example_dags/example_latest_only_with_trigger.py for tasks to queue
[2024-11-06T08:53:57.538+0000] {logging_mixin.py:154} INFO - [2024-11-06T08:53:57.538+0000] {dagbag.py:536} INFO - Filling up the DagBag from /home/airflow/.local/lib/python3.8/site-packages/airflow/example_dags/example_latest_only_with_trigger.py
[2024-11-06T08:53:57.540+0000] {processor.py:839} INFO - DAG(s) dict_keys(['latest_only_with_trigger']) retrieved from /home/airflow/.local/lib/python3.8/site-packages/airflow/example_dags/example_latest_only_with_trigger.py
[2024-11-06T08:53:57.549+0000] {logging_mixin.py:154} INFO - [2024-11-06T08:53:57.549+0000] {dag.py:2941} INFO - Sync 1 DAGs
[2024-11-06T08:53:57.557+0000] {logging_mixin.py:154} INFO - [2024-11-06T08:53:57.557+0000] {dag.py:3722} INFO - Setting next_dagrun for latest_only_with_trigger to 2024-11-06T04:53:57.557203+00:00, run_after=2024-11-06T08:53:57.557203+00:00
[2024-11-06T08:53:57.563+0000] {processor.py:179} INFO - Processing /home/airflow/.local/lib/python3.8/site-packages/airflow/example_dags/example_latest_only_with_trigger.py took 0.028 seconds
[2024-11-06T08:54:28.123+0000] {processor.py:157} INFO - Started process (PID=1254) to work on /home/airflow/.local/lib/python3.8/site-packages/airflow/example_dags/example_latest_only_with_trigger.py
[2024-11-06T08:54:28.123+0000] {processor.py:829} INFO - Processing file /home/airflow/.local/lib/python3.8/site-packages/airflow/example_dags/example_latest_only_with_trigger.py for tasks to queue
[2024-11-06T08:54:28.124+0000] {logging_mixin.py:154} INFO - [2024-11-06T08:54:28.124+0000] {dagbag.py:536} INFO - Filling up the DagBag from /home/airflow/.local/lib/python3.8/site-packages/airflow/example_dags/example_latest_only_with_trigger.py
[2024-11-06T08:54:28.126+0000] {processor.py:839} INFO - DAG(s) dict_keys(['latest_only_with_trigger']) retrieved from /home/airflow/.local/lib/python3.8/site-packages/airflow/example_dags/example_latest_only_with_trigger.py
[2024-11-06T08:54:28.136+0000] {logging_mixin.py:154} INFO - [2024-11-06T08:54:28.136+0000] {dag.py:2941} INFO - Sync 1 DAGs
[2024-11-06T08:54:28.147+0000] {logging_mixin.py:154} INFO - [2024-11-06T08:54:28.146+0000] {dag.py:3722} INFO - Setting next_dagrun for latest_only_with_trigger to 2024-11-06T04:54:28.146831+00:00, run_after=2024-11-06T08:54:28.146831+00:00
[2024-11-06T08:54:28.231+0000] {processor.py:179} INFO - Processing /home/airflow/.local/lib/python3.8/site-packages/airflow/example_dags/example_latest_only_with_trigger.py took 0.110 seconds
[2024-11-06T08:54:58.828+0000] {processor.py:157} INFO - Started process (PID=1308) to work on /home/airflow/.local/lib/python3.8/site-packages/airflow/example_dags/example_latest_only_with_trigger.py
[2024-11-06T08:54:58.828+0000] {processor.py:829} INFO - Processing file /home/airflow/.local/lib/python3.8/site-packages/airflow/example_dags/example_latest_only_with_trigger.py for tasks to queue
[2024-11-06T08:54:58.829+0000] {logging_mixin.py:154} INFO - [2024-11-06T08:54:58.829+0000] {dagbag.py:536} INFO - Filling up the DagBag from /home/airflow/.local/lib/python3.8/site-packages/airflow/example_dags/example_latest_only_with_trigger.py
[2024-11-06T08:54:58.834+0000] {processor.py:839} INFO - DAG(s) dict_keys(['latest_only_with_trigger']) retrieved from /home/airflow/.local/lib/python3.8/site-packages/airflow/example_dags/example_latest_only_with_trigger.py
[2024-11-06T08:54:58.843+0000] {logging_mixin.py:154} INFO - [2024-11-06T08:54:58.843+0000] {dag.py:2941} INFO - Sync 1 DAGs
[2024-11-06T08:54:58.851+0000] {logging_mixin.py:154} INFO - [2024-11-06T08:54:58.851+0000] {dag.py:3722} INFO - Setting next_dagrun for latest_only_with_trigger to 2024-11-06T04:54:58.851696+00:00, run_after=2024-11-06T08:54:58.851696+00:00
[2024-11-06T08:54:58.858+0000] {processor.py:179} INFO - Processing /home/airflow/.local/lib/python3.8/site-packages/airflow/example_dags/example_latest_only_with_trigger.py took 0.032 seconds
[2024-11-06T08:55:29.679+0000] {processor.py:157} INFO - Started process (PID=1362) to work on /home/airflow/.local/lib/python3.8/site-packages/airflow/example_dags/example_latest_only_with_trigger.py
[2024-11-06T08:55:29.680+0000] {processor.py:829} INFO - Processing file /home/airflow/.local/lib/python3.8/site-packages/airflow/example_dags/example_latest_only_with_trigger.py for tasks to queue
[2024-11-06T08:55:29.681+0000] {logging_mixin.py:154} INFO - [2024-11-06T08:55:29.681+0000] {dagbag.py:536} INFO - Filling up the DagBag from /home/airflow/.local/lib/python3.8/site-packages/airflow/example_dags/example_latest_only_with_trigger.py
[2024-11-06T08:55:29.684+0000] {processor.py:839} INFO - DAG(s) dict_keys(['latest_only_with_trigger']) retrieved from /home/airflow/.local/lib/python3.8/site-packages/airflow/example_dags/example_latest_only_with_trigger.py
[2024-11-06T08:55:29.693+0000] {logging_mixin.py:154} INFO - [2024-11-06T08:55:29.693+0000] {dag.py:2941} INFO - Sync 1 DAGs
[2024-11-06T08:55:29.705+0000] {logging_mixin.py:154} INFO - [2024-11-06T08:55:29.705+0000] {dag.py:3722} INFO - Setting next_dagrun for latest_only_with_trigger to 2024-11-06T04:55:29.705317+00:00, run_after=2024-11-06T08:55:29.705317+00:00
[2024-11-06T08:55:29.712+0000] {processor.py:179} INFO - Processing /home/airflow/.local/lib/python3.8/site-packages/airflow/example_dags/example_latest_only_with_trigger.py took 0.034 seconds
[2024-11-06T08:56:00.327+0000] {processor.py:157} INFO - Started process (PID=1416) to work on /home/airflow/.local/lib/python3.8/site-packages/airflow/example_dags/example_latest_only_with_trigger.py
[2024-11-06T08:56:00.328+0000] {processor.py:829} INFO - Processing file /home/airflow/.local/lib/python3.8/site-packages/airflow/example_dags/example_latest_only_with_trigger.py for tasks to queue
[2024-11-06T08:56:00.329+0000] {logging_mixin.py:154} INFO - [2024-11-06T08:56:00.329+0000] {dagbag.py:536} INFO - Filling up the DagBag from /home/airflow/.local/lib/python3.8/site-packages/airflow/example_dags/example_latest_only_with_trigger.py
[2024-11-06T08:56:00.331+0000] {processor.py:839} INFO - DAG(s) dict_keys(['latest_only_with_trigger']) retrieved from /home/airflow/.local/lib/python3.8/site-packages/airflow/example_dags/example_latest_only_with_trigger.py
[2024-11-06T08:56:00.342+0000] {logging_mixin.py:154} INFO - [2024-11-06T08:56:00.342+0000] {dag.py:2941} INFO - Sync 1 DAGs
[2024-11-06T08:56:00.353+0000] {logging_mixin.py:154} INFO - [2024-11-06T08:56:00.353+0000] {dag.py:3722} INFO - Setting next_dagrun for latest_only_with_trigger to 2024-11-06T04:56:00.353755+00:00, run_after=2024-11-06T08:56:00.353755+00:00
[2024-11-06T08:56:00.438+0000] {processor.py:179} INFO - Processing /home/airflow/.local/lib/python3.8/site-packages/airflow/example_dags/example_latest_only_with_trigger.py took 0.112 seconds
[2024-11-06T08:56:30.552+0000] {processor.py:157} INFO - Started process (PID=1470) to work on /home/airflow/.local/lib/python3.8/site-packages/airflow/example_dags/example_latest_only_with_trigger.py
[2024-11-06T08:56:30.552+0000] {processor.py:829} INFO - Processing file /home/airflow/.local/lib/python3.8/site-packages/airflow/example_dags/example_latest_only_with_trigger.py for tasks to queue
[2024-11-06T08:56:30.553+0000] {logging_mixin.py:154} INFO - [2024-11-06T08:56:30.553+0000] {dagbag.py:536} INFO - Filling up the DagBag from /home/airflow/.local/lib/python3.8/site-packages/airflow/example_dags/example_latest_only_with_trigger.py
[2024-11-06T08:56:30.556+0000] {processor.py:839} INFO - DAG(s) dict_keys(['latest_only_with_trigger']) retrieved from /home/airflow/.local/lib/python3.8/site-packages/airflow/example_dags/example_latest_only_with_trigger.py
[2024-11-06T08:56:30.565+0000] {logging_mixin.py:154} INFO - [2024-11-06T08:56:30.565+0000] {dag.py:2941} INFO - Sync 1 DAGs
[2024-11-06T08:56:30.573+0000] {logging_mixin.py:154} INFO - [2024-11-06T08:56:30.573+0000] {dag.py:3722} INFO - Setting next_dagrun for latest_only_with_trigger to 2024-11-06T04:56:30.573053+00:00, run_after=2024-11-06T08:56:30.573053+00:00
[2024-11-06T08:56:30.579+0000] {processor.py:179} INFO - Processing /home/airflow/.local/lib/python3.8/site-packages/airflow/example_dags/example_latest_only_with_trigger.py took 0.028 seconds
[2024-11-06T08:57:01.697+0000] {processor.py:157} INFO - Started process (PID=1524) to work on /home/airflow/.local/lib/python3.8/site-packages/airflow/example_dags/example_latest_only_with_trigger.py
[2024-11-06T08:57:01.697+0000] {processor.py:829} INFO - Processing file /home/airflow/.local/lib/python3.8/site-packages/airflow/example_dags/example_latest_only_with_trigger.py for tasks to queue
[2024-11-06T08:57:01.698+0000] {logging_mixin.py:154} INFO - [2024-11-06T08:57:01.698+0000] {dagbag.py:536} INFO - Filling up the DagBag from /home/airflow/.local/lib/python3.8/site-packages/airflow/example_dags/example_latest_only_with_trigger.py
[2024-11-06T08:57:01.702+0000] {processor.py:839} INFO - DAG(s) dict_keys(['latest_only_with_trigger']) retrieved from /home/airflow/.local/lib/python3.8/site-packages/airflow/example_dags/example_latest_only_with_trigger.py
[2024-11-06T08:57:01.792+0000] {logging_mixin.py:154} INFO - [2024-11-06T08:57:01.792+0000] {dag.py:2941} INFO - Sync 1 DAGs
[2024-11-06T08:57:01.801+0000] {logging_mixin.py:154} INFO - [2024-11-06T08:57:01.801+0000] {dag.py:3722} INFO - Setting next_dagrun for latest_only_with_trigger to 2024-11-06T04:57:01.801212+00:00, run_after=2024-11-06T08:57:01.801212+00:00
[2024-11-06T08:57:01.810+0000] {processor.py:179} INFO - Processing /home/airflow/.local/lib/python3.8/site-packages/airflow/example_dags/example_latest_only_with_trigger.py took 0.115 seconds
[2024-11-06T08:57:31.914+0000] {processor.py:157} INFO - Started process (PID=1578) to work on /home/airflow/.local/lib/python3.8/site-packages/airflow/example_dags/example_latest_only_with_trigger.py
[2024-11-06T08:57:31.914+0000] {processor.py:829} INFO - Processing file /home/airflow/.local/lib/python3.8/site-packages/airflow/example_dags/example_latest_only_with_trigger.py for tasks to queue
[2024-11-06T08:57:31.915+0000] {logging_mixin.py:154} INFO - [2024-11-06T08:57:31.915+0000] {dagbag.py:536} INFO - Filling up the DagBag from /home/airflow/.local/lib/python3.8/site-packages/airflow/example_dags/example_latest_only_with_trigger.py
[2024-11-06T08:57:31.917+0000] {processor.py:839} INFO - DAG(s) dict_keys(['latest_only_with_trigger']) retrieved from /home/airflow/.local/lib/python3.8/site-packages/airflow/example_dags/example_latest_only_with_trigger.py
[2024-11-06T08:57:31.927+0000] {logging_mixin.py:154} INFO - [2024-11-06T08:57:31.927+0000] {dag.py:2941} INFO - Sync 1 DAGs
[2024-11-06T08:57:31.936+0000] {logging_mixin.py:154} INFO - [2024-11-06T08:57:31.936+0000] {dag.py:3722} INFO - Setting next_dagrun for latest_only_with_trigger to 2024-11-06T04:57:31.936142+00:00, run_after=2024-11-06T08:57:31.936142+00:00
[2024-11-06T08:57:32.020+0000] {processor.py:179} INFO - Processing /home/airflow/.local/lib/python3.8/site-packages/airflow/example_dags/example_latest_only_with_trigger.py took 0.108 seconds
[2024-11-06T08:58:02.286+0000] {processor.py:157} INFO - Started process (PID=1631) to work on /home/airflow/.local/lib/python3.8/site-packages/airflow/example_dags/example_latest_only_with_trigger.py
[2024-11-06T08:58:02.286+0000] {processor.py:829} INFO - Processing file /home/airflow/.local/lib/python3.8/site-packages/airflow/example_dags/example_latest_only_with_trigger.py for tasks to queue
[2024-11-06T08:58:02.289+0000] {logging_mixin.py:154} INFO - [2024-11-06T08:58:02.289+0000] {dagbag.py:536} INFO - Filling up the DagBag from /home/airflow/.local/lib/python3.8/site-packages/airflow/example_dags/example_latest_only_with_trigger.py
[2024-11-06T08:58:02.294+0000] {processor.py:839} INFO - DAG(s) dict_keys(['latest_only_with_trigger']) retrieved from /home/airflow/.local/lib/python3.8/site-packages/airflow/example_dags/example_latest_only_with_trigger.py
[2024-11-06T08:58:02.304+0000] {logging_mixin.py:154} INFO - [2024-11-06T08:58:02.304+0000] {dag.py:2941} INFO - Sync 1 DAGs
[2024-11-06T08:58:02.314+0000] {logging_mixin.py:154} INFO - [2024-11-06T08:58:02.314+0000] {dag.py:3722} INFO - Setting next_dagrun for latest_only_with_trigger to 2024-11-06T04:58:02.314332+00:00, run_after=2024-11-06T08:58:02.314332+00:00
[2024-11-06T08:58:02.321+0000] {processor.py:179} INFO - Processing /home/airflow/.local/lib/python3.8/site-packages/airflow/example_dags/example_latest_only_with_trigger.py took 0.037 seconds
[2024-11-06T08:58:33.273+0000] {processor.py:157} INFO - Started process (PID=1685) to work on /home/airflow/.local/lib/python3.8/site-packages/airflow/example_dags/example_latest_only_with_trigger.py
[2024-11-06T08:58:33.274+0000] {processor.py:829} INFO - Processing file /home/airflow/.local/lib/python3.8/site-packages/airflow/example_dags/example_latest_only_with_trigger.py for tasks to queue
[2024-11-06T08:58:33.275+0000] {logging_mixin.py:154} INFO - [2024-11-06T08:58:33.275+0000] {dagbag.py:536} INFO - Filling up the DagBag from /home/airflow/.local/lib/python3.8/site-packages/airflow/example_dags/example_latest_only_with_trigger.py
[2024-11-06T08:58:33.277+0000] {processor.py:839} INFO - DAG(s) dict_keys(['latest_only_with_trigger']) retrieved from /home/airflow/.local/lib/python3.8/site-packages/airflow/example_dags/example_latest_only_with_trigger.py
[2024-11-06T08:58:33.360+0000] {logging_mixin.py:154} INFO - [2024-11-06T08:58:33.360+0000] {dag.py:2941} INFO - Sync 1 DAGs
[2024-11-06T08:58:33.368+0000] {logging_mixin.py:154} INFO - [2024-11-06T08:58:33.368+0000] {dag.py:3722} INFO - Setting next_dagrun for latest_only_with_trigger to 2024-11-06T04:58:33.368426+00:00, run_after=2024-11-06T08:58:33.368426+00:00
[2024-11-06T08:58:33.376+0000] {processor.py:179} INFO - Processing /home/airflow/.local/lib/python3.8/site-packages/airflow/example_dags/example_latest_only_with_trigger.py took 0.105 seconds
[2024-11-06T09:17:56.596+0000] {processor.py:157} INFO - Started process (PID=1730) to work on /home/airflow/.local/lib/python3.8/site-packages/airflow/example_dags/example_latest_only_with_trigger.py
[2024-11-06T09:17:56.597+0000] {processor.py:829} INFO - Processing file /home/airflow/.local/lib/python3.8/site-packages/airflow/example_dags/example_latest_only_with_trigger.py for tasks to queue
[2024-11-06T09:17:56.600+0000] {logging_mixin.py:154} INFO - [2024-11-06T09:17:56.600+0000] {dagbag.py:536} INFO - Filling up the DagBag from /home/airflow/.local/lib/python3.8/site-packages/airflow/example_dags/example_latest_only_with_trigger.py
[2024-11-06T09:17:56.607+0000] {processor.py:839} INFO - DAG(s) dict_keys(['latest_only_with_trigger']) retrieved from /home/airflow/.local/lib/python3.8/site-packages/airflow/example_dags/example_latest_only_with_trigger.py
[2024-11-06T09:17:56.635+0000] {logging_mixin.py:154} INFO - [2024-11-06T09:17:56.635+0000] {dag.py:2941} INFO - Sync 1 DAGs
[2024-11-06T09:17:56.661+0000] {logging_mixin.py:154} INFO - [2024-11-06T09:17:56.661+0000] {dag.py:3722} INFO - Setting next_dagrun for latest_only_with_trigger to 2024-11-06T05:17:56.660843+00:00, run_after=2024-11-06T09:17:56.660843+00:00
[2024-11-06T09:17:56.689+0000] {processor.py:179} INFO - Processing /home/airflow/.local/lib/python3.8/site-packages/airflow/example_dags/example_latest_only_with_trigger.py took 0.097 seconds
[2024-11-06T09:29:43.503+0000] {processor.py:157} INFO - Started process (PID=1784) to work on /home/airflow/.local/lib/python3.8/site-packages/airflow/example_dags/example_latest_only_with_trigger.py
[2024-11-06T09:29:43.503+0000] {processor.py:829} INFO - Processing file /home/airflow/.local/lib/python3.8/site-packages/airflow/example_dags/example_latest_only_with_trigger.py for tasks to queue
[2024-11-06T09:29:43.504+0000] {logging_mixin.py:154} INFO - [2024-11-06T09:29:43.504+0000] {dagbag.py:536} INFO - Filling up the DagBag from /home/airflow/.local/lib/python3.8/site-packages/airflow/example_dags/example_latest_only_with_trigger.py
[2024-11-06T09:29:43.507+0000] {processor.py:839} INFO - DAG(s) dict_keys(['latest_only_with_trigger']) retrieved from /home/airflow/.local/lib/python3.8/site-packages/airflow/example_dags/example_latest_only_with_trigger.py
[2024-11-06T09:29:43.515+0000] {logging_mixin.py:154} INFO - [2024-11-06T09:29:43.515+0000] {dag.py:2941} INFO - Sync 1 DAGs
[2024-11-06T09:29:43.523+0000] {logging_mixin.py:154} INFO - [2024-11-06T09:29:43.523+0000] {dag.py:3722} INFO - Setting next_dagrun for latest_only_with_trigger to 2024-11-06T05:29:43.523511+00:00, run_after=2024-11-06T09:29:43.523511+00:00
[2024-11-06T09:29:43.529+0000] {processor.py:179} INFO - Processing /home/airflow/.local/lib/python3.8/site-packages/airflow/example_dags/example_latest_only_with_trigger.py took 0.028 seconds
[2024-11-06T10:28:13.059+0000] {processor.py:157} INFO - Started process (PID=1838) to work on /home/airflow/.local/lib/python3.8/site-packages/airflow/example_dags/example_latest_only_with_trigger.py
[2024-11-06T10:28:13.060+0000] {processor.py:829} INFO - Processing file /home/airflow/.local/lib/python3.8/site-packages/airflow/example_dags/example_latest_only_with_trigger.py for tasks to queue
[2024-11-06T10:28:13.063+0000] {logging_mixin.py:154} INFO - [2024-11-06T10:28:13.063+0000] {dagbag.py:536} INFO - Filling up the DagBag from /home/airflow/.local/lib/python3.8/site-packages/airflow/example_dags/example_latest_only_with_trigger.py
[2024-11-06T10:28:13.070+0000] {processor.py:839} INFO - DAG(s) dict_keys(['latest_only_with_trigger']) retrieved from /home/airflow/.local/lib/python3.8/site-packages/airflow/example_dags/example_latest_only_with_trigger.py
[2024-11-06T10:28:13.093+0000] {logging_mixin.py:154} INFO - [2024-11-06T10:28:13.093+0000] {dag.py:2941} INFO - Sync 1 DAGs
[2024-11-06T10:28:13.115+0000] {logging_mixin.py:154} INFO - [2024-11-06T10:28:13.114+0000] {dag.py:3722} INFO - Setting next_dagrun for latest_only_with_trigger to 2024-11-06T06:28:13.114567+00:00, run_after=2024-11-06T10:28:13.114567+00:00
[2024-11-06T10:28:13.137+0000] {processor.py:179} INFO - Processing /home/airflow/.local/lib/python3.8/site-packages/airflow/example_dags/example_latest_only_with_trigger.py took 0.081 seconds
[2024-11-06T11:31:03.254+0000] {processor.py:157} INFO - Started process (PID=1892) to work on /home/airflow/.local/lib/python3.8/site-packages/airflow/example_dags/example_latest_only_with_trigger.py
[2024-11-06T11:31:03.255+0000] {processor.py:829} INFO - Processing file /home/airflow/.local/lib/python3.8/site-packages/airflow/example_dags/example_latest_only_with_trigger.py for tasks to queue
[2024-11-06T11:31:03.257+0000] {logging_mixin.py:154} INFO - [2024-11-06T11:31:03.257+0000] {dagbag.py:536} INFO - Filling up the DagBag from /home/airflow/.local/lib/python3.8/site-packages/airflow/example_dags/example_latest_only_with_trigger.py
[2024-11-06T11:31:03.262+0000] {processor.py:839} INFO - DAG(s) dict_keys(['latest_only_with_trigger']) retrieved from /home/airflow/.local/lib/python3.8/site-packages/airflow/example_dags/example_latest_only_with_trigger.py
[2024-11-06T11:31:03.284+0000] {logging_mixin.py:154} INFO - [2024-11-06T11:31:03.284+0000] {dag.py:2941} INFO - Sync 1 DAGs
[2024-11-06T11:31:03.305+0000] {logging_mixin.py:154} INFO - [2024-11-06T11:31:03.305+0000] {dag.py:3722} INFO - Setting next_dagrun for latest_only_with_trigger to 2024-11-06T07:31:03.304886+00:00, run_after=2024-11-06T11:31:03.304886+00:00
[2024-11-06T11:31:03.329+0000] {processor.py:179} INFO - Processing /home/airflow/.local/lib/python3.8/site-packages/airflow/example_dags/example_latest_only_with_trigger.py took 0.078 seconds
[2024-11-06T11:59:49.978+0000] {processor.py:157} INFO - Started process (PID=1946) to work on /home/airflow/.local/lib/python3.8/site-packages/airflow/example_dags/example_latest_only_with_trigger.py
[2024-11-06T11:59:49.979+0000] {processor.py:829} INFO - Processing file /home/airflow/.local/lib/python3.8/site-packages/airflow/example_dags/example_latest_only_with_trigger.py for tasks to queue
[2024-11-06T11:59:49.981+0000] {logging_mixin.py:154} INFO - [2024-11-06T11:59:49.981+0000] {dagbag.py:536} INFO - Filling up the DagBag from /home/airflow/.local/lib/python3.8/site-packages/airflow/example_dags/example_latest_only_with_trigger.py
[2024-11-06T11:59:49.985+0000] {processor.py:839} INFO - DAG(s) dict_keys(['latest_only_with_trigger']) retrieved from /home/airflow/.local/lib/python3.8/site-packages/airflow/example_dags/example_latest_only_with_trigger.py
[2024-11-06T11:59:50.006+0000] {logging_mixin.py:154} INFO - [2024-11-06T11:59:50.005+0000] {dag.py:2941} INFO - Sync 1 DAGs
[2024-11-06T11:59:50.023+0000] {logging_mixin.py:154} INFO - [2024-11-06T11:59:50.022+0000] {dag.py:3722} INFO - Setting next_dagrun for latest_only_with_trigger to 2024-11-06T07:59:50.022866+00:00, run_after=2024-11-06T11:59:50.022866+00:00
[2024-11-06T11:59:50.048+0000] {processor.py:179} INFO - Processing /home/airflow/.local/lib/python3.8/site-packages/airflow/example_dags/example_latest_only_with_trigger.py took 0.072 seconds
[2024-11-06T12:50:47.051+0000] {processor.py:157} INFO - Started process (PID=2000) to work on /home/airflow/.local/lib/python3.8/site-packages/airflow/example_dags/example_latest_only_with_trigger.py
[2024-11-06T12:50:47.053+0000] {processor.py:829} INFO - Processing file /home/airflow/.local/lib/python3.8/site-packages/airflow/example_dags/example_latest_only_with_trigger.py for tasks to queue
[2024-11-06T12:50:47.053+0000] {logging_mixin.py:154} INFO - [2024-11-06T12:50:47.053+0000] {dagbag.py:536} INFO - Filling up the DagBag from /home/airflow/.local/lib/python3.8/site-packages/airflow/example_dags/example_latest_only_with_trigger.py
[2024-11-06T12:50:47.056+0000] {processor.py:839} INFO - DAG(s) dict_keys(['latest_only_with_trigger']) retrieved from /home/airflow/.local/lib/python3.8/site-packages/airflow/example_dags/example_latest_only_with_trigger.py
[2024-11-06T12:50:47.067+0000] {logging_mixin.py:154} INFO - [2024-11-06T12:50:47.067+0000] {dag.py:2941} INFO - Sync 1 DAGs
[2024-11-06T12:50:47.076+0000] {logging_mixin.py:154} INFO - [2024-11-06T12:50:47.076+0000] {dag.py:3722} INFO - Setting next_dagrun for latest_only_with_trigger to 2024-11-06T08:50:47.076745+00:00, run_after=2024-11-06T12:50:47.076745+00:00
[2024-11-06T12:50:47.085+0000] {processor.py:179} INFO - Processing /home/airflow/.local/lib/python3.8/site-packages/airflow/example_dags/example_latest_only_with_trigger.py took 0.035 seconds
[2024-11-06T12:52:35.246+0000] {processor.py:157} INFO - Started process (PID=2054) to work on /home/airflow/.local/lib/python3.8/site-packages/airflow/example_dags/example_latest_only_with_trigger.py
[2024-11-06T12:52:35.248+0000] {processor.py:829} INFO - Processing file /home/airflow/.local/lib/python3.8/site-packages/airflow/example_dags/example_latest_only_with_trigger.py for tasks to queue
[2024-11-06T12:52:35.250+0000] {logging_mixin.py:154} INFO - [2024-11-06T12:52:35.250+0000] {dagbag.py:536} INFO - Filling up the DagBag from /home/airflow/.local/lib/python3.8/site-packages/airflow/example_dags/example_latest_only_with_trigger.py
[2024-11-06T12:52:35.253+0000] {processor.py:839} INFO - DAG(s) dict_keys(['latest_only_with_trigger']) retrieved from /home/airflow/.local/lib/python3.8/site-packages/airflow/example_dags/example_latest_only_with_trigger.py
[2024-11-06T12:52:35.264+0000] {logging_mixin.py:154} INFO - [2024-11-06T12:52:35.264+0000] {dag.py:2941} INFO - Sync 1 DAGs
[2024-11-06T12:52:35.276+0000] {logging_mixin.py:154} INFO - [2024-11-06T12:52:35.276+0000] {dag.py:3722} INFO - Setting next_dagrun for latest_only_with_trigger to 2024-11-06T08:52:35.276225+00:00, run_after=2024-11-06T12:52:35.276225+00:00
[2024-11-06T12:52:35.285+0000] {processor.py:179} INFO - Processing /home/airflow/.local/lib/python3.8/site-packages/airflow/example_dags/example_latest_only_with_trigger.py took 0.041 seconds
[2024-11-06T13:07:16.599+0000] {processor.py:157} INFO - Started process (PID=2108) to work on /home/airflow/.local/lib/python3.8/site-packages/airflow/example_dags/example_latest_only_with_trigger.py
[2024-11-06T13:07:16.600+0000] {processor.py:829} INFO - Processing file /home/airflow/.local/lib/python3.8/site-packages/airflow/example_dags/example_latest_only_with_trigger.py for tasks to queue
[2024-11-06T13:07:16.601+0000] {logging_mixin.py:154} INFO - [2024-11-06T13:07:16.600+0000] {dagbag.py:536} INFO - Filling up the DagBag from /home/airflow/.local/lib/python3.8/site-packages/airflow/example_dags/example_latest_only_with_trigger.py
[2024-11-06T13:07:16.604+0000] {processor.py:839} INFO - DAG(s) dict_keys(['latest_only_with_trigger']) retrieved from /home/airflow/.local/lib/python3.8/site-packages/airflow/example_dags/example_latest_only_with_trigger.py
[2024-11-06T13:07:16.615+0000] {logging_mixin.py:154} INFO - [2024-11-06T13:07:16.615+0000] {dag.py:2941} INFO - Sync 1 DAGs
[2024-11-06T13:07:16.626+0000] {logging_mixin.py:154} INFO - [2024-11-06T13:07:16.626+0000] {dag.py:3722} INFO - Setting next_dagrun for latest_only_with_trigger to 2024-11-06T09:07:16.625903+00:00, run_after=2024-11-06T13:07:16.625903+00:00
[2024-11-06T13:07:16.634+0000] {processor.py:179} INFO - Processing /home/airflow/.local/lib/python3.8/site-packages/airflow/example_dags/example_latest_only_with_trigger.py took 0.037 seconds
[2024-11-06T13:47:31.304+0000] {processor.py:157} INFO - Started process (PID=2162) to work on /home/airflow/.local/lib/python3.8/site-packages/airflow/example_dags/example_latest_only_with_trigger.py
[2024-11-06T13:47:31.306+0000] {processor.py:829} INFO - Processing file /home/airflow/.local/lib/python3.8/site-packages/airflow/example_dags/example_latest_only_with_trigger.py for tasks to queue
[2024-11-06T13:47:31.308+0000] {logging_mixin.py:154} INFO - [2024-11-06T13:47:31.308+0000] {dagbag.py:536} INFO - Filling up the DagBag from /home/airflow/.local/lib/python3.8/site-packages/airflow/example_dags/example_latest_only_with_trigger.py
[2024-11-06T13:47:31.315+0000] {processor.py:839} INFO - DAG(s) dict_keys(['latest_only_with_trigger']) retrieved from /home/airflow/.local/lib/python3.8/site-packages/airflow/example_dags/example_latest_only_with_trigger.py
[2024-11-06T13:47:31.338+0000] {logging_mixin.py:154} INFO - [2024-11-06T13:47:31.337+0000] {dag.py:2941} INFO - Sync 1 DAGs
[2024-11-06T13:47:31.359+0000] {logging_mixin.py:154} INFO - [2024-11-06T13:47:31.359+0000] {dag.py:3722} INFO - Setting next_dagrun for latest_only_with_trigger to 2024-11-06T09:47:31.358913+00:00, run_after=2024-11-06T13:47:31.358913+00:00
[2024-11-06T13:47:31.381+0000] {processor.py:179} INFO - Processing /home/airflow/.local/lib/python3.8/site-packages/airflow/example_dags/example_latest_only_with_trigger.py took 0.080 seconds
[2024-11-06T13:55:17.171+0000] {processor.py:157} INFO - Started process (PID=2216) to work on /home/airflow/.local/lib/python3.8/site-packages/airflow/example_dags/example_latest_only_with_trigger.py
[2024-11-06T13:55:17.172+0000] {processor.py:829} INFO - Processing file /home/airflow/.local/lib/python3.8/site-packages/airflow/example_dags/example_latest_only_with_trigger.py for tasks to queue
[2024-11-06T13:55:17.174+0000] {logging_mixin.py:154} INFO - [2024-11-06T13:55:17.174+0000] {dagbag.py:536} INFO - Filling up the DagBag from /home/airflow/.local/lib/python3.8/site-packages/airflow/example_dags/example_latest_only_with_trigger.py
[2024-11-06T13:55:17.180+0000] {processor.py:839} INFO - DAG(s) dict_keys(['latest_only_with_trigger']) retrieved from /home/airflow/.local/lib/python3.8/site-packages/airflow/example_dags/example_latest_only_with_trigger.py
[2024-11-06T13:55:17.206+0000] {logging_mixin.py:154} INFO - [2024-11-06T13:55:17.206+0000] {dag.py:2941} INFO - Sync 1 DAGs
[2024-11-06T13:55:17.232+0000] {logging_mixin.py:154} INFO - [2024-11-06T13:55:17.231+0000] {dag.py:3722} INFO - Setting next_dagrun for latest_only_with_trigger to 2024-11-06T09:55:17.231718+00:00, run_after=2024-11-06T13:55:17.231718+00:00
[2024-11-06T13:55:17.247+0000] {processor.py:179} INFO - Processing /home/airflow/.local/lib/python3.8/site-packages/airflow/example_dags/example_latest_only_with_trigger.py took 0.077 seconds
[2024-11-06T14:00:21.413+0000] {processor.py:157} INFO - Started process (PID=2270) to work on /home/airflow/.local/lib/python3.8/site-packages/airflow/example_dags/example_latest_only_with_trigger.py
[2024-11-06T14:00:21.414+0000] {processor.py:829} INFO - Processing file /home/airflow/.local/lib/python3.8/site-packages/airflow/example_dags/example_latest_only_with_trigger.py for tasks to queue
[2024-11-06T14:00:21.418+0000] {logging_mixin.py:154} INFO - [2024-11-06T14:00:21.418+0000] {dagbag.py:536} INFO - Filling up the DagBag from /home/airflow/.local/lib/python3.8/site-packages/airflow/example_dags/example_latest_only_with_trigger.py
[2024-11-06T14:00:21.425+0000] {processor.py:839} INFO - DAG(s) dict_keys(['latest_only_with_trigger']) retrieved from /home/airflow/.local/lib/python3.8/site-packages/airflow/example_dags/example_latest_only_with_trigger.py
[2024-11-06T14:00:21.452+0000] {logging_mixin.py:154} INFO - [2024-11-06T14:00:21.452+0000] {dag.py:2941} INFO - Sync 1 DAGs
[2024-11-06T14:00:21.472+0000] {logging_mixin.py:154} INFO - [2024-11-06T14:00:21.472+0000] {dag.py:3722} INFO - Setting next_dagrun for latest_only_with_trigger to 2024-11-06T10:00:21.472122+00:00, run_after=2024-11-06T14:00:21.472122+00:00
[2024-11-06T14:00:21.493+0000] {processor.py:179} INFO - Processing /home/airflow/.local/lib/python3.8/site-packages/airflow/example_dags/example_latest_only_with_trigger.py took 0.084 seconds
[2024-11-06T14:05:41.915+0000] {processor.py:157} INFO - Started process (PID=2324) to work on /home/airflow/.local/lib/python3.8/site-packages/airflow/example_dags/example_latest_only_with_trigger.py
[2024-11-06T14:05:41.917+0000] {processor.py:829} INFO - Processing file /home/airflow/.local/lib/python3.8/site-packages/airflow/example_dags/example_latest_only_with_trigger.py for tasks to queue
[2024-11-06T14:05:41.918+0000] {logging_mixin.py:154} INFO - [2024-11-06T14:05:41.918+0000] {dagbag.py:536} INFO - Filling up the DagBag from /home/airflow/.local/lib/python3.8/site-packages/airflow/example_dags/example_latest_only_with_trigger.py
[2024-11-06T14:05:41.921+0000] {processor.py:839} INFO - DAG(s) dict_keys(['latest_only_with_trigger']) retrieved from /home/airflow/.local/lib/python3.8/site-packages/airflow/example_dags/example_latest_only_with_trigger.py
[2024-11-06T14:05:41.931+0000] {logging_mixin.py:154} INFO - [2024-11-06T14:05:41.931+0000] {dag.py:2941} INFO - Sync 1 DAGs
[2024-11-06T14:05:41.942+0000] {logging_mixin.py:154} INFO - [2024-11-06T14:05:41.942+0000] {dag.py:3722} INFO - Setting next_dagrun for latest_only_with_trigger to 2024-11-06T10:05:41.941900+00:00, run_after=2024-11-06T14:05:41.941900+00:00
[2024-11-06T14:05:41.954+0000] {processor.py:179} INFO - Processing /home/airflow/.local/lib/python3.8/site-packages/airflow/example_dags/example_latest_only_with_trigger.py took 0.041 seconds
[2024-11-06T14:09:56.010+0000] {processor.py:157} INFO - Started process (PID=2378) to work on /home/airflow/.local/lib/python3.8/site-packages/airflow/example_dags/example_latest_only_with_trigger.py
[2024-11-06T14:09:56.013+0000] {processor.py:829} INFO - Processing file /home/airflow/.local/lib/python3.8/site-packages/airflow/example_dags/example_latest_only_with_trigger.py for tasks to queue
[2024-11-06T14:09:56.015+0000] {logging_mixin.py:154} INFO - [2024-11-06T14:09:56.015+0000] {dagbag.py:536} INFO - Filling up the DagBag from /home/airflow/.local/lib/python3.8/site-packages/airflow/example_dags/example_latest_only_with_trigger.py
[2024-11-06T14:09:56.021+0000] {processor.py:839} INFO - DAG(s) dict_keys(['latest_only_with_trigger']) retrieved from /home/airflow/.local/lib/python3.8/site-packages/airflow/example_dags/example_latest_only_with_trigger.py
[2024-11-06T14:09:56.041+0000] {logging_mixin.py:154} INFO - [2024-11-06T14:09:56.041+0000] {dag.py:2941} INFO - Sync 1 DAGs
[2024-11-06T14:09:56.063+0000] {logging_mixin.py:154} INFO - [2024-11-06T14:09:56.063+0000] {dag.py:3722} INFO - Setting next_dagrun for latest_only_with_trigger to 2024-11-06T10:09:56.063634+00:00, run_after=2024-11-06T14:09:56.063634+00:00
[2024-11-06T14:09:56.094+0000] {processor.py:179} INFO - Processing /home/airflow/.local/lib/python3.8/site-packages/airflow/example_dags/example_latest_only_with_trigger.py took 0.089 seconds
[2024-11-06T14:16:57.341+0000] {processor.py:157} INFO - Started process (PID=2432) to work on /home/airflow/.local/lib/python3.8/site-packages/airflow/example_dags/example_latest_only_with_trigger.py
[2024-11-06T14:16:57.342+0000] {processor.py:829} INFO - Processing file /home/airflow/.local/lib/python3.8/site-packages/airflow/example_dags/example_latest_only_with_trigger.py for tasks to queue
[2024-11-06T14:16:57.343+0000] {logging_mixin.py:154} INFO - [2024-11-06T14:16:57.343+0000] {dagbag.py:536} INFO - Filling up the DagBag from /home/airflow/.local/lib/python3.8/site-packages/airflow/example_dags/example_latest_only_with_trigger.py
[2024-11-06T14:16:57.346+0000] {processor.py:839} INFO - DAG(s) dict_keys(['latest_only_with_trigger']) retrieved from /home/airflow/.local/lib/python3.8/site-packages/airflow/example_dags/example_latest_only_with_trigger.py
[2024-11-06T14:16:57.355+0000] {logging_mixin.py:154} INFO - [2024-11-06T14:16:57.355+0000] {dag.py:2941} INFO - Sync 1 DAGs
[2024-11-06T14:16:57.364+0000] {logging_mixin.py:154} INFO - [2024-11-06T14:16:57.364+0000] {dag.py:3722} INFO - Setting next_dagrun for latest_only_with_trigger to 2024-11-06T10:16:57.364429+00:00, run_after=2024-11-06T14:16:57.364429+00:00
[2024-11-06T14:16:57.371+0000] {processor.py:179} INFO - Processing /home/airflow/.local/lib/python3.8/site-packages/airflow/example_dags/example_latest_only_with_trigger.py took 0.031 seconds
[2024-11-06T14:23:14.983+0000] {processor.py:157} INFO - Started process (PID=2486) to work on /home/airflow/.local/lib/python3.8/site-packages/airflow/example_dags/example_latest_only_with_trigger.py
[2024-11-06T14:23:14.983+0000] {processor.py:829} INFO - Processing file /home/airflow/.local/lib/python3.8/site-packages/airflow/example_dags/example_latest_only_with_trigger.py for tasks to queue
[2024-11-06T14:23:14.988+0000] {logging_mixin.py:154} INFO - [2024-11-06T14:23:14.988+0000] {dagbag.py:536} INFO - Filling up the DagBag from /home/airflow/.local/lib/python3.8/site-packages/airflow/example_dags/example_latest_only_with_trigger.py
[2024-11-06T14:23:14.994+0000] {processor.py:839} INFO - DAG(s) dict_keys(['latest_only_with_trigger']) retrieved from /home/airflow/.local/lib/python3.8/site-packages/airflow/example_dags/example_latest_only_with_trigger.py
[2024-11-06T14:23:15.014+0000] {logging_mixin.py:154} INFO - [2024-11-06T14:23:15.013+0000] {dag.py:2941} INFO - Sync 1 DAGs
[2024-11-06T14:23:15.037+0000] {logging_mixin.py:154} INFO - [2024-11-06T14:23:15.036+0000] {dag.py:3722} INFO - Setting next_dagrun for latest_only_with_trigger to 2024-11-06T10:23:15.036673+00:00, run_after=2024-11-06T14:23:15.036673+00:00
[2024-11-06T14:23:15.061+0000] {processor.py:179} INFO - Processing /home/airflow/.local/lib/python3.8/site-packages/airflow/example_dags/example_latest_only_with_trigger.py took 0.082 seconds
[2024-11-06T14:31:01.474+0000] {processor.py:157} INFO - Started process (PID=2539) to work on /home/airflow/.local/lib/python3.8/site-packages/airflow/example_dags/example_latest_only_with_trigger.py
[2024-11-06T14:31:01.478+0000] {processor.py:829} INFO - Processing file /home/airflow/.local/lib/python3.8/site-packages/airflow/example_dags/example_latest_only_with_trigger.py for tasks to queue
[2024-11-06T14:31:01.480+0000] {logging_mixin.py:154} INFO - [2024-11-06T14:31:01.480+0000] {dagbag.py:536} INFO - Filling up the DagBag from /home/airflow/.local/lib/python3.8/site-packages/airflow/example_dags/example_latest_only_with_trigger.py
[2024-11-06T14:31:01.488+0000] {processor.py:839} INFO - DAG(s) dict_keys(['latest_only_with_trigger']) retrieved from /home/airflow/.local/lib/python3.8/site-packages/airflow/example_dags/example_latest_only_with_trigger.py
[2024-11-06T14:31:01.515+0000] {logging_mixin.py:154} INFO - [2024-11-06T14:31:01.515+0000] {dag.py:2941} INFO - Sync 1 DAGs
[2024-11-06T14:31:01.544+0000] {logging_mixin.py:154} INFO - [2024-11-06T14:31:01.544+0000] {dag.py:3722} INFO - Setting next_dagrun for latest_only_with_trigger to 2024-11-06T10:31:01.544001+00:00, run_after=2024-11-06T14:31:01.544001+00:00
[2024-11-06T14:31:01.568+0000] {processor.py:179} INFO - Processing /home/airflow/.local/lib/python3.8/site-packages/airflow/example_dags/example_latest_only_with_trigger.py took 0.097 seconds
[2024-11-06T14:36:36.297+0000] {processor.py:157} INFO - Started process (PID=2592) to work on /home/airflow/.local/lib/python3.8/site-packages/airflow/example_dags/example_latest_only_with_trigger.py
[2024-11-06T14:36:36.301+0000] {processor.py:829} INFO - Processing file /home/airflow/.local/lib/python3.8/site-packages/airflow/example_dags/example_latest_only_with_trigger.py for tasks to queue
[2024-11-06T14:36:36.304+0000] {logging_mixin.py:154} INFO - [2024-11-06T14:36:36.304+0000] {dagbag.py:536} INFO - Filling up the DagBag from /home/airflow/.local/lib/python3.8/site-packages/airflow/example_dags/example_latest_only_with_trigger.py
[2024-11-06T14:36:36.307+0000] {processor.py:839} INFO - DAG(s) dict_keys(['latest_only_with_trigger']) retrieved from /home/airflow/.local/lib/python3.8/site-packages/airflow/example_dags/example_latest_only_with_trigger.py
[2024-11-06T14:36:36.323+0000] {logging_mixin.py:154} INFO - [2024-11-06T14:36:36.322+0000] {dag.py:2941} INFO - Sync 1 DAGs
[2024-11-06T14:36:36.333+0000] {logging_mixin.py:154} INFO - [2024-11-06T14:36:36.333+0000] {dag.py:3722} INFO - Setting next_dagrun for latest_only_with_trigger to 2024-11-06T10:36:36.333187+00:00, run_after=2024-11-06T14:36:36.333187+00:00
[2024-11-06T14:36:36.342+0000] {processor.py:179} INFO - Processing /home/airflow/.local/lib/python3.8/site-packages/airflow/example_dags/example_latest_only_with_trigger.py took 0.048 seconds
[2024-11-06T15:02:52.296+0000] {processor.py:157} INFO - Started process (PID=2646) to work on /home/airflow/.local/lib/python3.8/site-packages/airflow/example_dags/example_latest_only_with_trigger.py
[2024-11-06T15:02:52.297+0000] {processor.py:829} INFO - Processing file /home/airflow/.local/lib/python3.8/site-packages/airflow/example_dags/example_latest_only_with_trigger.py for tasks to queue
[2024-11-06T15:02:52.302+0000] {logging_mixin.py:154} INFO - [2024-11-06T15:02:52.301+0000] {dagbag.py:536} INFO - Filling up the DagBag from /home/airflow/.local/lib/python3.8/site-packages/airflow/example_dags/example_latest_only_with_trigger.py
[2024-11-06T15:02:52.311+0000] {processor.py:839} INFO - DAG(s) dict_keys(['latest_only_with_trigger']) retrieved from /home/airflow/.local/lib/python3.8/site-packages/airflow/example_dags/example_latest_only_with_trigger.py
[2024-11-06T15:02:52.332+0000] {logging_mixin.py:154} INFO - [2024-11-06T15:02:52.332+0000] {dag.py:2941} INFO - Sync 1 DAGs
[2024-11-06T15:02:52.346+0000] {logging_mixin.py:154} INFO - [2024-11-06T15:02:52.346+0000] {dag.py:3722} INFO - Setting next_dagrun for latest_only_with_trigger to 2024-11-06T11:02:52.346499+00:00, run_after=2024-11-06T15:02:52.346499+00:00
[2024-11-06T15:02:52.378+0000] {processor.py:179} INFO - Processing /home/airflow/.local/lib/python3.8/site-packages/airflow/example_dags/example_latest_only_with_trigger.py took 0.086 seconds
[2024-11-06T15:37:16.781+0000] {processor.py:157} INFO - Started process (PID=2700) to work on /home/airflow/.local/lib/python3.8/site-packages/airflow/example_dags/example_latest_only_with_trigger.py
[2024-11-06T15:37:16.782+0000] {processor.py:829} INFO - Processing file /home/airflow/.local/lib/python3.8/site-packages/airflow/example_dags/example_latest_only_with_trigger.py for tasks to queue
[2024-11-06T15:37:16.783+0000] {logging_mixin.py:154} INFO - [2024-11-06T15:37:16.783+0000] {dagbag.py:536} INFO - Filling up the DagBag from /home/airflow/.local/lib/python3.8/site-packages/airflow/example_dags/example_latest_only_with_trigger.py
[2024-11-06T15:37:16.785+0000] {processor.py:839} INFO - DAG(s) dict_keys(['latest_only_with_trigger']) retrieved from /home/airflow/.local/lib/python3.8/site-packages/airflow/example_dags/example_latest_only_with_trigger.py
[2024-11-06T15:37:16.797+0000] {logging_mixin.py:154} INFO - [2024-11-06T15:37:16.797+0000] {dag.py:2941} INFO - Sync 1 DAGs
[2024-11-06T15:37:16.806+0000] {logging_mixin.py:154} INFO - [2024-11-06T15:37:16.806+0000] {dag.py:3722} INFO - Setting next_dagrun for latest_only_with_trigger to 2024-11-06T11:37:16.806806+00:00, run_after=2024-11-06T15:37:16.806806+00:00
[2024-11-06T15:37:16.816+0000] {processor.py:179} INFO - Processing /home/airflow/.local/lib/python3.8/site-packages/airflow/example_dags/example_latest_only_with_trigger.py took 0.037 seconds
[2024-11-06T15:48:09.122+0000] {processor.py:157} INFO - Started process (PID=2754) to work on /home/airflow/.local/lib/python3.8/site-packages/airflow/example_dags/example_latest_only_with_trigger.py
[2024-11-06T15:48:09.125+0000] {processor.py:829} INFO - Processing file /home/airflow/.local/lib/python3.8/site-packages/airflow/example_dags/example_latest_only_with_trigger.py for tasks to queue
[2024-11-06T15:48:09.127+0000] {logging_mixin.py:154} INFO - [2024-11-06T15:48:09.127+0000] {dagbag.py:536} INFO - Filling up the DagBag from /home/airflow/.local/lib/python3.8/site-packages/airflow/example_dags/example_latest_only_with_trigger.py
[2024-11-06T15:48:09.129+0000] {processor.py:839} INFO - DAG(s) dict_keys(['latest_only_with_trigger']) retrieved from /home/airflow/.local/lib/python3.8/site-packages/airflow/example_dags/example_latest_only_with_trigger.py
[2024-11-06T15:48:09.138+0000] {logging_mixin.py:154} INFO - [2024-11-06T15:48:09.138+0000] {dag.py:2941} INFO - Sync 1 DAGs
[2024-11-06T15:48:09.150+0000] {logging_mixin.py:154} INFO - [2024-11-06T15:48:09.150+0000] {dag.py:3722} INFO - Setting next_dagrun for latest_only_with_trigger to 2024-11-06T11:48:09.149999+00:00, run_after=2024-11-06T15:48:09.149999+00:00
[2024-11-06T15:48:09.159+0000] {processor.py:179} INFO - Processing /home/airflow/.local/lib/python3.8/site-packages/airflow/example_dags/example_latest_only_with_trigger.py took 0.039 seconds
[2024-11-06T16:49:03.311+0000] {processor.py:157} INFO - Started process (PID=2808) to work on /home/airflow/.local/lib/python3.8/site-packages/airflow/example_dags/example_latest_only_with_trigger.py
[2024-11-06T16:49:03.315+0000] {processor.py:829} INFO - Processing file /home/airflow/.local/lib/python3.8/site-packages/airflow/example_dags/example_latest_only_with_trigger.py for tasks to queue
[2024-11-06T16:49:03.319+0000] {logging_mixin.py:154} INFO - [2024-11-06T16:49:03.319+0000] {dagbag.py:536} INFO - Filling up the DagBag from /home/airflow/.local/lib/python3.8/site-packages/airflow/example_dags/example_latest_only_with_trigger.py
[2024-11-06T16:49:03.324+0000] {processor.py:839} INFO - DAG(s) dict_keys(['latest_only_with_trigger']) retrieved from /home/airflow/.local/lib/python3.8/site-packages/airflow/example_dags/example_latest_only_with_trigger.py
[2024-11-06T16:49:03.349+0000] {logging_mixin.py:154} INFO - [2024-11-06T16:49:03.348+0000] {dag.py:2941} INFO - Sync 1 DAGs
[2024-11-06T16:49:03.368+0000] {logging_mixin.py:154} INFO - [2024-11-06T16:49:03.368+0000] {dag.py:3722} INFO - Setting next_dagrun for latest_only_with_trigger to 2024-11-06T12:49:03.367987+00:00, run_after=2024-11-06T16:49:03.367987+00:00
[2024-11-06T16:49:03.394+0000] {processor.py:179} INFO - Processing /home/airflow/.local/lib/python3.8/site-packages/airflow/example_dags/example_latest_only_with_trigger.py took 0.088 seconds
[2024-11-06T16:49:56.331+0000] {processor.py:157} INFO - Started process (PID=2862) to work on /home/airflow/.local/lib/python3.8/site-packages/airflow/example_dags/example_latest_only_with_trigger.py
[2024-11-06T16:49:56.331+0000] {processor.py:829} INFO - Processing file /home/airflow/.local/lib/python3.8/site-packages/airflow/example_dags/example_latest_only_with_trigger.py for tasks to queue
[2024-11-06T16:49:56.332+0000] {logging_mixin.py:154} INFO - [2024-11-06T16:49:56.332+0000] {dagbag.py:536} INFO - Filling up the DagBag from /home/airflow/.local/lib/python3.8/site-packages/airflow/example_dags/example_latest_only_with_trigger.py
[2024-11-06T16:49:56.335+0000] {processor.py:839} INFO - DAG(s) dict_keys(['latest_only_with_trigger']) retrieved from /home/airflow/.local/lib/python3.8/site-packages/airflow/example_dags/example_latest_only_with_trigger.py
[2024-11-06T16:49:56.343+0000] {logging_mixin.py:154} INFO - [2024-11-06T16:49:56.343+0000] {dag.py:2941} INFO - Sync 1 DAGs
[2024-11-06T16:49:56.351+0000] {logging_mixin.py:154} INFO - [2024-11-06T16:49:56.351+0000] {dag.py:3722} INFO - Setting next_dagrun for latest_only_with_trigger to 2024-11-06T12:49:56.351499+00:00, run_after=2024-11-06T16:49:56.351499+00:00
[2024-11-06T16:49:56.357+0000] {processor.py:179} INFO - Processing /home/airflow/.local/lib/python3.8/site-packages/airflow/example_dags/example_latest_only_with_trigger.py took 0.028 seconds
[2024-11-06T17:40:07.893+0000] {processor.py:157} INFO - Started process (PID=2916) to work on /home/airflow/.local/lib/python3.8/site-packages/airflow/example_dags/example_latest_only_with_trigger.py
[2024-11-06T17:40:07.895+0000] {processor.py:829} INFO - Processing file /home/airflow/.local/lib/python3.8/site-packages/airflow/example_dags/example_latest_only_with_trigger.py for tasks to queue
[2024-11-06T17:40:07.896+0000] {logging_mixin.py:154} INFO - [2024-11-06T17:40:07.896+0000] {dagbag.py:536} INFO - Filling up the DagBag from /home/airflow/.local/lib/python3.8/site-packages/airflow/example_dags/example_latest_only_with_trigger.py
[2024-11-06T17:40:07.901+0000] {processor.py:839} INFO - DAG(s) dict_keys(['latest_only_with_trigger']) retrieved from /home/airflow/.local/lib/python3.8/site-packages/airflow/example_dags/example_latest_only_with_trigger.py
[2024-11-06T17:40:07.925+0000] {logging_mixin.py:154} INFO - [2024-11-06T17:40:07.925+0000] {dag.py:2941} INFO - Sync 1 DAGs
[2024-11-06T17:40:07.944+0000] {logging_mixin.py:154} INFO - [2024-11-06T17:40:07.944+0000] {dag.py:3722} INFO - Setting next_dagrun for latest_only_with_trigger to 2024-11-06T13:40:07.942548+00:00, run_after=2024-11-06T17:40:07.942548+00:00
[2024-11-06T17:40:07.970+0000] {processor.py:179} INFO - Processing /home/airflow/.local/lib/python3.8/site-packages/airflow/example_dags/example_latest_only_with_trigger.py took 0.079 seconds
[2024-11-06T18:40:20.441+0000] {processor.py:157} INFO - Started process (PID=2970) to work on /home/airflow/.local/lib/python3.8/site-packages/airflow/example_dags/example_latest_only_with_trigger.py
[2024-11-06T18:40:20.442+0000] {processor.py:829} INFO - Processing file /home/airflow/.local/lib/python3.8/site-packages/airflow/example_dags/example_latest_only_with_trigger.py for tasks to queue
[2024-11-06T18:40:20.443+0000] {logging_mixin.py:154} INFO - [2024-11-06T18:40:20.443+0000] {dagbag.py:536} INFO - Filling up the DagBag from /home/airflow/.local/lib/python3.8/site-packages/airflow/example_dags/example_latest_only_with_trigger.py
[2024-11-06T18:40:20.447+0000] {processor.py:839} INFO - DAG(s) dict_keys(['latest_only_with_trigger']) retrieved from /home/airflow/.local/lib/python3.8/site-packages/airflow/example_dags/example_latest_only_with_trigger.py
[2024-11-06T18:40:20.466+0000] {logging_mixin.py:154} INFO - [2024-11-06T18:40:20.466+0000] {dag.py:2941} INFO - Sync 1 DAGs
[2024-11-06T18:40:20.482+0000] {logging_mixin.py:154} INFO - [2024-11-06T18:40:20.482+0000] {dag.py:3722} INFO - Setting next_dagrun for latest_only_with_trigger to 2024-11-06T14:40:20.482248+00:00, run_after=2024-11-06T18:40:20.482248+00:00
[2024-11-06T18:40:20.509+0000] {processor.py:179} INFO - Processing /home/airflow/.local/lib/python3.8/site-packages/airflow/example_dags/example_latest_only_with_trigger.py took 0.070 seconds
[2024-11-06T19:56:54.469+0000] {processor.py:157} INFO - Started process (PID=3024) to work on /home/airflow/.local/lib/python3.8/site-packages/airflow/example_dags/example_latest_only_with_trigger.py
[2024-11-06T19:56:54.470+0000] {processor.py:829} INFO - Processing file /home/airflow/.local/lib/python3.8/site-packages/airflow/example_dags/example_latest_only_with_trigger.py for tasks to queue
[2024-11-06T19:56:54.471+0000] {logging_mixin.py:154} INFO - [2024-11-06T19:56:54.471+0000] {dagbag.py:536} INFO - Filling up the DagBag from /home/airflow/.local/lib/python3.8/site-packages/airflow/example_dags/example_latest_only_with_trigger.py
[2024-11-06T19:56:54.474+0000] {processor.py:839} INFO - DAG(s) dict_keys(['latest_only_with_trigger']) retrieved from /home/airflow/.local/lib/python3.8/site-packages/airflow/example_dags/example_latest_only_with_trigger.py
[2024-11-06T19:56:54.485+0000] {logging_mixin.py:154} INFO - [2024-11-06T19:56:54.485+0000] {dag.py:2941} INFO - Sync 1 DAGs
[2024-11-06T19:56:54.495+0000] {logging_mixin.py:154} INFO - [2024-11-06T19:56:54.495+0000] {dag.py:3722} INFO - Setting next_dagrun for latest_only_with_trigger to 2024-11-06T15:56:54.494922+00:00, run_after=2024-11-06T19:56:54.494922+00:00
[2024-11-06T19:56:54.505+0000] {processor.py:179} INFO - Processing /home/airflow/.local/lib/python3.8/site-packages/airflow/example_dags/example_latest_only_with_trigger.py took 0.037 seconds
[2024-11-06T20:41:40.969+0000] {processor.py:157} INFO - Started process (PID=3078) to work on /home/airflow/.local/lib/python3.8/site-packages/airflow/example_dags/example_latest_only_with_trigger.py
[2024-11-06T20:41:40.970+0000] {processor.py:829} INFO - Processing file /home/airflow/.local/lib/python3.8/site-packages/airflow/example_dags/example_latest_only_with_trigger.py for tasks to queue
[2024-11-06T20:41:40.972+0000] {logging_mixin.py:154} INFO - [2024-11-06T20:41:40.971+0000] {dagbag.py:536} INFO - Filling up the DagBag from /home/airflow/.local/lib/python3.8/site-packages/airflow/example_dags/example_latest_only_with_trigger.py
[2024-11-06T20:41:40.978+0000] {processor.py:839} INFO - DAG(s) dict_keys(['latest_only_with_trigger']) retrieved from /home/airflow/.local/lib/python3.8/site-packages/airflow/example_dags/example_latest_only_with_trigger.py
[2024-11-06T20:41:41.002+0000] {logging_mixin.py:154} INFO - [2024-11-06T20:41:41.002+0000] {dag.py:2941} INFO - Sync 1 DAGs
[2024-11-06T20:41:41.024+0000] {logging_mixin.py:154} INFO - [2024-11-06T20:41:41.024+0000] {dag.py:3722} INFO - Setting next_dagrun for latest_only_with_trigger to 2024-11-06T16:41:41.024690+00:00, run_after=2024-11-06T20:41:41.024690+00:00
[2024-11-06T20:41:41.051+0000] {processor.py:179} INFO - Processing /home/airflow/.local/lib/python3.8/site-packages/airflow/example_dags/example_latest_only_with_trigger.py took 0.086 seconds
[2024-11-06T22:09:50.013+0000] {processor.py:157} INFO - Started process (PID=3132) to work on /home/airflow/.local/lib/python3.8/site-packages/airflow/example_dags/example_latest_only_with_trigger.py
[2024-11-06T22:09:50.013+0000] {processor.py:829} INFO - Processing file /home/airflow/.local/lib/python3.8/site-packages/airflow/example_dags/example_latest_only_with_trigger.py for tasks to queue
[2024-11-06T22:09:50.019+0000] {logging_mixin.py:154} INFO - [2024-11-06T22:09:50.019+0000] {dagbag.py:536} INFO - Filling up the DagBag from /home/airflow/.local/lib/python3.8/site-packages/airflow/example_dags/example_latest_only_with_trigger.py
[2024-11-06T22:09:50.025+0000] {processor.py:839} INFO - DAG(s) dict_keys(['latest_only_with_trigger']) retrieved from /home/airflow/.local/lib/python3.8/site-packages/airflow/example_dags/example_latest_only_with_trigger.py
[2024-11-06T22:09:50.047+0000] {logging_mixin.py:154} INFO - [2024-11-06T22:09:50.047+0000] {dag.py:2941} INFO - Sync 1 DAGs
[2024-11-06T22:09:50.069+0000] {logging_mixin.py:154} INFO - [2024-11-06T22:09:50.069+0000] {dag.py:3722} INFO - Setting next_dagrun for latest_only_with_trigger to 2024-11-06T18:09:50.069307+00:00, run_after=2024-11-06T22:09:50.069307+00:00
[2024-11-06T22:09:50.091+0000] {processor.py:179} INFO - Processing /home/airflow/.local/lib/python3.8/site-packages/airflow/example_dags/example_latest_only_with_trigger.py took 0.082 seconds
[2024-11-06T23:10:56.328+0000] {processor.py:157} INFO - Started process (PID=3186) to work on /home/airflow/.local/lib/python3.8/site-packages/airflow/example_dags/example_latest_only_with_trigger.py
[2024-11-06T23:10:56.330+0000] {processor.py:829} INFO - Processing file /home/airflow/.local/lib/python3.8/site-packages/airflow/example_dags/example_latest_only_with_trigger.py for tasks to queue
[2024-11-06T23:10:56.331+0000] {logging_mixin.py:154} INFO - [2024-11-06T23:10:56.331+0000] {dagbag.py:536} INFO - Filling up the DagBag from /home/airflow/.local/lib/python3.8/site-packages/airflow/example_dags/example_latest_only_with_trigger.py
[2024-11-06T23:10:56.334+0000] {processor.py:839} INFO - DAG(s) dict_keys(['latest_only_with_trigger']) retrieved from /home/airflow/.local/lib/python3.8/site-packages/airflow/example_dags/example_latest_only_with_trigger.py
[2024-11-06T23:10:56.343+0000] {logging_mixin.py:154} INFO - [2024-11-06T23:10:56.343+0000] {dag.py:2941} INFO - Sync 1 DAGs
[2024-11-06T23:10:56.354+0000] {logging_mixin.py:154} INFO - [2024-11-06T23:10:56.354+0000] {dag.py:3722} INFO - Setting next_dagrun for latest_only_with_trigger to 2024-11-06T19:10:56.354121+00:00, run_after=2024-11-06T23:10:56.354121+00:00
[2024-11-06T23:10:56.363+0000] {processor.py:179} INFO - Processing /home/airflow/.local/lib/python3.8/site-packages/airflow/example_dags/example_latest_only_with_trigger.py took 0.036 seconds
[2024-11-06T23:49:20.948+0000] {processor.py:157} INFO - Started process (PID=3240) to work on /home/airflow/.local/lib/python3.8/site-packages/airflow/example_dags/example_latest_only_with_trigger.py
[2024-11-06T23:49:20.949+0000] {processor.py:829} INFO - Processing file /home/airflow/.local/lib/python3.8/site-packages/airflow/example_dags/example_latest_only_with_trigger.py for tasks to queue
[2024-11-06T23:49:20.951+0000] {logging_mixin.py:154} INFO - [2024-11-06T23:49:20.951+0000] {dagbag.py:536} INFO - Filling up the DagBag from /home/airflow/.local/lib/python3.8/site-packages/airflow/example_dags/example_latest_only_with_trigger.py
[2024-11-06T23:49:20.958+0000] {processor.py:839} INFO - DAG(s) dict_keys(['latest_only_with_trigger']) retrieved from /home/airflow/.local/lib/python3.8/site-packages/airflow/example_dags/example_latest_only_with_trigger.py
[2024-11-06T23:49:20.983+0000] {logging_mixin.py:154} INFO - [2024-11-06T23:49:20.983+0000] {dag.py:2941} INFO - Sync 1 DAGs
[2024-11-06T23:49:21.004+0000] {logging_mixin.py:154} INFO - [2024-11-06T23:49:21.004+0000] {dag.py:3722} INFO - Setting next_dagrun for latest_only_with_trigger to 2024-11-06T19:49:21.004255+00:00, run_after=2024-11-06T23:49:21.004255+00:00
[2024-11-06T23:49:21.016+0000] {processor.py:179} INFO - Processing /home/airflow/.local/lib/python3.8/site-packages/airflow/example_dags/example_latest_only_with_trigger.py took 0.071 seconds
