[2024-11-06T08:43:20.124+0000] {processor.py:157} INFO - Started process (PID=78) to work on /home/airflow/.local/lib/python3.8/site-packages/airflow/example_dags/example_python_operator.py
[2024-11-06T08:43:20.125+0000] {processor.py:829} INFO - Processing file /home/airflow/.local/lib/python3.8/site-packages/airflow/example_dags/example_python_operator.py for tasks to queue
[2024-11-06T08:43:20.127+0000] {logging_mixin.py:154} INFO - [2024-11-06T08:43:20.127+0000] {dagbag.py:536} INFO - Filling up the DagBag from /home/airflow/.local/lib/python3.8/site-packages/airflow/example_dags/example_python_operator.py
[2024-11-06T08:43:20.139+0000] {processor.py:839} INFO - DAG(s) dict_keys(['example_python_operator']) retrieved from /home/airflow/.local/lib/python3.8/site-packages/airflow/example_dags/example_python_operator.py
[2024-11-06T08:43:20.158+0000] {logging_mixin.py:154} INFO - [2024-11-06T08:43:20.158+0000] {dag.py:2941} INFO - Sync 1 DAGs
[2024-11-06T08:43:20.171+0000] {logging_mixin.py:154} INFO - [2024-11-06T08:43:20.171+0000] {dag.py:3722} INFO - Setting next_dagrun for example_python_operator to None, run_after=None
[2024-11-06T08:43:20.188+0000] {processor.py:179} INFO - Processing /home/airflow/.local/lib/python3.8/site-packages/airflow/example_dags/example_python_operator.py took 0.068 seconds
[2024-11-06T08:43:50.289+0000] {processor.py:157} INFO - Started process (PID=132) to work on /home/airflow/.local/lib/python3.8/site-packages/airflow/example_dags/example_python_operator.py
[2024-11-06T08:43:50.290+0000] {processor.py:829} INFO - Processing file /home/airflow/.local/lib/python3.8/site-packages/airflow/example_dags/example_python_operator.py for tasks to queue
[2024-11-06T08:43:50.291+0000] {logging_mixin.py:154} INFO - [2024-11-06T08:43:50.291+0000] {dagbag.py:536} INFO - Filling up the DagBag from /home/airflow/.local/lib/python3.8/site-packages/airflow/example_dags/example_python_operator.py
[2024-11-06T08:43:50.296+0000] {processor.py:839} INFO - DAG(s) dict_keys(['example_python_operator']) retrieved from /home/airflow/.local/lib/python3.8/site-packages/airflow/example_dags/example_python_operator.py
[2024-11-06T08:43:50.340+0000] {logging_mixin.py:154} INFO - [2024-11-06T08:43:50.340+0000] {dag.py:2941} INFO - Sync 1 DAGs
[2024-11-06T08:43:50.344+0000] {logging_mixin.py:154} INFO - [2024-11-06T08:43:50.344+0000] {dag.py:3722} INFO - Setting next_dagrun for example_python_operator to None, run_after=None
[2024-11-06T08:43:50.353+0000] {processor.py:179} INFO - Processing /home/airflow/.local/lib/python3.8/site-packages/airflow/example_dags/example_python_operator.py took 0.066 seconds
[2024-11-06T08:44:20.660+0000] {processor.py:157} INFO - Started process (PID=186) to work on /home/airflow/.local/lib/python3.8/site-packages/airflow/example_dags/example_python_operator.py
[2024-11-06T08:44:20.663+0000] {processor.py:829} INFO - Processing file /home/airflow/.local/lib/python3.8/site-packages/airflow/example_dags/example_python_operator.py for tasks to queue
[2024-11-06T08:44:20.664+0000] {logging_mixin.py:154} INFO - [2024-11-06T08:44:20.664+0000] {dagbag.py:536} INFO - Filling up the DagBag from /home/airflow/.local/lib/python3.8/site-packages/airflow/example_dags/example_python_operator.py
[2024-11-06T08:44:20.671+0000] {processor.py:839} INFO - DAG(s) dict_keys(['example_python_operator']) retrieved from /home/airflow/.local/lib/python3.8/site-packages/airflow/example_dags/example_python_operator.py
[2024-11-06T08:44:20.690+0000] {logging_mixin.py:154} INFO - [2024-11-06T08:44:20.690+0000] {dag.py:2941} INFO - Sync 1 DAGs
[2024-11-06T08:44:20.696+0000] {logging_mixin.py:154} INFO - [2024-11-06T08:44:20.696+0000] {dag.py:3722} INFO - Setting next_dagrun for example_python_operator to None, run_after=None
[2024-11-06T08:44:20.707+0000] {processor.py:179} INFO - Processing /home/airflow/.local/lib/python3.8/site-packages/airflow/example_dags/example_python_operator.py took 0.049 seconds
[2024-11-06T08:44:51.010+0000] {processor.py:157} INFO - Started process (PID=240) to work on /home/airflow/.local/lib/python3.8/site-packages/airflow/example_dags/example_python_operator.py
[2024-11-06T08:44:51.012+0000] {processor.py:829} INFO - Processing file /home/airflow/.local/lib/python3.8/site-packages/airflow/example_dags/example_python_operator.py for tasks to queue
[2024-11-06T08:44:51.013+0000] {logging_mixin.py:154} INFO - [2024-11-06T08:44:51.013+0000] {dagbag.py:536} INFO - Filling up the DagBag from /home/airflow/.local/lib/python3.8/site-packages/airflow/example_dags/example_python_operator.py
[2024-11-06T08:44:51.018+0000] {processor.py:839} INFO - DAG(s) dict_keys(['example_python_operator']) retrieved from /home/airflow/.local/lib/python3.8/site-packages/airflow/example_dags/example_python_operator.py
[2024-11-06T08:44:51.030+0000] {logging_mixin.py:154} INFO - [2024-11-06T08:44:51.030+0000] {dag.py:2941} INFO - Sync 1 DAGs
[2024-11-06T08:44:51.036+0000] {logging_mixin.py:154} INFO - [2024-11-06T08:44:51.036+0000] {dag.py:3722} INFO - Setting next_dagrun for example_python_operator to None, run_after=None
[2024-11-06T08:44:51.044+0000] {processor.py:179} INFO - Processing /home/airflow/.local/lib/python3.8/site-packages/airflow/example_dags/example_python_operator.py took 0.036 seconds
[2024-11-06T08:45:21.362+0000] {processor.py:157} INFO - Started process (PID=294) to work on /home/airflow/.local/lib/python3.8/site-packages/airflow/example_dags/example_python_operator.py
[2024-11-06T08:45:21.362+0000] {processor.py:829} INFO - Processing file /home/airflow/.local/lib/python3.8/site-packages/airflow/example_dags/example_python_operator.py for tasks to queue
[2024-11-06T08:45:21.364+0000] {logging_mixin.py:154} INFO - [2024-11-06T08:45:21.364+0000] {dagbag.py:536} INFO - Filling up the DagBag from /home/airflow/.local/lib/python3.8/site-packages/airflow/example_dags/example_python_operator.py
[2024-11-06T08:45:21.368+0000] {processor.py:839} INFO - DAG(s) dict_keys(['example_python_operator']) retrieved from /home/airflow/.local/lib/python3.8/site-packages/airflow/example_dags/example_python_operator.py
[2024-11-06T08:45:21.379+0000] {logging_mixin.py:154} INFO - [2024-11-06T08:45:21.379+0000] {dag.py:2941} INFO - Sync 1 DAGs
[2024-11-06T08:45:21.384+0000] {logging_mixin.py:154} INFO - [2024-11-06T08:45:21.384+0000] {dag.py:3722} INFO - Setting next_dagrun for example_python_operator to None, run_after=None
[2024-11-06T08:45:21.395+0000] {processor.py:179} INFO - Processing /home/airflow/.local/lib/python3.8/site-packages/airflow/example_dags/example_python_operator.py took 0.035 seconds
[2024-11-06T08:45:51.770+0000] {processor.py:157} INFO - Started process (PID=348) to work on /home/airflow/.local/lib/python3.8/site-packages/airflow/example_dags/example_python_operator.py
[2024-11-06T08:45:51.771+0000] {processor.py:829} INFO - Processing file /home/airflow/.local/lib/python3.8/site-packages/airflow/example_dags/example_python_operator.py for tasks to queue
[2024-11-06T08:45:51.772+0000] {logging_mixin.py:154} INFO - [2024-11-06T08:45:51.772+0000] {dagbag.py:536} INFO - Filling up the DagBag from /home/airflow/.local/lib/python3.8/site-packages/airflow/example_dags/example_python_operator.py
[2024-11-06T08:45:51.776+0000] {processor.py:839} INFO - DAG(s) dict_keys(['example_python_operator']) retrieved from /home/airflow/.local/lib/python3.8/site-packages/airflow/example_dags/example_python_operator.py
[2024-11-06T08:45:51.786+0000] {logging_mixin.py:154} INFO - [2024-11-06T08:45:51.786+0000] {dag.py:2941} INFO - Sync 1 DAGs
[2024-11-06T08:45:51.792+0000] {logging_mixin.py:154} INFO - [2024-11-06T08:45:51.792+0000] {dag.py:3722} INFO - Setting next_dagrun for example_python_operator to None, run_after=None
[2024-11-06T08:45:51.805+0000] {processor.py:179} INFO - Processing /home/airflow/.local/lib/python3.8/site-packages/airflow/example_dags/example_python_operator.py took 0.036 seconds
[2024-11-06T08:46:22.441+0000] {processor.py:157} INFO - Started process (PID=402) to work on /home/airflow/.local/lib/python3.8/site-packages/airflow/example_dags/example_python_operator.py
[2024-11-06T08:46:22.442+0000] {processor.py:829} INFO - Processing file /home/airflow/.local/lib/python3.8/site-packages/airflow/example_dags/example_python_operator.py for tasks to queue
[2024-11-06T08:46:22.443+0000] {logging_mixin.py:154} INFO - [2024-11-06T08:46:22.443+0000] {dagbag.py:536} INFO - Filling up the DagBag from /home/airflow/.local/lib/python3.8/site-packages/airflow/example_dags/example_python_operator.py
[2024-11-06T08:46:22.448+0000] {processor.py:839} INFO - DAG(s) dict_keys(['example_python_operator']) retrieved from /home/airflow/.local/lib/python3.8/site-packages/airflow/example_dags/example_python_operator.py
[2024-11-06T08:46:22.463+0000] {logging_mixin.py:154} INFO - [2024-11-06T08:46:22.463+0000] {dag.py:2941} INFO - Sync 1 DAGs
[2024-11-06T08:46:22.471+0000] {logging_mixin.py:154} INFO - [2024-11-06T08:46:22.471+0000] {dag.py:3722} INFO - Setting next_dagrun for example_python_operator to None, run_after=None
[2024-11-06T08:46:22.485+0000] {processor.py:179} INFO - Processing /home/airflow/.local/lib/python3.8/site-packages/airflow/example_dags/example_python_operator.py took 0.046 seconds
[2024-11-06T08:46:53.020+0000] {processor.py:157} INFO - Started process (PID=463) to work on /home/airflow/.local/lib/python3.8/site-packages/airflow/example_dags/example_python_operator.py
[2024-11-06T08:46:53.021+0000] {processor.py:829} INFO - Processing file /home/airflow/.local/lib/python3.8/site-packages/airflow/example_dags/example_python_operator.py for tasks to queue
[2024-11-06T08:46:53.023+0000] {logging_mixin.py:154} INFO - [2024-11-06T08:46:53.023+0000] {dagbag.py:536} INFO - Filling up the DagBag from /home/airflow/.local/lib/python3.8/site-packages/airflow/example_dags/example_python_operator.py
[2024-11-06T08:46:53.027+0000] {processor.py:839} INFO - DAG(s) dict_keys(['example_python_operator']) retrieved from /home/airflow/.local/lib/python3.8/site-packages/airflow/example_dags/example_python_operator.py
[2024-11-06T08:46:53.038+0000] {logging_mixin.py:154} INFO - [2024-11-06T08:46:53.038+0000] {dag.py:2941} INFO - Sync 1 DAGs
[2024-11-06T08:46:53.043+0000] {logging_mixin.py:154} INFO - [2024-11-06T08:46:53.043+0000] {dag.py:3722} INFO - Setting next_dagrun for example_python_operator to None, run_after=None
[2024-11-06T08:46:53.051+0000] {processor.py:179} INFO - Processing /home/airflow/.local/lib/python3.8/site-packages/airflow/example_dags/example_python_operator.py took 0.032 seconds
[2024-11-06T08:47:23.398+0000] {processor.py:157} INFO - Started process (PID=517) to work on /home/airflow/.local/lib/python3.8/site-packages/airflow/example_dags/example_python_operator.py
[2024-11-06T08:47:23.399+0000] {processor.py:829} INFO - Processing file /home/airflow/.local/lib/python3.8/site-packages/airflow/example_dags/example_python_operator.py for tasks to queue
[2024-11-06T08:47:23.399+0000] {logging_mixin.py:154} INFO - [2024-11-06T08:47:23.399+0000] {dagbag.py:536} INFO - Filling up the DagBag from /home/airflow/.local/lib/python3.8/site-packages/airflow/example_dags/example_python_operator.py
[2024-11-06T08:47:23.403+0000] {processor.py:839} INFO - DAG(s) dict_keys(['example_python_operator']) retrieved from /home/airflow/.local/lib/python3.8/site-packages/airflow/example_dags/example_python_operator.py
[2024-11-06T08:47:23.415+0000] {logging_mixin.py:154} INFO - [2024-11-06T08:47:23.415+0000] {dag.py:2941} INFO - Sync 1 DAGs
[2024-11-06T08:47:23.420+0000] {logging_mixin.py:154} INFO - [2024-11-06T08:47:23.420+0000] {dag.py:3722} INFO - Setting next_dagrun for example_python_operator to None, run_after=None
[2024-11-06T08:47:23.427+0000] {processor.py:179} INFO - Processing /home/airflow/.local/lib/python3.8/site-packages/airflow/example_dags/example_python_operator.py took 0.031 seconds
[2024-11-06T08:47:53.762+0000] {processor.py:157} INFO - Started process (PID=572) to work on /home/airflow/.local/lib/python3.8/site-packages/airflow/example_dags/example_python_operator.py
[2024-11-06T08:47:53.763+0000] {processor.py:829} INFO - Processing file /home/airflow/.local/lib/python3.8/site-packages/airflow/example_dags/example_python_operator.py for tasks to queue
[2024-11-06T08:47:53.764+0000] {logging_mixin.py:154} INFO - [2024-11-06T08:47:53.764+0000] {dagbag.py:536} INFO - Filling up the DagBag from /home/airflow/.local/lib/python3.8/site-packages/airflow/example_dags/example_python_operator.py
[2024-11-06T08:47:53.769+0000] {processor.py:839} INFO - DAG(s) dict_keys(['example_python_operator']) retrieved from /home/airflow/.local/lib/python3.8/site-packages/airflow/example_dags/example_python_operator.py
[2024-11-06T08:47:53.780+0000] {logging_mixin.py:154} INFO - [2024-11-06T08:47:53.780+0000] {dag.py:2941} INFO - Sync 1 DAGs
[2024-11-06T08:47:53.785+0000] {logging_mixin.py:154} INFO - [2024-11-06T08:47:53.785+0000] {dag.py:3722} INFO - Setting next_dagrun for example_python_operator to None, run_after=None
[2024-11-06T08:47:53.794+0000] {processor.py:179} INFO - Processing /home/airflow/.local/lib/python3.8/site-packages/airflow/example_dags/example_python_operator.py took 0.034 seconds
[2024-11-06T08:48:24.130+0000] {processor.py:157} INFO - Started process (PID=626) to work on /home/airflow/.local/lib/python3.8/site-packages/airflow/example_dags/example_python_operator.py
[2024-11-06T08:48:24.131+0000] {processor.py:829} INFO - Processing file /home/airflow/.local/lib/python3.8/site-packages/airflow/example_dags/example_python_operator.py for tasks to queue
[2024-11-06T08:48:24.132+0000] {logging_mixin.py:154} INFO - [2024-11-06T08:48:24.132+0000] {dagbag.py:536} INFO - Filling up the DagBag from /home/airflow/.local/lib/python3.8/site-packages/airflow/example_dags/example_python_operator.py
[2024-11-06T08:48:24.136+0000] {processor.py:839} INFO - DAG(s) dict_keys(['example_python_operator']) retrieved from /home/airflow/.local/lib/python3.8/site-packages/airflow/example_dags/example_python_operator.py
[2024-11-06T08:48:24.146+0000] {logging_mixin.py:154} INFO - [2024-11-06T08:48:24.146+0000] {dag.py:2941} INFO - Sync 1 DAGs
[2024-11-06T08:48:24.151+0000] {logging_mixin.py:154} INFO - [2024-11-06T08:48:24.151+0000] {dag.py:3722} INFO - Setting next_dagrun for example_python_operator to None, run_after=None
[2024-11-06T08:48:24.159+0000] {processor.py:179} INFO - Processing /home/airflow/.local/lib/python3.8/site-packages/airflow/example_dags/example_python_operator.py took 0.030 seconds
[2024-11-06T08:48:54.407+0000] {processor.py:157} INFO - Started process (PID=680) to work on /home/airflow/.local/lib/python3.8/site-packages/airflow/example_dags/example_python_operator.py
[2024-11-06T08:48:54.407+0000] {processor.py:829} INFO - Processing file /home/airflow/.local/lib/python3.8/site-packages/airflow/example_dags/example_python_operator.py for tasks to queue
[2024-11-06T08:48:54.408+0000] {logging_mixin.py:154} INFO - [2024-11-06T08:48:54.408+0000] {dagbag.py:536} INFO - Filling up the DagBag from /home/airflow/.local/lib/python3.8/site-packages/airflow/example_dags/example_python_operator.py
[2024-11-06T08:48:54.412+0000] {processor.py:839} INFO - DAG(s) dict_keys(['example_python_operator']) retrieved from /home/airflow/.local/lib/python3.8/site-packages/airflow/example_dags/example_python_operator.py
[2024-11-06T08:48:54.423+0000] {logging_mixin.py:154} INFO - [2024-11-06T08:48:54.423+0000] {dag.py:2941} INFO - Sync 1 DAGs
[2024-11-06T08:48:54.429+0000] {logging_mixin.py:154} INFO - [2024-11-06T08:48:54.429+0000] {dag.py:3722} INFO - Setting next_dagrun for example_python_operator to None, run_after=None
[2024-11-06T08:48:54.436+0000] {processor.py:179} INFO - Processing /home/airflow/.local/lib/python3.8/site-packages/airflow/example_dags/example_python_operator.py took 0.031 seconds
[2024-11-06T08:49:24.617+0000] {processor.py:157} INFO - Started process (PID=734) to work on /home/airflow/.local/lib/python3.8/site-packages/airflow/example_dags/example_python_operator.py
[2024-11-06T08:49:24.621+0000] {processor.py:829} INFO - Processing file /home/airflow/.local/lib/python3.8/site-packages/airflow/example_dags/example_python_operator.py for tasks to queue
[2024-11-06T08:49:24.622+0000] {logging_mixin.py:154} INFO - [2024-11-06T08:49:24.622+0000] {dagbag.py:536} INFO - Filling up the DagBag from /home/airflow/.local/lib/python3.8/site-packages/airflow/example_dags/example_python_operator.py
[2024-11-06T08:49:24.626+0000] {processor.py:839} INFO - DAG(s) dict_keys(['example_python_operator']) retrieved from /home/airflow/.local/lib/python3.8/site-packages/airflow/example_dags/example_python_operator.py
[2024-11-06T08:49:24.636+0000] {logging_mixin.py:154} INFO - [2024-11-06T08:49:24.635+0000] {dag.py:2941} INFO - Sync 1 DAGs
[2024-11-06T08:49:24.641+0000] {logging_mixin.py:154} INFO - [2024-11-06T08:49:24.640+0000] {dag.py:3722} INFO - Setting next_dagrun for example_python_operator to None, run_after=None
[2024-11-06T08:49:24.649+0000] {processor.py:179} INFO - Processing /home/airflow/.local/lib/python3.8/site-packages/airflow/example_dags/example_python_operator.py took 0.033 seconds
[2024-11-06T08:49:54.898+0000] {processor.py:157} INFO - Started process (PID=787) to work on /home/airflow/.local/lib/python3.8/site-packages/airflow/example_dags/example_python_operator.py
[2024-11-06T08:49:54.899+0000] {processor.py:829} INFO - Processing file /home/airflow/.local/lib/python3.8/site-packages/airflow/example_dags/example_python_operator.py for tasks to queue
[2024-11-06T08:49:54.900+0000] {logging_mixin.py:154} INFO - [2024-11-06T08:49:54.900+0000] {dagbag.py:536} INFO - Filling up the DagBag from /home/airflow/.local/lib/python3.8/site-packages/airflow/example_dags/example_python_operator.py
[2024-11-06T08:49:54.903+0000] {processor.py:839} INFO - DAG(s) dict_keys(['example_python_operator']) retrieved from /home/airflow/.local/lib/python3.8/site-packages/airflow/example_dags/example_python_operator.py
[2024-11-06T08:49:54.913+0000] {logging_mixin.py:154} INFO - [2024-11-06T08:49:54.913+0000] {dag.py:2941} INFO - Sync 1 DAGs
[2024-11-06T08:49:54.918+0000] {logging_mixin.py:154} INFO - [2024-11-06T08:49:54.918+0000] {dag.py:3722} INFO - Setting next_dagrun for example_python_operator to None, run_after=None
[2024-11-06T08:49:54.924+0000] {processor.py:179} INFO - Processing /home/airflow/.local/lib/python3.8/site-packages/airflow/example_dags/example_python_operator.py took 0.027 seconds
[2024-11-06T08:50:25.120+0000] {processor.py:157} INFO - Started process (PID=841) to work on /home/airflow/.local/lib/python3.8/site-packages/airflow/example_dags/example_python_operator.py
[2024-11-06T08:50:25.121+0000] {processor.py:829} INFO - Processing file /home/airflow/.local/lib/python3.8/site-packages/airflow/example_dags/example_python_operator.py for tasks to queue
[2024-11-06T08:50:25.122+0000] {logging_mixin.py:154} INFO - [2024-11-06T08:50:25.122+0000] {dagbag.py:536} INFO - Filling up the DagBag from /home/airflow/.local/lib/python3.8/site-packages/airflow/example_dags/example_python_operator.py
[2024-11-06T08:50:25.128+0000] {processor.py:839} INFO - DAG(s) dict_keys(['example_python_operator']) retrieved from /home/airflow/.local/lib/python3.8/site-packages/airflow/example_dags/example_python_operator.py
[2024-11-06T08:50:25.141+0000] {logging_mixin.py:154} INFO - [2024-11-06T08:50:25.141+0000] {dag.py:2941} INFO - Sync 1 DAGs
[2024-11-06T08:50:25.146+0000] {logging_mixin.py:154} INFO - [2024-11-06T08:50:25.146+0000] {dag.py:3722} INFO - Setting next_dagrun for example_python_operator to None, run_after=None
[2024-11-06T08:50:25.154+0000] {processor.py:179} INFO - Processing /home/airflow/.local/lib/python3.8/site-packages/airflow/example_dags/example_python_operator.py took 0.035 seconds
[2024-11-06T08:50:55.385+0000] {processor.py:157} INFO - Started process (PID=895) to work on /home/airflow/.local/lib/python3.8/site-packages/airflow/example_dags/example_python_operator.py
[2024-11-06T08:50:55.387+0000] {processor.py:829} INFO - Processing file /home/airflow/.local/lib/python3.8/site-packages/airflow/example_dags/example_python_operator.py for tasks to queue
[2024-11-06T08:50:55.388+0000] {logging_mixin.py:154} INFO - [2024-11-06T08:50:55.388+0000] {dagbag.py:536} INFO - Filling up the DagBag from /home/airflow/.local/lib/python3.8/site-packages/airflow/example_dags/example_python_operator.py
[2024-11-06T08:50:55.392+0000] {processor.py:839} INFO - DAG(s) dict_keys(['example_python_operator']) retrieved from /home/airflow/.local/lib/python3.8/site-packages/airflow/example_dags/example_python_operator.py
[2024-11-06T08:50:55.402+0000] {logging_mixin.py:154} INFO - [2024-11-06T08:50:55.402+0000] {dag.py:2941} INFO - Sync 1 DAGs
[2024-11-06T08:50:55.407+0000] {logging_mixin.py:154} INFO - [2024-11-06T08:50:55.407+0000] {dag.py:3722} INFO - Setting next_dagrun for example_python_operator to None, run_after=None
[2024-11-06T08:50:55.415+0000] {processor.py:179} INFO - Processing /home/airflow/.local/lib/python3.8/site-packages/airflow/example_dags/example_python_operator.py took 0.031 seconds
[2024-11-06T08:51:25.793+0000] {processor.py:157} INFO - Started process (PID=949) to work on /home/airflow/.local/lib/python3.8/site-packages/airflow/example_dags/example_python_operator.py
[2024-11-06T08:51:25.793+0000] {processor.py:829} INFO - Processing file /home/airflow/.local/lib/python3.8/site-packages/airflow/example_dags/example_python_operator.py for tasks to queue
[2024-11-06T08:51:25.797+0000] {logging_mixin.py:154} INFO - [2024-11-06T08:51:25.797+0000] {dagbag.py:536} INFO - Filling up the DagBag from /home/airflow/.local/lib/python3.8/site-packages/airflow/example_dags/example_python_operator.py
[2024-11-06T08:51:25.801+0000] {processor.py:839} INFO - DAG(s) dict_keys(['example_python_operator']) retrieved from /home/airflow/.local/lib/python3.8/site-packages/airflow/example_dags/example_python_operator.py
[2024-11-06T08:51:25.811+0000] {logging_mixin.py:154} INFO - [2024-11-06T08:51:25.811+0000] {dag.py:2941} INFO - Sync 1 DAGs
[2024-11-06T08:51:25.817+0000] {logging_mixin.py:154} INFO - [2024-11-06T08:51:25.817+0000] {dag.py:3722} INFO - Setting next_dagrun for example_python_operator to None, run_after=None
[2024-11-06T08:51:25.825+0000] {processor.py:179} INFO - Processing /home/airflow/.local/lib/python3.8/site-packages/airflow/example_dags/example_python_operator.py took 0.034 seconds
[2024-11-06T08:51:56.025+0000] {processor.py:157} INFO - Started process (PID=1003) to work on /home/airflow/.local/lib/python3.8/site-packages/airflow/example_dags/example_python_operator.py
[2024-11-06T08:51:56.028+0000] {processor.py:829} INFO - Processing file /home/airflow/.local/lib/python3.8/site-packages/airflow/example_dags/example_python_operator.py for tasks to queue
[2024-11-06T08:51:56.029+0000] {logging_mixin.py:154} INFO - [2024-11-06T08:51:56.029+0000] {dagbag.py:536} INFO - Filling up the DagBag from /home/airflow/.local/lib/python3.8/site-packages/airflow/example_dags/example_python_operator.py
[2024-11-06T08:51:56.034+0000] {processor.py:839} INFO - DAG(s) dict_keys(['example_python_operator']) retrieved from /home/airflow/.local/lib/python3.8/site-packages/airflow/example_dags/example_python_operator.py
[2024-11-06T08:51:56.044+0000] {logging_mixin.py:154} INFO - [2024-11-06T08:51:56.044+0000] {dag.py:2941} INFO - Sync 1 DAGs
[2024-11-06T08:51:56.049+0000] {logging_mixin.py:154} INFO - [2024-11-06T08:51:56.049+0000] {dag.py:3722} INFO - Setting next_dagrun for example_python_operator to None, run_after=None
[2024-11-06T08:51:56.056+0000] {processor.py:179} INFO - Processing /home/airflow/.local/lib/python3.8/site-packages/airflow/example_dags/example_python_operator.py took 0.032 seconds
[2024-11-06T08:52:26.434+0000] {processor.py:157} INFO - Started process (PID=1057) to work on /home/airflow/.local/lib/python3.8/site-packages/airflow/example_dags/example_python_operator.py
[2024-11-06T08:52:26.436+0000] {processor.py:829} INFO - Processing file /home/airflow/.local/lib/python3.8/site-packages/airflow/example_dags/example_python_operator.py for tasks to queue
[2024-11-06T08:52:26.437+0000] {logging_mixin.py:154} INFO - [2024-11-06T08:52:26.437+0000] {dagbag.py:536} INFO - Filling up the DagBag from /home/airflow/.local/lib/python3.8/site-packages/airflow/example_dags/example_python_operator.py
[2024-11-06T08:52:26.441+0000] {processor.py:839} INFO - DAG(s) dict_keys(['example_python_operator']) retrieved from /home/airflow/.local/lib/python3.8/site-packages/airflow/example_dags/example_python_operator.py
[2024-11-06T08:52:26.452+0000] {logging_mixin.py:154} INFO - [2024-11-06T08:52:26.452+0000] {dag.py:2941} INFO - Sync 1 DAGs
[2024-11-06T08:52:26.457+0000] {logging_mixin.py:154} INFO - [2024-11-06T08:52:26.457+0000] {dag.py:3722} INFO - Setting next_dagrun for example_python_operator to None, run_after=None
[2024-11-06T08:52:26.463+0000] {processor.py:179} INFO - Processing /home/airflow/.local/lib/python3.8/site-packages/airflow/example_dags/example_python_operator.py took 0.031 seconds
[2024-11-06T08:52:57.095+0000] {processor.py:157} INFO - Started process (PID=1111) to work on /home/airflow/.local/lib/python3.8/site-packages/airflow/example_dags/example_python_operator.py
[2024-11-06T08:52:57.096+0000] {processor.py:829} INFO - Processing file /home/airflow/.local/lib/python3.8/site-packages/airflow/example_dags/example_python_operator.py for tasks to queue
[2024-11-06T08:52:57.097+0000] {logging_mixin.py:154} INFO - [2024-11-06T08:52:57.097+0000] {dagbag.py:536} INFO - Filling up the DagBag from /home/airflow/.local/lib/python3.8/site-packages/airflow/example_dags/example_python_operator.py
[2024-11-06T08:52:57.101+0000] {processor.py:839} INFO - DAG(s) dict_keys(['example_python_operator']) retrieved from /home/airflow/.local/lib/python3.8/site-packages/airflow/example_dags/example_python_operator.py
[2024-11-06T08:52:57.115+0000] {logging_mixin.py:154} INFO - [2024-11-06T08:52:57.115+0000] {dag.py:2941} INFO - Sync 1 DAGs
[2024-11-06T08:52:57.122+0000] {logging_mixin.py:154} INFO - [2024-11-06T08:52:57.121+0000] {dag.py:3722} INFO - Setting next_dagrun for example_python_operator to None, run_after=None
[2024-11-06T08:52:57.130+0000] {processor.py:179} INFO - Processing /home/airflow/.local/lib/python3.8/site-packages/airflow/example_dags/example_python_operator.py took 0.037 seconds
[2024-11-06T08:53:27.561+0000] {processor.py:157} INFO - Started process (PID=1165) to work on /home/airflow/.local/lib/python3.8/site-packages/airflow/example_dags/example_python_operator.py
[2024-11-06T08:53:27.562+0000] {processor.py:829} INFO - Processing file /home/airflow/.local/lib/python3.8/site-packages/airflow/example_dags/example_python_operator.py for tasks to queue
[2024-11-06T08:53:27.563+0000] {logging_mixin.py:154} INFO - [2024-11-06T08:53:27.563+0000] {dagbag.py:536} INFO - Filling up the DagBag from /home/airflow/.local/lib/python3.8/site-packages/airflow/example_dags/example_python_operator.py
[2024-11-06T08:53:27.567+0000] {processor.py:839} INFO - DAG(s) dict_keys(['example_python_operator']) retrieved from /home/airflow/.local/lib/python3.8/site-packages/airflow/example_dags/example_python_operator.py
[2024-11-06T08:53:27.576+0000] {logging_mixin.py:154} INFO - [2024-11-06T08:53:27.576+0000] {dag.py:2941} INFO - Sync 1 DAGs
[2024-11-06T08:53:27.581+0000] {logging_mixin.py:154} INFO - [2024-11-06T08:53:27.581+0000] {dag.py:3722} INFO - Setting next_dagrun for example_python_operator to None, run_after=None
[2024-11-06T08:53:27.653+0000] {processor.py:179} INFO - Processing /home/airflow/.local/lib/python3.8/site-packages/airflow/example_dags/example_python_operator.py took 0.093 seconds
[2024-11-06T08:53:58.034+0000] {processor.py:157} INFO - Started process (PID=1219) to work on /home/airflow/.local/lib/python3.8/site-packages/airflow/example_dags/example_python_operator.py
[2024-11-06T08:53:58.035+0000] {processor.py:829} INFO - Processing file /home/airflow/.local/lib/python3.8/site-packages/airflow/example_dags/example_python_operator.py for tasks to queue
[2024-11-06T08:53:58.036+0000] {logging_mixin.py:154} INFO - [2024-11-06T08:53:58.036+0000] {dagbag.py:536} INFO - Filling up the DagBag from /home/airflow/.local/lib/python3.8/site-packages/airflow/example_dags/example_python_operator.py
[2024-11-06T08:53:58.041+0000] {processor.py:839} INFO - DAG(s) dict_keys(['example_python_operator']) retrieved from /home/airflow/.local/lib/python3.8/site-packages/airflow/example_dags/example_python_operator.py
[2024-11-06T08:53:58.051+0000] {logging_mixin.py:154} INFO - [2024-11-06T08:53:58.051+0000] {dag.py:2941} INFO - Sync 1 DAGs
[2024-11-06T08:53:58.056+0000] {logging_mixin.py:154} INFO - [2024-11-06T08:53:58.056+0000] {dag.py:3722} INFO - Setting next_dagrun for example_python_operator to None, run_after=None
[2024-11-06T08:53:58.063+0000] {processor.py:179} INFO - Processing /home/airflow/.local/lib/python3.8/site-packages/airflow/example_dags/example_python_operator.py took 0.031 seconds
[2024-11-06T08:54:28.996+0000] {processor.py:157} INFO - Started process (PID=1273) to work on /home/airflow/.local/lib/python3.8/site-packages/airflow/example_dags/example_python_operator.py
[2024-11-06T08:54:28.996+0000] {processor.py:829} INFO - Processing file /home/airflow/.local/lib/python3.8/site-packages/airflow/example_dags/example_python_operator.py for tasks to queue
[2024-11-06T08:54:28.997+0000] {logging_mixin.py:154} INFO - [2024-11-06T08:54:28.997+0000] {dagbag.py:536} INFO - Filling up the DagBag from /home/airflow/.local/lib/python3.8/site-packages/airflow/example_dags/example_python_operator.py
[2024-11-06T08:54:29.001+0000] {processor.py:839} INFO - DAG(s) dict_keys(['example_python_operator']) retrieved from /home/airflow/.local/lib/python3.8/site-packages/airflow/example_dags/example_python_operator.py
[2024-11-06T08:54:29.012+0000] {logging_mixin.py:154} INFO - [2024-11-06T08:54:29.012+0000] {dag.py:2941} INFO - Sync 1 DAGs
[2024-11-06T08:54:29.018+0000] {logging_mixin.py:154} INFO - [2024-11-06T08:54:29.017+0000] {dag.py:3722} INFO - Setting next_dagrun for example_python_operator to None, run_after=None
[2024-11-06T08:54:29.025+0000] {processor.py:179} INFO - Processing /home/airflow/.local/lib/python3.8/site-packages/airflow/example_dags/example_python_operator.py took 0.031 seconds
[2024-11-06T08:54:59.623+0000] {processor.py:157} INFO - Started process (PID=1327) to work on /home/airflow/.local/lib/python3.8/site-packages/airflow/example_dags/example_python_operator.py
[2024-11-06T08:54:59.623+0000] {processor.py:829} INFO - Processing file /home/airflow/.local/lib/python3.8/site-packages/airflow/example_dags/example_python_operator.py for tasks to queue
[2024-11-06T08:54:59.624+0000] {logging_mixin.py:154} INFO - [2024-11-06T08:54:59.624+0000] {dagbag.py:536} INFO - Filling up the DagBag from /home/airflow/.local/lib/python3.8/site-packages/airflow/example_dags/example_python_operator.py
[2024-11-06T08:54:59.628+0000] {processor.py:839} INFO - DAG(s) dict_keys(['example_python_operator']) retrieved from /home/airflow/.local/lib/python3.8/site-packages/airflow/example_dags/example_python_operator.py
[2024-11-06T08:54:59.639+0000] {logging_mixin.py:154} INFO - [2024-11-06T08:54:59.639+0000] {dag.py:2941} INFO - Sync 1 DAGs
[2024-11-06T08:54:59.644+0000] {logging_mixin.py:154} INFO - [2024-11-06T08:54:59.644+0000] {dag.py:3722} INFO - Setting next_dagrun for example_python_operator to None, run_after=None
[2024-11-06T08:54:59.726+0000] {processor.py:179} INFO - Processing /home/airflow/.local/lib/python3.8/site-packages/airflow/example_dags/example_python_operator.py took 0.105 seconds
[2024-11-06T08:55:30.162+0000] {processor.py:157} INFO - Started process (PID=1381) to work on /home/airflow/.local/lib/python3.8/site-packages/airflow/example_dags/example_python_operator.py
[2024-11-06T08:55:30.162+0000] {processor.py:829} INFO - Processing file /home/airflow/.local/lib/python3.8/site-packages/airflow/example_dags/example_python_operator.py for tasks to queue
[2024-11-06T08:55:30.163+0000] {logging_mixin.py:154} INFO - [2024-11-06T08:55:30.163+0000] {dagbag.py:536} INFO - Filling up the DagBag from /home/airflow/.local/lib/python3.8/site-packages/airflow/example_dags/example_python_operator.py
[2024-11-06T08:55:30.167+0000] {processor.py:839} INFO - DAG(s) dict_keys(['example_python_operator']) retrieved from /home/airflow/.local/lib/python3.8/site-packages/airflow/example_dags/example_python_operator.py
[2024-11-06T08:55:30.177+0000] {logging_mixin.py:154} INFO - [2024-11-06T08:55:30.177+0000] {dag.py:2941} INFO - Sync 1 DAGs
[2024-11-06T08:55:30.182+0000] {logging_mixin.py:154} INFO - [2024-11-06T08:55:30.182+0000] {dag.py:3722} INFO - Setting next_dagrun for example_python_operator to None, run_after=None
[2024-11-06T08:55:30.189+0000] {processor.py:179} INFO - Processing /home/airflow/.local/lib/python3.8/site-packages/airflow/example_dags/example_python_operator.py took 0.029 seconds
[2024-11-06T08:56:01.480+0000] {processor.py:157} INFO - Started process (PID=1435) to work on /home/airflow/.local/lib/python3.8/site-packages/airflow/example_dags/example_python_operator.py
[2024-11-06T08:56:01.481+0000] {processor.py:829} INFO - Processing file /home/airflow/.local/lib/python3.8/site-packages/airflow/example_dags/example_python_operator.py for tasks to queue
[2024-11-06T08:56:01.482+0000] {logging_mixin.py:154} INFO - [2024-11-06T08:56:01.482+0000] {dagbag.py:536} INFO - Filling up the DagBag from /home/airflow/.local/lib/python3.8/site-packages/airflow/example_dags/example_python_operator.py
[2024-11-06T08:56:01.486+0000] {processor.py:839} INFO - DAG(s) dict_keys(['example_python_operator']) retrieved from /home/airflow/.local/lib/python3.8/site-packages/airflow/example_dags/example_python_operator.py
[2024-11-06T08:56:01.571+0000] {logging_mixin.py:154} INFO - [2024-11-06T08:56:01.571+0000] {dag.py:2941} INFO - Sync 1 DAGs
[2024-11-06T08:56:01.576+0000] {logging_mixin.py:154} INFO - [2024-11-06T08:56:01.576+0000] {dag.py:3722} INFO - Setting next_dagrun for example_python_operator to None, run_after=None
[2024-11-06T08:56:01.583+0000] {processor.py:179} INFO - Processing /home/airflow/.local/lib/python3.8/site-packages/airflow/example_dags/example_python_operator.py took 0.104 seconds
[2024-11-06T08:56:32.281+0000] {processor.py:157} INFO - Started process (PID=1489) to work on /home/airflow/.local/lib/python3.8/site-packages/airflow/example_dags/example_python_operator.py
[2024-11-06T08:56:32.282+0000] {processor.py:829} INFO - Processing file /home/airflow/.local/lib/python3.8/site-packages/airflow/example_dags/example_python_operator.py for tasks to queue
[2024-11-06T08:56:32.282+0000] {logging_mixin.py:154} INFO - [2024-11-06T08:56:32.282+0000] {dagbag.py:536} INFO - Filling up the DagBag from /home/airflow/.local/lib/python3.8/site-packages/airflow/example_dags/example_python_operator.py
[2024-11-06T08:56:32.287+0000] {processor.py:839} INFO - DAG(s) dict_keys(['example_python_operator']) retrieved from /home/airflow/.local/lib/python3.8/site-packages/airflow/example_dags/example_python_operator.py
[2024-11-06T08:56:32.299+0000] {logging_mixin.py:154} INFO - [2024-11-06T08:56:32.298+0000] {dag.py:2941} INFO - Sync 1 DAGs
[2024-11-06T08:56:32.304+0000] {logging_mixin.py:154} INFO - [2024-11-06T08:56:32.304+0000] {dag.py:3722} INFO - Setting next_dagrun for example_python_operator to None, run_after=None
[2024-11-06T08:56:32.387+0000] {processor.py:179} INFO - Processing /home/airflow/.local/lib/python3.8/site-packages/airflow/example_dags/example_python_operator.py took 0.107 seconds
[2024-11-06T08:57:02.501+0000] {processor.py:157} INFO - Started process (PID=1543) to work on /home/airflow/.local/lib/python3.8/site-packages/airflow/example_dags/example_python_operator.py
[2024-11-06T08:57:02.501+0000] {processor.py:829} INFO - Processing file /home/airflow/.local/lib/python3.8/site-packages/airflow/example_dags/example_python_operator.py for tasks to queue
[2024-11-06T08:57:02.504+0000] {logging_mixin.py:154} INFO - [2024-11-06T08:57:02.504+0000] {dagbag.py:536} INFO - Filling up the DagBag from /home/airflow/.local/lib/python3.8/site-packages/airflow/example_dags/example_python_operator.py
[2024-11-06T08:57:02.508+0000] {processor.py:839} INFO - DAG(s) dict_keys(['example_python_operator']) retrieved from /home/airflow/.local/lib/python3.8/site-packages/airflow/example_dags/example_python_operator.py
[2024-11-06T08:57:02.520+0000] {logging_mixin.py:154} INFO - [2024-11-06T08:57:02.520+0000] {dag.py:2941} INFO - Sync 1 DAGs
[2024-11-06T08:57:02.527+0000] {logging_mixin.py:154} INFO - [2024-11-06T08:57:02.527+0000] {dag.py:3722} INFO - Setting next_dagrun for example_python_operator to None, run_after=None
[2024-11-06T08:57:02.535+0000] {processor.py:179} INFO - Processing /home/airflow/.local/lib/python3.8/site-packages/airflow/example_dags/example_python_operator.py took 0.036 seconds
[2024-11-06T08:57:33.103+0000] {processor.py:157} INFO - Started process (PID=1597) to work on /home/airflow/.local/lib/python3.8/site-packages/airflow/example_dags/example_python_operator.py
[2024-11-06T08:57:33.103+0000] {processor.py:829} INFO - Processing file /home/airflow/.local/lib/python3.8/site-packages/airflow/example_dags/example_python_operator.py for tasks to queue
[2024-11-06T08:57:33.104+0000] {logging_mixin.py:154} INFO - [2024-11-06T08:57:33.104+0000] {dagbag.py:536} INFO - Filling up the DagBag from /home/airflow/.local/lib/python3.8/site-packages/airflow/example_dags/example_python_operator.py
[2024-11-06T08:57:33.109+0000] {processor.py:839} INFO - DAG(s) dict_keys(['example_python_operator']) retrieved from /home/airflow/.local/lib/python3.8/site-packages/airflow/example_dags/example_python_operator.py
[2024-11-06T08:57:33.195+0000] {logging_mixin.py:154} INFO - [2024-11-06T08:57:33.195+0000] {dag.py:2941} INFO - Sync 1 DAGs
[2024-11-06T08:57:33.200+0000] {logging_mixin.py:154} INFO - [2024-11-06T08:57:33.200+0000] {dag.py:3722} INFO - Setting next_dagrun for example_python_operator to None, run_after=None
[2024-11-06T08:57:33.207+0000] {processor.py:179} INFO - Processing /home/airflow/.local/lib/python3.8/site-packages/airflow/example_dags/example_python_operator.py took 0.106 seconds
[2024-11-06T08:58:03.874+0000] {processor.py:157} INFO - Started process (PID=1650) to work on /home/airflow/.local/lib/python3.8/site-packages/airflow/example_dags/example_python_operator.py
[2024-11-06T08:58:03.875+0000] {processor.py:829} INFO - Processing file /home/airflow/.local/lib/python3.8/site-packages/airflow/example_dags/example_python_operator.py for tasks to queue
[2024-11-06T08:58:03.877+0000] {logging_mixin.py:154} INFO - [2024-11-06T08:58:03.877+0000] {dagbag.py:536} INFO - Filling up the DagBag from /home/airflow/.local/lib/python3.8/site-packages/airflow/example_dags/example_python_operator.py
[2024-11-06T08:58:03.882+0000] {processor.py:839} INFO - DAG(s) dict_keys(['example_python_operator']) retrieved from /home/airflow/.local/lib/python3.8/site-packages/airflow/example_dags/example_python_operator.py
[2024-11-06T08:58:03.892+0000] {logging_mixin.py:154} INFO - [2024-11-06T08:58:03.892+0000] {dag.py:2941} INFO - Sync 1 DAGs
[2024-11-06T08:58:03.897+0000] {logging_mixin.py:154} INFO - [2024-11-06T08:58:03.897+0000] {dag.py:3722} INFO - Setting next_dagrun for example_python_operator to None, run_after=None
[2024-11-06T08:58:03.906+0000] {processor.py:179} INFO - Processing /home/airflow/.local/lib/python3.8/site-packages/airflow/example_dags/example_python_operator.py took 0.034 seconds
[2024-11-06T08:58:34.467+0000] {processor.py:157} INFO - Started process (PID=1704) to work on /home/airflow/.local/lib/python3.8/site-packages/airflow/example_dags/example_python_operator.py
[2024-11-06T08:58:34.469+0000] {processor.py:829} INFO - Processing file /home/airflow/.local/lib/python3.8/site-packages/airflow/example_dags/example_python_operator.py for tasks to queue
[2024-11-06T08:58:34.470+0000] {logging_mixin.py:154} INFO - [2024-11-06T08:58:34.470+0000] {dagbag.py:536} INFO - Filling up the DagBag from /home/airflow/.local/lib/python3.8/site-packages/airflow/example_dags/example_python_operator.py
[2024-11-06T08:58:34.474+0000] {processor.py:839} INFO - DAG(s) dict_keys(['example_python_operator']) retrieved from /home/airflow/.local/lib/python3.8/site-packages/airflow/example_dags/example_python_operator.py
[2024-11-06T08:58:34.484+0000] {logging_mixin.py:154} INFO - [2024-11-06T08:58:34.484+0000] {dag.py:2941} INFO - Sync 1 DAGs
[2024-11-06T08:58:34.491+0000] {logging_mixin.py:154} INFO - [2024-11-06T08:58:34.490+0000] {dag.py:3722} INFO - Setting next_dagrun for example_python_operator to None, run_after=None
[2024-11-06T08:58:34.499+0000] {processor.py:179} INFO - Processing /home/airflow/.local/lib/python3.8/site-packages/airflow/example_dags/example_python_operator.py took 0.034 seconds
[2024-11-06T09:17:57.690+0000] {processor.py:157} INFO - Started process (PID=1749) to work on /home/airflow/.local/lib/python3.8/site-packages/airflow/example_dags/example_python_operator.py
[2024-11-06T09:17:57.692+0000] {processor.py:829} INFO - Processing file /home/airflow/.local/lib/python3.8/site-packages/airflow/example_dags/example_python_operator.py for tasks to queue
[2024-11-06T09:17:57.693+0000] {logging_mixin.py:154} INFO - [2024-11-06T09:17:57.693+0000] {dagbag.py:536} INFO - Filling up the DagBag from /home/airflow/.local/lib/python3.8/site-packages/airflow/example_dags/example_python_operator.py
[2024-11-06T09:17:57.698+0000] {processor.py:839} INFO - DAG(s) dict_keys(['example_python_operator']) retrieved from /home/airflow/.local/lib/python3.8/site-packages/airflow/example_dags/example_python_operator.py
[2024-11-06T09:17:57.708+0000] {logging_mixin.py:154} INFO - [2024-11-06T09:17:57.708+0000] {dag.py:2941} INFO - Sync 1 DAGs
[2024-11-06T09:17:57.713+0000] {logging_mixin.py:154} INFO - [2024-11-06T09:17:57.713+0000] {dag.py:3722} INFO - Setting next_dagrun for example_python_operator to None, run_after=None
[2024-11-06T09:17:57.720+0000] {processor.py:179} INFO - Processing /home/airflow/.local/lib/python3.8/site-packages/airflow/example_dags/example_python_operator.py took 0.031 seconds
[2024-11-06T09:29:44.211+0000] {processor.py:157} INFO - Started process (PID=1803) to work on /home/airflow/.local/lib/python3.8/site-packages/airflow/example_dags/example_python_operator.py
[2024-11-06T09:29:44.212+0000] {processor.py:829} INFO - Processing file /home/airflow/.local/lib/python3.8/site-packages/airflow/example_dags/example_python_operator.py for tasks to queue
[2024-11-06T09:29:44.214+0000] {logging_mixin.py:154} INFO - [2024-11-06T09:29:44.214+0000] {dagbag.py:536} INFO - Filling up the DagBag from /home/airflow/.local/lib/python3.8/site-packages/airflow/example_dags/example_python_operator.py
[2024-11-06T09:29:44.221+0000] {processor.py:839} INFO - DAG(s) dict_keys(['example_python_operator']) retrieved from /home/airflow/.local/lib/python3.8/site-packages/airflow/example_dags/example_python_operator.py
[2024-11-06T09:29:44.243+0000] {logging_mixin.py:154} INFO - [2024-11-06T09:29:44.243+0000] {dag.py:2941} INFO - Sync 1 DAGs
[2024-11-06T09:29:44.256+0000] {logging_mixin.py:154} INFO - [2024-11-06T09:29:44.256+0000] {dag.py:3722} INFO - Setting next_dagrun for example_python_operator to None, run_after=None
[2024-11-06T09:29:44.287+0000] {processor.py:179} INFO - Processing /home/airflow/.local/lib/python3.8/site-packages/airflow/example_dags/example_python_operator.py took 0.078 seconds
[2024-11-06T10:28:13.969+0000] {processor.py:157} INFO - Started process (PID=1857) to work on /home/airflow/.local/lib/python3.8/site-packages/airflow/example_dags/example_python_operator.py
[2024-11-06T10:28:13.970+0000] {processor.py:829} INFO - Processing file /home/airflow/.local/lib/python3.8/site-packages/airflow/example_dags/example_python_operator.py for tasks to queue
[2024-11-06T10:28:13.971+0000] {logging_mixin.py:154} INFO - [2024-11-06T10:28:13.970+0000] {dagbag.py:536} INFO - Filling up the DagBag from /home/airflow/.local/lib/python3.8/site-packages/airflow/example_dags/example_python_operator.py
[2024-11-06T10:28:13.975+0000] {processor.py:839} INFO - DAG(s) dict_keys(['example_python_operator']) retrieved from /home/airflow/.local/lib/python3.8/site-packages/airflow/example_dags/example_python_operator.py
[2024-11-06T10:28:13.985+0000] {logging_mixin.py:154} INFO - [2024-11-06T10:28:13.985+0000] {dag.py:2941} INFO - Sync 1 DAGs
[2024-11-06T10:28:13.991+0000] {logging_mixin.py:154} INFO - [2024-11-06T10:28:13.991+0000] {dag.py:3722} INFO - Setting next_dagrun for example_python_operator to None, run_after=None
[2024-11-06T10:28:14.002+0000] {processor.py:179} INFO - Processing /home/airflow/.local/lib/python3.8/site-packages/airflow/example_dags/example_python_operator.py took 0.034 seconds
[2024-11-06T11:31:04.045+0000] {processor.py:157} INFO - Started process (PID=1911) to work on /home/airflow/.local/lib/python3.8/site-packages/airflow/example_dags/example_python_operator.py
[2024-11-06T11:31:04.046+0000] {processor.py:829} INFO - Processing file /home/airflow/.local/lib/python3.8/site-packages/airflow/example_dags/example_python_operator.py for tasks to queue
[2024-11-06T11:31:04.047+0000] {logging_mixin.py:154} INFO - [2024-11-06T11:31:04.047+0000] {dagbag.py:536} INFO - Filling up the DagBag from /home/airflow/.local/lib/python3.8/site-packages/airflow/example_dags/example_python_operator.py
[2024-11-06T11:31:04.051+0000] {processor.py:839} INFO - DAG(s) dict_keys(['example_python_operator']) retrieved from /home/airflow/.local/lib/python3.8/site-packages/airflow/example_dags/example_python_operator.py
[2024-11-06T11:31:04.063+0000] {logging_mixin.py:154} INFO - [2024-11-06T11:31:04.063+0000] {dag.py:2941} INFO - Sync 1 DAGs
[2024-11-06T11:31:04.068+0000] {logging_mixin.py:154} INFO - [2024-11-06T11:31:04.068+0000] {dag.py:3722} INFO - Setting next_dagrun for example_python_operator to None, run_after=None
[2024-11-06T11:31:04.080+0000] {processor.py:179} INFO - Processing /home/airflow/.local/lib/python3.8/site-packages/airflow/example_dags/example_python_operator.py took 0.036 seconds
[2024-11-06T11:59:50.546+0000] {processor.py:157} INFO - Started process (PID=1965) to work on /home/airflow/.local/lib/python3.8/site-packages/airflow/example_dags/example_python_operator.py
[2024-11-06T11:59:50.547+0000] {processor.py:829} INFO - Processing file /home/airflow/.local/lib/python3.8/site-packages/airflow/example_dags/example_python_operator.py for tasks to queue
[2024-11-06T11:59:50.549+0000] {logging_mixin.py:154} INFO - [2024-11-06T11:59:50.548+0000] {dagbag.py:536} INFO - Filling up the DagBag from /home/airflow/.local/lib/python3.8/site-packages/airflow/example_dags/example_python_operator.py
[2024-11-06T11:59:50.553+0000] {processor.py:839} INFO - DAG(s) dict_keys(['example_python_operator']) retrieved from /home/airflow/.local/lib/python3.8/site-packages/airflow/example_dags/example_python_operator.py
[2024-11-06T11:59:50.563+0000] {logging_mixin.py:154} INFO - [2024-11-06T11:59:50.563+0000] {dag.py:2941} INFO - Sync 1 DAGs
[2024-11-06T11:59:50.568+0000] {logging_mixin.py:154} INFO - [2024-11-06T11:59:50.568+0000] {dag.py:3722} INFO - Setting next_dagrun for example_python_operator to None, run_after=None
[2024-11-06T11:59:50.575+0000] {processor.py:179} INFO - Processing /home/airflow/.local/lib/python3.8/site-packages/airflow/example_dags/example_python_operator.py took 0.030 seconds
[2024-11-06T12:50:48.132+0000] {processor.py:157} INFO - Started process (PID=2019) to work on /home/airflow/.local/lib/python3.8/site-packages/airflow/example_dags/example_python_operator.py
[2024-11-06T12:50:48.133+0000] {processor.py:829} INFO - Processing file /home/airflow/.local/lib/python3.8/site-packages/airflow/example_dags/example_python_operator.py for tasks to queue
[2024-11-06T12:50:48.136+0000] {logging_mixin.py:154} INFO - [2024-11-06T12:50:48.135+0000] {dagbag.py:536} INFO - Filling up the DagBag from /home/airflow/.local/lib/python3.8/site-packages/airflow/example_dags/example_python_operator.py
[2024-11-06T12:50:48.145+0000] {processor.py:839} INFO - DAG(s) dict_keys(['example_python_operator']) retrieved from /home/airflow/.local/lib/python3.8/site-packages/airflow/example_dags/example_python_operator.py
[2024-11-06T12:50:48.164+0000] {logging_mixin.py:154} INFO - [2024-11-06T12:50:48.164+0000] {dag.py:2941} INFO - Sync 1 DAGs
[2024-11-06T12:50:48.170+0000] {logging_mixin.py:154} INFO - [2024-11-06T12:50:48.170+0000] {dag.py:3722} INFO - Setting next_dagrun for example_python_operator to None, run_after=None
[2024-11-06T12:50:48.183+0000] {processor.py:179} INFO - Processing /home/airflow/.local/lib/python3.8/site-packages/airflow/example_dags/example_python_operator.py took 0.055 seconds
[2024-11-06T12:52:35.814+0000] {processor.py:157} INFO - Started process (PID=2073) to work on /home/airflow/.local/lib/python3.8/site-packages/airflow/example_dags/example_python_operator.py
[2024-11-06T12:52:35.815+0000] {processor.py:829} INFO - Processing file /home/airflow/.local/lib/python3.8/site-packages/airflow/example_dags/example_python_operator.py for tasks to queue
[2024-11-06T12:52:35.817+0000] {logging_mixin.py:154} INFO - [2024-11-06T12:52:35.817+0000] {dagbag.py:536} INFO - Filling up the DagBag from /home/airflow/.local/lib/python3.8/site-packages/airflow/example_dags/example_python_operator.py
[2024-11-06T12:52:35.824+0000] {processor.py:839} INFO - DAG(s) dict_keys(['example_python_operator']) retrieved from /home/airflow/.local/lib/python3.8/site-packages/airflow/example_dags/example_python_operator.py
[2024-11-06T12:52:35.837+0000] {logging_mixin.py:154} INFO - [2024-11-06T12:52:35.837+0000] {dag.py:2941} INFO - Sync 1 DAGs
[2024-11-06T12:52:35.842+0000] {logging_mixin.py:154} INFO - [2024-11-06T12:52:35.842+0000] {dag.py:3722} INFO - Setting next_dagrun for example_python_operator to None, run_after=None
[2024-11-06T12:52:35.852+0000] {processor.py:179} INFO - Processing /home/airflow/.local/lib/python3.8/site-packages/airflow/example_dags/example_python_operator.py took 0.040 seconds
[2024-11-06T13:07:17.237+0000] {processor.py:157} INFO - Started process (PID=2127) to work on /home/airflow/.local/lib/python3.8/site-packages/airflow/example_dags/example_python_operator.py
[2024-11-06T13:07:17.237+0000] {processor.py:829} INFO - Processing file /home/airflow/.local/lib/python3.8/site-packages/airflow/example_dags/example_python_operator.py for tasks to queue
[2024-11-06T13:07:17.238+0000] {logging_mixin.py:154} INFO - [2024-11-06T13:07:17.238+0000] {dagbag.py:536} INFO - Filling up the DagBag from /home/airflow/.local/lib/python3.8/site-packages/airflow/example_dags/example_python_operator.py
[2024-11-06T13:07:17.242+0000] {processor.py:839} INFO - DAG(s) dict_keys(['example_python_operator']) retrieved from /home/airflow/.local/lib/python3.8/site-packages/airflow/example_dags/example_python_operator.py
[2024-11-06T13:07:17.254+0000] {logging_mixin.py:154} INFO - [2024-11-06T13:07:17.254+0000] {dag.py:2941} INFO - Sync 1 DAGs
[2024-11-06T13:07:17.260+0000] {logging_mixin.py:154} INFO - [2024-11-06T13:07:17.260+0000] {dag.py:3722} INFO - Setting next_dagrun for example_python_operator to None, run_after=None
[2024-11-06T13:07:17.270+0000] {processor.py:179} INFO - Processing /home/airflow/.local/lib/python3.8/site-packages/airflow/example_dags/example_python_operator.py took 0.034 seconds
[2024-11-06T13:47:32.161+0000] {processor.py:157} INFO - Started process (PID=2181) to work on /home/airflow/.local/lib/python3.8/site-packages/airflow/example_dags/example_python_operator.py
[2024-11-06T13:47:32.161+0000] {processor.py:829} INFO - Processing file /home/airflow/.local/lib/python3.8/site-packages/airflow/example_dags/example_python_operator.py for tasks to queue
[2024-11-06T13:47:32.163+0000] {logging_mixin.py:154} INFO - [2024-11-06T13:47:32.163+0000] {dagbag.py:536} INFO - Filling up the DagBag from /home/airflow/.local/lib/python3.8/site-packages/airflow/example_dags/example_python_operator.py
[2024-11-06T13:47:32.169+0000] {processor.py:839} INFO - DAG(s) dict_keys(['example_python_operator']) retrieved from /home/airflow/.local/lib/python3.8/site-packages/airflow/example_dags/example_python_operator.py
[2024-11-06T13:47:32.179+0000] {logging_mixin.py:154} INFO - [2024-11-06T13:47:32.179+0000] {dag.py:2941} INFO - Sync 1 DAGs
[2024-11-06T13:47:32.185+0000] {logging_mixin.py:154} INFO - [2024-11-06T13:47:32.185+0000] {dag.py:3722} INFO - Setting next_dagrun for example_python_operator to None, run_after=None
[2024-11-06T13:47:32.194+0000] {processor.py:179} INFO - Processing /home/airflow/.local/lib/python3.8/site-packages/airflow/example_dags/example_python_operator.py took 0.035 seconds
[2024-11-06T13:55:17.718+0000] {processor.py:157} INFO - Started process (PID=2235) to work on /home/airflow/.local/lib/python3.8/site-packages/airflow/example_dags/example_python_operator.py
[2024-11-06T13:55:17.720+0000] {processor.py:829} INFO - Processing file /home/airflow/.local/lib/python3.8/site-packages/airflow/example_dags/example_python_operator.py for tasks to queue
[2024-11-06T13:55:17.721+0000] {logging_mixin.py:154} INFO - [2024-11-06T13:55:17.721+0000] {dagbag.py:536} INFO - Filling up the DagBag from /home/airflow/.local/lib/python3.8/site-packages/airflow/example_dags/example_python_operator.py
[2024-11-06T13:55:17.726+0000] {processor.py:839} INFO - DAG(s) dict_keys(['example_python_operator']) retrieved from /home/airflow/.local/lib/python3.8/site-packages/airflow/example_dags/example_python_operator.py
[2024-11-06T13:55:17.737+0000] {logging_mixin.py:154} INFO - [2024-11-06T13:55:17.737+0000] {dag.py:2941} INFO - Sync 1 DAGs
[2024-11-06T13:55:17.742+0000] {logging_mixin.py:154} INFO - [2024-11-06T13:55:17.742+0000] {dag.py:3722} INFO - Setting next_dagrun for example_python_operator to None, run_after=None
[2024-11-06T13:55:17.749+0000] {processor.py:179} INFO - Processing /home/airflow/.local/lib/python3.8/site-packages/airflow/example_dags/example_python_operator.py took 0.032 seconds
[2024-11-06T14:00:22.500+0000] {processor.py:157} INFO - Started process (PID=2289) to work on /home/airflow/.local/lib/python3.8/site-packages/airflow/example_dags/example_python_operator.py
[2024-11-06T14:00:22.502+0000] {processor.py:829} INFO - Processing file /home/airflow/.local/lib/python3.8/site-packages/airflow/example_dags/example_python_operator.py for tasks to queue
[2024-11-06T14:00:22.503+0000] {logging_mixin.py:154} INFO - [2024-11-06T14:00:22.503+0000] {dagbag.py:536} INFO - Filling up the DagBag from /home/airflow/.local/lib/python3.8/site-packages/airflow/example_dags/example_python_operator.py
[2024-11-06T14:00:22.508+0000] {processor.py:839} INFO - DAG(s) dict_keys(['example_python_operator']) retrieved from /home/airflow/.local/lib/python3.8/site-packages/airflow/example_dags/example_python_operator.py
[2024-11-06T14:00:22.519+0000] {logging_mixin.py:154} INFO - [2024-11-06T14:00:22.519+0000] {dag.py:2941} INFO - Sync 1 DAGs
[2024-11-06T14:00:22.527+0000] {logging_mixin.py:154} INFO - [2024-11-06T14:00:22.527+0000] {dag.py:3722} INFO - Setting next_dagrun for example_python_operator to None, run_after=None
[2024-11-06T14:00:22.536+0000] {processor.py:179} INFO - Processing /home/airflow/.local/lib/python3.8/site-packages/airflow/example_dags/example_python_operator.py took 0.038 seconds
[2024-11-06T14:05:42.507+0000] {processor.py:157} INFO - Started process (PID=2343) to work on /home/airflow/.local/lib/python3.8/site-packages/airflow/example_dags/example_python_operator.py
[2024-11-06T14:05:42.508+0000] {processor.py:829} INFO - Processing file /home/airflow/.local/lib/python3.8/site-packages/airflow/example_dags/example_python_operator.py for tasks to queue
[2024-11-06T14:05:42.509+0000] {logging_mixin.py:154} INFO - [2024-11-06T14:05:42.509+0000] {dagbag.py:536} INFO - Filling up the DagBag from /home/airflow/.local/lib/python3.8/site-packages/airflow/example_dags/example_python_operator.py
[2024-11-06T14:05:42.514+0000] {processor.py:839} INFO - DAG(s) dict_keys(['example_python_operator']) retrieved from /home/airflow/.local/lib/python3.8/site-packages/airflow/example_dags/example_python_operator.py
[2024-11-06T14:05:42.528+0000] {logging_mixin.py:154} INFO - [2024-11-06T14:05:42.528+0000] {dag.py:2941} INFO - Sync 1 DAGs
[2024-11-06T14:05:42.534+0000] {logging_mixin.py:154} INFO - [2024-11-06T14:05:42.534+0000] {dag.py:3722} INFO - Setting next_dagrun for example_python_operator to None, run_after=None
[2024-11-06T14:05:42.549+0000] {processor.py:179} INFO - Processing /home/airflow/.local/lib/python3.8/site-packages/airflow/example_dags/example_python_operator.py took 0.043 seconds
[2024-11-06T14:09:56.935+0000] {processor.py:157} INFO - Started process (PID=2397) to work on /home/airflow/.local/lib/python3.8/site-packages/airflow/example_dags/example_python_operator.py
[2024-11-06T14:09:56.935+0000] {processor.py:829} INFO - Processing file /home/airflow/.local/lib/python3.8/site-packages/airflow/example_dags/example_python_operator.py for tasks to queue
[2024-11-06T14:09:56.937+0000] {logging_mixin.py:154} INFO - [2024-11-06T14:09:56.936+0000] {dagbag.py:536} INFO - Filling up the DagBag from /home/airflow/.local/lib/python3.8/site-packages/airflow/example_dags/example_python_operator.py
[2024-11-06T14:09:56.943+0000] {processor.py:839} INFO - DAG(s) dict_keys(['example_python_operator']) retrieved from /home/airflow/.local/lib/python3.8/site-packages/airflow/example_dags/example_python_operator.py
[2024-11-06T14:09:56.961+0000] {logging_mixin.py:154} INFO - [2024-11-06T14:09:56.961+0000] {dag.py:2941} INFO - Sync 1 DAGs
[2024-11-06T14:09:56.969+0000] {logging_mixin.py:154} INFO - [2024-11-06T14:09:56.969+0000] {dag.py:3722} INFO - Setting next_dagrun for example_python_operator to None, run_after=None
[2024-11-06T14:09:56.983+0000] {processor.py:179} INFO - Processing /home/airflow/.local/lib/python3.8/site-packages/airflow/example_dags/example_python_operator.py took 0.050 seconds
[2024-11-06T14:16:57.955+0000] {processor.py:157} INFO - Started process (PID=2451) to work on /home/airflow/.local/lib/python3.8/site-packages/airflow/example_dags/example_python_operator.py
[2024-11-06T14:16:57.957+0000] {processor.py:829} INFO - Processing file /home/airflow/.local/lib/python3.8/site-packages/airflow/example_dags/example_python_operator.py for tasks to queue
[2024-11-06T14:16:57.960+0000] {logging_mixin.py:154} INFO - [2024-11-06T14:16:57.959+0000] {dagbag.py:536} INFO - Filling up the DagBag from /home/airflow/.local/lib/python3.8/site-packages/airflow/example_dags/example_python_operator.py
[2024-11-06T14:16:57.965+0000] {processor.py:839} INFO - DAG(s) dict_keys(['example_python_operator']) retrieved from /home/airflow/.local/lib/python3.8/site-packages/airflow/example_dags/example_python_operator.py
[2024-11-06T14:16:57.981+0000] {logging_mixin.py:154} INFO - [2024-11-06T14:16:57.981+0000] {dag.py:2941} INFO - Sync 1 DAGs
[2024-11-06T14:16:57.988+0000] {logging_mixin.py:154} INFO - [2024-11-06T14:16:57.988+0000] {dag.py:3722} INFO - Setting next_dagrun for example_python_operator to None, run_after=None
[2024-11-06T14:16:57.997+0000] {processor.py:179} INFO - Processing /home/airflow/.local/lib/python3.8/site-packages/airflow/example_dags/example_python_operator.py took 0.044 seconds
[2024-11-06T14:23:15.596+0000] {processor.py:157} INFO - Started process (PID=2505) to work on /home/airflow/.local/lib/python3.8/site-packages/airflow/example_dags/example_python_operator.py
[2024-11-06T14:23:15.596+0000] {processor.py:829} INFO - Processing file /home/airflow/.local/lib/python3.8/site-packages/airflow/example_dags/example_python_operator.py for tasks to queue
[2024-11-06T14:23:15.598+0000] {logging_mixin.py:154} INFO - [2024-11-06T14:23:15.598+0000] {dagbag.py:536} INFO - Filling up the DagBag from /home/airflow/.local/lib/python3.8/site-packages/airflow/example_dags/example_python_operator.py
[2024-11-06T14:23:15.604+0000] {processor.py:839} INFO - DAG(s) dict_keys(['example_python_operator']) retrieved from /home/airflow/.local/lib/python3.8/site-packages/airflow/example_dags/example_python_operator.py
[2024-11-06T14:23:15.618+0000] {logging_mixin.py:154} INFO - [2024-11-06T14:23:15.618+0000] {dag.py:2941} INFO - Sync 1 DAGs
[2024-11-06T14:23:15.624+0000] {logging_mixin.py:154} INFO - [2024-11-06T14:23:15.624+0000] {dag.py:3722} INFO - Setting next_dagrun for example_python_operator to None, run_after=None
[2024-11-06T14:23:15.632+0000] {processor.py:179} INFO - Processing /home/airflow/.local/lib/python3.8/site-packages/airflow/example_dags/example_python_operator.py took 0.038 seconds
[2024-11-06T14:31:02.424+0000] {processor.py:157} INFO - Started process (PID=2558) to work on /home/airflow/.local/lib/python3.8/site-packages/airflow/example_dags/example_python_operator.py
[2024-11-06T14:31:02.425+0000] {processor.py:829} INFO - Processing file /home/airflow/.local/lib/python3.8/site-packages/airflow/example_dags/example_python_operator.py for tasks to queue
[2024-11-06T14:31:02.428+0000] {logging_mixin.py:154} INFO - [2024-11-06T14:31:02.428+0000] {dagbag.py:536} INFO - Filling up the DagBag from /home/airflow/.local/lib/python3.8/site-packages/airflow/example_dags/example_python_operator.py
[2024-11-06T14:31:02.432+0000] {processor.py:839} INFO - DAG(s) dict_keys(['example_python_operator']) retrieved from /home/airflow/.local/lib/python3.8/site-packages/airflow/example_dags/example_python_operator.py
[2024-11-06T14:31:02.443+0000] {logging_mixin.py:154} INFO - [2024-11-06T14:31:02.443+0000] {dag.py:2941} INFO - Sync 1 DAGs
[2024-11-06T14:31:02.449+0000] {logging_mixin.py:154} INFO - [2024-11-06T14:31:02.449+0000] {dag.py:3722} INFO - Setting next_dagrun for example_python_operator to None, run_after=None
[2024-11-06T14:31:02.458+0000] {processor.py:179} INFO - Processing /home/airflow/.local/lib/python3.8/site-packages/airflow/example_dags/example_python_operator.py took 0.036 seconds
[2024-11-06T14:36:36.847+0000] {processor.py:157} INFO - Started process (PID=2611) to work on /home/airflow/.local/lib/python3.8/site-packages/airflow/example_dags/example_python_operator.py
[2024-11-06T14:36:36.851+0000] {processor.py:829} INFO - Processing file /home/airflow/.local/lib/python3.8/site-packages/airflow/example_dags/example_python_operator.py for tasks to queue
[2024-11-06T14:36:36.852+0000] {logging_mixin.py:154} INFO - [2024-11-06T14:36:36.852+0000] {dagbag.py:536} INFO - Filling up the DagBag from /home/airflow/.local/lib/python3.8/site-packages/airflow/example_dags/example_python_operator.py
[2024-11-06T14:36:36.857+0000] {processor.py:839} INFO - DAG(s) dict_keys(['example_python_operator']) retrieved from /home/airflow/.local/lib/python3.8/site-packages/airflow/example_dags/example_python_operator.py
[2024-11-06T14:36:36.869+0000] {logging_mixin.py:154} INFO - [2024-11-06T14:36:36.869+0000] {dag.py:2941} INFO - Sync 1 DAGs
[2024-11-06T14:36:36.874+0000] {logging_mixin.py:154} INFO - [2024-11-06T14:36:36.874+0000] {dag.py:3722} INFO - Setting next_dagrun for example_python_operator to None, run_after=None
[2024-11-06T14:36:36.882+0000] {processor.py:179} INFO - Processing /home/airflow/.local/lib/python3.8/site-packages/airflow/example_dags/example_python_operator.py took 0.036 seconds
[2024-11-06T15:02:53.318+0000] {processor.py:157} INFO - Started process (PID=2665) to work on /home/airflow/.local/lib/python3.8/site-packages/airflow/example_dags/example_python_operator.py
[2024-11-06T15:02:53.319+0000] {processor.py:829} INFO - Processing file /home/airflow/.local/lib/python3.8/site-packages/airflow/example_dags/example_python_operator.py for tasks to queue
[2024-11-06T15:02:53.322+0000] {logging_mixin.py:154} INFO - [2024-11-06T15:02:53.322+0000] {dagbag.py:536} INFO - Filling up the DagBag from /home/airflow/.local/lib/python3.8/site-packages/airflow/example_dags/example_python_operator.py
[2024-11-06T15:02:53.326+0000] {processor.py:839} INFO - DAG(s) dict_keys(['example_python_operator']) retrieved from /home/airflow/.local/lib/python3.8/site-packages/airflow/example_dags/example_python_operator.py
[2024-11-06T15:02:53.339+0000] {logging_mixin.py:154} INFO - [2024-11-06T15:02:53.339+0000] {dag.py:2941} INFO - Sync 1 DAGs
[2024-11-06T15:02:53.345+0000] {logging_mixin.py:154} INFO - [2024-11-06T15:02:53.345+0000] {dag.py:3722} INFO - Setting next_dagrun for example_python_operator to None, run_after=None
[2024-11-06T15:02:53.353+0000] {processor.py:179} INFO - Processing /home/airflow/.local/lib/python3.8/site-packages/airflow/example_dags/example_python_operator.py took 0.037 seconds
[2024-11-06T15:37:17.272+0000] {processor.py:157} INFO - Started process (PID=2719) to work on /home/airflow/.local/lib/python3.8/site-packages/airflow/example_dags/example_python_operator.py
[2024-11-06T15:37:17.273+0000] {processor.py:829} INFO - Processing file /home/airflow/.local/lib/python3.8/site-packages/airflow/example_dags/example_python_operator.py for tasks to queue
[2024-11-06T15:37:17.274+0000] {logging_mixin.py:154} INFO - [2024-11-06T15:37:17.274+0000] {dagbag.py:536} INFO - Filling up the DagBag from /home/airflow/.local/lib/python3.8/site-packages/airflow/example_dags/example_python_operator.py
[2024-11-06T15:37:17.280+0000] {processor.py:839} INFO - DAG(s) dict_keys(['example_python_operator']) retrieved from /home/airflow/.local/lib/python3.8/site-packages/airflow/example_dags/example_python_operator.py
[2024-11-06T15:37:17.290+0000] {logging_mixin.py:154} INFO - [2024-11-06T15:37:17.290+0000] {dag.py:2941} INFO - Sync 1 DAGs
[2024-11-06T15:37:17.296+0000] {logging_mixin.py:154} INFO - [2024-11-06T15:37:17.296+0000] {dag.py:3722} INFO - Setting next_dagrun for example_python_operator to None, run_after=None
[2024-11-06T15:37:17.306+0000] {processor.py:179} INFO - Processing /home/airflow/.local/lib/python3.8/site-packages/airflow/example_dags/example_python_operator.py took 0.035 seconds
[2024-11-06T15:48:09.805+0000] {processor.py:157} INFO - Started process (PID=2773) to work on /home/airflow/.local/lib/python3.8/site-packages/airflow/example_dags/example_python_operator.py
[2024-11-06T15:48:09.806+0000] {processor.py:829} INFO - Processing file /home/airflow/.local/lib/python3.8/site-packages/airflow/example_dags/example_python_operator.py for tasks to queue
[2024-11-06T15:48:09.809+0000] {logging_mixin.py:154} INFO - [2024-11-06T15:48:09.808+0000] {dagbag.py:536} INFO - Filling up the DagBag from /home/airflow/.local/lib/python3.8/site-packages/airflow/example_dags/example_python_operator.py
[2024-11-06T15:48:09.818+0000] {processor.py:839} INFO - DAG(s) dict_keys(['example_python_operator']) retrieved from /home/airflow/.local/lib/python3.8/site-packages/airflow/example_dags/example_python_operator.py
[2024-11-06T15:48:09.840+0000] {logging_mixin.py:154} INFO - [2024-11-06T15:48:09.840+0000] {dag.py:2941} INFO - Sync 1 DAGs
[2024-11-06T15:48:09.849+0000] {logging_mixin.py:154} INFO - [2024-11-06T15:48:09.849+0000] {dag.py:3722} INFO - Setting next_dagrun for example_python_operator to None, run_after=None
[2024-11-06T15:48:09.869+0000] {processor.py:179} INFO - Processing /home/airflow/.local/lib/python3.8/site-packages/airflow/example_dags/example_python_operator.py took 0.067 seconds
[2024-11-06T16:49:04.082+0000] {processor.py:157} INFO - Started process (PID=2827) to work on /home/airflow/.local/lib/python3.8/site-packages/airflow/example_dags/example_python_operator.py
[2024-11-06T16:49:04.083+0000] {processor.py:829} INFO - Processing file /home/airflow/.local/lib/python3.8/site-packages/airflow/example_dags/example_python_operator.py for tasks to queue
[2024-11-06T16:49:04.084+0000] {logging_mixin.py:154} INFO - [2024-11-06T16:49:04.084+0000] {dagbag.py:536} INFO - Filling up the DagBag from /home/airflow/.local/lib/python3.8/site-packages/airflow/example_dags/example_python_operator.py
[2024-11-06T16:49:04.089+0000] {processor.py:839} INFO - DAG(s) dict_keys(['example_python_operator']) retrieved from /home/airflow/.local/lib/python3.8/site-packages/airflow/example_dags/example_python_operator.py
[2024-11-06T16:49:04.101+0000] {logging_mixin.py:154} INFO - [2024-11-06T16:49:04.101+0000] {dag.py:2941} INFO - Sync 1 DAGs
[2024-11-06T16:49:04.106+0000] {logging_mixin.py:154} INFO - [2024-11-06T16:49:04.106+0000] {dag.py:3722} INFO - Setting next_dagrun for example_python_operator to None, run_after=None
[2024-11-06T16:49:04.119+0000] {processor.py:179} INFO - Processing /home/airflow/.local/lib/python3.8/site-packages/airflow/example_dags/example_python_operator.py took 0.039 seconds
[2024-11-06T16:49:56.862+0000] {processor.py:157} INFO - Started process (PID=2881) to work on /home/airflow/.local/lib/python3.8/site-packages/airflow/example_dags/example_python_operator.py
[2024-11-06T16:49:56.864+0000] {processor.py:829} INFO - Processing file /home/airflow/.local/lib/python3.8/site-packages/airflow/example_dags/example_python_operator.py for tasks to queue
[2024-11-06T16:49:56.865+0000] {logging_mixin.py:154} INFO - [2024-11-06T16:49:56.865+0000] {dagbag.py:536} INFO - Filling up the DagBag from /home/airflow/.local/lib/python3.8/site-packages/airflow/example_dags/example_python_operator.py
[2024-11-06T16:49:56.870+0000] {processor.py:839} INFO - DAG(s) dict_keys(['example_python_operator']) retrieved from /home/airflow/.local/lib/python3.8/site-packages/airflow/example_dags/example_python_operator.py
[2024-11-06T16:49:56.880+0000] {logging_mixin.py:154} INFO - [2024-11-06T16:49:56.880+0000] {dag.py:2941} INFO - Sync 1 DAGs
[2024-11-06T16:49:56.886+0000] {logging_mixin.py:154} INFO - [2024-11-06T16:49:56.886+0000] {dag.py:3722} INFO - Setting next_dagrun for example_python_operator to None, run_after=None
[2024-11-06T16:49:56.900+0000] {processor.py:179} INFO - Processing /home/airflow/.local/lib/python3.8/site-packages/airflow/example_dags/example_python_operator.py took 0.040 seconds
[2024-11-06T17:40:08.873+0000] {processor.py:157} INFO - Started process (PID=2935) to work on /home/airflow/.local/lib/python3.8/site-packages/airflow/example_dags/example_python_operator.py
[2024-11-06T17:40:08.874+0000] {processor.py:829} INFO - Processing file /home/airflow/.local/lib/python3.8/site-packages/airflow/example_dags/example_python_operator.py for tasks to queue
[2024-11-06T17:40:08.875+0000] {logging_mixin.py:154} INFO - [2024-11-06T17:40:08.875+0000] {dagbag.py:536} INFO - Filling up the DagBag from /home/airflow/.local/lib/python3.8/site-packages/airflow/example_dags/example_python_operator.py
[2024-11-06T17:40:08.880+0000] {processor.py:839} INFO - DAG(s) dict_keys(['example_python_operator']) retrieved from /home/airflow/.local/lib/python3.8/site-packages/airflow/example_dags/example_python_operator.py
[2024-11-06T17:40:08.891+0000] {logging_mixin.py:154} INFO - [2024-11-06T17:40:08.891+0000] {dag.py:2941} INFO - Sync 1 DAGs
[2024-11-06T17:40:08.897+0000] {logging_mixin.py:154} INFO - [2024-11-06T17:40:08.897+0000] {dag.py:3722} INFO - Setting next_dagrun for example_python_operator to None, run_after=None
[2024-11-06T17:40:08.907+0000] {processor.py:179} INFO - Processing /home/airflow/.local/lib/python3.8/site-packages/airflow/example_dags/example_python_operator.py took 0.036 seconds
[2024-11-06T18:40:21.175+0000] {processor.py:157} INFO - Started process (PID=2989) to work on /home/airflow/.local/lib/python3.8/site-packages/airflow/example_dags/example_python_operator.py
[2024-11-06T18:40:21.176+0000] {processor.py:829} INFO - Processing file /home/airflow/.local/lib/python3.8/site-packages/airflow/example_dags/example_python_operator.py for tasks to queue
[2024-11-06T18:40:21.178+0000] {logging_mixin.py:154} INFO - [2024-11-06T18:40:21.178+0000] {dagbag.py:536} INFO - Filling up the DagBag from /home/airflow/.local/lib/python3.8/site-packages/airflow/example_dags/example_python_operator.py
[2024-11-06T18:40:21.183+0000] {processor.py:839} INFO - DAG(s) dict_keys(['example_python_operator']) retrieved from /home/airflow/.local/lib/python3.8/site-packages/airflow/example_dags/example_python_operator.py
[2024-11-06T18:40:21.195+0000] {logging_mixin.py:154} INFO - [2024-11-06T18:40:21.194+0000] {dag.py:2941} INFO - Sync 1 DAGs
[2024-11-06T18:40:21.200+0000] {logging_mixin.py:154} INFO - [2024-11-06T18:40:21.200+0000] {dag.py:3722} INFO - Setting next_dagrun for example_python_operator to None, run_after=None
[2024-11-06T18:40:21.208+0000] {processor.py:179} INFO - Processing /home/airflow/.local/lib/python3.8/site-packages/airflow/example_dags/example_python_operator.py took 0.035 seconds
[2024-11-06T19:56:55.006+0000] {processor.py:157} INFO - Started process (PID=3043) to work on /home/airflow/.local/lib/python3.8/site-packages/airflow/example_dags/example_python_operator.py
[2024-11-06T19:56:55.007+0000] {processor.py:829} INFO - Processing file /home/airflow/.local/lib/python3.8/site-packages/airflow/example_dags/example_python_operator.py for tasks to queue
[2024-11-06T19:56:55.009+0000] {logging_mixin.py:154} INFO - [2024-11-06T19:56:55.009+0000] {dagbag.py:536} INFO - Filling up the DagBag from /home/airflow/.local/lib/python3.8/site-packages/airflow/example_dags/example_python_operator.py
[2024-11-06T19:56:55.015+0000] {processor.py:839} INFO - DAG(s) dict_keys(['example_python_operator']) retrieved from /home/airflow/.local/lib/python3.8/site-packages/airflow/example_dags/example_python_operator.py
[2024-11-06T19:56:55.025+0000] {logging_mixin.py:154} INFO - [2024-11-06T19:56:55.025+0000] {dag.py:2941} INFO - Sync 1 DAGs
[2024-11-06T19:56:55.030+0000] {logging_mixin.py:154} INFO - [2024-11-06T19:56:55.030+0000] {dag.py:3722} INFO - Setting next_dagrun for example_python_operator to None, run_after=None
[2024-11-06T19:56:55.039+0000] {processor.py:179} INFO - Processing /home/airflow/.local/lib/python3.8/site-packages/airflow/example_dags/example_python_operator.py took 0.035 seconds
[2024-11-06T20:41:41.636+0000] {processor.py:157} INFO - Started process (PID=3097) to work on /home/airflow/.local/lib/python3.8/site-packages/airflow/example_dags/example_python_operator.py
[2024-11-06T20:41:41.636+0000] {processor.py:829} INFO - Processing file /home/airflow/.local/lib/python3.8/site-packages/airflow/example_dags/example_python_operator.py for tasks to queue
[2024-11-06T20:41:41.637+0000] {logging_mixin.py:154} INFO - [2024-11-06T20:41:41.637+0000] {dagbag.py:536} INFO - Filling up the DagBag from /home/airflow/.local/lib/python3.8/site-packages/airflow/example_dags/example_python_operator.py
[2024-11-06T20:41:41.642+0000] {processor.py:839} INFO - DAG(s) dict_keys(['example_python_operator']) retrieved from /home/airflow/.local/lib/python3.8/site-packages/airflow/example_dags/example_python_operator.py
[2024-11-06T20:41:41.653+0000] {logging_mixin.py:154} INFO - [2024-11-06T20:41:41.653+0000] {dag.py:2941} INFO - Sync 1 DAGs
[2024-11-06T20:41:41.659+0000] {logging_mixin.py:154} INFO - [2024-11-06T20:41:41.659+0000] {dag.py:3722} INFO - Setting next_dagrun for example_python_operator to None, run_after=None
[2024-11-06T20:41:41.669+0000] {processor.py:179} INFO - Processing /home/airflow/.local/lib/python3.8/site-packages/airflow/example_dags/example_python_operator.py took 0.034 seconds
[2024-11-06T22:09:51.108+0000] {processor.py:157} INFO - Started process (PID=3151) to work on /home/airflow/.local/lib/python3.8/site-packages/airflow/example_dags/example_python_operator.py
[2024-11-06T22:09:51.109+0000] {processor.py:829} INFO - Processing file /home/airflow/.local/lib/python3.8/site-packages/airflow/example_dags/example_python_operator.py for tasks to queue
[2024-11-06T22:09:51.111+0000] {logging_mixin.py:154} INFO - [2024-11-06T22:09:51.111+0000] {dagbag.py:536} INFO - Filling up the DagBag from /home/airflow/.local/lib/python3.8/site-packages/airflow/example_dags/example_python_operator.py
[2024-11-06T22:09:51.116+0000] {processor.py:839} INFO - DAG(s) dict_keys(['example_python_operator']) retrieved from /home/airflow/.local/lib/python3.8/site-packages/airflow/example_dags/example_python_operator.py
[2024-11-06T22:09:51.127+0000] {logging_mixin.py:154} INFO - [2024-11-06T22:09:51.127+0000] {dag.py:2941} INFO - Sync 1 DAGs
[2024-11-06T22:09:51.133+0000] {logging_mixin.py:154} INFO - [2024-11-06T22:09:51.132+0000] {dag.py:3722} INFO - Setting next_dagrun for example_python_operator to None, run_after=None
[2024-11-06T22:09:51.144+0000] {processor.py:179} INFO - Processing /home/airflow/.local/lib/python3.8/site-packages/airflow/example_dags/example_python_operator.py took 0.038 seconds
[2024-11-06T23:10:56.985+0000] {processor.py:157} INFO - Started process (PID=3205) to work on /home/airflow/.local/lib/python3.8/site-packages/airflow/example_dags/example_python_operator.py
[2024-11-06T23:10:56.986+0000] {processor.py:829} INFO - Processing file /home/airflow/.local/lib/python3.8/site-packages/airflow/example_dags/example_python_operator.py for tasks to queue
[2024-11-06T23:10:56.989+0000] {logging_mixin.py:154} INFO - [2024-11-06T23:10:56.988+0000] {dagbag.py:536} INFO - Filling up the DagBag from /home/airflow/.local/lib/python3.8/site-packages/airflow/example_dags/example_python_operator.py
[2024-11-06T23:10:56.998+0000] {processor.py:839} INFO - DAG(s) dict_keys(['example_python_operator']) retrieved from /home/airflow/.local/lib/python3.8/site-packages/airflow/example_dags/example_python_operator.py
[2024-11-06T23:10:57.018+0000] {logging_mixin.py:154} INFO - [2024-11-06T23:10:57.018+0000] {dag.py:2941} INFO - Sync 1 DAGs
[2024-11-06T23:10:57.026+0000] {logging_mixin.py:154} INFO - [2024-11-06T23:10:57.026+0000] {dag.py:3722} INFO - Setting next_dagrun for example_python_operator to None, run_after=None
[2024-11-06T23:10:57.095+0000] {processor.py:179} INFO - Processing /home/airflow/.local/lib/python3.8/site-packages/airflow/example_dags/example_python_operator.py took 0.117 seconds
[2024-11-06T23:49:21.557+0000] {processor.py:157} INFO - Started process (PID=3259) to work on /home/airflow/.local/lib/python3.8/site-packages/airflow/example_dags/example_python_operator.py
[2024-11-06T23:49:21.558+0000] {processor.py:829} INFO - Processing file /home/airflow/.local/lib/python3.8/site-packages/airflow/example_dags/example_python_operator.py for tasks to queue
[2024-11-06T23:49:21.561+0000] {logging_mixin.py:154} INFO - [2024-11-06T23:49:21.561+0000] {dagbag.py:536} INFO - Filling up the DagBag from /home/airflow/.local/lib/python3.8/site-packages/airflow/example_dags/example_python_operator.py
[2024-11-06T23:49:21.567+0000] {processor.py:839} INFO - DAG(s) dict_keys(['example_python_operator']) retrieved from /home/airflow/.local/lib/python3.8/site-packages/airflow/example_dags/example_python_operator.py
[2024-11-06T23:49:21.578+0000] {logging_mixin.py:154} INFO - [2024-11-06T23:49:21.578+0000] {dag.py:2941} INFO - Sync 1 DAGs
[2024-11-06T23:49:21.586+0000] {logging_mixin.py:154} INFO - [2024-11-06T23:49:21.586+0000] {dag.py:3722} INFO - Setting next_dagrun for example_python_operator to None, run_after=None
[2024-11-06T23:49:21.593+0000] {processor.py:179} INFO - Processing /home/airflow/.local/lib/python3.8/site-packages/airflow/example_dags/example_python_operator.py took 0.038 seconds
