[2024-11-06T08:43:20.091+0000] {processor.py:157} INFO - Started process (PID=77) to work on /home/airflow/.local/lib/python3.8/site-packages/airflow/example_dags/example_kubernetes_executor.py
[2024-11-06T08:43:20.092+0000] {processor.py:829} INFO - Processing file /home/airflow/.local/lib/python3.8/site-packages/airflow/example_dags/example_kubernetes_executor.py for tasks to queue
[2024-11-06T08:43:20.094+0000] {logging_mixin.py:154} INFO - [2024-11-06T08:43:20.094+0000] {dagbag.py:536} INFO - Filling up the DagBag from /home/airflow/.local/lib/python3.8/site-packages/airflow/example_dags/example_kubernetes_executor.py
[2024-11-06T08:43:20.104+0000] {processor.py:839} INFO - DAG(s) dict_keys(['example_kubernetes_executor']) retrieved from /home/airflow/.local/lib/python3.8/site-packages/airflow/example_dags/example_kubernetes_executor.py
[2024-11-06T08:43:20.117+0000] {logging_mixin.py:154} INFO - [2024-11-06T08:43:20.117+0000] {dag.py:2941} INFO - Sync 1 DAGs
[2024-11-06T08:43:20.131+0000] {logging_mixin.py:154} INFO - [2024-11-06T08:43:20.131+0000] {dag.py:3722} INFO - Setting next_dagrun for example_kubernetes_executor to None, run_after=None
[2024-11-06T08:43:20.157+0000] {processor.py:179} INFO - Processing /home/airflow/.local/lib/python3.8/site-packages/airflow/example_dags/example_kubernetes_executor.py took 0.068 seconds
[2024-11-06T08:43:50.259+0000] {processor.py:157} INFO - Started process (PID=131) to work on /home/airflow/.local/lib/python3.8/site-packages/airflow/example_dags/example_kubernetes_executor.py
[2024-11-06T08:43:50.259+0000] {processor.py:829} INFO - Processing file /home/airflow/.local/lib/python3.8/site-packages/airflow/example_dags/example_kubernetes_executor.py for tasks to queue
[2024-11-06T08:43:50.260+0000] {logging_mixin.py:154} INFO - [2024-11-06T08:43:50.260+0000] {dagbag.py:536} INFO - Filling up the DagBag from /home/airflow/.local/lib/python3.8/site-packages/airflow/example_dags/example_kubernetes_executor.py
[2024-11-06T08:43:50.266+0000] {processor.py:839} INFO - DAG(s) dict_keys(['example_kubernetes_executor']) retrieved from /home/airflow/.local/lib/python3.8/site-packages/airflow/example_dags/example_kubernetes_executor.py
[2024-11-06T08:43:50.283+0000] {logging_mixin.py:154} INFO - [2024-11-06T08:43:50.283+0000] {dag.py:2941} INFO - Sync 1 DAGs
[2024-11-06T08:43:50.288+0000] {logging_mixin.py:154} INFO - [2024-11-06T08:43:50.288+0000] {dag.py:3722} INFO - Setting next_dagrun for example_kubernetes_executor to None, run_after=None
[2024-11-06T08:43:50.298+0000] {processor.py:179} INFO - Processing /home/airflow/.local/lib/python3.8/site-packages/airflow/example_dags/example_kubernetes_executor.py took 0.041 seconds
[2024-11-06T08:44:20.611+0000] {processor.py:157} INFO - Started process (PID=185) to work on /home/airflow/.local/lib/python3.8/site-packages/airflow/example_dags/example_kubernetes_executor.py
[2024-11-06T08:44:20.614+0000] {processor.py:829} INFO - Processing file /home/airflow/.local/lib/python3.8/site-packages/airflow/example_dags/example_kubernetes_executor.py for tasks to queue
[2024-11-06T08:44:20.616+0000] {logging_mixin.py:154} INFO - [2024-11-06T08:44:20.616+0000] {dagbag.py:536} INFO - Filling up the DagBag from /home/airflow/.local/lib/python3.8/site-packages/airflow/example_dags/example_kubernetes_executor.py
[2024-11-06T08:44:20.622+0000] {processor.py:839} INFO - DAG(s) dict_keys(['example_kubernetes_executor']) retrieved from /home/airflow/.local/lib/python3.8/site-packages/airflow/example_dags/example_kubernetes_executor.py
[2024-11-06T08:44:20.643+0000] {logging_mixin.py:154} INFO - [2024-11-06T08:44:20.643+0000] {dag.py:2941} INFO - Sync 1 DAGs
[2024-11-06T08:44:20.649+0000] {logging_mixin.py:154} INFO - [2024-11-06T08:44:20.649+0000] {dag.py:3722} INFO - Setting next_dagrun for example_kubernetes_executor to None, run_after=None
[2024-11-06T08:44:20.659+0000] {processor.py:179} INFO - Processing /home/airflow/.local/lib/python3.8/site-packages/airflow/example_dags/example_kubernetes_executor.py took 0.050 seconds
[2024-11-06T08:44:50.982+0000] {processor.py:157} INFO - Started process (PID=239) to work on /home/airflow/.local/lib/python3.8/site-packages/airflow/example_dags/example_kubernetes_executor.py
[2024-11-06T08:44:50.983+0000] {processor.py:829} INFO - Processing file /home/airflow/.local/lib/python3.8/site-packages/airflow/example_dags/example_kubernetes_executor.py for tasks to queue
[2024-11-06T08:44:50.984+0000] {logging_mixin.py:154} INFO - [2024-11-06T08:44:50.983+0000] {dagbag.py:536} INFO - Filling up the DagBag from /home/airflow/.local/lib/python3.8/site-packages/airflow/example_dags/example_kubernetes_executor.py
[2024-11-06T08:44:50.990+0000] {processor.py:839} INFO - DAG(s) dict_keys(['example_kubernetes_executor']) retrieved from /home/airflow/.local/lib/python3.8/site-packages/airflow/example_dags/example_kubernetes_executor.py
[2024-11-06T08:44:51.008+0000] {logging_mixin.py:154} INFO - [2024-11-06T08:44:51.008+0000] {dag.py:2941} INFO - Sync 1 DAGs
[2024-11-06T08:44:51.013+0000] {logging_mixin.py:154} INFO - [2024-11-06T08:44:51.013+0000] {dag.py:3722} INFO - Setting next_dagrun for example_kubernetes_executor to None, run_after=None
[2024-11-06T08:44:51.028+0000] {processor.py:179} INFO - Processing /home/airflow/.local/lib/python3.8/site-packages/airflow/example_dags/example_kubernetes_executor.py took 0.047 seconds
[2024-11-06T08:45:21.324+0000] {processor.py:157} INFO - Started process (PID=293) to work on /home/airflow/.local/lib/python3.8/site-packages/airflow/example_dags/example_kubernetes_executor.py
[2024-11-06T08:45:21.325+0000] {processor.py:829} INFO - Processing file /home/airflow/.local/lib/python3.8/site-packages/airflow/example_dags/example_kubernetes_executor.py for tasks to queue
[2024-11-06T08:45:21.326+0000] {logging_mixin.py:154} INFO - [2024-11-06T08:45:21.326+0000] {dagbag.py:536} INFO - Filling up the DagBag from /home/airflow/.local/lib/python3.8/site-packages/airflow/example_dags/example_kubernetes_executor.py
[2024-11-06T08:45:21.332+0000] {processor.py:839} INFO - DAG(s) dict_keys(['example_kubernetes_executor']) retrieved from /home/airflow/.local/lib/python3.8/site-packages/airflow/example_dags/example_kubernetes_executor.py
[2024-11-06T08:45:21.351+0000] {logging_mixin.py:154} INFO - [2024-11-06T08:45:21.351+0000] {dag.py:2941} INFO - Sync 1 DAGs
[2024-11-06T08:45:21.357+0000] {logging_mixin.py:154} INFO - [2024-11-06T08:45:21.357+0000] {dag.py:3722} INFO - Setting next_dagrun for example_kubernetes_executor to None, run_after=None
[2024-11-06T08:45:21.367+0000] {processor.py:179} INFO - Processing /home/airflow/.local/lib/python3.8/site-packages/airflow/example_dags/example_kubernetes_executor.py took 0.045 seconds
[2024-11-06T08:45:51.728+0000] {processor.py:157} INFO - Started process (PID=347) to work on /home/airflow/.local/lib/python3.8/site-packages/airflow/example_dags/example_kubernetes_executor.py
[2024-11-06T08:45:51.730+0000] {processor.py:829} INFO - Processing file /home/airflow/.local/lib/python3.8/site-packages/airflow/example_dags/example_kubernetes_executor.py for tasks to queue
[2024-11-06T08:45:51.731+0000] {logging_mixin.py:154} INFO - [2024-11-06T08:45:51.731+0000] {dagbag.py:536} INFO - Filling up the DagBag from /home/airflow/.local/lib/python3.8/site-packages/airflow/example_dags/example_kubernetes_executor.py
[2024-11-06T08:45:51.736+0000] {processor.py:839} INFO - DAG(s) dict_keys(['example_kubernetes_executor']) retrieved from /home/airflow/.local/lib/python3.8/site-packages/airflow/example_dags/example_kubernetes_executor.py
[2024-11-06T08:45:51.752+0000] {logging_mixin.py:154} INFO - [2024-11-06T08:45:51.752+0000] {dag.py:2941} INFO - Sync 1 DAGs
[2024-11-06T08:45:51.757+0000] {logging_mixin.py:154} INFO - [2024-11-06T08:45:51.757+0000] {dag.py:3722} INFO - Setting next_dagrun for example_kubernetes_executor to None, run_after=None
[2024-11-06T08:45:51.766+0000] {processor.py:179} INFO - Processing /home/airflow/.local/lib/python3.8/site-packages/airflow/example_dags/example_kubernetes_executor.py took 0.040 seconds
[2024-11-06T08:46:22.366+0000] {processor.py:157} INFO - Started process (PID=401) to work on /home/airflow/.local/lib/python3.8/site-packages/airflow/example_dags/example_kubernetes_executor.py
[2024-11-06T08:46:22.366+0000] {processor.py:829} INFO - Processing file /home/airflow/.local/lib/python3.8/site-packages/airflow/example_dags/example_kubernetes_executor.py for tasks to queue
[2024-11-06T08:46:22.367+0000] {logging_mixin.py:154} INFO - [2024-11-06T08:46:22.367+0000] {dagbag.py:536} INFO - Filling up the DagBag from /home/airflow/.local/lib/python3.8/site-packages/airflow/example_dags/example_kubernetes_executor.py
[2024-11-06T08:46:22.374+0000] {processor.py:839} INFO - DAG(s) dict_keys(['example_kubernetes_executor']) retrieved from /home/airflow/.local/lib/python3.8/site-packages/airflow/example_dags/example_kubernetes_executor.py
[2024-11-06T08:46:22.412+0000] {logging_mixin.py:154} INFO - [2024-11-06T08:46:22.411+0000] {dag.py:2941} INFO - Sync 1 DAGs
[2024-11-06T08:46:22.418+0000] {logging_mixin.py:154} INFO - [2024-11-06T08:46:22.418+0000] {dag.py:3722} INFO - Setting next_dagrun for example_kubernetes_executor to None, run_after=None
[2024-11-06T08:46:22.430+0000] {processor.py:179} INFO - Processing /home/airflow/.local/lib/python3.8/site-packages/airflow/example_dags/example_kubernetes_executor.py took 0.066 seconds
[2024-11-06T08:46:53.020+0000] {processor.py:157} INFO - Started process (PID=462) to work on /home/airflow/.local/lib/python3.8/site-packages/airflow/example_dags/example_kubernetes_executor.py
[2024-11-06T08:46:53.020+0000] {processor.py:829} INFO - Processing file /home/airflow/.local/lib/python3.8/site-packages/airflow/example_dags/example_kubernetes_executor.py for tasks to queue
[2024-11-06T08:46:53.022+0000] {logging_mixin.py:154} INFO - [2024-11-06T08:46:53.021+0000] {dagbag.py:536} INFO - Filling up the DagBag from /home/airflow/.local/lib/python3.8/site-packages/airflow/example_dags/example_kubernetes_executor.py
[2024-11-06T08:46:53.029+0000] {processor.py:839} INFO - DAG(s) dict_keys(['example_kubernetes_executor']) retrieved from /home/airflow/.local/lib/python3.8/site-packages/airflow/example_dags/example_kubernetes_executor.py
[2024-11-06T08:46:53.046+0000] {logging_mixin.py:154} INFO - [2024-11-06T08:46:53.046+0000] {dag.py:2941} INFO - Sync 1 DAGs
[2024-11-06T08:46:53.052+0000] {logging_mixin.py:154} INFO - [2024-11-06T08:46:53.052+0000] {dag.py:3722} INFO - Setting next_dagrun for example_kubernetes_executor to None, run_after=None
[2024-11-06T08:46:53.060+0000] {processor.py:179} INFO - Processing /home/airflow/.local/lib/python3.8/site-packages/airflow/example_dags/example_kubernetes_executor.py took 0.041 seconds
[2024-11-06T08:47:23.373+0000] {processor.py:157} INFO - Started process (PID=516) to work on /home/airflow/.local/lib/python3.8/site-packages/airflow/example_dags/example_kubernetes_executor.py
[2024-11-06T08:47:23.374+0000] {processor.py:829} INFO - Processing file /home/airflow/.local/lib/python3.8/site-packages/airflow/example_dags/example_kubernetes_executor.py for tasks to queue
[2024-11-06T08:47:23.376+0000] {logging_mixin.py:154} INFO - [2024-11-06T08:47:23.376+0000] {dagbag.py:536} INFO - Filling up the DagBag from /home/airflow/.local/lib/python3.8/site-packages/airflow/example_dags/example_kubernetes_executor.py
[2024-11-06T08:47:23.382+0000] {processor.py:839} INFO - DAG(s) dict_keys(['example_kubernetes_executor']) retrieved from /home/airflow/.local/lib/python3.8/site-packages/airflow/example_dags/example_kubernetes_executor.py
[2024-11-06T08:47:23.399+0000] {logging_mixin.py:154} INFO - [2024-11-06T08:47:23.399+0000] {dag.py:2941} INFO - Sync 1 DAGs
[2024-11-06T08:47:23.409+0000] {logging_mixin.py:154} INFO - [2024-11-06T08:47:23.409+0000] {dag.py:3722} INFO - Setting next_dagrun for example_kubernetes_executor to None, run_after=None
[2024-11-06T08:47:23.417+0000] {processor.py:179} INFO - Processing /home/airflow/.local/lib/python3.8/site-packages/airflow/example_dags/example_kubernetes_executor.py took 0.045 seconds
[2024-11-06T08:47:53.755+0000] {processor.py:157} INFO - Started process (PID=571) to work on /home/airflow/.local/lib/python3.8/site-packages/airflow/example_dags/example_kubernetes_executor.py
[2024-11-06T08:47:53.755+0000] {processor.py:829} INFO - Processing file /home/airflow/.local/lib/python3.8/site-packages/airflow/example_dags/example_kubernetes_executor.py for tasks to queue
[2024-11-06T08:47:53.756+0000] {logging_mixin.py:154} INFO - [2024-11-06T08:47:53.756+0000] {dagbag.py:536} INFO - Filling up the DagBag from /home/airflow/.local/lib/python3.8/site-packages/airflow/example_dags/example_kubernetes_executor.py
[2024-11-06T08:47:53.762+0000] {processor.py:839} INFO - DAG(s) dict_keys(['example_kubernetes_executor']) retrieved from /home/airflow/.local/lib/python3.8/site-packages/airflow/example_dags/example_kubernetes_executor.py
[2024-11-06T08:47:53.780+0000] {logging_mixin.py:154} INFO - [2024-11-06T08:47:53.780+0000] {dag.py:2941} INFO - Sync 1 DAGs
[2024-11-06T08:47:53.785+0000] {logging_mixin.py:154} INFO - [2024-11-06T08:47:53.785+0000] {dag.py:3722} INFO - Setting next_dagrun for example_kubernetes_executor to None, run_after=None
[2024-11-06T08:47:53.794+0000] {processor.py:179} INFO - Processing /home/airflow/.local/lib/python3.8/site-packages/airflow/example_dags/example_kubernetes_executor.py took 0.041 seconds
[2024-11-06T08:48:24.091+0000] {processor.py:157} INFO - Started process (PID=625) to work on /home/airflow/.local/lib/python3.8/site-packages/airflow/example_dags/example_kubernetes_executor.py
[2024-11-06T08:48:24.092+0000] {processor.py:829} INFO - Processing file /home/airflow/.local/lib/python3.8/site-packages/airflow/example_dags/example_kubernetes_executor.py for tasks to queue
[2024-11-06T08:48:24.096+0000] {logging_mixin.py:154} INFO - [2024-11-06T08:48:24.095+0000] {dagbag.py:536} INFO - Filling up the DagBag from /home/airflow/.local/lib/python3.8/site-packages/airflow/example_dags/example_kubernetes_executor.py
[2024-11-06T08:48:24.102+0000] {processor.py:839} INFO - DAG(s) dict_keys(['example_kubernetes_executor']) retrieved from /home/airflow/.local/lib/python3.8/site-packages/airflow/example_dags/example_kubernetes_executor.py
[2024-11-06T08:48:24.123+0000] {logging_mixin.py:154} INFO - [2024-11-06T08:48:24.123+0000] {dag.py:2941} INFO - Sync 1 DAGs
[2024-11-06T08:48:24.132+0000] {logging_mixin.py:154} INFO - [2024-11-06T08:48:24.132+0000] {dag.py:3722} INFO - Setting next_dagrun for example_kubernetes_executor to None, run_after=None
[2024-11-06T08:48:24.139+0000] {processor.py:179} INFO - Processing /home/airflow/.local/lib/python3.8/site-packages/airflow/example_dags/example_kubernetes_executor.py took 0.049 seconds
[2024-11-06T08:48:54.374+0000] {processor.py:157} INFO - Started process (PID=679) to work on /home/airflow/.local/lib/python3.8/site-packages/airflow/example_dags/example_kubernetes_executor.py
[2024-11-06T08:48:54.374+0000] {processor.py:829} INFO - Processing file /home/airflow/.local/lib/python3.8/site-packages/airflow/example_dags/example_kubernetes_executor.py for tasks to queue
[2024-11-06T08:48:54.376+0000] {logging_mixin.py:154} INFO - [2024-11-06T08:48:54.376+0000] {dagbag.py:536} INFO - Filling up the DagBag from /home/airflow/.local/lib/python3.8/site-packages/airflow/example_dags/example_kubernetes_executor.py
[2024-11-06T08:48:54.386+0000] {processor.py:839} INFO - DAG(s) dict_keys(['example_kubernetes_executor']) retrieved from /home/airflow/.local/lib/python3.8/site-packages/airflow/example_dags/example_kubernetes_executor.py
[2024-11-06T08:48:54.403+0000] {logging_mixin.py:154} INFO - [2024-11-06T08:48:54.403+0000] {dag.py:2941} INFO - Sync 1 DAGs
[2024-11-06T08:48:54.409+0000] {logging_mixin.py:154} INFO - [2024-11-06T08:48:54.409+0000] {dag.py:3722} INFO - Setting next_dagrun for example_kubernetes_executor to None, run_after=None
[2024-11-06T08:48:54.419+0000] {processor.py:179} INFO - Processing /home/airflow/.local/lib/python3.8/site-packages/airflow/example_dags/example_kubernetes_executor.py took 0.047 seconds
[2024-11-06T08:49:24.616+0000] {processor.py:157} INFO - Started process (PID=733) to work on /home/airflow/.local/lib/python3.8/site-packages/airflow/example_dags/example_kubernetes_executor.py
[2024-11-06T08:49:24.616+0000] {processor.py:829} INFO - Processing file /home/airflow/.local/lib/python3.8/site-packages/airflow/example_dags/example_kubernetes_executor.py for tasks to queue
[2024-11-06T08:49:24.617+0000] {logging_mixin.py:154} INFO - [2024-11-06T08:49:24.617+0000] {dagbag.py:536} INFO - Filling up the DagBag from /home/airflow/.local/lib/python3.8/site-packages/airflow/example_dags/example_kubernetes_executor.py
[2024-11-06T08:49:24.623+0000] {processor.py:839} INFO - DAG(s) dict_keys(['example_kubernetes_executor']) retrieved from /home/airflow/.local/lib/python3.8/site-packages/airflow/example_dags/example_kubernetes_executor.py
[2024-11-06T08:49:24.638+0000] {logging_mixin.py:154} INFO - [2024-11-06T08:49:24.638+0000] {dag.py:2941} INFO - Sync 1 DAGs
[2024-11-06T08:49:24.643+0000] {logging_mixin.py:154} INFO - [2024-11-06T08:49:24.643+0000] {dag.py:3722} INFO - Setting next_dagrun for example_kubernetes_executor to None, run_after=None
[2024-11-06T08:49:24.650+0000] {processor.py:179} INFO - Processing /home/airflow/.local/lib/python3.8/site-packages/airflow/example_dags/example_kubernetes_executor.py took 0.036 seconds
[2024-11-06T08:49:54.856+0000] {processor.py:157} INFO - Started process (PID=786) to work on /home/airflow/.local/lib/python3.8/site-packages/airflow/example_dags/example_kubernetes_executor.py
[2024-11-06T08:49:54.857+0000] {processor.py:829} INFO - Processing file /home/airflow/.local/lib/python3.8/site-packages/airflow/example_dags/example_kubernetes_executor.py for tasks to queue
[2024-11-06T08:49:54.858+0000] {logging_mixin.py:154} INFO - [2024-11-06T08:49:54.858+0000] {dagbag.py:536} INFO - Filling up the DagBag from /home/airflow/.local/lib/python3.8/site-packages/airflow/example_dags/example_kubernetes_executor.py
[2024-11-06T08:49:54.864+0000] {processor.py:839} INFO - DAG(s) dict_keys(['example_kubernetes_executor']) retrieved from /home/airflow/.local/lib/python3.8/site-packages/airflow/example_dags/example_kubernetes_executor.py
[2024-11-06T08:49:54.879+0000] {logging_mixin.py:154} INFO - [2024-11-06T08:49:54.878+0000] {dag.py:2941} INFO - Sync 1 DAGs
[2024-11-06T08:49:54.883+0000] {logging_mixin.py:154} INFO - [2024-11-06T08:49:54.883+0000] {dag.py:3722} INFO - Setting next_dagrun for example_kubernetes_executor to None, run_after=None
[2024-11-06T08:49:54.891+0000] {processor.py:179} INFO - Processing /home/airflow/.local/lib/python3.8/site-packages/airflow/example_dags/example_kubernetes_executor.py took 0.036 seconds
[2024-11-06T08:50:25.088+0000] {processor.py:157} INFO - Started process (PID=840) to work on /home/airflow/.local/lib/python3.8/site-packages/airflow/example_dags/example_kubernetes_executor.py
[2024-11-06T08:50:25.088+0000] {processor.py:829} INFO - Processing file /home/airflow/.local/lib/python3.8/site-packages/airflow/example_dags/example_kubernetes_executor.py for tasks to queue
[2024-11-06T08:50:25.093+0000] {logging_mixin.py:154} INFO - [2024-11-06T08:50:25.092+0000] {dagbag.py:536} INFO - Filling up the DagBag from /home/airflow/.local/lib/python3.8/site-packages/airflow/example_dags/example_kubernetes_executor.py
[2024-11-06T08:50:25.098+0000] {processor.py:839} INFO - DAG(s) dict_keys(['example_kubernetes_executor']) retrieved from /home/airflow/.local/lib/python3.8/site-packages/airflow/example_dags/example_kubernetes_executor.py
[2024-11-06T08:50:25.115+0000] {logging_mixin.py:154} INFO - [2024-11-06T08:50:25.115+0000] {dag.py:2941} INFO - Sync 1 DAGs
[2024-11-06T08:50:25.122+0000] {logging_mixin.py:154} INFO - [2024-11-06T08:50:25.122+0000] {dag.py:3722} INFO - Setting next_dagrun for example_kubernetes_executor to None, run_after=None
[2024-11-06T08:50:25.131+0000] {processor.py:179} INFO - Processing /home/airflow/.local/lib/python3.8/site-packages/airflow/example_dags/example_kubernetes_executor.py took 0.045 seconds
[2024-11-06T08:50:55.346+0000] {processor.py:157} INFO - Started process (PID=894) to work on /home/airflow/.local/lib/python3.8/site-packages/airflow/example_dags/example_kubernetes_executor.py
[2024-11-06T08:50:55.346+0000] {processor.py:829} INFO - Processing file /home/airflow/.local/lib/python3.8/site-packages/airflow/example_dags/example_kubernetes_executor.py for tasks to queue
[2024-11-06T08:50:55.347+0000] {logging_mixin.py:154} INFO - [2024-11-06T08:50:55.347+0000] {dagbag.py:536} INFO - Filling up the DagBag from /home/airflow/.local/lib/python3.8/site-packages/airflow/example_dags/example_kubernetes_executor.py
[2024-11-06T08:50:55.353+0000] {processor.py:839} INFO - DAG(s) dict_keys(['example_kubernetes_executor']) retrieved from /home/airflow/.local/lib/python3.8/site-packages/airflow/example_dags/example_kubernetes_executor.py
[2024-11-06T08:50:55.368+0000] {logging_mixin.py:154} INFO - [2024-11-06T08:50:55.368+0000] {dag.py:2941} INFO - Sync 1 DAGs
[2024-11-06T08:50:55.373+0000] {logging_mixin.py:154} INFO - [2024-11-06T08:50:55.373+0000] {dag.py:3722} INFO - Setting next_dagrun for example_kubernetes_executor to None, run_after=None
[2024-11-06T08:50:55.379+0000] {processor.py:179} INFO - Processing /home/airflow/.local/lib/python3.8/site-packages/airflow/example_dags/example_kubernetes_executor.py took 0.035 seconds
[2024-11-06T08:51:25.779+0000] {processor.py:157} INFO - Started process (PID=948) to work on /home/airflow/.local/lib/python3.8/site-packages/airflow/example_dags/example_kubernetes_executor.py
[2024-11-06T08:51:25.782+0000] {processor.py:829} INFO - Processing file /home/airflow/.local/lib/python3.8/site-packages/airflow/example_dags/example_kubernetes_executor.py for tasks to queue
[2024-11-06T08:51:25.783+0000] {logging_mixin.py:154} INFO - [2024-11-06T08:51:25.782+0000] {dagbag.py:536} INFO - Filling up the DagBag from /home/airflow/.local/lib/python3.8/site-packages/airflow/example_dags/example_kubernetes_executor.py
[2024-11-06T08:51:25.789+0000] {processor.py:839} INFO - DAG(s) dict_keys(['example_kubernetes_executor']) retrieved from /home/airflow/.local/lib/python3.8/site-packages/airflow/example_dags/example_kubernetes_executor.py
[2024-11-06T08:51:25.804+0000] {logging_mixin.py:154} INFO - [2024-11-06T08:51:25.804+0000] {dag.py:2941} INFO - Sync 1 DAGs
[2024-11-06T08:51:25.809+0000] {logging_mixin.py:154} INFO - [2024-11-06T08:51:25.809+0000] {dag.py:3722} INFO - Setting next_dagrun for example_kubernetes_executor to None, run_after=None
[2024-11-06T08:51:25.816+0000] {processor.py:179} INFO - Processing /home/airflow/.local/lib/python3.8/site-packages/airflow/example_dags/example_kubernetes_executor.py took 0.038 seconds
[2024-11-06T08:51:55.997+0000] {processor.py:157} INFO - Started process (PID=1002) to work on /home/airflow/.local/lib/python3.8/site-packages/airflow/example_dags/example_kubernetes_executor.py
[2024-11-06T08:51:55.998+0000] {processor.py:829} INFO - Processing file /home/airflow/.local/lib/python3.8/site-packages/airflow/example_dags/example_kubernetes_executor.py for tasks to queue
[2024-11-06T08:51:56.000+0000] {logging_mixin.py:154} INFO - [2024-11-06T08:51:55.999+0000] {dagbag.py:536} INFO - Filling up the DagBag from /home/airflow/.local/lib/python3.8/site-packages/airflow/example_dags/example_kubernetes_executor.py
[2024-11-06T08:51:56.005+0000] {processor.py:839} INFO - DAG(s) dict_keys(['example_kubernetes_executor']) retrieved from /home/airflow/.local/lib/python3.8/site-packages/airflow/example_dags/example_kubernetes_executor.py
[2024-11-06T08:51:56.024+0000] {logging_mixin.py:154} INFO - [2024-11-06T08:51:56.024+0000] {dag.py:2941} INFO - Sync 1 DAGs
[2024-11-06T08:51:56.030+0000] {logging_mixin.py:154} INFO - [2024-11-06T08:51:56.030+0000] {dag.py:3722} INFO - Setting next_dagrun for example_kubernetes_executor to None, run_after=None
[2024-11-06T08:51:56.037+0000] {processor.py:179} INFO - Processing /home/airflow/.local/lib/python3.8/site-packages/airflow/example_dags/example_kubernetes_executor.py took 0.042 seconds
[2024-11-06T08:52:26.396+0000] {processor.py:157} INFO - Started process (PID=1056) to work on /home/airflow/.local/lib/python3.8/site-packages/airflow/example_dags/example_kubernetes_executor.py
[2024-11-06T08:52:26.397+0000] {processor.py:829} INFO - Processing file /home/airflow/.local/lib/python3.8/site-packages/airflow/example_dags/example_kubernetes_executor.py for tasks to queue
[2024-11-06T08:52:26.398+0000] {logging_mixin.py:154} INFO - [2024-11-06T08:52:26.397+0000] {dagbag.py:536} INFO - Filling up the DagBag from /home/airflow/.local/lib/python3.8/site-packages/airflow/example_dags/example_kubernetes_executor.py
[2024-11-06T08:52:26.403+0000] {processor.py:839} INFO - DAG(s) dict_keys(['example_kubernetes_executor']) retrieved from /home/airflow/.local/lib/python3.8/site-packages/airflow/example_dags/example_kubernetes_executor.py
[2024-11-06T08:52:26.419+0000] {logging_mixin.py:154} INFO - [2024-11-06T08:52:26.419+0000] {dag.py:2941} INFO - Sync 1 DAGs
[2024-11-06T08:52:26.424+0000] {logging_mixin.py:154} INFO - [2024-11-06T08:52:26.424+0000] {dag.py:3722} INFO - Setting next_dagrun for example_kubernetes_executor to None, run_after=None
[2024-11-06T08:52:26.433+0000] {processor.py:179} INFO - Processing /home/airflow/.local/lib/python3.8/site-packages/airflow/example_dags/example_kubernetes_executor.py took 0.039 seconds
[2024-11-06T08:52:57.060+0000] {processor.py:157} INFO - Started process (PID=1110) to work on /home/airflow/.local/lib/python3.8/site-packages/airflow/example_dags/example_kubernetes_executor.py
[2024-11-06T08:52:57.060+0000] {processor.py:829} INFO - Processing file /home/airflow/.local/lib/python3.8/site-packages/airflow/example_dags/example_kubernetes_executor.py for tasks to queue
[2024-11-06T08:52:57.062+0000] {logging_mixin.py:154} INFO - [2024-11-06T08:52:57.062+0000] {dagbag.py:536} INFO - Filling up the DagBag from /home/airflow/.local/lib/python3.8/site-packages/airflow/example_dags/example_kubernetes_executor.py
[2024-11-06T08:52:57.072+0000] {processor.py:839} INFO - DAG(s) dict_keys(['example_kubernetes_executor']) retrieved from /home/airflow/.local/lib/python3.8/site-packages/airflow/example_dags/example_kubernetes_executor.py
[2024-11-06T08:52:57.089+0000] {logging_mixin.py:154} INFO - [2024-11-06T08:52:57.089+0000] {dag.py:2941} INFO - Sync 1 DAGs
[2024-11-06T08:52:57.094+0000] {logging_mixin.py:154} INFO - [2024-11-06T08:52:57.094+0000] {dag.py:3722} INFO - Setting next_dagrun for example_kubernetes_executor to None, run_after=None
[2024-11-06T08:52:57.100+0000] {processor.py:179} INFO - Processing /home/airflow/.local/lib/python3.8/site-packages/airflow/example_dags/example_kubernetes_executor.py took 0.042 seconds
[2024-11-06T08:53:27.519+0000] {processor.py:157} INFO - Started process (PID=1164) to work on /home/airflow/.local/lib/python3.8/site-packages/airflow/example_dags/example_kubernetes_executor.py
[2024-11-06T08:53:27.519+0000] {processor.py:829} INFO - Processing file /home/airflow/.local/lib/python3.8/site-packages/airflow/example_dags/example_kubernetes_executor.py for tasks to queue
[2024-11-06T08:53:27.520+0000] {logging_mixin.py:154} INFO - [2024-11-06T08:53:27.520+0000] {dagbag.py:536} INFO - Filling up the DagBag from /home/airflow/.local/lib/python3.8/site-packages/airflow/example_dags/example_kubernetes_executor.py
[2024-11-06T08:53:27.526+0000] {processor.py:839} INFO - DAG(s) dict_keys(['example_kubernetes_executor']) retrieved from /home/airflow/.local/lib/python3.8/site-packages/airflow/example_dags/example_kubernetes_executor.py
[2024-11-06T08:53:27.543+0000] {logging_mixin.py:154} INFO - [2024-11-06T08:53:27.543+0000] {dag.py:2941} INFO - Sync 1 DAGs
[2024-11-06T08:53:27.548+0000] {logging_mixin.py:154} INFO - [2024-11-06T08:53:27.548+0000] {dag.py:3722} INFO - Setting next_dagrun for example_kubernetes_executor to None, run_after=None
[2024-11-06T08:53:27.555+0000] {processor.py:179} INFO - Processing /home/airflow/.local/lib/python3.8/site-packages/airflow/example_dags/example_kubernetes_executor.py took 0.038 seconds
[2024-11-06T08:53:58.003+0000] {processor.py:157} INFO - Started process (PID=1218) to work on /home/airflow/.local/lib/python3.8/site-packages/airflow/example_dags/example_kubernetes_executor.py
[2024-11-06T08:53:58.005+0000] {processor.py:829} INFO - Processing file /home/airflow/.local/lib/python3.8/site-packages/airflow/example_dags/example_kubernetes_executor.py for tasks to queue
[2024-11-06T08:53:58.006+0000] {logging_mixin.py:154} INFO - [2024-11-06T08:53:58.006+0000] {dagbag.py:536} INFO - Filling up the DagBag from /home/airflow/.local/lib/python3.8/site-packages/airflow/example_dags/example_kubernetes_executor.py
[2024-11-06T08:53:58.012+0000] {processor.py:839} INFO - DAG(s) dict_keys(['example_kubernetes_executor']) retrieved from /home/airflow/.local/lib/python3.8/site-packages/airflow/example_dags/example_kubernetes_executor.py
[2024-11-06T08:53:58.029+0000] {logging_mixin.py:154} INFO - [2024-11-06T08:53:58.029+0000] {dag.py:2941} INFO - Sync 1 DAGs
[2024-11-06T08:53:58.034+0000] {logging_mixin.py:154} INFO - [2024-11-06T08:53:58.034+0000] {dag.py:3722} INFO - Setting next_dagrun for example_kubernetes_executor to None, run_after=None
[2024-11-06T08:53:58.042+0000] {processor.py:179} INFO - Processing /home/airflow/.local/lib/python3.8/site-packages/airflow/example_dags/example_kubernetes_executor.py took 0.041 seconds
[2024-11-06T08:54:28.984+0000] {processor.py:157} INFO - Started process (PID=1272) to work on /home/airflow/.local/lib/python3.8/site-packages/airflow/example_dags/example_kubernetes_executor.py
[2024-11-06T08:54:28.986+0000] {processor.py:829} INFO - Processing file /home/airflow/.local/lib/python3.8/site-packages/airflow/example_dags/example_kubernetes_executor.py for tasks to queue
[2024-11-06T08:54:28.987+0000] {logging_mixin.py:154} INFO - [2024-11-06T08:54:28.987+0000] {dagbag.py:536} INFO - Filling up the DagBag from /home/airflow/.local/lib/python3.8/site-packages/airflow/example_dags/example_kubernetes_executor.py
[2024-11-06T08:54:28.994+0000] {processor.py:839} INFO - DAG(s) dict_keys(['example_kubernetes_executor']) retrieved from /home/airflow/.local/lib/python3.8/site-packages/airflow/example_dags/example_kubernetes_executor.py
[2024-11-06T08:54:29.009+0000] {logging_mixin.py:154} INFO - [2024-11-06T08:54:29.009+0000] {dag.py:2941} INFO - Sync 1 DAGs
[2024-11-06T08:54:29.014+0000] {logging_mixin.py:154} INFO - [2024-11-06T08:54:29.014+0000] {dag.py:3722} INFO - Setting next_dagrun for example_kubernetes_executor to None, run_after=None
[2024-11-06T08:54:29.021+0000] {processor.py:179} INFO - Processing /home/airflow/.local/lib/python3.8/site-packages/airflow/example_dags/example_kubernetes_executor.py took 0.038 seconds
[2024-11-06T08:54:59.615+0000] {processor.py:157} INFO - Started process (PID=1326) to work on /home/airflow/.local/lib/python3.8/site-packages/airflow/example_dags/example_kubernetes_executor.py
[2024-11-06T08:54:59.616+0000] {processor.py:829} INFO - Processing file /home/airflow/.local/lib/python3.8/site-packages/airflow/example_dags/example_kubernetes_executor.py for tasks to queue
[2024-11-06T08:54:59.617+0000] {logging_mixin.py:154} INFO - [2024-11-06T08:54:59.617+0000] {dagbag.py:536} INFO - Filling up the DagBag from /home/airflow/.local/lib/python3.8/site-packages/airflow/example_dags/example_kubernetes_executor.py
[2024-11-06T08:54:59.626+0000] {processor.py:839} INFO - DAG(s) dict_keys(['example_kubernetes_executor']) retrieved from /home/airflow/.local/lib/python3.8/site-packages/airflow/example_dags/example_kubernetes_executor.py
[2024-11-06T08:54:59.642+0000] {logging_mixin.py:154} INFO - [2024-11-06T08:54:59.642+0000] {dag.py:2941} INFO - Sync 1 DAGs
[2024-11-06T08:54:59.721+0000] {logging_mixin.py:154} INFO - [2024-11-06T08:54:59.721+0000] {dag.py:3722} INFO - Setting next_dagrun for example_kubernetes_executor to None, run_after=None
[2024-11-06T08:54:59.730+0000] {processor.py:179} INFO - Processing /home/airflow/.local/lib/python3.8/site-packages/airflow/example_dags/example_kubernetes_executor.py took 0.117 seconds
[2024-11-06T08:55:30.147+0000] {processor.py:157} INFO - Started process (PID=1380) to work on /home/airflow/.local/lib/python3.8/site-packages/airflow/example_dags/example_kubernetes_executor.py
[2024-11-06T08:55:30.147+0000] {processor.py:829} INFO - Processing file /home/airflow/.local/lib/python3.8/site-packages/airflow/example_dags/example_kubernetes_executor.py for tasks to queue
[2024-11-06T08:55:30.149+0000] {logging_mixin.py:154} INFO - [2024-11-06T08:55:30.149+0000] {dagbag.py:536} INFO - Filling up the DagBag from /home/airflow/.local/lib/python3.8/site-packages/airflow/example_dags/example_kubernetes_executor.py
[2024-11-06T08:55:30.155+0000] {processor.py:839} INFO - DAG(s) dict_keys(['example_kubernetes_executor']) retrieved from /home/airflow/.local/lib/python3.8/site-packages/airflow/example_dags/example_kubernetes_executor.py
[2024-11-06T08:55:30.170+0000] {logging_mixin.py:154} INFO - [2024-11-06T08:55:30.170+0000] {dag.py:2941} INFO - Sync 1 DAGs
[2024-11-06T08:55:30.175+0000] {logging_mixin.py:154} INFO - [2024-11-06T08:55:30.175+0000] {dag.py:3722} INFO - Setting next_dagrun for example_kubernetes_executor to None, run_after=None
[2024-11-06T08:55:30.182+0000] {processor.py:179} INFO - Processing /home/airflow/.local/lib/python3.8/site-packages/airflow/example_dags/example_kubernetes_executor.py took 0.037 seconds
[2024-11-06T08:56:01.451+0000] {processor.py:157} INFO - Started process (PID=1434) to work on /home/airflow/.local/lib/python3.8/site-packages/airflow/example_dags/example_kubernetes_executor.py
[2024-11-06T08:56:01.452+0000] {processor.py:829} INFO - Processing file /home/airflow/.local/lib/python3.8/site-packages/airflow/example_dags/example_kubernetes_executor.py for tasks to queue
[2024-11-06T08:56:01.453+0000] {logging_mixin.py:154} INFO - [2024-11-06T08:56:01.453+0000] {dagbag.py:536} INFO - Filling up the DagBag from /home/airflow/.local/lib/python3.8/site-packages/airflow/example_dags/example_kubernetes_executor.py
[2024-11-06T08:56:01.458+0000] {processor.py:839} INFO - DAG(s) dict_keys(['example_kubernetes_executor']) retrieved from /home/airflow/.local/lib/python3.8/site-packages/airflow/example_dags/example_kubernetes_executor.py
[2024-11-06T08:56:01.552+0000] {logging_mixin.py:154} INFO - [2024-11-06T08:56:01.552+0000] {dag.py:2941} INFO - Sync 1 DAGs
[2024-11-06T08:56:01.558+0000] {logging_mixin.py:154} INFO - [2024-11-06T08:56:01.558+0000] {dag.py:3722} INFO - Setting next_dagrun for example_kubernetes_executor to None, run_after=None
[2024-11-06T08:56:01.565+0000] {processor.py:179} INFO - Processing /home/airflow/.local/lib/python3.8/site-packages/airflow/example_dags/example_kubernetes_executor.py took 0.116 seconds
[2024-11-06T08:56:32.243+0000] {processor.py:157} INFO - Started process (PID=1488) to work on /home/airflow/.local/lib/python3.8/site-packages/airflow/example_dags/example_kubernetes_executor.py
[2024-11-06T08:56:32.243+0000] {processor.py:829} INFO - Processing file /home/airflow/.local/lib/python3.8/site-packages/airflow/example_dags/example_kubernetes_executor.py for tasks to queue
[2024-11-06T08:56:32.244+0000] {logging_mixin.py:154} INFO - [2024-11-06T08:56:32.244+0000] {dagbag.py:536} INFO - Filling up the DagBag from /home/airflow/.local/lib/python3.8/site-packages/airflow/example_dags/example_kubernetes_executor.py
[2024-11-06T08:56:32.250+0000] {processor.py:839} INFO - DAG(s) dict_keys(['example_kubernetes_executor']) retrieved from /home/airflow/.local/lib/python3.8/site-packages/airflow/example_dags/example_kubernetes_executor.py
[2024-11-06T08:56:32.267+0000] {logging_mixin.py:154} INFO - [2024-11-06T08:56:32.267+0000] {dag.py:2941} INFO - Sync 1 DAGs
[2024-11-06T08:56:32.349+0000] {logging_mixin.py:154} INFO - [2024-11-06T08:56:32.349+0000] {dag.py:3722} INFO - Setting next_dagrun for example_kubernetes_executor to None, run_after=None
[2024-11-06T08:56:32.355+0000] {processor.py:179} INFO - Processing /home/airflow/.local/lib/python3.8/site-packages/airflow/example_dags/example_kubernetes_executor.py took 0.115 seconds
[2024-11-06T08:57:02.491+0000] {processor.py:157} INFO - Started process (PID=1542) to work on /home/airflow/.local/lib/python3.8/site-packages/airflow/example_dags/example_kubernetes_executor.py
[2024-11-06T08:57:02.493+0000] {processor.py:829} INFO - Processing file /home/airflow/.local/lib/python3.8/site-packages/airflow/example_dags/example_kubernetes_executor.py for tasks to queue
[2024-11-06T08:57:02.495+0000] {logging_mixin.py:154} INFO - [2024-11-06T08:57:02.494+0000] {dagbag.py:536} INFO - Filling up the DagBag from /home/airflow/.local/lib/python3.8/site-packages/airflow/example_dags/example_kubernetes_executor.py
[2024-11-06T08:57:02.502+0000] {processor.py:839} INFO - DAG(s) dict_keys(['example_kubernetes_executor']) retrieved from /home/airflow/.local/lib/python3.8/site-packages/airflow/example_dags/example_kubernetes_executor.py
[2024-11-06T08:57:02.518+0000] {logging_mixin.py:154} INFO - [2024-11-06T08:57:02.518+0000] {dag.py:2941} INFO - Sync 1 DAGs
[2024-11-06T08:57:02.523+0000] {logging_mixin.py:154} INFO - [2024-11-06T08:57:02.523+0000] {dag.py:3722} INFO - Setting next_dagrun for example_kubernetes_executor to None, run_after=None
[2024-11-06T08:57:02.531+0000] {processor.py:179} INFO - Processing /home/airflow/.local/lib/python3.8/site-packages/airflow/example_dags/example_kubernetes_executor.py took 0.042 seconds
[2024-11-06T08:57:33.058+0000] {processor.py:157} INFO - Started process (PID=1596) to work on /home/airflow/.local/lib/python3.8/site-packages/airflow/example_dags/example_kubernetes_executor.py
[2024-11-06T08:57:33.059+0000] {processor.py:829} INFO - Processing file /home/airflow/.local/lib/python3.8/site-packages/airflow/example_dags/example_kubernetes_executor.py for tasks to queue
[2024-11-06T08:57:33.060+0000] {logging_mixin.py:154} INFO - [2024-11-06T08:57:33.060+0000] {dagbag.py:536} INFO - Filling up the DagBag from /home/airflow/.local/lib/python3.8/site-packages/airflow/example_dags/example_kubernetes_executor.py
[2024-11-06T08:57:33.067+0000] {processor.py:839} INFO - DAG(s) dict_keys(['example_kubernetes_executor']) retrieved from /home/airflow/.local/lib/python3.8/site-packages/airflow/example_dags/example_kubernetes_executor.py
[2024-11-06T08:57:33.161+0000] {logging_mixin.py:154} INFO - [2024-11-06T08:57:33.161+0000] {dag.py:2941} INFO - Sync 1 DAGs
[2024-11-06T08:57:33.167+0000] {logging_mixin.py:154} INFO - [2024-11-06T08:57:33.167+0000] {dag.py:3722} INFO - Setting next_dagrun for example_kubernetes_executor to None, run_after=None
[2024-11-06T08:57:33.176+0000] {processor.py:179} INFO - Processing /home/airflow/.local/lib/python3.8/site-packages/airflow/example_dags/example_kubernetes_executor.py took 0.119 seconds
[2024-11-06T08:58:03.840+0000] {processor.py:157} INFO - Started process (PID=1649) to work on /home/airflow/.local/lib/python3.8/site-packages/airflow/example_dags/example_kubernetes_executor.py
[2024-11-06T08:58:03.840+0000] {processor.py:829} INFO - Processing file /home/airflow/.local/lib/python3.8/site-packages/airflow/example_dags/example_kubernetes_executor.py for tasks to queue
[2024-11-06T08:58:03.841+0000] {logging_mixin.py:154} INFO - [2024-11-06T08:58:03.841+0000] {dagbag.py:536} INFO - Filling up the DagBag from /home/airflow/.local/lib/python3.8/site-packages/airflow/example_dags/example_kubernetes_executor.py
[2024-11-06T08:58:03.848+0000] {processor.py:839} INFO - DAG(s) dict_keys(['example_kubernetes_executor']) retrieved from /home/airflow/.local/lib/python3.8/site-packages/airflow/example_dags/example_kubernetes_executor.py
[2024-11-06T08:58:03.865+0000] {logging_mixin.py:154} INFO - [2024-11-06T08:58:03.865+0000] {dag.py:2941} INFO - Sync 1 DAGs
[2024-11-06T08:58:03.947+0000] {logging_mixin.py:154} INFO - [2024-11-06T08:58:03.947+0000] {dag.py:3722} INFO - Setting next_dagrun for example_kubernetes_executor to None, run_after=None
[2024-11-06T08:58:03.958+0000] {processor.py:179} INFO - Processing /home/airflow/.local/lib/python3.8/site-packages/airflow/example_dags/example_kubernetes_executor.py took 0.119 seconds
[2024-11-06T08:58:34.437+0000] {processor.py:157} INFO - Started process (PID=1703) to work on /home/airflow/.local/lib/python3.8/site-packages/airflow/example_dags/example_kubernetes_executor.py
[2024-11-06T08:58:34.437+0000] {processor.py:829} INFO - Processing file /home/airflow/.local/lib/python3.8/site-packages/airflow/example_dags/example_kubernetes_executor.py for tasks to queue
[2024-11-06T08:58:34.441+0000] {logging_mixin.py:154} INFO - [2024-11-06T08:58:34.441+0000] {dagbag.py:536} INFO - Filling up the DagBag from /home/airflow/.local/lib/python3.8/site-packages/airflow/example_dags/example_kubernetes_executor.py
[2024-11-06T08:58:34.449+0000] {processor.py:839} INFO - DAG(s) dict_keys(['example_kubernetes_executor']) retrieved from /home/airflow/.local/lib/python3.8/site-packages/airflow/example_dags/example_kubernetes_executor.py
[2024-11-06T08:58:34.466+0000] {logging_mixin.py:154} INFO - [2024-11-06T08:58:34.465+0000] {dag.py:2941} INFO - Sync 1 DAGs
[2024-11-06T08:58:34.470+0000] {logging_mixin.py:154} INFO - [2024-11-06T08:58:34.470+0000] {dag.py:3722} INFO - Setting next_dagrun for example_kubernetes_executor to None, run_after=None
[2024-11-06T08:58:34.481+0000] {processor.py:179} INFO - Processing /home/airflow/.local/lib/python3.8/site-packages/airflow/example_dags/example_kubernetes_executor.py took 0.046 seconds
[2024-11-06T09:17:57.638+0000] {processor.py:157} INFO - Started process (PID=1748) to work on /home/airflow/.local/lib/python3.8/site-packages/airflow/example_dags/example_kubernetes_executor.py
[2024-11-06T09:17:57.639+0000] {processor.py:829} INFO - Processing file /home/airflow/.local/lib/python3.8/site-packages/airflow/example_dags/example_kubernetes_executor.py for tasks to queue
[2024-11-06T09:17:57.640+0000] {logging_mixin.py:154} INFO - [2024-11-06T09:17:57.640+0000] {dagbag.py:536} INFO - Filling up the DagBag from /home/airflow/.local/lib/python3.8/site-packages/airflow/example_dags/example_kubernetes_executor.py
[2024-11-06T09:17:57.646+0000] {processor.py:839} INFO - DAG(s) dict_keys(['example_kubernetes_executor']) retrieved from /home/airflow/.local/lib/python3.8/site-packages/airflow/example_dags/example_kubernetes_executor.py
[2024-11-06T09:17:57.672+0000] {logging_mixin.py:154} INFO - [2024-11-06T09:17:57.672+0000] {dag.py:2941} INFO - Sync 1 DAGs
[2024-11-06T09:17:57.678+0000] {logging_mixin.py:154} INFO - [2024-11-06T09:17:57.678+0000] {dag.py:3722} INFO - Setting next_dagrun for example_kubernetes_executor to None, run_after=None
[2024-11-06T09:17:57.689+0000] {processor.py:179} INFO - Processing /home/airflow/.local/lib/python3.8/site-packages/airflow/example_dags/example_kubernetes_executor.py took 0.053 seconds
[2024-11-06T09:29:44.137+0000] {processor.py:157} INFO - Started process (PID=1802) to work on /home/airflow/.local/lib/python3.8/site-packages/airflow/example_dags/example_kubernetes_executor.py
[2024-11-06T09:29:44.139+0000] {processor.py:829} INFO - Processing file /home/airflow/.local/lib/python3.8/site-packages/airflow/example_dags/example_kubernetes_executor.py for tasks to queue
[2024-11-06T09:29:44.144+0000] {logging_mixin.py:154} INFO - [2024-11-06T09:29:44.144+0000] {dagbag.py:536} INFO - Filling up the DagBag from /home/airflow/.local/lib/python3.8/site-packages/airflow/example_dags/example_kubernetes_executor.py
[2024-11-06T09:29:44.157+0000] {processor.py:839} INFO - DAG(s) dict_keys(['example_kubernetes_executor']) retrieved from /home/airflow/.local/lib/python3.8/site-packages/airflow/example_dags/example_kubernetes_executor.py
[2024-11-06T09:29:44.189+0000] {logging_mixin.py:154} INFO - [2024-11-06T09:29:44.188+0000] {dag.py:2941} INFO - Sync 1 DAGs
[2024-11-06T09:29:44.201+0000] {logging_mixin.py:154} INFO - [2024-11-06T09:29:44.201+0000] {dag.py:3722} INFO - Setting next_dagrun for example_kubernetes_executor to None, run_after=None
[2024-11-06T09:29:44.226+0000] {processor.py:179} INFO - Processing /home/airflow/.local/lib/python3.8/site-packages/airflow/example_dags/example_kubernetes_executor.py took 0.093 seconds
[2024-11-06T10:28:13.938+0000] {processor.py:157} INFO - Started process (PID=1856) to work on /home/airflow/.local/lib/python3.8/site-packages/airflow/example_dags/example_kubernetes_executor.py
[2024-11-06T10:28:13.939+0000] {processor.py:829} INFO - Processing file /home/airflow/.local/lib/python3.8/site-packages/airflow/example_dags/example_kubernetes_executor.py for tasks to queue
[2024-11-06T10:28:13.940+0000] {logging_mixin.py:154} INFO - [2024-11-06T10:28:13.940+0000] {dagbag.py:536} INFO - Filling up the DagBag from /home/airflow/.local/lib/python3.8/site-packages/airflow/example_dags/example_kubernetes_executor.py
[2024-11-06T10:28:13.946+0000] {processor.py:839} INFO - DAG(s) dict_keys(['example_kubernetes_executor']) retrieved from /home/airflow/.local/lib/python3.8/site-packages/airflow/example_dags/example_kubernetes_executor.py
[2024-11-06T10:28:13.963+0000] {logging_mixin.py:154} INFO - [2024-11-06T10:28:13.963+0000] {dag.py:2941} INFO - Sync 1 DAGs
[2024-11-06T10:28:13.968+0000] {logging_mixin.py:154} INFO - [2024-11-06T10:28:13.968+0000] {dag.py:3722} INFO - Setting next_dagrun for example_kubernetes_executor to None, run_after=None
[2024-11-06T10:28:13.977+0000] {processor.py:179} INFO - Processing /home/airflow/.local/lib/python3.8/site-packages/airflow/example_dags/example_kubernetes_executor.py took 0.040 seconds
[2024-11-06T11:31:04.001+0000] {processor.py:157} INFO - Started process (PID=1910) to work on /home/airflow/.local/lib/python3.8/site-packages/airflow/example_dags/example_kubernetes_executor.py
[2024-11-06T11:31:04.001+0000] {processor.py:829} INFO - Processing file /home/airflow/.local/lib/python3.8/site-packages/airflow/example_dags/example_kubernetes_executor.py for tasks to queue
[2024-11-06T11:31:04.002+0000] {logging_mixin.py:154} INFO - [2024-11-06T11:31:04.002+0000] {dagbag.py:536} INFO - Filling up the DagBag from /home/airflow/.local/lib/python3.8/site-packages/airflow/example_dags/example_kubernetes_executor.py
[2024-11-06T11:31:04.009+0000] {processor.py:839} INFO - DAG(s) dict_keys(['example_kubernetes_executor']) retrieved from /home/airflow/.local/lib/python3.8/site-packages/airflow/example_dags/example_kubernetes_executor.py
[2024-11-06T11:31:04.024+0000] {logging_mixin.py:154} INFO - [2024-11-06T11:31:04.024+0000] {dag.py:2941} INFO - Sync 1 DAGs
[2024-11-06T11:31:04.029+0000] {logging_mixin.py:154} INFO - [2024-11-06T11:31:04.029+0000] {dag.py:3722} INFO - Setting next_dagrun for example_kubernetes_executor to None, run_after=None
[2024-11-06T11:31:04.037+0000] {processor.py:179} INFO - Processing /home/airflow/.local/lib/python3.8/site-packages/airflow/example_dags/example_kubernetes_executor.py took 0.037 seconds
[2024-11-06T11:59:50.537+0000] {processor.py:157} INFO - Started process (PID=1964) to work on /home/airflow/.local/lib/python3.8/site-packages/airflow/example_dags/example_kubernetes_executor.py
[2024-11-06T11:59:50.539+0000] {processor.py:829} INFO - Processing file /home/airflow/.local/lib/python3.8/site-packages/airflow/example_dags/example_kubernetes_executor.py for tasks to queue
[2024-11-06T11:59:50.540+0000] {logging_mixin.py:154} INFO - [2024-11-06T11:59:50.540+0000] {dagbag.py:536} INFO - Filling up the DagBag from /home/airflow/.local/lib/python3.8/site-packages/airflow/example_dags/example_kubernetes_executor.py
[2024-11-06T11:59:50.546+0000] {processor.py:839} INFO - DAG(s) dict_keys(['example_kubernetes_executor']) retrieved from /home/airflow/.local/lib/python3.8/site-packages/airflow/example_dags/example_kubernetes_executor.py
[2024-11-06T11:59:50.563+0000] {logging_mixin.py:154} INFO - [2024-11-06T11:59:50.563+0000] {dag.py:2941} INFO - Sync 1 DAGs
[2024-11-06T11:59:50.568+0000] {logging_mixin.py:154} INFO - [2024-11-06T11:59:50.567+0000] {dag.py:3722} INFO - Setting next_dagrun for example_kubernetes_executor to None, run_after=None
[2024-11-06T11:59:50.574+0000] {processor.py:179} INFO - Processing /home/airflow/.local/lib/python3.8/site-packages/airflow/example_dags/example_kubernetes_executor.py took 0.038 seconds
[2024-11-06T12:50:48.082+0000] {processor.py:157} INFO - Started process (PID=2018) to work on /home/airflow/.local/lib/python3.8/site-packages/airflow/example_dags/example_kubernetes_executor.py
[2024-11-06T12:50:48.084+0000] {processor.py:829} INFO - Processing file /home/airflow/.local/lib/python3.8/site-packages/airflow/example_dags/example_kubernetes_executor.py for tasks to queue
[2024-11-06T12:50:48.086+0000] {logging_mixin.py:154} INFO - [2024-11-06T12:50:48.086+0000] {dagbag.py:536} INFO - Filling up the DagBag from /home/airflow/.local/lib/python3.8/site-packages/airflow/example_dags/example_kubernetes_executor.py
[2024-11-06T12:50:48.096+0000] {processor.py:839} INFO - DAG(s) dict_keys(['example_kubernetes_executor']) retrieved from /home/airflow/.local/lib/python3.8/site-packages/airflow/example_dags/example_kubernetes_executor.py
[2024-11-06T12:50:48.131+0000] {logging_mixin.py:154} INFO - [2024-11-06T12:50:48.131+0000] {dag.py:2941} INFO - Sync 1 DAGs
[2024-11-06T12:50:48.144+0000] {logging_mixin.py:154} INFO - [2024-11-06T12:50:48.144+0000] {dag.py:3722} INFO - Setting next_dagrun for example_kubernetes_executor to None, run_after=None
[2024-11-06T12:50:48.162+0000] {processor.py:179} INFO - Processing /home/airflow/.local/lib/python3.8/site-packages/airflow/example_dags/example_kubernetes_executor.py took 0.083 seconds
[2024-11-06T12:52:35.772+0000] {processor.py:157} INFO - Started process (PID=2072) to work on /home/airflow/.local/lib/python3.8/site-packages/airflow/example_dags/example_kubernetes_executor.py
[2024-11-06T12:52:35.773+0000] {processor.py:829} INFO - Processing file /home/airflow/.local/lib/python3.8/site-packages/airflow/example_dags/example_kubernetes_executor.py for tasks to queue
[2024-11-06T12:52:35.773+0000] {logging_mixin.py:154} INFO - [2024-11-06T12:52:35.773+0000] {dagbag.py:536} INFO - Filling up the DagBag from /home/airflow/.local/lib/python3.8/site-packages/airflow/example_dags/example_kubernetes_executor.py
[2024-11-06T12:52:35.779+0000] {processor.py:839} INFO - DAG(s) dict_keys(['example_kubernetes_executor']) retrieved from /home/airflow/.local/lib/python3.8/site-packages/airflow/example_dags/example_kubernetes_executor.py
[2024-11-06T12:52:35.794+0000] {logging_mixin.py:154} INFO - [2024-11-06T12:52:35.794+0000] {dag.py:2941} INFO - Sync 1 DAGs
[2024-11-06T12:52:35.799+0000] {logging_mixin.py:154} INFO - [2024-11-06T12:52:35.799+0000] {dag.py:3722} INFO - Setting next_dagrun for example_kubernetes_executor to None, run_after=None
[2024-11-06T12:52:35.805+0000] {processor.py:179} INFO - Processing /home/airflow/.local/lib/python3.8/site-packages/airflow/example_dags/example_kubernetes_executor.py took 0.034 seconds
[2024-11-06T13:07:17.193+0000] {processor.py:157} INFO - Started process (PID=2126) to work on /home/airflow/.local/lib/python3.8/site-packages/airflow/example_dags/example_kubernetes_executor.py
[2024-11-06T13:07:17.193+0000] {processor.py:829} INFO - Processing file /home/airflow/.local/lib/python3.8/site-packages/airflow/example_dags/example_kubernetes_executor.py for tasks to queue
[2024-11-06T13:07:17.195+0000] {logging_mixin.py:154} INFO - [2024-11-06T13:07:17.195+0000] {dagbag.py:536} INFO - Filling up the DagBag from /home/airflow/.local/lib/python3.8/site-packages/airflow/example_dags/example_kubernetes_executor.py
[2024-11-06T13:07:17.201+0000] {processor.py:839} INFO - DAG(s) dict_keys(['example_kubernetes_executor']) retrieved from /home/airflow/.local/lib/python3.8/site-packages/airflow/example_dags/example_kubernetes_executor.py
[2024-11-06T13:07:17.216+0000] {logging_mixin.py:154} INFO - [2024-11-06T13:07:17.216+0000] {dag.py:2941} INFO - Sync 1 DAGs
[2024-11-06T13:07:17.221+0000] {logging_mixin.py:154} INFO - [2024-11-06T13:07:17.221+0000] {dag.py:3722} INFO - Setting next_dagrun for example_kubernetes_executor to None, run_after=None
[2024-11-06T13:07:17.228+0000] {processor.py:179} INFO - Processing /home/airflow/.local/lib/python3.8/site-packages/airflow/example_dags/example_kubernetes_executor.py took 0.037 seconds
[2024-11-06T13:47:32.122+0000] {processor.py:157} INFO - Started process (PID=2180) to work on /home/airflow/.local/lib/python3.8/site-packages/airflow/example_dags/example_kubernetes_executor.py
[2024-11-06T13:47:32.122+0000] {processor.py:829} INFO - Processing file /home/airflow/.local/lib/python3.8/site-packages/airflow/example_dags/example_kubernetes_executor.py for tasks to queue
[2024-11-06T13:47:32.124+0000] {logging_mixin.py:154} INFO - [2024-11-06T13:47:32.123+0000] {dagbag.py:536} INFO - Filling up the DagBag from /home/airflow/.local/lib/python3.8/site-packages/airflow/example_dags/example_kubernetes_executor.py
[2024-11-06T13:47:32.131+0000] {processor.py:839} INFO - DAG(s) dict_keys(['example_kubernetes_executor']) retrieved from /home/airflow/.local/lib/python3.8/site-packages/airflow/example_dags/example_kubernetes_executor.py
[2024-11-06T13:47:32.151+0000] {logging_mixin.py:154} INFO - [2024-11-06T13:47:32.151+0000] {dag.py:2941} INFO - Sync 1 DAGs
[2024-11-06T13:47:32.157+0000] {logging_mixin.py:154} INFO - [2024-11-06T13:47:32.157+0000] {dag.py:3722} INFO - Setting next_dagrun for example_kubernetes_executor to None, run_after=None
[2024-11-06T13:47:32.164+0000] {processor.py:179} INFO - Processing /home/airflow/.local/lib/python3.8/site-packages/airflow/example_dags/example_kubernetes_executor.py took 0.044 seconds
[2024-11-06T13:55:17.688+0000] {processor.py:157} INFO - Started process (PID=2234) to work on /home/airflow/.local/lib/python3.8/site-packages/airflow/example_dags/example_kubernetes_executor.py
[2024-11-06T13:55:17.691+0000] {processor.py:829} INFO - Processing file /home/airflow/.local/lib/python3.8/site-packages/airflow/example_dags/example_kubernetes_executor.py for tasks to queue
[2024-11-06T13:55:17.692+0000] {logging_mixin.py:154} INFO - [2024-11-06T13:55:17.692+0000] {dagbag.py:536} INFO - Filling up the DagBag from /home/airflow/.local/lib/python3.8/site-packages/airflow/example_dags/example_kubernetes_executor.py
[2024-11-06T13:55:17.698+0000] {processor.py:839} INFO - DAG(s) dict_keys(['example_kubernetes_executor']) retrieved from /home/airflow/.local/lib/python3.8/site-packages/airflow/example_dags/example_kubernetes_executor.py
[2024-11-06T13:55:17.716+0000] {logging_mixin.py:154} INFO - [2024-11-06T13:55:17.716+0000] {dag.py:2941} INFO - Sync 1 DAGs
[2024-11-06T13:55:17.726+0000] {logging_mixin.py:154} INFO - [2024-11-06T13:55:17.726+0000] {dag.py:3722} INFO - Setting next_dagrun for example_kubernetes_executor to None, run_after=None
[2024-11-06T13:55:17.735+0000] {processor.py:179} INFO - Processing /home/airflow/.local/lib/python3.8/site-packages/airflow/example_dags/example_kubernetes_executor.py took 0.049 seconds
[2024-11-06T14:00:22.489+0000] {processor.py:157} INFO - Started process (PID=2288) to work on /home/airflow/.local/lib/python3.8/site-packages/airflow/example_dags/example_kubernetes_executor.py
[2024-11-06T14:00:22.490+0000] {processor.py:829} INFO - Processing file /home/airflow/.local/lib/python3.8/site-packages/airflow/example_dags/example_kubernetes_executor.py for tasks to queue
[2024-11-06T14:00:22.492+0000] {logging_mixin.py:154} INFO - [2024-11-06T14:00:22.491+0000] {dagbag.py:536} INFO - Filling up the DagBag from /home/airflow/.local/lib/python3.8/site-packages/airflow/example_dags/example_kubernetes_executor.py
[2024-11-06T14:00:22.500+0000] {processor.py:839} INFO - DAG(s) dict_keys(['example_kubernetes_executor']) retrieved from /home/airflow/.local/lib/python3.8/site-packages/airflow/example_dags/example_kubernetes_executor.py
[2024-11-06T14:00:22.519+0000] {logging_mixin.py:154} INFO - [2024-11-06T14:00:22.519+0000] {dag.py:2941} INFO - Sync 1 DAGs
[2024-11-06T14:00:22.524+0000] {logging_mixin.py:154} INFO - [2024-11-06T14:00:22.524+0000] {dag.py:3722} INFO - Setting next_dagrun for example_kubernetes_executor to None, run_after=None
[2024-11-06T14:00:22.532+0000] {processor.py:179} INFO - Processing /home/airflow/.local/lib/python3.8/site-packages/airflow/example_dags/example_kubernetes_executor.py took 0.044 seconds
[2024-11-06T14:05:42.463+0000] {processor.py:157} INFO - Started process (PID=2342) to work on /home/airflow/.local/lib/python3.8/site-packages/airflow/example_dags/example_kubernetes_executor.py
[2024-11-06T14:05:42.463+0000] {processor.py:829} INFO - Processing file /home/airflow/.local/lib/python3.8/site-packages/airflow/example_dags/example_kubernetes_executor.py for tasks to queue
[2024-11-06T14:05:42.464+0000] {logging_mixin.py:154} INFO - [2024-11-06T14:05:42.464+0000] {dagbag.py:536} INFO - Filling up the DagBag from /home/airflow/.local/lib/python3.8/site-packages/airflow/example_dags/example_kubernetes_executor.py
[2024-11-06T14:05:42.470+0000] {processor.py:839} INFO - DAG(s) dict_keys(['example_kubernetes_executor']) retrieved from /home/airflow/.local/lib/python3.8/site-packages/airflow/example_dags/example_kubernetes_executor.py
[2024-11-06T14:05:42.487+0000] {logging_mixin.py:154} INFO - [2024-11-06T14:05:42.487+0000] {dag.py:2941} INFO - Sync 1 DAGs
[2024-11-06T14:05:42.492+0000] {logging_mixin.py:154} INFO - [2024-11-06T14:05:42.492+0000] {dag.py:3722} INFO - Setting next_dagrun for example_kubernetes_executor to None, run_after=None
[2024-11-06T14:05:42.498+0000] {processor.py:179} INFO - Processing /home/airflow/.local/lib/python3.8/site-packages/airflow/example_dags/example_kubernetes_executor.py took 0.036 seconds
[2024-11-06T14:09:56.906+0000] {processor.py:157} INFO - Started process (PID=2396) to work on /home/airflow/.local/lib/python3.8/site-packages/airflow/example_dags/example_kubernetes_executor.py
[2024-11-06T14:09:56.907+0000] {processor.py:829} INFO - Processing file /home/airflow/.local/lib/python3.8/site-packages/airflow/example_dags/example_kubernetes_executor.py for tasks to queue
[2024-11-06T14:09:56.908+0000] {logging_mixin.py:154} INFO - [2024-11-06T14:09:56.908+0000] {dagbag.py:536} INFO - Filling up the DagBag from /home/airflow/.local/lib/python3.8/site-packages/airflow/example_dags/example_kubernetes_executor.py
[2024-11-06T14:09:56.919+0000] {processor.py:839} INFO - DAG(s) dict_keys(['example_kubernetes_executor']) retrieved from /home/airflow/.local/lib/python3.8/site-packages/airflow/example_dags/example_kubernetes_executor.py
[2024-11-06T14:09:56.940+0000] {logging_mixin.py:154} INFO - [2024-11-06T14:09:56.940+0000] {dag.py:2941} INFO - Sync 1 DAGs
[2024-11-06T14:09:56.949+0000] {logging_mixin.py:154} INFO - [2024-11-06T14:09:56.949+0000] {dag.py:3722} INFO - Setting next_dagrun for example_kubernetes_executor to None, run_after=None
[2024-11-06T14:09:56.965+0000] {processor.py:179} INFO - Processing /home/airflow/.local/lib/python3.8/site-packages/airflow/example_dags/example_kubernetes_executor.py took 0.062 seconds
[2024-11-06T14:16:57.931+0000] {processor.py:157} INFO - Started process (PID=2450) to work on /home/airflow/.local/lib/python3.8/site-packages/airflow/example_dags/example_kubernetes_executor.py
[2024-11-06T14:16:57.932+0000] {processor.py:829} INFO - Processing file /home/airflow/.local/lib/python3.8/site-packages/airflow/example_dags/example_kubernetes_executor.py for tasks to queue
[2024-11-06T14:16:57.934+0000] {logging_mixin.py:154} INFO - [2024-11-06T14:16:57.934+0000] {dagbag.py:536} INFO - Filling up the DagBag from /home/airflow/.local/lib/python3.8/site-packages/airflow/example_dags/example_kubernetes_executor.py
[2024-11-06T14:16:57.942+0000] {processor.py:839} INFO - DAG(s) dict_keys(['example_kubernetes_executor']) retrieved from /home/airflow/.local/lib/python3.8/site-packages/airflow/example_dags/example_kubernetes_executor.py
[2024-11-06T14:16:57.965+0000] {logging_mixin.py:154} INFO - [2024-11-06T14:16:57.965+0000] {dag.py:2941} INFO - Sync 1 DAGs
[2024-11-06T14:16:57.970+0000] {logging_mixin.py:154} INFO - [2024-11-06T14:16:57.970+0000] {dag.py:3722} INFO - Setting next_dagrun for example_kubernetes_executor to None, run_after=None
[2024-11-06T14:16:57.980+0000] {processor.py:179} INFO - Processing /home/airflow/.local/lib/python3.8/site-packages/airflow/example_dags/example_kubernetes_executor.py took 0.052 seconds
[2024-11-06T14:23:15.575+0000] {processor.py:157} INFO - Started process (PID=2504) to work on /home/airflow/.local/lib/python3.8/site-packages/airflow/example_dags/example_kubernetes_executor.py
[2024-11-06T14:23:15.576+0000] {processor.py:829} INFO - Processing file /home/airflow/.local/lib/python3.8/site-packages/airflow/example_dags/example_kubernetes_executor.py for tasks to queue
[2024-11-06T14:23:15.577+0000] {logging_mixin.py:154} INFO - [2024-11-06T14:23:15.576+0000] {dagbag.py:536} INFO - Filling up the DagBag from /home/airflow/.local/lib/python3.8/site-packages/airflow/example_dags/example_kubernetes_executor.py
[2024-11-06T14:23:15.582+0000] {processor.py:839} INFO - DAG(s) dict_keys(['example_kubernetes_executor']) retrieved from /home/airflow/.local/lib/python3.8/site-packages/airflow/example_dags/example_kubernetes_executor.py
[2024-11-06T14:23:15.600+0000] {logging_mixin.py:154} INFO - [2024-11-06T14:23:15.600+0000] {dag.py:2941} INFO - Sync 1 DAGs
[2024-11-06T14:23:15.605+0000] {logging_mixin.py:154} INFO - [2024-11-06T14:23:15.605+0000] {dag.py:3722} INFO - Setting next_dagrun for example_kubernetes_executor to None, run_after=None
[2024-11-06T14:23:15.616+0000] {processor.py:179} INFO - Processing /home/airflow/.local/lib/python3.8/site-packages/airflow/example_dags/example_kubernetes_executor.py took 0.043 seconds
[2024-11-06T14:31:02.403+0000] {processor.py:157} INFO - Started process (PID=2557) to work on /home/airflow/.local/lib/python3.8/site-packages/airflow/example_dags/example_kubernetes_executor.py
[2024-11-06T14:31:02.404+0000] {processor.py:829} INFO - Processing file /home/airflow/.local/lib/python3.8/site-packages/airflow/example_dags/example_kubernetes_executor.py for tasks to queue
[2024-11-06T14:31:02.406+0000] {logging_mixin.py:154} INFO - [2024-11-06T14:31:02.406+0000] {dagbag.py:536} INFO - Filling up the DagBag from /home/airflow/.local/lib/python3.8/site-packages/airflow/example_dags/example_kubernetes_executor.py
[2024-11-06T14:31:02.413+0000] {processor.py:839} INFO - DAG(s) dict_keys(['example_kubernetes_executor']) retrieved from /home/airflow/.local/lib/python3.8/site-packages/airflow/example_dags/example_kubernetes_executor.py
[2024-11-06T14:31:02.432+0000] {logging_mixin.py:154} INFO - [2024-11-06T14:31:02.432+0000] {dag.py:2941} INFO - Sync 1 DAGs
[2024-11-06T14:31:02.437+0000] {logging_mixin.py:154} INFO - [2024-11-06T14:31:02.437+0000] {dag.py:3722} INFO - Setting next_dagrun for example_kubernetes_executor to None, run_after=None
[2024-11-06T14:31:02.450+0000] {processor.py:179} INFO - Processing /home/airflow/.local/lib/python3.8/site-packages/airflow/example_dags/example_kubernetes_executor.py took 0.048 seconds
[2024-11-06T14:36:36.831+0000] {processor.py:157} INFO - Started process (PID=2610) to work on /home/airflow/.local/lib/python3.8/site-packages/airflow/example_dags/example_kubernetes_executor.py
[2024-11-06T14:36:36.832+0000] {processor.py:829} INFO - Processing file /home/airflow/.local/lib/python3.8/site-packages/airflow/example_dags/example_kubernetes_executor.py for tasks to queue
[2024-11-06T14:36:36.834+0000] {logging_mixin.py:154} INFO - [2024-11-06T14:36:36.834+0000] {dagbag.py:536} INFO - Filling up the DagBag from /home/airflow/.local/lib/python3.8/site-packages/airflow/example_dags/example_kubernetes_executor.py
[2024-11-06T14:36:36.841+0000] {processor.py:839} INFO - DAG(s) dict_keys(['example_kubernetes_executor']) retrieved from /home/airflow/.local/lib/python3.8/site-packages/airflow/example_dags/example_kubernetes_executor.py
[2024-11-06T14:36:36.858+0000] {logging_mixin.py:154} INFO - [2024-11-06T14:36:36.858+0000] {dag.py:2941} INFO - Sync 1 DAGs
[2024-11-06T14:36:36.864+0000] {logging_mixin.py:154} INFO - [2024-11-06T14:36:36.864+0000] {dag.py:3722} INFO - Setting next_dagrun for example_kubernetes_executor to None, run_after=None
[2024-11-06T14:36:36.872+0000] {processor.py:179} INFO - Processing /home/airflow/.local/lib/python3.8/site-packages/airflow/example_dags/example_kubernetes_executor.py took 0.042 seconds
[2024-11-06T15:02:53.296+0000] {processor.py:157} INFO - Started process (PID=2664) to work on /home/airflow/.local/lib/python3.8/site-packages/airflow/example_dags/example_kubernetes_executor.py
[2024-11-06T15:02:53.297+0000] {processor.py:829} INFO - Processing file /home/airflow/.local/lib/python3.8/site-packages/airflow/example_dags/example_kubernetes_executor.py for tasks to queue
[2024-11-06T15:02:53.298+0000] {logging_mixin.py:154} INFO - [2024-11-06T15:02:53.298+0000] {dagbag.py:536} INFO - Filling up the DagBag from /home/airflow/.local/lib/python3.8/site-packages/airflow/example_dags/example_kubernetes_executor.py
[2024-11-06T15:02:53.305+0000] {processor.py:839} INFO - DAG(s) dict_keys(['example_kubernetes_executor']) retrieved from /home/airflow/.local/lib/python3.8/site-packages/airflow/example_dags/example_kubernetes_executor.py
[2024-11-06T15:02:53.324+0000] {logging_mixin.py:154} INFO - [2024-11-06T15:02:53.324+0000] {dag.py:2941} INFO - Sync 1 DAGs
[2024-11-06T15:02:53.330+0000] {logging_mixin.py:154} INFO - [2024-11-06T15:02:53.330+0000] {dag.py:3722} INFO - Setting next_dagrun for example_kubernetes_executor to None, run_after=None
[2024-11-06T15:02:53.339+0000] {processor.py:179} INFO - Processing /home/airflow/.local/lib/python3.8/site-packages/airflow/example_dags/example_kubernetes_executor.py took 0.044 seconds
[2024-11-06T15:37:17.270+0000] {processor.py:157} INFO - Started process (PID=2718) to work on /home/airflow/.local/lib/python3.8/site-packages/airflow/example_dags/example_kubernetes_executor.py
[2024-11-06T15:37:17.273+0000] {processor.py:829} INFO - Processing file /home/airflow/.local/lib/python3.8/site-packages/airflow/example_dags/example_kubernetes_executor.py for tasks to queue
[2024-11-06T15:37:17.274+0000] {logging_mixin.py:154} INFO - [2024-11-06T15:37:17.274+0000] {dagbag.py:536} INFO - Filling up the DagBag from /home/airflow/.local/lib/python3.8/site-packages/airflow/example_dags/example_kubernetes_executor.py
[2024-11-06T15:37:17.280+0000] {processor.py:839} INFO - DAG(s) dict_keys(['example_kubernetes_executor']) retrieved from /home/airflow/.local/lib/python3.8/site-packages/airflow/example_dags/example_kubernetes_executor.py
[2024-11-06T15:37:17.298+0000] {logging_mixin.py:154} INFO - [2024-11-06T15:37:17.298+0000] {dag.py:2941} INFO - Sync 1 DAGs
[2024-11-06T15:37:17.304+0000] {logging_mixin.py:154} INFO - [2024-11-06T15:37:17.304+0000] {dag.py:3722} INFO - Setting next_dagrun for example_kubernetes_executor to None, run_after=None
[2024-11-06T15:37:17.313+0000] {processor.py:179} INFO - Processing /home/airflow/.local/lib/python3.8/site-packages/airflow/example_dags/example_kubernetes_executor.py took 0.044 seconds
[2024-11-06T15:48:09.770+0000] {processor.py:157} INFO - Started process (PID=2772) to work on /home/airflow/.local/lib/python3.8/site-packages/airflow/example_dags/example_kubernetes_executor.py
[2024-11-06T15:48:09.771+0000] {processor.py:829} INFO - Processing file /home/airflow/.local/lib/python3.8/site-packages/airflow/example_dags/example_kubernetes_executor.py for tasks to queue
[2024-11-06T15:48:09.774+0000] {logging_mixin.py:154} INFO - [2024-11-06T15:48:09.773+0000] {dagbag.py:536} INFO - Filling up the DagBag from /home/airflow/.local/lib/python3.8/site-packages/airflow/example_dags/example_kubernetes_executor.py
[2024-11-06T15:48:09.783+0000] {processor.py:839} INFO - DAG(s) dict_keys(['example_kubernetes_executor']) retrieved from /home/airflow/.local/lib/python3.8/site-packages/airflow/example_dags/example_kubernetes_executor.py
[2024-11-06T15:48:09.815+0000] {logging_mixin.py:154} INFO - [2024-11-06T15:48:09.814+0000] {dag.py:2941} INFO - Sync 1 DAGs
[2024-11-06T15:48:09.828+0000] {logging_mixin.py:154} INFO - [2024-11-06T15:48:09.828+0000] {dag.py:3722} INFO - Setting next_dagrun for example_kubernetes_executor to None, run_after=None
[2024-11-06T15:48:09.852+0000] {processor.py:179} INFO - Processing /home/airflow/.local/lib/python3.8/site-packages/airflow/example_dags/example_kubernetes_executor.py took 0.085 seconds
[2024-11-06T16:49:04.074+0000] {processor.py:157} INFO - Started process (PID=2826) to work on /home/airflow/.local/lib/python3.8/site-packages/airflow/example_dags/example_kubernetes_executor.py
[2024-11-06T16:49:04.075+0000] {processor.py:829} INFO - Processing file /home/airflow/.local/lib/python3.8/site-packages/airflow/example_dags/example_kubernetes_executor.py for tasks to queue
[2024-11-06T16:49:04.076+0000] {logging_mixin.py:154} INFO - [2024-11-06T16:49:04.076+0000] {dagbag.py:536} INFO - Filling up the DagBag from /home/airflow/.local/lib/python3.8/site-packages/airflow/example_dags/example_kubernetes_executor.py
[2024-11-06T16:49:04.082+0000] {processor.py:839} INFO - DAG(s) dict_keys(['example_kubernetes_executor']) retrieved from /home/airflow/.local/lib/python3.8/site-packages/airflow/example_dags/example_kubernetes_executor.py
[2024-11-06T16:49:04.099+0000] {logging_mixin.py:154} INFO - [2024-11-06T16:49:04.099+0000] {dag.py:2941} INFO - Sync 1 DAGs
[2024-11-06T16:49:04.105+0000] {logging_mixin.py:154} INFO - [2024-11-06T16:49:04.105+0000] {dag.py:3722} INFO - Setting next_dagrun for example_kubernetes_executor to None, run_after=None
[2024-11-06T16:49:04.115+0000] {processor.py:179} INFO - Processing /home/airflow/.local/lib/python3.8/site-packages/airflow/example_dags/example_kubernetes_executor.py took 0.043 seconds
[2024-11-06T16:49:56.816+0000] {processor.py:157} INFO - Started process (PID=2880) to work on /home/airflow/.local/lib/python3.8/site-packages/airflow/example_dags/example_kubernetes_executor.py
[2024-11-06T16:49:56.817+0000] {processor.py:829} INFO - Processing file /home/airflow/.local/lib/python3.8/site-packages/airflow/example_dags/example_kubernetes_executor.py for tasks to queue
[2024-11-06T16:49:56.818+0000] {logging_mixin.py:154} INFO - [2024-11-06T16:49:56.818+0000] {dagbag.py:536} INFO - Filling up the DagBag from /home/airflow/.local/lib/python3.8/site-packages/airflow/example_dags/example_kubernetes_executor.py
[2024-11-06T16:49:56.824+0000] {processor.py:839} INFO - DAG(s) dict_keys(['example_kubernetes_executor']) retrieved from /home/airflow/.local/lib/python3.8/site-packages/airflow/example_dags/example_kubernetes_executor.py
[2024-11-06T16:49:56.847+0000] {logging_mixin.py:154} INFO - [2024-11-06T16:49:56.847+0000] {dag.py:2941} INFO - Sync 1 DAGs
[2024-11-06T16:49:56.853+0000] {logging_mixin.py:154} INFO - [2024-11-06T16:49:56.853+0000] {dag.py:3722} INFO - Setting next_dagrun for example_kubernetes_executor to None, run_after=None
[2024-11-06T16:49:56.862+0000] {processor.py:179} INFO - Processing /home/airflow/.local/lib/python3.8/site-packages/airflow/example_dags/example_kubernetes_executor.py took 0.047 seconds
[2024-11-06T17:40:08.828+0000] {processor.py:157} INFO - Started process (PID=2934) to work on /home/airflow/.local/lib/python3.8/site-packages/airflow/example_dags/example_kubernetes_executor.py
[2024-11-06T17:40:08.832+0000] {processor.py:829} INFO - Processing file /home/airflow/.local/lib/python3.8/site-packages/airflow/example_dags/example_kubernetes_executor.py for tasks to queue
[2024-11-06T17:40:08.834+0000] {logging_mixin.py:154} INFO - [2024-11-06T17:40:08.834+0000] {dagbag.py:536} INFO - Filling up the DagBag from /home/airflow/.local/lib/python3.8/site-packages/airflow/example_dags/example_kubernetes_executor.py
[2024-11-06T17:40:08.841+0000] {processor.py:839} INFO - DAG(s) dict_keys(['example_kubernetes_executor']) retrieved from /home/airflow/.local/lib/python3.8/site-packages/airflow/example_dags/example_kubernetes_executor.py
[2024-11-06T17:40:08.862+0000] {logging_mixin.py:154} INFO - [2024-11-06T17:40:08.862+0000] {dag.py:2941} INFO - Sync 1 DAGs
[2024-11-06T17:40:08.868+0000] {logging_mixin.py:154} INFO - [2024-11-06T17:40:08.868+0000] {dag.py:3722} INFO - Setting next_dagrun for example_kubernetes_executor to None, run_after=None
[2024-11-06T17:40:08.878+0000] {processor.py:179} INFO - Processing /home/airflow/.local/lib/python3.8/site-packages/airflow/example_dags/example_kubernetes_executor.py took 0.051 seconds
[2024-11-06T18:40:21.154+0000] {processor.py:157} INFO - Started process (PID=2988) to work on /home/airflow/.local/lib/python3.8/site-packages/airflow/example_dags/example_kubernetes_executor.py
[2024-11-06T18:40:21.155+0000] {processor.py:829} INFO - Processing file /home/airflow/.local/lib/python3.8/site-packages/airflow/example_dags/example_kubernetes_executor.py for tasks to queue
[2024-11-06T18:40:21.157+0000] {logging_mixin.py:154} INFO - [2024-11-06T18:40:21.157+0000] {dagbag.py:536} INFO - Filling up the DagBag from /home/airflow/.local/lib/python3.8/site-packages/airflow/example_dags/example_kubernetes_executor.py
[2024-11-06T18:40:21.163+0000] {processor.py:839} INFO - DAG(s) dict_keys(['example_kubernetes_executor']) retrieved from /home/airflow/.local/lib/python3.8/site-packages/airflow/example_dags/example_kubernetes_executor.py
[2024-11-06T18:40:21.182+0000] {logging_mixin.py:154} INFO - [2024-11-06T18:40:21.182+0000] {dag.py:2941} INFO - Sync 1 DAGs
[2024-11-06T18:40:21.188+0000] {logging_mixin.py:154} INFO - [2024-11-06T18:40:21.187+0000] {dag.py:3722} INFO - Setting next_dagrun for example_kubernetes_executor to None, run_after=None
[2024-11-06T18:40:21.197+0000] {processor.py:179} INFO - Processing /home/airflow/.local/lib/python3.8/site-packages/airflow/example_dags/example_kubernetes_executor.py took 0.045 seconds
[2024-11-06T19:56:54.962+0000] {processor.py:157} INFO - Started process (PID=3042) to work on /home/airflow/.local/lib/python3.8/site-packages/airflow/example_dags/example_kubernetes_executor.py
[2024-11-06T19:56:54.963+0000] {processor.py:829} INFO - Processing file /home/airflow/.local/lib/python3.8/site-packages/airflow/example_dags/example_kubernetes_executor.py for tasks to queue
[2024-11-06T19:56:54.964+0000] {logging_mixin.py:154} INFO - [2024-11-06T19:56:54.964+0000] {dagbag.py:536} INFO - Filling up the DagBag from /home/airflow/.local/lib/python3.8/site-packages/airflow/example_dags/example_kubernetes_executor.py
[2024-11-06T19:56:54.970+0000] {processor.py:839} INFO - DAG(s) dict_keys(['example_kubernetes_executor']) retrieved from /home/airflow/.local/lib/python3.8/site-packages/airflow/example_dags/example_kubernetes_executor.py
[2024-11-06T19:56:54.985+0000] {logging_mixin.py:154} INFO - [2024-11-06T19:56:54.985+0000] {dag.py:2941} INFO - Sync 1 DAGs
[2024-11-06T19:56:54.989+0000] {logging_mixin.py:154} INFO - [2024-11-06T19:56:54.989+0000] {dag.py:3722} INFO - Setting next_dagrun for example_kubernetes_executor to None, run_after=None
[2024-11-06T19:56:54.997+0000] {processor.py:179} INFO - Processing /home/airflow/.local/lib/python3.8/site-packages/airflow/example_dags/example_kubernetes_executor.py took 0.036 seconds
[2024-11-06T20:41:41.595+0000] {processor.py:157} INFO - Started process (PID=3096) to work on /home/airflow/.local/lib/python3.8/site-packages/airflow/example_dags/example_kubernetes_executor.py
[2024-11-06T20:41:41.595+0000] {processor.py:829} INFO - Processing file /home/airflow/.local/lib/python3.8/site-packages/airflow/example_dags/example_kubernetes_executor.py for tasks to queue
[2024-11-06T20:41:41.596+0000] {logging_mixin.py:154} INFO - [2024-11-06T20:41:41.596+0000] {dagbag.py:536} INFO - Filling up the DagBag from /home/airflow/.local/lib/python3.8/site-packages/airflow/example_dags/example_kubernetes_executor.py
[2024-11-06T20:41:41.602+0000] {processor.py:839} INFO - DAG(s) dict_keys(['example_kubernetes_executor']) retrieved from /home/airflow/.local/lib/python3.8/site-packages/airflow/example_dags/example_kubernetes_executor.py
[2024-11-06T20:41:41.617+0000] {logging_mixin.py:154} INFO - [2024-11-06T20:41:41.617+0000] {dag.py:2941} INFO - Sync 1 DAGs
[2024-11-06T20:41:41.621+0000] {logging_mixin.py:154} INFO - [2024-11-06T20:41:41.621+0000] {dag.py:3722} INFO - Setting next_dagrun for example_kubernetes_executor to None, run_after=None
[2024-11-06T20:41:41.627+0000] {processor.py:179} INFO - Processing /home/airflow/.local/lib/python3.8/site-packages/airflow/example_dags/example_kubernetes_executor.py took 0.034 seconds
[2024-11-06T22:09:51.065+0000] {processor.py:157} INFO - Started process (PID=3150) to work on /home/airflow/.local/lib/python3.8/site-packages/airflow/example_dags/example_kubernetes_executor.py
[2024-11-06T22:09:51.066+0000] {processor.py:829} INFO - Processing file /home/airflow/.local/lib/python3.8/site-packages/airflow/example_dags/example_kubernetes_executor.py for tasks to queue
[2024-11-06T22:09:51.067+0000] {logging_mixin.py:154} INFO - [2024-11-06T22:09:51.067+0000] {dagbag.py:536} INFO - Filling up the DagBag from /home/airflow/.local/lib/python3.8/site-packages/airflow/example_dags/example_kubernetes_executor.py
[2024-11-06T22:09:51.072+0000] {processor.py:839} INFO - DAG(s) dict_keys(['example_kubernetes_executor']) retrieved from /home/airflow/.local/lib/python3.8/site-packages/airflow/example_dags/example_kubernetes_executor.py
[2024-11-06T22:09:51.088+0000] {logging_mixin.py:154} INFO - [2024-11-06T22:09:51.088+0000] {dag.py:2941} INFO - Sync 1 DAGs
[2024-11-06T22:09:51.093+0000] {logging_mixin.py:154} INFO - [2024-11-06T22:09:51.093+0000] {dag.py:3722} INFO - Setting next_dagrun for example_kubernetes_executor to None, run_after=None
[2024-11-06T22:09:51.099+0000] {processor.py:179} INFO - Processing /home/airflow/.local/lib/python3.8/site-packages/airflow/example_dags/example_kubernetes_executor.py took 0.035 seconds
[2024-11-06T23:10:56.811+0000] {processor.py:157} INFO - Started process (PID=3204) to work on /home/airflow/.local/lib/python3.8/site-packages/airflow/example_dags/example_kubernetes_executor.py
[2024-11-06T23:10:56.811+0000] {processor.py:829} INFO - Processing file /home/airflow/.local/lib/python3.8/site-packages/airflow/example_dags/example_kubernetes_executor.py for tasks to queue
[2024-11-06T23:10:56.812+0000] {logging_mixin.py:154} INFO - [2024-11-06T23:10:56.812+0000] {dagbag.py:536} INFO - Filling up the DagBag from /home/airflow/.local/lib/python3.8/site-packages/airflow/example_dags/example_kubernetes_executor.py
[2024-11-06T23:10:56.818+0000] {processor.py:839} INFO - DAG(s) dict_keys(['example_kubernetes_executor']) retrieved from /home/airflow/.local/lib/python3.8/site-packages/airflow/example_dags/example_kubernetes_executor.py
[2024-11-06T23:10:56.833+0000] {logging_mixin.py:154} INFO - [2024-11-06T23:10:56.833+0000] {dag.py:2941} INFO - Sync 1 DAGs
[2024-11-06T23:10:56.839+0000] {logging_mixin.py:154} INFO - [2024-11-06T23:10:56.839+0000] {dag.py:3722} INFO - Setting next_dagrun for example_kubernetes_executor to None, run_after=None
[2024-11-06T23:10:56.845+0000] {processor.py:179} INFO - Processing /home/airflow/.local/lib/python3.8/site-packages/airflow/example_dags/example_kubernetes_executor.py took 0.036 seconds
[2024-11-06T23:49:21.526+0000] {processor.py:157} INFO - Started process (PID=3258) to work on /home/airflow/.local/lib/python3.8/site-packages/airflow/example_dags/example_kubernetes_executor.py
[2024-11-06T23:49:21.527+0000] {processor.py:829} INFO - Processing file /home/airflow/.local/lib/python3.8/site-packages/airflow/example_dags/example_kubernetes_executor.py for tasks to queue
[2024-11-06T23:49:21.528+0000] {logging_mixin.py:154} INFO - [2024-11-06T23:49:21.528+0000] {dagbag.py:536} INFO - Filling up the DagBag from /home/airflow/.local/lib/python3.8/site-packages/airflow/example_dags/example_kubernetes_executor.py
[2024-11-06T23:49:21.534+0000] {processor.py:839} INFO - DAG(s) dict_keys(['example_kubernetes_executor']) retrieved from /home/airflow/.local/lib/python3.8/site-packages/airflow/example_dags/example_kubernetes_executor.py
[2024-11-06T23:49:21.556+0000] {logging_mixin.py:154} INFO - [2024-11-06T23:49:21.556+0000] {dag.py:2941} INFO - Sync 1 DAGs
[2024-11-06T23:49:21.566+0000] {logging_mixin.py:154} INFO - [2024-11-06T23:49:21.565+0000] {dag.py:3722} INFO - Setting next_dagrun for example_kubernetes_executor to None, run_after=None
[2024-11-06T23:49:21.578+0000] {processor.py:179} INFO - Processing /home/airflow/.local/lib/python3.8/site-packages/airflow/example_dags/example_kubernetes_executor.py took 0.054 seconds
