[2024-11-06T08:43:20.204+0000] {processor.py:157} INFO - Started process (PID=80) to work on /home/airflow/.local/lib/python3.8/site-packages/airflow/example_dags/tutorial_taskflow_api.py
[2024-11-06T08:43:20.204+0000] {processor.py:829} INFO - Processing file /home/airflow/.local/lib/python3.8/site-packages/airflow/example_dags/tutorial_taskflow_api.py for tasks to queue
[2024-11-06T08:43:20.207+0000] {logging_mixin.py:154} INFO - [2024-11-06T08:43:20.207+0000] {dagbag.py:536} INFO - Filling up the DagBag from /home/airflow/.local/lib/python3.8/site-packages/airflow/example_dags/tutorial_taskflow_api.py
[2024-11-06T08:43:20.213+0000] {processor.py:839} INFO - DAG(s) dict_keys(['tutorial_taskflow_api']) retrieved from /home/airflow/.local/lib/python3.8/site-packages/airflow/example_dags/tutorial_taskflow_api.py
[2024-11-06T08:43:20.223+0000] {logging_mixin.py:154} INFO - [2024-11-06T08:43:20.223+0000] {dag.py:2941} INFO - Sync 1 DAGs
[2024-11-06T08:43:20.241+0000] {logging_mixin.py:154} INFO - [2024-11-06T08:43:20.240+0000] {dag.py:3722} INFO - Setting next_dagrun for tutorial_taskflow_api to None, run_after=None
[2024-11-06T08:43:20.266+0000] {processor.py:179} INFO - Processing /home/airflow/.local/lib/python3.8/site-packages/airflow/example_dags/tutorial_taskflow_api.py took 0.065 seconds
[2024-11-06T08:43:50.353+0000] {processor.py:157} INFO - Started process (PID=134) to work on /home/airflow/.local/lib/python3.8/site-packages/airflow/example_dags/tutorial_taskflow_api.py
[2024-11-06T08:43:50.355+0000] {processor.py:829} INFO - Processing file /home/airflow/.local/lib/python3.8/site-packages/airflow/example_dags/tutorial_taskflow_api.py for tasks to queue
[2024-11-06T08:43:50.356+0000] {logging_mixin.py:154} INFO - [2024-11-06T08:43:50.356+0000] {dagbag.py:536} INFO - Filling up the DagBag from /home/airflow/.local/lib/python3.8/site-packages/airflow/example_dags/tutorial_taskflow_api.py
[2024-11-06T08:43:50.359+0000] {processor.py:839} INFO - DAG(s) dict_keys(['tutorial_taskflow_api']) retrieved from /home/airflow/.local/lib/python3.8/site-packages/airflow/example_dags/tutorial_taskflow_api.py
[2024-11-06T08:43:50.368+0000] {logging_mixin.py:154} INFO - [2024-11-06T08:43:50.368+0000] {dag.py:2941} INFO - Sync 1 DAGs
[2024-11-06T08:43:50.373+0000] {logging_mixin.py:154} INFO - [2024-11-06T08:43:50.373+0000] {dag.py:3722} INFO - Setting next_dagrun for tutorial_taskflow_api to None, run_after=None
[2024-11-06T08:43:50.381+0000] {processor.py:179} INFO - Processing /home/airflow/.local/lib/python3.8/site-packages/airflow/example_dags/tutorial_taskflow_api.py took 0.030 seconds
[2024-11-06T08:44:20.721+0000] {processor.py:157} INFO - Started process (PID=188) to work on /home/airflow/.local/lib/python3.8/site-packages/airflow/example_dags/tutorial_taskflow_api.py
[2024-11-06T08:44:20.723+0000] {processor.py:829} INFO - Processing file /home/airflow/.local/lib/python3.8/site-packages/airflow/example_dags/tutorial_taskflow_api.py for tasks to queue
[2024-11-06T08:44:20.724+0000] {logging_mixin.py:154} INFO - [2024-11-06T08:44:20.724+0000] {dagbag.py:536} INFO - Filling up the DagBag from /home/airflow/.local/lib/python3.8/site-packages/airflow/example_dags/tutorial_taskflow_api.py
[2024-11-06T08:44:20.727+0000] {processor.py:839} INFO - DAG(s) dict_keys(['tutorial_taskflow_api']) retrieved from /home/airflow/.local/lib/python3.8/site-packages/airflow/example_dags/tutorial_taskflow_api.py
[2024-11-06T08:44:20.739+0000] {logging_mixin.py:154} INFO - [2024-11-06T08:44:20.739+0000] {dag.py:2941} INFO - Sync 1 DAGs
[2024-11-06T08:44:20.745+0000] {logging_mixin.py:154} INFO - [2024-11-06T08:44:20.745+0000] {dag.py:3722} INFO - Setting next_dagrun for tutorial_taskflow_api to None, run_after=None
[2024-11-06T08:44:20.756+0000] {processor.py:179} INFO - Processing /home/airflow/.local/lib/python3.8/site-packages/airflow/example_dags/tutorial_taskflow_api.py took 0.037 seconds
[2024-11-06T08:44:51.057+0000] {processor.py:157} INFO - Started process (PID=242) to work on /home/airflow/.local/lib/python3.8/site-packages/airflow/example_dags/tutorial_taskflow_api.py
[2024-11-06T08:44:51.061+0000] {processor.py:829} INFO - Processing file /home/airflow/.local/lib/python3.8/site-packages/airflow/example_dags/tutorial_taskflow_api.py for tasks to queue
[2024-11-06T08:44:51.062+0000] {logging_mixin.py:154} INFO - [2024-11-06T08:44:51.062+0000] {dagbag.py:536} INFO - Filling up the DagBag from /home/airflow/.local/lib/python3.8/site-packages/airflow/example_dags/tutorial_taskflow_api.py
[2024-11-06T08:44:51.065+0000] {processor.py:839} INFO - DAG(s) dict_keys(['tutorial_taskflow_api']) retrieved from /home/airflow/.local/lib/python3.8/site-packages/airflow/example_dags/tutorial_taskflow_api.py
[2024-11-06T08:44:51.076+0000] {logging_mixin.py:154} INFO - [2024-11-06T08:44:51.076+0000] {dag.py:2941} INFO - Sync 1 DAGs
[2024-11-06T08:44:51.082+0000] {logging_mixin.py:154} INFO - [2024-11-06T08:44:51.082+0000] {dag.py:3722} INFO - Setting next_dagrun for tutorial_taskflow_api to None, run_after=None
[2024-11-06T08:44:51.091+0000] {processor.py:179} INFO - Processing /home/airflow/.local/lib/python3.8/site-packages/airflow/example_dags/tutorial_taskflow_api.py took 0.035 seconds
[2024-11-06T08:45:21.406+0000] {processor.py:157} INFO - Started process (PID=296) to work on /home/airflow/.local/lib/python3.8/site-packages/airflow/example_dags/tutorial_taskflow_api.py
[2024-11-06T08:45:21.407+0000] {processor.py:829} INFO - Processing file /home/airflow/.local/lib/python3.8/site-packages/airflow/example_dags/tutorial_taskflow_api.py for tasks to queue
[2024-11-06T08:45:21.409+0000] {logging_mixin.py:154} INFO - [2024-11-06T08:45:21.409+0000] {dagbag.py:536} INFO - Filling up the DagBag from /home/airflow/.local/lib/python3.8/site-packages/airflow/example_dags/tutorial_taskflow_api.py
[2024-11-06T08:45:21.412+0000] {processor.py:839} INFO - DAG(s) dict_keys(['tutorial_taskflow_api']) retrieved from /home/airflow/.local/lib/python3.8/site-packages/airflow/example_dags/tutorial_taskflow_api.py
[2024-11-06T08:45:21.422+0000] {logging_mixin.py:154} INFO - [2024-11-06T08:45:21.422+0000] {dag.py:2941} INFO - Sync 1 DAGs
[2024-11-06T08:45:21.427+0000] {logging_mixin.py:154} INFO - [2024-11-06T08:45:21.427+0000] {dag.py:3722} INFO - Setting next_dagrun for tutorial_taskflow_api to None, run_after=None
[2024-11-06T08:45:21.439+0000] {processor.py:179} INFO - Processing /home/airflow/.local/lib/python3.8/site-packages/airflow/example_dags/tutorial_taskflow_api.py took 0.034 seconds
[2024-11-06T08:45:51.814+0000] {processor.py:157} INFO - Started process (PID=350) to work on /home/airflow/.local/lib/python3.8/site-packages/airflow/example_dags/tutorial_taskflow_api.py
[2024-11-06T08:45:51.814+0000] {processor.py:829} INFO - Processing file /home/airflow/.local/lib/python3.8/site-packages/airflow/example_dags/tutorial_taskflow_api.py for tasks to queue
[2024-11-06T08:45:51.815+0000] {logging_mixin.py:154} INFO - [2024-11-06T08:45:51.815+0000] {dagbag.py:536} INFO - Filling up the DagBag from /home/airflow/.local/lib/python3.8/site-packages/airflow/example_dags/tutorial_taskflow_api.py
[2024-11-06T08:45:51.818+0000] {processor.py:839} INFO - DAG(s) dict_keys(['tutorial_taskflow_api']) retrieved from /home/airflow/.local/lib/python3.8/site-packages/airflow/example_dags/tutorial_taskflow_api.py
[2024-11-06T08:45:51.828+0000] {logging_mixin.py:154} INFO - [2024-11-06T08:45:51.828+0000] {dag.py:2941} INFO - Sync 1 DAGs
[2024-11-06T08:45:51.833+0000] {logging_mixin.py:154} INFO - [2024-11-06T08:45:51.833+0000] {dag.py:3722} INFO - Setting next_dagrun for tutorial_taskflow_api to None, run_after=None
[2024-11-06T08:45:51.846+0000] {processor.py:179} INFO - Processing /home/airflow/.local/lib/python3.8/site-packages/airflow/example_dags/tutorial_taskflow_api.py took 0.034 seconds
[2024-11-06T08:46:22.507+0000] {processor.py:157} INFO - Started process (PID=404) to work on /home/airflow/.local/lib/python3.8/site-packages/airflow/example_dags/tutorial_taskflow_api.py
[2024-11-06T08:46:22.507+0000] {processor.py:829} INFO - Processing file /home/airflow/.local/lib/python3.8/site-packages/airflow/example_dags/tutorial_taskflow_api.py for tasks to queue
[2024-11-06T08:46:22.509+0000] {logging_mixin.py:154} INFO - [2024-11-06T08:46:22.508+0000] {dagbag.py:536} INFO - Filling up the DagBag from /home/airflow/.local/lib/python3.8/site-packages/airflow/example_dags/tutorial_taskflow_api.py
[2024-11-06T08:46:22.512+0000] {processor.py:839} INFO - DAG(s) dict_keys(['tutorial_taskflow_api']) retrieved from /home/airflow/.local/lib/python3.8/site-packages/airflow/example_dags/tutorial_taskflow_api.py
[2024-11-06T08:46:22.525+0000] {logging_mixin.py:154} INFO - [2024-11-06T08:46:22.524+0000] {dag.py:2941} INFO - Sync 1 DAGs
[2024-11-06T08:46:22.532+0000] {logging_mixin.py:154} INFO - [2024-11-06T08:46:22.532+0000] {dag.py:3722} INFO - Setting next_dagrun for tutorial_taskflow_api to None, run_after=None
[2024-11-06T08:46:22.543+0000] {processor.py:179} INFO - Processing /home/airflow/.local/lib/python3.8/site-packages/airflow/example_dags/tutorial_taskflow_api.py took 0.039 seconds
[2024-11-06T08:46:53.070+0000] {processor.py:157} INFO - Started process (PID=465) to work on /home/airflow/.local/lib/python3.8/site-packages/airflow/example_dags/tutorial_taskflow_api.py
[2024-11-06T08:46:53.070+0000] {processor.py:829} INFO - Processing file /home/airflow/.local/lib/python3.8/site-packages/airflow/example_dags/tutorial_taskflow_api.py for tasks to queue
[2024-11-06T08:46:53.071+0000] {logging_mixin.py:154} INFO - [2024-11-06T08:46:53.071+0000] {dagbag.py:536} INFO - Filling up the DagBag from /home/airflow/.local/lib/python3.8/site-packages/airflow/example_dags/tutorial_taskflow_api.py
[2024-11-06T08:46:53.074+0000] {processor.py:839} INFO - DAG(s) dict_keys(['tutorial_taskflow_api']) retrieved from /home/airflow/.local/lib/python3.8/site-packages/airflow/example_dags/tutorial_taskflow_api.py
[2024-11-06T08:46:53.083+0000] {logging_mixin.py:154} INFO - [2024-11-06T08:46:53.083+0000] {dag.py:2941} INFO - Sync 1 DAGs
[2024-11-06T08:46:53.089+0000] {logging_mixin.py:154} INFO - [2024-11-06T08:46:53.089+0000] {dag.py:3722} INFO - Setting next_dagrun for tutorial_taskflow_api to None, run_after=None
[2024-11-06T08:46:53.097+0000] {processor.py:179} INFO - Processing /home/airflow/.local/lib/python3.8/site-packages/airflow/example_dags/tutorial_taskflow_api.py took 0.028 seconds
[2024-11-06T08:47:23.439+0000] {processor.py:157} INFO - Started process (PID=519) to work on /home/airflow/.local/lib/python3.8/site-packages/airflow/example_dags/tutorial_taskflow_api.py
[2024-11-06T08:47:23.439+0000] {processor.py:829} INFO - Processing file /home/airflow/.local/lib/python3.8/site-packages/airflow/example_dags/tutorial_taskflow_api.py for tasks to queue
[2024-11-06T08:47:23.440+0000] {logging_mixin.py:154} INFO - [2024-11-06T08:47:23.440+0000] {dagbag.py:536} INFO - Filling up the DagBag from /home/airflow/.local/lib/python3.8/site-packages/airflow/example_dags/tutorial_taskflow_api.py
[2024-11-06T08:47:23.443+0000] {processor.py:839} INFO - DAG(s) dict_keys(['tutorial_taskflow_api']) retrieved from /home/airflow/.local/lib/python3.8/site-packages/airflow/example_dags/tutorial_taskflow_api.py
[2024-11-06T08:47:23.451+0000] {logging_mixin.py:154} INFO - [2024-11-06T08:47:23.451+0000] {dag.py:2941} INFO - Sync 1 DAGs
[2024-11-06T08:47:23.457+0000] {logging_mixin.py:154} INFO - [2024-11-06T08:47:23.457+0000] {dag.py:3722} INFO - Setting next_dagrun for tutorial_taskflow_api to None, run_after=None
[2024-11-06T08:47:23.467+0000] {processor.py:179} INFO - Processing /home/airflow/.local/lib/python3.8/site-packages/airflow/example_dags/tutorial_taskflow_api.py took 0.030 seconds
[2024-11-06T08:47:53.838+0000] {processor.py:157} INFO - Started process (PID=574) to work on /home/airflow/.local/lib/python3.8/site-packages/airflow/example_dags/tutorial_taskflow_api.py
[2024-11-06T08:47:53.838+0000] {processor.py:829} INFO - Processing file /home/airflow/.local/lib/python3.8/site-packages/airflow/example_dags/tutorial_taskflow_api.py for tasks to queue
[2024-11-06T08:47:53.839+0000] {logging_mixin.py:154} INFO - [2024-11-06T08:47:53.839+0000] {dagbag.py:536} INFO - Filling up the DagBag from /home/airflow/.local/lib/python3.8/site-packages/airflow/example_dags/tutorial_taskflow_api.py
[2024-11-06T08:47:53.842+0000] {processor.py:839} INFO - DAG(s) dict_keys(['tutorial_taskflow_api']) retrieved from /home/airflow/.local/lib/python3.8/site-packages/airflow/example_dags/tutorial_taskflow_api.py
[2024-11-06T08:47:53.850+0000] {logging_mixin.py:154} INFO - [2024-11-06T08:47:53.850+0000] {dag.py:2941} INFO - Sync 1 DAGs
[2024-11-06T08:47:53.855+0000] {logging_mixin.py:154} INFO - [2024-11-06T08:47:53.855+0000] {dag.py:3722} INFO - Setting next_dagrun for tutorial_taskflow_api to None, run_after=None
[2024-11-06T08:47:53.862+0000] {processor.py:179} INFO - Processing /home/airflow/.local/lib/python3.8/site-packages/airflow/example_dags/tutorial_taskflow_api.py took 0.025 seconds
[2024-11-06T08:48:24.169+0000] {processor.py:157} INFO - Started process (PID=628) to work on /home/airflow/.local/lib/python3.8/site-packages/airflow/example_dags/tutorial_taskflow_api.py
[2024-11-06T08:48:24.173+0000] {processor.py:829} INFO - Processing file /home/airflow/.local/lib/python3.8/site-packages/airflow/example_dags/tutorial_taskflow_api.py for tasks to queue
[2024-11-06T08:48:24.176+0000] {logging_mixin.py:154} INFO - [2024-11-06T08:48:24.176+0000] {dagbag.py:536} INFO - Filling up the DagBag from /home/airflow/.local/lib/python3.8/site-packages/airflow/example_dags/tutorial_taskflow_api.py
[2024-11-06T08:48:24.179+0000] {processor.py:839} INFO - DAG(s) dict_keys(['tutorial_taskflow_api']) retrieved from /home/airflow/.local/lib/python3.8/site-packages/airflow/example_dags/tutorial_taskflow_api.py
[2024-11-06T08:48:24.188+0000] {logging_mixin.py:154} INFO - [2024-11-06T08:48:24.188+0000] {dag.py:2941} INFO - Sync 1 DAGs
[2024-11-06T08:48:24.194+0000] {logging_mixin.py:154} INFO - [2024-11-06T08:48:24.194+0000] {dag.py:3722} INFO - Setting next_dagrun for tutorial_taskflow_api to None, run_after=None
[2024-11-06T08:48:24.202+0000] {processor.py:179} INFO - Processing /home/airflow/.local/lib/python3.8/site-packages/airflow/example_dags/tutorial_taskflow_api.py took 0.034 seconds
[2024-11-06T08:48:54.445+0000] {processor.py:157} INFO - Started process (PID=682) to work on /home/airflow/.local/lib/python3.8/site-packages/airflow/example_dags/tutorial_taskflow_api.py
[2024-11-06T08:48:54.446+0000] {processor.py:829} INFO - Processing file /home/airflow/.local/lib/python3.8/site-packages/airflow/example_dags/tutorial_taskflow_api.py for tasks to queue
[2024-11-06T08:48:54.447+0000] {logging_mixin.py:154} INFO - [2024-11-06T08:48:54.447+0000] {dagbag.py:536} INFO - Filling up the DagBag from /home/airflow/.local/lib/python3.8/site-packages/airflow/example_dags/tutorial_taskflow_api.py
[2024-11-06T08:48:54.450+0000] {processor.py:839} INFO - DAG(s) dict_keys(['tutorial_taskflow_api']) retrieved from /home/airflow/.local/lib/python3.8/site-packages/airflow/example_dags/tutorial_taskflow_api.py
[2024-11-06T08:48:54.460+0000] {logging_mixin.py:154} INFO - [2024-11-06T08:48:54.460+0000] {dag.py:2941} INFO - Sync 1 DAGs
[2024-11-06T08:48:54.465+0000] {logging_mixin.py:154} INFO - [2024-11-06T08:48:54.465+0000] {dag.py:3722} INFO - Setting next_dagrun for tutorial_taskflow_api to None, run_after=None
[2024-11-06T08:48:54.473+0000] {processor.py:179} INFO - Processing /home/airflow/.local/lib/python3.8/site-packages/airflow/example_dags/tutorial_taskflow_api.py took 0.030 seconds
[2024-11-06T08:49:24.659+0000] {processor.py:157} INFO - Started process (PID=736) to work on /home/airflow/.local/lib/python3.8/site-packages/airflow/example_dags/tutorial_taskflow_api.py
[2024-11-06T08:49:24.661+0000] {processor.py:829} INFO - Processing file /home/airflow/.local/lib/python3.8/site-packages/airflow/example_dags/tutorial_taskflow_api.py for tasks to queue
[2024-11-06T08:49:24.663+0000] {logging_mixin.py:154} INFO - [2024-11-06T08:49:24.663+0000] {dagbag.py:536} INFO - Filling up the DagBag from /home/airflow/.local/lib/python3.8/site-packages/airflow/example_dags/tutorial_taskflow_api.py
[2024-11-06T08:49:24.666+0000] {processor.py:839} INFO - DAG(s) dict_keys(['tutorial_taskflow_api']) retrieved from /home/airflow/.local/lib/python3.8/site-packages/airflow/example_dags/tutorial_taskflow_api.py
[2024-11-06T08:49:24.677+0000] {logging_mixin.py:154} INFO - [2024-11-06T08:49:24.677+0000] {dag.py:2941} INFO - Sync 1 DAGs
[2024-11-06T08:49:24.684+0000] {logging_mixin.py:154} INFO - [2024-11-06T08:49:24.684+0000] {dag.py:3722} INFO - Setting next_dagrun for tutorial_taskflow_api to None, run_after=None
[2024-11-06T08:49:24.691+0000] {processor.py:179} INFO - Processing /home/airflow/.local/lib/python3.8/site-packages/airflow/example_dags/tutorial_taskflow_api.py took 0.033 seconds
[2024-11-06T08:49:54.934+0000] {processor.py:157} INFO - Started process (PID=789) to work on /home/airflow/.local/lib/python3.8/site-packages/airflow/example_dags/tutorial_taskflow_api.py
[2024-11-06T08:49:54.936+0000] {processor.py:829} INFO - Processing file /home/airflow/.local/lib/python3.8/site-packages/airflow/example_dags/tutorial_taskflow_api.py for tasks to queue
[2024-11-06T08:49:54.937+0000] {logging_mixin.py:154} INFO - [2024-11-06T08:49:54.937+0000] {dagbag.py:536} INFO - Filling up the DagBag from /home/airflow/.local/lib/python3.8/site-packages/airflow/example_dags/tutorial_taskflow_api.py
[2024-11-06T08:49:54.940+0000] {processor.py:839} INFO - DAG(s) dict_keys(['tutorial_taskflow_api']) retrieved from /home/airflow/.local/lib/python3.8/site-packages/airflow/example_dags/tutorial_taskflow_api.py
[2024-11-06T08:49:54.949+0000] {logging_mixin.py:154} INFO - [2024-11-06T08:49:54.948+0000] {dag.py:2941} INFO - Sync 1 DAGs
[2024-11-06T08:49:54.955+0000] {logging_mixin.py:154} INFO - [2024-11-06T08:49:54.955+0000] {dag.py:3722} INFO - Setting next_dagrun for tutorial_taskflow_api to None, run_after=None
[2024-11-06T08:49:54.963+0000] {processor.py:179} INFO - Processing /home/airflow/.local/lib/python3.8/site-packages/airflow/example_dags/tutorial_taskflow_api.py took 0.030 seconds
[2024-11-06T08:50:25.163+0000] {processor.py:157} INFO - Started process (PID=843) to work on /home/airflow/.local/lib/python3.8/site-packages/airflow/example_dags/tutorial_taskflow_api.py
[2024-11-06T08:50:25.165+0000] {processor.py:829} INFO - Processing file /home/airflow/.local/lib/python3.8/site-packages/airflow/example_dags/tutorial_taskflow_api.py for tasks to queue
[2024-11-06T08:50:25.166+0000] {logging_mixin.py:154} INFO - [2024-11-06T08:50:25.166+0000] {dagbag.py:536} INFO - Filling up the DagBag from /home/airflow/.local/lib/python3.8/site-packages/airflow/example_dags/tutorial_taskflow_api.py
[2024-11-06T08:50:25.169+0000] {processor.py:839} INFO - DAG(s) dict_keys(['tutorial_taskflow_api']) retrieved from /home/airflow/.local/lib/python3.8/site-packages/airflow/example_dags/tutorial_taskflow_api.py
[2024-11-06T08:50:25.180+0000] {logging_mixin.py:154} INFO - [2024-11-06T08:50:25.180+0000] {dag.py:2941} INFO - Sync 1 DAGs
[2024-11-06T08:50:25.188+0000] {logging_mixin.py:154} INFO - [2024-11-06T08:50:25.188+0000] {dag.py:3722} INFO - Setting next_dagrun for tutorial_taskflow_api to None, run_after=None
[2024-11-06T08:50:25.195+0000] {processor.py:179} INFO - Processing /home/airflow/.local/lib/python3.8/site-packages/airflow/example_dags/tutorial_taskflow_api.py took 0.034 seconds
[2024-11-06T08:50:55.425+0000] {processor.py:157} INFO - Started process (PID=897) to work on /home/airflow/.local/lib/python3.8/site-packages/airflow/example_dags/tutorial_taskflow_api.py
[2024-11-06T08:50:55.425+0000] {processor.py:829} INFO - Processing file /home/airflow/.local/lib/python3.8/site-packages/airflow/example_dags/tutorial_taskflow_api.py for tasks to queue
[2024-11-06T08:50:55.428+0000] {logging_mixin.py:154} INFO - [2024-11-06T08:50:55.428+0000] {dagbag.py:536} INFO - Filling up the DagBag from /home/airflow/.local/lib/python3.8/site-packages/airflow/example_dags/tutorial_taskflow_api.py
[2024-11-06T08:50:55.431+0000] {processor.py:839} INFO - DAG(s) dict_keys(['tutorial_taskflow_api']) retrieved from /home/airflow/.local/lib/python3.8/site-packages/airflow/example_dags/tutorial_taskflow_api.py
[2024-11-06T08:50:55.441+0000] {logging_mixin.py:154} INFO - [2024-11-06T08:50:55.441+0000] {dag.py:2941} INFO - Sync 1 DAGs
[2024-11-06T08:50:55.447+0000] {logging_mixin.py:154} INFO - [2024-11-06T08:50:55.447+0000] {dag.py:3722} INFO - Setting next_dagrun for tutorial_taskflow_api to None, run_after=None
[2024-11-06T08:50:55.453+0000] {processor.py:179} INFO - Processing /home/airflow/.local/lib/python3.8/site-packages/airflow/example_dags/tutorial_taskflow_api.py took 0.030 seconds
[2024-11-06T08:51:25.837+0000] {processor.py:157} INFO - Started process (PID=951) to work on /home/airflow/.local/lib/python3.8/site-packages/airflow/example_dags/tutorial_taskflow_api.py
[2024-11-06T08:51:25.837+0000] {processor.py:829} INFO - Processing file /home/airflow/.local/lib/python3.8/site-packages/airflow/example_dags/tutorial_taskflow_api.py for tasks to queue
[2024-11-06T08:51:25.841+0000] {logging_mixin.py:154} INFO - [2024-11-06T08:51:25.841+0000] {dagbag.py:536} INFO - Filling up the DagBag from /home/airflow/.local/lib/python3.8/site-packages/airflow/example_dags/tutorial_taskflow_api.py
[2024-11-06T08:51:25.844+0000] {processor.py:839} INFO - DAG(s) dict_keys(['tutorial_taskflow_api']) retrieved from /home/airflow/.local/lib/python3.8/site-packages/airflow/example_dags/tutorial_taskflow_api.py
[2024-11-06T08:51:25.852+0000] {logging_mixin.py:154} INFO - [2024-11-06T08:51:25.852+0000] {dag.py:2941} INFO - Sync 1 DAGs
[2024-11-06T08:51:25.858+0000] {logging_mixin.py:154} INFO - [2024-11-06T08:51:25.858+0000] {dag.py:3722} INFO - Setting next_dagrun for tutorial_taskflow_api to None, run_after=None
[2024-11-06T08:51:25.865+0000] {processor.py:179} INFO - Processing /home/airflow/.local/lib/python3.8/site-packages/airflow/example_dags/tutorial_taskflow_api.py took 0.030 seconds
[2024-11-06T08:51:56.066+0000] {processor.py:157} INFO - Started process (PID=1005) to work on /home/airflow/.local/lib/python3.8/site-packages/airflow/example_dags/tutorial_taskflow_api.py
[2024-11-06T08:51:56.069+0000] {processor.py:829} INFO - Processing file /home/airflow/.local/lib/python3.8/site-packages/airflow/example_dags/tutorial_taskflow_api.py for tasks to queue
[2024-11-06T08:51:56.070+0000] {logging_mixin.py:154} INFO - [2024-11-06T08:51:56.070+0000] {dagbag.py:536} INFO - Filling up the DagBag from /home/airflow/.local/lib/python3.8/site-packages/airflow/example_dags/tutorial_taskflow_api.py
[2024-11-06T08:51:56.073+0000] {processor.py:839} INFO - DAG(s) dict_keys(['tutorial_taskflow_api']) retrieved from /home/airflow/.local/lib/python3.8/site-packages/airflow/example_dags/tutorial_taskflow_api.py
[2024-11-06T08:51:56.082+0000] {logging_mixin.py:154} INFO - [2024-11-06T08:51:56.082+0000] {dag.py:2941} INFO - Sync 1 DAGs
[2024-11-06T08:51:56.087+0000] {logging_mixin.py:154} INFO - [2024-11-06T08:51:56.087+0000] {dag.py:3722} INFO - Setting next_dagrun for tutorial_taskflow_api to None, run_after=None
[2024-11-06T08:51:56.096+0000] {processor.py:179} INFO - Processing /home/airflow/.local/lib/python3.8/site-packages/airflow/example_dags/tutorial_taskflow_api.py took 0.031 seconds
[2024-11-06T08:52:26.473+0000] {processor.py:157} INFO - Started process (PID=1059) to work on /home/airflow/.local/lib/python3.8/site-packages/airflow/example_dags/tutorial_taskflow_api.py
[2024-11-06T08:52:26.473+0000] {processor.py:829} INFO - Processing file /home/airflow/.local/lib/python3.8/site-packages/airflow/example_dags/tutorial_taskflow_api.py for tasks to queue
[2024-11-06T08:52:26.474+0000] {logging_mixin.py:154} INFO - [2024-11-06T08:52:26.474+0000] {dagbag.py:536} INFO - Filling up the DagBag from /home/airflow/.local/lib/python3.8/site-packages/airflow/example_dags/tutorial_taskflow_api.py
[2024-11-06T08:52:26.477+0000] {processor.py:839} INFO - DAG(s) dict_keys(['tutorial_taskflow_api']) retrieved from /home/airflow/.local/lib/python3.8/site-packages/airflow/example_dags/tutorial_taskflow_api.py
[2024-11-06T08:52:26.488+0000] {logging_mixin.py:154} INFO - [2024-11-06T08:52:26.488+0000] {dag.py:2941} INFO - Sync 1 DAGs
[2024-11-06T08:52:26.493+0000] {logging_mixin.py:154} INFO - [2024-11-06T08:52:26.493+0000] {dag.py:3722} INFO - Setting next_dagrun for tutorial_taskflow_api to None, run_after=None
[2024-11-06T08:52:26.500+0000] {processor.py:179} INFO - Processing /home/airflow/.local/lib/python3.8/site-packages/airflow/example_dags/tutorial_taskflow_api.py took 0.029 seconds
[2024-11-06T08:52:57.141+0000] {processor.py:157} INFO - Started process (PID=1113) to work on /home/airflow/.local/lib/python3.8/site-packages/airflow/example_dags/tutorial_taskflow_api.py
[2024-11-06T08:52:57.143+0000] {processor.py:829} INFO - Processing file /home/airflow/.local/lib/python3.8/site-packages/airflow/example_dags/tutorial_taskflow_api.py for tasks to queue
[2024-11-06T08:52:57.145+0000] {logging_mixin.py:154} INFO - [2024-11-06T08:52:57.144+0000] {dagbag.py:536} INFO - Filling up the DagBag from /home/airflow/.local/lib/python3.8/site-packages/airflow/example_dags/tutorial_taskflow_api.py
[2024-11-06T08:52:57.148+0000] {processor.py:839} INFO - DAG(s) dict_keys(['tutorial_taskflow_api']) retrieved from /home/airflow/.local/lib/python3.8/site-packages/airflow/example_dags/tutorial_taskflow_api.py
[2024-11-06T08:52:57.156+0000] {logging_mixin.py:154} INFO - [2024-11-06T08:52:57.156+0000] {dag.py:2941} INFO - Sync 1 DAGs
[2024-11-06T08:52:57.162+0000] {logging_mixin.py:154} INFO - [2024-11-06T08:52:57.162+0000] {dag.py:3722} INFO - Setting next_dagrun for tutorial_taskflow_api to None, run_after=None
[2024-11-06T08:52:57.168+0000] {processor.py:179} INFO - Processing /home/airflow/.local/lib/python3.8/site-packages/airflow/example_dags/tutorial_taskflow_api.py took 0.028 seconds
[2024-11-06T08:53:27.666+0000] {processor.py:157} INFO - Started process (PID=1167) to work on /home/airflow/.local/lib/python3.8/site-packages/airflow/example_dags/tutorial_taskflow_api.py
[2024-11-06T08:53:27.668+0000] {processor.py:829} INFO - Processing file /home/airflow/.local/lib/python3.8/site-packages/airflow/example_dags/tutorial_taskflow_api.py for tasks to queue
[2024-11-06T08:53:27.669+0000] {logging_mixin.py:154} INFO - [2024-11-06T08:53:27.669+0000] {dagbag.py:536} INFO - Filling up the DagBag from /home/airflow/.local/lib/python3.8/site-packages/airflow/example_dags/tutorial_taskflow_api.py
[2024-11-06T08:53:27.672+0000] {processor.py:839} INFO - DAG(s) dict_keys(['tutorial_taskflow_api']) retrieved from /home/airflow/.local/lib/python3.8/site-packages/airflow/example_dags/tutorial_taskflow_api.py
[2024-11-06T08:53:27.680+0000] {logging_mixin.py:154} INFO - [2024-11-06T08:53:27.680+0000] {dag.py:2941} INFO - Sync 1 DAGs
[2024-11-06T08:53:27.685+0000] {logging_mixin.py:154} INFO - [2024-11-06T08:53:27.685+0000] {dag.py:3722} INFO - Setting next_dagrun for tutorial_taskflow_api to None, run_after=None
[2024-11-06T08:53:27.697+0000] {processor.py:179} INFO - Processing /home/airflow/.local/lib/python3.8/site-packages/airflow/example_dags/tutorial_taskflow_api.py took 0.033 seconds
[2024-11-06T08:53:58.074+0000] {processor.py:157} INFO - Started process (PID=1221) to work on /home/airflow/.local/lib/python3.8/site-packages/airflow/example_dags/tutorial_taskflow_api.py
[2024-11-06T08:53:58.075+0000] {processor.py:829} INFO - Processing file /home/airflow/.local/lib/python3.8/site-packages/airflow/example_dags/tutorial_taskflow_api.py for tasks to queue
[2024-11-06T08:53:58.075+0000] {logging_mixin.py:154} INFO - [2024-11-06T08:53:58.075+0000] {dagbag.py:536} INFO - Filling up the DagBag from /home/airflow/.local/lib/python3.8/site-packages/airflow/example_dags/tutorial_taskflow_api.py
[2024-11-06T08:53:58.079+0000] {processor.py:839} INFO - DAG(s) dict_keys(['tutorial_taskflow_api']) retrieved from /home/airflow/.local/lib/python3.8/site-packages/airflow/example_dags/tutorial_taskflow_api.py
[2024-11-06T08:53:58.088+0000] {logging_mixin.py:154} INFO - [2024-11-06T08:53:58.088+0000] {dag.py:2941} INFO - Sync 1 DAGs
[2024-11-06T08:53:58.093+0000] {logging_mixin.py:154} INFO - [2024-11-06T08:53:58.093+0000] {dag.py:3722} INFO - Setting next_dagrun for tutorial_taskflow_api to None, run_after=None
[2024-11-06T08:53:58.103+0000] {processor.py:179} INFO - Processing /home/airflow/.local/lib/python3.8/site-packages/airflow/example_dags/tutorial_taskflow_api.py took 0.031 seconds
[2024-11-06T08:54:29.038+0000] {processor.py:157} INFO - Started process (PID=1275) to work on /home/airflow/.local/lib/python3.8/site-packages/airflow/example_dags/tutorial_taskflow_api.py
[2024-11-06T08:54:29.038+0000] {processor.py:829} INFO - Processing file /home/airflow/.local/lib/python3.8/site-packages/airflow/example_dags/tutorial_taskflow_api.py for tasks to queue
[2024-11-06T08:54:29.039+0000] {logging_mixin.py:154} INFO - [2024-11-06T08:54:29.039+0000] {dagbag.py:536} INFO - Filling up the DagBag from /home/airflow/.local/lib/python3.8/site-packages/airflow/example_dags/tutorial_taskflow_api.py
[2024-11-06T08:54:29.042+0000] {processor.py:839} INFO - DAG(s) dict_keys(['tutorial_taskflow_api']) retrieved from /home/airflow/.local/lib/python3.8/site-packages/airflow/example_dags/tutorial_taskflow_api.py
[2024-11-06T08:54:29.051+0000] {logging_mixin.py:154} INFO - [2024-11-06T08:54:29.051+0000] {dag.py:2941} INFO - Sync 1 DAGs
[2024-11-06T08:54:29.057+0000] {logging_mixin.py:154} INFO - [2024-11-06T08:54:29.057+0000] {dag.py:3722} INFO - Setting next_dagrun for tutorial_taskflow_api to None, run_after=None
[2024-11-06T08:54:29.065+0000] {processor.py:179} INFO - Processing /home/airflow/.local/lib/python3.8/site-packages/airflow/example_dags/tutorial_taskflow_api.py took 0.029 seconds
[2024-11-06T08:54:59.740+0000] {processor.py:157} INFO - Started process (PID=1329) to work on /home/airflow/.local/lib/python3.8/site-packages/airflow/example_dags/tutorial_taskflow_api.py
[2024-11-06T08:54:59.741+0000] {processor.py:829} INFO - Processing file /home/airflow/.local/lib/python3.8/site-packages/airflow/example_dags/tutorial_taskflow_api.py for tasks to queue
[2024-11-06T08:54:59.743+0000] {logging_mixin.py:154} INFO - [2024-11-06T08:54:59.743+0000] {dagbag.py:536} INFO - Filling up the DagBag from /home/airflow/.local/lib/python3.8/site-packages/airflow/example_dags/tutorial_taskflow_api.py
[2024-11-06T08:54:59.746+0000] {processor.py:839} INFO - DAG(s) dict_keys(['tutorial_taskflow_api']) retrieved from /home/airflow/.local/lib/python3.8/site-packages/airflow/example_dags/tutorial_taskflow_api.py
[2024-11-06T08:54:59.759+0000] {logging_mixin.py:154} INFO - [2024-11-06T08:54:59.758+0000] {dag.py:2941} INFO - Sync 1 DAGs
[2024-11-06T08:54:59.767+0000] {logging_mixin.py:154} INFO - [2024-11-06T08:54:59.767+0000] {dag.py:3722} INFO - Setting next_dagrun for tutorial_taskflow_api to None, run_after=None
[2024-11-06T08:54:59.774+0000] {processor.py:179} INFO - Processing /home/airflow/.local/lib/python3.8/site-packages/airflow/example_dags/tutorial_taskflow_api.py took 0.035 seconds
[2024-11-06T08:55:30.200+0000] {processor.py:157} INFO - Started process (PID=1383) to work on /home/airflow/.local/lib/python3.8/site-packages/airflow/example_dags/tutorial_taskflow_api.py
[2024-11-06T08:55:30.201+0000] {processor.py:829} INFO - Processing file /home/airflow/.local/lib/python3.8/site-packages/airflow/example_dags/tutorial_taskflow_api.py for tasks to queue
[2024-11-06T08:55:30.201+0000] {logging_mixin.py:154} INFO - [2024-11-06T08:55:30.201+0000] {dagbag.py:536} INFO - Filling up the DagBag from /home/airflow/.local/lib/python3.8/site-packages/airflow/example_dags/tutorial_taskflow_api.py
[2024-11-06T08:55:30.205+0000] {processor.py:839} INFO - DAG(s) dict_keys(['tutorial_taskflow_api']) retrieved from /home/airflow/.local/lib/python3.8/site-packages/airflow/example_dags/tutorial_taskflow_api.py
[2024-11-06T08:55:30.214+0000] {logging_mixin.py:154} INFO - [2024-11-06T08:55:30.214+0000] {dag.py:2941} INFO - Sync 1 DAGs
[2024-11-06T08:55:30.220+0000] {logging_mixin.py:154} INFO - [2024-11-06T08:55:30.219+0000] {dag.py:3722} INFO - Setting next_dagrun for tutorial_taskflow_api to None, run_after=None
[2024-11-06T08:55:30.226+0000] {processor.py:179} INFO - Processing /home/airflow/.local/lib/python3.8/site-packages/airflow/example_dags/tutorial_taskflow_api.py took 0.027 seconds
[2024-11-06T08:56:01.593+0000] {processor.py:157} INFO - Started process (PID=1437) to work on /home/airflow/.local/lib/python3.8/site-packages/airflow/example_dags/tutorial_taskflow_api.py
[2024-11-06T08:56:01.594+0000] {processor.py:829} INFO - Processing file /home/airflow/.local/lib/python3.8/site-packages/airflow/example_dags/tutorial_taskflow_api.py for tasks to queue
[2024-11-06T08:56:01.595+0000] {logging_mixin.py:154} INFO - [2024-11-06T08:56:01.595+0000] {dagbag.py:536} INFO - Filling up the DagBag from /home/airflow/.local/lib/python3.8/site-packages/airflow/example_dags/tutorial_taskflow_api.py
[2024-11-06T08:56:01.598+0000] {processor.py:839} INFO - DAG(s) dict_keys(['tutorial_taskflow_api']) retrieved from /home/airflow/.local/lib/python3.8/site-packages/airflow/example_dags/tutorial_taskflow_api.py
[2024-11-06T08:56:01.607+0000] {logging_mixin.py:154} INFO - [2024-11-06T08:56:01.607+0000] {dag.py:2941} INFO - Sync 1 DAGs
[2024-11-06T08:56:01.685+0000] {logging_mixin.py:154} INFO - [2024-11-06T08:56:01.685+0000] {dag.py:3722} INFO - Setting next_dagrun for tutorial_taskflow_api to None, run_after=None
[2024-11-06T08:56:01.692+0000] {processor.py:179} INFO - Processing /home/airflow/.local/lib/python3.8/site-packages/airflow/example_dags/tutorial_taskflow_api.py took 0.101 seconds
[2024-11-06T08:56:32.402+0000] {processor.py:157} INFO - Started process (PID=1491) to work on /home/airflow/.local/lib/python3.8/site-packages/airflow/example_dags/tutorial_taskflow_api.py
[2024-11-06T08:56:32.403+0000] {processor.py:829} INFO - Processing file /home/airflow/.local/lib/python3.8/site-packages/airflow/example_dags/tutorial_taskflow_api.py for tasks to queue
[2024-11-06T08:56:32.404+0000] {logging_mixin.py:154} INFO - [2024-11-06T08:56:32.403+0000] {dagbag.py:536} INFO - Filling up the DagBag from /home/airflow/.local/lib/python3.8/site-packages/airflow/example_dags/tutorial_taskflow_api.py
[2024-11-06T08:56:32.407+0000] {processor.py:839} INFO - DAG(s) dict_keys(['tutorial_taskflow_api']) retrieved from /home/airflow/.local/lib/python3.8/site-packages/airflow/example_dags/tutorial_taskflow_api.py
[2024-11-06T08:56:32.415+0000] {logging_mixin.py:154} INFO - [2024-11-06T08:56:32.415+0000] {dag.py:2941} INFO - Sync 1 DAGs
[2024-11-06T08:56:32.421+0000] {logging_mixin.py:154} INFO - [2024-11-06T08:56:32.421+0000] {dag.py:3722} INFO - Setting next_dagrun for tutorial_taskflow_api to None, run_after=None
[2024-11-06T08:56:32.430+0000] {processor.py:179} INFO - Processing /home/airflow/.local/lib/python3.8/site-packages/airflow/example_dags/tutorial_taskflow_api.py took 0.030 seconds
[2024-11-06T08:57:02.541+0000] {processor.py:157} INFO - Started process (PID=1544) to work on /home/airflow/.local/lib/python3.8/site-packages/airflow/example_dags/tutorial_taskflow_api.py
[2024-11-06T08:57:02.541+0000] {processor.py:829} INFO - Processing file /home/airflow/.local/lib/python3.8/site-packages/airflow/example_dags/tutorial_taskflow_api.py for tasks to queue
[2024-11-06T08:57:02.542+0000] {logging_mixin.py:154} INFO - [2024-11-06T08:57:02.542+0000] {dagbag.py:536} INFO - Filling up the DagBag from /home/airflow/.local/lib/python3.8/site-packages/airflow/example_dags/tutorial_taskflow_api.py
[2024-11-06T08:57:02.545+0000] {processor.py:839} INFO - DAG(s) dict_keys(['tutorial_taskflow_api']) retrieved from /home/airflow/.local/lib/python3.8/site-packages/airflow/example_dags/tutorial_taskflow_api.py
[2024-11-06T08:57:02.554+0000] {logging_mixin.py:154} INFO - [2024-11-06T08:57:02.553+0000] {dag.py:2941} INFO - Sync 1 DAGs
[2024-11-06T08:57:02.559+0000] {logging_mixin.py:154} INFO - [2024-11-06T08:57:02.559+0000] {dag.py:3722} INFO - Setting next_dagrun for tutorial_taskflow_api to None, run_after=None
[2024-11-06T08:57:02.565+0000] {processor.py:179} INFO - Processing /home/airflow/.local/lib/python3.8/site-packages/airflow/example_dags/tutorial_taskflow_api.py took 0.026 seconds
[2024-11-06T08:57:33.217+0000] {processor.py:157} INFO - Started process (PID=1599) to work on /home/airflow/.local/lib/python3.8/site-packages/airflow/example_dags/tutorial_taskflow_api.py
[2024-11-06T08:57:33.218+0000] {processor.py:829} INFO - Processing file /home/airflow/.local/lib/python3.8/site-packages/airflow/example_dags/tutorial_taskflow_api.py for tasks to queue
[2024-11-06T08:57:33.219+0000] {logging_mixin.py:154} INFO - [2024-11-06T08:57:33.219+0000] {dagbag.py:536} INFO - Filling up the DagBag from /home/airflow/.local/lib/python3.8/site-packages/airflow/example_dags/tutorial_taskflow_api.py
[2024-11-06T08:57:33.221+0000] {processor.py:839} INFO - DAG(s) dict_keys(['tutorial_taskflow_api']) retrieved from /home/airflow/.local/lib/python3.8/site-packages/airflow/example_dags/tutorial_taskflow_api.py
[2024-11-06T08:57:33.231+0000] {logging_mixin.py:154} INFO - [2024-11-06T08:57:33.231+0000] {dag.py:2941} INFO - Sync 1 DAGs
[2024-11-06T08:57:33.310+0000] {logging_mixin.py:154} INFO - [2024-11-06T08:57:33.310+0000] {dag.py:3722} INFO - Setting next_dagrun for tutorial_taskflow_api to None, run_after=None
[2024-11-06T08:57:33.317+0000] {processor.py:179} INFO - Processing /home/airflow/.local/lib/python3.8/site-packages/airflow/example_dags/tutorial_taskflow_api.py took 0.101 seconds
[2024-11-06T08:58:03.972+0000] {processor.py:157} INFO - Started process (PID=1652) to work on /home/airflow/.local/lib/python3.8/site-packages/airflow/example_dags/tutorial_taskflow_api.py
[2024-11-06T08:58:03.972+0000] {processor.py:829} INFO - Processing file /home/airflow/.local/lib/python3.8/site-packages/airflow/example_dags/tutorial_taskflow_api.py for tasks to queue
[2024-11-06T08:58:03.973+0000] {logging_mixin.py:154} INFO - [2024-11-06T08:58:03.973+0000] {dagbag.py:536} INFO - Filling up the DagBag from /home/airflow/.local/lib/python3.8/site-packages/airflow/example_dags/tutorial_taskflow_api.py
[2024-11-06T08:58:03.977+0000] {processor.py:839} INFO - DAG(s) dict_keys(['tutorial_taskflow_api']) retrieved from /home/airflow/.local/lib/python3.8/site-packages/airflow/example_dags/tutorial_taskflow_api.py
[2024-11-06T08:58:03.986+0000] {logging_mixin.py:154} INFO - [2024-11-06T08:58:03.986+0000] {dag.py:2941} INFO - Sync 1 DAGs
[2024-11-06T08:58:03.991+0000] {logging_mixin.py:154} INFO - [2024-11-06T08:58:03.991+0000] {dag.py:3722} INFO - Setting next_dagrun for tutorial_taskflow_api to None, run_after=None
[2024-11-06T08:58:04.000+0000] {processor.py:179} INFO - Processing /home/airflow/.local/lib/python3.8/site-packages/airflow/example_dags/tutorial_taskflow_api.py took 0.029 seconds
[2024-11-06T08:58:34.508+0000] {processor.py:157} INFO - Started process (PID=1706) to work on /home/airflow/.local/lib/python3.8/site-packages/airflow/example_dags/tutorial_taskflow_api.py
[2024-11-06T08:58:34.509+0000] {processor.py:829} INFO - Processing file /home/airflow/.local/lib/python3.8/site-packages/airflow/example_dags/tutorial_taskflow_api.py for tasks to queue
[2024-11-06T08:58:34.510+0000] {logging_mixin.py:154} INFO - [2024-11-06T08:58:34.510+0000] {dagbag.py:536} INFO - Filling up the DagBag from /home/airflow/.local/lib/python3.8/site-packages/airflow/example_dags/tutorial_taskflow_api.py
[2024-11-06T08:58:34.512+0000] {processor.py:839} INFO - DAG(s) dict_keys(['tutorial_taskflow_api']) retrieved from /home/airflow/.local/lib/python3.8/site-packages/airflow/example_dags/tutorial_taskflow_api.py
[2024-11-06T08:58:34.520+0000] {logging_mixin.py:154} INFO - [2024-11-06T08:58:34.520+0000] {dag.py:2941} INFO - Sync 1 DAGs
[2024-11-06T08:58:34.526+0000] {logging_mixin.py:154} INFO - [2024-11-06T08:58:34.526+0000] {dag.py:3722} INFO - Setting next_dagrun for tutorial_taskflow_api to None, run_after=None
[2024-11-06T08:58:34.536+0000] {processor.py:179} INFO - Processing /home/airflow/.local/lib/python3.8/site-packages/airflow/example_dags/tutorial_taskflow_api.py took 0.029 seconds
[2024-11-06T09:17:57.731+0000] {processor.py:157} INFO - Started process (PID=1751) to work on /home/airflow/.local/lib/python3.8/site-packages/airflow/example_dags/tutorial_taskflow_api.py
[2024-11-06T09:17:57.732+0000] {processor.py:829} INFO - Processing file /home/airflow/.local/lib/python3.8/site-packages/airflow/example_dags/tutorial_taskflow_api.py for tasks to queue
[2024-11-06T09:17:57.733+0000] {logging_mixin.py:154} INFO - [2024-11-06T09:17:57.732+0000] {dagbag.py:536} INFO - Filling up the DagBag from /home/airflow/.local/lib/python3.8/site-packages/airflow/example_dags/tutorial_taskflow_api.py
[2024-11-06T09:17:57.735+0000] {processor.py:839} INFO - DAG(s) dict_keys(['tutorial_taskflow_api']) retrieved from /home/airflow/.local/lib/python3.8/site-packages/airflow/example_dags/tutorial_taskflow_api.py
[2024-11-06T09:17:57.744+0000] {logging_mixin.py:154} INFO - [2024-11-06T09:17:57.744+0000] {dag.py:2941} INFO - Sync 1 DAGs
[2024-11-06T09:17:57.751+0000] {logging_mixin.py:154} INFO - [2024-11-06T09:17:57.751+0000] {dag.py:3722} INFO - Setting next_dagrun for tutorial_taskflow_api to None, run_after=None
[2024-11-06T09:17:57.763+0000] {processor.py:179} INFO - Processing /home/airflow/.local/lib/python3.8/site-packages/airflow/example_dags/tutorial_taskflow_api.py took 0.033 seconds
[2024-11-06T09:29:44.310+0000] {processor.py:157} INFO - Started process (PID=1805) to work on /home/airflow/.local/lib/python3.8/site-packages/airflow/example_dags/tutorial_taskflow_api.py
[2024-11-06T09:29:44.311+0000] {processor.py:829} INFO - Processing file /home/airflow/.local/lib/python3.8/site-packages/airflow/example_dags/tutorial_taskflow_api.py for tasks to queue
[2024-11-06T09:29:44.313+0000] {logging_mixin.py:154} INFO - [2024-11-06T09:29:44.312+0000] {dagbag.py:536} INFO - Filling up the DagBag from /home/airflow/.local/lib/python3.8/site-packages/airflow/example_dags/tutorial_taskflow_api.py
[2024-11-06T09:29:44.318+0000] {processor.py:839} INFO - DAG(s) dict_keys(['tutorial_taskflow_api']) retrieved from /home/airflow/.local/lib/python3.8/site-packages/airflow/example_dags/tutorial_taskflow_api.py
[2024-11-06T09:29:44.338+0000] {logging_mixin.py:154} INFO - [2024-11-06T09:29:44.338+0000] {dag.py:2941} INFO - Sync 1 DAGs
[2024-11-06T09:29:44.348+0000] {logging_mixin.py:154} INFO - [2024-11-06T09:29:44.347+0000] {dag.py:3722} INFO - Setting next_dagrun for tutorial_taskflow_api to None, run_after=None
[2024-11-06T09:29:44.372+0000] {processor.py:179} INFO - Processing /home/airflow/.local/lib/python3.8/site-packages/airflow/example_dags/tutorial_taskflow_api.py took 0.065 seconds
[2024-11-06T10:28:14.016+0000] {processor.py:157} INFO - Started process (PID=1859) to work on /home/airflow/.local/lib/python3.8/site-packages/airflow/example_dags/tutorial_taskflow_api.py
[2024-11-06T10:28:14.017+0000] {processor.py:829} INFO - Processing file /home/airflow/.local/lib/python3.8/site-packages/airflow/example_dags/tutorial_taskflow_api.py for tasks to queue
[2024-11-06T10:28:14.018+0000] {logging_mixin.py:154} INFO - [2024-11-06T10:28:14.018+0000] {dagbag.py:536} INFO - Filling up the DagBag from /home/airflow/.local/lib/python3.8/site-packages/airflow/example_dags/tutorial_taskflow_api.py
[2024-11-06T10:28:14.021+0000] {processor.py:839} INFO - DAG(s) dict_keys(['tutorial_taskflow_api']) retrieved from /home/airflow/.local/lib/python3.8/site-packages/airflow/example_dags/tutorial_taskflow_api.py
[2024-11-06T10:28:14.031+0000] {logging_mixin.py:154} INFO - [2024-11-06T10:28:14.031+0000] {dag.py:2941} INFO - Sync 1 DAGs
[2024-11-06T10:28:14.036+0000] {logging_mixin.py:154} INFO - [2024-11-06T10:28:14.036+0000] {dag.py:3722} INFO - Setting next_dagrun for tutorial_taskflow_api to None, run_after=None
[2024-11-06T10:28:14.044+0000] {processor.py:179} INFO - Processing /home/airflow/.local/lib/python3.8/site-packages/airflow/example_dags/tutorial_taskflow_api.py took 0.030 seconds
[2024-11-06T11:31:04.091+0000] {processor.py:157} INFO - Started process (PID=1913) to work on /home/airflow/.local/lib/python3.8/site-packages/airflow/example_dags/tutorial_taskflow_api.py
[2024-11-06T11:31:04.091+0000] {processor.py:829} INFO - Processing file /home/airflow/.local/lib/python3.8/site-packages/airflow/example_dags/tutorial_taskflow_api.py for tasks to queue
[2024-11-06T11:31:04.092+0000] {logging_mixin.py:154} INFO - [2024-11-06T11:31:04.092+0000] {dagbag.py:536} INFO - Filling up the DagBag from /home/airflow/.local/lib/python3.8/site-packages/airflow/example_dags/tutorial_taskflow_api.py
[2024-11-06T11:31:04.095+0000] {processor.py:839} INFO - DAG(s) dict_keys(['tutorial_taskflow_api']) retrieved from /home/airflow/.local/lib/python3.8/site-packages/airflow/example_dags/tutorial_taskflow_api.py
[2024-11-06T11:31:04.105+0000] {logging_mixin.py:154} INFO - [2024-11-06T11:31:04.104+0000] {dag.py:2941} INFO - Sync 1 DAGs
[2024-11-06T11:31:04.110+0000] {logging_mixin.py:154} INFO - [2024-11-06T11:31:04.110+0000] {dag.py:3722} INFO - Setting next_dagrun for tutorial_taskflow_api to None, run_after=None
[2024-11-06T11:31:04.117+0000] {processor.py:179} INFO - Processing /home/airflow/.local/lib/python3.8/site-packages/airflow/example_dags/tutorial_taskflow_api.py took 0.028 seconds
[2024-11-06T11:59:50.621+0000] {processor.py:157} INFO - Started process (PID=1967) to work on /home/airflow/.local/lib/python3.8/site-packages/airflow/example_dags/tutorial_taskflow_api.py
[2024-11-06T11:59:50.621+0000] {processor.py:829} INFO - Processing file /home/airflow/.local/lib/python3.8/site-packages/airflow/example_dags/tutorial_taskflow_api.py for tasks to queue
[2024-11-06T11:59:50.622+0000] {logging_mixin.py:154} INFO - [2024-11-06T11:59:50.622+0000] {dagbag.py:536} INFO - Filling up the DagBag from /home/airflow/.local/lib/python3.8/site-packages/airflow/example_dags/tutorial_taskflow_api.py
[2024-11-06T11:59:50.625+0000] {processor.py:839} INFO - DAG(s) dict_keys(['tutorial_taskflow_api']) retrieved from /home/airflow/.local/lib/python3.8/site-packages/airflow/example_dags/tutorial_taskflow_api.py
[2024-11-06T11:59:50.635+0000] {logging_mixin.py:154} INFO - [2024-11-06T11:59:50.635+0000] {dag.py:2941} INFO - Sync 1 DAGs
[2024-11-06T11:59:50.640+0000] {logging_mixin.py:154} INFO - [2024-11-06T11:59:50.640+0000] {dag.py:3722} INFO - Setting next_dagrun for tutorial_taskflow_api to None, run_after=None
[2024-11-06T11:59:50.652+0000] {processor.py:179} INFO - Processing /home/airflow/.local/lib/python3.8/site-packages/airflow/example_dags/tutorial_taskflow_api.py took 0.033 seconds
[2024-11-06T12:50:48.195+0000] {processor.py:157} INFO - Started process (PID=2021) to work on /home/airflow/.local/lib/python3.8/site-packages/airflow/example_dags/tutorial_taskflow_api.py
[2024-11-06T12:50:48.198+0000] {processor.py:829} INFO - Processing file /home/airflow/.local/lib/python3.8/site-packages/airflow/example_dags/tutorial_taskflow_api.py for tasks to queue
[2024-11-06T12:50:48.199+0000] {logging_mixin.py:154} INFO - [2024-11-06T12:50:48.199+0000] {dagbag.py:536} INFO - Filling up the DagBag from /home/airflow/.local/lib/python3.8/site-packages/airflow/example_dags/tutorial_taskflow_api.py
[2024-11-06T12:50:48.203+0000] {processor.py:839} INFO - DAG(s) dict_keys(['tutorial_taskflow_api']) retrieved from /home/airflow/.local/lib/python3.8/site-packages/airflow/example_dags/tutorial_taskflow_api.py
[2024-11-06T12:50:48.215+0000] {logging_mixin.py:154} INFO - [2024-11-06T12:50:48.215+0000] {dag.py:2941} INFO - Sync 1 DAGs
[2024-11-06T12:50:48.221+0000] {logging_mixin.py:154} INFO - [2024-11-06T12:50:48.221+0000] {dag.py:3722} INFO - Setting next_dagrun for tutorial_taskflow_api to None, run_after=None
[2024-11-06T12:50:48.228+0000] {processor.py:179} INFO - Processing /home/airflow/.local/lib/python3.8/site-packages/airflow/example_dags/tutorial_taskflow_api.py took 0.035 seconds
[2024-11-06T12:52:35.861+0000] {processor.py:157} INFO - Started process (PID=2075) to work on /home/airflow/.local/lib/python3.8/site-packages/airflow/example_dags/tutorial_taskflow_api.py
[2024-11-06T12:52:35.861+0000] {processor.py:829} INFO - Processing file /home/airflow/.local/lib/python3.8/site-packages/airflow/example_dags/tutorial_taskflow_api.py for tasks to queue
[2024-11-06T12:52:35.862+0000] {logging_mixin.py:154} INFO - [2024-11-06T12:52:35.862+0000] {dagbag.py:536} INFO - Filling up the DagBag from /home/airflow/.local/lib/python3.8/site-packages/airflow/example_dags/tutorial_taskflow_api.py
[2024-11-06T12:52:35.865+0000] {processor.py:839} INFO - DAG(s) dict_keys(['tutorial_taskflow_api']) retrieved from /home/airflow/.local/lib/python3.8/site-packages/airflow/example_dags/tutorial_taskflow_api.py
[2024-11-06T12:52:35.873+0000] {logging_mixin.py:154} INFO - [2024-11-06T12:52:35.873+0000] {dag.py:2941} INFO - Sync 1 DAGs
[2024-11-06T12:52:35.878+0000] {logging_mixin.py:154} INFO - [2024-11-06T12:52:35.878+0000] {dag.py:3722} INFO - Setting next_dagrun for tutorial_taskflow_api to None, run_after=None
[2024-11-06T12:52:35.886+0000] {processor.py:179} INFO - Processing /home/airflow/.local/lib/python3.8/site-packages/airflow/example_dags/tutorial_taskflow_api.py took 0.026 seconds
[2024-11-06T13:07:17.279+0000] {processor.py:157} INFO - Started process (PID=2129) to work on /home/airflow/.local/lib/python3.8/site-packages/airflow/example_dags/tutorial_taskflow_api.py
[2024-11-06T13:07:17.279+0000] {processor.py:829} INFO - Processing file /home/airflow/.local/lib/python3.8/site-packages/airflow/example_dags/tutorial_taskflow_api.py for tasks to queue
[2024-11-06T13:07:17.280+0000] {logging_mixin.py:154} INFO - [2024-11-06T13:07:17.280+0000] {dagbag.py:536} INFO - Filling up the DagBag from /home/airflow/.local/lib/python3.8/site-packages/airflow/example_dags/tutorial_taskflow_api.py
[2024-11-06T13:07:17.283+0000] {processor.py:839} INFO - DAG(s) dict_keys(['tutorial_taskflow_api']) retrieved from /home/airflow/.local/lib/python3.8/site-packages/airflow/example_dags/tutorial_taskflow_api.py
[2024-11-06T13:07:17.293+0000] {logging_mixin.py:154} INFO - [2024-11-06T13:07:17.293+0000] {dag.py:2941} INFO - Sync 1 DAGs
[2024-11-06T13:07:17.298+0000] {logging_mixin.py:154} INFO - [2024-11-06T13:07:17.298+0000] {dag.py:3722} INFO - Setting next_dagrun for tutorial_taskflow_api to None, run_after=None
[2024-11-06T13:07:17.306+0000] {processor.py:179} INFO - Processing /home/airflow/.local/lib/python3.8/site-packages/airflow/example_dags/tutorial_taskflow_api.py took 0.028 seconds
[2024-11-06T13:47:32.210+0000] {processor.py:157} INFO - Started process (PID=2183) to work on /home/airflow/.local/lib/python3.8/site-packages/airflow/example_dags/tutorial_taskflow_api.py
[2024-11-06T13:47:32.211+0000] {processor.py:829} INFO - Processing file /home/airflow/.local/lib/python3.8/site-packages/airflow/example_dags/tutorial_taskflow_api.py for tasks to queue
[2024-11-06T13:47:32.212+0000] {logging_mixin.py:154} INFO - [2024-11-06T13:47:32.212+0000] {dagbag.py:536} INFO - Filling up the DagBag from /home/airflow/.local/lib/python3.8/site-packages/airflow/example_dags/tutorial_taskflow_api.py
[2024-11-06T13:47:32.215+0000] {processor.py:839} INFO - DAG(s) dict_keys(['tutorial_taskflow_api']) retrieved from /home/airflow/.local/lib/python3.8/site-packages/airflow/example_dags/tutorial_taskflow_api.py
[2024-11-06T13:47:32.224+0000] {logging_mixin.py:154} INFO - [2024-11-06T13:47:32.224+0000] {dag.py:2941} INFO - Sync 1 DAGs
[2024-11-06T13:47:32.229+0000] {logging_mixin.py:154} INFO - [2024-11-06T13:47:32.229+0000] {dag.py:3722} INFO - Setting next_dagrun for tutorial_taskflow_api to None, run_after=None
[2024-11-06T13:47:32.242+0000] {processor.py:179} INFO - Processing /home/airflow/.local/lib/python3.8/site-packages/airflow/example_dags/tutorial_taskflow_api.py took 0.033 seconds
[2024-11-06T13:55:17.760+0000] {processor.py:157} INFO - Started process (PID=2237) to work on /home/airflow/.local/lib/python3.8/site-packages/airflow/example_dags/tutorial_taskflow_api.py
[2024-11-06T13:55:17.763+0000] {processor.py:829} INFO - Processing file /home/airflow/.local/lib/python3.8/site-packages/airflow/example_dags/tutorial_taskflow_api.py for tasks to queue
[2024-11-06T13:55:17.764+0000] {logging_mixin.py:154} INFO - [2024-11-06T13:55:17.764+0000] {dagbag.py:536} INFO - Filling up the DagBag from /home/airflow/.local/lib/python3.8/site-packages/airflow/example_dags/tutorial_taskflow_api.py
[2024-11-06T13:55:17.767+0000] {processor.py:839} INFO - DAG(s) dict_keys(['tutorial_taskflow_api']) retrieved from /home/airflow/.local/lib/python3.8/site-packages/airflow/example_dags/tutorial_taskflow_api.py
[2024-11-06T13:55:17.776+0000] {logging_mixin.py:154} INFO - [2024-11-06T13:55:17.776+0000] {dag.py:2941} INFO - Sync 1 DAGs
[2024-11-06T13:55:17.781+0000] {logging_mixin.py:154} INFO - [2024-11-06T13:55:17.781+0000] {dag.py:3722} INFO - Setting next_dagrun for tutorial_taskflow_api to None, run_after=None
[2024-11-06T13:55:17.791+0000] {processor.py:179} INFO - Processing /home/airflow/.local/lib/python3.8/site-packages/airflow/example_dags/tutorial_taskflow_api.py took 0.033 seconds
[2024-11-06T14:00:22.580+0000] {processor.py:157} INFO - Started process (PID=2291) to work on /home/airflow/.local/lib/python3.8/site-packages/airflow/example_dags/tutorial_taskflow_api.py
[2024-11-06T14:00:22.580+0000] {processor.py:829} INFO - Processing file /home/airflow/.local/lib/python3.8/site-packages/airflow/example_dags/tutorial_taskflow_api.py for tasks to queue
[2024-11-06T14:00:22.581+0000] {logging_mixin.py:154} INFO - [2024-11-06T14:00:22.581+0000] {dagbag.py:536} INFO - Filling up the DagBag from /home/airflow/.local/lib/python3.8/site-packages/airflow/example_dags/tutorial_taskflow_api.py
[2024-11-06T14:00:22.584+0000] {processor.py:839} INFO - DAG(s) dict_keys(['tutorial_taskflow_api']) retrieved from /home/airflow/.local/lib/python3.8/site-packages/airflow/example_dags/tutorial_taskflow_api.py
[2024-11-06T14:00:22.598+0000] {logging_mixin.py:154} INFO - [2024-11-06T14:00:22.598+0000] {dag.py:2941} INFO - Sync 1 DAGs
[2024-11-06T14:00:22.603+0000] {logging_mixin.py:154} INFO - [2024-11-06T14:00:22.603+0000] {dag.py:3722} INFO - Setting next_dagrun for tutorial_taskflow_api to None, run_after=None
[2024-11-06T14:00:22.610+0000] {processor.py:179} INFO - Processing /home/airflow/.local/lib/python3.8/site-packages/airflow/example_dags/tutorial_taskflow_api.py took 0.032 seconds
[2024-11-06T14:05:42.558+0000] {processor.py:157} INFO - Started process (PID=2345) to work on /home/airflow/.local/lib/python3.8/site-packages/airflow/example_dags/tutorial_taskflow_api.py
[2024-11-06T14:05:42.558+0000] {processor.py:829} INFO - Processing file /home/airflow/.local/lib/python3.8/site-packages/airflow/example_dags/tutorial_taskflow_api.py for tasks to queue
[2024-11-06T14:05:42.559+0000] {logging_mixin.py:154} INFO - [2024-11-06T14:05:42.559+0000] {dagbag.py:536} INFO - Filling up the DagBag from /home/airflow/.local/lib/python3.8/site-packages/airflow/example_dags/tutorial_taskflow_api.py
[2024-11-06T14:05:42.562+0000] {processor.py:839} INFO - DAG(s) dict_keys(['tutorial_taskflow_api']) retrieved from /home/airflow/.local/lib/python3.8/site-packages/airflow/example_dags/tutorial_taskflow_api.py
[2024-11-06T14:05:42.572+0000] {logging_mixin.py:154} INFO - [2024-11-06T14:05:42.572+0000] {dag.py:2941} INFO - Sync 1 DAGs
[2024-11-06T14:05:42.577+0000] {logging_mixin.py:154} INFO - [2024-11-06T14:05:42.577+0000] {dag.py:3722} INFO - Setting next_dagrun for tutorial_taskflow_api to None, run_after=None
[2024-11-06T14:05:42.583+0000] {processor.py:179} INFO - Processing /home/airflow/.local/lib/python3.8/site-packages/airflow/example_dags/tutorial_taskflow_api.py took 0.027 seconds
[2024-11-06T14:09:56.998+0000] {processor.py:157} INFO - Started process (PID=2399) to work on /home/airflow/.local/lib/python3.8/site-packages/airflow/example_dags/tutorial_taskflow_api.py
[2024-11-06T14:09:56.999+0000] {processor.py:829} INFO - Processing file /home/airflow/.local/lib/python3.8/site-packages/airflow/example_dags/tutorial_taskflow_api.py for tasks to queue
[2024-11-06T14:09:57.001+0000] {logging_mixin.py:154} INFO - [2024-11-06T14:09:57.001+0000] {dagbag.py:536} INFO - Filling up the DagBag from /home/airflow/.local/lib/python3.8/site-packages/airflow/example_dags/tutorial_taskflow_api.py
[2024-11-06T14:09:57.006+0000] {processor.py:839} INFO - DAG(s) dict_keys(['tutorial_taskflow_api']) retrieved from /home/airflow/.local/lib/python3.8/site-packages/airflow/example_dags/tutorial_taskflow_api.py
[2024-11-06T14:09:57.022+0000] {logging_mixin.py:154} INFO - [2024-11-06T14:09:57.022+0000] {dag.py:2941} INFO - Sync 1 DAGs
[2024-11-06T14:09:57.028+0000] {logging_mixin.py:154} INFO - [2024-11-06T14:09:57.028+0000] {dag.py:3722} INFO - Setting next_dagrun for tutorial_taskflow_api to None, run_after=None
[2024-11-06T14:09:57.036+0000] {processor.py:179} INFO - Processing /home/airflow/.local/lib/python3.8/site-packages/airflow/example_dags/tutorial_taskflow_api.py took 0.040 seconds
[2024-11-06T14:16:58.008+0000] {processor.py:157} INFO - Started process (PID=2453) to work on /home/airflow/.local/lib/python3.8/site-packages/airflow/example_dags/tutorial_taskflow_api.py
[2024-11-06T14:16:58.008+0000] {processor.py:829} INFO - Processing file /home/airflow/.local/lib/python3.8/site-packages/airflow/example_dags/tutorial_taskflow_api.py for tasks to queue
[2024-11-06T14:16:58.010+0000] {logging_mixin.py:154} INFO - [2024-11-06T14:16:58.009+0000] {dagbag.py:536} INFO - Filling up the DagBag from /home/airflow/.local/lib/python3.8/site-packages/airflow/example_dags/tutorial_taskflow_api.py
[2024-11-06T14:16:58.013+0000] {processor.py:839} INFO - DAG(s) dict_keys(['tutorial_taskflow_api']) retrieved from /home/airflow/.local/lib/python3.8/site-packages/airflow/example_dags/tutorial_taskflow_api.py
[2024-11-06T14:16:58.024+0000] {logging_mixin.py:154} INFO - [2024-11-06T14:16:58.024+0000] {dag.py:2941} INFO - Sync 1 DAGs
[2024-11-06T14:16:58.030+0000] {logging_mixin.py:154} INFO - [2024-11-06T14:16:58.030+0000] {dag.py:3722} INFO - Setting next_dagrun for tutorial_taskflow_api to None, run_after=None
[2024-11-06T14:16:58.039+0000] {processor.py:179} INFO - Processing /home/airflow/.local/lib/python3.8/site-packages/airflow/example_dags/tutorial_taskflow_api.py took 0.033 seconds
[2024-11-06T14:23:15.646+0000] {processor.py:157} INFO - Started process (PID=2507) to work on /home/airflow/.local/lib/python3.8/site-packages/airflow/example_dags/tutorial_taskflow_api.py
[2024-11-06T14:23:15.648+0000] {processor.py:829} INFO - Processing file /home/airflow/.local/lib/python3.8/site-packages/airflow/example_dags/tutorial_taskflow_api.py for tasks to queue
[2024-11-06T14:23:15.649+0000] {logging_mixin.py:154} INFO - [2024-11-06T14:23:15.649+0000] {dagbag.py:536} INFO - Filling up the DagBag from /home/airflow/.local/lib/python3.8/site-packages/airflow/example_dags/tutorial_taskflow_api.py
[2024-11-06T14:23:15.652+0000] {processor.py:839} INFO - DAG(s) dict_keys(['tutorial_taskflow_api']) retrieved from /home/airflow/.local/lib/python3.8/site-packages/airflow/example_dags/tutorial_taskflow_api.py
[2024-11-06T14:23:15.666+0000] {logging_mixin.py:154} INFO - [2024-11-06T14:23:15.665+0000] {dag.py:2941} INFO - Sync 1 DAGs
[2024-11-06T14:23:15.671+0000] {logging_mixin.py:154} INFO - [2024-11-06T14:23:15.671+0000] {dag.py:3722} INFO - Setting next_dagrun for tutorial_taskflow_api to None, run_after=None
[2024-11-06T14:23:15.680+0000] {processor.py:179} INFO - Processing /home/airflow/.local/lib/python3.8/site-packages/airflow/example_dags/tutorial_taskflow_api.py took 0.035 seconds
[2024-11-06T14:31:02.470+0000] {processor.py:157} INFO - Started process (PID=2560) to work on /home/airflow/.local/lib/python3.8/site-packages/airflow/example_dags/tutorial_taskflow_api.py
[2024-11-06T14:31:02.470+0000] {processor.py:829} INFO - Processing file /home/airflow/.local/lib/python3.8/site-packages/airflow/example_dags/tutorial_taskflow_api.py for tasks to queue
[2024-11-06T14:31:02.474+0000] {logging_mixin.py:154} INFO - [2024-11-06T14:31:02.474+0000] {dagbag.py:536} INFO - Filling up the DagBag from /home/airflow/.local/lib/python3.8/site-packages/airflow/example_dags/tutorial_taskflow_api.py
[2024-11-06T14:31:02.477+0000] {processor.py:839} INFO - DAG(s) dict_keys(['tutorial_taskflow_api']) retrieved from /home/airflow/.local/lib/python3.8/site-packages/airflow/example_dags/tutorial_taskflow_api.py
[2024-11-06T14:31:02.490+0000] {logging_mixin.py:154} INFO - [2024-11-06T14:31:02.489+0000] {dag.py:2941} INFO - Sync 1 DAGs
[2024-11-06T14:31:02.495+0000] {logging_mixin.py:154} INFO - [2024-11-06T14:31:02.495+0000] {dag.py:3722} INFO - Setting next_dagrun for tutorial_taskflow_api to None, run_after=None
[2024-11-06T14:31:02.504+0000] {processor.py:179} INFO - Processing /home/airflow/.local/lib/python3.8/site-packages/airflow/example_dags/tutorial_taskflow_api.py took 0.036 seconds
[2024-11-06T14:36:36.894+0000] {processor.py:157} INFO - Started process (PID=2613) to work on /home/airflow/.local/lib/python3.8/site-packages/airflow/example_dags/tutorial_taskflow_api.py
[2024-11-06T14:36:36.895+0000] {processor.py:829} INFO - Processing file /home/airflow/.local/lib/python3.8/site-packages/airflow/example_dags/tutorial_taskflow_api.py for tasks to queue
[2024-11-06T14:36:36.896+0000] {logging_mixin.py:154} INFO - [2024-11-06T14:36:36.896+0000] {dagbag.py:536} INFO - Filling up the DagBag from /home/airflow/.local/lib/python3.8/site-packages/airflow/example_dags/tutorial_taskflow_api.py
[2024-11-06T14:36:36.899+0000] {processor.py:839} INFO - DAG(s) dict_keys(['tutorial_taskflow_api']) retrieved from /home/airflow/.local/lib/python3.8/site-packages/airflow/example_dags/tutorial_taskflow_api.py
[2024-11-06T14:36:36.911+0000] {logging_mixin.py:154} INFO - [2024-11-06T14:36:36.911+0000] {dag.py:2941} INFO - Sync 1 DAGs
[2024-11-06T14:36:36.916+0000] {logging_mixin.py:154} INFO - [2024-11-06T14:36:36.915+0000] {dag.py:3722} INFO - Setting next_dagrun for tutorial_taskflow_api to None, run_after=None
[2024-11-06T14:36:36.926+0000] {processor.py:179} INFO - Processing /home/airflow/.local/lib/python3.8/site-packages/airflow/example_dags/tutorial_taskflow_api.py took 0.033 seconds
[2024-11-06T15:02:53.364+0000] {processor.py:157} INFO - Started process (PID=2667) to work on /home/airflow/.local/lib/python3.8/site-packages/airflow/example_dags/tutorial_taskflow_api.py
[2024-11-06T15:02:53.367+0000] {processor.py:829} INFO - Processing file /home/airflow/.local/lib/python3.8/site-packages/airflow/example_dags/tutorial_taskflow_api.py for tasks to queue
[2024-11-06T15:02:53.369+0000] {logging_mixin.py:154} INFO - [2024-11-06T15:02:53.368+0000] {dagbag.py:536} INFO - Filling up the DagBag from /home/airflow/.local/lib/python3.8/site-packages/airflow/example_dags/tutorial_taskflow_api.py
[2024-11-06T15:02:53.371+0000] {processor.py:839} INFO - DAG(s) dict_keys(['tutorial_taskflow_api']) retrieved from /home/airflow/.local/lib/python3.8/site-packages/airflow/example_dags/tutorial_taskflow_api.py
[2024-11-06T15:02:53.381+0000] {logging_mixin.py:154} INFO - [2024-11-06T15:02:53.381+0000] {dag.py:2941} INFO - Sync 1 DAGs
[2024-11-06T15:02:53.386+0000] {logging_mixin.py:154} INFO - [2024-11-06T15:02:53.386+0000] {dag.py:3722} INFO - Setting next_dagrun for tutorial_taskflow_api to None, run_after=None
[2024-11-06T15:02:53.396+0000] {processor.py:179} INFO - Processing /home/airflow/.local/lib/python3.8/site-packages/airflow/example_dags/tutorial_taskflow_api.py took 0.034 seconds
[2024-11-06T15:37:17.323+0000] {processor.py:157} INFO - Started process (PID=2721) to work on /home/airflow/.local/lib/python3.8/site-packages/airflow/example_dags/tutorial_taskflow_api.py
[2024-11-06T15:37:17.324+0000] {processor.py:829} INFO - Processing file /home/airflow/.local/lib/python3.8/site-packages/airflow/example_dags/tutorial_taskflow_api.py for tasks to queue
[2024-11-06T15:37:17.325+0000] {logging_mixin.py:154} INFO - [2024-11-06T15:37:17.325+0000] {dagbag.py:536} INFO - Filling up the DagBag from /home/airflow/.local/lib/python3.8/site-packages/airflow/example_dags/tutorial_taskflow_api.py
[2024-11-06T15:37:17.328+0000] {processor.py:839} INFO - DAG(s) dict_keys(['tutorial_taskflow_api']) retrieved from /home/airflow/.local/lib/python3.8/site-packages/airflow/example_dags/tutorial_taskflow_api.py
[2024-11-06T15:37:17.336+0000] {logging_mixin.py:154} INFO - [2024-11-06T15:37:17.336+0000] {dag.py:2941} INFO - Sync 1 DAGs
[2024-11-06T15:37:17.342+0000] {logging_mixin.py:154} INFO - [2024-11-06T15:37:17.342+0000] {dag.py:3722} INFO - Setting next_dagrun for tutorial_taskflow_api to None, run_after=None
[2024-11-06T15:37:17.350+0000] {processor.py:179} INFO - Processing /home/airflow/.local/lib/python3.8/site-packages/airflow/example_dags/tutorial_taskflow_api.py took 0.028 seconds
[2024-11-06T15:48:09.890+0000] {processor.py:157} INFO - Started process (PID=2775) to work on /home/airflow/.local/lib/python3.8/site-packages/airflow/example_dags/tutorial_taskflow_api.py
[2024-11-06T15:48:09.892+0000] {processor.py:829} INFO - Processing file /home/airflow/.local/lib/python3.8/site-packages/airflow/example_dags/tutorial_taskflow_api.py for tasks to queue
[2024-11-06T15:48:09.894+0000] {logging_mixin.py:154} INFO - [2024-11-06T15:48:09.894+0000] {dagbag.py:536} INFO - Filling up the DagBag from /home/airflow/.local/lib/python3.8/site-packages/airflow/example_dags/tutorial_taskflow_api.py
[2024-11-06T15:48:09.900+0000] {processor.py:839} INFO - DAG(s) dict_keys(['tutorial_taskflow_api']) retrieved from /home/airflow/.local/lib/python3.8/site-packages/airflow/example_dags/tutorial_taskflow_api.py
[2024-11-06T15:48:09.919+0000] {logging_mixin.py:154} INFO - [2024-11-06T15:48:09.919+0000] {dag.py:2941} INFO - Sync 1 DAGs
[2024-11-06T15:48:09.929+0000] {logging_mixin.py:154} INFO - [2024-11-06T15:48:09.929+0000] {dag.py:3722} INFO - Setting next_dagrun for tutorial_taskflow_api to None, run_after=None
[2024-11-06T15:48:09.952+0000] {processor.py:179} INFO - Processing /home/airflow/.local/lib/python3.8/site-packages/airflow/example_dags/tutorial_taskflow_api.py took 0.065 seconds
[2024-11-06T16:49:04.161+0000] {processor.py:157} INFO - Started process (PID=2829) to work on /home/airflow/.local/lib/python3.8/site-packages/airflow/example_dags/tutorial_taskflow_api.py
[2024-11-06T16:49:04.161+0000] {processor.py:829} INFO - Processing file /home/airflow/.local/lib/python3.8/site-packages/airflow/example_dags/tutorial_taskflow_api.py for tasks to queue
[2024-11-06T16:49:04.162+0000] {logging_mixin.py:154} INFO - [2024-11-06T16:49:04.162+0000] {dagbag.py:536} INFO - Filling up the DagBag from /home/airflow/.local/lib/python3.8/site-packages/airflow/example_dags/tutorial_taskflow_api.py
[2024-11-06T16:49:04.165+0000] {processor.py:839} INFO - DAG(s) dict_keys(['tutorial_taskflow_api']) retrieved from /home/airflow/.local/lib/python3.8/site-packages/airflow/example_dags/tutorial_taskflow_api.py
[2024-11-06T16:49:04.179+0000] {logging_mixin.py:154} INFO - [2024-11-06T16:49:04.178+0000] {dag.py:2941} INFO - Sync 1 DAGs
[2024-11-06T16:49:04.186+0000] {logging_mixin.py:154} INFO - [2024-11-06T16:49:04.186+0000] {dag.py:3722} INFO - Setting next_dagrun for tutorial_taskflow_api to None, run_after=None
[2024-11-06T16:49:04.195+0000] {processor.py:179} INFO - Processing /home/airflow/.local/lib/python3.8/site-packages/airflow/example_dags/tutorial_taskflow_api.py took 0.036 seconds
[2024-11-06T16:49:56.909+0000] {processor.py:157} INFO - Started process (PID=2883) to work on /home/airflow/.local/lib/python3.8/site-packages/airflow/example_dags/tutorial_taskflow_api.py
[2024-11-06T16:49:56.909+0000] {processor.py:829} INFO - Processing file /home/airflow/.local/lib/python3.8/site-packages/airflow/example_dags/tutorial_taskflow_api.py for tasks to queue
[2024-11-06T16:49:56.911+0000] {logging_mixin.py:154} INFO - [2024-11-06T16:49:56.910+0000] {dagbag.py:536} INFO - Filling up the DagBag from /home/airflow/.local/lib/python3.8/site-packages/airflow/example_dags/tutorial_taskflow_api.py
[2024-11-06T16:49:56.913+0000] {processor.py:839} INFO - DAG(s) dict_keys(['tutorial_taskflow_api']) retrieved from /home/airflow/.local/lib/python3.8/site-packages/airflow/example_dags/tutorial_taskflow_api.py
[2024-11-06T16:49:56.927+0000] {logging_mixin.py:154} INFO - [2024-11-06T16:49:56.927+0000] {dag.py:2941} INFO - Sync 1 DAGs
[2024-11-06T16:49:56.933+0000] {logging_mixin.py:154} INFO - [2024-11-06T16:49:56.932+0000] {dag.py:3722} INFO - Setting next_dagrun for tutorial_taskflow_api to None, run_after=None
[2024-11-06T16:49:56.943+0000] {processor.py:179} INFO - Processing /home/airflow/.local/lib/python3.8/site-packages/airflow/example_dags/tutorial_taskflow_api.py took 0.035 seconds
[2024-11-06T17:40:08.921+0000] {processor.py:157} INFO - Started process (PID=2937) to work on /home/airflow/.local/lib/python3.8/site-packages/airflow/example_dags/tutorial_taskflow_api.py
[2024-11-06T17:40:08.922+0000] {processor.py:829} INFO - Processing file /home/airflow/.local/lib/python3.8/site-packages/airflow/example_dags/tutorial_taskflow_api.py for tasks to queue
[2024-11-06T17:40:08.923+0000] {logging_mixin.py:154} INFO - [2024-11-06T17:40:08.923+0000] {dagbag.py:536} INFO - Filling up the DagBag from /home/airflow/.local/lib/python3.8/site-packages/airflow/example_dags/tutorial_taskflow_api.py
[2024-11-06T17:40:08.926+0000] {processor.py:839} INFO - DAG(s) dict_keys(['tutorial_taskflow_api']) retrieved from /home/airflow/.local/lib/python3.8/site-packages/airflow/example_dags/tutorial_taskflow_api.py
[2024-11-06T17:40:08.937+0000] {logging_mixin.py:154} INFO - [2024-11-06T17:40:08.937+0000] {dag.py:2941} INFO - Sync 1 DAGs
[2024-11-06T17:40:08.944+0000] {logging_mixin.py:154} INFO - [2024-11-06T17:40:08.944+0000] {dag.py:3722} INFO - Setting next_dagrun for tutorial_taskflow_api to None, run_after=None
[2024-11-06T17:40:08.957+0000] {processor.py:179} INFO - Processing /home/airflow/.local/lib/python3.8/site-packages/airflow/example_dags/tutorial_taskflow_api.py took 0.038 seconds
[2024-11-06T18:40:21.221+0000] {processor.py:157} INFO - Started process (PID=2991) to work on /home/airflow/.local/lib/python3.8/site-packages/airflow/example_dags/tutorial_taskflow_api.py
[2024-11-06T18:40:21.222+0000] {processor.py:829} INFO - Processing file /home/airflow/.local/lib/python3.8/site-packages/airflow/example_dags/tutorial_taskflow_api.py for tasks to queue
[2024-11-06T18:40:21.223+0000] {logging_mixin.py:154} INFO - [2024-11-06T18:40:21.223+0000] {dagbag.py:536} INFO - Filling up the DagBag from /home/airflow/.local/lib/python3.8/site-packages/airflow/example_dags/tutorial_taskflow_api.py
[2024-11-06T18:40:21.226+0000] {processor.py:839} INFO - DAG(s) dict_keys(['tutorial_taskflow_api']) retrieved from /home/airflow/.local/lib/python3.8/site-packages/airflow/example_dags/tutorial_taskflow_api.py
[2024-11-06T18:40:21.237+0000] {logging_mixin.py:154} INFO - [2024-11-06T18:40:21.237+0000] {dag.py:2941} INFO - Sync 1 DAGs
[2024-11-06T18:40:21.242+0000] {logging_mixin.py:154} INFO - [2024-11-06T18:40:21.242+0000] {dag.py:3722} INFO - Setting next_dagrun for tutorial_taskflow_api to None, run_after=None
[2024-11-06T18:40:21.252+0000] {processor.py:179} INFO - Processing /home/airflow/.local/lib/python3.8/site-packages/airflow/example_dags/tutorial_taskflow_api.py took 0.032 seconds
[2024-11-06T19:56:55.047+0000] {processor.py:157} INFO - Started process (PID=3045) to work on /home/airflow/.local/lib/python3.8/site-packages/airflow/example_dags/tutorial_taskflow_api.py
[2024-11-06T19:56:55.047+0000] {processor.py:829} INFO - Processing file /home/airflow/.local/lib/python3.8/site-packages/airflow/example_dags/tutorial_taskflow_api.py for tasks to queue
[2024-11-06T19:56:55.048+0000] {logging_mixin.py:154} INFO - [2024-11-06T19:56:55.048+0000] {dagbag.py:536} INFO - Filling up the DagBag from /home/airflow/.local/lib/python3.8/site-packages/airflow/example_dags/tutorial_taskflow_api.py
[2024-11-06T19:56:55.051+0000] {processor.py:839} INFO - DAG(s) dict_keys(['tutorial_taskflow_api']) retrieved from /home/airflow/.local/lib/python3.8/site-packages/airflow/example_dags/tutorial_taskflow_api.py
[2024-11-06T19:56:55.061+0000] {logging_mixin.py:154} INFO - [2024-11-06T19:56:55.061+0000] {dag.py:2941} INFO - Sync 1 DAGs
[2024-11-06T19:56:55.066+0000] {logging_mixin.py:154} INFO - [2024-11-06T19:56:55.066+0000] {dag.py:3722} INFO - Setting next_dagrun for tutorial_taskflow_api to None, run_after=None
[2024-11-06T19:56:55.072+0000] {processor.py:179} INFO - Processing /home/airflow/.local/lib/python3.8/site-packages/airflow/example_dags/tutorial_taskflow_api.py took 0.027 seconds
[2024-11-06T20:41:41.679+0000] {processor.py:157} INFO - Started process (PID=3099) to work on /home/airflow/.local/lib/python3.8/site-packages/airflow/example_dags/tutorial_taskflow_api.py
[2024-11-06T20:41:41.679+0000] {processor.py:829} INFO - Processing file /home/airflow/.local/lib/python3.8/site-packages/airflow/example_dags/tutorial_taskflow_api.py for tasks to queue
[2024-11-06T20:41:41.680+0000] {logging_mixin.py:154} INFO - [2024-11-06T20:41:41.680+0000] {dagbag.py:536} INFO - Filling up the DagBag from /home/airflow/.local/lib/python3.8/site-packages/airflow/example_dags/tutorial_taskflow_api.py
[2024-11-06T20:41:41.683+0000] {processor.py:839} INFO - DAG(s) dict_keys(['tutorial_taskflow_api']) retrieved from /home/airflow/.local/lib/python3.8/site-packages/airflow/example_dags/tutorial_taskflow_api.py
[2024-11-06T20:41:41.692+0000] {logging_mixin.py:154} INFO - [2024-11-06T20:41:41.692+0000] {dag.py:2941} INFO - Sync 1 DAGs
[2024-11-06T20:41:41.697+0000] {logging_mixin.py:154} INFO - [2024-11-06T20:41:41.697+0000] {dag.py:3722} INFO - Setting next_dagrun for tutorial_taskflow_api to None, run_after=None
[2024-11-06T20:41:41.707+0000] {processor.py:179} INFO - Processing /home/airflow/.local/lib/python3.8/site-packages/airflow/example_dags/tutorial_taskflow_api.py took 0.029 seconds
[2024-11-06T22:09:51.153+0000] {processor.py:157} INFO - Started process (PID=3153) to work on /home/airflow/.local/lib/python3.8/site-packages/airflow/example_dags/tutorial_taskflow_api.py
[2024-11-06T22:09:51.153+0000] {processor.py:829} INFO - Processing file /home/airflow/.local/lib/python3.8/site-packages/airflow/example_dags/tutorial_taskflow_api.py for tasks to queue
[2024-11-06T22:09:51.154+0000] {logging_mixin.py:154} INFO - [2024-11-06T22:09:51.154+0000] {dagbag.py:536} INFO - Filling up the DagBag from /home/airflow/.local/lib/python3.8/site-packages/airflow/example_dags/tutorial_taskflow_api.py
[2024-11-06T22:09:51.157+0000] {processor.py:839} INFO - DAG(s) dict_keys(['tutorial_taskflow_api']) retrieved from /home/airflow/.local/lib/python3.8/site-packages/airflow/example_dags/tutorial_taskflow_api.py
[2024-11-06T22:09:51.165+0000] {logging_mixin.py:154} INFO - [2024-11-06T22:09:51.165+0000] {dag.py:2941} INFO - Sync 1 DAGs
[2024-11-06T22:09:51.170+0000] {logging_mixin.py:154} INFO - [2024-11-06T22:09:51.170+0000] {dag.py:3722} INFO - Setting next_dagrun for tutorial_taskflow_api to None, run_after=None
[2024-11-06T22:09:51.177+0000] {processor.py:179} INFO - Processing /home/airflow/.local/lib/python3.8/site-packages/airflow/example_dags/tutorial_taskflow_api.py took 0.026 seconds
[2024-11-06T23:10:57.105+0000] {processor.py:157} INFO - Started process (PID=3207) to work on /home/airflow/.local/lib/python3.8/site-packages/airflow/example_dags/tutorial_taskflow_api.py
[2024-11-06T23:10:57.105+0000] {processor.py:829} INFO - Processing file /home/airflow/.local/lib/python3.8/site-packages/airflow/example_dags/tutorial_taskflow_api.py for tasks to queue
[2024-11-06T23:10:57.106+0000] {logging_mixin.py:154} INFO - [2024-11-06T23:10:57.106+0000] {dagbag.py:536} INFO - Filling up the DagBag from /home/airflow/.local/lib/python3.8/site-packages/airflow/example_dags/tutorial_taskflow_api.py
[2024-11-06T23:10:57.109+0000] {processor.py:839} INFO - DAG(s) dict_keys(['tutorial_taskflow_api']) retrieved from /home/airflow/.local/lib/python3.8/site-packages/airflow/example_dags/tutorial_taskflow_api.py
[2024-11-06T23:10:57.119+0000] {logging_mixin.py:154} INFO - [2024-11-06T23:10:57.119+0000] {dag.py:2941} INFO - Sync 1 DAGs
[2024-11-06T23:10:57.124+0000] {logging_mixin.py:154} INFO - [2024-11-06T23:10:57.124+0000] {dag.py:3722} INFO - Setting next_dagrun for tutorial_taskflow_api to None, run_after=None
[2024-11-06T23:10:57.131+0000] {processor.py:179} INFO - Processing /home/airflow/.local/lib/python3.8/site-packages/airflow/example_dags/tutorial_taskflow_api.py took 0.028 seconds
[2024-11-06T23:49:21.604+0000] {processor.py:157} INFO - Started process (PID=3261) to work on /home/airflow/.local/lib/python3.8/site-packages/airflow/example_dags/tutorial_taskflow_api.py
[2024-11-06T23:49:21.607+0000] {processor.py:829} INFO - Processing file /home/airflow/.local/lib/python3.8/site-packages/airflow/example_dags/tutorial_taskflow_api.py for tasks to queue
[2024-11-06T23:49:21.608+0000] {logging_mixin.py:154} INFO - [2024-11-06T23:49:21.608+0000] {dagbag.py:536} INFO - Filling up the DagBag from /home/airflow/.local/lib/python3.8/site-packages/airflow/example_dags/tutorial_taskflow_api.py
[2024-11-06T23:49:21.612+0000] {processor.py:839} INFO - DAG(s) dict_keys(['tutorial_taskflow_api']) retrieved from /home/airflow/.local/lib/python3.8/site-packages/airflow/example_dags/tutorial_taskflow_api.py
[2024-11-06T23:49:21.625+0000] {logging_mixin.py:154} INFO - [2024-11-06T23:49:21.625+0000] {dag.py:2941} INFO - Sync 1 DAGs
[2024-11-06T23:49:21.630+0000] {logging_mixin.py:154} INFO - [2024-11-06T23:49:21.630+0000] {dag.py:3722} INFO - Setting next_dagrun for tutorial_taskflow_api to None, run_after=None
[2024-11-06T23:49:21.637+0000] {processor.py:179} INFO - Processing /home/airflow/.local/lib/python3.8/site-packages/airflow/example_dags/tutorial_taskflow_api.py took 0.035 seconds
