[2024-11-06T08:43:19.197+0000] {processor.py:157} INFO - Started process (PID=56) to work on /home/airflow/.local/lib/python3.8/site-packages/airflow/example_dags/tutorial_dag.py
[2024-11-06T08:43:19.199+0000] {processor.py:829} INFO - Processing file /home/airflow/.local/lib/python3.8/site-packages/airflow/example_dags/tutorial_dag.py for tasks to queue
[2024-11-06T08:43:19.201+0000] {logging_mixin.py:154} INFO - [2024-11-06T08:43:19.200+0000] {dagbag.py:536} INFO - Filling up the DagBag from /home/airflow/.local/lib/python3.8/site-packages/airflow/example_dags/tutorial_dag.py
[2024-11-06T08:43:19.207+0000] {processor.py:839} INFO - DAG(s) dict_keys(['tutorial_dag']) retrieved from /home/airflow/.local/lib/python3.8/site-packages/airflow/example_dags/tutorial_dag.py
[2024-11-06T08:43:19.220+0000] {logging_mixin.py:154} INFO - [2024-11-06T08:43:19.220+0000] {dag.py:2941} INFO - Sync 1 DAGs
[2024-11-06T08:43:19.228+0000] {logging_mixin.py:154} INFO - [2024-11-06T08:43:19.228+0000] {dag.py:3722} INFO - Setting next_dagrun for tutorial_dag to None, run_after=None
[2024-11-06T08:43:19.240+0000] {processor.py:179} INFO - Processing /home/airflow/.local/lib/python3.8/site-packages/airflow/example_dags/tutorial_dag.py took 0.045 seconds
[2024-11-06T08:43:49.608+0000] {processor.py:157} INFO - Started process (PID=110) to work on /home/airflow/.local/lib/python3.8/site-packages/airflow/example_dags/tutorial_dag.py
[2024-11-06T08:43:49.610+0000] {processor.py:829} INFO - Processing file /home/airflow/.local/lib/python3.8/site-packages/airflow/example_dags/tutorial_dag.py for tasks to queue
[2024-11-06T08:43:49.611+0000] {logging_mixin.py:154} INFO - [2024-11-06T08:43:49.610+0000] {dagbag.py:536} INFO - Filling up the DagBag from /home/airflow/.local/lib/python3.8/site-packages/airflow/example_dags/tutorial_dag.py
[2024-11-06T08:43:49.613+0000] {processor.py:839} INFO - DAG(s) dict_keys(['tutorial_dag']) retrieved from /home/airflow/.local/lib/python3.8/site-packages/airflow/example_dags/tutorial_dag.py
[2024-11-06T08:43:49.625+0000] {logging_mixin.py:154} INFO - [2024-11-06T08:43:49.625+0000] {dag.py:2941} INFO - Sync 1 DAGs
[2024-11-06T08:43:49.631+0000] {logging_mixin.py:154} INFO - [2024-11-06T08:43:49.631+0000] {dag.py:3722} INFO - Setting next_dagrun for tutorial_dag to None, run_after=None
[2024-11-06T08:43:49.639+0000] {processor.py:179} INFO - Processing /home/airflow/.local/lib/python3.8/site-packages/airflow/example_dags/tutorial_dag.py took 0.033 seconds
[2024-11-06T08:44:20.010+0000] {processor.py:157} INFO - Started process (PID=164) to work on /home/airflow/.local/lib/python3.8/site-packages/airflow/example_dags/tutorial_dag.py
[2024-11-06T08:44:20.012+0000] {processor.py:829} INFO - Processing file /home/airflow/.local/lib/python3.8/site-packages/airflow/example_dags/tutorial_dag.py for tasks to queue
[2024-11-06T08:44:20.013+0000] {logging_mixin.py:154} INFO - [2024-11-06T08:44:20.013+0000] {dagbag.py:536} INFO - Filling up the DagBag from /home/airflow/.local/lib/python3.8/site-packages/airflow/example_dags/tutorial_dag.py
[2024-11-06T08:44:20.016+0000] {processor.py:839} INFO - DAG(s) dict_keys(['tutorial_dag']) retrieved from /home/airflow/.local/lib/python3.8/site-packages/airflow/example_dags/tutorial_dag.py
[2024-11-06T08:44:20.026+0000] {logging_mixin.py:154} INFO - [2024-11-06T08:44:20.026+0000] {dag.py:2941} INFO - Sync 1 DAGs
[2024-11-06T08:44:20.034+0000] {logging_mixin.py:154} INFO - [2024-11-06T08:44:20.034+0000] {dag.py:3722} INFO - Setting next_dagrun for tutorial_dag to None, run_after=None
[2024-11-06T08:44:20.044+0000] {processor.py:179} INFO - Processing /home/airflow/.local/lib/python3.8/site-packages/airflow/example_dags/tutorial_dag.py took 0.036 seconds
[2024-11-06T08:44:50.397+0000] {processor.py:157} INFO - Started process (PID=218) to work on /home/airflow/.local/lib/python3.8/site-packages/airflow/example_dags/tutorial_dag.py
[2024-11-06T08:44:50.397+0000] {processor.py:829} INFO - Processing file /home/airflow/.local/lib/python3.8/site-packages/airflow/example_dags/tutorial_dag.py for tasks to queue
[2024-11-06T08:44:50.398+0000] {logging_mixin.py:154} INFO - [2024-11-06T08:44:50.398+0000] {dagbag.py:536} INFO - Filling up the DagBag from /home/airflow/.local/lib/python3.8/site-packages/airflow/example_dags/tutorial_dag.py
[2024-11-06T08:44:50.400+0000] {processor.py:839} INFO - DAG(s) dict_keys(['tutorial_dag']) retrieved from /home/airflow/.local/lib/python3.8/site-packages/airflow/example_dags/tutorial_dag.py
[2024-11-06T08:44:50.410+0000] {logging_mixin.py:154} INFO - [2024-11-06T08:44:50.410+0000] {dag.py:2941} INFO - Sync 1 DAGs
[2024-11-06T08:44:50.415+0000] {logging_mixin.py:154} INFO - [2024-11-06T08:44:50.415+0000] {dag.py:3722} INFO - Setting next_dagrun for tutorial_dag to None, run_after=None
[2024-11-06T08:44:50.421+0000] {processor.py:179} INFO - Processing /home/airflow/.local/lib/python3.8/site-packages/airflow/example_dags/tutorial_dag.py took 0.025 seconds
[2024-11-06T08:45:20.768+0000] {processor.py:157} INFO - Started process (PID=272) to work on /home/airflow/.local/lib/python3.8/site-packages/airflow/example_dags/tutorial_dag.py
[2024-11-06T08:45:20.769+0000] {processor.py:829} INFO - Processing file /home/airflow/.local/lib/python3.8/site-packages/airflow/example_dags/tutorial_dag.py for tasks to queue
[2024-11-06T08:45:20.770+0000] {logging_mixin.py:154} INFO - [2024-11-06T08:45:20.770+0000] {dagbag.py:536} INFO - Filling up the DagBag from /home/airflow/.local/lib/python3.8/site-packages/airflow/example_dags/tutorial_dag.py
[2024-11-06T08:45:20.773+0000] {processor.py:839} INFO - DAG(s) dict_keys(['tutorial_dag']) retrieved from /home/airflow/.local/lib/python3.8/site-packages/airflow/example_dags/tutorial_dag.py
[2024-11-06T08:45:20.782+0000] {logging_mixin.py:154} INFO - [2024-11-06T08:45:20.782+0000] {dag.py:2941} INFO - Sync 1 DAGs
[2024-11-06T08:45:20.787+0000] {logging_mixin.py:154} INFO - [2024-11-06T08:45:20.787+0000] {dag.py:3722} INFO - Setting next_dagrun for tutorial_dag to None, run_after=None
[2024-11-06T08:45:20.796+0000] {processor.py:179} INFO - Processing /home/airflow/.local/lib/python3.8/site-packages/airflow/example_dags/tutorial_dag.py took 0.029 seconds
[2024-11-06T08:45:51.185+0000] {processor.py:157} INFO - Started process (PID=326) to work on /home/airflow/.local/lib/python3.8/site-packages/airflow/example_dags/tutorial_dag.py
[2024-11-06T08:45:51.186+0000] {processor.py:829} INFO - Processing file /home/airflow/.local/lib/python3.8/site-packages/airflow/example_dags/tutorial_dag.py for tasks to queue
[2024-11-06T08:45:51.186+0000] {logging_mixin.py:154} INFO - [2024-11-06T08:45:51.186+0000] {dagbag.py:536} INFO - Filling up the DagBag from /home/airflow/.local/lib/python3.8/site-packages/airflow/example_dags/tutorial_dag.py
[2024-11-06T08:45:51.189+0000] {processor.py:839} INFO - DAG(s) dict_keys(['tutorial_dag']) retrieved from /home/airflow/.local/lib/python3.8/site-packages/airflow/example_dags/tutorial_dag.py
[2024-11-06T08:45:51.199+0000] {logging_mixin.py:154} INFO - [2024-11-06T08:45:51.199+0000] {dag.py:2941} INFO - Sync 1 DAGs
[2024-11-06T08:45:51.205+0000] {logging_mixin.py:154} INFO - [2024-11-06T08:45:51.205+0000] {dag.py:3722} INFO - Setting next_dagrun for tutorial_dag to None, run_after=None
[2024-11-06T08:45:51.217+0000] {processor.py:179} INFO - Processing /home/airflow/.local/lib/python3.8/site-packages/airflow/example_dags/tutorial_dag.py took 0.034 seconds
[2024-11-06T08:46:21.500+0000] {processor.py:157} INFO - Started process (PID=380) to work on /home/airflow/.local/lib/python3.8/site-packages/airflow/example_dags/tutorial_dag.py
[2024-11-06T08:46:21.501+0000] {processor.py:829} INFO - Processing file /home/airflow/.local/lib/python3.8/site-packages/airflow/example_dags/tutorial_dag.py for tasks to queue
[2024-11-06T08:46:21.505+0000] {logging_mixin.py:154} INFO - [2024-11-06T08:46:21.505+0000] {dagbag.py:536} INFO - Filling up the DagBag from /home/airflow/.local/lib/python3.8/site-packages/airflow/example_dags/tutorial_dag.py
[2024-11-06T08:46:21.508+0000] {processor.py:839} INFO - DAG(s) dict_keys(['tutorial_dag']) retrieved from /home/airflow/.local/lib/python3.8/site-packages/airflow/example_dags/tutorial_dag.py
[2024-11-06T08:46:21.520+0000] {logging_mixin.py:154} INFO - [2024-11-06T08:46:21.520+0000] {dag.py:2941} INFO - Sync 1 DAGs
[2024-11-06T08:46:21.527+0000] {logging_mixin.py:154} INFO - [2024-11-06T08:46:21.527+0000] {dag.py:3722} INFO - Setting next_dagrun for tutorial_dag to None, run_after=None
[2024-11-06T08:46:21.536+0000] {processor.py:179} INFO - Processing /home/airflow/.local/lib/python3.8/site-packages/airflow/example_dags/tutorial_dag.py took 0.037 seconds
[2024-11-06T08:46:52.296+0000] {processor.py:157} INFO - Started process (PID=434) to work on /home/airflow/.local/lib/python3.8/site-packages/airflow/example_dags/tutorial_dag.py
[2024-11-06T08:46:52.297+0000] {processor.py:829} INFO - Processing file /home/airflow/.local/lib/python3.8/site-packages/airflow/example_dags/tutorial_dag.py for tasks to queue
[2024-11-06T08:46:52.299+0000] {logging_mixin.py:154} INFO - [2024-11-06T08:46:52.299+0000] {dagbag.py:536} INFO - Filling up the DagBag from /home/airflow/.local/lib/python3.8/site-packages/airflow/example_dags/tutorial_dag.py
[2024-11-06T08:46:52.305+0000] {processor.py:839} INFO - DAG(s) dict_keys(['tutorial_dag']) retrieved from /home/airflow/.local/lib/python3.8/site-packages/airflow/example_dags/tutorial_dag.py
[2024-11-06T08:46:52.326+0000] {logging_mixin.py:154} INFO - [2024-11-06T08:46:52.326+0000] {dag.py:2941} INFO - Sync 1 DAGs
[2024-11-06T08:46:52.335+0000] {logging_mixin.py:154} INFO - [2024-11-06T08:46:52.335+0000] {dag.py:3722} INFO - Setting next_dagrun for tutorial_dag to None, run_after=None
[2024-11-06T08:46:52.352+0000] {processor.py:179} INFO - Processing /home/airflow/.local/lib/python3.8/site-packages/airflow/example_dags/tutorial_dag.py took 0.057 seconds
[2024-11-06T08:47:22.774+0000] {processor.py:157} INFO - Started process (PID=488) to work on /home/airflow/.local/lib/python3.8/site-packages/airflow/example_dags/tutorial_dag.py
[2024-11-06T08:47:22.774+0000] {processor.py:829} INFO - Processing file /home/airflow/.local/lib/python3.8/site-packages/airflow/example_dags/tutorial_dag.py for tasks to queue
[2024-11-06T08:47:22.777+0000] {logging_mixin.py:154} INFO - [2024-11-06T08:47:22.777+0000] {dagbag.py:536} INFO - Filling up the DagBag from /home/airflow/.local/lib/python3.8/site-packages/airflow/example_dags/tutorial_dag.py
[2024-11-06T08:47:22.779+0000] {processor.py:839} INFO - DAG(s) dict_keys(['tutorial_dag']) retrieved from /home/airflow/.local/lib/python3.8/site-packages/airflow/example_dags/tutorial_dag.py
[2024-11-06T08:47:22.788+0000] {logging_mixin.py:154} INFO - [2024-11-06T08:47:22.788+0000] {dag.py:2941} INFO - Sync 1 DAGs
[2024-11-06T08:47:22.793+0000] {logging_mixin.py:154} INFO - [2024-11-06T08:47:22.793+0000] {dag.py:3722} INFO - Setting next_dagrun for tutorial_dag to None, run_after=None
[2024-11-06T08:47:22.806+0000] {processor.py:179} INFO - Processing /home/airflow/.local/lib/python3.8/site-packages/airflow/example_dags/tutorial_dag.py took 0.036 seconds
[2024-11-06T08:47:53.105+0000] {processor.py:157} INFO - Started process (PID=550) to work on /home/airflow/.local/lib/python3.8/site-packages/airflow/example_dags/tutorial_dag.py
[2024-11-06T08:47:53.107+0000] {processor.py:829} INFO - Processing file /home/airflow/.local/lib/python3.8/site-packages/airflow/example_dags/tutorial_dag.py for tasks to queue
[2024-11-06T08:47:53.108+0000] {logging_mixin.py:154} INFO - [2024-11-06T08:47:53.108+0000] {dagbag.py:536} INFO - Filling up the DagBag from /home/airflow/.local/lib/python3.8/site-packages/airflow/example_dags/tutorial_dag.py
[2024-11-06T08:47:53.111+0000] {processor.py:839} INFO - DAG(s) dict_keys(['tutorial_dag']) retrieved from /home/airflow/.local/lib/python3.8/site-packages/airflow/example_dags/tutorial_dag.py
[2024-11-06T08:47:53.120+0000] {logging_mixin.py:154} INFO - [2024-11-06T08:47:53.120+0000] {dag.py:2941} INFO - Sync 1 DAGs
[2024-11-06T08:47:53.127+0000] {logging_mixin.py:154} INFO - [2024-11-06T08:47:53.127+0000] {dag.py:3722} INFO - Setting next_dagrun for tutorial_dag to None, run_after=None
[2024-11-06T08:47:53.138+0000] {processor.py:179} INFO - Processing /home/airflow/.local/lib/python3.8/site-packages/airflow/example_dags/tutorial_dag.py took 0.035 seconds
[2024-11-06T08:48:23.469+0000] {processor.py:157} INFO - Started process (PID=604) to work on /home/airflow/.local/lib/python3.8/site-packages/airflow/example_dags/tutorial_dag.py
[2024-11-06T08:48:23.469+0000] {processor.py:829} INFO - Processing file /home/airflow/.local/lib/python3.8/site-packages/airflow/example_dags/tutorial_dag.py for tasks to queue
[2024-11-06T08:48:23.471+0000] {logging_mixin.py:154} INFO - [2024-11-06T08:48:23.470+0000] {dagbag.py:536} INFO - Filling up the DagBag from /home/airflow/.local/lib/python3.8/site-packages/airflow/example_dags/tutorial_dag.py
[2024-11-06T08:48:23.473+0000] {processor.py:839} INFO - DAG(s) dict_keys(['tutorial_dag']) retrieved from /home/airflow/.local/lib/python3.8/site-packages/airflow/example_dags/tutorial_dag.py
[2024-11-06T08:48:23.483+0000] {logging_mixin.py:154} INFO - [2024-11-06T08:48:23.483+0000] {dag.py:2941} INFO - Sync 1 DAGs
[2024-11-06T08:48:23.488+0000] {logging_mixin.py:154} INFO - [2024-11-06T08:48:23.488+0000] {dag.py:3722} INFO - Setting next_dagrun for tutorial_dag to None, run_after=None
[2024-11-06T08:48:23.495+0000] {processor.py:179} INFO - Processing /home/airflow/.local/lib/python3.8/site-packages/airflow/example_dags/tutorial_dag.py took 0.027 seconds
[2024-11-06T08:48:53.815+0000] {processor.py:157} INFO - Started process (PID=658) to work on /home/airflow/.local/lib/python3.8/site-packages/airflow/example_dags/tutorial_dag.py
[2024-11-06T08:48:53.816+0000] {processor.py:829} INFO - Processing file /home/airflow/.local/lib/python3.8/site-packages/airflow/example_dags/tutorial_dag.py for tasks to queue
[2024-11-06T08:48:53.818+0000] {logging_mixin.py:154} INFO - [2024-11-06T08:48:53.817+0000] {dagbag.py:536} INFO - Filling up the DagBag from /home/airflow/.local/lib/python3.8/site-packages/airflow/example_dags/tutorial_dag.py
[2024-11-06T08:48:53.820+0000] {processor.py:839} INFO - DAG(s) dict_keys(['tutorial_dag']) retrieved from /home/airflow/.local/lib/python3.8/site-packages/airflow/example_dags/tutorial_dag.py
[2024-11-06T08:48:53.829+0000] {logging_mixin.py:154} INFO - [2024-11-06T08:48:53.829+0000] {dag.py:2941} INFO - Sync 1 DAGs
[2024-11-06T08:48:53.834+0000] {logging_mixin.py:154} INFO - [2024-11-06T08:48:53.834+0000] {dag.py:3722} INFO - Setting next_dagrun for tutorial_dag to None, run_after=None
[2024-11-06T08:48:53.841+0000] {processor.py:179} INFO - Processing /home/airflow/.local/lib/python3.8/site-packages/airflow/example_dags/tutorial_dag.py took 0.027 seconds
[2024-11-06T08:49:24.059+0000] {processor.py:157} INFO - Started process (PID=712) to work on /home/airflow/.local/lib/python3.8/site-packages/airflow/example_dags/tutorial_dag.py
[2024-11-06T08:49:24.059+0000] {processor.py:829} INFO - Processing file /home/airflow/.local/lib/python3.8/site-packages/airflow/example_dags/tutorial_dag.py for tasks to queue
[2024-11-06T08:49:24.060+0000] {logging_mixin.py:154} INFO - [2024-11-06T08:49:24.060+0000] {dagbag.py:536} INFO - Filling up the DagBag from /home/airflow/.local/lib/python3.8/site-packages/airflow/example_dags/tutorial_dag.py
[2024-11-06T08:49:24.063+0000] {processor.py:839} INFO - DAG(s) dict_keys(['tutorial_dag']) retrieved from /home/airflow/.local/lib/python3.8/site-packages/airflow/example_dags/tutorial_dag.py
[2024-11-06T08:49:24.071+0000] {logging_mixin.py:154} INFO - [2024-11-06T08:49:24.071+0000] {dag.py:2941} INFO - Sync 1 DAGs
[2024-11-06T08:49:24.076+0000] {logging_mixin.py:154} INFO - [2024-11-06T08:49:24.076+0000] {dag.py:3722} INFO - Setting next_dagrun for tutorial_dag to None, run_after=None
[2024-11-06T08:49:24.087+0000] {processor.py:179} INFO - Processing /home/airflow/.local/lib/python3.8/site-packages/airflow/example_dags/tutorial_dag.py took 0.030 seconds
[2024-11-06T08:49:54.296+0000] {processor.py:157} INFO - Started process (PID=765) to work on /home/airflow/.local/lib/python3.8/site-packages/airflow/example_dags/tutorial_dag.py
[2024-11-06T08:49:54.296+0000] {processor.py:829} INFO - Processing file /home/airflow/.local/lib/python3.8/site-packages/airflow/example_dags/tutorial_dag.py for tasks to queue
[2024-11-06T08:49:54.297+0000] {logging_mixin.py:154} INFO - [2024-11-06T08:49:54.297+0000] {dagbag.py:536} INFO - Filling up the DagBag from /home/airflow/.local/lib/python3.8/site-packages/airflow/example_dags/tutorial_dag.py
[2024-11-06T08:49:54.300+0000] {processor.py:839} INFO - DAG(s) dict_keys(['tutorial_dag']) retrieved from /home/airflow/.local/lib/python3.8/site-packages/airflow/example_dags/tutorial_dag.py
[2024-11-06T08:49:54.310+0000] {logging_mixin.py:154} INFO - [2024-11-06T08:49:54.310+0000] {dag.py:2941} INFO - Sync 1 DAGs
[2024-11-06T08:49:54.315+0000] {logging_mixin.py:154} INFO - [2024-11-06T08:49:54.315+0000] {dag.py:3722} INFO - Setting next_dagrun for tutorial_dag to None, run_after=None
[2024-11-06T08:49:54.322+0000] {processor.py:179} INFO - Processing /home/airflow/.local/lib/python3.8/site-packages/airflow/example_dags/tutorial_dag.py took 0.028 seconds
[2024-11-06T08:50:24.519+0000] {processor.py:157} INFO - Started process (PID=819) to work on /home/airflow/.local/lib/python3.8/site-packages/airflow/example_dags/tutorial_dag.py
[2024-11-06T08:50:24.520+0000] {processor.py:829} INFO - Processing file /home/airflow/.local/lib/python3.8/site-packages/airflow/example_dags/tutorial_dag.py for tasks to queue
[2024-11-06T08:50:24.523+0000] {logging_mixin.py:154} INFO - [2024-11-06T08:50:24.523+0000] {dagbag.py:536} INFO - Filling up the DagBag from /home/airflow/.local/lib/python3.8/site-packages/airflow/example_dags/tutorial_dag.py
[2024-11-06T08:50:24.526+0000] {processor.py:839} INFO - DAG(s) dict_keys(['tutorial_dag']) retrieved from /home/airflow/.local/lib/python3.8/site-packages/airflow/example_dags/tutorial_dag.py
[2024-11-06T08:50:24.533+0000] {logging_mixin.py:154} INFO - [2024-11-06T08:50:24.533+0000] {dag.py:2941} INFO - Sync 1 DAGs
[2024-11-06T08:50:24.540+0000] {logging_mixin.py:154} INFO - [2024-11-06T08:50:24.540+0000] {dag.py:3722} INFO - Setting next_dagrun for tutorial_dag to None, run_after=None
[2024-11-06T08:50:24.548+0000] {processor.py:179} INFO - Processing /home/airflow/.local/lib/python3.8/site-packages/airflow/example_dags/tutorial_dag.py took 0.030 seconds
[2024-11-06T08:50:54.789+0000] {processor.py:157} INFO - Started process (PID=873) to work on /home/airflow/.local/lib/python3.8/site-packages/airflow/example_dags/tutorial_dag.py
[2024-11-06T08:50:54.791+0000] {processor.py:829} INFO - Processing file /home/airflow/.local/lib/python3.8/site-packages/airflow/example_dags/tutorial_dag.py for tasks to queue
[2024-11-06T08:50:54.794+0000] {logging_mixin.py:154} INFO - [2024-11-06T08:50:54.793+0000] {dagbag.py:536} INFO - Filling up the DagBag from /home/airflow/.local/lib/python3.8/site-packages/airflow/example_dags/tutorial_dag.py
[2024-11-06T08:50:54.796+0000] {processor.py:839} INFO - DAG(s) dict_keys(['tutorial_dag']) retrieved from /home/airflow/.local/lib/python3.8/site-packages/airflow/example_dags/tutorial_dag.py
[2024-11-06T08:50:54.806+0000] {logging_mixin.py:154} INFO - [2024-11-06T08:50:54.806+0000] {dag.py:2941} INFO - Sync 1 DAGs
[2024-11-06T08:50:54.811+0000] {logging_mixin.py:154} INFO - [2024-11-06T08:50:54.811+0000] {dag.py:3722} INFO - Setting next_dagrun for tutorial_dag to None, run_after=None
[2024-11-06T08:50:54.818+0000] {processor.py:179} INFO - Processing /home/airflow/.local/lib/python3.8/site-packages/airflow/example_dags/tutorial_dag.py took 0.030 seconds
[2024-11-06T08:51:25.102+0000] {processor.py:157} INFO - Started process (PID=927) to work on /home/airflow/.local/lib/python3.8/site-packages/airflow/example_dags/tutorial_dag.py
[2024-11-06T08:51:25.105+0000] {processor.py:829} INFO - Processing file /home/airflow/.local/lib/python3.8/site-packages/airflow/example_dags/tutorial_dag.py for tasks to queue
[2024-11-06T08:51:25.106+0000] {logging_mixin.py:154} INFO - [2024-11-06T08:51:25.105+0000] {dagbag.py:536} INFO - Filling up the DagBag from /home/airflow/.local/lib/python3.8/site-packages/airflow/example_dags/tutorial_dag.py
[2024-11-06T08:51:25.108+0000] {processor.py:839} INFO - DAG(s) dict_keys(['tutorial_dag']) retrieved from /home/airflow/.local/lib/python3.8/site-packages/airflow/example_dags/tutorial_dag.py
[2024-11-06T08:51:25.118+0000] {logging_mixin.py:154} INFO - [2024-11-06T08:51:25.118+0000] {dag.py:2941} INFO - Sync 1 DAGs
[2024-11-06T08:51:25.123+0000] {logging_mixin.py:154} INFO - [2024-11-06T08:51:25.123+0000] {dag.py:3722} INFO - Setting next_dagrun for tutorial_dag to None, run_after=None
[2024-11-06T08:51:25.131+0000] {processor.py:179} INFO - Processing /home/airflow/.local/lib/python3.8/site-packages/airflow/example_dags/tutorial_dag.py took 0.031 seconds
[2024-11-06T08:51:55.423+0000] {processor.py:157} INFO - Started process (PID=980) to work on /home/airflow/.local/lib/python3.8/site-packages/airflow/example_dags/tutorial_dag.py
[2024-11-06T08:51:55.423+0000] {processor.py:829} INFO - Processing file /home/airflow/.local/lib/python3.8/site-packages/airflow/example_dags/tutorial_dag.py for tasks to queue
[2024-11-06T08:51:55.424+0000] {logging_mixin.py:154} INFO - [2024-11-06T08:51:55.424+0000] {dagbag.py:536} INFO - Filling up the DagBag from /home/airflow/.local/lib/python3.8/site-packages/airflow/example_dags/tutorial_dag.py
[2024-11-06T08:51:55.427+0000] {processor.py:839} INFO - DAG(s) dict_keys(['tutorial_dag']) retrieved from /home/airflow/.local/lib/python3.8/site-packages/airflow/example_dags/tutorial_dag.py
[2024-11-06T08:51:55.437+0000] {logging_mixin.py:154} INFO - [2024-11-06T08:51:55.437+0000] {dag.py:2941} INFO - Sync 1 DAGs
[2024-11-06T08:51:55.443+0000] {logging_mixin.py:154} INFO - [2024-11-06T08:51:55.443+0000] {dag.py:3722} INFO - Setting next_dagrun for tutorial_dag to None, run_after=None
[2024-11-06T08:51:55.450+0000] {processor.py:179} INFO - Processing /home/airflow/.local/lib/python3.8/site-packages/airflow/example_dags/tutorial_dag.py took 0.029 seconds
[2024-11-06T08:52:25.846+0000] {processor.py:157} INFO - Started process (PID=1035) to work on /home/airflow/.local/lib/python3.8/site-packages/airflow/example_dags/tutorial_dag.py
[2024-11-06T08:52:25.847+0000] {processor.py:829} INFO - Processing file /home/airflow/.local/lib/python3.8/site-packages/airflow/example_dags/tutorial_dag.py for tasks to queue
[2024-11-06T08:52:25.848+0000] {logging_mixin.py:154} INFO - [2024-11-06T08:52:25.848+0000] {dagbag.py:536} INFO - Filling up the DagBag from /home/airflow/.local/lib/python3.8/site-packages/airflow/example_dags/tutorial_dag.py
[2024-11-06T08:52:25.851+0000] {processor.py:839} INFO - DAG(s) dict_keys(['tutorial_dag']) retrieved from /home/airflow/.local/lib/python3.8/site-packages/airflow/example_dags/tutorial_dag.py
[2024-11-06T08:52:25.859+0000] {logging_mixin.py:154} INFO - [2024-11-06T08:52:25.859+0000] {dag.py:2941} INFO - Sync 1 DAGs
[2024-11-06T08:52:25.865+0000] {logging_mixin.py:154} INFO - [2024-11-06T08:52:25.865+0000] {dag.py:3722} INFO - Setting next_dagrun for tutorial_dag to None, run_after=None
[2024-11-06T08:52:25.872+0000] {processor.py:179} INFO - Processing /home/airflow/.local/lib/python3.8/site-packages/airflow/example_dags/tutorial_dag.py took 0.027 seconds
[2024-11-06T08:52:56.226+0000] {processor.py:157} INFO - Started process (PID=1089) to work on /home/airflow/.local/lib/python3.8/site-packages/airflow/example_dags/tutorial_dag.py
[2024-11-06T08:52:56.226+0000] {processor.py:829} INFO - Processing file /home/airflow/.local/lib/python3.8/site-packages/airflow/example_dags/tutorial_dag.py for tasks to queue
[2024-11-06T08:52:56.227+0000] {logging_mixin.py:154} INFO - [2024-11-06T08:52:56.227+0000] {dagbag.py:536} INFO - Filling up the DagBag from /home/airflow/.local/lib/python3.8/site-packages/airflow/example_dags/tutorial_dag.py
[2024-11-06T08:52:56.230+0000] {processor.py:839} INFO - DAG(s) dict_keys(['tutorial_dag']) retrieved from /home/airflow/.local/lib/python3.8/site-packages/airflow/example_dags/tutorial_dag.py
[2024-11-06T08:52:56.239+0000] {logging_mixin.py:154} INFO - [2024-11-06T08:52:56.239+0000] {dag.py:2941} INFO - Sync 1 DAGs
[2024-11-06T08:52:56.244+0000] {logging_mixin.py:154} INFO - [2024-11-06T08:52:56.244+0000] {dag.py:3722} INFO - Setting next_dagrun for tutorial_dag to None, run_after=None
[2024-11-06T08:52:56.254+0000] {processor.py:179} INFO - Processing /home/airflow/.local/lib/python3.8/site-packages/airflow/example_dags/tutorial_dag.py took 0.030 seconds
[2024-11-06T08:53:26.733+0000] {processor.py:157} INFO - Started process (PID=1143) to work on /home/airflow/.local/lib/python3.8/site-packages/airflow/example_dags/tutorial_dag.py
[2024-11-06T08:53:26.733+0000] {processor.py:829} INFO - Processing file /home/airflow/.local/lib/python3.8/site-packages/airflow/example_dags/tutorial_dag.py for tasks to queue
[2024-11-06T08:53:26.734+0000] {logging_mixin.py:154} INFO - [2024-11-06T08:53:26.734+0000] {dagbag.py:536} INFO - Filling up the DagBag from /home/airflow/.local/lib/python3.8/site-packages/airflow/example_dags/tutorial_dag.py
[2024-11-06T08:53:26.736+0000] {processor.py:839} INFO - DAG(s) dict_keys(['tutorial_dag']) retrieved from /home/airflow/.local/lib/python3.8/site-packages/airflow/example_dags/tutorial_dag.py
[2024-11-06T08:53:26.744+0000] {logging_mixin.py:154} INFO - [2024-11-06T08:53:26.744+0000] {dag.py:2941} INFO - Sync 1 DAGs
[2024-11-06T08:53:26.750+0000] {logging_mixin.py:154} INFO - [2024-11-06T08:53:26.750+0000] {dag.py:3722} INFO - Setting next_dagrun for tutorial_dag to None, run_after=None
[2024-11-06T08:53:26.757+0000] {processor.py:179} INFO - Processing /home/airflow/.local/lib/python3.8/site-packages/airflow/example_dags/tutorial_dag.py took 0.026 seconds
[2024-11-06T08:53:57.457+0000] {processor.py:157} INFO - Started process (PID=1197) to work on /home/airflow/.local/lib/python3.8/site-packages/airflow/example_dags/tutorial_dag.py
[2024-11-06T08:53:57.460+0000] {processor.py:829} INFO - Processing file /home/airflow/.local/lib/python3.8/site-packages/airflow/example_dags/tutorial_dag.py for tasks to queue
[2024-11-06T08:53:57.461+0000] {logging_mixin.py:154} INFO - [2024-11-06T08:53:57.461+0000] {dagbag.py:536} INFO - Filling up the DagBag from /home/airflow/.local/lib/python3.8/site-packages/airflow/example_dags/tutorial_dag.py
[2024-11-06T08:53:57.463+0000] {processor.py:839} INFO - DAG(s) dict_keys(['tutorial_dag']) retrieved from /home/airflow/.local/lib/python3.8/site-packages/airflow/example_dags/tutorial_dag.py
[2024-11-06T08:53:57.472+0000] {logging_mixin.py:154} INFO - [2024-11-06T08:53:57.472+0000] {dag.py:2941} INFO - Sync 1 DAGs
[2024-11-06T08:53:57.478+0000] {logging_mixin.py:154} INFO - [2024-11-06T08:53:57.478+0000] {dag.py:3722} INFO - Setting next_dagrun for tutorial_dag to None, run_after=None
[2024-11-06T08:53:57.485+0000] {processor.py:179} INFO - Processing /home/airflow/.local/lib/python3.8/site-packages/airflow/example_dags/tutorial_dag.py took 0.029 seconds
[2024-11-06T08:54:27.966+0000] {processor.py:157} INFO - Started process (PID=1251) to work on /home/airflow/.local/lib/python3.8/site-packages/airflow/example_dags/tutorial_dag.py
[2024-11-06T08:54:27.966+0000] {processor.py:829} INFO - Processing file /home/airflow/.local/lib/python3.8/site-packages/airflow/example_dags/tutorial_dag.py for tasks to queue
[2024-11-06T08:54:27.967+0000] {logging_mixin.py:154} INFO - [2024-11-06T08:54:27.967+0000] {dagbag.py:536} INFO - Filling up the DagBag from /home/airflow/.local/lib/python3.8/site-packages/airflow/example_dags/tutorial_dag.py
[2024-11-06T08:54:27.970+0000] {processor.py:839} INFO - DAG(s) dict_keys(['tutorial_dag']) retrieved from /home/airflow/.local/lib/python3.8/site-packages/airflow/example_dags/tutorial_dag.py
[2024-11-06T08:54:27.979+0000] {logging_mixin.py:154} INFO - [2024-11-06T08:54:27.979+0000] {dag.py:2941} INFO - Sync 1 DAGs
[2024-11-06T08:54:27.985+0000] {logging_mixin.py:154} INFO - [2024-11-06T08:54:27.985+0000] {dag.py:3722} INFO - Setting next_dagrun for tutorial_dag to None, run_after=None
[2024-11-06T08:54:27.992+0000] {processor.py:179} INFO - Processing /home/airflow/.local/lib/python3.8/site-packages/airflow/example_dags/tutorial_dag.py took 0.027 seconds
[2024-11-06T08:54:58.762+0000] {processor.py:157} INFO - Started process (PID=1305) to work on /home/airflow/.local/lib/python3.8/site-packages/airflow/example_dags/tutorial_dag.py
[2024-11-06T08:54:58.763+0000] {processor.py:829} INFO - Processing file /home/airflow/.local/lib/python3.8/site-packages/airflow/example_dags/tutorial_dag.py for tasks to queue
[2024-11-06T08:54:58.764+0000] {logging_mixin.py:154} INFO - [2024-11-06T08:54:58.764+0000] {dagbag.py:536} INFO - Filling up the DagBag from /home/airflow/.local/lib/python3.8/site-packages/airflow/example_dags/tutorial_dag.py
[2024-11-06T08:54:58.768+0000] {processor.py:839} INFO - DAG(s) dict_keys(['tutorial_dag']) retrieved from /home/airflow/.local/lib/python3.8/site-packages/airflow/example_dags/tutorial_dag.py
[2024-11-06T08:54:58.776+0000] {logging_mixin.py:154} INFO - [2024-11-06T08:54:58.776+0000] {dag.py:2941} INFO - Sync 1 DAGs
[2024-11-06T08:54:58.781+0000] {logging_mixin.py:154} INFO - [2024-11-06T08:54:58.781+0000] {dag.py:3722} INFO - Setting next_dagrun for tutorial_dag to None, run_after=None
[2024-11-06T08:54:58.788+0000] {processor.py:179} INFO - Processing /home/airflow/.local/lib/python3.8/site-packages/airflow/example_dags/tutorial_dag.py took 0.028 seconds
[2024-11-06T08:55:29.614+0000] {processor.py:157} INFO - Started process (PID=1359) to work on /home/airflow/.local/lib/python3.8/site-packages/airflow/example_dags/tutorial_dag.py
[2024-11-06T08:55:29.615+0000] {processor.py:829} INFO - Processing file /home/airflow/.local/lib/python3.8/site-packages/airflow/example_dags/tutorial_dag.py for tasks to queue
[2024-11-06T08:55:29.617+0000] {logging_mixin.py:154} INFO - [2024-11-06T08:55:29.617+0000] {dagbag.py:536} INFO - Filling up the DagBag from /home/airflow/.local/lib/python3.8/site-packages/airflow/example_dags/tutorial_dag.py
[2024-11-06T08:55:29.620+0000] {processor.py:839} INFO - DAG(s) dict_keys(['tutorial_dag']) retrieved from /home/airflow/.local/lib/python3.8/site-packages/airflow/example_dags/tutorial_dag.py
[2024-11-06T08:55:29.630+0000] {logging_mixin.py:154} INFO - [2024-11-06T08:55:29.630+0000] {dag.py:2941} INFO - Sync 1 DAGs
[2024-11-06T08:55:29.635+0000] {logging_mixin.py:154} INFO - [2024-11-06T08:55:29.635+0000] {dag.py:3722} INFO - Setting next_dagrun for tutorial_dag to None, run_after=None
[2024-11-06T08:55:29.641+0000] {processor.py:179} INFO - Processing /home/airflow/.local/lib/python3.8/site-packages/airflow/example_dags/tutorial_dag.py took 0.029 seconds
[2024-11-06T08:56:00.163+0000] {processor.py:157} INFO - Started process (PID=1413) to work on /home/airflow/.local/lib/python3.8/site-packages/airflow/example_dags/tutorial_dag.py
[2024-11-06T08:56:00.163+0000] {processor.py:829} INFO - Processing file /home/airflow/.local/lib/python3.8/site-packages/airflow/example_dags/tutorial_dag.py for tasks to queue
[2024-11-06T08:56:00.164+0000] {logging_mixin.py:154} INFO - [2024-11-06T08:56:00.164+0000] {dagbag.py:536} INFO - Filling up the DagBag from /home/airflow/.local/lib/python3.8/site-packages/airflow/example_dags/tutorial_dag.py
[2024-11-06T08:56:00.167+0000] {processor.py:839} INFO - DAG(s) dict_keys(['tutorial_dag']) retrieved from /home/airflow/.local/lib/python3.8/site-packages/airflow/example_dags/tutorial_dag.py
[2024-11-06T08:56:00.176+0000] {logging_mixin.py:154} INFO - [2024-11-06T08:56:00.176+0000] {dag.py:2941} INFO - Sync 1 DAGs
[2024-11-06T08:56:00.182+0000] {logging_mixin.py:154} INFO - [2024-11-06T08:56:00.181+0000] {dag.py:3722} INFO - Setting next_dagrun for tutorial_dag to None, run_after=None
[2024-11-06T08:56:00.189+0000] {processor.py:179} INFO - Processing /home/airflow/.local/lib/python3.8/site-packages/airflow/example_dags/tutorial_dag.py took 0.028 seconds
[2024-11-06T08:56:30.479+0000] {processor.py:157} INFO - Started process (PID=1467) to work on /home/airflow/.local/lib/python3.8/site-packages/airflow/example_dags/tutorial_dag.py
[2024-11-06T08:56:30.482+0000] {processor.py:829} INFO - Processing file /home/airflow/.local/lib/python3.8/site-packages/airflow/example_dags/tutorial_dag.py for tasks to queue
[2024-11-06T08:56:30.483+0000] {logging_mixin.py:154} INFO - [2024-11-06T08:56:30.483+0000] {dagbag.py:536} INFO - Filling up the DagBag from /home/airflow/.local/lib/python3.8/site-packages/airflow/example_dags/tutorial_dag.py
[2024-11-06T08:56:30.485+0000] {processor.py:839} INFO - DAG(s) dict_keys(['tutorial_dag']) retrieved from /home/airflow/.local/lib/python3.8/site-packages/airflow/example_dags/tutorial_dag.py
[2024-11-06T08:56:30.494+0000] {logging_mixin.py:154} INFO - [2024-11-06T08:56:30.494+0000] {dag.py:2941} INFO - Sync 1 DAGs
[2024-11-06T08:56:30.500+0000] {logging_mixin.py:154} INFO - [2024-11-06T08:56:30.500+0000] {dag.py:3722} INFO - Setting next_dagrun for tutorial_dag to None, run_after=None
[2024-11-06T08:56:30.507+0000] {processor.py:179} INFO - Processing /home/airflow/.local/lib/python3.8/site-packages/airflow/example_dags/tutorial_dag.py took 0.029 seconds
[2024-11-06T08:57:01.533+0000] {processor.py:157} INFO - Started process (PID=1521) to work on /home/airflow/.local/lib/python3.8/site-packages/airflow/example_dags/tutorial_dag.py
[2024-11-06T08:57:01.534+0000] {processor.py:829} INFO - Processing file /home/airflow/.local/lib/python3.8/site-packages/airflow/example_dags/tutorial_dag.py for tasks to queue
[2024-11-06T08:57:01.537+0000] {logging_mixin.py:154} INFO - [2024-11-06T08:57:01.537+0000] {dagbag.py:536} INFO - Filling up the DagBag from /home/airflow/.local/lib/python3.8/site-packages/airflow/example_dags/tutorial_dag.py
[2024-11-06T08:57:01.540+0000] {processor.py:839} INFO - DAG(s) dict_keys(['tutorial_dag']) retrieved from /home/airflow/.local/lib/python3.8/site-packages/airflow/example_dags/tutorial_dag.py
[2024-11-06T08:57:01.549+0000] {logging_mixin.py:154} INFO - [2024-11-06T08:57:01.549+0000] {dag.py:2941} INFO - Sync 1 DAGs
[2024-11-06T08:57:01.631+0000] {logging_mixin.py:154} INFO - [2024-11-06T08:57:01.631+0000] {dag.py:3722} INFO - Setting next_dagrun for tutorial_dag to None, run_after=None
[2024-11-06T08:57:01.640+0000] {processor.py:179} INFO - Processing /home/airflow/.local/lib/python3.8/site-packages/airflow/example_dags/tutorial_dag.py took 0.109 seconds
[2024-11-06T08:57:31.662+0000] {processor.py:157} INFO - Started process (PID=1575) to work on /home/airflow/.local/lib/python3.8/site-packages/airflow/example_dags/tutorial_dag.py
[2024-11-06T08:57:31.663+0000] {processor.py:829} INFO - Processing file /home/airflow/.local/lib/python3.8/site-packages/airflow/example_dags/tutorial_dag.py for tasks to queue
[2024-11-06T08:57:31.663+0000] {logging_mixin.py:154} INFO - [2024-11-06T08:57:31.663+0000] {dagbag.py:536} INFO - Filling up the DagBag from /home/airflow/.local/lib/python3.8/site-packages/airflow/example_dags/tutorial_dag.py
[2024-11-06T08:57:31.666+0000] {processor.py:839} INFO - DAG(s) dict_keys(['tutorial_dag']) retrieved from /home/airflow/.local/lib/python3.8/site-packages/airflow/example_dags/tutorial_dag.py
[2024-11-06T08:57:31.674+0000] {logging_mixin.py:154} INFO - [2024-11-06T08:57:31.674+0000] {dag.py:2941} INFO - Sync 1 DAGs
[2024-11-06T08:57:31.679+0000] {logging_mixin.py:154} INFO - [2024-11-06T08:57:31.679+0000] {dag.py:3722} INFO - Setting next_dagrun for tutorial_dag to None, run_after=None
[2024-11-06T08:57:31.686+0000] {processor.py:179} INFO - Processing /home/airflow/.local/lib/python3.8/site-packages/airflow/example_dags/tutorial_dag.py took 0.026 seconds
[2024-11-06T08:58:02.214+0000] {processor.py:157} INFO - Started process (PID=1628) to work on /home/airflow/.local/lib/python3.8/site-packages/airflow/example_dags/tutorial_dag.py
[2024-11-06T08:58:02.216+0000] {processor.py:829} INFO - Processing file /home/airflow/.local/lib/python3.8/site-packages/airflow/example_dags/tutorial_dag.py for tasks to queue
[2024-11-06T08:58:02.217+0000] {logging_mixin.py:154} INFO - [2024-11-06T08:58:02.217+0000] {dagbag.py:536} INFO - Filling up the DagBag from /home/airflow/.local/lib/python3.8/site-packages/airflow/example_dags/tutorial_dag.py
[2024-11-06T08:58:02.220+0000] {processor.py:839} INFO - DAG(s) dict_keys(['tutorial_dag']) retrieved from /home/airflow/.local/lib/python3.8/site-packages/airflow/example_dags/tutorial_dag.py
[2024-11-06T08:58:02.229+0000] {logging_mixin.py:154} INFO - [2024-11-06T08:58:02.229+0000] {dag.py:2941} INFO - Sync 1 DAGs
[2024-11-06T08:58:02.235+0000] {logging_mixin.py:154} INFO - [2024-11-06T08:58:02.235+0000] {dag.py:3722} INFO - Setting next_dagrun for tutorial_dag to None, run_after=None
[2024-11-06T08:58:02.242+0000] {processor.py:179} INFO - Processing /home/airflow/.local/lib/python3.8/site-packages/airflow/example_dags/tutorial_dag.py took 0.030 seconds
[2024-11-06T08:58:33.133+0000] {processor.py:157} INFO - Started process (PID=1682) to work on /home/airflow/.local/lib/python3.8/site-packages/airflow/example_dags/tutorial_dag.py
[2024-11-06T08:58:33.136+0000] {processor.py:829} INFO - Processing file /home/airflow/.local/lib/python3.8/site-packages/airflow/example_dags/tutorial_dag.py for tasks to queue
[2024-11-06T08:58:33.137+0000] {logging_mixin.py:154} INFO - [2024-11-06T08:58:33.137+0000] {dagbag.py:536} INFO - Filling up the DagBag from /home/airflow/.local/lib/python3.8/site-packages/airflow/example_dags/tutorial_dag.py
[2024-11-06T08:58:33.139+0000] {processor.py:839} INFO - DAG(s) dict_keys(['tutorial_dag']) retrieved from /home/airflow/.local/lib/python3.8/site-packages/airflow/example_dags/tutorial_dag.py
[2024-11-06T08:58:33.147+0000] {logging_mixin.py:154} INFO - [2024-11-06T08:58:33.147+0000] {dag.py:2941} INFO - Sync 1 DAGs
[2024-11-06T08:58:33.229+0000] {logging_mixin.py:154} INFO - [2024-11-06T08:58:33.229+0000] {dag.py:3722} INFO - Setting next_dagrun for tutorial_dag to None, run_after=None
[2024-11-06T08:58:33.235+0000] {processor.py:179} INFO - Processing /home/airflow/.local/lib/python3.8/site-packages/airflow/example_dags/tutorial_dag.py took 0.104 seconds
[2024-11-06T09:17:56.472+0000] {processor.py:157} INFO - Started process (PID=1727) to work on /home/airflow/.local/lib/python3.8/site-packages/airflow/example_dags/tutorial_dag.py
[2024-11-06T09:17:56.474+0000] {processor.py:829} INFO - Processing file /home/airflow/.local/lib/python3.8/site-packages/airflow/example_dags/tutorial_dag.py for tasks to queue
[2024-11-06T09:17:56.476+0000] {logging_mixin.py:154} INFO - [2024-11-06T09:17:56.475+0000] {dagbag.py:536} INFO - Filling up the DagBag from /home/airflow/.local/lib/python3.8/site-packages/airflow/example_dags/tutorial_dag.py
[2024-11-06T09:17:56.478+0000] {processor.py:839} INFO - DAG(s) dict_keys(['tutorial_dag']) retrieved from /home/airflow/.local/lib/python3.8/site-packages/airflow/example_dags/tutorial_dag.py
[2024-11-06T09:17:56.487+0000] {logging_mixin.py:154} INFO - [2024-11-06T09:17:56.487+0000] {dag.py:2941} INFO - Sync 1 DAGs
[2024-11-06T09:17:56.492+0000] {logging_mixin.py:154} INFO - [2024-11-06T09:17:56.492+0000] {dag.py:3722} INFO - Setting next_dagrun for tutorial_dag to None, run_after=None
[2024-11-06T09:17:56.499+0000] {processor.py:179} INFO - Processing /home/airflow/.local/lib/python3.8/site-packages/airflow/example_dags/tutorial_dag.py took 0.029 seconds
[2024-11-06T09:29:43.412+0000] {processor.py:157} INFO - Started process (PID=1781) to work on /home/airflow/.local/lib/python3.8/site-packages/airflow/example_dags/tutorial_dag.py
[2024-11-06T09:29:43.412+0000] {processor.py:829} INFO - Processing file /home/airflow/.local/lib/python3.8/site-packages/airflow/example_dags/tutorial_dag.py for tasks to queue
[2024-11-06T09:29:43.414+0000] {logging_mixin.py:154} INFO - [2024-11-06T09:29:43.414+0000] {dagbag.py:536} INFO - Filling up the DagBag from /home/airflow/.local/lib/python3.8/site-packages/airflow/example_dags/tutorial_dag.py
[2024-11-06T09:29:43.416+0000] {processor.py:839} INFO - DAG(s) dict_keys(['tutorial_dag']) retrieved from /home/airflow/.local/lib/python3.8/site-packages/airflow/example_dags/tutorial_dag.py
[2024-11-06T09:29:43.430+0000] {logging_mixin.py:154} INFO - [2024-11-06T09:29:43.429+0000] {dag.py:2941} INFO - Sync 1 DAGs
[2024-11-06T09:29:43.434+0000] {logging_mixin.py:154} INFO - [2024-11-06T09:29:43.434+0000] {dag.py:3722} INFO - Setting next_dagrun for tutorial_dag to None, run_after=None
[2024-11-06T09:29:43.445+0000] {processor.py:179} INFO - Processing /home/airflow/.local/lib/python3.8/site-packages/airflow/example_dags/tutorial_dag.py took 0.034 seconds
[2024-11-06T10:28:12.866+0000] {processor.py:157} INFO - Started process (PID=1835) to work on /home/airflow/.local/lib/python3.8/site-packages/airflow/example_dags/tutorial_dag.py
[2024-11-06T10:28:12.868+0000] {processor.py:829} INFO - Processing file /home/airflow/.local/lib/python3.8/site-packages/airflow/example_dags/tutorial_dag.py for tasks to queue
[2024-11-06T10:28:12.870+0000] {logging_mixin.py:154} INFO - [2024-11-06T10:28:12.869+0000] {dagbag.py:536} INFO - Filling up the DagBag from /home/airflow/.local/lib/python3.8/site-packages/airflow/example_dags/tutorial_dag.py
[2024-11-06T10:28:12.873+0000] {processor.py:839} INFO - DAG(s) dict_keys(['tutorial_dag']) retrieved from /home/airflow/.local/lib/python3.8/site-packages/airflow/example_dags/tutorial_dag.py
[2024-11-06T10:28:12.894+0000] {logging_mixin.py:154} INFO - [2024-11-06T10:28:12.894+0000] {dag.py:2941} INFO - Sync 1 DAGs
[2024-11-06T10:28:12.907+0000] {logging_mixin.py:154} INFO - [2024-11-06T10:28:12.906+0000] {dag.py:3722} INFO - Setting next_dagrun for tutorial_dag to None, run_after=None
[2024-11-06T10:28:12.928+0000] {processor.py:179} INFO - Processing /home/airflow/.local/lib/python3.8/site-packages/airflow/example_dags/tutorial_dag.py took 0.064 seconds
[2024-11-06T11:31:03.082+0000] {processor.py:157} INFO - Started process (PID=1889) to work on /home/airflow/.local/lib/python3.8/site-packages/airflow/example_dags/tutorial_dag.py
[2024-11-06T11:31:03.085+0000] {processor.py:829} INFO - Processing file /home/airflow/.local/lib/python3.8/site-packages/airflow/example_dags/tutorial_dag.py for tasks to queue
[2024-11-06T11:31:03.087+0000] {logging_mixin.py:154} INFO - [2024-11-06T11:31:03.087+0000] {dagbag.py:536} INFO - Filling up the DagBag from /home/airflow/.local/lib/python3.8/site-packages/airflow/example_dags/tutorial_dag.py
[2024-11-06T11:31:03.092+0000] {processor.py:839} INFO - DAG(s) dict_keys(['tutorial_dag']) retrieved from /home/airflow/.local/lib/python3.8/site-packages/airflow/example_dags/tutorial_dag.py
[2024-11-06T11:31:03.110+0000] {logging_mixin.py:154} INFO - [2024-11-06T11:31:03.110+0000] {dag.py:2941} INFO - Sync 1 DAGs
[2024-11-06T11:31:03.123+0000] {logging_mixin.py:154} INFO - [2024-11-06T11:31:03.123+0000] {dag.py:3722} INFO - Setting next_dagrun for tutorial_dag to None, run_after=None
[2024-11-06T11:31:03.141+0000] {processor.py:179} INFO - Processing /home/airflow/.local/lib/python3.8/site-packages/airflow/example_dags/tutorial_dag.py took 0.062 seconds
[2024-11-06T11:59:49.816+0000] {processor.py:157} INFO - Started process (PID=1943) to work on /home/airflow/.local/lib/python3.8/site-packages/airflow/example_dags/tutorial_dag.py
[2024-11-06T11:59:49.818+0000] {processor.py:829} INFO - Processing file /home/airflow/.local/lib/python3.8/site-packages/airflow/example_dags/tutorial_dag.py for tasks to queue
[2024-11-06T11:59:49.821+0000] {logging_mixin.py:154} INFO - [2024-11-06T11:59:49.820+0000] {dagbag.py:536} INFO - Filling up the DagBag from /home/airflow/.local/lib/python3.8/site-packages/airflow/example_dags/tutorial_dag.py
[2024-11-06T11:59:49.825+0000] {processor.py:839} INFO - DAG(s) dict_keys(['tutorial_dag']) retrieved from /home/airflow/.local/lib/python3.8/site-packages/airflow/example_dags/tutorial_dag.py
[2024-11-06T11:59:49.848+0000] {logging_mixin.py:154} INFO - [2024-11-06T11:59:49.848+0000] {dag.py:2941} INFO - Sync 1 DAGs
[2024-11-06T11:59:49.858+0000] {logging_mixin.py:154} INFO - [2024-11-06T11:59:49.858+0000] {dag.py:3722} INFO - Setting next_dagrun for tutorial_dag to None, run_after=None
[2024-11-06T11:59:49.882+0000] {processor.py:179} INFO - Processing /home/airflow/.local/lib/python3.8/site-packages/airflow/example_dags/tutorial_dag.py took 0.069 seconds
[2024-11-06T12:50:46.961+0000] {processor.py:157} INFO - Started process (PID=1997) to work on /home/airflow/.local/lib/python3.8/site-packages/airflow/example_dags/tutorial_dag.py
[2024-11-06T12:50:46.963+0000] {processor.py:829} INFO - Processing file /home/airflow/.local/lib/python3.8/site-packages/airflow/example_dags/tutorial_dag.py for tasks to queue
[2024-11-06T12:50:46.965+0000] {logging_mixin.py:154} INFO - [2024-11-06T12:50:46.965+0000] {dagbag.py:536} INFO - Filling up the DagBag from /home/airflow/.local/lib/python3.8/site-packages/airflow/example_dags/tutorial_dag.py
[2024-11-06T12:50:46.967+0000] {processor.py:839} INFO - DAG(s) dict_keys(['tutorial_dag']) retrieved from /home/airflow/.local/lib/python3.8/site-packages/airflow/example_dags/tutorial_dag.py
[2024-11-06T12:50:46.979+0000] {logging_mixin.py:154} INFO - [2024-11-06T12:50:46.979+0000] {dag.py:2941} INFO - Sync 1 DAGs
[2024-11-06T12:50:46.987+0000] {logging_mixin.py:154} INFO - [2024-11-06T12:50:46.987+0000] {dag.py:3722} INFO - Setting next_dagrun for tutorial_dag to None, run_after=None
[2024-11-06T12:50:46.998+0000] {processor.py:179} INFO - Processing /home/airflow/.local/lib/python3.8/site-packages/airflow/example_dags/tutorial_dag.py took 0.038 seconds
[2024-11-06T12:52:35.153+0000] {processor.py:157} INFO - Started process (PID=2051) to work on /home/airflow/.local/lib/python3.8/site-packages/airflow/example_dags/tutorial_dag.py
[2024-11-06T12:52:35.155+0000] {processor.py:829} INFO - Processing file /home/airflow/.local/lib/python3.8/site-packages/airflow/example_dags/tutorial_dag.py for tasks to queue
[2024-11-06T12:52:35.157+0000] {logging_mixin.py:154} INFO - [2024-11-06T12:52:35.157+0000] {dagbag.py:536} INFO - Filling up the DagBag from /home/airflow/.local/lib/python3.8/site-packages/airflow/example_dags/tutorial_dag.py
[2024-11-06T12:52:35.160+0000] {processor.py:839} INFO - DAG(s) dict_keys(['tutorial_dag']) retrieved from /home/airflow/.local/lib/python3.8/site-packages/airflow/example_dags/tutorial_dag.py
[2024-11-06T12:52:35.176+0000] {logging_mixin.py:154} INFO - [2024-11-06T12:52:35.176+0000] {dag.py:2941} INFO - Sync 1 DAGs
[2024-11-06T12:52:35.182+0000] {logging_mixin.py:154} INFO - [2024-11-06T12:52:35.182+0000] {dag.py:3722} INFO - Setting next_dagrun for tutorial_dag to None, run_after=None
[2024-11-06T12:52:35.191+0000] {processor.py:179} INFO - Processing /home/airflow/.local/lib/python3.8/site-packages/airflow/example_dags/tutorial_dag.py took 0.040 seconds
[2024-11-06T13:07:16.514+0000] {processor.py:157} INFO - Started process (PID=2105) to work on /home/airflow/.local/lib/python3.8/site-packages/airflow/example_dags/tutorial_dag.py
[2024-11-06T13:07:16.514+0000] {processor.py:829} INFO - Processing file /home/airflow/.local/lib/python3.8/site-packages/airflow/example_dags/tutorial_dag.py for tasks to queue
[2024-11-06T13:07:16.515+0000] {logging_mixin.py:154} INFO - [2024-11-06T13:07:16.515+0000] {dagbag.py:536} INFO - Filling up the DagBag from /home/airflow/.local/lib/python3.8/site-packages/airflow/example_dags/tutorial_dag.py
[2024-11-06T13:07:16.518+0000] {processor.py:839} INFO - DAG(s) dict_keys(['tutorial_dag']) retrieved from /home/airflow/.local/lib/python3.8/site-packages/airflow/example_dags/tutorial_dag.py
[2024-11-06T13:07:16.528+0000] {logging_mixin.py:154} INFO - [2024-11-06T13:07:16.528+0000] {dag.py:2941} INFO - Sync 1 DAGs
[2024-11-06T13:07:16.534+0000] {logging_mixin.py:154} INFO - [2024-11-06T13:07:16.533+0000] {dag.py:3722} INFO - Setting next_dagrun for tutorial_dag to None, run_after=None
[2024-11-06T13:07:16.544+0000] {processor.py:179} INFO - Processing /home/airflow/.local/lib/python3.8/site-packages/airflow/example_dags/tutorial_dag.py took 0.032 seconds
[2024-11-06T13:47:31.150+0000] {processor.py:157} INFO - Started process (PID=2159) to work on /home/airflow/.local/lib/python3.8/site-packages/airflow/example_dags/tutorial_dag.py
[2024-11-06T13:47:31.151+0000] {processor.py:829} INFO - Processing file /home/airflow/.local/lib/python3.8/site-packages/airflow/example_dags/tutorial_dag.py for tasks to queue
[2024-11-06T13:47:31.155+0000] {logging_mixin.py:154} INFO - [2024-11-06T13:47:31.155+0000] {dagbag.py:536} INFO - Filling up the DagBag from /home/airflow/.local/lib/python3.8/site-packages/airflow/example_dags/tutorial_dag.py
[2024-11-06T13:47:31.162+0000] {processor.py:839} INFO - DAG(s) dict_keys(['tutorial_dag']) retrieved from /home/airflow/.local/lib/python3.8/site-packages/airflow/example_dags/tutorial_dag.py
[2024-11-06T13:47:31.183+0000] {logging_mixin.py:154} INFO - [2024-11-06T13:47:31.183+0000] {dag.py:2941} INFO - Sync 1 DAGs
[2024-11-06T13:47:31.195+0000] {logging_mixin.py:154} INFO - [2024-11-06T13:47:31.195+0000] {dag.py:3722} INFO - Setting next_dagrun for tutorial_dag to None, run_after=None
[2024-11-06T13:47:31.213+0000] {processor.py:179} INFO - Processing /home/airflow/.local/lib/python3.8/site-packages/airflow/example_dags/tutorial_dag.py took 0.066 seconds
[2024-11-06T13:55:16.974+0000] {processor.py:157} INFO - Started process (PID=2213) to work on /home/airflow/.local/lib/python3.8/site-packages/airflow/example_dags/tutorial_dag.py
[2024-11-06T13:55:16.978+0000] {processor.py:829} INFO - Processing file /home/airflow/.local/lib/python3.8/site-packages/airflow/example_dags/tutorial_dag.py for tasks to queue
[2024-11-06T13:55:16.981+0000] {logging_mixin.py:154} INFO - [2024-11-06T13:55:16.981+0000] {dagbag.py:536} INFO - Filling up the DagBag from /home/airflow/.local/lib/python3.8/site-packages/airflow/example_dags/tutorial_dag.py
[2024-11-06T13:55:16.985+0000] {processor.py:839} INFO - DAG(s) dict_keys(['tutorial_dag']) retrieved from /home/airflow/.local/lib/python3.8/site-packages/airflow/example_dags/tutorial_dag.py
[2024-11-06T13:55:17.005+0000] {logging_mixin.py:154} INFO - [2024-11-06T13:55:17.004+0000] {dag.py:2941} INFO - Sync 1 DAGs
[2024-11-06T13:55:17.016+0000] {logging_mixin.py:154} INFO - [2024-11-06T13:55:17.016+0000] {dag.py:3722} INFO - Setting next_dagrun for tutorial_dag to None, run_after=None
[2024-11-06T13:55:17.045+0000] {processor.py:179} INFO - Processing /home/airflow/.local/lib/python3.8/site-packages/airflow/example_dags/tutorial_dag.py took 0.076 seconds
[2024-11-06T14:00:21.244+0000] {processor.py:157} INFO - Started process (PID=2267) to work on /home/airflow/.local/lib/python3.8/site-packages/airflow/example_dags/tutorial_dag.py
[2024-11-06T14:00:21.245+0000] {processor.py:829} INFO - Processing file /home/airflow/.local/lib/python3.8/site-packages/airflow/example_dags/tutorial_dag.py for tasks to queue
[2024-11-06T14:00:21.246+0000] {logging_mixin.py:154} INFO - [2024-11-06T14:00:21.246+0000] {dagbag.py:536} INFO - Filling up the DagBag from /home/airflow/.local/lib/python3.8/site-packages/airflow/example_dags/tutorial_dag.py
[2024-11-06T14:00:21.248+0000] {processor.py:839} INFO - DAG(s) dict_keys(['tutorial_dag']) retrieved from /home/airflow/.local/lib/python3.8/site-packages/airflow/example_dags/tutorial_dag.py
[2024-11-06T14:00:21.257+0000] {logging_mixin.py:154} INFO - [2024-11-06T14:00:21.257+0000] {dag.py:2941} INFO - Sync 1 DAGs
[2024-11-06T14:00:21.264+0000] {logging_mixin.py:154} INFO - [2024-11-06T14:00:21.264+0000] {dag.py:3722} INFO - Setting next_dagrun for tutorial_dag to None, run_after=None
[2024-11-06T14:00:21.272+0000] {processor.py:179} INFO - Processing /home/airflow/.local/lib/python3.8/site-packages/airflow/example_dags/tutorial_dag.py took 0.030 seconds
[2024-11-06T14:05:41.761+0000] {processor.py:157} INFO - Started process (PID=2321) to work on /home/airflow/.local/lib/python3.8/site-packages/airflow/example_dags/tutorial_dag.py
[2024-11-06T14:05:41.762+0000] {processor.py:829} INFO - Processing file /home/airflow/.local/lib/python3.8/site-packages/airflow/example_dags/tutorial_dag.py for tasks to queue
[2024-11-06T14:05:41.765+0000] {logging_mixin.py:154} INFO - [2024-11-06T14:05:41.764+0000] {dagbag.py:536} INFO - Filling up the DagBag from /home/airflow/.local/lib/python3.8/site-packages/airflow/example_dags/tutorial_dag.py
[2024-11-06T14:05:41.770+0000] {processor.py:839} INFO - DAG(s) dict_keys(['tutorial_dag']) retrieved from /home/airflow/.local/lib/python3.8/site-packages/airflow/example_dags/tutorial_dag.py
[2024-11-06T14:05:41.788+0000] {logging_mixin.py:154} INFO - [2024-11-06T14:05:41.788+0000] {dag.py:2941} INFO - Sync 1 DAGs
[2024-11-06T14:05:41.802+0000] {logging_mixin.py:154} INFO - [2024-11-06T14:05:41.802+0000] {dag.py:3722} INFO - Setting next_dagrun for tutorial_dag to None, run_after=None
[2024-11-06T14:05:41.821+0000] {processor.py:179} INFO - Processing /home/airflow/.local/lib/python3.8/site-packages/airflow/example_dags/tutorial_dag.py took 0.063 seconds
[2024-11-06T14:09:55.785+0000] {processor.py:157} INFO - Started process (PID=2375) to work on /home/airflow/.local/lib/python3.8/site-packages/airflow/example_dags/tutorial_dag.py
[2024-11-06T14:09:55.789+0000] {processor.py:829} INFO - Processing file /home/airflow/.local/lib/python3.8/site-packages/airflow/example_dags/tutorial_dag.py for tasks to queue
[2024-11-06T14:09:55.792+0000] {logging_mixin.py:154} INFO - [2024-11-06T14:09:55.792+0000] {dagbag.py:536} INFO - Filling up the DagBag from /home/airflow/.local/lib/python3.8/site-packages/airflow/example_dags/tutorial_dag.py
[2024-11-06T14:09:55.799+0000] {processor.py:839} INFO - DAG(s) dict_keys(['tutorial_dag']) retrieved from /home/airflow/.local/lib/python3.8/site-packages/airflow/example_dags/tutorial_dag.py
[2024-11-06T14:09:55.828+0000] {logging_mixin.py:154} INFO - [2024-11-06T14:09:55.828+0000] {dag.py:2941} INFO - Sync 1 DAGs
[2024-11-06T14:09:55.842+0000] {logging_mixin.py:154} INFO - [2024-11-06T14:09:55.842+0000] {dag.py:3722} INFO - Setting next_dagrun for tutorial_dag to None, run_after=None
[2024-11-06T14:09:55.866+0000] {processor.py:179} INFO - Processing /home/airflow/.local/lib/python3.8/site-packages/airflow/example_dags/tutorial_dag.py took 0.087 seconds
[2024-11-06T14:16:57.239+0000] {processor.py:157} INFO - Started process (PID=2429) to work on /home/airflow/.local/lib/python3.8/site-packages/airflow/example_dags/tutorial_dag.py
[2024-11-06T14:16:57.242+0000] {processor.py:829} INFO - Processing file /home/airflow/.local/lib/python3.8/site-packages/airflow/example_dags/tutorial_dag.py for tasks to queue
[2024-11-06T14:16:57.244+0000] {logging_mixin.py:154} INFO - [2024-11-06T14:16:57.243+0000] {dagbag.py:536} INFO - Filling up the DagBag from /home/airflow/.local/lib/python3.8/site-packages/airflow/example_dags/tutorial_dag.py
[2024-11-06T14:16:57.246+0000] {processor.py:839} INFO - DAG(s) dict_keys(['tutorial_dag']) retrieved from /home/airflow/.local/lib/python3.8/site-packages/airflow/example_dags/tutorial_dag.py
[2024-11-06T14:16:57.259+0000] {logging_mixin.py:154} INFO - [2024-11-06T14:16:57.259+0000] {dag.py:2941} INFO - Sync 1 DAGs
[2024-11-06T14:16:57.264+0000] {logging_mixin.py:154} INFO - [2024-11-06T14:16:57.264+0000] {dag.py:3722} INFO - Setting next_dagrun for tutorial_dag to None, run_after=None
[2024-11-06T14:16:57.276+0000] {processor.py:179} INFO - Processing /home/airflow/.local/lib/python3.8/site-packages/airflow/example_dags/tutorial_dag.py took 0.039 seconds
[2024-11-06T14:23:14.797+0000] {processor.py:157} INFO - Started process (PID=2483) to work on /home/airflow/.local/lib/python3.8/site-packages/airflow/example_dags/tutorial_dag.py
[2024-11-06T14:23:14.800+0000] {processor.py:829} INFO - Processing file /home/airflow/.local/lib/python3.8/site-packages/airflow/example_dags/tutorial_dag.py for tasks to queue
[2024-11-06T14:23:14.803+0000] {logging_mixin.py:154} INFO - [2024-11-06T14:23:14.802+0000] {dagbag.py:536} INFO - Filling up the DagBag from /home/airflow/.local/lib/python3.8/site-packages/airflow/example_dags/tutorial_dag.py
[2024-11-06T14:23:14.808+0000] {processor.py:839} INFO - DAG(s) dict_keys(['tutorial_dag']) retrieved from /home/airflow/.local/lib/python3.8/site-packages/airflow/example_dags/tutorial_dag.py
[2024-11-06T14:23:14.829+0000] {logging_mixin.py:154} INFO - [2024-11-06T14:23:14.829+0000] {dag.py:2941} INFO - Sync 1 DAGs
[2024-11-06T14:23:14.839+0000] {logging_mixin.py:154} INFO - [2024-11-06T14:23:14.838+0000] {dag.py:3722} INFO - Setting next_dagrun for tutorial_dag to None, run_after=None
[2024-11-06T14:23:14.859+0000] {processor.py:179} INFO - Processing /home/airflow/.local/lib/python3.8/site-packages/airflow/example_dags/tutorial_dag.py took 0.066 seconds
[2024-11-06T14:31:01.294+0000] {processor.py:157} INFO - Started process (PID=2536) to work on /home/airflow/.local/lib/python3.8/site-packages/airflow/example_dags/tutorial_dag.py
[2024-11-06T14:31:01.295+0000] {processor.py:829} INFO - Processing file /home/airflow/.local/lib/python3.8/site-packages/airflow/example_dags/tutorial_dag.py for tasks to queue
[2024-11-06T14:31:01.298+0000] {logging_mixin.py:154} INFO - [2024-11-06T14:31:01.298+0000] {dagbag.py:536} INFO - Filling up the DagBag from /home/airflow/.local/lib/python3.8/site-packages/airflow/example_dags/tutorial_dag.py
[2024-11-06T14:31:01.307+0000] {processor.py:839} INFO - DAG(s) dict_keys(['tutorial_dag']) retrieved from /home/airflow/.local/lib/python3.8/site-packages/airflow/example_dags/tutorial_dag.py
[2024-11-06T14:31:01.341+0000] {logging_mixin.py:154} INFO - [2024-11-06T14:31:01.341+0000] {dag.py:2941} INFO - Sync 1 DAGs
[2024-11-06T14:31:01.361+0000] {logging_mixin.py:154} INFO - [2024-11-06T14:31:01.361+0000] {dag.py:3722} INFO - Setting next_dagrun for tutorial_dag to None, run_after=None
[2024-11-06T14:31:01.389+0000] {processor.py:179} INFO - Processing /home/airflow/.local/lib/python3.8/site-packages/airflow/example_dags/tutorial_dag.py took 0.101 seconds
[2024-11-06T14:36:36.087+0000] {processor.py:157} INFO - Started process (PID=2589) to work on /home/airflow/.local/lib/python3.8/site-packages/airflow/example_dags/tutorial_dag.py
[2024-11-06T14:36:36.089+0000] {processor.py:829} INFO - Processing file /home/airflow/.local/lib/python3.8/site-packages/airflow/example_dags/tutorial_dag.py for tasks to queue
[2024-11-06T14:36:36.091+0000] {logging_mixin.py:154} INFO - [2024-11-06T14:36:36.091+0000] {dagbag.py:536} INFO - Filling up the DagBag from /home/airflow/.local/lib/python3.8/site-packages/airflow/example_dags/tutorial_dag.py
[2024-11-06T14:36:36.096+0000] {processor.py:839} INFO - DAG(s) dict_keys(['tutorial_dag']) retrieved from /home/airflow/.local/lib/python3.8/site-packages/airflow/example_dags/tutorial_dag.py
[2024-11-06T14:36:36.115+0000] {logging_mixin.py:154} INFO - [2024-11-06T14:36:36.115+0000] {dag.py:2941} INFO - Sync 1 DAGs
[2024-11-06T14:36:36.127+0000] {logging_mixin.py:154} INFO - [2024-11-06T14:36:36.127+0000] {dag.py:3722} INFO - Setting next_dagrun for tutorial_dag to None, run_after=None
[2024-11-06T14:36:36.151+0000] {processor.py:179} INFO - Processing /home/airflow/.local/lib/python3.8/site-packages/airflow/example_dags/tutorial_dag.py took 0.067 seconds
[2024-11-06T15:02:52.115+0000] {processor.py:157} INFO - Started process (PID=2643) to work on /home/airflow/.local/lib/python3.8/site-packages/airflow/example_dags/tutorial_dag.py
[2024-11-06T15:02:52.116+0000] {processor.py:829} INFO - Processing file /home/airflow/.local/lib/python3.8/site-packages/airflow/example_dags/tutorial_dag.py for tasks to queue
[2024-11-06T15:02:52.118+0000] {logging_mixin.py:154} INFO - [2024-11-06T15:02:52.118+0000] {dagbag.py:536} INFO - Filling up the DagBag from /home/airflow/.local/lib/python3.8/site-packages/airflow/example_dags/tutorial_dag.py
[2024-11-06T15:02:52.121+0000] {processor.py:839} INFO - DAG(s) dict_keys(['tutorial_dag']) retrieved from /home/airflow/.local/lib/python3.8/site-packages/airflow/example_dags/tutorial_dag.py
[2024-11-06T15:02:52.132+0000] {logging_mixin.py:154} INFO - [2024-11-06T15:02:52.132+0000] {dag.py:2941} INFO - Sync 1 DAGs
[2024-11-06T15:02:52.137+0000] {logging_mixin.py:154} INFO - [2024-11-06T15:02:52.137+0000] {dag.py:3722} INFO - Setting next_dagrun for tutorial_dag to None, run_after=None
[2024-11-06T15:02:52.144+0000] {processor.py:179} INFO - Processing /home/airflow/.local/lib/python3.8/site-packages/airflow/example_dags/tutorial_dag.py took 0.030 seconds
[2024-11-06T15:37:16.634+0000] {processor.py:157} INFO - Started process (PID=2697) to work on /home/airflow/.local/lib/python3.8/site-packages/airflow/example_dags/tutorial_dag.py
[2024-11-06T15:37:16.637+0000] {processor.py:829} INFO - Processing file /home/airflow/.local/lib/python3.8/site-packages/airflow/example_dags/tutorial_dag.py for tasks to queue
[2024-11-06T15:37:16.641+0000] {logging_mixin.py:154} INFO - [2024-11-06T15:37:16.640+0000] {dagbag.py:536} INFO - Filling up the DagBag from /home/airflow/.local/lib/python3.8/site-packages/airflow/example_dags/tutorial_dag.py
[2024-11-06T15:37:16.647+0000] {processor.py:839} INFO - DAG(s) dict_keys(['tutorial_dag']) retrieved from /home/airflow/.local/lib/python3.8/site-packages/airflow/example_dags/tutorial_dag.py
[2024-11-06T15:37:16.671+0000] {logging_mixin.py:154} INFO - [2024-11-06T15:37:16.671+0000] {dag.py:2941} INFO - Sync 1 DAGs
[2024-11-06T15:37:16.687+0000] {logging_mixin.py:154} INFO - [2024-11-06T15:37:16.687+0000] {dag.py:3722} INFO - Setting next_dagrun for tutorial_dag to None, run_after=None
[2024-11-06T15:37:16.718+0000] {processor.py:179} INFO - Processing /home/airflow/.local/lib/python3.8/site-packages/airflow/example_dags/tutorial_dag.py took 0.089 seconds
[2024-11-06T15:48:09.037+0000] {processor.py:157} INFO - Started process (PID=2751) to work on /home/airflow/.local/lib/python3.8/site-packages/airflow/example_dags/tutorial_dag.py
[2024-11-06T15:48:09.038+0000] {processor.py:829} INFO - Processing file /home/airflow/.local/lib/python3.8/site-packages/airflow/example_dags/tutorial_dag.py for tasks to queue
[2024-11-06T15:48:09.039+0000] {logging_mixin.py:154} INFO - [2024-11-06T15:48:09.039+0000] {dagbag.py:536} INFO - Filling up the DagBag from /home/airflow/.local/lib/python3.8/site-packages/airflow/example_dags/tutorial_dag.py
[2024-11-06T15:48:09.042+0000] {processor.py:839} INFO - DAG(s) dict_keys(['tutorial_dag']) retrieved from /home/airflow/.local/lib/python3.8/site-packages/airflow/example_dags/tutorial_dag.py
[2024-11-06T15:48:09.050+0000] {logging_mixin.py:154} INFO - [2024-11-06T15:48:09.050+0000] {dag.py:2941} INFO - Sync 1 DAGs
[2024-11-06T15:48:09.057+0000] {logging_mixin.py:154} INFO - [2024-11-06T15:48:09.057+0000] {dag.py:3722} INFO - Setting next_dagrun for tutorial_dag to None, run_after=None
[2024-11-06T15:48:09.068+0000] {processor.py:179} INFO - Processing /home/airflow/.local/lib/python3.8/site-packages/airflow/example_dags/tutorial_dag.py took 0.033 seconds
[2024-11-06T16:49:02.909+0000] {processor.py:157} INFO - Started process (PID=2805) to work on /home/airflow/.local/lib/python3.8/site-packages/airflow/example_dags/tutorial_dag.py
[2024-11-06T16:49:02.911+0000] {processor.py:829} INFO - Processing file /home/airflow/.local/lib/python3.8/site-packages/airflow/example_dags/tutorial_dag.py for tasks to queue
[2024-11-06T16:49:02.914+0000] {logging_mixin.py:154} INFO - [2024-11-06T16:49:02.914+0000] {dagbag.py:536} INFO - Filling up the DagBag from /home/airflow/.local/lib/python3.8/site-packages/airflow/example_dags/tutorial_dag.py
[2024-11-06T16:49:02.919+0000] {processor.py:839} INFO - DAG(s) dict_keys(['tutorial_dag']) retrieved from /home/airflow/.local/lib/python3.8/site-packages/airflow/example_dags/tutorial_dag.py
[2024-11-06T16:49:02.948+0000] {logging_mixin.py:154} INFO - [2024-11-06T16:49:02.948+0000] {dag.py:2941} INFO - Sync 1 DAGs
[2024-11-06T16:49:02.965+0000] {logging_mixin.py:154} INFO - [2024-11-06T16:49:02.965+0000] {dag.py:3722} INFO - Setting next_dagrun for tutorial_dag to None, run_after=None
[2024-11-06T16:49:02.999+0000] {processor.py:179} INFO - Processing /home/airflow/.local/lib/python3.8/site-packages/airflow/example_dags/tutorial_dag.py took 0.096 seconds
[2024-11-06T16:49:56.245+0000] {processor.py:157} INFO - Started process (PID=2859) to work on /home/airflow/.local/lib/python3.8/site-packages/airflow/example_dags/tutorial_dag.py
[2024-11-06T16:49:56.246+0000] {processor.py:829} INFO - Processing file /home/airflow/.local/lib/python3.8/site-packages/airflow/example_dags/tutorial_dag.py for tasks to queue
[2024-11-06T16:49:56.247+0000] {logging_mixin.py:154} INFO - [2024-11-06T16:49:56.247+0000] {dagbag.py:536} INFO - Filling up the DagBag from /home/airflow/.local/lib/python3.8/site-packages/airflow/example_dags/tutorial_dag.py
[2024-11-06T16:49:56.250+0000] {processor.py:839} INFO - DAG(s) dict_keys(['tutorial_dag']) retrieved from /home/airflow/.local/lib/python3.8/site-packages/airflow/example_dags/tutorial_dag.py
[2024-11-06T16:49:56.260+0000] {logging_mixin.py:154} INFO - [2024-11-06T16:49:56.260+0000] {dag.py:2941} INFO - Sync 1 DAGs
[2024-11-06T16:49:56.265+0000] {logging_mixin.py:154} INFO - [2024-11-06T16:49:56.265+0000] {dag.py:3722} INFO - Setting next_dagrun for tutorial_dag to None, run_after=None
[2024-11-06T16:49:56.275+0000] {processor.py:179} INFO - Processing /home/airflow/.local/lib/python3.8/site-packages/airflow/example_dags/tutorial_dag.py took 0.031 seconds
[2024-11-06T17:40:07.535+0000] {processor.py:157} INFO - Started process (PID=2913) to work on /home/airflow/.local/lib/python3.8/site-packages/airflow/example_dags/tutorial_dag.py
[2024-11-06T17:40:07.536+0000] {processor.py:829} INFO - Processing file /home/airflow/.local/lib/python3.8/site-packages/airflow/example_dags/tutorial_dag.py for tasks to queue
[2024-11-06T17:40:07.539+0000] {logging_mixin.py:154} INFO - [2024-11-06T17:40:07.539+0000] {dagbag.py:536} INFO - Filling up the DagBag from /home/airflow/.local/lib/python3.8/site-packages/airflow/example_dags/tutorial_dag.py
[2024-11-06T17:40:07.544+0000] {processor.py:839} INFO - DAG(s) dict_keys(['tutorial_dag']) retrieved from /home/airflow/.local/lib/python3.8/site-packages/airflow/example_dags/tutorial_dag.py
[2024-11-06T17:40:07.562+0000] {logging_mixin.py:154} INFO - [2024-11-06T17:40:07.562+0000] {dag.py:2941} INFO - Sync 1 DAGs
[2024-11-06T17:40:07.576+0000] {logging_mixin.py:154} INFO - [2024-11-06T17:40:07.576+0000] {dag.py:3722} INFO - Setting next_dagrun for tutorial_dag to None, run_after=None
[2024-11-06T17:40:07.603+0000] {processor.py:179} INFO - Processing /home/airflow/.local/lib/python3.8/site-packages/airflow/example_dags/tutorial_dag.py took 0.072 seconds
[2024-11-06T18:40:20.233+0000] {processor.py:157} INFO - Started process (PID=2967) to work on /home/airflow/.local/lib/python3.8/site-packages/airflow/example_dags/tutorial_dag.py
[2024-11-06T18:40:20.234+0000] {processor.py:829} INFO - Processing file /home/airflow/.local/lib/python3.8/site-packages/airflow/example_dags/tutorial_dag.py for tasks to queue
[2024-11-06T18:40:20.237+0000] {logging_mixin.py:154} INFO - [2024-11-06T18:40:20.236+0000] {dagbag.py:536} INFO - Filling up the DagBag from /home/airflow/.local/lib/python3.8/site-packages/airflow/example_dags/tutorial_dag.py
[2024-11-06T18:40:20.242+0000] {processor.py:839} INFO - DAG(s) dict_keys(['tutorial_dag']) retrieved from /home/airflow/.local/lib/python3.8/site-packages/airflow/example_dags/tutorial_dag.py
[2024-11-06T18:40:20.259+0000] {logging_mixin.py:154} INFO - [2024-11-06T18:40:20.259+0000] {dag.py:2941} INFO - Sync 1 DAGs
[2024-11-06T18:40:20.270+0000] {logging_mixin.py:154} INFO - [2024-11-06T18:40:20.269+0000] {dag.py:3722} INFO - Setting next_dagrun for tutorial_dag to None, run_after=None
[2024-11-06T18:40:20.288+0000] {processor.py:179} INFO - Processing /home/airflow/.local/lib/python3.8/site-packages/airflow/example_dags/tutorial_dag.py took 0.058 seconds
[2024-11-06T19:56:54.403+0000] {processor.py:157} INFO - Started process (PID=3021) to work on /home/airflow/.local/lib/python3.8/site-packages/airflow/example_dags/tutorial_dag.py
[2024-11-06T19:56:54.404+0000] {processor.py:829} INFO - Processing file /home/airflow/.local/lib/python3.8/site-packages/airflow/example_dags/tutorial_dag.py for tasks to queue
[2024-11-06T19:56:54.406+0000] {logging_mixin.py:154} INFO - [2024-11-06T19:56:54.406+0000] {dagbag.py:536} INFO - Filling up the DagBag from /home/airflow/.local/lib/python3.8/site-packages/airflow/example_dags/tutorial_dag.py
[2024-11-06T19:56:54.409+0000] {processor.py:839} INFO - DAG(s) dict_keys(['tutorial_dag']) retrieved from /home/airflow/.local/lib/python3.8/site-packages/airflow/example_dags/tutorial_dag.py
[2024-11-06T19:56:54.418+0000] {logging_mixin.py:154} INFO - [2024-11-06T19:56:54.418+0000] {dag.py:2941} INFO - Sync 1 DAGs
[2024-11-06T19:56:54.423+0000] {logging_mixin.py:154} INFO - [2024-11-06T19:56:54.423+0000] {dag.py:3722} INFO - Setting next_dagrun for tutorial_dag to None, run_after=None
[2024-11-06T19:56:54.432+0000] {processor.py:179} INFO - Processing /home/airflow/.local/lib/python3.8/site-packages/airflow/example_dags/tutorial_dag.py took 0.031 seconds
[2024-11-06T20:41:40.830+0000] {processor.py:157} INFO - Started process (PID=3075) to work on /home/airflow/.local/lib/python3.8/site-packages/airflow/example_dags/tutorial_dag.py
[2024-11-06T20:41:40.831+0000] {processor.py:829} INFO - Processing file /home/airflow/.local/lib/python3.8/site-packages/airflow/example_dags/tutorial_dag.py for tasks to queue
[2024-11-06T20:41:40.834+0000] {logging_mixin.py:154} INFO - [2024-11-06T20:41:40.834+0000] {dagbag.py:536} INFO - Filling up the DagBag from /home/airflow/.local/lib/python3.8/site-packages/airflow/example_dags/tutorial_dag.py
[2024-11-06T20:41:40.839+0000] {processor.py:839} INFO - DAG(s) dict_keys(['tutorial_dag']) retrieved from /home/airflow/.local/lib/python3.8/site-packages/airflow/example_dags/tutorial_dag.py
[2024-11-06T20:41:40.861+0000] {logging_mixin.py:154} INFO - [2024-11-06T20:41:40.861+0000] {dag.py:2941} INFO - Sync 1 DAGs
[2024-11-06T20:41:40.872+0000] {logging_mixin.py:154} INFO - [2024-11-06T20:41:40.872+0000] {dag.py:3722} INFO - Setting next_dagrun for tutorial_dag to None, run_after=None
[2024-11-06T20:41:40.895+0000] {processor.py:179} INFO - Processing /home/airflow/.local/lib/python3.8/site-packages/airflow/example_dags/tutorial_dag.py took 0.069 seconds
[2024-11-06T22:09:49.812+0000] {processor.py:157} INFO - Started process (PID=3129) to work on /home/airflow/.local/lib/python3.8/site-packages/airflow/example_dags/tutorial_dag.py
[2024-11-06T22:09:49.814+0000] {processor.py:829} INFO - Processing file /home/airflow/.local/lib/python3.8/site-packages/airflow/example_dags/tutorial_dag.py for tasks to queue
[2024-11-06T22:09:49.815+0000] {logging_mixin.py:154} INFO - [2024-11-06T22:09:49.815+0000] {dagbag.py:536} INFO - Filling up the DagBag from /home/airflow/.local/lib/python3.8/site-packages/airflow/example_dags/tutorial_dag.py
[2024-11-06T22:09:49.818+0000] {processor.py:839} INFO - DAG(s) dict_keys(['tutorial_dag']) retrieved from /home/airflow/.local/lib/python3.8/site-packages/airflow/example_dags/tutorial_dag.py
[2024-11-06T22:09:49.828+0000] {logging_mixin.py:154} INFO - [2024-11-06T22:09:49.828+0000] {dag.py:2941} INFO - Sync 1 DAGs
[2024-11-06T22:09:49.834+0000] {logging_mixin.py:154} INFO - [2024-11-06T22:09:49.834+0000] {dag.py:3722} INFO - Setting next_dagrun for tutorial_dag to None, run_after=None
[2024-11-06T22:09:49.848+0000] {processor.py:179} INFO - Processing /home/airflow/.local/lib/python3.8/site-packages/airflow/example_dags/tutorial_dag.py took 0.038 seconds
[2024-11-06T23:10:56.244+0000] {processor.py:157} INFO - Started process (PID=3183) to work on /home/airflow/.local/lib/python3.8/site-packages/airflow/example_dags/tutorial_dag.py
[2024-11-06T23:10:56.246+0000] {processor.py:829} INFO - Processing file /home/airflow/.local/lib/python3.8/site-packages/airflow/example_dags/tutorial_dag.py for tasks to queue
[2024-11-06T23:10:56.248+0000] {logging_mixin.py:154} INFO - [2024-11-06T23:10:56.247+0000] {dagbag.py:536} INFO - Filling up the DagBag from /home/airflow/.local/lib/python3.8/site-packages/airflow/example_dags/tutorial_dag.py
[2024-11-06T23:10:56.250+0000] {processor.py:839} INFO - DAG(s) dict_keys(['tutorial_dag']) retrieved from /home/airflow/.local/lib/python3.8/site-packages/airflow/example_dags/tutorial_dag.py
[2024-11-06T23:10:56.262+0000] {logging_mixin.py:154} INFO - [2024-11-06T23:10:56.262+0000] {dag.py:2941} INFO - Sync 1 DAGs
[2024-11-06T23:10:56.268+0000] {logging_mixin.py:154} INFO - [2024-11-06T23:10:56.268+0000] {dag.py:3722} INFO - Setting next_dagrun for tutorial_dag to None, run_after=None
[2024-11-06T23:10:56.280+0000] {processor.py:179} INFO - Processing /home/airflow/.local/lib/python3.8/site-packages/airflow/example_dags/tutorial_dag.py took 0.037 seconds
[2024-11-06T23:49:20.740+0000] {processor.py:157} INFO - Started process (PID=3237) to work on /home/airflow/.local/lib/python3.8/site-packages/airflow/example_dags/tutorial_dag.py
[2024-11-06T23:49:20.741+0000] {processor.py:829} INFO - Processing file /home/airflow/.local/lib/python3.8/site-packages/airflow/example_dags/tutorial_dag.py for tasks to queue
[2024-11-06T23:49:20.743+0000] {logging_mixin.py:154} INFO - [2024-11-06T23:49:20.743+0000] {dagbag.py:536} INFO - Filling up the DagBag from /home/airflow/.local/lib/python3.8/site-packages/airflow/example_dags/tutorial_dag.py
[2024-11-06T23:49:20.748+0000] {processor.py:839} INFO - DAG(s) dict_keys(['tutorial_dag']) retrieved from /home/airflow/.local/lib/python3.8/site-packages/airflow/example_dags/tutorial_dag.py
[2024-11-06T23:49:20.773+0000] {logging_mixin.py:154} INFO - [2024-11-06T23:49:20.773+0000] {dag.py:2941} INFO - Sync 1 DAGs
[2024-11-06T23:49:20.788+0000] {logging_mixin.py:154} INFO - [2024-11-06T23:49:20.788+0000] {dag.py:3722} INFO - Setting next_dagrun for tutorial_dag to None, run_after=None
[2024-11-06T23:49:20.818+0000] {processor.py:179} INFO - Processing /home/airflow/.local/lib/python3.8/site-packages/airflow/example_dags/tutorial_dag.py took 0.082 seconds
