[2024-11-07T09:17:46.291+0000] {taskinstance.py:1159} INFO - Dependencies all met for dep_context=non-requeueable deps ti=<TaskInstance: my_dag.is_inaccurate scheduled__2024-11-06T00:00:00+00:00 [queued]>
[2024-11-07T09:17:46.299+0000] {taskinstance.py:1159} INFO - Dependencies all met for dep_context=requeueable deps ti=<TaskInstance: my_dag.is_inaccurate scheduled__2024-11-06T00:00:00+00:00 [queued]>
[2024-11-07T09:17:46.300+0000] {taskinstance.py:1361} INFO - Starting attempt 1 of 1
[2024-11-07T09:17:46.315+0000] {taskinstance.py:1382} INFO - Executing <Task(BashOperator): is_inaccurate> on 2024-11-06 00:00:00+00:00
[2024-11-07T09:17:46.324+0000] {standard_task_runner.py:57} INFO - Started process 100 to run task
[2024-11-07T09:17:46.329+0000] {standard_task_runner.py:84} INFO - Running: ['***', 'tasks', 'run', 'my_dag', 'is_inaccurate', 'scheduled__2024-11-06T00:00:00+00:00', '--job-id', '3', '--raw', '--subdir', 'DAGS_FOLDER/my_dag.py', '--cfg-path', '/tmp/tmp0ieqw9dr']
[2024-11-07T09:17:46.342+0000] {standard_task_runner.py:85} INFO - Job 3: Subtask is_inaccurate
[2024-11-07T09:17:46.430+0000] {task_command.py:416} INFO - Running <TaskInstance: my_dag.is_inaccurate scheduled__2024-11-06T00:00:00+00:00 [running]> on host 4ab10cb9c868
[2024-11-07T09:17:46.509+0000] {taskinstance.py:1662} INFO - Exporting env vars: AIRFLOW_CTX_DAG_OWNER='***' AIRFLOW_CTX_DAG_ID='my_dag' AIRFLOW_CTX_TASK_ID='is_inaccurate' AIRFLOW_CTX_EXECUTION_DATE='2024-11-06T00:00:00+00:00' AIRFLOW_CTX_TRY_NUMBER='1' AIRFLOW_CTX_DAG_RUN_ID='scheduled__2024-11-06T00:00:00+00:00'
[2024-11-07T09:17:46.511+0000] {subprocess.py:63} INFO - Tmp dir root location: /tmp
[2024-11-07T09:17:46.512+0000] {subprocess.py:75} INFO - Running command: ['/bin/bash', '-c', " echo 'inaccurate'"]
[2024-11-07T09:17:46.523+0000] {subprocess.py:86} INFO - Output:
[2024-11-07T09:17:46.525+0000] {subprocess.py:93} INFO - inaccurate
[2024-11-07T09:17:46.526+0000] {subprocess.py:97} INFO - Command exited with return code 0
[2024-11-07T09:17:46.558+0000] {taskinstance.py:1400} INFO - Marking task as SUCCESS. dag_id=my_dag, task_id=is_inaccurate, execution_date=20241106T000000, start_date=20241107T091746, end_date=20241107T091746
[2024-11-07T09:17:46.595+0000] {local_task_job_runner.py:228} INFO - Task exited with return code 0
[2024-11-07T09:17:46.616+0000] {taskinstance.py:2778} INFO - 0 downstream tasks scheduled from follow-on schedule check
[2024-11-07T09:32:22.530+0000] {taskinstance.py:1159} INFO - Dependencies all met for dep_context=non-requeueable deps ti=<TaskInstance: my_dag.is_inaccurate scheduled__2024-11-06T00:00:00+00:00 [queued]>
[2024-11-07T09:32:22.536+0000] {taskinstance.py:1159} INFO - Dependencies all met for dep_context=requeueable deps ti=<TaskInstance: my_dag.is_inaccurate scheduled__2024-11-06T00:00:00+00:00 [queued]>
[2024-11-07T09:32:22.537+0000] {taskinstance.py:1361} INFO - Starting attempt 1 of 1
[2024-11-07T09:32:22.546+0000] {taskinstance.py:1382} INFO - Executing <Task(BashOperator): is_inaccurate> on 2024-11-06 00:00:00+00:00
[2024-11-07T09:32:22.554+0000] {standard_task_runner.py:57} INFO - Started process 86 to run task
[2024-11-07T09:32:22.559+0000] {standard_task_runner.py:84} INFO - Running: ['***', 'tasks', 'run', 'my_dag', 'is_inaccurate', 'scheduled__2024-11-06T00:00:00+00:00', '--job-id', '5', '--raw', '--subdir', 'DAGS_FOLDER/my_dag.py', '--cfg-path', '/tmp/tmpgi3_f1ck']
[2024-11-07T09:32:22.562+0000] {standard_task_runner.py:85} INFO - Job 5: Subtask is_inaccurate
[2024-11-07T09:32:22.611+0000] {task_command.py:416} INFO - Running <TaskInstance: my_dag.is_inaccurate scheduled__2024-11-06T00:00:00+00:00 [running]> on host 4349ad77df92
[2024-11-07T09:32:22.660+0000] {taskinstance.py:1662} INFO - Exporting env vars: AIRFLOW_CTX_DAG_OWNER='***' AIRFLOW_CTX_DAG_ID='my_dag' AIRFLOW_CTX_TASK_ID='is_inaccurate' AIRFLOW_CTX_EXECUTION_DATE='2024-11-06T00:00:00+00:00' AIRFLOW_CTX_TRY_NUMBER='1' AIRFLOW_CTX_DAG_RUN_ID='scheduled__2024-11-06T00:00:00+00:00'
[2024-11-07T09:32:22.662+0000] {subprocess.py:63} INFO - Tmp dir root location: /tmp
[2024-11-07T09:32:22.663+0000] {subprocess.py:75} INFO - Running command: ['/bin/bash', '-c', " echo 'inaccurate'"]
[2024-11-07T09:32:22.671+0000] {subprocess.py:86} INFO - Output:
[2024-11-07T09:32:22.672+0000] {subprocess.py:93} INFO - inaccurate
[2024-11-07T09:32:22.674+0000] {subprocess.py:97} INFO - Command exited with return code 0
[2024-11-07T09:32:22.693+0000] {taskinstance.py:1400} INFO - Marking task as SUCCESS. dag_id=my_dag, task_id=is_inaccurate, execution_date=20241106T000000, start_date=20241107T093222, end_date=20241107T093222
[2024-11-07T09:32:22.738+0000] {local_task_job_runner.py:228} INFO - Task exited with return code 0
[2024-11-07T09:32:22.747+0000] {taskinstance.py:2778} INFO - 0 downstream tasks scheduled from follow-on schedule check
